number,value,params_alpha,params_colsample_bytree,params_device,params_eval_metric,params_lambda,params_learning_rate,params_max_depth,params_min_child_weight,params_objective,params_subsample,params_tree_method,state
633,0.288272250736809,2.8559203129863886,0.5017729693725956,cuda,logloss,0.02760779214898553,0.013489315346331363,8,287,binary:logistic,0.4806619175386274,hist,COMPLETE
634,0.2889080989853089,3.390713189946508,0.534895294487304,cuda,logloss,0.028109229827259042,0.012073185136918813,8,284,binary:logistic,0.49406453017827573,hist,COMPLETE
635,0.28849107327284945,2.473447996768053,0.519469998871403,cuda,logloss,0.04017661182334919,0.010783696846669268,9,294,binary:logistic,0.5120408109292163,hist,COMPLETE
636,0.28874630375450067,2.975713161125672,0.5434866299629735,cuda,logloss,0.05951563909758594,0.01313477273722044,8,282,binary:logistic,0.4627484020982482,hist,COMPLETE
637,0.28846622449471876,1.9720624109101126,0.5252914234529228,cuda,logloss,0.024005727882983163,0.012230760788238888,9,300,binary:logistic,0.47371576757536266,hist,COMPLETE
638,0.28861270373618614,3.945843241920541,0.5077797980571982,cuda,logloss,0.032350523980489494,0.011140441046078538,8,278,binary:logistic,0.4622647133882906,hist,COMPLETE
639,0.28693783664588385,2.4257638513745103,0.5440862872766465,cuda,logloss,0.04658602722130726,0.013480978885141003,10,280,binary:logistic,0.4844760446183721,hist,COMPLETE
640,0.2697171612869673,3.2559023130568496,0.4932052235885598,cuda,logloss,0.026404023537564696,0.04704021191679486,8,289,binary:logistic,0.46380835539064674,hist,COMPLETE
641,0.2885858043065439,5.387424740744476,0.5370210280916439,cuda,logloss,0.021347837744226147,0.00921335681276677,8,276,binary:logistic,0.49873084810309837,hist,COMPLETE
642,0.28868847930410535,1.9026799332331015,0.514623635363771,cuda,logloss,0.03352837006369331,0.010260053331014405,8,288,binary:logistic,0.4757967642834601,hist,COMPLETE
643,0.28830612000253236,2.537043480252786,0.5441367219096097,cuda,logloss,0.03006895464478728,0.011978742869282142,9,280,binary:logistic,0.4591874817894363,hist,COMPLETE
644,0.2890412834722165,2.3029447821140074,0.5284301588050958,cuda,logloss,0.019735173523333104,0.01286592908402717,7,275,binary:logistic,0.4857291369302661,hist,COMPLETE
645,0.2889671513832545,1.8262669251231123,0.5265437774386666,cuda,logloss,0.02078445625942741,0.013593191025152976,7,283,binary:logistic,0.48790986841639933,hist,COMPLETE
646,0.2887355856161582,1.8748942676571778,0.527835379705574,cuda,logloss,0.021916152232412327,0.013494787633321311,7,293,binary:logistic,0.4883361160943909,hist,COMPLETE
647,0.26699053196305944,1.783903816235195,0.5075969332812572,cuda,logloss,0.018868293022458453,0.0013582872765295951,7,286,binary:logistic,0.4845870177581536,hist,COMPLETE
648,0.28842052873898916,2.236027432505828,0.5295867796265249,cuda,logloss,0.041455884678317026,0.013575549798841718,7,284,binary:logistic,0.5122279349898184,hist,COMPLETE
649,0.2890504835143865,2.112109718108541,0.4954862641668418,cuda,logloss,0.05146911485727606,0.013414013874406137,7,274,binary:logistic,0.4689673237533526,hist,COMPLETE
650,0.2890184967586459,1.7520195782991375,0.4851800312743637,cuda,logloss,0.05204603512600749,0.013339333152097524,7,275,binary:logistic,0.4738026001406058,hist,COMPLETE
651,0.28908526260903195,1.6995202135207939,0.4902906251409664,cuda,logloss,0.051219276931355154,0.012672830500043293,7,276,binary:logistic,0.47351165179260235,hist,COMPLETE
652,0.288597779005431,1.7412014673301959,0.4710506601433541,cuda,logloss,0.06343861507355453,0.012663921708582057,7,275,binary:logistic,0.47753901888251776,hist,COMPLETE
653,0.2886045149543956,2.057292971155571,0.49110633378222446,cuda,logloss,0.056742869399633744,0.012704686767987413,7,279,binary:logistic,0.48610283790811853,hist,COMPLETE
654,0.2821994008437052,1.6501261962822933,0.4738586891306129,cuda,logloss,0.0792387012354625,0.005048236437265018,7,274,binary:logistic,0.4742160568359281,hist,COMPLETE
655,0.288639290191109,2.3829332220370074,0.4903052135650301,cuda,logloss,0.04944271274110474,0.012390830246081976,7,284,binary:logistic,0.5010768146860078,hist,COMPLETE
656,0.2889063735253006,1.811169723392599,0.49581193091363784,cuda,logloss,0.04356724427430569,0.013344176613364664,7,292,binary:logistic,0.4716347497533103,hist,COMPLETE
657,0.28829910274603904,2.171547985252199,0.49246603952882534,cuda,logloss,0.0729417332295107,0.011287311506896183,7,276,binary:logistic,0.4846920096148364,hist,COMPLETE
658,0.2886959694787413,1.6720949702966148,0.4748048826889368,cuda,logloss,0.038789929568325276,0.012287767727515223,7,282,binary:logistic,0.469834528854889,hist,COMPLETE
659,0.28878707357427996,2.3570755963300627,0.50267461955554,cuda,logloss,0.052841675781199186,0.013616185122193616,7,272,binary:logistic,0.49174118347458234,hist,COMPLETE
660,0.2884590022855974,2.005459872860617,0.48109002449528915,cuda,logloss,0.047341537609872704,0.011568457520017407,7,288,binary:logistic,0.4777145420488839,hist,COMPLETE
661,0.28905100642489584,2.5859699248191124,0.48189355102549086,cuda,logloss,0.036780540209261,0.013574160747223465,7,296,binary:logistic,0.4669390997707654,hist,COMPLETE
662,0.2885909916173755,1.6527159787918209,0.478268773613244,cuda,logloss,0.06445049482095142,0.013678300318528288,7,299,binary:logistic,0.5033996356902664,hist,COMPLETE
663,0.28902675385797916,2.3178823023541217,0.46029909942892266,cuda,logloss,0.0317067912379495,0.013930646811088914,7,297,binary:logistic,0.4913731204914679,hist,COMPLETE
664,0.2856802727176379,2.4522105839663215,0.4540919517121518,cuda,logloss,0.05181511023791403,0.013921568615273262,12,297,binary:logistic,0.46378481778411884,hist,COMPLETE
665,0.28854535324838165,2.120065120874807,0.46448306894821983,cuda,logloss,0.032847193256824565,0.012597426755770465,7,300,binary:logistic,0.5181735254992458,hist,COMPLETE
666,0.28843531458419863,2.6621878399688383,0.46281111528833835,cuda,logloss,0.08875442635243187,0.01373998143243086,7,295,binary:logistic,0.49581732556780406,hist,COMPLETE
667,0.28696423695559614,2.220454037467995,0.48470697655042216,cuda,logloss,0.03620844492902134,0.010499708489587024,13,293,binary:logistic,0.477074344364682,hist,COMPLETE
668,0.28883926190777504,3.6075105019955216,0.4777655971156869,cuda,logloss,0.02911788453647522,0.012534836597223091,7,290,binary:logistic,0.4640733846131171,hist,COMPLETE
669,0.2883569006731532,2.782827788480551,0.45958633761856743,cuda,logloss,0.04090654291308876,0.01130371064836328,7,300,binary:logistic,0.4859117267821993,hist,COMPLETE
670,0.2886136134043608,1.9424642998142807,0.48689266292013134,cuda,logloss,0.027412707816189742,0.014009364710890688,7,272,binary:logistic,0.5044657587931907,hist,COMPLETE
671,0.28839670842118387,0.013432583120050749,0.4994336484817356,cuda,logloss,0.05038503938261121,0.012895290734421194,8,275,binary:logistic,0.47416328561527504,hist,COMPLETE
672,0.28807833291891055,1.5992041817138758,0.47720946765382277,cuda,logloss,0.033792293871271015,0.010073874992136448,7,293,binary:logistic,0.4640385022829868,hist,COMPLETE
673,0.2883463505155922,2.4541791867714715,0.5034393477731179,cuda,logloss,0.025580492638380345,0.012263851231337615,8,270,binary:logistic,0.4905810806521374,hist,COMPLETE
674,0.2889854727014861,4.4053669332519805,0.4462488937577317,cuda,logloss,0.04288568134670301,0.01414291754336644,7,288,binary:logistic,0.45973924372549607,hist,COMPLETE
675,0.28846813674292626,5.835650887596803,0.43992433758285177,cuda,logloss,0.05902209834865226,0.014393792160592351,8,289,binary:logistic,0.457598382618511,hist,COMPLETE
676,0.289065211812113,4.460263759512838,0.450586205686446,cuda,logloss,0.04520918472107364,0.014060867929289964,7,295,binary:logistic,0.4592161652861281,hist,COMPLETE
677,0.2892432206443997,4.3647618839695035,0.47571589745193943,cuda,logloss,0.04086211630676713,0.014204344879292195,7,295,binary:logistic,0.45886158197381693,hist,COMPLETE
678,0.28888951452397726,2.9236023447592765,0.44539361705269176,cuda,logloss,0.03685385482679476,0.014166843578290149,7,296,binary:logistic,0.4592385584349022,hist,COMPLETE
679,0.28892593291815344,5.250652673520655,0.4619968624261183,cuda,logloss,0.066306395363754,0.01379873509913572,7,300,binary:logistic,0.46079213090845456,hist,COMPLETE
680,0.2887531750525735,3.9182158709738175,0.4320938775286695,cuda,logloss,0.052262863053317794,0.014568716274815478,7,291,binary:logistic,0.469572217236353,hist,COMPLETE
681,0.28888980274363396,3.3876154183774774,0.4526286817394084,cuda,logloss,0.019661345019858466,0.013216190015576178,7,295,binary:logistic,0.4559417255948785,hist,COMPLETE
682,0.2883918569111681,6.762927015266864,0.4669171491575687,cuda,logloss,0.03298575959400313,0.011254131439456885,7,293,binary:logistic,0.4746040286186256,hist,COMPLETE
683,0.2888946873675646,1.5475267272763444,0.471187714348209,cuda,logloss,0.0435091387164374,0.012637517503328274,7,296,binary:logistic,0.4536615004643775,hist,COMPLETE
684,0.2891743396828913,1.9436200858382646,0.4898928256695352,cuda,logloss,0.02413977858386977,0.013489210278082165,7,279,binary:logistic,0.4697906263175005,hist,COMPLETE
685,0.26696445620186166,1.8736558885918877,0.481919264687241,cuda,logloss,0.024586557118555296,0.06427010985777826,7,284,binary:logistic,0.49520003178969013,hist,COMPLETE
686,0.2889729448716239,2.04409194239309,0.45455312371005696,cuda,logloss,0.034093928319057706,0.014468300521955883,7,282,binary:logistic,0.478979661156197,hist,COMPLETE
687,0.28693938094384336,1.5057190717274456,0.4860234747292088,cuda,logloss,0.027429978128193148,0.014331115474504245,7,280,binary:logistic,0.9552314374410646,hist,COMPLETE
688,0.2882696701019131,1.8694080036656464,0.4673948919201746,cuda,logloss,0.0375725691757306,0.013475113169858556,8,290,binary:logistic,0.5139484181068693,hist,COMPLETE
689,0.28835948452299226,1.5999864484279256,0.4962473384192043,cuda,logloss,0.0536368062167889,0.010735872390187409,7,277,binary:logistic,0.4705727983006779,hist,COMPLETE
690,0.2889355751757588,2.330512867566793,0.48260465572369815,cuda,logloss,0.0305146460718814,0.014564519718489627,7,295,binary:logistic,0.4832230545587134,hist,COMPLETE
691,0.2885303163161093,2.1575767031548123,0.4747911754626765,cuda,logloss,0.09639743293709845,0.011648087853008431,8,289,binary:logistic,0.49575180349504705,hist,COMPLETE
692,0.2886960521027814,3.3267995060916453,0.4920348235954768,cuda,logloss,0.042308595362838555,0.012579608818306331,8,280,binary:logistic,0.47119238391887913,hist,COMPLETE
693,0.288732168453045,4.640866768233689,0.4246642475629102,cuda,logloss,0.06969470404601717,0.01336180128689421,7,299,binary:logistic,0.464148853938632,hist,COMPLETE
694,0.2885133706720671,1.4765452257676963,0.5046710707504629,cuda,logloss,0.02447217571693994,0.014922718861273805,7,268,binary:logistic,0.4828295375606378,hist,COMPLETE
695,0.28832480589532145,2.711583990011095,0.45661155173974066,cuda,logloss,0.01822491981726897,0.01158811371934944,8,286,binary:logistic,0.5073740413885784,hist,COMPLETE
696,0.2884916072749127,0.003807280965966548,0.4940643141944616,cuda,logloss,0.03033527362255259,0.009755008157007862,8,277,binary:logistic,0.45233376396777863,hist,COMPLETE
697,0.28884593066442693,1.8067140417548868,0.4427666519633623,cuda,logloss,0.04633400332023677,0.012557531431135817,7,276,binary:logistic,0.4679092068847551,hist,COMPLETE
698,0.2879718171894713,2.140310125087363,0.5070891557208569,cuda,logloss,0.03797111223642626,0.008581860374144837,8,291,binary:logistic,0.48739280106218624,hist,COMPLETE
699,0.28653197610961695,2.5437867187487493,0.4679325073749887,cuda,logloss,0.057868180611381125,0.010618249076617986,17,300,binary:logistic,0.45697822541193817,hist,COMPLETE
700,0.2887526355851066,3.248455820528657,0.5092822787416572,cuda,logloss,0.02290474936248875,0.013891978821787894,7,269,binary:logistic,0.47606802728624664,hist,COMPLETE
701,0.2884253374902605,1.8783961056154532,0.4798077412293971,cuda,logloss,0.03547259190698585,0.01162983619743939,8,282,binary:logistic,0.4970345701224249,hist,COMPLETE
702,0.2887188566592867,3.901781259834779,0.48940353665612124,cuda,logloss,0.02397655033266872,0.014596625451633274,7,287,binary:logistic,0.45394170945951484,hist,COMPLETE
703,0.28735288806173226,1.4331447587871795,0.5066230986762571,cuda,logloss,0.018638334340661946,0.012970148671539724,7,119,binary:logistic,0.46857783750130966,hist,COMPLETE
704,0.28884302114084304,2.2337770183922094,0.4652961134197672,cuda,logloss,0.029521934298029053,0.012138105326051526,7,276,binary:logistic,0.48185187528424656,hist,COMPLETE
705,0.28717179915312563,2.96370749183528,0.4895157968100955,cuda,logloss,0.0483821677620806,0.014938151563180584,8,268,binary:logistic,0.5284892854615858,hist,COMPLETE
706,0.28838753940321565,1.7143677610133305,0.5151394949978776,cuda,logloss,0.03546902972881204,0.01111053223678797,7,293,binary:logistic,0.5474538631623946,hist,COMPLETE
707,0.2889440568388735,2.4377131425357406,0.4986405886064527,cuda,logloss,0.026936384154719203,0.013539168658353055,7,273,binary:logistic,0.4619292793504677,hist,COMPLETE
708,0.2874226532933642,4.694285913881313,0.45246924238758257,cuda,logloss,0.07408786003429724,0.009974272058832407,8,282,binary:logistic,0.8915888942417171,hist,COMPLETE
709,0.2886170730047238,1.845618854933265,0.48465300530189553,cuda,logloss,0.03916080725117631,0.012539898115689972,8,268,binary:logistic,0.504808018284174,hist,COMPLETE
710,0.2741721821650606,2.5990638571446714,0.5136300038726554,cuda,logloss,0.01941658804836515,0.011410285694492605,16,135,binary:logistic,0.837647870406498,hist,COMPLETE
711,0.28861683043726044,3.5552796973558856,0.47172158872330017,cuda,logloss,0.05123758816310392,0.015091369288229796,7,288,binary:logistic,0.4914070932083464,hist,COMPLETE
712,0.28388664369705724,2.0097548482792993,0.49929301220654265,cuda,logloss,0.022716627781975335,0.013470595762239324,15,278,binary:logistic,0.47598293772752387,hist,COMPLETE
713,0.2886055545062749,1.4664263177207544,0.5114201960962377,cuda,logloss,0.11633236804504692,0.010621897579837287,7,295,binary:logistic,0.4509228095586493,hist,COMPLETE
714,0.2889444697983258,2.1780324618909765,0.4778597064341222,cuda,logloss,0.030317470277169627,0.012499257003036546,7,284,binary:logistic,0.4651031470262041,hist,COMPLETE
715,0.2882168080770733,2.8477425894412223,0.42935827852017,cuda,logloss,0.042360857142745685,0.013858079593457836,8,272,binary:logistic,0.4803391007183394,hist,COMPLETE
716,0.2886482399499518,1.5709344946465764,0.5192174959027571,cuda,logloss,0.057142697038224714,0.01520986224402772,7,280,binary:logistic,0.4508690766209778,hist,COMPLETE
717,0.28807973527712855,2.8446081090149007,0.4550080870999263,cuda,logloss,0.026780306041448827,0.009157578112131505,8,294,binary:logistic,0.5184857520041911,hist,COMPLETE
718,0.28895956540331147,3.587139431150519,0.5025577601374789,cuda,logloss,0.018217280901881603,0.012038413601506566,7,300,binary:logistic,0.4679475921533223,hist,COMPLETE
719,0.2881772565600147,2.206028329327046,0.49278993516838654,cuda,logloss,0.03250668297428216,0.01100491855898781,7,266,binary:logistic,0.490985835495657,hist,COMPLETE
720,0.2663556316405581,1.85998335835111,0.7579952071312066,cuda,logloss,0.03861743828989029,0.0016244605702101513,7,274,binary:logistic,0.4555998602750606,hist,COMPLETE
721,0.28866110615258467,1.3329131387208002,0.5214520722739522,cuda,logloss,0.020763147540583088,0.013247112739762755,8,287,binary:logistic,0.47516278502443243,hist,COMPLETE
722,0.2888989648494743,2.528105887608798,0.4808325716845244,cuda,logloss,0.04504448704057766,0.014430820523020917,7,266,binary:logistic,0.486909259720941,hist,COMPLETE
723,0.28850700283409747,5.545085170799245,0.4374631633282816,cuda,logloss,0.025848014531237157,0.011927770026933458,8,281,binary:logistic,0.4608806044381011,hist,COMPLETE
724,0.288558974801916,3.1741863954863465,0.5168483645559058,cuda,logloss,0.0171024308948381,0.010110774514218619,8,271,binary:logistic,0.49990527983443367,hist,COMPLETE
725,0.28882438636565055,4.2028671859963875,0.46672094138674564,cuda,logloss,0.032377044645064176,0.0131513248940167,7,286,binary:logistic,0.44807849860311627,hist,COMPLETE
726,0.2875506107648921,1.6704223382780985,0.5396153055497918,cuda,logloss,0.0647229753065903,0.01543550259205291,8,292,binary:logistic,0.47170589961229764,hist,COMPLETE
727,0.28613171600438136,2.0864035367731257,0.8235467852262339,cuda,logloss,0.022651093383100507,0.0118054996614977,7,86,binary:logistic,0.4789671237630955,hist,COMPLETE
728,0.2889077829563936,2.6783001473848262,0.4945023065241451,cuda,logloss,0.047169492497683554,0.014057892361358392,7,276,binary:logistic,0.46168687058241836,hist,COMPLETE
729,0.2887541160664441,1.4533182099406399,0.5253454457762227,cuda,logloss,0.0371004885540519,0.010715636949495065,8,268,binary:logistic,0.45001778227194755,hist,COMPLETE
730,0.28879993913392393,2.237591326771619,0.5087535131532349,cuda,logloss,0.027840923624085013,0.01267676851993657,7,300,binary:logistic,0.4887805294187838,hist,COMPLETE
731,0.2844081158407738,1.6766228419434648,0.5437908595043435,cuda,logloss,0.056003750010645836,0.015120897205908021,11,280,binary:logistic,0.5093854176581502,hist,COMPLETE
732,0.2890097146590903,3.1422611685348127,0.47770214552148793,cuda,logloss,0.041629030098649045,0.013041527298878794,7,288,binary:logistic,0.467361204242151,hist,COMPLETE
733,0.2876501711254942,3.5425028969780263,0.4556135423602505,cuda,logloss,0.0460195333983277,0.013982732678905112,9,290,binary:logistic,0.4578111802057747,hist,COMPLETE
734,0.2883602356944679,3.930368297579574,0.4763288521959703,cuda,logloss,0.04110761946493041,0.00959807986181712,8,294,binary:logistic,0.48062926084624985,hist,COMPLETE
735,0.2886199378405975,4.758897072486857,0.47636899697726964,cuda,logloss,0.07194903049820123,0.011534670321667086,7,288,binary:logistic,0.49673380326133804,hist,COMPLETE
736,0.28234363251839073,3.0786000919595313,0.443899539335756,cuda,logloss,0.060467044494617275,0.015655561004978884,15,283,binary:logistic,0.4687380179254232,hist,COMPLETE
737,0.28882680995057175,1.9186373953322118,0.4590253069109783,cuda,logloss,0.03491774719351166,0.012970536050864042,7,293,binary:logistic,0.4474237075677812,hist,COMPLETE
738,0.28842791555320185,3.2272449020810003,0.4939385597946332,cuda,logloss,0.05226070675211897,0.010963590062525824,9,287,binary:logistic,0.480394807360751,hist,COMPLETE
739,0.28884193706200045,6.274611389599648,0.4704649407895188,cuda,logloss,0.03852325702844486,0.014146983251229624,8,300,binary:logistic,0.45896267208301245,hist,COMPLETE
740,0.28919841478494407,2.405990136089954,0.48545682878938873,cuda,logloss,0.04519860377361463,0.012105044579018273,7,279,binary:logistic,0.4471222879080348,hist,COMPLETE
741,0.24677511966514454,2.480750109890169,0.4828252693882727,cuda,logloss,0.04650790663877724,0.08283962438029739,8,280,binary:logistic,0.47073283323105897,hist,COMPLETE
742,0.28879835673888765,3.088518236583612,0.4638249621054964,cuda,logloss,0.059393540317500826,0.012073710884638782,7,284,binary:logistic,0.49149745594266114,hist,COMPLETE
743,0.2867686750157522,4.171467056572393,0.49537939021584615,cuda,logloss,0.04235750316784126,0.01340868678233281,8,102,binary:logistic,0.4454340256562317,hist,COMPLETE
744,0.2886906437646057,2.3198650179460674,0.4785995394772779,cuda,logloss,0.03067058049401208,0.01522362131496606,7,276,binary:logistic,0.504735932184421,hist,COMPLETE
745,0.2869448580818033,2.9171617838966735,0.48948793272725943,cuda,logloss,0.05261647878004765,0.010947667860372538,7,51,binary:logistic,0.46098315414563645,hist,COMPLETE
746,0.2871416003880382,2.0975060988029757,0.4469876407001811,cuda,logloss,0.03573062822496895,0.008644680609485391,7,294,binary:logistic,0.47422555784402426,hist,COMPLETE
747,0.28867193809991587,3.4904411348419107,0.5035913670336974,cuda,logloss,0.044442787933470874,0.012549146479610666,8,287,binary:logistic,0.482918563442155,hist,COMPLETE
748,0.2878733306198935,0.15735303313568735,0.4650980610782532,cuda,logloss,0.08464821562883512,0.010145271863158955,7,281,binary:logistic,0.45433937856347456,hist,COMPLETE
749,0.2875231628659423,2.5915597384389164,0.4877095738541874,cuda,logloss,0.03185091600248315,0.014230265451312596,8,274,binary:logistic,0.5226914439036708,hist,COMPLETE
750,0.28854597051747344,1.9450301396989684,0.5065877921473393,cuda,logloss,0.0726610217064622,0.011946300357146163,7,290,binary:logistic,0.49329190311237764,hist,COMPLETE
751,0.28673475415019056,2.435415571996648,0.47293729553808045,cuda,logloss,0.046992017986082005,0.015658530404014093,9,276,binary:logistic,0.4667306409986352,hist,COMPLETE
752,0.2730181765400168,4.911469146038967,0.4843999128021264,cuda,logloss,0.039451904088250826,0.002571028246520684,7,284,binary:logistic,0.4767719047308011,hist,COMPLETE
753,0.28805071093078716,3.650547108376952,0.45141193769428034,cuda,logloss,0.02843785908788493,0.013347682622442621,8,273,binary:logistic,0.44445010189816625,hist,COMPLETE
754,0.2886899494976246,2.9096720887495984,0.5008799508428928,cuda,logloss,0.06300049611146162,0.011320560430914213,7,295,binary:logistic,0.4630402610428967,hist,COMPLETE
755,0.285530602805805,1.7924017765083786,0.5267490282473974,cuda,logloss,0.032980261960644366,0.0067031750890159305,7,280,binary:logistic,0.5060351002570567,hist,COMPLETE
756,0.28252987048000494,2.3448057327209573,0.5129498457442788,cuda,logloss,0.051999132513244825,0.014112880786213507,18,289,binary:logistic,0.48673126784614934,hist,COMPLETE
757,0.2847831169411282,4.0827506319343065,0.4666241645145369,cuda,logloss,0.02629201778045657,0.012566537217988102,22,273,binary:logistic,0.45382667035795204,hist,COMPLETE
758,0.2888161977446072,8.092861026513228,0.4951667443115078,cuda,logloss,0.03750922541281467,0.009667818781533475,8,267,binary:logistic,0.4706485492959524,hist,COMPLETE
759,0.2879454787674152,2.0962856978484483,0.42293942653439975,cuda,logloss,0.04139883100956504,0.011429497351369762,10,282,binary:logistic,0.4793922772491496,hist,COMPLETE
