number,value,params_alpha,params_colsample_bytree,params_eval_metric,params_lambda,params_learning_rate,params_max_depth,params_min_child_weight,params_objective,params_subsample,params_tree_method,state
128,0.28117663402195253,0.3379824433666705,0.5909295051822453,logloss,6.807715614952788,0.00866162837500749,8,152,binary:logistic,0.9717230154330097,gpu_hist,COMPLETE
129,0.28053577174805866,0.5036702234421591,0.5704237454868308,logloss,5.627452461236199,0.014955002936661002,9,136,binary:logistic,0.9863680593651156,gpu_hist,COMPLETE
130,0.271314553390382,0.6694442388415682,0.8866781997603771,logloss,8.51414446407265,0.022843187963807163,10,131,binary:logistic,0.9250837774486308,gpu_hist,COMPLETE
131,0.28076125564638177,1.4022246210350824,0.6722035411631118,logloss,5.77830106385687,0.016477321154510612,7,138,binary:logistic,0.9621242988001194,gpu_hist,COMPLETE
132,0.281557403051878,0.6184399046352809,0.6475103371762964,logloss,6.580921027991829,0.012518571851339992,7,143,binary:logistic,0.9448177139748619,gpu_hist,COMPLETE
133,0.2814356817663964,1.174924853317197,0.6428427553087207,logloss,7.087659825856782,0.012239503122901256,8,146,binary:logistic,0.9462689554037137,gpu_hist,COMPLETE
134,0.2809804413102553,0.6252009587357438,0.6010457453520536,logloss,4.574049848226024,0.00938852293027281,7,160,binary:logistic,0.9290962145888273,gpu_hist,COMPLETE
135,0.280275005937976,0.4542336869602114,0.6286971769380018,logloss,9.473108033189844,0.010632213774747731,6,177,binary:logistic,0.9988408990777808,gpu_hist,COMPLETE
136,0.2804884164386561,0.3993814946721711,0.6536250933063669,logloss,3.435826203904362,0.013635087960881108,5,123,binary:logistic,0.9094301851397177,gpu_hist,COMPLETE
137,0.2813581582338667,0.6183040198139523,0.6083101585918138,logloss,4.699468289863143,0.014687262558339732,7,116,binary:logistic,0.9491308833564718,gpu_hist,COMPLETE
138,0.28089070340482375,0.30848216492421243,0.6911948364249212,logloss,7.134486196196732,0.010169311788102207,6,131,binary:logistic,0.9783991371377382,gpu_hist,COMPLETE
139,0.28106767236373686,0.006497619384125862,0.6258111063689358,logloss,5.413975139492009,0.012117881498531132,8,65,binary:logistic,0.93699314066673,gpu_hist,COMPLETE
140,0.2799191888858574,0.014500611332318739,0.5843308817823838,logloss,9.999769248010443,0.007721404390599708,8,142,binary:logistic,0.924529449298229,gpu_hist,COMPLETE
141,0.2810899978937075,1.9096858749003,0.6736663017074089,logloss,5.980187644241881,0.01678804816636512,7,142,binary:logistic,0.9618204033416173,gpu_hist,COMPLETE
142,0.28070075121934607,0.9008076822377533,0.6483573390714512,logloss,6.410658792221775,0.018888795601389365,7,151,binary:logistic,0.9568081617043581,gpu_hist,COMPLETE
143,0.27962611177151925,0.7429938952000901,0.6072834635779714,logloss,4.1005524119103764,0.012526874027061907,6,127,binary:logistic,0.45562428400804816,gpu_hist,COMPLETE
144,0.2806018290249664,1.104328514745464,0.6580218092844102,logloss,7.646665309945019,0.014987630490825814,9,144,binary:logistic,0.9700499893221902,gpu_hist,COMPLETE
145,0.2816632483049156,0.22823681700243134,0.6370266371506954,logloss,5.091117236814524,0.011107206537405311,8,138,binary:logistic,0.9100036298563317,gpu_hist,COMPLETE
146,0.2815483595774412,0.2430827542311141,0.6369929986587244,logloss,0.026981209202430093,0.009154659302840162,8,134,binary:logistic,0.9191294542239468,gpu_hist,COMPLETE
147,0.28144157620398175,0.22448295609787414,0.6313373580271372,logloss,0.00971957332830767,0.008713979358373734,9,155,binary:logistic,0.9074799369276838,gpu_hist,COMPLETE
148,0.28185351587632,0.12392985701782941,0.5919786799794351,logloss,0.04021935011385344,0.00931991944149677,8,134,binary:logistic,0.9149048496138336,gpu_hist,COMPLETE
149,0.2815326049091026,0.16561843978084756,0.5751282883025327,logloss,0.03371748759827595,0.009485775337753497,8,114,binary:logistic,0.9183814789785898,gpu_hist,COMPLETE
150,0.2724388199872142,0.13545727408189512,0.5471423441806172,logloss,0.026222700773994967,0.006078539215229408,5,123,binary:logistic,0.8892079345687888,gpu_hist,COMPLETE
151,0.2818834101862877,0.26410227247301193,0.5951126807632354,logloss,0.01918389662028655,0.01102799928155973,8,134,binary:logistic,0.9422381683816489,gpu_hist,COMPLETE
152,0.282082833433646,0.23303245048392487,0.5908825877205581,logloss,0.019491307234673853,0.010888507556362797,8,130,binary:logistic,0.9430117188563832,gpu_hist,COMPLETE
153,0.28085622699707957,0.21498786681128132,0.5624045507620465,logloss,0.020236377132981168,0.008255734010099295,9,133,binary:logistic,0.9400629712657067,gpu_hist,COMPLETE
154,0.28022357665256725,0.10348699133136818,0.6390822970482016,logloss,0.025529806344192954,0.007148644850212558,8,119,binary:logistic,0.9162527683663152,gpu_hist,COMPLETE
155,0.28187980205554924,0.13331687230182923,0.6094340217295634,logloss,0.043255170169221244,0.011105241438158784,8,133,binary:logistic,0.9391320351249556,gpu_hist,COMPLETE
156,0.28103242710232945,0.11650593218745549,0.6163622430623145,logloss,0.06949108907443281,0.011136860518047692,9,125,binary:logistic,0.9367844806980501,gpu_hist,COMPLETE
157,0.28073106395416947,0.14735531291887072,0.5859898315135812,logloss,0.016392660137562704,0.011140551315173351,10,108,binary:logistic,0.8923136149208425,gpu_hist,COMPLETE
158,0.2778615776652827,0.29604945481543693,0.30128751366786327,logloss,0.07714191331718488,0.009766271724681976,6,149,binary:logistic,0.902398960306574,gpu_hist,COMPLETE
159,0.28096957753498625,0.19060368567705754,0.6106938839004087,logloss,0.053404096207681905,0.010953229076561842,7,88,binary:logistic,0.9312498283848472,gpu_hist,COMPLETE
160,0.2807451798052188,0.09304275462728423,0.576816793955043,logloss,0.013261990826458528,0.008179015239717554,8,127,binary:logistic,0.9475246927432411,gpu_hist,COMPLETE
161,0.28133775331095556,0.26649752579808933,0.6398681464179594,logloss,0.040599248173283906,0.009450016380540419,8,133,binary:logistic,0.9153742798262443,gpu_hist,COMPLETE
162,0.28105552711211385,0.2474758782091424,0.595376122168484,logloss,0.022270401333945523,0.00914751334239404,8,135,binary:logistic,0.9239709484418729,gpu_hist,COMPLETE
163,0.27865043052543575,0.1700305746671841,0.6238372071978157,logloss,0.04425584796168812,0.01183969201735552,9,53,binary:logistic,0.9054579731281766,gpu_hist,COMPLETE
164,0.2819706483126443,0.13199295221386076,0.6598909695380298,logloss,0.01641279565181421,0.01054039872318319,7,118,binary:logistic,0.9428499064619906,gpu_hist,COMPLETE
165,0.28183178832578215,0.12888848905150588,0.6538560341487722,logloss,0.011476953802874315,0.010750676131673525,7,118,binary:logistic,0.9397315201021775,gpu_hist,COMPLETE
166,0.28115525288154297,0.13558026858767483,0.6545177491722126,logloss,0.009690740114630208,0.013740179755388009,7,115,binary:logistic,0.9397923943102088,gpu_hist,COMPLETE
167,0.2808907934232331,0.12319713695320704,0.6109948950027613,logloss,0.01675627899655681,0.012664223131197964,6,104,binary:logistic,0.7076570390051384,gpu_hist,COMPLETE
168,0.2786755696129361,0.10415581751229235,0.6993300373898488,logloss,0.006124639240989449,0.01072589958651788,7,98,binary:logistic,0.4011143024931318,gpu_hist,COMPLETE
169,0.2786432226228115,0.15583215683520016,0.3580596465062335,logloss,0.010794557600165242,0.011545671220666928,8,6,binary:logistic,0.9329132120103601,gpu_hist,COMPLETE
170,0.27955182777649135,0.009582493267978187,0.6624065386419575,logloss,0.015660791077152268,0.009924817110733382,6,120,binary:logistic,0.5000167072549656,gpu_hist,COMPLETE
171,0.28156018011980255,0.199048430446459,0.6804606491187548,logloss,0.1287634459109143,0.011081059990255429,7,130,binary:logistic,0.9465094904816292,gpu_hist,COMPLETE
172,0.2814481859664263,0.19681199033516966,0.6889579313301373,logloss,0.26526515204598616,0.010608010526817093,7,110,binary:logistic,0.9661773259746069,gpu_hist,COMPLETE
173,0.2814873266137456,0.12713825422970992,0.6235500080966727,logloss,0.01860904217083481,0.013145345795240349,8,120,binary:logistic,0.9504857740345147,gpu_hist,COMPLETE
174,0.281662777476486,0.3366333883148124,0.5987173340551958,logloss,0.18729184949893582,0.011804741142649334,7,128,binary:logistic,0.9436693966140957,gpu_hist,COMPLETE
175,0.27978271165413776,0.3195091203568315,0.5989358908109426,logloss,0.013133795998100837,0.008801942838089884,6,129,binary:logistic,0.9309498636700945,gpu_hist,COMPLETE
176,0.28093257803982913,0.20435371751371867,0.5868719162539412,logloss,0.15539696970022454,0.01164979473082439,9,113,binary:logistic,0.9109488601513308,gpu_hist,COMPLETE
177,0.2812104168057043,0.15520232722162197,0.5590995065611866,logloss,0.008121053266430317,0.010318481799015273,7,73,binary:logistic,0.9662873946651908,gpu_hist,COMPLETE
178,0.2662995238090772,0.3469613125341584,0.6090756013222496,logloss,0.11992824404174367,0.06382836357889224,5,125,binary:logistic,0.9869476470619346,gpu_hist,COMPLETE
179,0.27973266125786195,0.24598496998964256,0.62898154395882,logloss,0.011355714886179723,0.0076470805909285,7,137,binary:logistic,0.9432324782006408,gpu_hist,COMPLETE
180,0.2814035122411355,0.07524202414677476,0.598468838641319,logloss,0.04804507769069394,0.013433000950805388,8,118,binary:logistic,0.8981741147456603,gpu_hist,COMPLETE
181,0.28113145555058155,0.004565559267332399,0.6492808855122778,logloss,0.11324808843289613,0.01206581920181339,6,145,binary:logistic,0.9485287709244206,gpu_hist,COMPLETE
182,0.2814128268960301,0.09086559513991724,0.6613058200994911,logloss,0.1912906417330707,0.010079222558039641,7,131,binary:logistic,0.9297764796765355,gpu_hist,COMPLETE
183,0.28153048995872726,8.801881814507231,0.6812283819698164,logloss,0.03608391663596077,0.011309314277752341,8,140,binary:logistic,0.9622272299944469,gpu_hist,COMPLETE
184,0.28130218317953926,0.17366588411867687,0.7163093949738756,logloss,0.0312483507128439,0.01526140778007176,7,124,binary:logistic,0.9437571150495133,gpu_hist,COMPLETE
185,0.28142692458265045,0.23002887440351477,0.6182792856517614,logloss,0.021084503193699547,0.013946568679811994,7,129,binary:logistic,0.9202931301341644,gpu_hist,COMPLETE
186,0.28125917559855496,0.01714818620608875,0.6370118727444339,logloss,0.08338735379897788,0.012439635288634239,9,242,binary:logistic,0.9754518493347433,gpu_hist,COMPLETE
187,0.28003960345768086,0.28631500877740357,0.5712616048179334,logloss,0.4116686235658259,0.008831738970722406,6,137,binary:logistic,0.9577789034882263,gpu_hist,COMPLETE
188,0.2685404650751538,0.1148214639167366,0.5869876146020738,logloss,0.0027694595293196395,0.0029258168050888865,8,151,binary:logistic,0.9345188283116098,gpu_hist,COMPLETE
189,0.2812067283013864,0.14051636232696915,0.6485740996060071,logloss,0.13419429978200925,0.010660423717015914,7,146,binary:logistic,0.909315231779277,gpu_hist,COMPLETE
190,0.2812436594790007,0.0018951485837654073,0.9154598665284992,logloss,0.19120909854087592,0.009844809766674548,8,121,binary:logistic,0.9249314458679987,gpu_hist,COMPLETE
191,0.2803952250412538,0.17544862064937317,0.6697051374252138,logloss,0.0239164046172939,0.008419075331540573,7,131,binary:logistic,0.8795275354060386,gpu_hist,COMPLETE
192,0.27982067756121687,0.026493150953732215,0.6795238820923607,logloss,0.014985306365978618,0.009505388543834474,6,138,binary:logistic,0.6473060459658413,gpu_hist,COMPLETE
193,0.281618934814009,0.06765746159143461,0.611016937572232,logloss,0.06380436874289158,0.011031062708052038,7,127,binary:logistic,0.8876548320057996,gpu_hist,COMPLETE
194,0.28187959469171386,0.02002806060477102,0.6038108478774337,logloss,0.0627213476160003,0.011572541098498649,7,126,binary:logistic,0.8899819825298164,gpu_hist,COMPLETE
195,0.27985167282847884,0.022679032360160382,0.6047063805415777,logloss,0.09457561108680446,0.011397165189858383,5,125,binary:logistic,0.8896210004277197,gpu_hist,COMPLETE
196,0.2815628957823123,0.012590804595889222,0.6172179970385125,logloss,0.07020928685579006,0.010667474435724501,7,114,binary:logistic,0.8992002391892338,gpu_hist,COMPLETE
197,0.28139055007244873,0.017545001351215266,0.6133587456165424,logloss,0.06426480944773046,0.010181997070894313,8,111,binary:logistic,0.9000290746309716,gpu_hist,COMPLETE
198,0.28104768731240615,0.007874817723972345,0.5942845057013751,logloss,0.051962485452238354,0.013046707412217742,6,117,binary:logistic,0.8757715954240604,gpu_hist,COMPLETE
199,0.2811098803883507,0.01160738700212703,0.6222323680992866,logloss,0.05695658852188025,0.008030701516762126,8,103,binary:logistic,0.8928449200024537,gpu_hist,COMPLETE
200,0.28023580179552865,0.014220827503313235,0.5846198823424145,logloss,0.03778294127467402,0.009148837715267146,6,113,binary:logistic,0.9116181962642633,gpu_hist,COMPLETE
201,0.28093700807079314,0.005572072553536772,0.6043302877007929,logloss,0.07594659955461298,0.010731884327486672,7,251,binary:logistic,0.8663286359139057,gpu_hist,COMPLETE
202,0.2812650623202767,0.021742864324360445,0.6366309232304694,logloss,0.09309191443515227,0.011275460233979824,8,125,binary:logistic,0.8871182156811734,gpu_hist,COMPLETE
203,0.281335702659444,0.015268295429371801,0.5755763852689485,logloss,0.04717196053938495,0.012081570339699227,7,130,binary:logistic,0.901522378276364,gpu_hist,COMPLETE
204,0.28114075284478274,0.019260844266024285,0.6142420404215626,logloss,0.06502196697209772,0.010229714540490542,7,215,binary:logistic,0.9197285749972554,gpu_hist,COMPLETE
205,0.279642891524493,0.010362153873788556,0.6264322231840113,logloss,0.029843064691203142,0.014544179734347002,8,119,binary:logistic,0.5280077994488341,gpu_hist,COMPLETE
206,0.2810762644601502,0.2124084886733964,0.5962246822890508,logloss,0.10899228864230394,0.00932574472953333,7,133,binary:logistic,0.880591213041347,gpu_hist,COMPLETE
207,0.2806152451436311,0.03247169743690251,0.6262474732390048,logloss,0.06273752767945587,0.011515993887243827,9,191,binary:logistic,0.7494911012369206,gpu_hist,COMPLETE
