number,value,params_alpha,params_colsample_bytree,params_device,params_eval_metric,params_lambda,params_learning_rate,params_max_depth,params_min_child_weight,params_objective,params_subsample,params_tree_method,state
888,0.28870650565129957,3.4395228286064365,0.5325148896816171,cuda,logloss,0.10997672050636591,0.012261358386128381,8,274,binary:logistic,0.5096597623629394,hist,COMPLETE
889,0.2887999666216883,0.11178979131985403,0.5578240870038215,cuda,logloss,0.05587936279930429,0.014612412894466319,7,284,binary:logistic,0.4863313075835943,hist,COMPLETE
890,0.2888524986326099,2.753390127982217,0.5142988829782968,cuda,logloss,0.02723568623009842,0.009513283396990497,8,268,binary:logistic,0.45820517452095305,hist,COMPLETE
891,0.28724342503312683,1.830805358422961,0.44004921485495846,cuda,logloss,0.04495820556353894,0.012851979061088401,9,279,binary:logistic,0.8158922735310992,hist,COMPLETE
892,0.2882014347009966,2.1775043044397293,0.4956299401723289,cuda,logloss,0.029794586924407087,0.011088179564553389,7,290,binary:logistic,0.49716450589807804,hist,COMPLETE
893,0.28861997738439865,1.4192678274862702,0.5442901298726127,cuda,logloss,0.03572414313592823,0.013850786850644366,7,300,binary:logistic,0.4439300459859165,hist,COMPLETE
894,0.2881958646511787,2.5378188665357384,0.5192264608551976,cuda,logloss,0.021968413491721933,0.012025333840823514,6,276,binary:logistic,0.4699035330772176,hist,COMPLETE
895,0.2868754479406464,2.0063648262565703,0.5047678033537469,cuda,logloss,0.014585211198495415,0.008114423615218847,8,285,binary:logistic,0.8750978393634726,hist,COMPLETE
896,0.2887382848824576,3.268056569797222,0.535260329160692,cuda,logloss,0.057864349516653035,0.01507090634804737,7,261,binary:logistic,0.48373003562330946,hist,COMPLETE
897,0.28736981039743636,5.142343715116432,0.5563798882878794,cuda,logloss,0.04462317210229497,0.010273932701612178,6,267,binary:logistic,0.45382740612503014,hist,COMPLETE
898,0.2878417518404433,1.1269909063833714,0.8327928139610405,cuda,logloss,0.01881815985587969,0.013129209884751039,7,292,binary:logistic,0.46764771464251864,hist,COMPLETE
899,0.288289718809119,1.6924872315228277,0.4941038277638378,cuda,logloss,0.0758755401378967,0.016021240870206066,7,275,binary:logistic,0.5035390912899305,hist,COMPLETE
900,0.28909232873266166,2.692791062349214,0.5245249546372324,cuda,logloss,0.02542478434097591,0.011265721242723951,8,281,binary:logistic,0.4414102787450499,hist,COMPLETE
901,0.28841354540014646,4.055925329041902,0.5324472310991191,cuda,logloss,0.02354452344566114,0.008886484634170026,9,295,binary:logistic,0.43910946878053836,hist,COMPLETE
902,0.28867660989460764,2.2450923100003743,0.5470674007993547,cuda,logloss,0.015419772189970317,0.009454173644106476,9,289,binary:logistic,0.4422486809680822,hist,COMPLETE
903,0.2885777825410518,3.0796213445682357,0.5282658862984794,cuda,logloss,0.019472243815096508,0.010520484211206948,9,283,binary:logistic,0.4383626964764974,hist,COMPLETE
904,0.28816441463020304,1.513369773646373,0.5595833538884074,cuda,logloss,0.025460330089374227,0.011099676591410493,8,295,binary:logistic,0.439486367291677,hist,COMPLETE
905,0.28871326378337225,1.9934303565432216,0.5141600827830505,cuda,logloss,0.018602102384715487,0.011318198298456967,8,286,binary:logistic,0.45313646601171603,hist,COMPLETE
906,0.28674549977629726,2.550041374565597,0.5411682194293972,cuda,logloss,0.027729543710081093,0.00980341406389094,16,283,binary:logistic,0.45344733056466,hist,COMPLETE
907,0.2428671994933682,1.3359279162141824,0.4900096391221928,cuda,logloss,0.015108977496318253,0.097252881885449,8,279,binary:logistic,0.43960208783820676,hist,COMPLETE
908,0.2832430448635229,1.7551945774340083,0.5238313133359259,cuda,logloss,0.024027376168490218,0.011813306989233194,25,260,binary:logistic,0.459352567182559,hist,COMPLETE
909,0.2725643000235224,3.23491873263439,0.5531641278400484,cuda,logloss,0.030574551552670373,0.04038053600944469,8,270,binary:logistic,0.45338361274556777,hist,COMPLETE
910,0.2887250082923272,2.2306636179583643,0.5058135936805451,cuda,logloss,0.09028777966727727,0.010397404450263905,8,291,binary:logistic,0.4647118924453278,hist,COMPLETE
911,0.2886865721998069,3.7738680334182733,0.4699011186271812,cuda,logloss,0.021528342940992196,0.012090535718445207,9,300,binary:logistic,0.4469522996961435,hist,COMPLETE
912,0.28880085362451335,2.7980181733259246,0.5372155091576875,cuda,logloss,0.06113571030987872,0.010924073875760948,8,287,binary:logistic,0.43976827052623296,hist,COMPLETE
913,0.28867382816501536,1.9405826438947897,0.521253741495322,cuda,logloss,0.04897437884954862,0.012572940981029828,8,272,binary:logistic,0.46475031514065224,hist,COMPLETE
914,0.2874502989113199,0.0051624590468850534,0.4797795056960194,cuda,logloss,0.041352076596719405,0.013895875266239324,9,280,binary:logistic,0.47554927800767544,hist,COMPLETE
915,0.2882531054286385,2.420625167460253,0.45029211500552563,cuda,logloss,0.01775967772440358,0.010018300563924658,8,296,binary:logistic,0.4570485087862465,hist,COMPLETE
916,0.2860429573706445,1.5939221060636197,0.42851663454557587,cuda,logloss,0.03371853376935509,0.008244280194939259,7,265,binary:logistic,0.8505319589200633,hist,COMPLETE
917,0.28874607661876456,4.305574638286452,0.5014905368860468,cuda,logloss,0.1405954599967943,0.011916947691032133,7,290,binary:logistic,0.47375032817525875,hist,COMPLETE
918,0.288385790313375,2.8781754968699462,0.5468266750957766,cuda,logloss,0.026320135861310736,0.011058481688255116,8,280,binary:logistic,0.45080412550562693,hist,COMPLETE
919,0.2890672968635166,5.578175439585318,0.5279545619626607,cuda,logloss,0.03733720392060933,0.013828283020415114,7,261,binary:logistic,0.46446292353834084,hist,COMPLETE
920,0.28861521492830916,8.544542937610471,0.5281241265859141,cuda,logloss,0.05185560022325451,0.012830886171873347,6,262,binary:logistic,0.4382234611529874,hist,COMPLETE
921,0.2880699206985685,5.968404520378259,0.535954118774665,cuda,logloss,0.06712008862473175,0.015355330832170408,8,259,binary:logistic,0.4603460487758485,hist,COMPLETE
922,0.28822750563977945,5.012074172045481,0.5115312457529902,cuda,logloss,0.039222865856877426,0.009587096474483445,7,260,binary:logistic,0.4488213500373047,hist,COMPLETE
923,0.2886861528104682,7.173986045581515,0.5596840143649672,cuda,logloss,0.04358718927889152,0.011549469006030823,8,267,binary:logistic,0.43810804252569485,hist,COMPLETE
924,0.2890246999915244,6.258221145990406,0.5286203085937552,cuda,logloss,0.037910015835557184,0.013058935950433215,6,266,binary:logistic,0.46415034584132037,hist,COMPLETE
925,0.28850668471546925,5.353589374741265,0.5444899532052522,cuda,logloss,0.053793991602063974,0.010969992346912179,7,272,binary:logistic,0.44990974570952846,hist,COMPLETE
926,0.2879578964854735,6.778514159997483,0.5164939650796715,cuda,logloss,0.09585842685817765,0.013666699946164417,9,263,binary:logistic,0.4664017663057774,hist,COMPLETE
927,0.2885210469919139,4.409072888559516,0.5236513915536609,cuda,logloss,0.021569256667342773,0.012456602923630914,8,260,binary:logistic,0.43668535847193346,hist,COMPLETE
928,0.28891562709627455,8.012948149552383,0.5573271441561964,cuda,logloss,0.014933571870584209,0.014793469766394184,7,271,binary:logistic,0.45342601850519204,hist,COMPLETE
929,0.28879271338836504,5.485113231955883,0.5427238265096518,cuda,logloss,0.0640905349899122,0.016571842419296334,6,275,binary:logistic,0.47708161597520143,hist,COMPLETE
930,0.28609408734484254,3.8029019333314102,0.5096801684363272,cuda,logloss,0.04675836842156958,0.01017523595459278,20,258,binary:logistic,0.46384121802656614,hist,COMPLETE
931,0.2888356012127155,0.020768418450509668,0.534483842019311,cuda,logloss,0.07829661252391763,0.011730532253944801,7,269,binary:logistic,0.4737596083373015,hist,COMPLETE
932,0.2865887396287609,4.801732275023338,0.4990959442607062,cuda,logloss,0.03186047028561485,0.009138108560238997,6,275,binary:logistic,0.4591412335061604,hist,COMPLETE
933,0.2865263359740377,1.1188140984158534,0.5203090677834677,cuda,logloss,0.017197271708380518,0.014224118340955102,8,126,binary:logistic,0.44710222195036914,hist,COMPLETE
934,0.28851018611009366,3.4427194287546334,0.5569354933226179,cuda,logloss,0.03924906517188036,0.012775204987636748,7,267,binary:logistic,0.4776366895541544,hist,COMPLETE
935,0.28842875802906387,6.028847297719289,0.5368353091369443,cuda,logloss,0.02628454368951601,0.011080819377880401,10,280,binary:logistic,0.4381822328821272,hist,COMPLETE
936,0.2879494307363272,9.274355801167026,0.7114207454153954,cuda,logloss,0.021822838110053012,0.012029508478803748,9,266,binary:logistic,0.46593177756993814,hist,COMPLETE
937,0.2888989290028578,1.3755633958850895,0.5057186918374648,cuda,logloss,0.052291050466459245,0.01385862200930123,7,274,binary:logistic,0.4545794170652471,hist,COMPLETE
938,0.2883530999673181,1.7754892808066671,0.5218807466342277,cuda,logloss,0.03181289471795205,0.015446144012557858,7,261,binary:logistic,0.4720825057743513,hist,COMPLETE
939,0.28738731512009874,4.282591134132199,0.49144383713926204,cuda,logloss,0.038361732030941106,0.01040985804365223,8,107,binary:logistic,0.4363735866056256,hist,COMPLETE
940,0.28870435196085903,3.5085384144403884,0.5485603172737167,cuda,logloss,0.05909472614245443,0.012972102689116229,7,280,binary:logistic,0.48108669225886846,hist,COMPLETE
941,0.28787762305128906,2.0247838631852724,0.5102242353985815,cuda,logloss,0.047501180805908864,0.011817345773480627,6,273,binary:logistic,0.4496124286809397,hist,COMPLETE
942,0.2871080412035851,1.2990940265181496,0.5303750133574303,cuda,logloss,5.931406942853262,0.014541662457523474,8,166,binary:logistic,0.45953648986943957,hist,COMPLETE
943,0.28897777998542923,2.699220002233129,0.5601963967317457,cuda,logloss,0.025841883004895788,0.013371258356340189,7,283,binary:logistic,0.4686307841301328,hist,COMPLETE
944,0.288848474166729,4.999144986493942,0.5439158047430929,cuda,logloss,0.029278487072984246,0.01101161248547381,8,258,binary:logistic,0.48018683499042014,hist,COMPLETE
945,0.2888537613015464,1.6002774359284413,0.519797939221492,cuda,logloss,0.018542269680389235,0.01698315340832436,6,267,binary:logistic,0.4507470297522964,hist,COMPLETE
946,0.2889991963294667,2.294391262032489,0.4956659530414738,cuda,logloss,0.013686053619626257,0.012337922804869799,7,277,binary:logistic,0.46534681763163926,hist,COMPLETE
947,0.28854356075680804,2.9943458831322878,0.5304345723896973,cuda,logloss,0.19357888764317685,0.009867206772285935,8,287,binary:logistic,0.4842456489145167,hist,COMPLETE
948,0.28833233320255147,1.8558001648795812,0.5075986893183776,cuda,logloss,0.04229210326034372,0.015433145396777271,7,270,binary:logistic,0.4330562907543604,hist,COMPLETE
949,0.2887258760054931,3.965375174437884,0.5466160663443433,cuda,logloss,0.03451753393589516,0.013485552151214077,6,282,binary:logistic,0.4611299671939562,hist,COMPLETE
950,0.2885215056035594,1.4726719534182058,0.48945210609007744,cuda,logloss,0.021509055100249294,0.011989658528229058,7,263,binary:logistic,0.47333109597908557,hist,COMPLETE
951,0.2882841928040227,2.1722215977116246,0.5606882404812067,cuda,logloss,0.07463379065128525,0.008777010540735987,8,276,binary:logistic,0.4488391944502769,hist,COMPLETE
952,0.2883481450968789,0.0034277155434157647,0.5184624220472395,cuda,logloss,0.0492456250061501,0.01141897617207959,7,257,binary:logistic,0.48578432201730243,hist,COMPLETE
953,0.2874991573674094,2.8050347756002028,0.5329765630789419,cuda,logloss,0.015971527689923725,0.014122508499093635,9,285,binary:logistic,0.4607618898352335,hist,COMPLETE
954,0.2874461939111122,3.5598168894484323,0.5064618176822391,cuda,logloss,0.027793703463484275,0.010285675987216619,6,277,binary:logistic,0.4442291609245626,hist,COMPLETE
955,0.28874254484292694,0.001036332604782375,0.5418416381362587,cuda,logloss,0.03627022483329398,0.012927647487050256,8,268,binary:logistic,0.472076769886628,hist,COMPLETE
956,0.2883549776548861,1.1830097255188226,0.5210601018289734,cuda,logloss,0.057217546087019934,0.015624743356694285,6,288,binary:logistic,0.43626186562175795,hist,COMPLETE
957,0.2886363792208007,1.6814009337945417,0.48873240883896835,cuda,logloss,0.024018104037763117,0.010889100726525696,8,272,binary:logistic,0.4788188056535634,hist,COMPLETE
958,0.28801987817890345,2.4843807266272124,0.6791885856635594,cuda,logloss,0.11700491633540833,0.012265824202216783,6,282,binary:logistic,0.4501816222480525,hist,COMPLETE
959,0.28866059626259516,1.9747035149404124,0.5323833162371473,cuda,logloss,0.04335666715366886,0.014404610735893717,7,257,binary:logistic,0.48684389891453017,hist,COMPLETE
960,0.28892615748193506,3.19036310202995,0.5611866383925608,cuda,logloss,0.01844839305042334,0.013147712059423639,7,264,binary:logistic,0.45968062708686197,hist,COMPLETE
961,0.2887600921635865,2.3798630807799843,0.5062974274232751,cuda,logloss,0.03360014947480156,0.01152860613595863,8,288,binary:logistic,0.46715254781635707,hist,COMPLETE
962,0.28805664491217386,5.949650811422745,0.5478088315698695,cuda,logloss,0.06765957652083006,0.009696364020595922,7,273,binary:logistic,0.4769228261460936,hist,COMPLETE
963,0.28818794463863856,1.4842924513847044,0.4811095497421304,cuda,logloss,0.01401416510431311,0.016432071150194804,7,280,binary:logistic,0.43379298146989304,hist,COMPLETE
964,0.2872071710832946,4.358896180529244,0.5212623699608423,cuda,logloss,0.2512548733744547,0.014302825281912943,9,291,binary:logistic,0.4565462157875191,hist,COMPLETE
965,0.2884648483382878,1.9315383721665036,0.499759326052881,cuda,logloss,0.028204586250033584,0.0122654104196325,7,266,binary:logistic,0.49084414508487345,hist,COMPLETE
966,0.2879466715113375,2.7809506310464847,0.5398238383965688,cuda,logloss,0.022628701085174233,0.01079795358063933,6,284,binary:logistic,0.4688693691959204,hist,COMPLETE
967,0.2881992363228456,2.196372236032867,0.5168469925209407,cuda,logloss,0.09734706624152813,0.013301547251431275,8,276,binary:logistic,0.44636080315517923,hist,COMPLETE
968,0.2885155791772891,1.677404610907456,0.49623504426499054,cuda,logloss,0.039442437357616655,0.011860159188759191,7,259,binary:logistic,0.4852944705505082,hist,COMPLETE
969,0.288102007117548,3.1849844822008526,0.5347438470734561,cuda,logloss,0.7461696200669987,0.014313792132735979,8,270,binary:logistic,0.4602771832002966,hist,COMPLETE
970,0.28759012820355284,1.1564285205764915,0.5619675443462198,cuda,logloss,0.04859799592820489,0.007346642900757155,14,294,binary:logistic,0.473323643886741,hist,COMPLETE
971,0.2876488218138389,2.553030162099057,0.48294224227288407,cuda,logloss,0.06022750440815089,0.009093820591039439,7,280,binary:logistic,0.5804646091747956,hist,COMPLETE
972,0.28740718041479585,5.074279619422749,0.5127539446526452,cuda,logloss,0.030611736337872612,0.01022856495982482,6,287,binary:logistic,0.44940173922261667,hist,COMPLETE
973,0.28833205398473577,1.9030647899832047,0.5274033592157138,cuda,logloss,0.01828744313377651,0.012897945309826563,7,264,binary:logistic,0.4339415817638194,hist,COMPLETE
974,0.288458900050404,1.3903425454109155,0.4742176388309112,cuda,logloss,0.03952611108659619,0.011198824669184445,8,274,binary:logistic,0.4696334168022008,hist,COMPLETE
975,0.28877139365337023,2.16652128975251,0.5487577623610839,cuda,logloss,0.023792559957512192,0.015344805349541944,6,293,binary:logistic,0.49351638110642343,hist,COMPLETE
976,0.28810761108501637,4.131461208155251,0.5082177842207123,cuda,logloss,0.03411593050064066,0.012928308300397593,9,284,binary:logistic,0.45997434808131527,hist,COMPLETE
977,0.2880498398419307,3.4691152267981473,0.5290102895166411,cuda,logloss,0.047947419504837524,0.01721662878289733,7,258,binary:logistic,0.4799908373005614,hist,COMPLETE
978,0.28872833527628367,2.794222329934206,0.49209380578976397,cuda,logloss,0.015652506935376842,0.011924131396426759,8,270,binary:logistic,0.44447477749037967,hist,COMPLETE
979,0.28820379559452564,1.6550427774262906,0.5633623862499051,cuda,logloss,0.028225582811662975,0.013757475014532297,8,277,binary:logistic,0.45810560521787613,hist,COMPLETE
980,0.28861549157417027,2.5369586141608687,0.548494155706785,cuda,logloss,0.07661435672485663,0.010817574189379068,7,289,binary:logistic,0.4726785015762388,hist,COMPLETE
981,0.2873004304767455,0.009424933595357083,0.5150796623954722,cuda,logloss,0.33185083579628344,0.01518544902739786,7,152,binary:logistic,0.4876310139812185,hist,COMPLETE
982,0.2884120662047863,1.9170088765292508,0.5353308904212961,cuda,logloss,0.16506411530855028,0.01190621719495909,6,263,binary:logistic,0.4493268672887349,hist,COMPLETE
983,0.2827402182650585,1.3609406544423444,0.49390860535435804,cuda,logloss,0.019969248587687446,0.013418716722372508,24,281,binary:logistic,0.43548937409370225,hist,COMPLETE
984,0.2888141514332689,3.245217315607169,0.5218876851143908,cuda,logloss,0.05668344007968303,0.009715959959524853,10,294,binary:logistic,0.46542333632211663,hist,COMPLETE
985,0.28641884515232996,2.0508074602408706,0.5480037421204684,cuda,logloss,0.04251739698968056,0.012661087920601655,6,270,binary:logistic,0.9466312385216806,hist,COMPLETE
986,0.2792647060229121,7.287712419035237,0.5018106848303516,cuda,logloss,0.03545426640708418,0.00360349702281638,8,278,binary:logistic,0.4953608755121625,hist,COMPLETE
987,0.28809166464531677,2.4025136896826114,0.4695468456807125,cuda,logloss,0.024045103354141086,0.010901698216504968,7,286,binary:logistic,0.4771075172647852,hist,COMPLETE
988,0.28888860983896475,1.6246395586451658,0.5341970172533269,cuda,logloss,0.028507357791638988,0.014516486755562965,7,256,binary:logistic,0.45549713871410985,hist,COMPLETE
989,0.28746505984071974,1.1128219831744712,0.558916962998675,cuda,logloss,0.04779770626512286,0.016519220588857804,8,295,binary:logistic,0.4822238760006321,hist,COMPLETE
990,0.2884742478676824,3.7567632200444274,0.5126136632920172,cuda,logloss,0.01357573758727869,0.012051381974209094,9,267,binary:logistic,0.4665891882683011,hist,COMPLETE
991,0.28889402460702657,2.847774891515238,0.47958972655249066,cuda,logloss,0.021732663787574363,0.013962680090683863,7,274,binary:logistic,0.44346980738154834,hist,COMPLETE
992,0.2884778960244634,2.2390065513559003,0.5263087707593319,cuda,logloss,0.08451159706472201,0.01046966195002586,8,300,binary:logistic,0.4601767295473847,hist,COMPLETE
993,0.2869946496751526,0.0749140287282061,0.5011984080645963,cuda,logloss,0.03243135729535939,0.00825025882901296,7,289,binary:logistic,0.5003442220381806,hist,COMPLETE
994,0.28853274408045665,5.048418501400964,0.545874370102121,cuda,logloss,3.144713391492863,0.01271768169772065,6,282,binary:logistic,0.4739263460997307,hist,COMPLETE
995,0.28771177184815655,1.7767987676603494,0.5202162408374078,cuda,logloss,0.06378671133302442,0.011374144110822704,6,264,binary:logistic,0.48505095196824666,hist,COMPLETE
996,0.28709190958315767,2.836081269838089,0.48410366614528044,cuda,logloss,0.017781966306286957,0.015129550625290419,8,275,binary:logistic,0.451692571895801,hist,COMPLETE
997,0.2887092648762895,1.3918478602296178,0.5379631253404713,cuda,logloss,0.03955620665644394,0.013571148801334691,7,285,binary:logistic,0.4336374635670454,hist,COMPLETE
998,0.28805996176905935,2.151497796045883,0.5645152519974229,cuda,logloss,0.05443429281281352,0.00918597622070778,7,259,binary:logistic,0.46652555652907496,hist,COMPLETE
999,0.2890140659239461,3.7783497361613576,0.5135529285085925,cuda,logloss,0.024976462775107802,0.01219530587035147,8,290,binary:logistic,0.4917665282040774,hist,COMPLETE
1000,0.2862830991594381,1.7799292197487606,0.498210062442649,cuda,logloss,0.04352243442157111,0.016015434123113948,9,270,binary:logistic,0.47607770295037705,hist,COMPLETE
1001,0.28747814996414534,0.1342139350915263,0.549892736377036,cuda,logloss,0.033566364090097944,0.009931246813917662,7,134,binary:logistic,0.44745540790235067,hist,COMPLETE
1002,0.28804145864579045,2.4398324664649915,0.4667850375666976,cuda,logloss,0.1369230897254585,0.011417941164542044,6,278,binary:logistic,0.46052973294728183,hist,COMPLETE
1003,0.2889201506820853,2.982645082246211,0.5300143073941016,cuda,logloss,0.02082771350802151,0.013145365531723083,7,295,binary:logistic,0.5534274126486382,hist,COMPLETE
1004,0.2878939178300831,1.4745711116251137,0.508351612494816,cuda,logloss,0.015148430443815263,0.014782939197931312,8,282,binary:logistic,0.4364902609460031,hist,COMPLETE
1005,0.2880458163405328,2.0264162235335426,0.49076062090951994,cuda,logloss,0.027238292162115603,0.017472956318970632,7,263,binary:logistic,0.4715697545472919,hist,COMPLETE
1006,0.28865555732139164,4.4787527349853535,0.5253311763684316,cuda,logloss,0.45242938027486596,0.010689023885624484,8,255,binary:logistic,0.4987374254053562,hist,COMPLETE
1007,0.28586394917326835,6.101743812307791,0.5381847931267186,cuda,logloss,0.055270606160049425,0.012343373353636956,7,1,binary:logistic,0.45456735800487647,hist,COMPLETE
