number,value,params_alpha,params_colsample_bytree,params_device,params_eval_metric,params_lambda,params_learning_rate,params_max_depth,params_min_child_weight,params_objective,params_subsample,params_tree_method,state
126,0.2847167460465127,0.7944251621264519,0.3511042597340481,cuda,logloss,0.053449701911273156,0.02749910820261229,3,282,binary:logistic,0.8263503270748892,hist,COMPLETE
127,0.28625782697329,0.23051210927103272,0.3364254134796188,cuda,logloss,0.00196239962742704,0.019684623451304423,4,300,binary:logistic,0.7921757972193078,hist,COMPLETE
128,0.2876161243949068,3.7303750262648623,0.418067803813749,cuda,logloss,0.0013624364818440261,0.031175496643343494,4,289,binary:logistic,0.8031083589659671,hist,COMPLETE
129,0.28595230915404996,0.0010251173453908508,0.3132674637592185,cuda,logloss,0.0024060260866396906,0.03566578473552151,3,276,binary:logistic,0.7646062608445253,hist,COMPLETE
130,0.28749605253602695,2.254733636991877,0.30058543779873653,cuda,logloss,0.003977908577941083,0.017642637107431035,5,293,binary:logistic,0.7857858151976562,hist,COMPLETE
131,0.2873188810356932,0.07401195736083405,0.3315491828508281,cuda,logloss,0.0030335294069593396,0.025323535458305492,6,263,binary:logistic,0.7425621191847372,hist,COMPLETE
132,0.28800798417509027,4.3639641807704255,0.3643899720372057,cuda,logloss,0.0017005686844469453,0.021199367357513273,6,255,binary:logistic,0.7142731292868388,hist,COMPLETE
133,0.28651332445597283,4.045477035140978,0.3691974374719942,cuda,logloss,0.18052904024808022,0.021504725050257828,7,257,binary:logistic,0.692913220385673,hist,COMPLETE
134,0.28801779827140883,3.1080295093102603,0.4538008007139929,cuda,logloss,0.001013810039569366,0.01882419451648302,5,251,binary:logistic,0.7090376971494224,hist,COMPLETE
135,0.28776488303109343,3.291859646594121,0.45543560411362366,cuda,logloss,0.001038784212642709,0.04120500659139426,4,251,binary:logistic,0.7245797381303384,hist,COMPLETE
136,0.2869807495467912,4.863607060164192,0.4854122725716959,cuda,logloss,0.0016135759169511137,0.016213363758138553,5,226,binary:logistic,0.7174847193080294,hist,COMPLETE
137,0.2862001161711361,2.835427521579435,0.4393937657133038,cuda,logloss,0.0012621545166075492,0.026273467566167896,6,245,binary:logistic,0.7610645046565718,hist,COMPLETE
138,0.2877012406587604,3.8365250612349033,0.6704450749261615,cuda,logloss,0.0020338232691665898,0.02081078292309771,5,279,binary:logistic,0.7756349766105203,hist,COMPLETE
139,0.24385914754823995,4.570142324261109,0.8012208854447587,cuda,logloss,0.0015641619731293795,0.0014310811650905487,4,254,binary:logistic,0.6624396167252478,hist,COMPLETE
140,0.2816371972987804,0.008337891974243892,0.35791949984276594,cuda,logloss,0.002422305073788438,0.03223376204464198,7,266,binary:logistic,0.7332958667935098,hist,COMPLETE
141,0.2875125432656082,2.3813636377082923,0.3842152087007527,cuda,logloss,0.001839372933708393,0.018570613267966957,5,272,binary:logistic,0.7034821169224736,hist,COMPLETE
142,0.28783898940051017,6.2436100196895765,0.3446309039189416,cuda,logloss,0.004973210641410911,0.01443158374972441,6,266,binary:logistic,0.7077243515857415,hist,COMPLETE
143,0.2878343790112334,3.1602082059060823,0.31828580720345956,cuda,logloss,0.0027059282401212625,0.023682859049468267,6,260,binary:logistic,0.6891232157603797,hist,COMPLETE
144,0.2875708563873681,2.6377005822618016,0.5051135776324263,cuda,logloss,0.001009139065207699,0.0194907557279948,5,284,binary:logistic,0.753242901560123,hist,COMPLETE
145,0.28603946160217064,5.279550750192325,0.4248725282355361,cuda,logloss,0.007926446952982093,0.017150545877345526,4,276,binary:logistic,0.6702443816781617,hist,COMPLETE
146,0.2832599638235368,4.004324206254853,0.37100642288418606,cuda,logloss,0.0035903181994260693,0.028895287263062373,7,253,binary:logistic,0.8077607029290348,hist,COMPLETE
147,0.28803667561406465,1.7796447964201512,0.39810000165057324,cuda,logloss,0.01629420014322936,0.021832757165928442,5,240,binary:logistic,0.6532305665063495,hist,COMPLETE
148,0.2838046467318303,7.602428063979087,0.4048615346507521,cuda,logloss,0.023808153928567683,0.022379598957664358,3,241,binary:logistic,0.6488614300018261,hist,COMPLETE
149,0.2876617167902131,1.7424859387320795,0.44906750835479037,cuda,logloss,0.034461208163382655,0.02444917790911835,5,220,binary:logistic,0.6090718533068575,hist,COMPLETE
150,0.28655832289052535,3.4290073649605706,0.3274498883876383,cuda,logloss,0.01621829950187704,0.020997230381075753,4,232,binary:logistic,0.6374325686276786,hist,COMPLETE
151,0.28681036929244474,1.9236608412534941,0.3927454590318714,cuda,logloss,0.0058113709196475115,0.026542939109796826,6,268,binary:logistic,0.678697006899195,hist,COMPLETE
152,0.2879192557618195,0.0013416538985642063,0.34735788859401145,cuda,logloss,0.0013082469633430187,0.019007057644119748,6,248,binary:logistic,0.6570643036487538,hist,COMPLETE
153,0.28742177706059874,0.024013618899715348,0.3413294060004718,cuda,logloss,0.0012216402802299384,0.01781696743828157,5,240,binary:logistic,0.655194409194029,hist,COMPLETE
154,0.28730926272941487,0.0013818591063215408,0.35673441659916644,cuda,logloss,0.001440947276891296,0.02241215340642791,5,248,binary:logistic,0.6681020532783342,hist,COMPLETE
155,0.2877372832260781,4.603355986842387,0.3135406513167028,cuda,logloss,0.0021099011616966443,0.016454550703346952,6,258,binary:logistic,0.7821559818023304,hist,COMPLETE
156,0.28545748197722215,6.2706883765524655,0.34338838815324807,cuda,logloss,0.06913030063847748,0.024476794426044685,7,249,binary:logistic,0.7197656740125985,hist,COMPLETE
157,0.2873013192477894,0.003959784565535933,0.3293409094879053,cuda,logloss,0.0016843993968543402,0.02899633243941071,5,262,binary:logistic,0.7373790537360015,hist,COMPLETE
158,0.2874956265560548,0.0024117456876548114,0.31218842172400374,cuda,logloss,0.002259495621805139,0.013563939499232843,6,294,binary:logistic,0.7670438048830993,hist,COMPLETE
159,0.2870360157061459,2.8524497320700686,0.43594052026259633,cuda,logloss,0.003242086162056739,0.020237176737243925,4,282,binary:logistic,0.6161627798981114,hist,COMPLETE
160,0.2850757823819912,0.007811166753013188,0.30016104999934284,cuda,logloss,0.001178762580438033,0.031315858213250516,6,234,binary:logistic,0.6309296888658846,hist,COMPLETE
161,0.2870881088773225,1.1456067399711933,0.3635281445599945,cuda,logloss,0.004363428155333536,0.018877492156338355,7,273,binary:logistic,0.6961581286310978,hist,COMPLETE
162,0.28779658799706365,0.0015184425182980786,0.3851874744717008,cuda,logloss,0.009816730154714926,0.020059234289348943,6,268,binary:logistic,0.684899720099903,hist,COMPLETE
163,0.2870680720654066,1.5459342806935512,0.41400592531527636,cuda,logloss,0.001857297874064192,0.015250817588347279,5,254,binary:logistic,0.7086269828466373,hist,COMPLETE
164,0.2881798320510015,3.6973215121319534,0.3715682162804697,cuda,logloss,0.0014628449744583812,0.02240189041270038,6,287,binary:logistic,0.6586454955893907,hist,COMPLETE
165,0.2872568853572604,5.304525655457266,0.3497074928452206,cuda,logloss,0.0013909605747218006,0.026568941400874103,6,289,binary:logistic,0.6496867401377174,hist,COMPLETE
166,0.2879033517593699,3.6001536382012165,0.3278270752920292,cuda,logloss,0.002630171682753225,0.02271093180328941,5,279,binary:logistic,0.661187664911691,hist,COMPLETE
167,0.2872017442591956,3.7289592862442738,0.3719525228376921,cuda,logloss,0.0026877542846877934,0.022334883158248376,4,285,binary:logistic,0.6607922858322142,hist,COMPLETE
168,0.2839234768189043,2.3649208471648064,0.3280663275816777,cuda,logloss,0.0015598504861838195,0.024174207186077344,8,278,binary:logistic,0.6668568099701976,hist,COMPLETE
169,0.28696065004348303,3.241321551951031,0.4699835194478089,cuda,logloss,0.0022645369186229656,0.02131282598709754,7,294,binary:logistic,0.6437710053824469,hist,COMPLETE
170,0.2874053636504011,2.1011659751862393,0.33933034644363336,cuda,logloss,0.0019149184022891467,0.01723632527867888,5,279,binary:logistic,0.7514923419642757,hist,COMPLETE
171,0.28671884837952194,3.967647603871226,0.3212676835405049,cuda,logloss,0.002957525417603743,0.02757563991598883,6,262,binary:logistic,0.6772576956266371,hist,COMPLETE
172,0.2881316781497112,4.7735801416340555,0.3569890000841498,cuda,logloss,0.0024729846710285345,0.024584244783467074,5,273,binary:logistic,0.654777621425961,hist,COMPLETE
173,0.2880351457833494,4.68594468350293,0.359518824812161,cuda,logloss,0.0013319991285815293,0.023456525659946,5,287,binary:logistic,0.6291605238876288,hist,COMPLETE
174,0.2882003678221002,5.00229279970961,0.9731035029245493,cuda,logloss,0.0012048709876397317,0.02254567003441124,5,290,binary:logistic,0.6467237135839627,hist,COMPLETE
175,0.2870925482316217,6.6057646672249435,0.9579984321845703,cuda,logloss,0.001204198935290954,0.020315639274275737,4,297,binary:logistic,0.6263379566662283,hist,COMPLETE
176,0.28766444354427684,4.726457299968481,0.8588994925818587,cuda,logloss,0.001506150757180007,0.025143580261640375,4,287,binary:logistic,0.5932973756818283,hist,COMPLETE
177,0.2880701155241256,0.060897543437022736,0.399056178330405,cuda,logloss,0.0010430672859967523,0.018844116380264255,5,294,binary:logistic,0.6372928249077016,hist,COMPLETE
178,0.28795623805703063,0.06846858255170854,0.42159901713066567,cuda,logloss,0.0010512639595351167,0.018122086589366402,5,300,binary:logistic,0.612282746984451,hist,COMPLETE
179,0.28768536864499533,0.03748156194541019,0.4208968460142495,cuda,logloss,0.001027645531593676,0.018027186490398948,5,295,binary:logistic,0.5833861067247555,hist,COMPLETE
180,0.2874991637972958,0.06626994925765815,0.40425098821489097,cuda,logloss,0.0010122439765986725,0.01636823800971598,5,300,binary:logistic,0.6356299603055958,hist,COMPLETE
181,0.28817933051986444,0.06110400988407659,0.4362471578635356,cuda,logloss,0.0016562249965321782,0.021695947931333812,5,289,binary:logistic,0.6147215744219352,hist,COMPLETE
182,0.287902372326928,0.04157508433107449,0.4490986462478768,cuda,logloss,0.0012930885599382702,0.021191255882546556,5,285,binary:logistic,0.614059096057593,hist,COMPLETE
183,0.2881121140951907,0.09870741055178509,0.4315309204658738,cuda,logloss,0.001705312726707839,0.02273992507167374,5,290,binary:logistic,0.6039882653856612,hist,COMPLETE
184,0.28704772694043884,0.09264416454845883,0.4586212310309006,cuda,logloss,0.0017473171647803324,0.023224340768647468,6,290,binary:logistic,0.605035500237775,hist,COMPLETE
185,0.28773647370338357,0.11352760218792578,0.9934442791718449,cuda,logloss,0.0015960460521999775,0.022295954506105366,5,289,binary:logistic,0.5822395395028243,hist,COMPLETE
186,0.28764264205004564,0.1569035650412381,0.4347856895556152,cuda,logloss,0.0019505255065109986,0.025243085660742202,4,291,binary:logistic,0.6239631166475301,hist,COMPLETE
187,0.2883236327625527,0.05865327624427803,0.39900919980074206,cuda,logloss,0.0014042327943088518,0.020064845967641336,5,273,binary:logistic,0.6357576376519685,hist,COMPLETE
188,0.28692680971224815,0.056304680851072826,0.3986501737653677,cuda,logloss,0.0014093244940896088,0.020127101882096772,4,273,binary:logistic,0.6440301464164577,hist,COMPLETE
189,0.2873678026654164,0.08661306744891431,0.4316361445441519,cuda,logloss,0.0012811694817752677,0.014835171729781707,5,282,binary:logistic,0.600269720637876,hist,COMPLETE
190,0.28287119247852544,0.11432188759750021,0.41404110871786276,cuda,logloss,0.0016635424078731162,0.01914396738903294,3,274,binary:logistic,0.5637580474863049,hist,COMPLETE
191,0.2875919006017317,0.05887694773631032,0.3923048595985,cuda,logloss,0.0021886098490083027,0.021895878041217814,6,285,binary:logistic,0.6315427840466321,hist,COMPLETE
192,0.28763956470642754,0.031285015120486724,0.40329258197897616,cuda,logloss,0.0018564579520155703,0.02402645387997798,6,291,binary:logistic,0.6428983471091764,hist,COMPLETE
193,0.2884345259586349,0.36662806897901284,0.3783676310855964,cuda,logloss,0.0012189882313027227,0.02100978120394491,5,282,binary:logistic,0.6222636614818191,hist,COMPLETE
194,0.28806835678945547,0.3771481985759663,0.3765960445651143,cuda,logloss,0.0010086821962544412,0.018068169803253657,5,279,binary:logistic,0.6218788979222112,hist,COMPLETE
195,0.2873122058491549,0.6433632377491214,0.7046061193038105,cuda,logloss,0.0012400222476699034,0.020453961811115726,4,281,binary:logistic,0.6188246005979818,hist,COMPLETE
196,0.28754556105362894,0.39487216606787756,0.3787610752217079,cuda,logloss,0.0011483852548705964,0.02580502391556711,5,272,binary:logistic,0.6294919109729177,hist,COMPLETE
197,0.2876515476034197,0.235191081812506,0.3805291506615531,cuda,logloss,0.0014436462521014493,0.016837620364190627,5,292,binary:logistic,0.5910332956347287,hist,COMPLETE
198,0.28769763333175774,0.052546839159878504,0.4094256024160937,cuda,logloss,0.0011188763551029692,0.01845803496177716,5,176,binary:logistic,0.6045123917397452,hist,COMPLETE
199,0.28703619043830797,0.09955634344128776,0.36420332158180957,cuda,logloss,0.001003320181255456,0.020887295748378523,4,283,binary:logistic,0.6362042823668327,hist,COMPLETE
200,0.28812077675960707,0.1291495843137125,0.4734739393646204,cuda,logloss,0.0014609373861683226,0.02356805318874291,5,276,binary:logistic,0.6486663653461038,hist,COMPLETE
201,0.2882559297562279,0.4817744707940024,0.4809199737280384,cuda,logloss,0.0015468245721532831,0.023995006500013776,5,276,binary:logistic,0.643340818821724,hist,COMPLETE
202,0.2876938757061613,0.4537912314656121,0.49110436976884825,cuda,logloss,0.0014922160971335477,0.024287843480843563,5,275,binary:logistic,0.6498148515874753,hist,COMPLETE
203,0.2877244250608032,0.30455583179642653,0.4791357835324244,cuda,logloss,0.0013007102201672371,0.026924694439408318,5,267,binary:logistic,0.6201637229641052,hist,COMPLETE
204,0.2851522997980508,0.12362533122022167,0.4680591843049354,cuda,logloss,0.0016559513499094644,0.02273856038025491,4,5,binary:logistic,0.6523011986043707,hist,COMPLETE
205,0.28828353792009564,0.3894445376928623,0.44312704286421645,cuda,logloss,0.0013688994125567518,0.01974681121814038,5,279,binary:logistic,0.638371132963656,hist,COMPLETE
206,0.28828184702072657,0.2012432866423763,0.44734455153542135,cuda,logloss,0.0013589234212673976,0.018141588976326596,6,279,binary:logistic,0.6366896549640739,hist,COMPLETE
207,0.27514052964349406,0.1742208353556721,0.4483222225764112,cuda,logloss,0.0012134653495989437,0.015913698870825728,22,279,binary:logistic,0.6383076684214856,hist,COMPLETE
208,0.28808096804709354,0.3453022684330342,0.45662499090833825,cuda,logloss,0.0013893130443009092,0.01870427475005084,5,285,binary:logistic,0.623911669498587,hist,COMPLETE
209,0.28804303605766507,0.36685834571339515,0.5210450619139476,cuda,logloss,0.0014463375078509382,0.018066104675790933,6,285,binary:logistic,0.6251216259896776,hist,COMPLETE
210,0.28841706656667143,0.3864588119457489,0.506724737243298,cuda,logloss,0.0015779620678379115,0.0172879363572456,6,278,binary:logistic,0.6214191211007409,hist,COMPLETE
211,0.2884028780579061,0.374633212972723,0.5261118050955277,cuda,logloss,0.0015472896244947752,0.016679805053563992,6,277,binary:logistic,0.6158286045616318,hist,COMPLETE
212,0.2883464114387655,0.5327572042053866,0.529799767792969,cuda,logloss,0.0015439924923904553,0.013831937459812352,6,277,binary:logistic,0.6090139921454492,hist,COMPLETE
213,0.2879341441637166,0.3808519117907136,0.5212354941438833,cuda,logloss,0.0016028216776739902,0.013977880467549731,6,275,binary:logistic,0.6130116905904657,hist,COMPLETE
214,0.2881117559505198,0.5234129166392165,0.5329700345330836,cuda,logloss,0.0014108714553719536,0.012248690515322421,7,282,binary:logistic,0.5972803548260874,hist,COMPLETE
215,0.2880843109450189,0.48538347509863866,0.5397616120645402,cuda,logloss,0.0018326242336974441,0.012121097026269113,7,272,binary:logistic,0.5989419637648485,hist,COMPLETE
216,0.28832869002893247,0.5357795744088756,0.5050077341219502,cuda,logloss,0.0018584623068332038,0.011153002923434244,7,272,binary:logistic,0.5958261461737439,hist,COMPLETE
217,0.28777046786964994,0.5351704194308048,0.5335925901497173,cuda,logloss,0.00180859885830676,0.010361041684487636,7,272,binary:logistic,0.5741737914547443,hist,COMPLETE
218,0.2883035504591907,0.471068980322534,0.5095748470386648,cuda,logloss,0.001975484161982451,0.011930423000968738,7,271,binary:logistic,0.594775410742512,hist,COMPLETE
219,0.28822818270681455,0.6727623323437038,0.501712547932195,cuda,logloss,0.002027704154487765,0.012267157925316787,7,270,binary:logistic,0.598541453614672,hist,COMPLETE
220,0.2879942703526864,0.6972312884401344,0.5115215095923076,cuda,logloss,0.0020806058456795838,0.010965880291570525,8,264,binary:logistic,0.57704282162125,hist,COMPLETE
221,0.2883323565108897,0.4357554424218225,0.49932156139560574,cuda,logloss,0.001833632013854457,0.011984732816673954,7,270,binary:logistic,0.5924846759882447,hist,COMPLETE
222,0.28825696577166987,0.2544089991037571,0.5005662022864045,cuda,logloss,0.002074043159974374,0.01242719082393219,7,270,binary:logistic,0.558100439231254,hist,COMPLETE
223,0.28815230393921926,0.23120009753762594,0.49882766830732406,cuda,logloss,0.002003091676555693,0.011456445280463549,7,270,binary:logistic,0.5538144768209202,hist,COMPLETE
224,0.288179705542987,0.24427785628128953,0.5007072561386683,cuda,logloss,0.0020703736528960596,0.012088986280502043,8,276,binary:logistic,0.53641992638757,hist,COMPLETE
225,0.2881381851947209,0.22746765270234673,0.4992725972001497,cuda,logloss,0.0020347929687289327,0.009779663203320686,7,270,binary:logistic,0.526030021842588,hist,COMPLETE
226,0.28812558245668246,0.2565862380799979,0.50628637852531,cuda,logloss,0.0019907336989137265,0.009347896561563518,9,269,binary:logistic,0.5155595364781854,hist,COMPLETE
227,0.2882620981069729,0.2373865008681923,0.5043685585824904,cuda,logloss,0.0024138187917606335,0.009158535278119028,8,269,binary:logistic,0.5131061494915085,hist,COMPLETE
228,0.28750088347040637,0.1993298137887626,0.49729328992614535,cuda,logloss,0.0023836294935259553,0.008269691492180918,8,263,binary:logistic,0.5368969212321157,hist,COMPLETE
229,0.2880155090711129,0.291742758767494,0.5656316691068359,cuda,logloss,0.002229772283134398,0.011403260729311516,8,270,binary:logistic,0.5553021007924923,hist,COMPLETE
230,0.28820859180751845,0.2073807903585949,0.4932521388101729,cuda,logloss,0.0026736320281570978,0.009794039049974846,8,273,binary:logistic,0.5293026290644913,hist,COMPLETE
231,0.2883467689404479,0.1929046138489251,0.49934676638604775,cuda,logloss,0.002897613562270758,0.010795804324241792,8,276,binary:logistic,0.5350175663603519,hist,COMPLETE
232,0.28830902132801123,0.2583392521154112,0.4952656000824261,cuda,logloss,0.001974019838805962,0.010067622349706037,8,277,binary:logistic,0.4996511989254547,hist,COMPLETE
233,0.28796917305944747,0.1896915135626975,0.5123366786512208,cuda,logloss,0.002585823306628414,0.010984626844038552,9,277,binary:logistic,0.48215209056149533,hist,COMPLETE
234,0.2882608664622382,0.27586171999556536,0.48683978150789575,cuda,logloss,0.0017820044048486815,0.012941423667712724,8,264,binary:logistic,0.4914160890450939,hist,COMPLETE
235,0.28773634253370167,0.28552056922629654,0.4882124154890054,cuda,logloss,0.0030110264598365863,0.012609357205494717,9,277,binary:logistic,0.48837351265856077,hist,COMPLETE
236,0.28828809301234953,0.4428688582193766,0.48607571524554033,cuda,logloss,0.0019061664966525532,0.01021881216028286,8,265,binary:logistic,0.5406070395081566,hist,COMPLETE
237,0.2880487642826877,0.4414814251342963,0.48775236790191506,cuda,logloss,0.001726261289914785,0.010174470211284344,8,262,binary:logistic,0.49912506526787204,hist,COMPLETE
238,0.2880069602156854,0.43040492137815506,0.518955775409632,cuda,logloss,0.0017669314568227502,0.009164864013183652,8,279,binary:logistic,0.5329977411114569,hist,COMPLETE
239,0.2874439439331231,0.3164857491744905,0.48061644748105564,cuda,logloss,0.0027532189901196516,0.007845933583303419,8,264,binary:logistic,0.5418207869251748,hist,COMPLETE
240,0.28822668711524424,0.5969304499661012,0.508368249965414,cuda,logloss,0.002220707968515219,0.012629312728368484,8,275,binary:logistic,0.5207186428325951,hist,COMPLETE
241,0.28820779723431006,0.8617375431955319,0.5039122063227043,cuda,logloss,0.0022309737871475674,0.012762969838556073,8,276,binary:logistic,0.503999164808584,hist,COMPLETE
242,0.2882069571696552,0.6164738072579364,0.508510800561924,cuda,logloss,0.002349234078042653,0.012601198257575436,8,275,binary:logistic,0.5025700704344168,hist,COMPLETE
243,0.28805304112160884,0.813861311821458,0.5530769909388475,cuda,logloss,0.002525390018972933,0.01033718057112366,9,269,binary:logistic,0.5042989492318886,hist,COMPLETE
244,0.2878193671555179,0.6437924865474699,0.5162868575393752,cuda,logloss,0.0029809643196150462,0.0125448421902225,9,281,binary:logistic,0.5204932248591067,hist,COMPLETE
245,0.2884032337913698,0.6292428923074171,0.5064312380642634,cuda,logloss,0.002219260580989713,0.013358606045429652,8,275,binary:logistic,0.4876124981521389,hist,COMPLETE
246,0.2885203437230917,0.5822189135551533,0.5280661223321045,cuda,logloss,0.0022967360218391977,0.013329701071110858,8,273,binary:logistic,0.4695285368549348,hist,COMPLETE
247,0.28823273892429874,0.5747263113979135,0.5093823208151501,cuda,logloss,0.0023360019705516866,0.013716914244938387,8,266,binary:logistic,0.4746951569182622,hist,COMPLETE
248,0.2866098941156758,0.5517675939485345,0.5261333528116678,cuda,logloss,0.0032900390635566034,0.013419443656721073,10,259,binary:logistic,0.45225329343287507,hist,COMPLETE
249,0.28830241574499293,0.9146895154210014,0.4877964837093314,cuda,logloss,0.0022134750761236294,0.014056317126349194,8,266,binary:logistic,0.46641546532422407,hist,COMPLETE
250,0.28831685807352286,0.4771047371341119,0.4850909662122808,cuda,logloss,0.0027912806504240563,0.01433699874068484,8,266,binary:logistic,0.46791030707607845,hist,COMPLETE
251,0.2880107507944495,0.4683341043362812,0.5308749535370496,cuda,logloss,0.0019997364455361893,0.014084361390298155,8,266,binary:logistic,0.47201320413724535,hist,COMPLETE
