number,value,params_alpha,params_colsample_bytree,params_device,params_eval_metric,params_lambda,params_learning_rate,params_max_depth,params_min_child_weight,params_objective,params_subsample,params_tree_method,state
252,0.2884895508365035,0.641610016856193,0.475186571046676,cuda,logloss,0.0022636003702299263,0.010879732969520006,9,259,binary:logistic,0.4342188266602974,hist,COMPLETE
253,0.28814543778505547,0.42386481951922,0.47410927439550055,cuda,logloss,0.0033992745389899892,0.011290579732508885,9,261,binary:logistic,0.45760817426509615,hist,COMPLETE
254,0.2883239274120958,0.7219877002930529,0.4814577828228991,cuda,logloss,0.002847617156524221,0.014256172613034634,7,258,binary:logistic,0.40870882193187663,hist,COMPLETE
255,0.2888654460125582,0.32996856281132986,0.48168217913071115,cuda,logloss,0.0029925129000142,0.014045506709955611,7,258,binary:logistic,0.46472267618259855,hist,COMPLETE
256,0.28844071167007296,0.3339489711355586,0.48377980946301924,cuda,logloss,0.0030308069435820307,0.015233605682945569,7,258,binary:logistic,0.42291441764070625,hist,COMPLETE
257,0.28823478282442944,0.302687998132823,0.484360005836751,cuda,logloss,0.0031064672940300754,0.014776375334138132,7,254,binary:logistic,0.406974469117384,hist,COMPLETE
258,0.2876726684941783,0.35173867344129406,0.474690945127382,cuda,logloss,0.0036618318908551656,0.008772932595124678,7,258,binary:logistic,0.4208054105729585,hist,COMPLETE
259,0.28839964864747525,0.2835930244710532,0.489303910536452,cuda,logloss,0.002823625709317684,0.014913040273503242,7,260,binary:logistic,0.4321651207596274,hist,COMPLETE
260,0.28689538750053106,0.3694701933352318,0.5438896242884759,cuda,logloss,0.0029410999948188475,0.01544469027778759,8,257,binary:logistic,0.41510898237383903,hist,COMPLETE
261,0.2864689722250008,0.32907870272876194,0.4698397843715416,cuda,logloss,0.0027988542076125074,0.014770424261105013,9,259,binary:logistic,0.4276098641686521,hist,COMPLETE
262,0.2883434617283919,0.9285749808560736,0.46196332223452796,cuda,logloss,0.0034917741212336143,0.010688354796705806,7,263,binary:logistic,0.4602961418298281,hist,COMPLETE
263,0.2885344923665615,0.745527712048189,0.46152440029785696,cuda,logloss,0.003982639253810973,0.011280309060720226,7,261,binary:logistic,0.46507134739995915,hist,COMPLETE
264,0.28830922258345465,0.9957613055156329,0.461155159511659,cuda,logloss,0.003477721077482539,0.010904862697853403,7,254,binary:logistic,0.44489114433706206,hist,COMPLETE
265,0.2882440574532813,0.9613363568139076,0.46132118138073297,cuda,logloss,0.004114584657583152,0.010863347847805158,7,252,binary:logistic,0.43793545467852213,hist,COMPLETE
266,0.2884504386414312,0.8590172187722105,0.5862128934312582,cuda,logloss,0.004319371271538588,0.010450491458006762,7,256,binary:logistic,0.4622176595882037,hist,COMPLETE
267,0.2884752113861554,0.809031245382591,0.4690058005591913,cuda,logloss,0.00399705930919571,0.011116414110610418,7,255,binary:logistic,0.46133791548316333,hist,COMPLETE
268,0.2886260042776434,0.8034275066115358,0.6313070850233841,cuda,logloss,0.004553033435052496,0.01124891100158357,7,244,binary:logistic,0.442040912420973,hist,COMPLETE
269,0.2884887152727693,0.7466937746037292,0.6354735061083582,cuda,logloss,0.004756971753413938,0.010669676018885731,7,253,binary:logistic,0.43668115528330276,hist,COMPLETE
270,0.28809727456043016,0.7552803971591944,0.6202434742354604,cuda,logloss,0.004208479900616226,0.010714587382031725,7,244,binary:logistic,0.4446835760658907,hist,COMPLETE
271,0.2882612221957017,0.7679013385209635,0.6419541829400349,cuda,logloss,0.004856157919016155,0.010689392495550818,7,249,binary:logistic,0.4341896848752705,hist,COMPLETE
272,0.2884335503841249,0.6659195508884674,0.6678382373667751,cuda,logloss,0.0038183485642401195,0.01156653282401371,7,245,binary:logistic,0.45561689654185833,hist,COMPLETE
273,0.287983061935508,0.910194120863605,0.679280562735379,cuda,logloss,0.0050091604803593395,0.013576186777008068,7,249,binary:logistic,0.45919282931427513,hist,COMPLETE
274,0.2882395370824139,1.2100811759215342,0.610498500808071,cuda,logloss,0.003951390771145347,0.011498788901160423,7,243,binary:logistic,0.44031701580042826,hist,COMPLETE
275,0.28871591996943297,0.7278000065649565,0.5861119473361786,cuda,logloss,0.003819474605380083,0.011392608832900792,7,254,binary:logistic,0.4514254835592838,hist,COMPLETE
276,0.2886704859100786,0.7088678594231023,0.6005083951597061,cuda,logloss,0.004758368399060447,0.011535554380687933,7,245,binary:logistic,0.46338966381071756,hist,COMPLETE
277,0.28884497116463276,0.7254874499076576,0.5780259632282633,cuda,logloss,0.0050334153738032066,0.011511094981254204,7,243,binary:logistic,0.45716029001283964,hist,COMPLETE
278,0.288765114869327,0.7058775273688052,0.5853135902574106,cuda,logloss,0.005463178881905145,0.011805265726005265,7,248,binary:logistic,0.453160197696561,hist,COMPLETE
279,0.2886055334483971,0.7169031982217844,0.5820577714861445,cuda,logloss,0.005530303939573274,0.011628078334293681,7,244,binary:logistic,0.4615742582442342,hist,COMPLETE
280,0.2888924226008367,0.7302135853502147,0.5836102136775795,cuda,logloss,0.005386426130378603,0.011625422177971313,7,238,binary:logistic,0.45755702065155673,hist,COMPLETE
281,0.2877712151831937,0.7358135676378692,0.5906990971523174,cuda,logloss,0.005867702706061823,0.009351945927480053,7,231,binary:logistic,0.45667598296286227,hist,COMPLETE
282,0.2883536021414438,0.655767242006233,0.5807882441965843,cuda,logloss,0.005153575593735937,0.011387514085538163,7,244,binary:logistic,0.4279830430213921,hist,COMPLETE
283,0.288605232690462,0.6596105992926975,0.5825221925895847,cuda,logloss,0.005399539612888825,0.011358396665247569,7,244,binary:logistic,0.4283285600479392,hist,COMPLETE
284,0.28871805276274287,0.6686992513037798,0.582053654819108,cuda,logloss,0.005266846980352208,0.01168614180297011,7,238,binary:logistic,0.4316655446237768,hist,COMPLETE
285,0.2885005692505396,0.6741607218622314,0.5809078789865314,cuda,logloss,0.006698266038568507,0.011387243251943867,7,236,binary:logistic,0.4260709358416363,hist,COMPLETE
286,0.28842723077030313,0.6569901775467928,0.5844460383266993,cuda,logloss,0.007385028652913786,0.011626963468849352,7,237,binary:logistic,0.4322025947223665,hist,COMPLETE
287,0.28863892561655163,0.801287453784461,0.5989210647437463,cuda,logloss,0.007968219865633102,0.011745265146846004,7,239,binary:logistic,0.44707174625194257,hist,COMPLETE
288,0.2887880960869605,0.811190136375672,0.5877413830764399,cuda,logloss,0.00751866302513903,0.011470882034047922,7,240,binary:logistic,0.4503090322642054,hist,COMPLETE
289,0.28807829771528265,1.0996239470989202,0.6089718095947473,cuda,logloss,0.00829980134030967,0.009683223948141377,7,236,binary:logistic,0.4488696261605502,hist,COMPLETE
290,0.28824899110509544,0.8257645452736876,0.5931797866637555,cuda,logloss,0.006848074741441832,0.011520232567910701,7,227,binary:logistic,0.4794934125767172,hist,COMPLETE
291,0.2874111630864154,0.7011064991041811,0.575240353830962,cuda,logloss,0.006329667146363655,0.008564892637446834,13,237,binary:logistic,0.42362833850687925,hist,COMPLETE
292,0.28863660282009934,0.8092307312941165,0.597333379962797,cuda,logloss,0.007894362228211757,0.011842648257259648,7,238,binary:logistic,0.44942626128472424,hist,COMPLETE
293,0.2881482542360342,0.848671560782199,0.5974987458558493,cuda,logloss,0.007875454296315434,0.009855025403478533,7,234,binary:logistic,0.4470428134539049,hist,COMPLETE
294,0.2885549431024129,0.7812057330914485,0.6301653351912063,cuda,logloss,0.005575931511213411,0.011198046839247865,7,239,binary:logistic,0.46592670369868694,hist,COMPLETE
295,0.28860522127741356,1.0409636842484415,0.6277878647744837,cuda,logloss,0.0052137973474408105,0.011585606411536439,7,238,binary:logistic,0.4681169386439321,hist,COMPLETE
296,0.2885089698970862,1.194068850523706,0.6278044820815296,cuda,logloss,0.005385994407854873,0.01034133624386055,7,227,binary:logistic,0.46281014587952896,hist,COMPLETE
297,0.28813001939977423,1.1088582544552348,0.6273522391182392,cuda,logloss,0.00558489333085713,0.009813918827181073,7,238,binary:logistic,0.4650381738957171,hist,COMPLETE
298,0.288304978536954,1.0332867859841839,0.6501940624796135,cuda,logloss,0.0050089495659272005,0.010289169725156823,7,225,binary:logistic,0.4742534311166479,hist,COMPLETE
299,0.2876581710293726,1.4145079408684675,0.5633695067347145,cuda,logloss,0.006423236338978487,0.008936921591268578,7,241,binary:logistic,0.4442876309983945,hist,COMPLETE
300,0.2885326445779651,0.8237506893452056,0.6020880932473437,cuda,logloss,0.009248796517101318,0.012125095664743808,7,229,binary:logistic,0.4668058249303403,hist,COMPLETE
301,0.28832873503813705,0.8543262759529838,0.6064998058930877,cuda,logloss,0.009053232505118093,0.012492477038009066,7,219,binary:logistic,0.4652129397361038,hist,COMPLETE
302,0.2885217213262471,1.131999787963733,0.6238882256511186,cuda,logloss,0.0047621295509469785,0.011970153639425324,7,230,binary:logistic,0.4510612371514004,hist,COMPLETE
303,0.2885376848051459,1.1788695628745423,0.620167394541597,cuda,logloss,0.010863604492144081,0.011809703891125943,7,226,binary:logistic,0.44850269494460865,hist,COMPLETE
304,0.2886858731104111,1.102368988510522,0.6259167281051533,cuda,logloss,0.00591171090162258,0.01189783560321193,7,228,binary:logistic,0.44853457761517934,hist,COMPLETE
305,0.2883759553199259,1.1269707369400193,0.6255971927099326,cuda,logloss,0.010618839541096754,0.012062245175338777,7,208,binary:logistic,0.44712976222792034,hist,COMPLETE
306,0.28795468491797716,1.1515420918837191,0.627968911177109,cuda,logloss,0.00650947939548403,0.013008282449479913,8,214,binary:logistic,0.4385064652970164,hist,COMPLETE
307,0.28837524337075715,0.9665569586118811,0.6392547593210771,cuda,logloss,0.005585388740471663,0.011978277152934248,7,229,binary:logistic,0.4764804018231732,hist,COMPLETE
308,0.2886383707173577,1.4246242640406068,0.6036184624912674,cuda,logloss,0.008638689295854228,0.011817824091573658,7,225,binary:logistic,0.4533972711522995,hist,COMPLETE
309,0.2885260885050719,1.3449126557823567,0.603825701414997,cuda,logloss,0.008107180792639081,0.013057264207780785,7,225,binary:logistic,0.45126998950640385,hist,COMPLETE
310,0.28863722893028504,1.4436687626224,0.6065027200701117,cuda,logloss,0.010653967717838133,0.012931686767719336,7,222,binary:logistic,0.45288891790074276,hist,COMPLETE
311,0.28826447041355036,1.3743357831668568,0.6022365832154232,cuda,logloss,0.011742453456602962,0.01303639731098657,6,220,binary:logistic,0.45100225093450774,hist,COMPLETE
312,0.28828489607284485,1.379389661554039,0.6125769262343476,cuda,logloss,0.008107798704245304,0.013103146422844575,7,225,binary:logistic,0.47111770666184705,hist,COMPLETE
313,0.2881524220883813,1.598446192097125,0.6162058943960549,cuda,logloss,0.00931098419395502,0.0121107247675501,8,229,binary:logistic,0.45327343839271694,hist,COMPLETE
314,0.28829479825860665,1.2026783051359087,0.5978483813978923,cuda,logloss,0.014017384729751062,0.013260818377961694,6,229,binary:logistic,0.4823774827527,hist,COMPLETE
315,0.28863844755449986,1.3091427994983105,0.5742086883335717,cuda,logloss,0.009541269603322716,0.011945432933528245,7,216,binary:logistic,0.4534243730967872,hist,COMPLETE
316,0.28862008299528213,1.4721266286739545,0.5649212099274942,cuda,logloss,0.011169281679906036,0.01221145912022531,7,220,binary:logistic,0.4497515109996336,hist,COMPLETE
317,0.2886210428165707,1.3429113854690713,0.570026730319812,cuda,logloss,0.011710247741767866,0.011970129797846932,7,213,binary:logistic,0.4493718960574882,hist,COMPLETE
318,0.28900733560113223,1.5200921279757127,0.5696970045502837,cuda,logloss,0.01221275458166823,0.012017557499450241,7,214,binary:logistic,0.44683614945110933,hist,COMPLETE
319,0.28812133712420457,1.515689676631784,0.5616762663228244,cuda,logloss,0.011565861058302096,0.012126017222862336,6,201,binary:logistic,0.4435654827323066,hist,COMPLETE
320,0.2881643027501801,1.7405139379180092,0.5716577802773953,cuda,logloss,0.010472866868075501,0.009576394810314453,8,218,binary:logistic,0.4155692771800497,hist,COMPLETE
321,0.28832757460439373,0.985776282233231,0.570602400385634,cuda,logloss,0.014850557768903634,0.011779782502645296,6,213,binary:logistic,0.4385924284421739,hist,COMPLETE
322,0.21395155038116268,0.9895441388692063,0.5920619127245179,cuda,logloss,0.019397428679769037,0.06377385968396866,20,210,binary:logistic,0.45888267816483547,hist,COMPLETE
323,0.2885315113104919,1.4021499416576164,0.5820373053591837,cuda,logloss,0.009749877447962811,0.011472266332685915,7,217,binary:logistic,0.4752946003350718,hist,COMPLETE
324,0.28872246109284033,0.831917017803967,0.5549956825856994,cuda,logloss,0.008425856969451771,0.010178126112868653,7,190,binary:logistic,0.4482935781493789,hist,COMPLETE
325,0.2855220635952072,1.7428054162350841,0.5572111924476996,cuda,logloss,0.011850679370407189,0.009585821871751773,16,206,binary:logistic,0.4482562965661177,hist,COMPLETE
326,0.28740619841039944,1.0030933048706303,0.5685213935129817,cuda,logloss,0.007497074231319004,0.007871536555287417,8,187,binary:logistic,0.43453615444777144,hist,COMPLETE
327,0.28742599169036914,1.2932597167803779,0.6546058182865035,cuda,logloss,0.013210812128716394,0.010813134290567381,6,153,binary:logistic,0.45422944482240046,hist,COMPLETE
328,0.28844092096287455,0.8078217935299833,0.5526466257400284,cuda,logloss,0.0062614558508520286,0.010284280425296449,7,240,binary:logistic,0.40416452361469773,hist,COMPLETE
329,0.2881155201667498,1.520891509449539,0.5901022171950457,cuda,logloss,0.008517917393119287,0.008954109694396075,8,221,binary:logistic,0.41941073931579875,hist,COMPLETE
330,0.2887700137997547,0.9664691691224511,0.5762756238432155,cuda,logloss,0.00712985747476375,0.013014565715134006,7,197,binary:logistic,0.4427805407223115,hist,COMPLETE
331,0.28847684956045627,1.099565679521782,0.5753465529589816,cuda,logloss,0.0074650656666656575,0.01334129035179655,6,195,binary:logistic,0.43926548642420565,hist,COMPLETE
332,0.28890553715783057,0.9632723319046036,0.6128005112359609,cuda,logloss,0.010615504148703986,0.012803380056300849,7,204,binary:logistic,0.42942445219403597,hist,COMPLETE
333,0.2879336456867755,0.9451984456015623,0.592884860164175,cuda,logloss,0.005990671224809626,0.013966282388396863,8,203,binary:logistic,0.4252521336164265,hist,COMPLETE
334,0.28840242491166396,0.9023311708309196,0.5802127987755962,cuda,logloss,0.008997319313756611,0.01282848248874787,6,192,binary:logistic,0.4325746178165077,hist,COMPLETE
335,0.2882224597864481,1.2977702016187824,0.5561831994408942,cuda,logloss,0.0067546166888733696,0.010056091598827364,7,202,binary:logistic,0.44296381804530416,hist,COMPLETE
336,0.28812072741022904,1.9799919524246534,0.6079993515365473,cuda,logloss,0.005594630768994088,0.01257765887611666,8,212,binary:logistic,0.48522716210139816,hist,COMPLETE
337,0.28871195208655204,0.771503840468604,0.572489826778269,cuda,logloss,0.0076988571676992,0.014156776204755332,6,234,binary:logistic,0.45634286567567905,hist,COMPLETE
338,0.28882455129223616,0.5852327721789117,0.5703437357671219,cuda,logloss,0.007583755851080149,0.014161324790932944,6,245,binary:logistic,0.4175555195918209,hist,COMPLETE
339,0.28866053421419174,0.5832337680517946,0.5678702473299218,cuda,logloss,0.010036880083892218,0.014567262701374034,6,244,binary:logistic,0.41169197292781057,hist,COMPLETE
340,0.2886471018600638,0.5647715567855554,0.5642352323276062,cuda,logloss,0.010191731778808093,0.015223215272482042,6,233,binary:logistic,0.40104628776111434,hist,COMPLETE
341,0.28858746675366576,0.5725831509214484,0.5488564316406841,cuda,logloss,0.01525887919089228,0.014662488312825668,6,215,binary:logistic,0.41488566219563244,hist,COMPLETE
342,0.2881110460910642,0.5509917099930698,0.5667127369438475,cuda,logloss,0.012615707954286523,0.015545529247784906,6,232,binary:logistic,0.41306374441377003,hist,COMPLETE
343,0.28838061103990154,0.7828403202811355,0.5663789933886343,cuda,logloss,0.010258164128163124,0.014472892530486099,6,221,binary:logistic,0.40229976426474373,hist,COMPLETE
344,0.2883240034455022,1.5966245715829859,0.5459594314475333,cuda,logloss,0.008978899091837791,0.013977289917776706,6,200,binary:logistic,0.4001080206716378,hist,COMPLETE
345,0.2885057769762605,0.9549495540704502,0.5994669844489008,cuda,logloss,0.007929555862873406,0.01566870361055571,6,210,binary:logistic,0.41762535827556413,hist,COMPLETE
346,0.28826925440975915,0.5658804474572451,0.5726034331377684,cuda,logloss,0.012511379795840388,0.013820256075178216,6,234,binary:logistic,0.43117588122980804,hist,COMPLETE
347,0.2886496810482352,0.8474671445510618,0.5934784296037693,cuda,logloss,0.009252214658849234,0.013058920854061061,6,234,binary:logistic,0.4228506150195576,hist,COMPLETE
348,0.2887456752331078,0.8517141951355209,0.5937040700787235,cuda,logloss,0.007267929429318265,0.014775736397036695,6,247,binary:logistic,0.41705956949575423,hist,COMPLETE
349,0.28857195481353765,0.8333092057929938,0.5928071997183665,cuda,logloss,0.0070565517133456546,0.015834633234886056,6,234,binary:logistic,0.4111315403924771,hist,COMPLETE
350,0.2886516810643916,0.6327202438929268,0.6105289271792909,cuda,logloss,0.008789825281694577,0.014819879669883403,6,247,binary:logistic,0.4239519971439164,hist,COMPLETE
351,0.2889515881647824,0.6066123254869007,0.6123618863709672,cuda,logloss,0.009017849929304565,0.014348549625437003,6,248,binary:logistic,0.4241325974407815,hist,COMPLETE
352,0.28860547911585716,0.5767749352655674,0.6096555280923394,cuda,logloss,0.008491078747181394,0.015509495794031812,6,246,binary:logistic,0.42128882256834044,hist,COMPLETE
353,0.2882698625162628,0.5443048094346918,0.6131905316999026,cuda,logloss,0.009503108904513644,0.013936291865401474,6,144,binary:logistic,0.4016924075919973,hist,COMPLETE
354,0.28841013466691984,0.6695100234733565,0.588779556447254,cuda,logloss,0.007097639394546009,0.0150065366285075,6,178,binary:logistic,0.4230684385306834,hist,COMPLETE
355,0.28812581280736177,0.6085041983355407,0.5796459656380238,cuda,logloss,0.29244587086564117,0.015734992993635507,6,163,binary:logistic,0.42093599196870024,hist,COMPLETE
356,0.2887437813100766,0.495569273495735,0.5979520178690865,cuda,logloss,0.009714533704427895,0.013954394206581738,6,248,binary:logistic,0.41316341650502575,hist,COMPLETE
357,0.2888112319433612,0.49599238899183185,0.5928637334733531,cuda,logloss,0.00938138050119208,0.014550783187143753,6,247,binary:logistic,0.413023721778547,hist,COMPLETE
358,0.2884347612924761,0.4991629885537262,0.5871134802827545,cuda,logloss,0.007068332275218858,0.014537602690908777,6,249,binary:logistic,0.413937580055568,hist,COMPLETE
359,0.28850218058006477,0.5131098702535298,0.5626000183667881,cuda,logloss,0.00973103257312327,0.01417624117376834,6,245,binary:logistic,0.4110039321437045,hist,COMPLETE
360,0.28866069898003005,0.6999238044508148,0.5454735738125536,cuda,logloss,0.0069613465234005896,0.015371138471154134,6,249,binary:logistic,0.4007542146960673,hist,COMPLETE
361,0.2883194576765835,0.6527670461062325,0.5466339693937252,cuda,logloss,0.006728651456677636,0.016321684372860544,6,248,binary:logistic,0.40149550425598546,hist,COMPLETE
362,0.2884826650711864,0.7068968922911342,0.5562271450492383,cuda,logloss,0.007797437665004297,0.016135197078060114,6,250,binary:logistic,0.41122649283869434,hist,COMPLETE
363,0.28877080355054846,0.48991510325857873,0.5944561958865665,cuda,logloss,0.006442743786030628,0.014352080980039589,6,241,binary:logistic,0.4283972760384405,hist,COMPLETE
364,0.2887750580456144,0.5241060164001792,0.5872515050492616,cuda,logloss,0.006347923670656649,0.016320496311566384,6,244,binary:logistic,0.4268382464327299,hist,COMPLETE
365,0.28883763369979815,0.44260692737040597,0.5885061159269825,cuda,logloss,0.006969080536169098,0.016737492070033076,6,248,binary:logistic,0.42752427236874846,hist,COMPLETE
366,0.28856191036653983,0.45674708484769183,0.615898872332666,cuda,logloss,0.006361600290080646,0.015641545171908123,6,247,binary:logistic,0.4298936582504311,hist,COMPLETE
367,0.2886211603227441,0.49387689662023176,0.5803334668473056,cuda,logloss,0.0067337834235570064,0.014946608092686617,6,242,binary:logistic,0.431769023866884,hist,COMPLETE
368,0.28900808082496277,0.45519307416136845,0.5887323890702024,cuda,logloss,0.005915918645040515,0.016826964149507347,6,250,binary:logistic,0.41869559294645176,hist,COMPLETE
369,0.2888140355345671,0.43229791221428965,0.5943381853334507,cuda,logloss,0.004541891924965691,0.017161250937123163,6,251,binary:logistic,0.4125571645452937,hist,COMPLETE
370,0.285400242967981,0.4172794952657513,0.58970956068756,cuda,logloss,0.004759262648349493,0.01651407654066131,6,188,binary:logistic,0.9962348897132225,hist,COMPLETE
371,0.2886823062916927,0.4580484225510072,0.5835961849555268,cuda,logloss,0.006021695702860846,0.017098906022651694,6,252,binary:logistic,0.4322034886287666,hist,COMPLETE
372,0.28866762959380454,0.43642919692990817,0.5978052378534994,cuda,logloss,0.0045207972956065575,0.017337534983925245,6,252,binary:logistic,0.43465840059094607,hist,COMPLETE
373,0.2604868687521464,0.47249680207433403,0.5816493128744501,cuda,logloss,0.005811464399011385,0.001059067574854809,6,251,binary:logistic,0.43387529097804056,hist,COMPLETE
374,0.28847750621260204,0.5199586277136536,0.6148854306524325,cuda,logloss,0.005912554383220001,0.017636946368276975,6,241,binary:logistic,0.4165765329660089,hist,COMPLETE
375,0.28149391515756506,0.41360678200784945,0.5944998992524931,cuda,logloss,0.004597948015629656,0.013772072715421862,18,251,binary:logistic,0.4271148622471174,hist,COMPLETE
376,0.2857263772533937,0.4492594486344419,0.57883783271113,cuda,logloss,0.0059961239655480425,0.01678787809776714,6,240,binary:logistic,0.9773175173845414,hist,COMPLETE
377,0.286310250319132,0.5396536341256402,0.6048979610332561,cuda,logloss,0.00481109793471914,0.01627085609008731,6,31,binary:logistic,0.4380631603175165,hist,COMPLETE
378,0.2884303970071003,0.3844964222753826,0.6458119917683413,cuda,logloss,0.005886856911763725,0.01383544693076836,6,246,binary:logistic,0.4213321375739516,hist,COMPLETE
