number,value,params_alpha,params_colsample_bytree,params_eval_metric,params_lambda,params_learning_rate,params_max_depth,params_min_child_weight,params_objective,params_subsample,params_tree_method,state
0,0.25151653636264565,5.904816368739803,0.5989230642684567,logloss,0.1566772113230591,0.0027231302772946246,7,260,binary:logistic,0.46475738402880323,gpu_hist,COMPLETE
1,0.27885771848831126,0.6886392900182157,0.847374607414235,logloss,0.03607450910868168,0.00655227097913751,22,95,binary:logistic,0.877547777303857,gpu_hist,COMPLETE
2,0.2798542997585565,1.5200392958092102,0.932739072014442,logloss,0.04052684192430588,0.00719883208099798,23,154,binary:logistic,0.7789097702122305,gpu_hist,COMPLETE
3,0.2677262895542446,0.002149643562412093,0.4998798133590643,logloss,0.014536577909385423,0.0031395967536738535,7,75,binary:logistic,0.7222016352196633,gpu_hist,COMPLETE
4,0.27196037407115237,0.08399078421428108,0.4548862007383262,logloss,0.7039892566041965,0.014852229463022778,18,61,binary:logistic,0.546907462108509,gpu_hist,COMPLETE
5,0.2683540925681673,0.005115035042704489,0.3434519901213561,logloss,0.7647711914746885,0.0034637142630576847,8,118,binary:logistic,0.8381391996774568,gpu_hist,COMPLETE
6,0.2739053012115428,0.004592828012613002,0.555146517915043,logloss,0.029696348363478734,0.020643923258872144,18,186,binary:logistic,0.9946683707328373,gpu_hist,COMPLETE
7,0.27793034996171156,0.007494351946175766,0.5024583395832233,logloss,0.012670195612741492,0.0157093168650782,6,26,binary:logistic,0.44227889742159365,gpu_hist,COMPLETE
8,0.2803156027938118,0.02163768626655114,0.6342731043444484,logloss,0.003631044856821088,0.01519469361766847,5,32,binary:logistic,0.546882381132263,gpu_hist,COMPLETE
9,0.2643940822794102,0.10654502378521767,0.8844056316439168,logloss,7.350212858986703,0.03304762692974373,19,183,binary:logistic,0.7528783407376262,gpu_hist,COMPLETE
10,0.14180880733962462,0.04593031404862762,0.7289305402587407,logloss,0.0011720593504988145,0.0829646473012859,12,4,binary:logistic,0.60722170621267,gpu_hist,COMPLETE
11,0.2268281094711161,8.48885542230561,0.7273184607879895,logloss,0.0014367518168585682,0.0010908746730921089,25,160,binary:logistic,0.5880203151944553,gpu_hist,COMPLETE
12,0.2790937321293063,0.7570845592016345,0.9539596003464181,logloss,0.004046867406569284,0.007371323764194603,12,264,binary:logistic,0.6352656324909918,gpu_hist,COMPLETE
13,0.2788912304130996,0.6828554689176723,0.7363320128787675,logloss,0.15149940401877351,0.0450995495230268,3,224,binary:logistic,0.8195623063379232,gpu_hist,COMPLETE
14,0.27919861097042215,0.025811807459722523,0.9942667253699449,logloss,0.00554026851698161,0.008296870701254344,15,129,binary:logistic,0.5104057651422964,gpu_hist,COMPLETE
15,0.23380473937041826,0.25528614408998845,0.6411531672607949,logloss,0.05497632107754721,0.029975913264010768,24,42,binary:logistic,0.6734173268940435,gpu_hist,COMPLETE
16,0.25416316471880407,0.018721900826589796,0.8004959259560658,logloss,0.004559505556440852,0.004654037309399828,3,215,binary:logistic,0.9381670824250564,gpu_hist,COMPLETE
17,0.27930576197263507,0.0011362717598037563,0.3574556683165411,logloss,0.44549609360989556,0.011780516663441279,14,294,binary:logistic,0.7770182223473051,gpu_hist,COMPLETE
18,0.24657262871899763,2.929848355289758,0.6657631679276932,logloss,5.168017379404269,0.0018360773275762454,10,139,binary:logistic,0.6832687897114714,gpu_hist,COMPLETE
19,0.22729643281706066,2.0377683018761403,0.8959255822474299,logloss,0.012267984830552109,0.06177107432939509,20,96,binary:logistic,0.4914070889692395,gpu_hist,COMPLETE
20,0.2735244956920119,0.22679717037879613,0.7931156564142415,logloss,0.08535972628143876,0.023991313089908244,16,155,binary:logistic,0.4062773432536134,gpu_hist,COMPLETE
21,0.27896734146034036,0.0025501488540783258,0.3179387230852943,logloss,0.5226171441060223,0.01131536483476743,13,277,binary:logistic,0.7713759864508205,gpu_hist,COMPLETE
22,0.28018281937106654,0.0015365951385743792,0.4811187481362146,logloss,0.28985691831304183,0.011647520921064672,10,296,binary:logistic,0.7901478371035046,gpu_hist,COMPLETE
23,0.2749216542216382,0.0011978606748351793,0.43104221615503086,logloss,1.4350289565544827,0.005751394816619802,10,237,binary:logistic,0.8863012261878765,gpu_hist,COMPLETE
24,0.28091595839102595,0.01255635873612732,0.551889183227491,logloss,0.2866768861021533,0.017338315876492632,5,187,binary:logistic,0.8218163214493591,gpu_hist,COMPLETE
25,0.28068172325660196,0.013232545156809336,0.5667747483954583,logloss,2.383391958517979,0.016874052118680965,5,195,binary:logistic,0.8435678992855588,gpu_hist,COMPLETE
26,0.28083145778879276,0.010944035055147294,0.5716231528479299,logloss,2.951265675338793,0.018999217399384316,5,196,binary:logistic,0.8999953750368146,gpu_hist,COMPLETE
27,0.2742507801316034,0.01042861122417318,0.5399777840283967,logloss,2.3829551994122795,0.04869961520254239,5,198,binary:logistic,0.9457980761061703,gpu_hist,COMPLETE
28,0.27946416977855465,0.011040542504708503,0.4161300466219773,logloss,3.1480680761196376,0.020088050128989305,4,237,binary:logistic,0.884603215710915,gpu_hist,COMPLETE
29,0.26869476161172645,0.045364311768145434,0.5563805474352831,logloss,1.3549582588845404,0.03690774225262769,8,174,binary:logistic,0.939349367307225,gpu_hist,COMPLETE
30,0.2763996967031599,0.004694012135991392,0.5837415164263327,logloss,0.22767451523492235,0.02508558634646783,8,210,binary:logistic,0.830571537320796,gpu_hist,COMPLETE
31,0.2816968026669542,0.021629497862400794,0.6307801831053363,logloss,9.493524910744716,0.018108138828649464,5,246,binary:logistic,0.8619875530853296,gpu_hist,COMPLETE
32,0.28171114919017703,0.015103149570929463,0.6044894185382266,logloss,7.240378169550083,0.019292817445274606,6,247,binary:logistic,0.8601236912581118,gpu_hist,COMPLETE
33,0.28032617336626214,0.045248467853568876,0.6775164935676943,logloss,9.928704736497313,0.009410213977932791,7,246,binary:logistic,0.9083209439036468,gpu_hist,COMPLETE
34,0.2769874903921141,0.03430283352825028,0.6143782764376394,logloss,5.429401590633061,0.022866930222828815,3,257,binary:logistic,0.9906076491742514,gpu_hist,COMPLETE
35,0.2783183379858154,0.09384708573574077,0.690014875653256,logloss,3.4892608456199903,0.028598798563717595,6,227,binary:logistic,0.730870683656621,gpu_hist,COMPLETE
36,0.2701505005856384,0.0026821757568601915,0.5232942385860857,logloss,1.3945301484366284,0.041093019786335915,9,272,binary:logistic,0.8566153931824741,gpu_hist,COMPLETE
37,0.2810922951313615,0.008656298715188852,0.6047568665748111,logloss,5.089874651670575,0.01895471896543,6,170,binary:logistic,0.9085370218062115,gpu_hist,COMPLETE
38,0.2812316153373408,0.007373483483605086,0.6035654726793879,logloss,5.457160405167327,0.012969091558906952,6,167,binary:logistic,0.8073952070316548,gpu_hist,COMPLETE
39,0.28191195904253175,0.006772162862795028,0.609129374560866,logloss,9.09234772552394,0.013588218801335329,7,110,binary:logistic,0.9656505461499723,gpu_hist,COMPLETE
40,0.2807074326750235,0.003811618173623078,0.7041077803305702,logloss,9.419439992950519,0.013463617726744655,9,105,binary:logistic,0.9581333368041203,gpu_hist,COMPLETE
41,0.2816193601509927,0.006470508953035481,0.6074284040459994,logloss,5.432649947078549,0.009242730283156924,7,73,binary:logistic,0.916216155718341,gpu_hist,COMPLETE
42,0.2766834127066745,0.017127391920315774,0.6300088534015494,logloss,6.556840546400768,0.00576090069839331,7,61,binary:logistic,0.861091427252046,gpu_hist,COMPLETE
43,0.2758334551895929,0.00618517996993768,0.6011930716378874,logloss,3.9265025976809578,0.010098869160309845,4,72,binary:logistic,0.969840266801885,gpu_hist,COMPLETE
44,0.2690911771271524,0.006314514996206484,0.5063237886090762,logloss,8.055312305388261,0.004027394535545638,7,84,binary:logistic,0.9121719367267203,gpu_hist,COMPLETE
45,0.28063533725257,0.0038506099558265625,0.7673028239100598,logloss,1.8354273274276685,0.008641260191263773,9,112,binary:logistic,0.9974538512794464,gpu_hist,COMPLETE
46,0.28112724172454695,0.028325598996754114,0.6589968744801069,logloss,4.690898216522741,0.015466374315612316,6,133,binary:logistic,0.8670617964256767,gpu_hist,COMPLETE
47,0.27891667058002956,0.002936083949357162,0.47768492363545767,logloss,0.9393117090963962,0.006405551735442033,11,87,binary:logistic,0.8037991122038425,gpu_hist,COMPLETE
48,0.2786458812200796,0.0600171986462905,0.6430408046916357,logloss,6.8931744400618,0.012727269076088612,4,48,binary:logistic,0.7361736938980452,gpu_hist,COMPLETE
49,0.2665814666106771,0.017629127896957024,0.7175502091124197,logloss,2.325836239477376,0.0026580324649908573,8,16,binary:logistic,0.9272270291259838,gpu_hist,COMPLETE
50,0.27820451002884544,0.008431328370674729,0.7569448178339855,logloss,1.0344586667346962,0.007179477344811849,6,142,binary:logistic,0.9669141231566284,gpu_hist,COMPLETE
51,0.28137216750954924,0.02472255649668405,0.6615850862548542,logloss,4.165641393773713,0.013897729499417756,6,125,binary:logistic,0.8703465729208617,gpu_hist,COMPLETE
52,0.2790926273140803,0.13991814667487962,0.6183251117329873,logloss,9.304755371518496,0.014315166394796977,4,110,binary:logistic,0.8797770593217511,gpu_hist,COMPLETE
53,0.2816858753965571,0.030285884116854393,0.5934403253768255,logloss,4.012933599471227,0.010207609501156682,8,122,binary:logistic,0.8020619035914127,gpu_hist,COMPLETE
54,0.2815536618224917,0.07147603852061837,0.669858398359486,logloss,3.6873431765332776,0.009827731927787336,7,130,binary:logistic,0.8438636324681767,gpu_hist,COMPLETE
55,0.2813158175928465,0.03651087006673063,0.6929598349280618,logloss,7.002567135929504,0.009912242017604793,8,147,binary:logistic,0.7665988818742192,gpu_hist,COMPLETE
56,0.2793681212611423,0.07440263926490731,0.5233143060853968,logloss,3.0428810630831955,0.007329672020448134,11,95,binary:logistic,0.7058922762697952,gpu_hist,COMPLETE
57,0.2814137020035654,0.20287497606164764,0.5896817922554397,logloss,1.9221057292592334,0.011024773503443849,7,121,binary:logistic,0.8429499679008698,gpu_hist,COMPLETE
58,0.2777766906268785,0.057668830294985984,0.6468625696229908,logloss,0.7173022283405557,0.008234270474909195,21,68,binary:logistic,0.9172515235092872,gpu_hist,COMPLETE
59,0.27429781667938913,0.4916878451755864,0.5344293675647116,logloss,0.020063294283316796,0.00440663233067085,9,100,binary:logistic,0.8047109441142689,gpu_hist,COMPLETE
60,0.27677909616728813,0.01622645074765475,0.8261752847303454,logloss,3.723508180725925,0.005232397597312436,16,83,binary:logistic,0.8897747049379199,gpu_hist,COMPLETE
61,0.2810680843587062,0.15079619624299243,0.5751931238223501,logloss,1.8656735499100152,0.010936594851178793,7,120,binary:logistic,0.8460535973015841,gpu_hist,COMPLETE
62,0.28060167792263657,0.19756377657256902,0.5894515698674485,logloss,6.70909011483668,0.008842223711058677,8,134,binary:logistic,0.840124671449825,gpu_hist,COMPLETE
63,0.2804405878896164,0.03149285300894156,0.6287101222121215,logloss,2.400026735488208,0.017027071329514257,7,155,binary:logistic,0.7551847912263648,gpu_hist,COMPLETE
64,0.28054800203492913,0.021041820153164255,0.6742199498512338,logloss,4.740764501202235,0.021219718279043866,5,122,binary:logistic,0.7909007110578762,gpu_hist,COMPLETE
65,0.2694457419588999,0.2774076750771357,0.5890613475345575,logloss,9.831523977593932,0.027079854612763243,10,114,binary:logistic,0.8242069910897699,gpu_hist,COMPLETE
66,0.27111953284697055,0.33170809428176967,0.5515925382750656,logloss,1.904347920026185,0.010854555388512715,3,286,binary:logistic,0.6513114535936152,gpu_hist,COMPLETE
67,0.2692864553482603,0.1255145859692669,0.747560562922022,logloss,0.5110719830219022,0.033182525580165004,11,256,binary:logistic,0.9334029576579612,gpu_hist,COMPLETE
68,0.2802868600764936,0.0016478735727860267,0.7130054854161599,logloss,6.484239386097027,0.015861944357828697,4,55,binary:logistic,0.8957499448040813,gpu_hist,COMPLETE
69,0.27656857879398156,0.07864417457341247,0.6473944644374338,logloss,2.91872365213918,0.007857838201730121,5,148,binary:logistic,0.8569416380828555,gpu_hist,COMPLETE
70,0.28120751708769703,0.015092611411593276,0.5691708154666947,logloss,3.959961839306671,0.012311422642906989,8,94,binary:logistic,0.9717619709751221,gpu_hist,COMPLETE
71,0.28058382566461576,0.04063496038064184,0.6780379551519833,logloss,4.154017087941027,0.017853149412816457,6,125,binary:logistic,0.8626650153425897,gpu_hist,COMPLETE
72,0.28152943626109783,0.022694776779856003,0.624506667118611,logloss,5.569345180906017,0.014416159127571269,7,128,binary:logistic,0.8745867869698083,gpu_hist,COMPLETE
73,0.27916588702820866,0.05785517253975585,0.622947171600038,logloss,5.884839978026587,0.021864553617759488,7,139,binary:logistic,0.951795391318861,gpu_hist,COMPLETE
74,0.2809503002533979,0.026824309495666988,0.6077321917903906,logloss,7.71945768094527,0.009786879950083097,9,105,binary:logistic,0.8380515588152749,gpu_hist,COMPLETE
75,0.28038519699046605,0.020919717761119068,0.5862281031513176,logloss,0.002549887177723858,0.014450067939118145,5,162,binary:logistic,0.8824369154991178,gpu_hist,COMPLETE
76,0.280098956292067,0.010247933857741911,0.6348169940512052,logloss,1.1272681907263253,0.011630725993063529,7,38,binary:logistic,0.9290053204139425,gpu_hist,COMPLETE
77,0.27742411021881286,0.9880669019163991,0.4870131287519437,logloss,3.0684340200619435,0.006800251941704487,7,131,binary:logistic,0.8169512992037888,gpu_hist,COMPLETE
78,0.27596585748082336,0.013964627611008553,0.5465285867344456,logloss,5.408693339269864,0.019373258887680933,13,177,binary:logistic,0.7885623894590027,gpu_hist,COMPLETE
79,0.2800376834936098,0.0058854527996522465,0.6890608078103074,logloss,7.979401540500231,0.026242685026831095,5,247,binary:logistic,0.900240737110763,gpu_hist,COMPLETE
80,0.2779285057095525,0.19059101286736793,0.509116522864099,logloss,0.09355324073789276,0.005868091859004362,10,79,binary:logistic,0.8470322406690256,gpu_hist,COMPLETE
81,0.28120732772754337,0.024352038834080155,0.6545914931748414,logloss,4.451232409172595,0.014952060201579631,6,119,binary:logistic,0.8706406332171259,gpu_hist,COMPLETE
82,0.28093125139352315,0.009569046841028795,0.6635486523956946,logloss,2.249273641140191,0.013210783286971933,6,106,binary:logistic,0.8769627090471953,gpu_hist,COMPLETE
83,0.28139653677890364,0.048380412796715615,0.6132958868138091,logloss,3.76935756559635,0.009335907443016453,8,129,binary:logistic,0.9185631537314104,gpu_hist,COMPLETE
84,0.2815890390573171,0.1129384586902987,0.6173874404218505,logloss,5.6624517736033795,0.00964190810553428,8,142,binary:logistic,0.9119642376066812,gpu_hist,COMPLETE
85,0.26787468072242493,0.07097492424931198,0.597119682353484,logloss,0.059735245013240366,0.0012376143069495426,9,141,binary:logistic,0.9453383518553202,gpu_hist,COMPLETE
86,0.2798932864100974,0.10298630478699032,0.565397011183935,logloss,9.911837347595085,0.01074693311566114,8,209,binary:logistic,0.574159589263311,gpu_hist,COMPLETE
87,0.27246190102883366,0.003915793178760514,0.6327795050864372,logloss,5.874797536459904,0.007851717564671203,4,155,binary:logistic,0.9813964592431728,gpu_hist,COMPLETE
88,0.28123731093069015,0.37759969927469256,0.6183276776668105,logloss,2.6400744350145264,0.012133722353136199,7,224,binary:logistic,0.902796872129666,gpu_hist,COMPLETE
89,0.27947625796493625,0.007409814360652898,0.5777711887011967,logloss,0.12996302049891845,0.016258711052382642,9,137,binary:logistic,0.8217044326535452,gpu_hist,COMPLETE
90,0.2744977760185237,0.11544387548957247,0.7011086560339126,logloss,7.758009070459827,0.023776998255362267,8,114,binary:logistic,0.9206667699563088,gpu_hist,COMPLETE
91,0.28121050360917027,0.04997839037483734,0.6104836884117251,logloss,3.2431297167384368,0.009259578149068713,8,147,binary:logistic,0.9165244120772482,gpu_hist,COMPLETE
92,0.28106251286216394,0.012728432194836471,0.5974552499221356,logloss,1.64071674883536,0.00916272490857069,7,130,binary:logistic,0.8507708472188626,gpu_hist,COMPLETE
93,0.2807989489262787,0.03357437691241318,0.5344589472098636,logloss,5.127155025176975,0.010264621073083116,6,92,binary:logistic,0.9559727707328743,gpu_hist,COMPLETE
94,0.28059142836226353,0.08940794526130612,0.560730979063563,logloss,3.4710865476222827,0.013026606881765428,10,161,binary:logistic,0.9409617362531689,gpu_hist,COMPLETE
95,0.27848032016556984,0.16024742936149836,0.642266615612429,logloss,7.794619528498442,0.00643875792089126,8,127,binary:logistic,0.8893890409259124,gpu_hist,COMPLETE
96,0.28143399970812105,0.04068878571920736,0.6177855988462783,logloss,4.597323042794219,0.011489375466776463,23,270,binary:logistic,0.8357736166536325,gpu_hist,COMPLETE
97,0.27888621510172856,0.017989132750767897,0.6809944763020591,logloss,6.195258083555611,0.018712461858625115,17,264,binary:logistic,0.8288746777027123,gpu_hist,COMPLETE
98,0.2813660208596709,0.03659760634397892,0.6641252383118654,logloss,4.742189803616068,0.011229277119031498,19,274,binary:logistic,0.8103406990874426,gpu_hist,COMPLETE
99,0.27910598379554885,0.005096693548608796,0.5826626031266126,logloss,8.343772163420253,0.008009063759123983,25,248,binary:logistic,0.7931375511702947,gpu_hist,COMPLETE
100,0.2809257956349355,0.0654660391116989,0.6315805671997707,logloss,2.116514042313052,0.01430388544365673,24,232,binary:logistic,0.8320283991128176,gpu_hist,COMPLETE
101,0.2809442249752583,0.02257158799327248,0.6170121898402929,logloss,4.020777203835587,0.00985941912210386,22,280,binary:logistic,0.8708105235376038,gpu_hist,COMPLETE
102,0.28090687890922567,0.047200655635343605,0.6013170653446828,logloss,5.932945863376397,0.008625715885311766,7,110,binary:logistic,0.8582840799195751,gpu_hist,COMPLETE
103,0.2812591024585974,0.04556751840452549,0.6481702176594565,logloss,3.5246349860484085,0.011907260257001001,6,100,binary:logistic,0.9093392057457679,gpu_hist,COMPLETE
104,0.280707674117257,0.05588341613806217,0.6188171894044753,logloss,4.891894648123703,0.017450100118764824,9,285,binary:logistic,0.8824116436277287,gpu_hist,COMPLETE
105,0.2749336626774288,0.027069741281829325,0.5942646532801292,logloss,1.6009352598334057,0.007545299527092579,5,267,binary:logistic,0.8942084394486082,gpu_hist,COMPLETE
106,0.28066244324231193,0.02927447251978808,0.5698651630652095,logloss,2.673193437038962,0.016038061356113145,8,119,binary:logistic,0.9297041068631642,gpu_hist,COMPLETE
107,0.2098988889662057,0.08240102013282133,0.521907421935389,logloss,6.825719091125876,0.0983958763853758,15,149,binary:logistic,0.9854105056341549,gpu_hist,COMPLETE
108,0.27763050394524114,0.039637713821551915,0.5541002830672918,logloss,0.007511751309818812,0.020809291130913534,12,240,binary:logistic,0.9641795689448945,gpu_hist,COMPLETE
109,0.2811633211029639,0.012862340197035223,0.6528720630148739,logloss,9.181667670378866,0.010355006207169575,7,25,binary:logistic,0.8365741099033911,gpu_hist,COMPLETE
110,0.27771391291351555,0.1844711931808124,0.7296346703367275,logloss,4.028253171051461,0.007000161753248563,6,144,binary:logistic,0.8502780605969802,gpu_hist,COMPLETE
111,0.28164258473982534,0.02290331293633965,0.6702166054720503,logloss,4.232104398603385,0.013473945040854113,6,126,binary:logistic,0.9001778005410537,gpu_hist,COMPLETE
112,0.28164837549549304,0.01614896930778351,0.6344402116564042,logloss,5.460271939361002,0.013704540478703602,7,135,binary:logistic,0.9183812309691713,gpu_hist,COMPLETE
113,0.2808881615099933,4.05703720159159,0.6699388666174063,logloss,7.005623506372819,0.014036332076556723,5,135,binary:logistic,0.8685002623145105,gpu_hist,COMPLETE
114,0.2773224423022047,0.020678026036930076,0.6364066878106757,logloss,5.414446586748403,0.012643760291906442,4,255,binary:logistic,0.9023283266012135,gpu_hist,COMPLETE
115,0.28113481693443015,0.015956641428257208,0.7090787793860903,logloss,4.900545681276526,0.015395411327657926,7,116,binary:logistic,0.8815832624924275,gpu_hist,COMPLETE
116,0.28113513778576027,0.003237926248041688,0.5806586093303813,logloss,2.784864036886741,0.011807724895028227,6,122,binary:logistic,0.8624692534107273,gpu_hist,COMPLETE
117,0.28089631605263893,0.008310867966271108,0.6885243714680657,logloss,9.963648625300825,0.01348109323987707,5,102,binary:logistic,0.9388919289027792,gpu_hist,COMPLETE
118,0.2763738139993005,0.011520742828901637,0.6273395150195961,logloss,7.447390689136512,0.018054972042537233,3,300,binary:logistic,0.8955983413051263,gpu_hist,COMPLETE
119,0.27861214601748696,0.030470368853629318,0.6563295569789667,logloss,5.85528549757205,0.020067281964725847,7,136,binary:logistic,0.7684950683470398,gpu_hist,COMPLETE
120,0.2792879069819126,0.01987217234685088,0.6046297349479496,logloss,3.3211491251050704,0.008580924276616792,6,155,binary:logistic,0.8464660607865515,gpu_hist,COMPLETE
121,0.2815782588705708,0.24660493259166794,0.6097831898533799,logloss,4.398304142559218,0.009558133555981948,8,125,binary:logistic,0.9768649836303575,gpu_hist,COMPLETE
122,0.28058984403826115,0.2619222973218379,0.6391876137927681,logloss,4.138175660332789,0.011104031606382445,9,109,binary:logistic,0.9972003643641819,gpu_hist,COMPLETE
123,0.2815464511871657,0.42480063792452033,0.5919552333771806,logloss,8.524453766639859,0.010317693007278169,7,141,binary:logistic,0.978772494269737,gpu_hist,COMPLETE
124,0.28042121962513594,0.5009970568067768,0.6183906445684928,logloss,8.506383608748294,0.010027941481394638,6,166,binary:logistic,0.9765783025744385,gpu_hist,COMPLETE
125,0.28154416054014536,0.6596730415098131,0.6024009018772315,logloss,6.570414735999688,0.012656047709944935,8,139,binary:logistic,0.9551522263087991,gpu_hist,COMPLETE
126,0.28145904893795937,0.8177525129963172,0.6729150189427302,logloss,6.279277888769466,0.01646354212891508,7,142,binary:logistic,0.9571911920243025,gpu_hist,COMPLETE
127,0.2803316517901991,0.8397256519246268,0.9884880620849725,logloss,8.302661548145084,0.013259155208260034,8,126,binary:logistic,0.9525509396208187,gpu_hist,COMPLETE
