number,value,params_alpha,params_colsample_bytree,params_device,params_eval_metric,params_lambda,params_learning_rate,params_max_depth,params_min_child_weight,params_objective,params_subsample,params_tree_method,state
760,0.288301928520353,2.799947906580251,0.5299236988718116,cuda,logloss,0.020085128298110416,0.015304317189361096,7,294,binary:logistic,0.4481983735412928,hist,COMPLETE
761,0.288116875265303,0.03266333703540568,0.4832982635693847,cuda,logloss,0.05164880779601099,0.013265357741389075,8,300,binary:logistic,0.4643975136167683,hist,COMPLETE
762,0.2880212408325731,1.6876728828429708,0.5088809273246688,cuda,logloss,0.032476544968599454,0.010237022209712853,7,278,binary:logistic,0.4865514727921704,hist,COMPLETE
763,0.28885552276891846,3.3563434474144285,0.5470020122685725,cuda,logloss,0.02313141932148454,0.012356665808848973,7,285,binary:logistic,0.49636878533723,hist,COMPLETE
764,0.2885452521384184,1.3736731683133496,0.521696007046277,cuda,logloss,0.01694887194709778,0.014401754007751372,6,266,binary:logistic,0.4437240225793972,hist,COMPLETE
765,0.28542008736554747,2.183202376257553,0.6995283977763797,cuda,logloss,0.03004071497230804,0.01589099947919808,9,273,binary:logistic,0.45848422126116,hist,COMPLETE
766,0.2882522336967935,2.587873165450552,0.4586940308591104,cuda,logloss,0.0408953601627631,0.010974625022737092,8,290,binary:logistic,0.5173141514116977,hist,COMPLETE
767,0.28874247154222227,1.9129075709086634,0.43592889695158155,cuda,logloss,0.06212248248811945,0.013026308900194574,7,265,binary:logistic,0.4715501018409204,hist,COMPLETE
768,0.28836892070273923,3.0612391640337218,0.4905573931560473,cuda,logloss,0.02568203974644422,0.013966956683658473,8,279,binary:logistic,0.479266056667907,hist,COMPLETE
769,0.2872074152582297,5.028715904318649,0.5364681229065281,cuda,logloss,0.03584312841033781,0.01217228319523154,7,62,binary:logistic,0.4563725999752511,hist,COMPLETE
770,0.2872548006273511,1.6390281943144462,0.5091877049601538,cuda,logloss,0.05040848346369574,0.010554058301230412,6,288,binary:logistic,0.5024573028084779,hist,COMPLETE
771,0.28888869133777445,2.251940025181571,0.47787927509804873,cuda,logloss,0.020415737761281832,0.011603083155284617,7,273,binary:logistic,0.4673255274891956,hist,COMPLETE
772,0.28827399612946497,3.8858224656764673,0.5292675495949887,cuda,logloss,0.04303968510596507,0.013391453240649507,6,294,binary:logistic,0.4890985408286009,hist,COMPLETE
773,0.2875604833731765,2.679574402140827,0.5167414993214229,cuda,logloss,0.029008768466475897,0.01571885866270429,8,284,binary:logistic,0.44185671017464767,hist,COMPLETE
774,0.28773289643609995,1.808337748224142,0.5001101913593957,cuda,logloss,0.03411816681575968,0.008906353567655225,7,264,binary:logistic,0.4588150707348888,hist,COMPLETE
775,0.288732284512494,1.398581537594893,0.47145270349476914,cuda,logloss,0.024156452418904403,0.012522856033886151,8,279,binary:logistic,0.47573215972264493,hist,COMPLETE
776,0.288603411585894,0.08443190301416392,0.5416814178862376,cuda,logloss,0.05822328489904202,0.014445637028411229,6,269,binary:logistic,0.44735421671485814,hist,COMPLETE
777,0.2886698573886857,3.3993521520059344,0.49378632012903373,cuda,logloss,0.01689465773726193,0.011516564085849437,7,300,binary:logistic,0.46992338627179064,hist,COMPLETE
778,0.28192448301446216,2.18633865229232,0.5160117090047913,cuda,logloss,0.044286911993502036,0.013433096297482272,23,289,binary:logistic,0.49030454358377606,hist,COMPLETE
779,0.28813192586108377,2.7280111911982883,0.4445883020434002,cuda,logloss,0.03624268025596994,0.009666503949498383,9,274,binary:logistic,0.4588742603822882,hist,COMPLETE
780,0.2876819879714876,1.973273716747894,0.9392459221147453,cuda,logloss,0.021531281403466603,0.014671140392303389,7,282,binary:logistic,0.48077183951340674,hist,COMPLETE
781,0.2884803001589784,6.055621111410226,0.5468038506433308,cuda,logloss,0.028621291487854087,0.012653209372656243,8,294,binary:logistic,0.5015432431119233,hist,COMPLETE
782,0.2889012907001226,4.541087256050384,0.46364237084915505,cuda,logloss,0.07679787062260525,0.016158486273662814,6,264,binary:logistic,0.4458090573673641,hist,COMPLETE
783,0.2861865388230706,1.3526109694963546,0.5298135037756376,cuda,logloss,0.05261601505905541,0.011362907098367857,7,33,binary:logistic,0.46696204482589865,hist,COMPLETE
784,0.2884811172367892,2.4055671448108287,0.47754557419564597,cuda,logloss,0.040710198470714096,0.010708912654011913,8,271,binary:logistic,0.47795838462657403,hist,COMPLETE
785,0.2886700890253423,3.1056535379825423,0.5048865117064281,cuda,logloss,0.032587608863546794,0.014135945617321535,7,278,binary:logistic,0.45601772521176254,hist,COMPLETE
786,0.287888341511126,1.7049418740214308,0.48837991556608806,cuda,logloss,0.10804224831570798,0.012149694777475064,6,285,binary:logistic,0.48854573445929267,hist,COMPLETE
787,0.2871667372250783,2.0354044818009904,0.548361754280703,cuda,logloss,0.017288804761293346,0.00778622661689004,7,295,binary:logistic,0.4423987184401912,hist,COMPLETE
788,0.28846364096637406,3.7078047100716307,0.5258261523356703,cuda,logloss,0.025993822357390704,0.013226678697508598,8,288,binary:logistic,0.5120325100565998,hist,COMPLETE
789,0.2884235736116811,2.6705735991139616,0.4566023555981322,cuda,logloss,0.06759971267884325,0.010398122517111126,7,269,binary:logistic,0.4674308119034463,hist,COMPLETE
790,0.288435492531304,1.5843486327605467,0.5120097773734655,cuda,logloss,0.04436322598169526,0.01581295229937855,6,274,binary:logistic,0.49630841849536517,hist,COMPLETE
791,0.2887992676930396,2.2838009990404866,0.4984669475315287,cuda,logloss,0.020354590038317768,0.011838182232255043,7,264,binary:logistic,0.45315721558362004,hist,COMPLETE
792,0.288411766250587,3.106666043981428,0.5364828149812987,cuda,logloss,0.03579842258678744,0.01380360638934125,8,278,binary:logistic,0.4796489336195201,hist,COMPLETE
793,0.28713078515841145,1.8546649253817702,0.47645402691159733,cuda,logloss,0.04911161866217867,0.01495815152814614,9,285,binary:logistic,0.4656894287638408,hist,COMPLETE
794,0.28879246680222254,4.22811152926498,0.5186513991776825,cuda,logloss,0.02913464683079507,0.012572611941795491,7,291,binary:logistic,0.44287348410558053,hist,COMPLETE
795,0.288630962845267,2.4977842901850056,0.5492157789348713,cuda,logloss,0.024783837074440894,0.009492735462117824,8,281,binary:logistic,0.47376018321738367,hist,COMPLETE
796,0.2883237505902207,1.431632382144148,0.5014556318305617,cuda,logloss,0.0389258631908697,0.011181000800741168,7,264,binary:logistic,0.5331079028848871,hist,COMPLETE
797,0.2885944872251022,3.000410772123523,0.488307249937708,cuda,logloss,0.05929407601399854,0.013144588042532934,6,271,binary:logistic,0.45698888879667854,hist,COMPLETE
798,0.28824651302688725,2.0439324787473403,0.5261796134813003,cuda,logloss,0.02227519090439728,0.014503006030612973,8,291,binary:logistic,0.4868349753194171,hist,COMPLETE
799,0.28421477494443015,1.684112302485536,0.44906448357993495,cuda,logloss,0.016692061428585946,0.011915944500421912,19,300,binary:logistic,0.5095984522085476,hist,COMPLETE
800,0.2883879970503785,3.6113950098513268,0.4695104245462883,cuda,logloss,0.045298510930730077,0.016349578103969347,6,276,binary:logistic,0.47082917307974054,hist,COMPLETE
801,0.288558347084259,2.4577550039396754,0.5107645909959084,cuda,logloss,0.030943359939262515,0.010343195146125455,7,284,binary:logistic,0.45335627028201697,hist,COMPLETE
802,0.28887513488683947,1.2721412984020777,0.5354234048297101,cuda,logloss,0.03625568551273904,0.013017842457789534,7,269,binary:logistic,0.49323252823666414,hist,COMPLETE
803,0.2884803392205381,5.245879412896181,0.4882107249039037,cuda,logloss,0.05605175969725794,0.014758804886048632,6,294,binary:logistic,0.5646933253597131,hist,COMPLETE
804,0.2885463665984741,0.0018809986685609113,0.5450390178428317,cuda,logloss,0.025768897853010852,0.011910865852791606,7,277,binary:logistic,0.4423251998122883,hist,COMPLETE
805,0.2885708852019393,2.0846277905516364,0.5019090439964731,cuda,logloss,0.020091024913491254,0.01360389182046583,8,263,binary:logistic,0.48218858813667886,hist,COMPLETE
806,0.2888103561928372,3.0100166288232013,0.522783638522455,cuda,logloss,0.03331917176465715,0.01078173325218946,7,283,binary:logistic,0.4640524257872569,hist,COMPLETE
807,0.2880556995581298,1.779636176329404,0.46635460050180155,cuda,logloss,0.04526771886681981,0.012581700333156259,6,289,binary:logistic,0.47250722255287786,hist,COMPLETE
808,0.2872421016017641,2.4700696309832626,0.4815800797534198,cuda,logloss,0.0282994721780767,0.016519320976366696,8,272,binary:logistic,0.5005025413593343,hist,COMPLETE
809,0.2807051719269749,3.8856089740191972,0.43492293408356847,cuda,logloss,0.03807917539480289,0.01425972845730613,3,296,binary:logistic,0.4564081070442478,hist,COMPLETE
810,0.2886683079468169,1.5552839873712412,0.5153140913204624,cuda,logloss,0.08587428199385277,0.011690926450529049,8,279,binary:logistic,0.48460845437720607,hist,COMPLETE
811,0.2884673167716664,2.159239472628092,0.5497539672135462,cuda,logloss,0.07046188050315788,0.009510455885891573,9,285,binary:logistic,0.445190686987015,hist,COMPLETE
812,0.2871870169259521,2.769699137683155,0.9981631397642095,cuda,logloss,0.05215922474109848,0.015202423497305127,7,262,binary:logistic,0.4643224052177035,hist,COMPLETE
813,0.288135092097881,3.0853717553889295,0.49876630978915804,cuda,logloss,0.0234441950588024,0.01321319669846827,6,269,binary:logistic,0.47666937296670536,hist,COMPLETE
814,0.28877532922607213,7.290507163953846,0.531845966229229,cuda,logloss,0.029874060218220245,0.011153959971480732,7,275,binary:logistic,0.51838693111474,hist,COMPLETE
815,0.2886573829268801,1.9974090345249875,0.45701130123319916,cuda,logloss,0.019508345147860692,0.01248243048382042,7,285,binary:logistic,0.45428838344768296,hist,COMPLETE
816,0.2884727259135779,1.33719514016214,0.4805390562304346,cuda,logloss,0.04592782676400318,0.013623113189008851,8,291,binary:logistic,0.4950756513980443,hist,COMPLETE
817,0.28768596340948493,4.565715904323846,0.5148310668539233,cuda,logloss,0.016665436092375713,0.010228542882199975,6,264,binary:logistic,0.46534393123829937,hist,COMPLETE
818,0.28867282494199403,2.455841417972265,0.530283259180452,cuda,logloss,0.039540801371949236,0.015982313734112887,7,300,binary:logistic,0.4818008216862416,hist,COMPLETE
819,0.2876720967165325,3.510367036631002,0.5016917766986181,cuda,logloss,0.03256329277820567,0.014551106325130637,8,278,binary:logistic,0.4415576580217529,hist,COMPLETE
820,0.2736779968516403,1.7241903326902885,0.5494630311011134,cuda,logloss,0.05632972198329351,0.003270305071219463,6,267,binary:logistic,0.47208409166195353,hist,COMPLETE
821,0.2880762292208365,2.3327815132766285,0.4917969481175175,cuda,logloss,0.024173673045339017,0.008688056737478463,8,295,binary:logistic,0.4536002917805367,hist,COMPLETE
822,0.2879335109806559,2.8380502576663362,0.5368583917937169,cuda,logloss,0.04016556196392611,0.011658484994054875,10,273,binary:logistic,0.4999131046036028,hist,COMPLETE
823,0.2891518407067357,1.948673667790176,0.5134055518647292,cuda,logloss,0.06429873308257336,0.012660194432647659,7,281,binary:logistic,0.4852808868211279,hist,COMPLETE
824,0.2882363710063636,1.9463355614029352,0.5180353972620781,cuda,logloss,0.06982831302191946,0.010800765326844503,7,283,binary:logistic,0.5106848642769038,hist,COMPLETE
825,0.28802511853629753,1.6025524882001647,0.5069996497575413,cuda,logloss,0.06127991866647318,0.012407231132179716,9,289,binary:logistic,0.48339051693364177,hist,COMPLETE
826,0.288524330252643,2.0479717345984487,0.48817561016106775,cuda,logloss,0.06281465352746483,0.011532394907257288,8,281,binary:logistic,0.49141709942355294,hist,COMPLETE
827,0.2884894965039635,1.585454476891859,0.5070763799071581,cuda,logloss,0.0784827415248677,0.012585758832818372,7,277,binary:logistic,0.5070236247469052,hist,COMPLETE
828,0.2880162989826537,2.5330502373731134,0.4705344758976262,cuda,logloss,0.04934395687437286,0.010403858619637229,7,289,binary:logistic,0.4921358514435287,hist,COMPLETE
829,0.2885042891005538,1.306696534802206,0.522591688969195,cuda,logloss,0.08855123129622784,0.013321051697785611,8,282,binary:logistic,0.4737656300578254,hist,COMPLETE
830,0.287617309101471,1.8483535883306808,0.8866765151666752,cuda,logloss,0.053146611579190345,0.011573770378299552,7,276,binary:logistic,0.5246633229095297,hist,COMPLETE
831,0.2889300684603215,2.29771987295486,0.4964671298942228,cuda,logloss,0.04868070769314374,0.013229232326915802,7,288,binary:logistic,0.48066678410360714,hist,COMPLETE
832,0.28850074125000014,3.2258398985841734,0.5145296411206775,cuda,logloss,0.04062388101036495,0.009874440149266936,8,295,binary:logistic,0.4598529085434564,hist,COMPLETE
833,0.2885053958447457,0.007161380069949267,0.5310607275503189,cuda,logloss,0.03419947021422762,0.012373519824095732,8,270,binary:logistic,0.49677565433413906,hist,COMPLETE
834,0.2828829024268411,2.7549873753368983,0.4808872143362213,cuda,logloss,0.06566281981307426,0.011067428973348966,14,280,binary:logistic,0.9205247475907594,hist,COMPLETE
835,0.28892944170714735,3.9502504067125215,0.41806551200494557,cuda,logloss,0.044133147959687924,0.013940210465819497,7,286,binary:logistic,0.46731442970687564,hist,COMPLETE
836,0.28877850848338943,1.9725950576078075,0.45216589296422416,cuda,logloss,0.028919715113201235,0.012475902335239094,7,273,binary:logistic,0.4864307497632476,hist,COMPLETE
837,0.2859622425247607,1.5365535824063667,0.7318867491749088,cuda,logloss,0.03605152501946272,0.013930975971850359,8,160,binary:logistic,0.4694674045043808,hist,COMPLETE
838,0.28852366749210523,2.552242486694234,0.49948130977693744,cuda,logloss,0.016475443873053695,0.01103938211541248,7,294,binary:logistic,0.4777921818980362,hist,COMPLETE
839,0.2882243426179254,2.14023498469683,0.5220670997683166,cuda,logloss,0.0497682101358096,0.009423461582839562,7,300,binary:logistic,0.4618329198268987,hist,COMPLETE
840,0.288224604475048,3.223722970462825,0.4856058191170687,cuda,logloss,0.021977452410524075,0.01211776695498499,9,279,binary:logistic,0.5050952598016089,hist,COMPLETE
841,0.2867314107700237,1.777324409492425,0.4636175663683738,cuda,logloss,0.06211457481097548,0.0146357432190279,9,269,binary:logistic,0.48248255861359884,hist,COMPLETE
842,0.2884905876556811,5.598773867591076,0.532696655866128,cuda,logloss,0.02759958661785251,0.013187637291011215,8,285,binary:logistic,0.4562370118576963,hist,COMPLETE
843,0.28732753935993627,2.2720823547340885,0.5072048775107801,cuda,logloss,0.039029949917369564,0.010380768385762185,12,274,binary:logistic,0.494742618407628,hist,COMPLETE
844,0.2890889970870374,1.326878460986011,0.5395079852703438,cuda,logloss,0.0965524810594949,0.011916190451843948,7,290,binary:logistic,0.4742142847412646,hist,COMPLETE
845,0.28862219280174845,1.5978448833797638,0.5487500579615752,cuda,logloss,0.0868952458299505,0.01098299305022575,7,293,binary:logistic,0.4874918028513221,hist,COMPLETE
846,0.2881235565602333,1.188217606775182,0.5398636593578117,cuda,logloss,0.08765969594649124,0.009014354491561636,8,264,binary:logistic,0.475674464483655,hist,COMPLETE
847,0.2882168591946701,1.2174372803990519,0.5515665542114866,cuda,logloss,0.12651475838302806,0.011586023061133998,7,281,binary:logistic,0.5129773503675421,hist,COMPLETE
848,0.2885035702392572,1.272316211510168,0.5337777401999116,cuda,logloss,0.09510796601484267,0.010031820696508915,8,300,binary:logistic,0.5004982553219296,hist,COMPLETE
849,0.2888658774579338,1.3871647532872282,0.5235682982848252,cuda,logloss,0.07478530946003613,0.011974720348545393,7,271,binary:logistic,0.47233273789917785,hist,COMPLETE
850,0.28890982830324885,1.5121745561649036,0.540317924171619,cuda,logloss,0.06865723040387509,0.01074060015358625,7,290,binary:logistic,0.4495768608042992,hist,COMPLETE
851,0.285332876726955,1.7844576218827266,0.5176119032009713,cuda,logloss,0.11650066209086708,0.007885196530047092,6,277,binary:logistic,0.49121884611237415,hist,COMPLETE
852,0.28844737126413694,1.3697384736197773,0.5516110952344883,cuda,logloss,0.09857298303107613,0.012462049234005122,8,284,binary:logistic,0.46173085415620635,hist,COMPLETE
853,0.28837711832562374,1.8489106426397932,0.5250972377205805,cuda,logloss,0.015584647484808688,0.013936891446533218,6,263,binary:logistic,0.47609369173257315,hist,COMPLETE
854,0.28903043303896186,2.07376585686165,0.5369201839527405,cuda,logloss,0.1695642733439566,0.011484518727221678,7,292,binary:logistic,0.48362329352804784,hist,COMPLETE
855,0.287983600759986,2.20843005478817,0.5410570447934548,cuda,logloss,0.16690593940927717,0.009638981259139265,7,295,binary:logistic,0.5210750059506782,hist,COMPLETE
856,0.2874025280705105,2.481013128847255,0.5536920032211499,cuda,logloss,0.21719616587310392,0.01064431686746894,6,295,binary:logistic,0.5397534584146544,hist,COMPLETE
857,0.2883772988446835,2.03833241933643,0.5341198605148212,cuda,logloss,0.1761147740219279,0.009430182176206423,8,300,binary:logistic,0.5055519334936714,hist,COMPLETE
858,0.2875618301128775,2.6676796589573595,0.7766898126124274,cuda,logloss,0.17212879763213856,0.008727868827769878,8,294,binary:logistic,0.48688649312640586,hist,COMPLETE
859,0.28860487486728525,1.5672840567951718,0.5539447291352925,cuda,logloss,0.3593798060492548,0.011451358149382527,7,286,binary:logistic,0.4984756961167083,hist,COMPLETE
860,0.2887579723907964,2.1602088308591023,0.5399699835480514,cuda,logloss,0.25846585945658157,0.011371950314929146,7,291,binary:logistic,0.483099155709502,hist,COMPLETE
861,0.26881886002620026,1.8882329548316978,0.519727627250598,cuda,logloss,0.020051108808229846,0.0011296673919754697,8,290,binary:logistic,0.46003210882279993,hist,COMPLETE
862,0.2887627690860309,1.1680983728527485,0.5319789712835874,cuda,logloss,0.12639894165645224,0.010126113747248812,9,287,binary:logistic,0.44600299373017294,hist,COMPLETE
863,0.2888549405427072,2.676517960452779,0.5503993212905995,cuda,logloss,0.14050107732061742,0.01189645564082645,7,295,binary:logistic,0.49484179777818815,hist,COMPLETE
864,0.2872603816079758,1.4906199769665112,0.5124837185348213,cuda,logloss,0.14686216246632916,0.010335782768978471,6,283,binary:logistic,0.48209794763357366,hist,COMPLETE
865,0.2887083973238706,2.272211034304187,0.5247568312444653,cuda,logloss,0.28057664788279296,0.012250595859229654,8,300,binary:logistic,0.5129566271395758,hist,COMPLETE
866,0.2888553655581967,3.665187243333986,0.5380886206170528,cuda,logloss,0.01861431987386406,0.01056370583678971,7,290,binary:logistic,0.466207524284877,hist,COMPLETE
867,0.28861975249912275,1.7606013011956094,0.5116420520945978,cuda,logloss,0.024943220646589787,0.01168327517979999,7,285,binary:logistic,0.4573920032763782,hist,COMPLETE
868,0.28836543875852094,2.885223884038854,0.5545068694578367,cuda,logloss,0.1460734629278965,0.012809129463097877,6,279,binary:logistic,0.4734644212511068,hist,COMPLETE
869,0.2872871971276007,2.09252831747199,0.5244780984615172,cuda,logloss,0.021560681968933855,0.014713119516824729,9,294,binary:logistic,0.44025290483111723,hist,COMPLETE
870,0.2885707120772488,4.485297762745614,0.5426568111451225,cuda,logloss,0.2029711660040284,0.011122820658874655,8,269,binary:logistic,0.49088111854633215,hist,COMPLETE
871,0.28853403986330795,2.4433361478609643,0.5077703391717993,cuda,logloss,0.3784953674569548,0.013030951058846928,7,279,binary:logistic,0.4523052245726676,hist,COMPLETE
872,0.2865637264062863,3.2096052528866714,0.5308068849667873,cuda,logloss,0.031052692720291816,0.009697601577311026,21,289,binary:logistic,0.4672366302114341,hist,COMPLETE
873,0.2886420987654768,1.734664787405246,0.5439201066808471,cuda,logloss,0.23193650247600278,0.01236027924507712,7,283,binary:logistic,0.5047196183013355,hist,COMPLETE
874,0.28014197271414504,1.338959884083283,0.5161471917917101,cuda,logloss,0.11592470993933175,0.013768744633701431,10,79,binary:logistic,0.4814265729026778,hist,COMPLETE
875,0.2886947553554469,2.7397713895427,0.502989870304057,cuda,logloss,0.027213726308509968,0.015183148266403976,6,262,binary:logistic,0.451526435474404,hist,COMPLETE
876,0.28785677719892,2.006560760085846,0.5569339215116591,cuda,logloss,0.10329836824203247,0.011224924470630997,6,295,binary:logistic,0.47057554912379945,hist,COMPLETE
877,0.28638054215845776,3.731202400961849,0.5275183076789073,cuda,logloss,0.01661837935244409,0.012369921264353998,13,274,binary:logistic,0.4892584181759977,hist,COMPLETE
878,0.2889891229479801,2.326160802357863,0.5417642189188547,cuda,logloss,0.02063201285398061,0.0137138785270041,7,267,binary:logistic,0.4623136196515426,hist,COMPLETE
879,0.28840558407558636,1.5162807697165392,0.5169790207285928,cuda,logloss,0.5212678065959181,0.008916191530993892,8,300,binary:logistic,0.44172933435367967,hist,COMPLETE
880,0.28819147818269486,1.9307130566129833,0.4998052885630594,cuda,logloss,0.03116357589680397,0.010465098376501858,7,289,binary:logistic,0.4788494986370178,hist,COMPLETE
881,0.28438184637924896,0.04724560224295843,0.5552996392178816,cuda,logloss,0.023452659420635104,0.011581299497597175,8,40,binary:logistic,0.4953572113764877,hist,COMPLETE
882,0.28862728945118227,2.9804926198002084,0.5311531528567195,cuda,logloss,0.01527896488062892,0.014590839936707362,6,279,binary:logistic,0.46234381630371824,hist,COMPLETE
883,0.2875644787438218,6.565912961020424,0.9783348474680826,cuda,logloss,0.03385840365007337,0.012935294659632389,7,261,binary:logistic,0.4790696699502759,hist,COMPLETE
884,0.2871662369799185,2.3651634197835376,0.5097067492649999,cuda,logloss,0.0764451938603579,0.01563338949473489,8,284,binary:logistic,0.4491652562102177,hist,COMPLETE
885,0.2888229243702366,1.6431851666608297,0.5252049659057394,cuda,logloss,0.025210994687417793,0.011646140518352782,7,271,binary:logistic,0.5257763592251709,hist,COMPLETE
886,0.2872998752560571,4.403733165782331,0.54334211796315,cuda,logloss,0.01870719798663762,0.013605159075092445,6,292,binary:logistic,0.9709341415405317,hist,COMPLETE
887,0.27451878969092697,1.1799810768239163,0.49927047096857446,cuda,logloss,0.03618186135075627,0.01048043991004843,11,16,binary:logistic,0.47099098313069415,hist,COMPLETE
