number,value,params_alpha,params_colsample_bytree,params_device,params_eval_metric,params_lambda,params_learning_rate,params_max_depth,params_min_child_weight,params_objective,params_subsample,params_tree_method,state
506,0.2890203905209299,2.8037901392103564,0.37113625916134657,cuda,logloss,0.5632005075295088,0.015207129748501063,7,124,binary:logistic,0.853944128195319,hist,COMPLETE
507,0.28817065306670947,1.719446397880032,0.4442164222987332,cuda,logloss,0.0016884658076989033,0.01990479887339695,5,180,binary:logistic,0.8815283806702506,hist,COMPLETE
