number,value,params_alpha,params_colsample_bytree,params_device,params_eval_metric,params_lambda,params_learning_rate,params_max_depth,params_min_child_weight,params_objective,params_subsample,params_tree_method,state
125,0.2882197897761317,0.005302489450128935,0.6032753775745633,cuda,logloss,0.1196823225271715,0.013472472852969247,8,183,binary:logistic,0.8936603129115412,hist,COMPLETE
126,0.2886926318854722,0.004357007289902976,0.48035775971202105,cuda,logloss,0.043071264088747147,0.015195342650184256,7,176,binary:logistic,0.8270853079356016,hist,COMPLETE
127,0.28832472423576455,0.004669645430806587,0.4891154877507862,cuda,logloss,0.0456255090390631,0.015918647794479,7,175,binary:logistic,0.7908944274179196,hist,COMPLETE
128,0.2878472473035793,0.0032780478761901145,0.4765522753533569,cuda,logloss,0.0674736880598698,0.010491199780146596,7,163,binary:logistic,0.8252476759311392,hist,COMPLETE
129,0.28411272412808847,0.0021144538882179554,0.5164037980225404,cuda,logloss,0.039391071829501474,0.015198461658373994,16,145,binary:logistic,0.8390062118238558,hist,COMPLETE
130,0.2878091822155028,0.004013596625419741,0.45738860557185207,cuda,logloss,0.09068575024956267,0.009178005995670705,10,170,binary:logistic,0.8063358900524201,hist,COMPLETE
131,0.28820439839637313,0.007051259047667274,0.5497251520306655,cuda,logloss,0.018069568806846206,0.013561420775691078,8,185,binary:logistic,0.8747788192385699,hist,COMPLETE
132,0.2882719033621977,0.005493510255628933,0.5180511697601624,cuda,logloss,0.030938794545120087,0.011701292239073308,7,198,binary:logistic,0.8607988740794945,hist,COMPLETE
133,0.28849341021505187,0.0026605095755157173,0.48664118205513085,cuda,logloss,0.023598524829613797,0.012991441143320518,8,205,binary:logistic,0.9114227433400469,hist,COMPLETE
134,0.2877871418509929,0.009608779351803027,0.5397491202586836,cuda,logloss,0.047793167761816205,0.014642618851645807,9,176,binary:logistic,0.8479921198128246,hist,COMPLETE
135,0.2879605163426762,0.015187851286802565,0.44795342271955124,cuda,logloss,0.05342929954037572,0.018450648809680448,8,218,binary:logistic,0.8170658968002726,hist,COMPLETE
136,0.28892401986621036,0.004233407435361308,0.46371761501230424,cuda,logloss,0.10776967438281704,0.016201769420289044,7,190,binary:logistic,0.8320017491522267,hist,COMPLETE
137,0.28879554093089754,0.003988996260968004,0.4699313285572994,cuda,logloss,0.10327495105523693,0.01621936461291376,7,159,binary:logistic,0.8335103626592396,hist,COMPLETE
138,0.288254029081816,0.0031721276929315726,0.4358553496057702,cuda,logloss,0.1818462833498195,0.017891584647298047,7,156,binary:logistic,0.8377780113029719,hist,COMPLETE
139,0.28712221910303787,0.38638231611398327,0.4663902752976498,cuda,logloss,0.1144933698691022,0.016438066536633045,9,148,binary:logistic,0.8559533059829728,hist,COMPLETE
140,0.2868972357713691,0.0022740456007860144,0.5037627874523666,cuda,logloss,0.1453059278694393,0.010827779832331233,6,162,binary:logistic,0.49591690171557784,hist,COMPLETE
141,0.28864036382138614,0.004228230770691174,0.4725100451859398,cuda,logloss,0.09626411767058284,0.014979467264762474,7,190,binary:logistic,0.8290912101465294,hist,COMPLETE
142,0.2882242300949139,0.006946847343636516,0.4834980855789097,cuda,logloss,0.07431850334675666,0.011814857734233025,7,157,binary:logistic,0.8179650392654049,hist,COMPLETE
143,0.28843716976716444,0.003763231413985351,0.45497729950978977,cuda,logloss,0.06340791422559991,0.016124852671479853,6,179,binary:logistic,0.8314066894217562,hist,COMPLETE
144,0.2879084069360363,0.004760387288879455,0.4148455216983189,cuda,logloss,0.08389134527108691,0.018562350422637347,7,144,binary:logistic,0.8001732122062728,hist,COMPLETE
145,0.288648311803932,0.00322322860217164,0.4374840766152007,cuda,logloss,0.10637424256653248,0.012563248046181833,8,172,binary:logistic,0.8506001056991819,hist,COMPLETE
146,0.28828871285339586,0.0027281924711940538,0.5113246810893228,cuda,logloss,0.039587245428882124,0.013818537601477117,9,194,binary:logistic,0.7758329337854247,hist,COMPLETE
147,0.28801530283250737,0.0018098958980543212,0.4913724727481299,cuda,logloss,0.05936745361899565,0.010087834710195392,8,209,binary:logistic,0.8138996214537484,hist,COMPLETE
148,0.287568427819285,0.00802087093526357,0.5252151084681966,cuda,logloss,0.07861119053834398,0.008622073213042966,9,188,binary:logistic,0.8805032892054735,hist,COMPLETE
149,0.2886394599401094,0.0043947956262585346,0.4620110475873525,cuda,logloss,0.20904613378832212,0.01457154633218258,7,164,binary:logistic,0.862759076927843,hist,COMPLETE
150,0.28775412100877634,0.006228889763196542,0.42849664571157803,cuda,logloss,0.13572087605154573,0.011738478752220895,6,155,binary:logistic,0.8399682919846522,hist,COMPLETE
151,0.2885827949589742,0.0058423415826566365,0.4983113327456694,cuda,logloss,0.30385024652359705,0.012798757716074362,8,200,binary:logistic,0.8668575467014056,hist,COMPLETE
152,0.2890571689887431,0.004924059362146476,0.5618618451659056,cuda,logloss,0.024423417384536752,0.013767440715428979,7,134,binary:logistic,0.826206995016528,hist,COMPLETE
153,0.28874965034961086,0.0035538128499274053,0.4787359259982753,cuda,logloss,0.02472378755988476,0.016800774075006825,7,134,binary:logistic,0.8286707005261654,hist,COMPLETE
154,0.28890966835982534,0.0035887533338191525,0.44978946675529435,cuda,logloss,0.023142491395715836,0.01703973565773691,6,134,binary:logistic,0.8473070059317507,hist,COMPLETE
155,0.28818459547157377,0.0026579343978978885,0.448844511726658,cuda,logloss,0.024312808997861174,0.017198515305166143,5,116,binary:logistic,0.8495771853857439,hist,COMPLETE
156,0.2885217005898636,0.003176269812453409,0.4691642932798341,cuda,logloss,0.03153152316443759,0.019420072063427798,6,132,binary:logistic,0.8077758179102658,hist,COMPLETE
157,0.2870988316773328,0.005049254205645142,0.4433590059747637,cuda,logloss,0.02103968001520707,0.016155673644826205,6,140,binary:logistic,0.42544733736644047,hist,COMPLETE
158,0.28669460706490657,0.008855387852516645,0.40243165945641024,cuda,logloss,0.02493770844590819,0.022904898321015225,7,130,binary:logistic,0.8405897918615877,hist,COMPLETE
159,0.2861836956880635,0.0035263562428641208,0.6413087362648885,cuda,logloss,0.011403702230505955,0.011019479345204466,5,119,binary:logistic,0.7888913009274587,hist,COMPLETE
160,0.2887701750291554,0.012477849480558937,0.42416386162945874,cuda,logloss,0.029870891202505648,0.014483950078674607,6,139,binary:logistic,0.8565102179015882,hist,COMPLETE
161,0.28886372826841344,0.011662971143053693,0.4311493259234825,cuda,logloss,0.03292525129582836,0.014185772917575981,6,137,binary:logistic,0.8511475250736729,hist,COMPLETE
162,0.2887807165063699,0.01048037991385206,0.4232221460530288,cuda,logloss,0.014606136663948919,0.01373500754972862,6,140,binary:logistic,0.8505045114805352,hist,COMPLETE
163,0.28860357972742257,0.012441202808286813,0.41353814859171134,cuda,logloss,0.01306424171460193,0.014569765292283838,6,140,binary:logistic,0.8596006363263914,hist,COMPLETE
164,0.28811466836755256,0.01121363281116422,0.43716473610058965,cuda,logloss,0.01577844244082106,0.012071592619161372,6,149,binary:logistic,0.8900119410387476,hist,COMPLETE
165,0.28759370466710094,0.014402098141158573,0.4239716797515879,cuda,logloss,0.03316218081341391,0.014552762406302365,5,124,binary:logistic,0.8753916486574045,hist,COMPLETE
166,0.2871101719071819,0.009811535900472628,0.4580209848932359,cuda,logloss,0.020191680621305854,0.010381712740695085,6,134,binary:logistic,0.84926444528022,hist,COMPLETE
167,0.2726602029040086,0.0074041220829925425,0.3954689902704626,cuda,logloss,0.02836586460396189,0.001447842255941247,20,146,binary:logistic,0.8589512198109541,hist,COMPLETE
168,0.28887449286268513,0.012823109956739727,0.42843879044160654,cuda,logloss,0.014743305857666273,0.013647603356889557,7,138,binary:logistic,0.8388993839352326,hist,COMPLETE
169,0.2883780373171335,0.020079685182668033,0.45085852153026273,cuda,logloss,0.009989245351558249,0.011422667360147297,7,149,binary:logistic,0.8396193107921359,hist,COMPLETE
170,0.28862792327723136,0.008969191103527648,0.43158216713032943,cuda,logloss,0.014134969650068791,0.012776093853329278,7,129,binary:logistic,0.8797794122199383,hist,COMPLETE
171,0.2888956346505745,0.011459975357244155,0.4157605717691042,cuda,logloss,0.019615768370116544,0.013992061268085327,6,139,binary:logistic,0.849582687421273,hist,COMPLETE
172,0.2879919266591033,0.011234828313697676,0.4057012365916789,cuda,logloss,0.00847492711109421,0.015548116055258233,5,144,binary:logistic,0.8378621704019081,hist,COMPLETE
173,0.28831531795498927,0.016682708800661715,0.4104541312434372,cuda,logloss,0.02027932727269759,0.013192274364431395,6,137,binary:logistic,0.8177915282753503,hist,COMPLETE
174,0.28863239429872095,0.007512441009399523,0.3714953642645664,cuda,logloss,0.01658665782882612,0.017806334513505724,7,154,binary:logistic,0.8678929063603308,hist,COMPLETE
175,0.28851773334997133,0.023011897204900628,0.44472675091569497,cuda,logloss,0.035702118147749616,0.01382243878761098,6,124,binary:logistic,0.8448444826916187,hist,COMPLETE
176,0.28883084438277673,0.006153515483617826,0.4643816970376098,cuda,logloss,0.014068841762621366,0.011713079547377202,7,143,binary:logistic,0.8505245449397641,hist,COMPLETE
177,0.2878111042692869,0.006097658289389088,0.4695172625177296,cuda,logloss,0.0525227129242291,0.009516242976215665,8,160,binary:logistic,0.8354650933494682,hist,COMPLETE
178,0.28891356631769194,0.004918926683028639,0.4609143964018204,cuda,logloss,0.01998239159229475,0.011740944623582399,7,152,binary:logistic,0.8667389103814306,hist,COMPLETE
179,0.2884733864236555,0.005350581666337404,0.4559644347704902,cuda,logloss,0.018697168068034706,0.010877746340490177,8,145,binary:logistic,0.896386523595619,hist,COMPLETE
180,0.2886488713647937,0.007199646369841428,0.43911374812740944,cuda,logloss,0.024692067359345943,0.012078534818638537,7,131,binary:logistic,0.8718610432971317,hist,COMPLETE
181,0.2886083042471825,0.004671570515201453,0.46383839894774714,cuda,logloss,0.020687079330106894,0.011905047832788226,7,151,binary:logistic,0.8321656122870092,hist,COMPLETE
182,0.28774010482096574,0.006271634847990262,0.48824439713638,cuda,logloss,0.03852520921159123,0.00990806435081069,7,153,binary:logistic,0.861226653723735,hist,COMPLETE
183,0.28863984219685423,0.004912014849522231,0.4812323458500624,cuda,logloss,0.017275152224980286,0.012532874225771094,8,136,binary:logistic,0.8084731089612345,hist,COMPLETE
184,0.28890648138664454,0.008544338005247495,0.46967205499306713,cuda,logloss,0.013035916387809316,0.015760260771514187,7,143,binary:logistic,0.8469605593680462,hist,COMPLETE
185,0.2885694865409062,0.008929312851112793,0.45336728298409473,cuda,logloss,0.009580582366617591,0.011026770165737306,8,142,binary:logistic,0.8541167143371007,hist,COMPLETE
186,0.28826626274437683,0.012997690599880804,0.5094732112715167,cuda,logloss,0.0075349699887060015,0.014062925193284257,7,121,binary:logistic,0.8862491741605917,hist,COMPLETE
187,0.2889684995696797,0.008500480072141341,0.43533864175478604,cuda,logloss,0.01253480661502459,0.015583350864206274,7,145,binary:logistic,0.8469933690680217,hist,COMPLETE
188,0.28851331183860696,0.007756943808590151,0.3960846075945262,cuda,logloss,0.02758807800339916,0.01581174806104962,8,147,binary:logistic,0.9967110958639698,hist,COMPLETE
189,0.2883056334208813,0.014697015194749447,0.4294242211938685,cuda,logloss,0.012251156091917207,0.019556498570419502,6,128,binary:logistic,0.8682803354541824,hist,COMPLETE
190,0.28646705049271093,0.00975221193791834,0.43725974840350734,cuda,logloss,0.02179029418290065,0.01732190453977569,9,137,binary:logistic,0.8157340631855937,hist,COMPLETE
191,0.289225013295904,0.00635867447192633,0.46220721367738704,cuda,logloss,0.013934222412052152,0.012823238416450763,7,144,binary:logistic,0.8463110723688002,hist,COMPLETE
192,0.28901149638060436,0.878640393598947,0.4482448887356675,cuda,logloss,0.015876574040650522,0.013126675315789586,7,152,binary:logistic,0.8244747572751521,hist,COMPLETE
193,0.28812500505288596,0.00532232586691374,0.4125005221466544,cuda,logloss,0.014340856053448356,0.013605747638489105,6,153,binary:logistic,0.8236986999193728,hist,COMPLETE
194,0.28918624108107377,0.6348910312800665,0.4769692503946251,cuda,logloss,0.011882912478010307,0.015206538053791628,7,132,binary:logistic,0.843206671614562,hist,COMPLETE
195,0.28885307266071586,0.8463653268638522,0.4786528194470141,cuda,logloss,0.011631666152915696,0.015411814837103032,7,134,binary:logistic,0.8266179687058354,hist,COMPLETE
196,0.288589611924507,1.04585140710165,0.4922643445102191,cuda,logloss,0.006684009930789797,0.015096838175736288,7,132,binary:logistic,0.8052010699823354,hist,COMPLETE
197,0.28880051316202987,0.9855422935155833,0.47873754040030636,cuda,logloss,0.009586424219464009,0.01690974264811925,7,126,binary:logistic,0.8256847578184132,hist,COMPLETE
198,0.2883891197085391,0.687803914254193,0.44682303995707084,cuda,logloss,0.011846382886480702,0.018282060297777066,6,114,binary:logistic,0.8385928021583017,hist,COMPLETE
199,0.28824525325139966,0.5540184033237163,0.4599060000755537,cuda,logloss,0.01628001598889317,0.015673527035504297,5,135,binary:logistic,0.8186937914870214,hist,COMPLETE
200,0.28887582047347404,1.3745165050740338,0.49557558874087204,cuda,logloss,0.010933360080467771,0.014038264461069446,7,140,binary:logistic,0.7972908303126477,hist,COMPLETE
201,0.2889265477760378,1.2068949802603282,0.4907971543658784,cuda,logloss,0.01074717562495821,0.014433317961594787,7,139,binary:logistic,0.8335342082381447,hist,COMPLETE
202,0.28868082581035537,0.8828019905770476,0.4996653629761917,cuda,logloss,0.008460194405565915,0.014096842521032592,7,143,binary:logistic,0.8421474370636807,hist,COMPLETE
203,0.2887227745498011,1.5082937093577606,0.5214737274598233,cuda,logloss,0.010088272896967202,0.01298642675499229,8,140,binary:logistic,0.7946606713021757,hist,COMPLETE
204,0.2890157841503323,1.4008993531369525,0.4907663098288352,cuda,logloss,0.018282507528225335,0.014365667484526737,6,127,binary:logistic,0.8331445824732899,hist,COMPLETE
205,0.28872816552728353,0.7185875713610591,0.5070952333353831,cuda,logloss,0.018120807958528568,0.01651988766251271,7,122,binary:logistic,0.8314756107858039,hist,COMPLETE
206,0.28834845839309237,1.3014271943973759,0.4898250983631313,cuda,logloss,0.013250322279529032,0.015088582255265982,8,129,binary:logistic,0.8138337325479512,hist,COMPLETE
207,0.2890907802552758,2.709038343861471,0.4786353880375382,cuda,logloss,0.015258715814534848,0.013463141845563019,7,110,binary:logistic,0.8015432550769274,hist,COMPLETE
208,0.28819140022032264,2.330768076316334,0.48758189162940363,cuda,logloss,0.011003819186042709,0.0205944635691026,6,112,binary:logistic,0.8051226753407155,hist,COMPLETE
209,0.2868410604260812,1.9428879627376454,0.5140976573561198,cuda,logloss,0.018961627321541163,0.012670342274731553,5,213,binary:logistic,0.8017321894027684,hist,COMPLETE
210,0.2888433919845397,3.925392919871298,0.469115411720126,cuda,logloss,0.015845418590587426,0.017206989164926738,7,204,binary:logistic,0.8229119939463149,hist,COMPLETE
211,0.28931174619393885,1.4742849949320642,0.4935414559217257,cuda,logloss,0.01278821008541139,0.014288153767996992,7,147,binary:logistic,0.8430887190896007,hist,COMPLETE
212,0.28876308479345175,1.2231093651415412,0.5017246784430529,cuda,logloss,0.007513930045391303,0.014322456896613794,6,147,binary:logistic,0.844601302326761,hist,COMPLETE
213,0.2887678625205213,1.5231460533905816,0.47459111061439496,cuda,logloss,0.013197365755433949,0.012940978779023362,7,118,binary:logistic,0.8613769633672264,hist,COMPLETE
214,0.2886955095811185,2.599758544778132,0.5339015689103356,cuda,logloss,0.022430469569775343,0.015106349418894752,8,144,binary:logistic,0.8319469887304787,hist,COMPLETE
215,0.288978365748078,1.2216416740243579,0.49385365688571903,cuda,logloss,0.010343102594859798,0.012296788680714923,7,127,binary:logistic,0.7869892857450456,hist,COMPLETE
216,0.2883558916632342,1.12365874472153,0.6785557347231753,cuda,logloss,0.01690670815255215,0.011572568662758312,6,123,binary:logistic,0.7619077949230165,hist,COMPLETE
217,0.2889255080634114,2.2554314699488045,0.47701432890533607,cuda,logloss,0.012400239490131526,0.012441319687959319,8,129,binary:logistic,0.8176867460317347,hist,COMPLETE
218,0.288637897959962,1.8897940081055582,0.48054788055117176,cuda,logloss,0.008749275971576714,0.010508901067272775,8,112,binary:logistic,0.8122150307294631,hist,COMPLETE
219,0.28908404141286237,3.0550254726871002,0.5176838014210001,cuda,logloss,0.01278439142789315,0.012869038333176595,8,127,binary:logistic,0.8228546697235497,hist,COMPLETE
220,0.2891982024379465,3.604589407817688,0.5151573438224264,cuda,logloss,0.009699876168019069,0.012318973079058887,8,127,binary:logistic,0.8216400737999503,hist,COMPLETE
221,0.2890849039821194,3.3646767734344833,0.5195967760094733,cuda,logloss,0.011506890956755356,0.012365721015448927,8,124,binary:logistic,0.7829043071970025,hist,COMPLETE
222,0.2884642408747727,3.184948508665815,0.5252674168294262,cuda,logloss,0.00653748877937035,0.012355215547010984,8,108,binary:logistic,0.8194418181760449,hist,COMPLETE
223,0.2887456570686787,4.404030148266391,0.539244525762267,cuda,logloss,0.009519523211283411,0.011200934171222502,8,124,binary:logistic,0.7783107476387112,hist,COMPLETE
224,0.2888534136054408,5.693716865053722,0.5143206821629678,cuda,logloss,0.010827770753575858,0.012138760972209658,8,119,binary:logistic,0.7922166119915535,hist,COMPLETE
225,0.28876758394569424,2.8833494682598255,0.5524549456333989,cuda,logloss,0.0144832034419612,0.012856835943020837,8,128,binary:logistic,0.7858006701199272,hist,COMPLETE
226,0.28889725932211385,2.1103019096630318,0.5054144049607089,cuda,logloss,0.012495643546238572,0.010383678823462502,8,127,binary:logistic,0.8151595527915206,hist,COMPLETE
227,0.2888939476091372,5.624967072381187,0.5202898822527022,cuda,logloss,0.009263398375458736,0.011544268161208387,7,115,binary:logistic,0.8294003306231265,hist,COMPLETE
228,0.2751520500709089,3.6098635918623514,0.49175634026741893,cuda,logloss,0.0075662404926916315,0.0028345364534723043,8,101,binary:logistic,0.8048767233328105,hist,COMPLETE
229,0.2889402455237259,2.9532932862454584,0.5331534095181364,cuda,logloss,0.015533732425442459,0.012826070273452755,8,119,binary:logistic,0.826644010225838,hist,COMPLETE
230,0.28794890107443727,2.6679972866068398,0.570239986044369,cuda,logloss,0.012130084331321454,0.013369684588371178,9,118,binary:logistic,0.8247655605232991,hist,COMPLETE
231,0.2890424707507355,4.214116794198507,0.5340141273509261,cuda,logloss,0.015510745142203675,0.012207215273117895,8,130,binary:logistic,0.8320211115297397,hist,COMPLETE
232,0.2886890534929584,4.112191620878747,0.540121653154581,cuda,logloss,0.01518058315939168,0.012534867397993046,8,109,binary:logistic,0.8296043643031005,hist,COMPLETE
233,0.2892144063945956,4.9681170659132174,0.528775436558293,cuda,logloss,0.011518404768772831,0.013207765944250709,8,129,binary:logistic,0.8115883010897941,hist,COMPLETE
234,0.28819523629053273,3.254722576797382,0.5257449320007173,cuda,logloss,0.011429840268073125,0.013146549152607248,9,129,binary:logistic,0.8123222226668428,hist,COMPLETE
235,0.28855525800609805,6.912837198645868,0.5316659132432172,cuda,logloss,0.010372279561207573,0.010872607864124684,8,122,binary:logistic,0.7982051411807635,hist,COMPLETE
236,0.28886696217976504,4.6446198708537585,0.5441824393101495,cuda,logloss,0.015635366015133198,0.013705881291933933,8,132,binary:logistic,0.8178286242882152,hist,COMPLETE
237,0.2887351226643392,2.3385521777242344,0.561090455579645,cuda,logloss,0.013139255602966488,0.012161848639338377,9,125,binary:logistic,0.7738067947100846,hist,COMPLETE
238,0.2880259171281851,1.7118429943964755,0.5057970961796238,cuda,logloss,0.009519455023640471,0.014110859993541296,9,118,binary:logistic,0.835678330280947,hist,COMPLETE
239,0.2890808510639912,3.574387545252197,0.518166274910819,cuda,logloss,0.016352670573998987,0.011500669718300414,8,131,binary:logistic,0.8022958349447123,hist,COMPLETE
240,0.28873427986698286,4.932404915259944,0.5202185862292745,cuda,logloss,0.018653174447673605,0.010172441018820874,8,133,binary:logistic,0.7841011110237183,hist,COMPLETE
241,0.2890718564566909,3.020169007055518,0.5150779978682637,cuda,logloss,0.0153327374813088,0.011392424725013974,8,127,binary:logistic,0.809474171998382,hist,COMPLETE
242,0.2889622773686364,3.6354796293201113,0.5112240823125737,cuda,logloss,0.016101877001227845,0.011044977790932517,8,122,binary:logistic,0.8003590524787159,hist,COMPLETE
243,0.28899187301038204,3.2146097466273504,0.5357611006319548,cuda,logloss,0.016276641215766507,0.011092062681232528,9,123,binary:logistic,0.7986180980504831,hist,COMPLETE
244,0.28865864929300145,3.4573424013999827,0.5487647480580192,cuda,logloss,0.016731962253991827,0.011004012441191712,9,123,binary:logistic,0.7974275679011263,hist,COMPLETE
245,0.2883881434910404,3.8343911091911878,0.5208807928750588,cuda,logloss,0.01845115662867018,0.009274700549008858,8,126,binary:logistic,0.7658553936649022,hist,COMPLETE
246,0.289338410611234,6.673494023124141,0.5050824501232756,cuda,logloss,0.0138089942116214,0.01084567902305238,9,132,binary:logistic,0.7885976178004527,hist,COMPLETE
247,0.2885822244673057,8.520274353055717,0.5281061383747622,cuda,logloss,0.013878200949111807,0.010223311232698975,9,132,binary:logistic,0.784887224916575,hist,COMPLETE
248,0.2890013683450835,4.669254935272647,0.5108950706587236,cuda,logloss,0.02297714166100974,0.011540827184484292,7,133,binary:logistic,0.8077632885641167,hist,COMPLETE
249,0.2884945428395363,4.431029051062797,0.5086624370947033,cuda,logloss,0.021799283023816788,0.00928388462103923,9,132,binary:logistic,0.8081898311612608,hist,COMPLETE
250,0.2886563665225918,5.908120382117843,0.54388538481938,cuda,logloss,0.025067825964527585,0.011424931221857677,7,114,binary:logistic,0.7567553201993774,hist,COMPLETE
