number,value,params_alpha,params_colsample_bytree,params_device,params_eval_metric,params_lambda,params_learning_rate,params_max_depth,params_min_child_weight,params_objective,params_subsample,params_tree_method,state
251,0.28943048385139614,6.034721734848382,0.5077450530356703,cuda,logloss,0.020408676363460613,0.011547489728990796,8,130,binary:logistic,0.7891158196390415,hist,COMPLETE
252,0.2871846532997214,6.0803661773409665,0.5140861571309657,cuda,logloss,0.02749762158545672,0.009759661935537477,8,239,binary:logistic,0.7945721108255438,hist,COMPLETE
253,0.28853529529862254,0.4054932588008031,0.5649608455001865,cuda,logloss,0.02142439092045144,0.010968145512772753,8,135,binary:logistic,0.8047944651244914,hist,COMPLETE
254,0.28909152644358943,6.44085836948075,0.5302801115817588,cuda,logloss,0.01852437502014851,0.01182684186651702,9,132,binary:logistic,0.7753672729072373,hist,COMPLETE
255,0.2888661230795931,7.216142353482277,0.5833075605082629,cuda,logloss,0.018315517694602965,0.011741992640163642,9,127,binary:logistic,0.7724327382187081,hist,COMPLETE
256,0.2886835331140127,7.097588892165663,0.5323181270075921,cuda,logloss,0.014784648270532448,0.010245717364682149,9,133,binary:logistic,0.7517264326965765,hist,COMPLETE
257,0.28866801442250395,5.0268781909308204,0.5484503034298878,cuda,logloss,0.023874920370835204,0.011514743566649048,9,120,binary:logistic,0.7718659999804066,hist,COMPLETE
258,0.2891605372888027,2.9197287825691114,0.5040536117361808,cuda,logloss,0.018135609543242608,0.013050972675820215,8,130,binary:logistic,0.7871854130007944,hist,COMPLETE
259,0.28728721207708663,4.765126324710189,0.5021200634778883,cuda,logloss,0.028839542250678474,0.013179817132841694,24,133,binary:logistic,0.7886987110880893,hist,COMPLETE
260,0.2887653471489722,2.7129035140723503,0.5155981802871392,cuda,logloss,0.019479939882285188,0.01343652564856914,8,136,binary:logistic,0.8099277617391186,hist,COMPLETE
261,0.2886896223771553,8.986654995564663,0.502473728971901,cuda,logloss,0.022995940463801285,0.01180045481660967,8,90,binary:logistic,0.7788379108441998,hist,COMPLETE
262,0.28876520022606855,6.846523761860017,0.5233422144801949,cuda,logloss,0.013330282648984886,0.012525244037860964,10,138,binary:logistic,0.8131536593006546,hist,COMPLETE
263,0.28799877786378114,3.8500222228467935,0.4959648395089723,cuda,logloss,0.018659753505542383,0.008840687392498287,8,129,binary:logistic,0.7882987904582924,hist,COMPLETE
264,0.2889403729962232,5.3621346398338146,0.5024034721504435,cuda,logloss,0.032262983762788446,0.014081591919856003,8,132,binary:logistic,0.8184491329235785,hist,COMPLETE
265,0.28937732412281736,4.260995667430332,0.5153580253335192,cuda,logloss,0.014763153272760968,0.013228151900766353,7,126,binary:logistic,0.8032343181230799,hist,COMPLETE
266,0.2881510857972457,3.1457033247097246,0.5187373781806994,cuda,logloss,0.014270038623021175,0.014672104131649903,8,117,binary:logistic,0.7954618227649715,hist,COMPLETE
267,0.28881046389343396,4.0561395987578095,0.7215904948447992,cuda,logloss,0.01591321797092522,0.013208121964482084,7,125,binary:logistic,0.8217989902874067,hist,COMPLETE
268,0.28887525367899025,2.541477966974243,0.5308354695661528,cuda,logloss,0.018033675835299832,0.012331188585342432,8,112,binary:logistic,0.7623447432035663,hist,COMPLETE
269,0.2890774163794379,9.739090832907205,0.4851663432321618,cuda,logloss,0.012225700689442929,0.01371189436452626,7,105,binary:logistic,0.7779366509837178,hist,COMPLETE
270,0.2862572494087466,9.366296722534578,0.48647593920549054,cuda,logloss,0.008382050427438363,0.014758807235877738,15,99,binary:logistic,0.7846827432713047,hist,COMPLETE
271,0.2884712290360302,7.044078626410345,0.4888938843270068,cuda,logloss,0.012470548710417972,0.013503226960222813,8,204,binary:logistic,0.7711836847592095,hist,COMPLETE
272,0.2884920430604616,5.6439962249812945,0.5058747388508531,cuda,logloss,0.012486790936785428,0.015000889268386297,9,109,binary:logistic,0.7457379301077304,hist,COMPLETE
273,0.2888287929275294,0.14623553031465755,0.5225567853947997,cuda,logloss,0.010746920114506736,0.013636804480403884,7,118,binary:logistic,0.7802038576568204,hist,COMPLETE
274,0.2878218396075755,7.676654255511454,0.5454953811097017,cuda,logloss,0.015040059934163054,0.010345441640017747,7,104,binary:logistic,0.7980471653987071,hist,COMPLETE
275,0.2885539329672636,2.9869331659265934,0.4812553245373328,cuda,logloss,0.008114795137328447,0.012480802391806897,8,127,binary:logistic,0.806835257565959,hist,COMPLETE
276,0.2860775315126617,4.050754145091363,0.49627918043445013,cuda,logloss,0.011897574813906298,0.015201503028121443,13,114,binary:logistic,0.8226714487170823,hist,COMPLETE
277,0.2892119442303562,5.813431291919756,0.5572907950991216,cuda,logloss,0.01673832589713741,0.013362567907860263,7,140,binary:logistic,0.8394875895306919,hist,COMPLETE
278,0.2891861934999144,6.362197443879038,0.5653902052394058,cuda,logloss,0.018232606574923694,0.014080523665222918,8,140,binary:logistic,0.8368199857190283,hist,COMPLETE
279,0.28893356487178423,6.4152868958145675,0.5557501291602698,cuda,logloss,0.0059643148505428845,0.01079159947327981,8,141,binary:logistic,0.793801836276881,hist,COMPLETE
280,0.28913428808141994,8.049301218707877,0.5773884765062967,cuda,logloss,0.009502795845486346,0.012009475135610076,9,140,binary:logistic,0.8415598054168103,hist,COMPLETE
281,0.2885862955498628,8.836717766922247,0.5816854371576377,cuda,logloss,4.481664298312346,0.012033478722762413,10,95,binary:logistic,0.5622393684540944,hist,COMPLETE
282,0.2883181483909708,9.950138339436796,0.5701001137711216,cuda,logloss,0.009409670487657718,0.009783216645459454,9,143,binary:logistic,0.8473593574468238,hist,COMPLETE
283,0.28849693861519915,5.511441021301908,0.5897850354619485,cuda,logloss,0.009911326189087877,0.011686269406477478,9,137,binary:logistic,0.8386381142764415,hist,COMPLETE
284,0.28890552574478234,6.200433833779336,0.5625293838010986,cuda,logloss,0.0073631646164387474,0.013372807527658914,8,140,binary:logistic,0.7645577646383837,hist,COMPLETE
285,0.2888136003920068,8.11099084882346,0.5959772886877652,cuda,logloss,0.01370503146329842,0.010603218385186946,9,138,binary:logistic,0.7773687648330433,hist,COMPLETE
286,0.28865799537355735,4.954000594119225,0.5467789233704256,cuda,logloss,0.011363436301646159,0.015730148000008725,9,145,binary:logistic,0.8043825658389813,hist,COMPLETE
287,0.2886529336062571,7.22371850051913,0.559275427815505,cuda,logloss,0.005136189867597248,0.012425302881087263,10,130,binary:logistic,0.8414895027548628,hist,COMPLETE
288,0.2884540114077945,3.6782057794421186,0.5361353573094266,cuda,logloss,0.014360719452932482,0.013995460541503451,8,123,binary:logistic,0.815330777377512,hist,COMPLETE
289,0.28826464225226356,5.079231936000182,0.6142140055555637,cuda,logloss,0.009007516003755489,0.011626455702789723,7,148,binary:logistic,0.739994840048621,hist,COMPLETE
290,0.2682895474397874,6.221766903419647,0.5683139695151249,cuda,logloss,0.011595798508041282,0.0127611577821758,12,1,binary:logistic,0.8391603311000125,hist,COMPLETE
291,0.2853607285835163,4.386989194017497,0.5338071381817004,cuda,logloss,0.017743143547691607,0.014772452360571349,18,138,binary:logistic,0.8576933640111191,hist,COMPLETE
292,0.2878544508660303,7.944844357001874,0.5546710661147521,cuda,logloss,0.013586945690353371,0.01069854357210484,7,22,binary:logistic,0.7836932211641569,hist,COMPLETE
293,0.28783179291093414,3.531384261652596,0.5201439616470076,cuda,logloss,0.1287583773324591,0.016177836612336165,8,106,binary:logistic,0.8090851503911125,hist,COMPLETE
294,0.2878192607408984,4.2926309921477985,0.5427745359038888,cuda,logloss,0.01692736781705187,0.009732565427957083,7,130,binary:logistic,0.8256999253077724,hist,COMPLETE
295,0.2524911510513269,2.9250354147313766,0.5136984985021243,cuda,logloss,0.010570429925583904,0.07078037680512264,8,85,binary:logistic,0.7913580065670771,hist,COMPLETE
296,0.2889285095343704,9.758292902265337,0.5307024832920983,cuda,logloss,0.020682403671432682,0.013886961034766627,8,144,binary:logistic,0.8371945477833667,hist,COMPLETE
297,0.2890422772111557,5.944350980385733,0.5096510657437772,cuda,logloss,0.014387024860376744,0.012061174937026603,7,137,binary:logistic,0.8017217182029668,hist,COMPLETE
298,0.2879614600892486,2.502891835921358,0.5787405313233609,cuda,logloss,0.008874204651947219,0.013089618379396812,9,120,binary:logistic,0.8557611716084245,hist,COMPLETE
299,0.2889236700803917,5.095460991744364,0.5248349446186072,cuda,logloss,0.012790776325846907,0.011378226956649966,8,128,binary:logistic,0.8165093455168864,hist,COMPLETE
300,0.2895797316411886,3.33029065395022,0.5456389940628341,cuda,logloss,0.016329246014877414,0.014586087705844453,7,135,binary:logistic,0.7684743978358726,hist,COMPLETE
301,0.2886972663868229,2.1961672134465076,0.6054968451395555,cuda,logloss,0.02018991618055157,0.01495880731623415,7,149,binary:logistic,0.7689478715351001,hist,COMPLETE
302,0.2885479589598345,3.3920041272087214,0.556761897563559,cuda,logloss,0.0072470413682571835,0.01655263796769889,7,135,binary:logistic,0.7816846834696327,hist,COMPLETE
303,0.288963766208826,7.718825454404877,0.573248448424066,cuda,logloss,0.010822669381626319,0.014122520037754388,7,123,binary:logistic,0.7535200831990353,hist,COMPLETE
304,0.2888525884902719,3.1210871948256265,0.5461014893433106,cuda,logloss,0.016813766926195104,0.015288534898485142,7,141,binary:logistic,0.7678027691965817,hist,COMPLETE
305,0.28623598561376334,6.260856492565254,0.5020699192956398,cuda,logloss,0.17377460429937935,0.008085182748243512,7,134,binary:logistic,0.7906186897038957,hist,COMPLETE
306,0.24337804448163444,2.64157175479369,0.48018265329054444,cuda,logloss,0.013109240408063801,0.09502907066014385,9,144,binary:logistic,0.7760511861738913,hist,COMPLETE
307,0.28838964744146317,4.639417525840926,0.5212080074346715,cuda,logloss,0.021024643995531174,0.013465592339895511,8,114,binary:logistic,0.799235492719066,hist,COMPLETE
308,0.2887282089290165,3.525280932256912,0.6403551459252236,cuda,logloss,0.017379949435840092,0.010875679047246421,8,153,binary:logistic,0.8109721456083321,hist,COMPLETE
309,0.2887194054500887,8.074177487224123,0.4947294500331016,cuda,logloss,0.011396438498754009,0.017818800319096127,7,127,binary:logistic,0.759607195477715,hist,COMPLETE
310,0.288975914193151,1.9382393902820323,0.5457462023267878,cuda,logloss,0.008557301354157405,0.012971261076194961,8,136,binary:logistic,0.8231479592968128,hist,COMPLETE
311,0.2875621680034064,0.1978369455666346,0.5149792079327314,cuda,logloss,0.01472794832010009,0.013825637983583538,10,147,binary:logistic,0.7878040603043334,hist,COMPLETE
312,0.2890083515231792,6.516021216495048,0.4805484453829946,cuda,logloss,0.025342683419319098,0.012051730857535851,9,122,binary:logistic,0.844974875711027,hist,COMPLETE
313,0.2884709482107429,0.09289875587678362,0.5312199599965908,cuda,logloss,0.019136397924650907,0.016072894951419642,7,132,binary:logistic,0.8002362868731369,hist,COMPLETE
314,0.28841968947807034,5.306009672709842,0.5011608356072546,cuda,logloss,0.010054374776294424,0.014491500062535079,8,101,binary:logistic,0.8142460635709666,hist,COMPLETE
315,0.28798306306073806,0.38929706161474986,0.5660813701986475,cuda,logloss,0.012350633030399565,0.009227398081081242,8,142,binary:logistic,0.857672496756352,hist,COMPLETE
316,0.2887008857698623,3.981849771893575,0.5152736879524639,cuda,logloss,0.014206056119146077,0.011137045474512509,7,127,binary:logistic,0.7811929669178268,hist,COMPLETE
317,0.288819215129535,2.5848514598093755,0.4684578745254546,cuda,logloss,0.015859385982636486,0.012774538478800782,9,111,binary:logistic,0.8314063460830321,hist,COMPLETE
318,0.2875224047823389,3.3468343946150303,0.5521689449141695,cuda,logloss,0.08321842323761541,0.010306727134726178,6,118,binary:logistic,0.7925066684321498,hist,COMPLETE
319,0.28909259927013076,7.189803099913511,0.4890881467926579,cuda,logloss,0.006327824781838452,0.01550030986007987,7,157,binary:logistic,0.8393875917615768,hist,COMPLETE
320,0.28887014175857634,9.655132206627707,0.48719142918563296,cuda,logloss,0.006235402459132288,0.018347234166642107,6,225,binary:logistic,0.8429295819379172,hist,COMPLETE
321,0.288296660032206,6.946392093751141,0.5015917618091859,cuda,logloss,0.004514762317390858,0.016643675461625443,8,154,binary:logistic,0.8656458056602119,hist,COMPLETE
322,0.2884324796472966,7.916314813280569,0.4749536644109883,cuda,logloss,0.005407934492847113,0.015412903620591866,9,211,binary:logistic,0.8526883096474761,hist,COMPLETE
323,0.2891485413712904,5.7635185247694976,0.4918183855965591,cuda,logloss,0.00664790813224809,0.012167299675556438,8,140,binary:logistic,0.8410968220999298,hist,COMPLETE
324,0.2892599229172427,5.592326817934483,0.48461183634174976,cuda,logloss,0.0038851638887719355,0.014335838925298544,7,149,binary:logistic,0.8418740747686513,hist,COMPLETE
325,0.2884710605730073,5.565538085395457,0.4815813315753981,cuda,logloss,0.006102882481635874,0.012731589934568806,6,149,binary:logistic,0.8420496648835223,hist,COMPLETE
326,0.2892480028723897,6.155114707060127,0.46799297454949945,cuda,logloss,0.003501967692583149,0.014885282528911624,7,162,binary:logistic,0.8598055844723974,hist,COMPLETE
327,0.28924103030360665,5.077439033727241,0.4725046113151665,cuda,logloss,0.004289023892545557,0.015299316209175065,7,165,binary:logistic,0.875119220172626,hist,COMPLETE
328,0.2889847708793886,5.441622418603439,0.456792836532345,cuda,logloss,0.004120075493988238,0.017420200345180624,7,166,binary:logistic,0.8769959646506602,hist,COMPLETE
329,0.28896594931599695,6.477273920994503,0.4716807617026736,cuda,logloss,0.003487552407778796,0.01635918655817194,7,164,binary:logistic,0.8640273595137627,hist,COMPLETE
330,0.28899263205846837,4.750455638217204,0.463733257046912,cuda,logloss,0.004114382039200619,0.015160991912054384,6,160,binary:logistic,0.8785649826557128,hist,COMPLETE
331,0.28932935492001316,6.23224880454458,0.4735849289450211,cuda,logloss,0.0028598291203062905,0.01503904821262974,7,154,binary:logistic,0.8631249898833532,hist,COMPLETE
332,0.28918736004204976,6.133210665370151,0.463445324814063,cuda,logloss,0.002818634943265208,0.017040670029282782,7,159,binary:logistic,0.8687676212988078,hist,COMPLETE
333,0.2888884788300297,6.710669221751409,0.4575970282964158,cuda,logloss,0.0030578446678011743,0.019600777362711652,6,161,binary:logistic,0.8810667663668653,hist,COMPLETE
334,0.28875766021981303,5.846704398265338,0.4684113643070024,cuda,logloss,0.003398085426472539,0.019396971553064905,7,157,binary:logistic,0.8659161816923039,hist,COMPLETE
335,0.2887201915036977,7.623940637006405,0.47194416130306505,cuda,logloss,0.0038564432834373922,0.017725430977434807,6,169,binary:logistic,0.9005186358371498,hist,COMPLETE
336,0.2891144806557003,5.062032696060899,0.45862507304999073,cuda,logloss,0.0025824199045983657,0.015357793734208194,7,154,binary:logistic,0.8881379068857371,hist,COMPLETE
337,0.2886543719718388,5.5573098890543955,0.45712846084738096,cuda,logloss,0.0026353443603704795,0.016822007176684153,7,157,binary:logistic,0.8977119592134783,hist,COMPLETE
338,0.2891232560038751,4.861509092060888,0.4468724379113847,cuda,logloss,0.0024008882611129927,0.016259356108857363,6,157,binary:logistic,0.8868068044438132,hist,COMPLETE
339,0.2889338569493726,4.937411768630123,0.44739771939461137,cuda,logloss,0.0021592883845518275,0.018481945202960252,6,168,binary:logistic,0.9097931529681972,hist,COMPLETE
340,0.2889663270718214,5.014626848545431,0.4555542343725946,cuda,logloss,0.002612313779729913,0.016416096626733195,6,164,binary:logistic,0.8902214315064751,hist,COMPLETE
341,0.28883436779976207,7.02295942196811,0.4703355869420365,cuda,logloss,0.0028549067103059156,0.020604202829039586,6,157,binary:logistic,0.9332985226134711,hist,COMPLETE
342,0.2890565941569012,4.617116671889397,0.4493969221104047,cuda,logloss,0.0023002415211210714,0.01789060798539805,7,155,binary:logistic,0.8776395232162173,hist,COMPLETE
343,0.2891976367686928,6.19444629082198,0.4833186467904099,cuda,logloss,0.00464733469051345,0.015599298613931474,7,159,binary:logistic,0.8870941522059261,hist,COMPLETE
344,0.2886101063835856,5.4393120674950035,0.46140791742152704,cuda,logloss,0.0034468645851028494,0.015614415150507346,6,176,binary:logistic,0.9229084072351134,hist,COMPLETE
345,0.2885761011257653,4.243206748855335,0.47574546079169744,cuda,logloss,0.00455299938875521,0.01724134207865766,7,152,binary:logistic,0.8914140675678075,hist,COMPLETE
346,0.2884231384691209,5.957444048569772,0.44335171503073595,cuda,logloss,0.0030161065065745386,0.01495712928538913,7,170,binary:logistic,0.8676370644662466,hist,COMPLETE
347,0.2880950462833075,4.434467501214045,0.4837776609367258,cuda,logloss,0.001888249358474079,0.01611543608312636,5,161,binary:logistic,0.8845092335576543,hist,COMPLETE
348,0.28879259491770864,0.041886434648551976,0.4618195611286331,cuda,logloss,0.00491232610327798,0.014659177473205595,7,151,binary:logistic,0.8743285523218108,hist,COMPLETE
349,0.2884919866382088,5.994515708506496,0.48949460074951984,cuda,logloss,0.0024936616306189723,0.018988283927246555,7,163,binary:logistic,0.9082157337927921,hist,COMPLETE
350,0.289188383358466,8.100622816821618,0.4430703998505868,cuda,logloss,0.004001081303778347,0.014602167531100961,7,149,binary:logistic,0.8883541535102122,hist,COMPLETE
351,0.28859181882225743,8.352079803462301,0.4740089739776398,cuda,logloss,0.003643804509195897,0.0142054791688584,6,147,binary:logistic,0.8604547946067493,hist,COMPLETE
352,0.2891864611439347,8.022253809271778,0.43438213882224264,cuda,logloss,0.004923273665262611,0.017168576993935685,6,149,binary:logistic,0.870462173088757,hist,COMPLETE
353,0.28939009821732775,8.596564544916298,0.43779364055292724,cuda,logloss,0.005073476221871942,0.01795358818787734,6,148,binary:logistic,0.8553812846036472,hist,COMPLETE
354,0.2883112552312844,8.273773914325234,0.4389051517909737,cuda,logloss,0.005078467788694758,0.023867315662620125,6,148,binary:logistic,0.8705944859804305,hist,COMPLETE
355,0.2891289665467104,9.865925114448663,0.43703492871247884,cuda,logloss,0.00459531992833931,0.020756804523366885,5,149,binary:logistic,0.8586009336096534,hist,COMPLETE
356,0.2892489035387235,6.693071755146545,0.42245644883473443,cuda,logloss,0.004249680953643574,0.021259635171406107,6,146,binary:logistic,0.8720482458051816,hist,COMPLETE
357,0.28876543105898933,7.353761776622601,0.41769840594481733,cuda,logloss,0.003841596089341387,0.018406438159094218,5,152,binary:logistic,0.8736518158024067,hist,COMPLETE
358,0.28917400822224876,6.672715550024567,0.42977502013083646,cuda,logloss,0.004115878991622387,0.01991293140132306,6,147,binary:logistic,0.8622361439326666,hist,COMPLETE
359,0.2887976269467841,6.770025373264451,0.42224009757189807,cuda,logloss,0.0033559170307994207,0.02175372926948604,5,146,binary:logistic,0.8696247380461981,hist,COMPLETE
360,0.28880080089944515,8.201900740368822,0.4297063796612764,cuda,logloss,0.004311982300807369,0.024378845288767097,6,160,binary:logistic,0.8570568413442442,hist,COMPLETE
361,0.28907149252512215,6.966866555786348,0.4314222104562566,cuda,logloss,0.0038297691904883397,0.021484416494063255,6,151,binary:logistic,0.8778169174200147,hist,COMPLETE
362,0.28871354525164816,6.347633083999389,0.41004816694174573,cuda,logloss,0.0053023287876202245,0.019520590048571634,5,145,binary:logistic,0.9003650720069278,hist,COMPLETE
363,0.28881853902698285,8.600010266526375,0.43240789555062054,cuda,logloss,0.004484747680624818,0.02280406824126028,6,155,binary:logistic,0.8546727883317518,hist,COMPLETE
364,0.2880025673173152,6.447548156188985,0.4440255122721899,cuda,logloss,0.003183342631257775,0.02564982078975647,6,168,binary:logistic,0.8675502690373209,hist,COMPLETE
365,0.28914751226797647,9.886716673127296,0.4465742277678726,cuda,logloss,0.005204881251360723,0.01851993170944218,6,146,binary:logistic,0.8805621995954094,hist,COMPLETE
366,0.2884795505949744,7.639362110882081,0.4592602739203382,cuda,logloss,0.004051447471568317,0.020481648389631003,5,164,binary:logistic,0.8558036064445549,hist,COMPLETE
367,0.2891067342500921,5.851925465245214,0.42166769636346435,cuda,logloss,0.0030844761049666266,0.01746300001283543,6,143,binary:logistic,0.8935082461970265,hist,COMPLETE
368,0.28440476972790524,0.2762522403367263,0.4414866417157699,cuda,logloss,0.00528179637636453,0.029138885828272513,7,151,binary:logistic,0.8642230175816932,hist,COMPLETE
369,0.2880482394432125,4.139890298796953,0.45857357317848435,cuda,logloss,0.0029980486552561606,0.022464110650115436,7,155,binary:logistic,0.852995250890088,hist,COMPLETE
370,0.2642661576003028,7.444931566212931,0.4654889797438423,cuda,logloss,0.0037901049821644304,0.0019173093062615646,7,159,binary:logistic,0.8801006038172156,hist,COMPLETE
371,0.2888810725654109,5.459865891759993,0.4009548402461225,cuda,logloss,0.00464246814354122,0.01918259772885397,6,142,binary:logistic,0.8682251141961136,hist,COMPLETE
372,0.2890278294172221,8.503336870434424,0.47624570175419584,cuda,logloss,0.003236524360320006,0.016958096760077125,7,146,binary:logistic,0.8522722834169829,hist,COMPLETE
373,0.28885583493990186,6.484345443309606,0.4325213996904795,cuda,logloss,0.0054927266983243244,0.016529324256278875,6,151,binary:logistic,0.8897490171314365,hist,COMPLETE
374,0.2866689656425332,4.670503376921277,0.41526074396724205,cuda,logloss,0.004157980351182336,0.019215051004041195,4,171,binary:logistic,0.9228426945375932,hist,COMPLETE
375,0.28863180998279686,5.568774490438887,0.4950169522468638,cuda,logloss,0.0035119125544906516,0.017173306754277556,7,140,binary:logistic,0.8643704949414996,hist,COMPLETE
376,0.2889431256305796,7.1026298765961515,0.44987249661128215,cuda,logloss,0.005836505583059334,0.015096987432618444,6,161,binary:logistic,0.85113686539442,hist,COMPLETE
377,0.2887180156301491,4.133640134108965,0.47193010781320355,cuda,logloss,0.004534809642825544,0.017850570614542906,7,149,binary:logistic,0.8728049750110995,hist,COMPLETE
