Trial 509 finished with value: 0.9735166666666667 and parameters: {'tree_method': 'gpu_hist', 'lambda': 0.7642767585497668, 'alpha': 0.044483769890781726, 'colsample_bytree': 0.42190383247678115, 'subsample': 0.8593021627225296, 'learning_rate': 0.06490638287697648, 'max_depth': 3, 'min_child_weight': 1, 'eval_metric': 'logloss'}. Best is trial 425 with value: 0.9801333333333333.
start listen on 10.110.42.71:58147
@tracker All of 1 nodes getting started
@tracker All nodes finishes job
start listen on 10.110.42.71:39361
@tracker All of 1 nodes getting started
@tracker All nodes finishes job
start listen on 10.110.42.71:48989
@tracker All of 1 nodes getting started
@tracker All nodes finishes job
start listen on 10.110.42.71:44395
@tracker All of 1 nodes getting started
@tracker All nodes finishes job
start listen on 10.110.42.71:36867
@tracker All of 1 nodes getting started
@tracker All nodes finishes job
Trial 510 finished with value: 0.9768 and parameters: {'tree_method': 'gpu_hist', 'lambda': 1.1819332915584206, 'alpha': 0.07362676381695328, 'colsample_bytree': 0.6850373821443082, 'subsample': 0.886851128955829, 'learning_rate': 0.07190738378812306, 'max_depth': 15, 'min_child_weight': 11, 'eval_metric': 'logloss'}. Best is trial 425 with value: 0.9801333333333333.
start listen on 10.110.42.71:53827
@tracker All of 1 nodes getting started
@tracker All nodes finishes job
start listen on 10.110.42.71:49899
@tracker All of 1 nodes getting started
@tracker All nodes finishes job
start listen on 10.110.42.71:60349
@tracker All of 1 nodes getting started
@tracker All nodes finishes job
start listen on 10.110.42.71:55851
@tracker All of 1 nodes getting started
@tracker All nodes finishes job
start listen on 10.110.42.71:47413
@tracker All of 1 nodes getting started
@tracker All nodes finishes job
Trial 511 finished with value: 0.9743 and parameters: {'tree_method': 'gpu_hist', 'lambda': 0.6036031908096134, 'alpha': 0.0640332905896661, 'colsample_bytree': 0.39496924331357747, 'subsample': 0.4840694078269259, 'learning_rate': 0.09112324027085676, 'max_depth': 5, 'min_child_weight': 21, 'eval_metric': 'logloss'}. Best is trial 425 with value: 0.9801333333333333.
start listen on 10.110.42.71:51957
@tracker All of 1 nodes getting started
@tracker All nodes finishes job
start listen on 10.110.42.71:51347
@tracker All of 1 nodes getting started
@tracker All nodes finishes job
start listen on 10.110.42.71:34587
@tracker All of 1 nodes getting started
@tracker All nodes finishes job
start listen on 10.110.42.71:52689
@tracker All of 1 nodes getting started
@tracker All nodes finishes job
start listen on 10.110.42.71:55277
@tracker All of 1 nodes getting started
@tracker All nodes finishes job
Trial 512 finished with value: 0.9609666666666666 and parameters: {'tree_method': 'gpu_hist', 'lambda': 1.0074784579066054, 'alpha': 0.01252202474664389, 'colsample_bytree': 0.37652532076533307, 'subsample': 0.9059383062372581, 'learning_rate': 0.07613211870652269, 'max_depth': 5, 'min_child_weight': 181, 'eval_metric': 'logloss'}. Best is trial 425 with value: 0.9801333333333333.
start listen on 10.110.42.71:49101
@tracker All of 1 nodes getting started
@tracker All nodes finishes job
start listen on 10.110.42.71:35743
@tracker All of 1 nodes getting started
@tracker All nodes finishes job
start listen on 10.110.42.71:39981
@tracker All of 1 nodes getting started
@tracker All nodes finishes job
start listen on 10.110.42.71:41921
@tracker All of 1 nodes getting started
@tracker All nodes finishes job
start listen on 10.110.42.71:39261
@tracker All of 1 nodes getting started
@tracker All nodes finishes job
Trial 513 finished with value: 0.97825 and parameters: {'tree_method': 'gpu_hist', 'lambda': 0.8464612755468833, 'alpha': 0.033581083260163486, 'colsample_bytree': 0.41255348822674154, 'subsample': 0.9655213396973706, 'learning_rate': 0.08756310904429425, 'max_depth': 5, 'min_child_weight': 6, 'eval_metric': 'logloss'}. Best is trial 425 with value: 0.9801333333333333.
start listen on 10.110.42.71:51897
@tracker All of 1 nodes getting started
@tracker All nodes finishes job
start listen on 10.110.42.71:47839
@tracker All of 1 nodes getting started
@tracker All nodes finishes job
start listen on 10.110.42.71:54831
@tracker All of 1 nodes getting started
@tracker All nodes finishes job
start listen on 10.110.42.71:36861
@tracker All of 1 nodes getting started
@tracker All nodes finishes job
start listen on 10.110.42.71:54185
@tracker All of 1 nodes getting started
@tracker All nodes finishes job
Trial 514 finished with value: 0.9768833333333333 and parameters: {'tree_method': 'gpu_hist', 'lambda': 0.015798494294676446, 'alpha': 0.01931406749781332, 'colsample_bytree': 0.4769046156369603, 'subsample': 0.8791999694318136, 'learning_rate': 0.027273404438950988, 'max_depth': 5, 'min_child_weight': 1, 'eval_metric': 'logloss'}. Best is trial 425 with value: 0.9801333333333333.
start listen on 10.110.42.71:48959
@tracker All of 1 nodes getting started
@tracker All nodes finishes job
start listen on 10.110.42.71:52413
@tracker All of 1 nodes getting started
@tracker All nodes finishes job
start listen on 10.110.42.71:44079
@tracker All of 1 nodes getting started
@tracker All nodes finishes job
start listen on 10.110.42.71:50547
@tracker All of 1 nodes getting started
@tracker All nodes finishes job
start listen on 10.110.42.71:54699
@tracker All of 1 nodes getting started
@tracker All nodes finishes job
Trial 515 finished with value: 0.9768333333333333 and parameters: {'tree_method': 'gpu_hist', 'lambda': 0.6992283856526408, 'alpha': 0.015620138407346188, 'colsample_bytree': 0.40357869430456517, 'subsample': 0.804645952508795, 'learning_rate': 0.08033791890194121, 'max_depth': 13, 'min_child_weight': 12, 'eval_metric': 'logloss'}. Best is trial 425 with value: 0.9801333333333333.
start listen on 10.110.42.71:52921
@tracker All of 1 nodes getting started
@tracker All nodes finishes job
start listen on 10.110.42.71:46933
@tracker All of 1 nodes getting started
@tracker All nodes finishes job
start listen on 10.110.42.71:43707
@tracker All of 1 nodes getting started
@tracker All nodes finishes job
start listen on 10.110.42.71:48191
@tracker All of 1 nodes getting started
@tracker All nodes finishes job
start listen on 10.110.42.71:37435
@tracker All of 1 nodes getting started
@tracker All nodes finishes job
Trial 516 finished with value: 0.9779333333333333 and parameters: {'tree_method': 'gpu_hist', 'lambda': 1.6158762153722417, 'alpha': 0.024562851920714016, 'colsample_bytree': 0.48960091124573923, 'subsample': 0.8929097782891292, 'learning_rate': 0.05980158455671612, 'max_depth': 5, 'min_child_weight': 6, 'eval_metric': 'logloss'}. Best is trial 425 with value: 0.9801333333333333.
start listen on 10.110.42.71:57241
@tracker All of 1 nodes getting started
@tracker All nodes finishes job
start listen on 10.110.42.71:33407
@tracker All of 1 nodes getting started
@tracker All nodes finishes job
start listen on 10.110.42.71:38643
@tracker All of 1 nodes getting started
@tracker All nodes finishes job
start listen on 10.110.42.71:54659
@tracker All of 1 nodes getting started
@tracker All nodes finishes job
start listen on 10.110.42.71:52541
@tracker All of 1 nodes getting started
@tracker All nodes finishes job
Trial 517 finished with value: 0.9765166666666667 and parameters: {'tree_method': 'gpu_hist', 'lambda': 0.10638742778791424, 'alpha': 0.015606044292864149, 'colsample_bytree': 0.36504860276874135, 'subsample': 0.8732167014051639, 'learning_rate': 0.06776735384146329, 'max_depth': 5, 'min_child_weight': 16, 'eval_metric': 'logloss'}. Best is trial 425 with value: 0.9801333333333333.
start listen on 10.110.42.71:51915
@tracker All of 1 nodes getting started
@tracker All nodes finishes job
start listen on 10.110.42.71:42377
@tracker All of 1 nodes getting started
@tracker All nodes finishes job
start listen on 10.110.42.71:48847
@tracker All of 1 nodes getting started
@tracker All nodes finishes job
start listen on 10.110.42.71:46023
@tracker All of 1 nodes getting started
@tracker All nodes finishes job
start listen on 10.110.42.71:38019
@tracker All of 1 nodes getting started
@tracker All nodes finishes job
Trial 518 finished with value: 0.97955 and parameters: {'tree_method': 'gpu_hist', 'lambda': 1.3037889385330268, 'alpha': 0.02053280253625797, 'colsample_bytree': 0.6444203113171384, 'subsample': 0.8998470878603795, 'learning_rate': 0.07534050044474509, 'max_depth': 5, 'min_child_weight': 1, 'eval_metric': 'logloss'}. Best is trial 425 with value: 0.9801333333333333.
start listen on 10.110.42.71:41307
@tracker All of 1 nodes getting started
@tracker All nodes finishes job
start listen on 10.110.42.71:42535
@tracker All of 1 nodes getting started
@tracker All nodes finishes job
start listen on 10.110.42.71:57225
@tracker All of 1 nodes getting started
@tracker All nodes finishes job
start listen on 10.110.42.71:50947
@tracker All of 1 nodes getting started
@tracker All nodes finishes job
start listen on 10.110.42.71:39347
@tracker All of 1 nodes getting started
@tracker All nodes finishes job
Trial 519 finished with value: 0.97575 and parameters: {'tree_method': 'gpu_hist', 'lambda': 0.5793046306286052, 'alpha': 0.01811770019208346, 'colsample_bytree': 0.3388859834800367, 'subsample': 0.9262079931063383, 'learning_rate': 0.09296400257073142, 'max_depth': 5, 'min_child_weight': 28, 'eval_metric': 'logloss'}. Best is trial 425 with value: 0.9801333333333333.
start listen on 10.110.42.71:43077
@tracker All of 1 nodes getting started
@tracker All nodes finishes job
start listen on 10.110.42.71:42741
@tracker All of 1 nodes getting started
@tracker All nodes finishes job
start listen on 10.110.42.71:39631
@tracker All of 1 nodes getting started
@tracker All nodes finishes job
start listen on 10.110.42.71:40631
@tracker All of 1 nodes getting started
@tracker All nodes finishes job
start listen on 10.110.42.71:51143
@tracker All of 1 nodes getting started
@tracker All nodes finishes job
Trial 520 finished with value: 0.9772166666666666 and parameters: {'tree_method': 'gpu_hist', 'lambda': 1.0424522786132533, 'alpha': 0.01464565574074241, 'colsample_bytree': 0.8372070531188637, 'subsample': 0.9159473707875829, 'learning_rate': 0.06809808221006437, 'max_depth': 5, 'min_child_weight': 10, 'eval_metric': 'logloss'}. Best is trial 425 with value: 0.9801333333333333.
start listen on 10.110.42.71:42525
@tracker All of 1 nodes getting started
@tracker All nodes finishes job
start listen on 10.110.42.71:39079
@tracker All of 1 nodes getting started
@tracker All nodes finishes job
start listen on 10.110.42.71:53431
@tracker All of 1 nodes getting started
@tracker All nodes finishes job
start listen on 10.110.42.71:35919
@tracker All of 1 nodes getting started
@tracker All nodes finishes job
start listen on 10.110.42.71:47143
@tracker All of 1 nodes getting started
@tracker All nodes finishes job
Trial 521 finished with value: 0.9784666666666667 and parameters: {'tree_method': 'gpu_hist', 'lambda': 0.7491062968122707, 'alpha': 0.16260826109607046, 'colsample_bytree': 0.4639988682144741, 'subsample': 0.8875071692925561, 'learning_rate': 0.08397239337383886, 'max_depth': 5, 'min_child_weight': 6, 'eval_metric': 'logloss'}. Best is trial 425 with value: 0.9801333333333333.
start listen on 10.110.42.71:40567
@tracker All of 1 nodes getting started
@tracker All nodes finishes job
start listen on 10.110.42.71:32999
@tracker All of 1 nodes getting started
@tracker All nodes finishes job
start listen on 10.110.42.71:45877
@tracker All of 1 nodes getting started
@tracker All nodes finishes job
start listen on 10.110.42.71:40351
@tracker All of 1 nodes getting started
@tracker All nodes finishes job
start listen on 10.110.42.71:55751
@tracker All of 1 nodes getting started
@tracker All nodes finishes job
Trial 522 finished with value: 0.9796166666666667 and parameters: {'tree_method': 'gpu_hist', 'lambda': 0.8888690913966995, 'alpha': 0.008633044157213846, 'colsample_bytree': 0.4216457177286413, 'subsample': 0.943548943078224, 'learning_rate': 0.09991479529999994, 'max_depth': 5, 'min_child_weight': 1, 'eval_metric': 'logloss'}. Best is trial 425 with value: 0.9801333333333333.
start listen on 10.110.42.71:50309
@tracker All of 1 nodes getting started
@tracker All nodes finishes job
start listen on 10.110.42.71:44187
@tracker All of 1 nodes getting started
@tracker All nodes finishes job
start listen on 10.110.42.71:33607
@tracker All of 1 nodes getting started
@tracker All nodes finishes job
start listen on 10.110.42.71:59401
@tracker All of 1 nodes getting started
@tracker All nodes finishes job
start listen on 10.110.42.71:56075
@tracker All of 1 nodes getting started
@tracker All nodes finishes job
Trial 523 finished with value: 0.9769 and parameters: {'tree_method': 'gpu_hist', 'lambda': 0.4782402454898854, 'alpha': 0.02402181878793001, 'colsample_bytree': 0.43852956871861093, 'subsample': 0.8383310155123251, 'learning_rate': 0.08591961337656015, 'max_depth': 5, 'min_child_weight': 12, 'eval_metric': 'logloss'}. Best is trial 425 with value: 0.9801333333333333.
start listen on 10.110.42.71:51331
@tracker All of 1 nodes getting started
@tracker All nodes finishes job
start listen on 10.110.42.71:39199
@tracker All of 1 nodes getting started
@tracker All nodes finishes job
start listen on 10.110.42.71:56021
@tracker All of 1 nodes getting started
@tracker All nodes finishes job
start listen on 10.110.42.71:59741
@tracker All of 1 nodes getting started
@tracker All nodes finishes job
start listen on 10.110.42.71:55881
@tracker All of 1 nodes getting started
@tracker All nodes finishes job
Trial 524 finished with value: 0.9780166666666666 and parameters: {'tree_method': 'gpu_hist', 'lambda': 0.5655542128393745, 'alpha': 0.02844165466572267, 'colsample_bytree': 0.7336748041485694, 'subsample': 0.9986226442932875, 'learning_rate': 0.07899209901973156, 'max_depth': 5, 'min_child_weight': 6, 'eval_metric': 'logloss'}. Best is trial 425 with value: 0.9801333333333333.
start listen on 10.110.42.71:50347
@tracker All of 1 nodes getting started
@tracker All nodes finishes job
start listen on 10.110.42.71:52457
@tracker All of 1 nodes getting started
@tracker All nodes finishes job
start listen on 10.110.42.71:37071
@tracker All of 1 nodes getting started
@tracker All nodes finishes job
start listen on 10.110.42.71:33819
@tracker All of 1 nodes getting started
@tracker All nodes finishes job
start listen on 10.110.42.71:48395
@tracker All of 1 nodes getting started
@tracker All nodes finishes job
Trial 525 finished with value: 0.97345 and parameters: {'tree_method': 'gpu_hist', 'lambda': 1.0749911910425023, 'alpha': 0.02004243485206942, 'colsample_bytree': 0.4711879388612976, 'subsample': 0.8829095982232605, 'learning_rate': 0.07582569736069023, 'max_depth': 5, 'min_child_weight': 49, 'eval_metric': 'logloss'}. Best is trial 425 with value: 0.9801333333333333.
start listen on 10.110.42.71:34751
@tracker All of 1 nodes getting started
@tracker All nodes finishes job
start listen on 10.110.42.71:59097
@tracker All of 1 nodes getting started
@tracker All nodes finishes job
start listen on 10.110.42.71:60593
@tracker All of 1 nodes getting started
@tracker All nodes finishes job
start listen on 10.110.42.71:35659
@tracker All of 1 nodes getting started
@tracker All nodes finishes job
start listen on 10.110.42.71:36459
@tracker All of 1 nodes getting started
@tracker All nodes finishes job
Trial 526 finished with value: 0.9767 and parameters: {'tree_method': 'gpu_hist', 'lambda': 0.6856193710847732, 'alpha': 0.038638182034167357, 'colsample_bytree': 0.4466454559153056, 'subsample': 0.9821185329991781, 'learning_rate': 0.09244188298654518, 'max_depth': 5, 'min_child_weight': 19, 'eval_metric': 'logloss'}. Best is trial 425 with value: 0.9801333333333333.
start listen on 10.110.42.71:42569
@tracker All of 1 nodes getting started
@tracker All nodes finishes job
start listen on 10.110.42.71:38943
@tracker All of 1 nodes getting started
@tracker All nodes finishes job
start listen on 10.110.42.71:51425
@tracker All of 1 nodes getting started
@tracker All nodes finishes job
start listen on 10.110.42.71:43039
@tracker All of 1 nodes getting started
@tracker All nodes finishes job
start listen on 10.110.42.71:54745
@tracker All of 1 nodes getting started
@tracker All nodes finishes job
Trial 527 finished with value: 0.9774333333333334 and parameters: {'tree_method': 'gpu_hist', 'lambda': 3.9326034424964016, 'alpha': 0.010858211376137194, 'colsample_bytree': 0.38744581471905687, 'subsample': 0.9570981504571628, 'learning_rate': 0.08635799107858584, 'max_depth': 17, 'min_child_weight': 11, 'eval_metric': 'logloss'}. Best is trial 425 with value: 0.9801333333333333.
start listen on 10.110.42.71:47843
@tracker All of 1 nodes getting started
@tracker All nodes finishes job
start listen on 10.110.42.71:41401
@tracker All of 1 nodes getting started
@tracker All nodes finishes job
start listen on 10.110.42.71:48587
@tracker All of 1 nodes getting started
@tracker All nodes finishes job
start listen on 10.110.42.71:37597
@tracker All of 1 nodes getting started
@tracker All nodes finishes job
start listen on 10.110.42.71:55429
@tracker All of 1 nodes getting started
@tracker All nodes finishes job
Trial 528 finished with value: 0.9798 and parameters: {'tree_method': 'gpu_hist', 'lambda': 0.7963875090716647, 'alpha': 0.0015375279872694588, 'colsample_bytree': 0.44835486916104894, 'subsample': 0.9715012035986971, 'learning_rate': 0.09988852960061634, 'max_depth': 5, 'min_child_weight': 1, 'eval_metric': 'logloss'}. Best is trial 425 with value: 0.9801333333333333.
start listen on 10.110.42.71:46629
@tracker All of 1 nodes getting started
@tracker All nodes finishes job
start listen on 10.110.42.71:43267
@tracker All of 1 nodes getting started
@tracker All nodes finishes job
start listen on 10.110.42.71:39945
@tracker All of 1 nodes getting started
@tracker All nodes finishes job
start listen on 10.110.42.71:51531
@tracker All of 1 nodes getting started
@tracker All nodes finishes job
start listen on 10.110.42.71:59305
@tracker All of 1 nodes getting started
@tracker All nodes finishes job
Trial 529 finished with value: 0.9781666666666666 and parameters: {'tree_method': 'gpu_hist', 'lambda': 0.8359784981744622, 'alpha': 0.0026029189699490426, 'colsample_bytree': 0.4309447759050925, 'subsample': 0.9741624653448765, 'learning_rate': 0.09324113482047834, 'max_depth': 5, 'min_child_weight': 6, 'eval_metric': 'logloss'}. Best is trial 425 with value: 0.9801333333333333.
start listen on 10.110.42.71:55471
@tracker All of 1 nodes getting started
@tracker All nodes finishes job
start listen on 10.110.42.71:37511
@tracker All of 1 nodes getting started
@tracker All nodes finishes job
start listen on 10.110.42.71:44029
@tracker All of 1 nodes getting started
@tracker All nodes finishes job
start listen on 10.110.42.71:44755
@tracker All of 1 nodes getting started
@tracker All nodes finishes job
start listen on 10.110.42.71:52719
@tracker All of 1 nodes getting started
@tracker All nodes finishes job
Trial 530 finished with value: 0.9794333333333334 and parameters: {'tree_method': 'gpu_hist', 'lambda': 1.910158787200575, 'alpha': 0.054215369204391343, 'colsample_bytree': 0.4561850227700065, 'subsample': 0.8530149076879091, 'learning_rate': 0.09849583152643714, 'max_depth': 5, 'min_child_weight': 1, 'eval_metric': 'logloss'}. Best is trial 425 with value: 0.9801333333333333.
start listen on 10.110.42.71:56309
@tracker All of 1 nodes getting started
@tracker All nodes finishes job
start listen on 10.110.42.71:36409
@tracker All of 1 nodes getting started
@tracker All nodes finishes job
start listen on 10.110.42.71:50717
@tracker All of 1 nodes getting started
@tracker All nodes finishes job
start listen on 10.110.42.71:55949
@tracker All of 1 nodes getting started
@tracker All nodes finishes job
start listen on 10.110.42.71:43627
@tracker All of 1 nodes getting started
@tracker All nodes finishes job
Trial 531 finished with value: 0.9769333333333333 and parameters: {'tree_method': 'gpu_hist', 'lambda': 0.6241276749188143, 'alpha': 0.0017585221316077362, 'colsample_bytree': 0.4445332451563805, 'subsample': 0.9660727262775851, 'learning_rate': 0.099951832832608, 'max_depth': 5, 'min_child_weight': 15, 'eval_metric': 'logloss'}. Best is trial 425 with value: 0.9801333333333333.
start listen on 10.110.42.71:60277
@tracker All of 1 nodes getting started
@tracker All nodes finishes job
start listen on 10.110.42.71:38325
@tracker All of 1 nodes getting started
@tracker All nodes finishes job
start listen on 10.110.42.71:52807
@tracker All of 1 nodes getting started
@tracker All nodes finishes job
start listen on 10.110.42.71:33789
@tracker All of 1 nodes getting started
@tracker All nodes finishes job
start listen on 10.110.42.71:33217
@tracker All of 1 nodes getting started
@tracker All nodes finishes job
Trial 532 finished with value: 0.9776666666666667 and parameters: {'tree_method': 'gpu_hist', 'lambda': 1.3555145450030248, 'alpha': 0.0011721633318396494, 'colsample_bytree': 0.47681688735235317, 'subsample': 0.9067608434663654, 'learning_rate': 0.090783345037896, 'max_depth': 20, 'min_child_weight': 7, 'eval_metric': 'logloss'}. Best is trial 425 with value: 0.9801333333333333.
start listen on 10.110.42.71:43581
@tracker All of 1 nodes getting started
@tracker All nodes finishes job
start listen on 10.110.42.71:45671
@tracker All of 1 nodes getting started
@tracker All nodes finishes job
start listen on 10.110.42.71:38761
@tracker All of 1 nodes getting started
@tracker All nodes finishes job
start listen on 10.110.42.71:58385
@tracker All of 1 nodes getting started
@tracker All nodes finishes job
start listen on 10.110.42.71:48589
@tracker All of 1 nodes getting started
@tracker All nodes finishes job
