Start optimization.
start listen on 10.110.42.71:43205
@tracker All of 1 nodes getting started
@tracker All nodes finishes job
start listen on 10.110.42.71:47913
@tracker All of 1 nodes getting started
@tracker All nodes finishes job
start listen on 10.110.42.71:45651
@tracker All of 1 nodes getting started
@tracker All nodes finishes job
start listen on 10.110.42.71:54205
@tracker All of 1 nodes getting started
@tracker All nodes finishes job
start listen on 10.110.42.71:38659
@tracker All of 1 nodes getting started
@tracker All nodes finishes job
Trial 126 finished with value: 0.9759166666666667 and parameters: {'tree_method': 'gpu_hist', 'lambda': 0.8405542791929576, 'alpha': 1.3335869091559047, 'colsample_bytree': 0.3061166346650148, 'subsample': 0.8144785162352765, 'learning_rate': 0.08350705652497932, 'max_depth': 7, 'min_child_weight': 18, 'eval_metric': 'logloss'}. Best is trial 118 with value: 0.97755.
start listen on 10.110.42.71:37221
@tracker All of 1 nodes getting started
@tracker All nodes finishes job
start listen on 10.110.42.71:59743
@tracker All of 1 nodes getting started
@tracker All nodes finishes job
start listen on 10.110.42.71:37861
@tracker All of 1 nodes getting started
@tracker All nodes finishes job
start listen on 10.110.42.71:46947
@tracker All of 1 nodes getting started
@tracker All nodes finishes job
start listen on 10.110.42.71:40275
@tracker All of 1 nodes getting started
@tracker All nodes finishes job
Trial 127 finished with value: 0.9770666666666666 and parameters: {'tree_method': 'gpu_hist', 'lambda': 0.46173582441020455, 'alpha': 1.5027918872928094, 'colsample_bytree': 0.33830853168261166, 'subsample': 0.8341105012916082, 'learning_rate': 0.07529864850918634, 'max_depth': 7, 'min_child_weight': 12, 'eval_metric': 'logloss'}. Best is trial 118 with value: 0.97755.
start listen on 10.110.42.71:53997
@tracker All of 1 nodes getting started
@tracker All nodes finishes job
start listen on 10.110.42.71:48145
@tracker All of 1 nodes getting started
@tracker All nodes finishes job
start listen on 10.110.42.71:34537
@tracker All of 1 nodes getting started
@tracker All nodes finishes job
start listen on 10.110.42.71:34971
@tracker All of 1 nodes getting started
@tracker All nodes finishes job
start listen on 10.110.42.71:49399
@tracker All of 1 nodes getting started
@tracker All nodes finishes job
Trial 128 finished with value: 0.9777666666666667 and parameters: {'tree_method': 'gpu_hist', 'lambda': 0.4542751097588856, 'alpha': 1.0883724676620128, 'colsample_bytree': 0.33021870784296276, 'subsample': 0.7636105606817837, 'learning_rate': 0.07372249593366721, 'max_depth': 7, 'min_child_weight': 11, 'eval_metric': 'logloss'}. Best is trial 128 with value: 0.9777666666666667.
start listen on 10.110.42.71:42319
@tracker All of 1 nodes getting started
@tracker All nodes finishes job
start listen on 10.110.42.71:52645
@tracker All of 1 nodes getting started
@tracker All nodes finishes job
start listen on 10.110.42.71:49391
@tracker All of 1 nodes getting started
@tracker All nodes finishes job
start listen on 10.110.42.71:57321
@tracker All of 1 nodes getting started
@tracker All nodes finishes job
start listen on 10.110.42.71:51287
@tracker All of 1 nodes getting started
@tracker All nodes finishes job
Trial 129 finished with value: 0.9770833333333333 and parameters: {'tree_method': 'gpu_hist', 'lambda': 0.4519924583819583, 'alpha': 1.7216457028178556, 'colsample_bytree': 0.3405501710044985, 'subsample': 0.8307574485266438, 'learning_rate': 0.07513427720135195, 'max_depth': 7, 'min_child_weight': 7, 'eval_metric': 'logloss'}. Best is trial 128 with value: 0.9777666666666667.
start listen on 10.110.42.71:58091
@tracker All of 1 nodes getting started
@tracker All nodes finishes job
start listen on 10.110.42.71:51391
@tracker All of 1 nodes getting started
@tracker All nodes finishes job
start listen on 10.110.42.71:35175
@tracker All of 1 nodes getting started
@tracker All nodes finishes job
start listen on 10.110.42.71:39203
@tracker All of 1 nodes getting started
@tracker All nodes finishes job
start listen on 10.110.42.71:39597
@tracker All of 1 nodes getting started
@tracker All nodes finishes job
Trial 130 finished with value: 0.9763833333333334 and parameters: {'tree_method': 'gpu_hist', 'lambda': 0.4849384574096294, 'alpha': 1.7618676512079985, 'colsample_bytree': 0.339689490327722, 'subsample': 0.8515215598285176, 'learning_rate': 0.07659114833400771, 'max_depth': 7, 'min_child_weight': 1, 'eval_metric': 'logloss'}. Best is trial 128 with value: 0.9777666666666667.
start listen on 10.110.42.71:40559
@tracker All of 1 nodes getting started
@tracker All nodes finishes job
start listen on 10.110.42.71:47009
@tracker All of 1 nodes getting started
@tracker All nodes finishes job
start listen on 10.110.42.71:41753
@tracker All of 1 nodes getting started
@tracker All nodes finishes job
start listen on 10.110.42.71:45139
@tracker All of 1 nodes getting started
@tracker All nodes finishes job
start listen on 10.110.42.71:56103
@tracker All of 1 nodes getting started
@tracker All nodes finishes job
Trial 131 finished with value: 0.9756166666666667 and parameters: {'tree_method': 'gpu_hist', 'lambda': 0.4025142780980534, 'alpha': 0.7362088088043346, 'colsample_bytree': 0.31968099233232267, 'subsample': 0.8590783302238005, 'learning_rate': 0.07230869141775886, 'max_depth': 13, 'min_child_weight': 23, 'eval_metric': 'logloss'}. Best is trial 128 with value: 0.9777666666666667.
start listen on 10.110.42.71:55051
@tracker All of 1 nodes getting started
@tracker All nodes finishes job
start listen on 10.110.42.71:51025
@tracker All of 1 nodes getting started
@tracker All nodes finishes job
start listen on 10.110.42.71:42995
@tracker All of 1 nodes getting started
@tracker All nodes finishes job
start listen on 10.110.42.71:38285
@tracker All of 1 nodes getting started
@tracker All nodes finishes job
start listen on 10.110.42.71:55937
@tracker All of 1 nodes getting started
@tracker All nodes finishes job
Trial 132 finished with value: 0.9772333333333333 and parameters: {'tree_method': 'gpu_hist', 'lambda': 0.7021091380727515, 'alpha': 1.5966905980602062, 'colsample_bytree': 0.3775078866500981, 'subsample': 0.8321066795953573, 'learning_rate': 0.05981350996329587, 'max_depth': 7, 'min_child_weight': 8, 'eval_metric': 'logloss'}. Best is trial 128 with value: 0.9777666666666667.
start listen on 10.110.42.71:42595
@tracker All of 1 nodes getting started
@tracker All nodes finishes job
start listen on 10.110.42.71:33527
@tracker All of 1 nodes getting started
@tracker All nodes finishes job
start listen on 10.110.42.71:43505
@tracker All of 1 nodes getting started
@tracker All nodes finishes job
start listen on 10.110.42.71:51127
@tracker All of 1 nodes getting started
@tracker All nodes finishes job
start listen on 10.110.42.71:59235
@tracker All of 1 nodes getting started
@tracker All nodes finishes job
Trial 133 finished with value: 0.9769833333333333 and parameters: {'tree_method': 'gpu_hist', 'lambda': 0.29403565709123675, 'alpha': 2.1270686774693823, 'colsample_bytree': 0.3937452023577043, 'subsample': 0.8467437200220792, 'learning_rate': 0.06200765765052153, 'max_depth': 5, 'min_child_weight': 8, 'eval_metric': 'logloss'}. Best is trial 128 with value: 0.9777666666666667.
start listen on 10.110.42.71:39719
@tracker All of 1 nodes getting started
@tracker All nodes finishes job
start listen on 10.110.42.71:48611
@tracker All of 1 nodes getting started
@tracker All nodes finishes job
start listen on 10.110.42.71:59303
@tracker All of 1 nodes getting started
@tracker All nodes finishes job
start listen on 10.110.42.71:42201
@tracker All of 1 nodes getting started
@tracker All nodes finishes job
start listen on 10.110.42.71:59931
@tracker All of 1 nodes getting started
@tracker All nodes finishes job
Trial 134 finished with value: 0.9778166666666667 and parameters: {'tree_method': 'gpu_hist', 'lambda': 0.28670275855619765, 'alpha': 0.0062059319579490565, 'colsample_bytree': 0.42671240447406655, 'subsample': 0.91654012287581, 'learning_rate': 0.0656037210785025, 'max_depth': 5, 'min_child_weight': 7, 'eval_metric': 'logloss'}. Best is trial 134 with value: 0.9778166666666667.
start listen on 10.110.42.71:56325
@tracker All of 1 nodes getting started
@tracker All nodes finishes job
start listen on 10.110.42.71:52851
@tracker All of 1 nodes getting started
@tracker All nodes finishes job
start listen on 10.110.42.71:60829
@tracker All of 1 nodes getting started
@tracker All nodes finishes job
start listen on 10.110.42.71:58333
@tracker All of 1 nodes getting started
@tracker All nodes finishes job
start listen on 10.110.42.71:43445
@tracker All of 1 nodes getting started
@tracker All nodes finishes job
Trial 135 finished with value: 0.9613666666666667 and parameters: {'tree_method': 'gpu_hist', 'lambda': 0.2908078497101773, 'alpha': 0.007826547511133628, 'colsample_bytree': 0.37726525023627866, 'subsample': 0.9170452952261565, 'learning_rate': 0.09382193992694073, 'max_depth': 5, 'min_child_weight': 182, 'eval_metric': 'logloss'}. Best is trial 134 with value: 0.9778166666666667.
start listen on 10.110.42.71:55221
@tracker All of 1 nodes getting started
@tracker All nodes finishes job
start listen on 10.110.42.71:60437
@tracker All of 1 nodes getting started
@tracker All nodes finishes job
start listen on 10.110.42.71:52627
@tracker All of 1 nodes getting started
@tracker All nodes finishes job
start listen on 10.110.42.71:50467
@tracker All of 1 nodes getting started
@tracker All nodes finishes job
start listen on 10.110.42.71:54975
@tracker All of 1 nodes getting started
@tracker All nodes finishes job
Trial 136 finished with value: 0.9766833333333333 and parameters: {'tree_method': 'gpu_hist', 'lambda': 0.3586845425014631, 'alpha': 2.034545931603901, 'colsample_bytree': 0.38878415972760927, 'subsample': 0.8350570535237501, 'learning_rate': 0.0613037295766913, 'max_depth': 5, 'min_child_weight': 7, 'eval_metric': 'logloss'}. Best is trial 134 with value: 0.9778166666666667.
start listen on 10.110.42.71:39959
@tracker All of 1 nodes getting started
@tracker All nodes finishes job
start listen on 10.110.42.71:56819
@tracker All of 1 nodes getting started
@tracker All nodes finishes job
start listen on 10.110.42.71:35653
@tracker All of 1 nodes getting started
@tracker All nodes finishes job
start listen on 10.110.42.71:50577
@tracker All of 1 nodes getting started
@tracker All nodes finishes job
start listen on 10.110.42.71:58193
@tracker All of 1 nodes getting started
@tracker All nodes finishes job
Trial 137 finished with value: 0.97955 and parameters: {'tree_method': 'gpu_hist', 'lambda': 0.4760171516409048, 'alpha': 0.011328615048570554, 'colsample_bytree': 0.39795514077525695, 'subsample': 0.8877827244487034, 'learning_rate': 0.06537568648930504, 'max_depth': 5, 'min_child_weight': 1, 'eval_metric': 'logloss'}. Best is trial 137 with value: 0.97955.
start listen on 10.110.42.71:41801
@tracker All of 1 nodes getting started
@tracker All nodes finishes job
start listen on 10.110.42.71:59517
@tracker All of 1 nodes getting started
@tracker All nodes finishes job
start listen on 10.110.42.71:52323
@tracker All of 1 nodes getting started
@tracker All nodes finishes job
start listen on 10.110.42.71:36405
@tracker All of 1 nodes getting started
@tracker All nodes finishes job
start listen on 10.110.42.71:35595
@tracker All of 1 nodes getting started
@tracker All nodes finishes job
Trial 138 finished with value: 0.9795333333333334 and parameters: {'tree_method': 'gpu_hist', 'lambda': 0.46054258893186517, 'alpha': 0.00457187473701607, 'colsample_bytree': 0.4242597578318242, 'subsample': 0.881148155575059, 'learning_rate': 0.06859014039536399, 'max_depth': 5, 'min_child_weight': 1, 'eval_metric': 'logloss'}. Best is trial 137 with value: 0.97955.
start listen on 10.110.42.71:58097
@tracker All of 1 nodes getting started
@tracker All nodes finishes job
start listen on 10.110.42.71:53571
@tracker All of 1 nodes getting started
@tracker All nodes finishes job
start listen on 10.110.42.71:42163
@tracker All of 1 nodes getting started
@tracker All nodes finishes job
start listen on 10.110.42.71:49163
@tracker All of 1 nodes getting started
@tracker All nodes finishes job
start listen on 10.110.42.71:50971
@tracker All of 1 nodes getting started
@tracker All nodes finishes job
Trial 139 finished with value: 0.9526666666666667 and parameters: {'tree_method': 'gpu_hist', 'lambda': 0.4789153342280559, 'alpha': 0.004750522928254827, 'colsample_bytree': 0.42177441953854217, 'subsample': 0.9357208212481755, 'learning_rate': 0.06834651180947605, 'max_depth': 5, 'min_child_weight': 269, 'eval_metric': 'logloss'}. Best is trial 137 with value: 0.97955.
start listen on 10.110.42.71:53123
@tracker All of 1 nodes getting started
@tracker All nodes finishes job
start listen on 10.110.42.71:55621
@tracker All of 1 nodes getting started
@tracker All nodes finishes job
start listen on 10.110.42.71:35855
@tracker All of 1 nodes getting started
@tracker All nodes finishes job
start listen on 10.110.42.71:33287
@tracker All of 1 nodes getting started
@tracker All nodes finishes job
start listen on 10.110.42.71:55665
@tracker All of 1 nodes getting started
@tracker All nodes finishes job
Trial 140 finished with value: 0.9796666666666667 and parameters: {'tree_method': 'gpu_hist', 'lambda': 0.37092816437682785, 'alpha': 0.010769467518447737, 'colsample_bytree': 0.4110485215873613, 'subsample': 0.8670995762221596, 'learning_rate': 0.08203463273327505, 'max_depth': 5, 'min_child_weight': 1, 'eval_metric': 'logloss'}. Best is trial 140 with value: 0.9796666666666667.
start listen on 10.110.42.71:45123
@tracker All of 1 nodes getting started
@tracker All nodes finishes job
start listen on 10.110.42.71:37557
@tracker All of 1 nodes getting started
@tracker All nodes finishes job
start listen on 10.110.42.71:52765
@tracker All of 1 nodes getting started
@tracker All nodes finishes job
start listen on 10.110.42.71:35727
@tracker All of 1 nodes getting started
@tracker All nodes finishes job
start listen on 10.110.42.71:37809
@tracker All of 1 nodes getting started
@tracker All nodes finishes job
Trial 141 finished with value: 0.9758333333333333 and parameters: {'tree_method': 'gpu_hist', 'lambda': 0.4729157523119578, 'alpha': 0.012453751627509268, 'colsample_bytree': 0.41207314998301436, 'subsample': 0.8874931546421215, 'learning_rate': 0.08235128151475939, 'max_depth': 5, 'min_child_weight': 25, 'eval_metric': 'logloss'}. Best is trial 140 with value: 0.9796666666666667.
start listen on 10.110.42.71:58761
@tracker All of 1 nodes getting started
@tracker All nodes finishes job
start listen on 10.110.42.71:33647
@tracker All of 1 nodes getting started
@tracker All nodes finishes job
start listen on 10.110.42.71:55055
@tracker All of 1 nodes getting started
@tracker All nodes finishes job
start listen on 10.110.42.71:37103
@tracker All of 1 nodes getting started
@tracker All nodes finishes job
start listen on 10.110.42.71:40425
@tracker All of 1 nodes getting started
@tracker All nodes finishes job
Trial 142 finished with value: 0.9789666666666667 and parameters: {'tree_method': 'gpu_hist', 'lambda': 0.3900325267858542, 'alpha': 0.02174043761889451, 'colsample_bytree': 0.4339936371275574, 'subsample': 0.9025465187351444, 'learning_rate': 0.08937023079996655, 'max_depth': 5, 'min_child_weight': 3, 'eval_metric': 'logloss'}. Best is trial 140 with value: 0.9796666666666667.
start listen on 10.110.42.71:55329
@tracker All of 1 nodes getting started
@tracker All nodes finishes job
start listen on 10.110.42.71:52223
@tracker All of 1 nodes getting started
@tracker All nodes finishes job
start listen on 10.110.42.71:45665
@tracker All of 1 nodes getting started
@tracker All nodes finishes job
start listen on 10.110.42.71:40891
@tracker All of 1 nodes getting started
@tracker All nodes finishes job
start listen on 10.110.42.71:46991
@tracker All of 1 nodes getting started
@tracker All nodes finishes job
Trial 143 finished with value: 0.97955 and parameters: {'tree_method': 'gpu_hist', 'lambda': 0.6947466535526173, 'alpha': 0.026263802425201477, 'colsample_bytree': 0.44543608867587187, 'subsample': 0.8675537796722818, 'learning_rate': 0.09030942674920811, 'max_depth': 5, 'min_child_weight': 1, 'eval_metric': 'logloss'}. Best is trial 140 with value: 0.9796666666666667.
start listen on 10.110.42.71:47473
@tracker All of 1 nodes getting started
@tracker All nodes finishes job
start listen on 10.110.42.71:52313
@tracker All of 1 nodes getting started
@tracker All nodes finishes job
start listen on 10.110.42.71:56277
@tracker All of 1 nodes getting started
@tracker All nodes finishes job
start listen on 10.110.42.71:46869
@tracker All of 1 nodes getting started
@tracker All nodes finishes job
start listen on 10.110.42.71:33909
@tracker All of 1 nodes getting started
@tracker All nodes finishes job
Trial 144 finished with value: 0.9794 and parameters: {'tree_method': 'gpu_hist', 'lambda': 0.652490677772373, 'alpha': 0.02728512270253881, 'colsample_bytree': 0.43682146131610033, 'subsample': 0.8745289997559795, 'learning_rate': 0.0913110278627102, 'max_depth': 5, 'min_child_weight': 1, 'eval_metric': 'logloss'}. Best is trial 140 with value: 0.9796666666666667.
start listen on 10.110.42.71:57047
@tracker All of 1 nodes getting started
@tracker All nodes finishes job
start listen on 10.110.42.71:41697
@tracker All of 1 nodes getting started
@tracker All nodes finishes job
start listen on 10.110.42.71:39279
@tracker All of 1 nodes getting started
@tracker All nodes finishes job
start listen on 10.110.42.71:48665
@tracker All of 1 nodes getting started
@tracker All nodes finishes job
start listen on 10.110.42.71:41823
@tracker All of 1 nodes getting started
@tracker All nodes finishes job
Trial 145 finished with value: 0.9788333333333333 and parameters: {'tree_method': 'gpu_hist', 'lambda': 0.658370692577084, 'alpha': 0.02599623922165286, 'colsample_bytree': 0.4407630721992329, 'subsample': 0.9036251937544766, 'learning_rate': 0.09966809631079493, 'max_depth': 5, 'min_child_weight': 4, 'eval_metric': 'logloss'}. Best is trial 140 with value: 0.9796666666666667.
start listen on 10.110.42.71:41665
@tracker All of 1 nodes getting started
@tracker All nodes finishes job
start listen on 10.110.42.71:46181
@tracker All of 1 nodes getting started
@tracker All nodes finishes job
start listen on 10.110.42.71:50025
@tracker All of 1 nodes getting started
@tracker All nodes finishes job
start listen on 10.110.42.71:37435
@tracker All of 1 nodes getting started
@tracker All nodes finishes job
start listen on 10.110.42.71:37513
@tracker All of 1 nodes getting started
@tracker All nodes finishes job
Trial 146 finished with value: 0.9795333333333334 and parameters: {'tree_method': 'gpu_hist', 'lambda': 0.6433628508334294, 'alpha': 0.023571445935052015, 'colsample_bytree': 0.44798670146756203, 'subsample': 0.901211629095298, 'learning_rate': 0.08919620425501756, 'max_depth': 5, 'min_child_weight': 1, 'eval_metric': 'logloss'}. Best is trial 140 with value: 0.9796666666666667.
start listen on 10.110.42.71:36569
@tracker All of 1 nodes getting started
@tracker All nodes finishes job
start listen on 10.110.42.71:51343
@tracker All of 1 nodes getting started
@tracker All nodes finishes job
start listen on 10.110.42.71:48319
@tracker All of 1 nodes getting started
@tracker All nodes finishes job
start listen on 10.110.42.71:37299
@tracker All of 1 nodes getting started
@tracker All nodes finishes job
start listen on 10.110.42.71:48579
@tracker All of 1 nodes getting started
@tracker All nodes finishes job
Trial 147 finished with value: 0.9793833333333334 and parameters: {'tree_method': 'gpu_hist', 'lambda': 0.6434127208635809, 'alpha': 0.025884692787392565, 'colsample_bytree': 0.4512097712589925, 'subsample': 0.90882233462518, 'learning_rate': 0.09945877318583586, 'max_depth': 5, 'min_child_weight': 2, 'eval_metric': 'logloss'}. Best is trial 140 with value: 0.9796666666666667.
start listen on 10.110.42.71:58003
@tracker All of 1 nodes getting started
@tracker All nodes finishes job
start listen on 10.110.42.71:59625
@tracker All of 1 nodes getting started
@tracker All nodes finishes job
start listen on 10.110.42.71:52177
@tracker All of 1 nodes getting started
@tracker All nodes finishes job
start listen on 10.110.42.71:41287
@tracker All of 1 nodes getting started
@tracker All nodes finishes job
start listen on 10.110.42.71:57169
@tracker All of 1 nodes getting started
@tracker All nodes finishes job
Trial 148 finished with value: 0.9785666666666667 and parameters: {'tree_method': 'gpu_hist', 'lambda': 0.6521680200131371, 'alpha': 0.02469491021388674, 'colsample_bytree': 0.44304667723938385, 'subsample': 0.9504484097105148, 'learning_rate': 0.09437360077325582, 'max_depth': 5, 'min_child_weight': 3, 'eval_metric': 'logloss'}. Best is trial 140 with value: 0.9796666666666667.
start listen on 10.110.42.71:49257
@tracker All of 1 nodes getting started
@tracker All nodes finishes job
start listen on 10.110.42.71:44347
@tracker All of 1 nodes getting started
@tracker All nodes finishes job
start listen on 10.110.42.71:36591
@tracker All of 1 nodes getting started
@tracker All nodes finishes job
start listen on 10.110.42.71:49551
@tracker All of 1 nodes getting started
@tracker All nodes finishes job
start listen on 10.110.42.71:50135
@tracker All of 1 nodes getting started
@tracker All nodes finishes job
