Trial 413 finished with value: 0.97715 and parameters: {'tree_method': 'gpu_hist', 'lambda': 0.43807663560527155, 'alpha': 0.013532795417743972, 'colsample_bytree': 0.4380357098317046, 'subsample': 0.8418038685423219, 'learning_rate': 0.07793307279290197, 'max_depth': 5, 'min_child_weight': 10, 'eval_metric': 'logloss'}. Best is trial 305 with value: 0.98.
start listen on 10.110.42.71:35041
@tracker All of 1 nodes getting started
@tracker All nodes finishes job
start listen on 10.110.42.71:53115
@tracker All of 1 nodes getting started
@tracker All nodes finishes job
start listen on 10.110.42.71:34403
@tracker All of 1 nodes getting started
@tracker All nodes finishes job
start listen on 10.110.42.71:49553
@tracker All of 1 nodes getting started
@tracker All nodes finishes job
start listen on 10.110.42.71:36433
@tracker All of 1 nodes getting started
@tracker All nodes finishes job
Trial 414 finished with value: 0.9470666666666666 and parameters: {'tree_method': 'gpu_hist', 'lambda': 0.6366397343709823, 'alpha': 0.0329944183082566, 'colsample_bytree': 0.42506163156601473, 'subsample': 0.8631978595302995, 'learning_rate': 0.09260381028170699, 'max_depth': 3, 'min_child_weight': 299, 'eval_metric': 'logloss'}. Best is trial 305 with value: 0.98.
start listen on 10.110.42.71:43249
@tracker All of 1 nodes getting started
@tracker All nodes finishes job
start listen on 10.110.42.71:58267
@tracker All of 1 nodes getting started
@tracker All nodes finishes job
start listen on 10.110.42.71:35535
@tracker All of 1 nodes getting started
@tracker All nodes finishes job
start listen on 10.110.42.71:40319
@tracker All of 1 nodes getting started
@tracker All nodes finishes job
start listen on 10.110.42.71:51361
@tracker All of 1 nodes getting started
@tracker All nodes finishes job
Trial 415 finished with value: 0.97535 and parameters: {'tree_method': 'gpu_hist', 'lambda': 0.5174300964345901, 'alpha': 0.002358322647090653, 'colsample_bytree': 0.44899374909528333, 'subsample': 0.8504360847934593, 'learning_rate': 0.0853247405592994, 'max_depth': 5, 'min_child_weight': 31, 'eval_metric': 'logloss'}. Best is trial 305 with value: 0.98.
start listen on 10.110.42.71:38383
@tracker All of 1 nodes getting started
@tracker All nodes finishes job
start listen on 10.110.42.71:41299
@tracker All of 1 nodes getting started
@tracker All nodes finishes job
start listen on 10.110.42.71:57209
@tracker All of 1 nodes getting started
@tracker All nodes finishes job
start listen on 10.110.42.71:60471
@tracker All of 1 nodes getting started
@tracker All nodes finishes job
start listen on 10.110.42.71:55239
@tracker All of 1 nodes getting started
@tracker All nodes finishes job
Trial 416 finished with value: 0.9771166666666666 and parameters: {'tree_method': 'gpu_hist', 'lambda': 0.30542813233505356, 'alpha': 0.02354973050310516, 'colsample_bytree': 0.3695541214931588, 'subsample': 0.9740175272415403, 'learning_rate': 0.07458202579886147, 'max_depth': 15, 'min_child_weight': 1, 'eval_metric': 'logloss'}. Best is trial 305 with value: 0.98.
start listen on 10.110.42.71:48495
@tracker All of 1 nodes getting started
@tracker All nodes finishes job
start listen on 10.110.42.71:50831
@tracker All of 1 nodes getting started
@tracker All nodes finishes job
start listen on 10.110.42.71:39481
@tracker All of 1 nodes getting started
@tracker All nodes finishes job
start listen on 10.110.42.71:48145
@tracker All of 1 nodes getting started
@tracker All nodes finishes job
start listen on 10.110.42.71:40825
@tracker All of 1 nodes getting started
@tracker All nodes finishes job
Trial 417 finished with value: 0.9744666666666667 and parameters: {'tree_method': 'gpu_hist', 'lambda': 0.650051367597997, 'alpha': 0.016837750123150235, 'colsample_bytree': 0.42846404080381306, 'subsample': 0.8695522161211842, 'learning_rate': 0.023861321896556906, 'max_depth': 5, 'min_child_weight': 7, 'eval_metric': 'logloss'}. Best is trial 305 with value: 0.98.
start listen on 10.110.42.71:47207
@tracker All of 1 nodes getting started
@tracker All nodes finishes job
start listen on 10.110.42.71:45525
@tracker All of 1 nodes getting started
@tracker All nodes finishes job
start listen on 10.110.42.71:48295
@tracker All of 1 nodes getting started
@tracker All nodes finishes job
start listen on 10.110.42.71:38681
@tracker All of 1 nodes getting started
@tracker All nodes finishes job
start listen on 10.110.42.71:32907
@tracker All of 1 nodes getting started
@tracker All nodes finishes job
Trial 418 finished with value: 0.97655 and parameters: {'tree_method': 'gpu_hist', 'lambda': 0.7618429591320394, 'alpha': 0.01959449524112021, 'colsample_bytree': 0.40066693889075145, 'subsample': 0.9590622872119259, 'learning_rate': 0.0997851270670019, 'max_depth': 5, 'min_child_weight': 18, 'eval_metric': 'logloss'}. Best is trial 305 with value: 0.98.
start listen on 10.110.42.71:57209
@tracker All of 1 nodes getting started
@tracker All nodes finishes job
start listen on 10.110.42.71:51025
@tracker All of 1 nodes getting started
@tracker All nodes finishes job
start listen on 10.110.42.71:50621
@tracker All of 1 nodes getting started
@tracker All nodes finishes job
start listen on 10.110.42.71:52195
@tracker All of 1 nodes getting started
@tracker All nodes finishes job
start listen on 10.110.42.71:34235
@tracker All of 1 nodes getting started
@tracker All nodes finishes job
Trial 419 finished with value: 0.9782833333333333 and parameters: {'tree_method': 'gpu_hist', 'lambda': 0.7748803062053966, 'alpha': 0.014370487619323812, 'colsample_bytree': 0.4533723550719185, 'subsample': 0.9907970384640029, 'learning_rate': 0.08177286608576709, 'max_depth': 5, 'min_child_weight': 6, 'eval_metric': 'logloss'}. Best is trial 305 with value: 0.98.
start listen on 10.110.42.71:37011
@tracker All of 1 nodes getting started
@tracker All nodes finishes job
start listen on 10.110.42.71:55755
@tracker All of 1 nodes getting started
@tracker All nodes finishes job
start listen on 10.110.42.71:48381
@tracker All of 1 nodes getting started
@tracker All nodes finishes job
start listen on 10.110.42.71:48083
@tracker All of 1 nodes getting started
@tracker All nodes finishes job
start listen on 10.110.42.71:36881
@tracker All of 1 nodes getting started
@tracker All nodes finishes job
Trial 420 finished with value: 0.9770833333333333 and parameters: {'tree_method': 'gpu_hist', 'lambda': 0.40080594778363793, 'alpha': 0.029546990658868094, 'colsample_bytree': 0.43615338503193624, 'subsample': 0.9420197092388036, 'learning_rate': 0.08880179204458058, 'max_depth': 5, 'min_child_weight': 13, 'eval_metric': 'logloss'}. Best is trial 305 with value: 0.98.
start listen on 10.110.42.71:40813
@tracker All of 1 nodes getting started
@tracker All nodes finishes job
start listen on 10.110.42.71:34049
@tracker All of 1 nodes getting started
@tracker All nodes finishes job
start listen on 10.110.42.71:46987
@tracker All of 1 nodes getting started
@tracker All nodes finishes job
start listen on 10.110.42.71:47129
@tracker All of 1 nodes getting started
@tracker All nodes finishes job
start listen on 10.110.42.71:37897
@tracker All of 1 nodes getting started
@tracker All nodes finishes job
Trial 421 finished with value: 0.9770666666666666 and parameters: {'tree_method': 'gpu_hist', 'lambda': 0.1758735148287604, 'alpha': 0.011914711815449596, 'colsample_bytree': 0.4212191655584343, 'subsample': 0.8550005887255323, 'learning_rate': 0.09222712249706871, 'max_depth': 13, 'min_child_weight': 1, 'eval_metric': 'logloss'}. Best is trial 305 with value: 0.98.
start listen on 10.110.42.71:36111
@tracker All of 1 nodes getting started
@tracker All nodes finishes job
start listen on 10.110.42.71:34359
@tracker All of 1 nodes getting started
@tracker All nodes finishes job
start listen on 10.110.42.71:52553
@tracker All of 1 nodes getting started
@tracker All nodes finishes job
start listen on 10.110.42.71:60049
@tracker All of 1 nodes getting started
@tracker All nodes finishes job
start listen on 10.110.42.71:57091
@tracker All of 1 nodes getting started
@tracker All nodes finishes job
Trial 422 finished with value: 0.9774833333333334 and parameters: {'tree_method': 'gpu_hist', 'lambda': 0.614369326809379, 'alpha': 0.02321848582664812, 'colsample_bytree': 0.4562876542424573, 'subsample': 0.979866747159875, 'learning_rate': 0.07911751577747558, 'max_depth': 5, 'min_child_weight': 11, 'eval_metric': 'logloss'}. Best is trial 305 with value: 0.98.
start listen on 10.110.42.71:39579
@tracker All of 1 nodes getting started
@tracker All nodes finishes job
start listen on 10.110.42.71:60915
@tracker All of 1 nodes getting started
@tracker All nodes finishes job
start listen on 10.110.42.71:36059
@tracker All of 1 nodes getting started
@tracker All nodes finishes job
start listen on 10.110.42.71:43451
@tracker All of 1 nodes getting started
@tracker All nodes finishes job
start listen on 10.110.42.71:59183
@tracker All of 1 nodes getting started
@tracker All nodes finishes job
Trial 423 finished with value: 0.96025 and parameters: {'tree_method': 'gpu_hist', 'lambda': 0.5043877284595191, 'alpha': 0.016075440772551026, 'colsample_bytree': 0.4035086688798832, 'subsample': 0.8349144815556097, 'learning_rate': 0.07154518490285476, 'max_depth': 5, 'min_child_weight': 167, 'eval_metric': 'logloss'}. Best is trial 305 with value: 0.98.
start listen on 10.110.42.71:49293
@tracker All of 1 nodes getting started
@tracker All nodes finishes job
start listen on 10.110.42.71:37187
@tracker All of 1 nodes getting started
@tracker All nodes finishes job
start listen on 10.110.42.71:49599
@tracker All of 1 nodes getting started
@tracker All nodes finishes job
start listen on 10.110.42.71:47627
@tracker All of 1 nodes getting started
@tracker All nodes finishes job
start listen on 10.110.42.71:55557
@tracker All of 1 nodes getting started
@tracker All nodes finishes job
Trial 424 finished with value: 0.9780166666666666 and parameters: {'tree_method': 'gpu_hist', 'lambda': 0.7119342136398621, 'alpha': 0.05069324329852406, 'colsample_bytree': 0.4467726287664139, 'subsample': 0.9663835822034682, 'learning_rate': 0.08538433187384083, 'max_depth': 5, 'min_child_weight': 6, 'eval_metric': 'logloss'}. Best is trial 305 with value: 0.98.
start listen on 10.110.42.71:39105
@tracker All of 1 nodes getting started
@tracker All nodes finishes job
start listen on 10.110.42.71:54161
@tracker All of 1 nodes getting started
@tracker All nodes finishes job
start listen on 10.110.42.71:38467
@tracker All of 1 nodes getting started
@tracker All nodes finishes job
start listen on 10.110.42.71:45247
@tracker All of 1 nodes getting started
@tracker All nodes finishes job
start listen on 10.110.42.71:48221
@tracker All of 1 nodes getting started
@tracker All nodes finishes job
Trial 425 finished with value: 0.9801333333333333 and parameters: {'tree_method': 'gpu_hist', 'lambda': 0.8139880843607838, 'alpha': 0.03904126645061152, 'colsample_bytree': 0.38192085649339735, 'subsample': 0.8662481274487688, 'learning_rate': 0.09375300426839096, 'max_depth': 5, 'min_child_weight': 1, 'eval_metric': 'logloss'}. Best is trial 425 with value: 0.9801333333333333.
start listen on 10.110.42.71:59029
@tracker All of 1 nodes getting started
@tracker All nodes finishes job
start listen on 10.110.42.71:53785
@tracker All of 1 nodes getting started
@tracker All nodes finishes job
start listen on 10.110.42.71:52869
@tracker All of 1 nodes getting started
@tracker All nodes finishes job
start listen on 10.110.42.71:44187
@tracker All of 1 nodes getting started
@tracker All nodes finishes job
start listen on 10.110.42.71:49579
@tracker All of 1 nodes getting started
@tracker All nodes finishes job
Trial 426 finished with value: 0.9759833333333333 and parameters: {'tree_method': 'gpu_hist', 'lambda': 0.8794471791462958, 'alpha': 0.04033907136503472, 'colsample_bytree': 0.3752814649517625, 'subsample': 0.9990008719153514, 'learning_rate': 0.09449442021947055, 'max_depth': 5, 'min_child_weight': 22, 'eval_metric': 'logloss'}. Best is trial 425 with value: 0.9801333333333333.
start listen on 10.110.42.71:44671
@tracker All of 1 nodes getting started
@tracker All nodes finishes job
start listen on 10.110.42.71:51749
@tracker All of 1 nodes getting started
@tracker All nodes finishes job
start listen on 10.110.42.71:53465
@tracker All of 1 nodes getting started
@tracker All nodes finishes job
start listen on 10.110.42.71:51353
@tracker All of 1 nodes getting started
@tracker All nodes finishes job
start listen on 10.110.42.71:56869
@tracker All of 1 nodes getting started
@tracker All nodes finishes job
Trial 427 finished with value: 0.9793333333333333 and parameters: {'tree_method': 'gpu_hist', 'lambda': 0.8896925019285076, 'alpha': 0.036999365142608716, 'colsample_bytree': 0.7477307810332713, 'subsample': 0.8750492732143078, 'learning_rate': 0.0938315947206373, 'max_depth': 5, 'min_child_weight': 1, 'eval_metric': 'logloss'}. Best is trial 425 with value: 0.9801333333333333.
start listen on 10.110.42.71:35533
@tracker All of 1 nodes getting started
@tracker All nodes finishes job
start listen on 10.110.42.71:51357
@tracker All of 1 nodes getting started
@tracker All nodes finishes job
start listen on 10.110.42.71:35277
@tracker All of 1 nodes getting started
@tracker All nodes finishes job
start listen on 10.110.42.71:52953
@tracker All of 1 nodes getting started
@tracker All nodes finishes job
start listen on 10.110.42.71:56857
@tracker All of 1 nodes getting started
@tracker All nodes finishes job
Trial 428 finished with value: 0.9581166666666666 and parameters: {'tree_method': 'gpu_hist', 'lambda': 0.7594887328128971, 'alpha': 0.06905816582345184, 'colsample_bytree': 0.3447787589364516, 'subsample': 0.9999871235515555, 'learning_rate': 0.099895409334695, 'max_depth': 5, 'min_child_weight': 233, 'eval_metric': 'logloss'}. Best is trial 425 with value: 0.9801333333333333.
start listen on 10.110.42.71:39973
@tracker All of 1 nodes getting started
@tracker All nodes finishes job
start listen on 10.110.42.71:35141
@tracker All of 1 nodes getting started
@tracker All nodes finishes job
start listen on 10.110.42.71:35605
@tracker All of 1 nodes getting started
@tracker All nodes finishes job
start listen on 10.110.42.71:46281
@tracker All of 1 nodes getting started
@tracker All nodes finishes job
start listen on 10.110.42.71:37109
@tracker All of 1 nodes getting started
@tracker All nodes finishes job
Trial 429 finished with value: 0.9775666666666667 and parameters: {'tree_method': 'gpu_hist', 'lambda': 0.9670896162141789, 'alpha': 0.046835334865824606, 'colsample_bytree': 0.35676575630420215, 'subsample': 0.9518831518819897, 'learning_rate': 0.08710661804456882, 'max_depth': 5, 'min_child_weight': 10, 'eval_metric': 'logloss'}. Best is trial 425 with value: 0.9801333333333333.
start listen on 10.110.42.71:53905
@tracker All of 1 nodes getting started
@tracker All nodes finishes job
start listen on 10.110.42.71:38283
@tracker All of 1 nodes getting started
@tracker All nodes finishes job
start listen on 10.110.42.71:46725
@tracker All of 1 nodes getting started
@tracker All nodes finishes job
start listen on 10.110.42.71:60117
@tracker All of 1 nodes getting started
@tracker All nodes finishes job
start listen on 10.110.42.71:46815
@tracker All of 1 nodes getting started
@tracker All nodes finishes job
Trial 430 finished with value: 0.97825 and parameters: {'tree_method': 'gpu_hist', 'lambda': 0.6190517419801126, 'alpha': 0.032377725680053426, 'colsample_bytree': 0.3820499225714258, 'subsample': 0.9807415483801945, 'learning_rate': 0.08097468517064899, 'max_depth': 5, 'min_child_weight': 6, 'eval_metric': 'logloss'}. Best is trial 425 with value: 0.9801333333333333.
start listen on 10.110.42.71:44643
@tracker All of 1 nodes getting started
@tracker All nodes finishes job
start listen on 10.110.42.71:49873
@tracker All of 1 nodes getting started
@tracker All nodes finishes job
start listen on 10.110.42.71:52443
@tracker All of 1 nodes getting started
@tracker All nodes finishes job
start listen on 10.110.42.71:54009
@tracker All of 1 nodes getting started
@tracker All nodes finishes job
start listen on 10.110.42.71:38477
@tracker All of 1 nodes getting started
@tracker All nodes finishes job
Trial 431 finished with value: 0.9763333333333334 and parameters: {'tree_method': 'gpu_hist', 'lambda': 0.7283441868966147, 'alpha': 0.027190252202163107, 'colsample_bytree': 0.471411908138378, 'subsample': 0.9357297896619141, 'learning_rate': 0.09108172202094755, 'max_depth': 5, 'min_child_weight': 16, 'eval_metric': 'logloss'}. Best is trial 425 with value: 0.9801333333333333.
start listen on 10.110.42.71:57937
@tracker All of 1 nodes getting started
@tracker All nodes finishes job
start listen on 10.110.42.71:34605
@tracker All of 1 nodes getting started
@tracker All nodes finishes job
start listen on 10.110.42.71:42485
@tracker All of 1 nodes getting started
@tracker All nodes finishes job
start listen on 10.110.42.71:57595
@tracker All of 1 nodes getting started
@tracker All nodes finishes job
start listen on 10.110.42.71:48209
@tracker All of 1 nodes getting started
@tracker All nodes finishes job
Trial 432 finished with value: 0.9795 and parameters: {'tree_method': 'gpu_hist', 'lambda': 1.0387605475624881, 'alpha': 0.02011436439005954, 'colsample_bytree': 0.5895845880321674, 'subsample': 0.8716872228199517, 'learning_rate': 0.07458970502132022, 'max_depth': 5, 'min_child_weight': 1, 'eval_metric': 'logloss'}. Best is trial 425 with value: 0.9801333333333333.
start listen on 10.110.42.71:38901
@tracker All of 1 nodes getting started
@tracker All nodes finishes job
start listen on 10.110.42.71:53607
@tracker All of 1 nodes getting started
@tracker All nodes finishes job
start listen on 10.110.42.71:36379
@tracker All of 1 nodes getting started
@tracker All nodes finishes job
start listen on 10.110.42.71:59389
@tracker All of 1 nodes getting started
@tracker All nodes finishes job
start listen on 10.110.42.71:47921
@tracker All of 1 nodes getting started
@tracker All nodes finishes job
Trial 433 finished with value: 0.9776166666666667 and parameters: {'tree_method': 'gpu_hist', 'lambda': 0.8373294475568227, 'alpha': 0.04067042843611548, 'colsample_bytree': 0.3688625686829613, 'subsample': 0.8611106953771565, 'learning_rate': 0.08513587995772574, 'max_depth': 5, 'min_child_weight': 11, 'eval_metric': 'logloss'}. Best is trial 425 with value: 0.9801333333333333.
start listen on 10.110.42.71:37939
@tracker All of 1 nodes getting started
@tracker All nodes finishes job
start listen on 10.110.42.71:54275
@tracker All of 1 nodes getting started
@tracker All nodes finishes job
start listen on 10.110.42.71:39561
@tracker All of 1 nodes getting started
@tracker All nodes finishes job
start listen on 10.110.42.71:48913
@tracker All of 1 nodes getting started
@tracker All nodes finishes job
start listen on 10.110.42.71:41639
@tracker All of 1 nodes getting started
@tracker All nodes finishes job
Trial 434 finished with value: 0.9775 and parameters: {'tree_method': 'gpu_hist', 'lambda': 0.6004021103857978, 'alpha': 0.0586136442190102, 'colsample_bytree': 0.393798007247596, 'subsample': 0.972934251820733, 'learning_rate': 0.09369667297378323, 'max_depth': 17, 'min_child_weight': 6, 'eval_metric': 'logloss'}. Best is trial 425 with value: 0.9801333333333333.
start listen on 10.110.42.71:34043
@tracker All of 1 nodes getting started
@tracker All nodes finishes job
start listen on 10.110.42.71:53959
@tracker All of 1 nodes getting started
@tracker All nodes finishes job
start listen on 10.110.42.71:43851
@tracker All of 1 nodes getting started
@tracker All nodes finishes job
start listen on 10.110.42.71:59795
@tracker All of 1 nodes getting started
@tracker All nodes finishes job
start listen on 10.110.42.71:33739
@tracker All of 1 nodes getting started
@tracker All nodes finishes job
Trial 435 finished with value: 0.9800666666666666 and parameters: {'tree_method': 'gpu_hist', 'lambda': 0.7304307996974158, 'alpha': 0.025753520758420533, 'colsample_bytree': 0.46195396678576495, 'subsample': 0.9225343173563842, 'learning_rate': 0.09934594597694531, 'max_depth': 5, 'min_child_weight': 1, 'eval_metric': 'logloss'}. Best is trial 425 with value: 0.9801333333333333.
start listen on 10.110.42.71:41879
@tracker All of 1 nodes getting started
@tracker All nodes finishes job
start listen on 10.110.42.71:45743
@tracker All of 1 nodes getting started
@tracker All nodes finishes job
start listen on 10.110.42.71:34953
@tracker All of 1 nodes getting started
@tracker All nodes finishes job
start listen on 10.110.42.71:50627
@tracker All of 1 nodes getting started
@tracker All nodes finishes job
start listen on 10.110.42.71:54383
@tracker All of 1 nodes getting started
@tracker All nodes finishes job
Trial 436 finished with value: 0.9766833333333333 and parameters: {'tree_method': 'gpu_hist', 'lambda': 0.6989400492863029, 'alpha': 0.03329400069512106, 'colsample_bytree': 0.466559814106066, 'subsample': 0.9238909876669151, 'learning_rate': 0.07762332075421506, 'max_depth': 20, 'min_child_weight': 15, 'eval_metric': 'logloss'}. Best is trial 425 with value: 0.9801333333333333.
start listen on 10.110.42.71:37241
@tracker All of 1 nodes getting started
@tracker All nodes finishes job
start listen on 10.110.42.71:56151
@tracker All of 1 nodes getting started
@tracker All nodes finishes job
start listen on 10.110.42.71:40551
@tracker All of 1 nodes getting started
@tracker All nodes finishes job
start listen on 10.110.42.71:56351
@tracker All of 1 nodes getting started
@tracker All nodes finishes job
start listen on 10.110.42.71:46739
@tracker All of 1 nodes getting started
@tracker All nodes finishes job
