Trial 365 finished with value: 0.9773 and parameters: {'tree_method': 'gpu_hist', 'lambda': 1.9581379466358184, 'alpha': 0.025343721313906904, 'colsample_bytree': 0.43869339288876175, 'subsample': 0.8954207005914319, 'learning_rate': 0.07860277543941249, 'max_depth': 5, 'min_child_weight': 11, 'eval_metric': 'logloss'}. Best is trial 305 with value: 0.98.
start listen on 10.110.42.71:43821
@tracker All of 1 nodes getting started
@tracker All nodes finishes job
start listen on 10.110.42.71:34535
@tracker All of 1 nodes getting started
@tracker All nodes finishes job
start listen on 10.110.42.71:53145
@tracker All of 1 nodes getting started
@tracker All nodes finishes job
start listen on 10.110.42.71:45039
@tracker All of 1 nodes getting started
@tracker All nodes finishes job
start listen on 10.110.42.71:48441
@tracker All of 1 nodes getting started
@tracker All nodes finishes job
Trial 366 finished with value: 0.9796333333333334 and parameters: {'tree_method': 'gpu_hist', 'lambda': 1.26616262029937, 'alpha': 0.006219805901494208, 'colsample_bytree': 0.4845341154938908, 'subsample': 0.8871739216535174, 'learning_rate': 0.08850376419259298, 'max_depth': 5, 'min_child_weight': 1, 'eval_metric': 'logloss'}. Best is trial 305 with value: 0.98.
start listen on 10.110.42.71:38331
@tracker All of 1 nodes getting started
@tracker All nodes finishes job
start listen on 10.110.42.71:40853
@tracker All of 1 nodes getting started
@tracker All nodes finishes job
start listen on 10.110.42.71:57313
@tracker All of 1 nodes getting started
@tracker All nodes finishes job
start listen on 10.110.42.71:40601
@tracker All of 1 nodes getting started
@tracker All nodes finishes job
start listen on 10.110.42.71:55207
@tracker All of 1 nodes getting started
@tracker All nodes finishes job
Trial 367 finished with value: 0.9778 and parameters: {'tree_method': 'gpu_hist', 'lambda': 1.5123886781141067, 'alpha': 0.006222034699365891, 'colsample_bytree': 0.39437106146713596, 'subsample': 0.8698430100425862, 'learning_rate': 0.09175150669742267, 'max_depth': 5, 'min_child_weight': 7, 'eval_metric': 'logloss'}. Best is trial 305 with value: 0.98.
start listen on 10.110.42.71:44365
@tracker All of 1 nodes getting started
@tracker All nodes finishes job
start listen on 10.110.42.71:43151
@tracker All of 1 nodes getting started
@tracker All nodes finishes job
start listen on 10.110.42.71:36237
@tracker All of 1 nodes getting started
@tracker All nodes finishes job
start listen on 10.110.42.71:54293
@tracker All of 1 nodes getting started
@tracker All nodes finishes job
start listen on 10.110.42.71:34901
@tracker All of 1 nodes getting started
@tracker All nodes finishes job
Trial 368 finished with value: 0.97655 and parameters: {'tree_method': 'gpu_hist', 'lambda': 1.3220055332405733, 'alpha': 0.006440161696009796, 'colsample_bytree': 0.47787538368990146, 'subsample': 0.888535488081762, 'learning_rate': 0.0996080015048813, 'max_depth': 5, 'min_child_weight': 17, 'eval_metric': 'logloss'}. Best is trial 305 with value: 0.98.
start listen on 10.110.42.71:55727
@tracker All of 1 nodes getting started
@tracker All nodes finishes job
start listen on 10.110.42.71:50241
@tracker All of 1 nodes getting started
@tracker All nodes finishes job
start listen on 10.110.42.71:36373
@tracker All of 1 nodes getting started
@tracker All nodes finishes job
start listen on 10.110.42.71:51933
@tracker All of 1 nodes getting started
@tracker All nodes finishes job
start listen on 10.110.42.71:59185
@tracker All of 1 nodes getting started
@tracker All nodes finishes job
Trial 369 finished with value: 0.9779833333333333 and parameters: {'tree_method': 'gpu_hist', 'lambda': 2.3370105967638115, 'alpha': 0.004692157968073529, 'colsample_bytree': 0.38378424934769956, 'subsample': 0.913206081820311, 'learning_rate': 0.08775472810537324, 'max_depth': 5, 'min_child_weight': 7, 'eval_metric': 'logloss'}. Best is trial 305 with value: 0.98.
start listen on 10.110.42.71:59683
@tracker All of 1 nodes getting started
@tracker All nodes finishes job
start listen on 10.110.42.71:42549
@tracker All of 1 nodes getting started
@tracker All nodes finishes job
start listen on 10.110.42.71:41913
@tracker All of 1 nodes getting started
@tracker All nodes finishes job
start listen on 10.110.42.71:35901
@tracker All of 1 nodes getting started
@tracker All nodes finishes job
start listen on 10.110.42.71:34649
@tracker All of 1 nodes getting started
@tracker All nodes finishes job
Trial 370 finished with value: 0.9796166666666667 and parameters: {'tree_method': 'gpu_hist', 'lambda': 1.777920310763603, 'alpha': 0.01000143886715381, 'colsample_bytree': 0.4126801890266232, 'subsample': 0.9038128930841016, 'learning_rate': 0.08604811795886678, 'max_depth': 5, 'min_child_weight': 1, 'eval_metric': 'logloss'}. Best is trial 305 with value: 0.98.
start listen on 10.110.42.71:38499
@tracker All of 1 nodes getting started
@tracker All nodes finishes job
start listen on 10.110.42.71:44801
@tracker All of 1 nodes getting started
@tracker All nodes finishes job
start listen on 10.110.42.71:52103
@tracker All of 1 nodes getting started
@tracker All nodes finishes job
start listen on 10.110.42.71:52571
@tracker All of 1 nodes getting started
@tracker All nodes finishes job
start listen on 10.110.42.71:60363
@tracker All of 1 nodes getting started
@tracker All nodes finishes job
Trial 371 finished with value: 0.9768333333333333 and parameters: {'tree_method': 'gpu_hist', 'lambda': 1.727948517767802, 'alpha': 0.007672216569209364, 'colsample_bytree': 0.4146414459179724, 'subsample': 0.9018814337095117, 'learning_rate': 0.09980510300781524, 'max_depth': 17, 'min_child_weight': 11, 'eval_metric': 'logloss'}. Best is trial 305 with value: 0.98.
start listen on 10.110.42.71:58177
@tracker All of 1 nodes getting started
@tracker All nodes finishes job
start listen on 10.110.42.71:51931
@tracker All of 1 nodes getting started
@tracker All nodes finishes job
start listen on 10.110.42.71:59745
@tracker All of 1 nodes getting started
@tracker All nodes finishes job
start listen on 10.110.42.71:54385
@tracker All of 1 nodes getting started
@tracker All nodes finishes job
start listen on 10.110.42.71:37519
@tracker All of 1 nodes getting started
@tracker All nodes finishes job
Trial 372 finished with value: 0.9667 and parameters: {'tree_method': 'gpu_hist', 'lambda': 2.414251922345224, 'alpha': 0.005206127685971664, 'colsample_bytree': 0.4065353127548514, 'subsample': 0.8776902317313667, 'learning_rate': 0.08728488092647325, 'max_depth': 5, 'min_child_weight': 118, 'eval_metric': 'logloss'}. Best is trial 305 with value: 0.98.
start listen on 10.110.42.71:51657
@tracker All of 1 nodes getting started
@tracker All nodes finishes job
start listen on 10.110.42.71:46295
@tracker All of 1 nodes getting started
@tracker All nodes finishes job
start listen on 10.110.42.71:48197
@tracker All of 1 nodes getting started
@tracker All nodes finishes job
start listen on 10.110.42.71:48341
@tracker All of 1 nodes getting started
@tracker All nodes finishes job
start listen on 10.110.42.71:59893
@tracker All of 1 nodes getting started
@tracker All nodes finishes job
Trial 373 finished with value: 0.9779666666666667 and parameters: {'tree_method': 'gpu_hist', 'lambda': 1.7278089224458306, 'alpha': 0.009574086605491512, 'colsample_bytree': 0.425183219290372, 'subsample': 0.9197500124817767, 'learning_rate': 0.09092581397284681, 'max_depth': 5, 'min_child_weight': 7, 'eval_metric': 'logloss'}. Best is trial 305 with value: 0.98.
start listen on 10.110.42.71:53045
@tracker All of 1 nodes getting started
@tracker All nodes finishes job
start listen on 10.110.42.71:42781
@tracker All of 1 nodes getting started
@tracker All nodes finishes job
start listen on 10.110.42.71:55307
@tracker All of 1 nodes getting started
@tracker All nodes finishes job
start listen on 10.110.42.71:58031
@tracker All of 1 nodes getting started
@tracker All nodes finishes job
start listen on 10.110.42.71:37557
@tracker All of 1 nodes getting started
@tracker All nodes finishes job
Trial 374 finished with value: 0.96545 and parameters: {'tree_method': 'gpu_hist', 'lambda': 0.0010207079396346932, 'alpha': 0.004270775885658696, 'colsample_bytree': 0.39847445011337235, 'subsample': 0.9022585977772763, 'learning_rate': 0.08540698694470253, 'max_depth': 20, 'min_child_weight': 136, 'eval_metric': 'logloss'}. Best is trial 305 with value: 0.98.
start listen on 10.110.42.71:60581
@tracker All of 1 nodes getting started
@tracker All nodes finishes job
start listen on 10.110.42.71:47553
@tracker All of 1 nodes getting started
@tracker All nodes finishes job
start listen on 10.110.42.71:41441
@tracker All of 1 nodes getting started
@tracker All nodes finishes job
start listen on 10.110.42.71:55891
@tracker All of 1 nodes getting started
@tracker All nodes finishes job
start listen on 10.110.42.71:43501
@tracker All of 1 nodes getting started
@tracker All nodes finishes job
Trial 375 finished with value: 0.9760666666666666 and parameters: {'tree_method': 'gpu_hist', 'lambda': 1.1903225729562832, 'alpha': 0.006058872365908604, 'colsample_bytree': 0.4154478459236006, 'subsample': 0.9310469668598067, 'learning_rate': 0.08158973005403472, 'max_depth': 5, 'min_child_weight': 22, 'eval_metric': 'logloss'}. Best is trial 305 with value: 0.98.
start listen on 10.110.42.71:48689
@tracker All of 1 nodes getting started
@tracker All nodes finishes job
start listen on 10.110.42.71:59819
@tracker All of 1 nodes getting started
@tracker All nodes finishes job
start listen on 10.110.42.71:52797
@tracker All of 1 nodes getting started
@tracker All nodes finishes job
start listen on 10.110.42.71:34435
@tracker All of 1 nodes getting started
@tracker All nodes finishes job
start listen on 10.110.42.71:34205
@tracker All of 1 nodes getting started
@tracker All nodes finishes job
Trial 376 finished with value: 0.9768833333333333 and parameters: {'tree_method': 'gpu_hist', 'lambda': 1.5653905991536166, 'alpha': 0.00756958196107326, 'colsample_bytree': 0.44438310142426035, 'subsample': 0.893452787337356, 'learning_rate': 0.09999238277800909, 'max_depth': 5, 'min_child_weight': 14, 'eval_metric': 'logloss'}. Best is trial 305 with value: 0.98.
start listen on 10.110.42.71:35261
@tracker All of 1 nodes getting started
@tracker All nodes finishes job
start listen on 10.110.42.71:57985
@tracker All of 1 nodes getting started
@tracker All nodes finishes job
start listen on 10.110.42.71:33815
@tracker All of 1 nodes getting started
@tracker All nodes finishes job
start listen on 10.110.42.71:49979
@tracker All of 1 nodes getting started
@tracker All nodes finishes job
start listen on 10.110.42.71:49067
@tracker All of 1 nodes getting started
@tracker All nodes finishes job
Trial 377 finished with value: 0.9785166666666667 and parameters: {'tree_method': 'gpu_hist', 'lambda': 1.8115709880978763, 'alpha': 0.021020203414230894, 'colsample_bytree': 0.37118633026589426, 'subsample': 0.8798393164503606, 'learning_rate': 0.09211584144206388, 'max_depth': 9, 'min_child_weight': 1, 'eval_metric': 'logloss'}. Best is trial 305 with value: 0.98.
start listen on 10.110.42.71:50863
@tracker All of 1 nodes getting started
@tracker All nodes finishes job
start listen on 10.110.42.71:46957
@tracker All of 1 nodes getting started
@tracker All nodes finishes job
start listen on 10.110.42.71:51077
@tracker All of 1 nodes getting started
@tracker All nodes finishes job
start listen on 10.110.42.71:35299
@tracker All of 1 nodes getting started
@tracker All nodes finishes job
start listen on 10.110.42.71:44433
@tracker All of 1 nodes getting started
@tracker All nodes finishes job
Trial 378 finished with value: 0.9592833333333334 and parameters: {'tree_method': 'gpu_hist', 'lambda': 1.331057136661553, 'alpha': 0.0309658992931863, 'colsample_bytree': 0.43432654547227806, 'subsample': 0.9086550873245143, 'learning_rate': 0.0760245518702639, 'max_depth': 5, 'min_child_weight': 194, 'eval_metric': 'logloss'}. Best is trial 305 with value: 0.98.
start listen on 10.110.42.71:55981
@tracker All of 1 nodes getting started
@tracker All nodes finishes job
start listen on 10.110.42.71:58045
@tracker All of 1 nodes getting started
@tracker All nodes finishes job
start listen on 10.110.42.71:60111
@tracker All of 1 nodes getting started
@tracker All nodes finishes job
start listen on 10.110.42.71:55139
@tracker All of 1 nodes getting started
@tracker All nodes finishes job
start listen on 10.110.42.71:34467
@tracker All of 1 nodes getting started
@tracker All nodes finishes job
Trial 379 finished with value: 0.9783666666666667 and parameters: {'tree_method': 'gpu_hist', 'lambda': 2.2131025563221693, 'alpha': 0.04048711243827656, 'colsample_bytree': 0.4218855410747499, 'subsample': 0.8629724423771378, 'learning_rate': 0.08456506638467001, 'max_depth': 5, 'min_child_weight': 6, 'eval_metric': 'logloss'}. Best is trial 305 with value: 0.98.
start listen on 10.110.42.71:33433
@tracker All of 1 nodes getting started
@tracker All nodes finishes job
start listen on 10.110.42.71:57655
@tracker All of 1 nodes getting started
@tracker All nodes finishes job
start listen on 10.110.42.71:45457
@tracker All of 1 nodes getting started
@tracker All nodes finishes job
start listen on 10.110.42.71:45947
@tracker All of 1 nodes getting started
@tracker All nodes finishes job
start listen on 10.110.42.71:38143
@tracker All of 1 nodes getting started
@tracker All nodes finishes job
Trial 380 finished with value: 0.978 and parameters: {'tree_method': 'gpu_hist', 'lambda': 1.1735037351773754, 'alpha': 0.008748341468218597, 'colsample_bytree': 0.4555414361634221, 'subsample': 0.8493985389437637, 'learning_rate': 0.07392324542356006, 'max_depth': 11, 'min_child_weight': 1, 'eval_metric': 'logloss'}. Best is trial 305 with value: 0.98.
start listen on 10.110.42.71:39335
@tracker All of 1 nodes getting started
@tracker All nodes finishes job
start listen on 10.110.42.71:35189
@tracker All of 1 nodes getting started
@tracker All nodes finishes job
start listen on 10.110.42.71:45423
@tracker All of 1 nodes getting started
@tracker All nodes finishes job
start listen on 10.110.42.71:59963
@tracker All of 1 nodes getting started
@tracker All nodes finishes job
start listen on 10.110.42.71:45989
@tracker All of 1 nodes getting started
@tracker All nodes finishes job
Trial 381 finished with value: 0.9776666666666667 and parameters: {'tree_method': 'gpu_hist', 'lambda': 1.33734506058515, 'alpha': 0.019304869388695047, 'colsample_bytree': 0.3896741603626086, 'subsample': 0.8846021966329719, 'learning_rate': 0.09149185011902061, 'max_depth': 5, 'min_child_weight': 11, 'eval_metric': 'logloss'}. Best is trial 305 with value: 0.98.
start listen on 10.110.42.71:33325
@tracker All of 1 nodes getting started
@tracker All nodes finishes job
start listen on 10.110.42.71:58121
@tracker All of 1 nodes getting started
@tracker All nodes finishes job
start listen on 10.110.42.71:34633
@tracker All of 1 nodes getting started
@tracker All nodes finishes job
start listen on 10.110.42.71:44801
@tracker All of 1 nodes getting started
@tracker All nodes finishes job
start listen on 10.110.42.71:51329
@tracker All of 1 nodes getting started
@tracker All nodes finishes job
Trial 382 finished with value: 0.9782666666666666 and parameters: {'tree_method': 'gpu_hist', 'lambda': 1.0186540699183215, 'alpha': 0.0255198673865351, 'colsample_bytree': 0.401929761952117, 'subsample': 0.9006514838069899, 'learning_rate': 0.0823945401190797, 'max_depth': 5, 'min_child_weight': 7, 'eval_metric': 'logloss'}. Best is trial 305 with value: 0.98.
start listen on 10.110.42.71:35701
@tracker All of 1 nodes getting started
@tracker All nodes finishes job
start listen on 10.110.42.71:50927
@tracker All of 1 nodes getting started
@tracker All nodes finishes job
start listen on 10.110.42.71:57413
@tracker All of 1 nodes getting started
@tracker All nodes finishes job
start listen on 10.110.42.71:59155
@tracker All of 1 nodes getting started
@tracker All nodes finishes job
start listen on 10.110.42.71:57401
@tracker All of 1 nodes getting started
@tracker All nodes finishes job
Trial 383 finished with value: 0.9767833333333333 and parameters: {'tree_method': 'gpu_hist', 'lambda': 3.213101162355829, 'alpha': 0.06066684837688363, 'colsample_bytree': 0.43739156074298036, 'subsample': 0.9210732306520365, 'learning_rate': 0.07223321717914258, 'max_depth': 15, 'min_child_weight': 15, 'eval_metric': 'logloss'}. Best is trial 305 with value: 0.98.
start listen on 10.110.42.71:58787
@tracker All of 1 nodes getting started
@tracker All nodes finishes job
start listen on 10.110.42.71:58545
@tracker All of 1 nodes getting started
@tracker All nodes finishes job
start listen on 10.110.42.71:58649
@tracker All of 1 nodes getting started
@tracker All nodes finishes job
start listen on 10.110.42.71:48163
@tracker All of 1 nodes getting started
@tracker All nodes finishes job
start listen on 10.110.42.71:39987
@tracker All of 1 nodes getting started
@tracker All nodes finishes job
Trial 384 finished with value: 0.9752833333333333 and parameters: {'tree_method': 'gpu_hist', 'lambda': 2.04123145079053, 'alpha': 0.013281448039121032, 'colsample_bytree': 0.41188530586183186, 'subsample': 0.9397323190774497, 'learning_rate': 0.09188881788806029, 'max_depth': 3, 'min_child_weight': 1, 'eval_metric': 'logloss'}. Best is trial 305 with value: 0.98.
start listen on 10.110.42.71:49675
@tracker All of 1 nodes getting started
@tracker All nodes finishes job
start listen on 10.110.42.71:44877
@tracker All of 1 nodes getting started
@tracker All nodes finishes job
start listen on 10.110.42.71:44253
@tracker All of 1 nodes getting started
@tracker All nodes finishes job
start listen on 10.110.42.71:41421
@tracker All of 1 nodes getting started
@tracker All nodes finishes job
start listen on 10.110.42.71:34803
@tracker All of 1 nodes getting started
@tracker All nodes finishes job
Trial 385 finished with value: 0.97215 and parameters: {'tree_method': 'gpu_hist', 'lambda': 0.45589559476873165, 'alpha': 0.009965592992787013, 'colsample_bytree': 0.4609572997073582, 'subsample': 0.8827987104937771, 'learning_rate': 0.08116583333380184, 'max_depth': 5, 'min_child_weight': 59, 'eval_metric': 'logloss'}. Best is trial 305 with value: 0.98.
start listen on 10.110.42.71:48077
@tracker All of 1 nodes getting started
@tracker All nodes finishes job
start listen on 10.110.42.71:52935
@tracker All of 1 nodes getting started
@tracker All nodes finishes job
start listen on 10.110.42.71:35375
@tracker All of 1 nodes getting started
@tracker All nodes finishes job
start listen on 10.110.42.71:41959
@tracker All of 1 nodes getting started
@tracker All nodes finishes job
start listen on 10.110.42.71:53551
@tracker All of 1 nodes getting started
@tracker All nodes finishes job
Trial 386 finished with value: 0.97795 and parameters: {'tree_method': 'gpu_hist', 'lambda': 0.6919749932997019, 'alpha': 0.01760443203671709, 'colsample_bytree': 0.3799211022676318, 'subsample': 0.8719217074478816, 'learning_rate': 0.09238421558973475, 'max_depth': 5, 'min_child_weight': 7, 'eval_metric': 'logloss'}. Best is trial 305 with value: 0.98.
start listen on 10.110.42.71:35641
@tracker All of 1 nodes getting started
@tracker All nodes finishes job
start listen on 10.110.42.71:33463
@tracker All of 1 nodes getting started
@tracker All nodes finishes job
start listen on 10.110.42.71:34847
@tracker All of 1 nodes getting started
@tracker All nodes finishes job
start listen on 10.110.42.71:44845
@tracker All of 1 nodes getting started
@tracker All nodes finishes job
start listen on 10.110.42.71:41485
@tracker All of 1 nodes getting started
@tracker All nodes finishes job
Trial 387 finished with value: 0.9793666666666667 and parameters: {'tree_method': 'gpu_hist', 'lambda': 2.795805808701238, 'alpha': 0.02279361901784728, 'colsample_bytree': 0.4301582682279884, 'subsample': 0.895669319590913, 'learning_rate': 0.08519929274526276, 'max_depth': 5, 'min_child_weight': 1, 'eval_metric': 'logloss'}. Best is trial 305 with value: 0.98.
start listen on 10.110.42.71:35471
@tracker All of 1 nodes getting started
@tracker All nodes finishes job
start listen on 10.110.42.71:44989
@tracker All of 1 nodes getting started
@tracker All nodes finishes job
start listen on 10.110.42.71:38625
@tracker All of 1 nodes getting started
@tracker All nodes finishes job
start listen on 10.110.42.71:59215
@tracker All of 1 nodes getting started
@tracker All nodes finishes job
start listen on 10.110.42.71:33633
@tracker All of 1 nodes getting started
@tracker All nodes finishes job
Trial 388 finished with value: 0.9756333333333334 and parameters: {'tree_method': 'gpu_hist', 'lambda': 0.8902396624779273, 'alpha': 0.04733422016323578, 'colsample_bytree': 0.45090077073929424, 'subsample': 0.9303545573942719, 'learning_rate': 0.09992837043744648, 'max_depth': 5, 'min_child_weight': 25, 'eval_metric': 'logloss'}. Best is trial 305 with value: 0.98.
start listen on 10.110.42.71:56999
@tracker All of 1 nodes getting started
@tracker All nodes finishes job
start listen on 10.110.42.71:40727
@tracker All of 1 nodes getting started
@tracker All nodes finishes job
start listen on 10.110.42.71:33789
@tracker All of 1 nodes getting started
@tracker All nodes finishes job
start listen on 10.110.42.71:57751
@tracker All of 1 nodes getting started
@tracker All nodes finishes job
start listen on 10.110.42.71:39619
@tracker All of 1 nodes getting started
@tracker All nodes finishes job
