Trial 677 finished with value: 0.9793166666666666 and parameters: {'tree_method': 'gpu_hist', 'lambda': 0.08106383830617647, 'alpha': 0.009100939244977126, 'colsample_bytree': 0.47194368276473536, 'subsample': 0.858349268401604, 'learning_rate': 0.09232998108161841, 'max_depth': 5, 'min_child_weight': 1, 'eval_metric': 'logloss'}. Best is trial 425 with value: 0.9801333333333333.
start listen on 10.110.42.71:45039
@tracker All of 1 nodes getting started
@tracker All nodes finishes job
start listen on 10.110.42.71:38585
@tracker All of 1 nodes getting started
@tracker All nodes finishes job
start listen on 10.110.42.71:42831
@tracker All of 1 nodes getting started
@tracker All nodes finishes job
start listen on 10.110.42.71:51681
@tracker All of 1 nodes getting started
@tracker All nodes finishes job
start listen on 10.110.42.71:50439
@tracker All of 1 nodes getting started
@tracker All nodes finishes job
Trial 678 finished with value: 0.9769833333333333 and parameters: {'tree_method': 'gpu_hist', 'lambda': 0.056291403592613816, 'alpha': 0.011569289254559453, 'colsample_bytree': 0.4173137768978219, 'subsample': 0.9042800374126894, 'learning_rate': 0.0773273234288797, 'max_depth': 13, 'min_child_weight': 7, 'eval_metric': 'logloss'}. Best is trial 425 with value: 0.9801333333333333.
start listen on 10.110.42.71:36763
@tracker All of 1 nodes getting started
@tracker All nodes finishes job
start listen on 10.110.42.71:37859
@tracker All of 1 nodes getting started
@tracker All nodes finishes job
start listen on 10.110.42.71:47319
@tracker All of 1 nodes getting started
@tracker All nodes finishes job
start listen on 10.110.42.71:48439
@tracker All of 1 nodes getting started
@tracker All nodes finishes job
start listen on 10.110.42.71:54693
@tracker All of 1 nodes getting started
@tracker All nodes finishes job
Trial 679 finished with value: 0.9768166666666667 and parameters: {'tree_method': 'gpu_hist', 'lambda': 0.03799833757001564, 'alpha': 0.019344645238841513, 'colsample_bytree': 0.44705932459094133, 'subsample': 0.8282110338333937, 'learning_rate': 0.08318610985941594, 'max_depth': 5, 'min_child_weight': 16, 'eval_metric': 'logloss'}. Best is trial 425 with value: 0.9801333333333333.
start listen on 10.110.42.71:49697
@tracker All of 1 nodes getting started
@tracker All nodes finishes job
start listen on 10.110.42.71:40969
@tracker All of 1 nodes getting started
@tracker All nodes finishes job
start listen on 10.110.42.71:48535
@tracker All of 1 nodes getting started
@tracker All nodes finishes job
start listen on 10.110.42.71:42427
@tracker All of 1 nodes getting started
@tracker All nodes finishes job
start listen on 10.110.42.71:52893
@tracker All of 1 nodes getting started
@tracker All nodes finishes job
Trial 680 finished with value: 0.9798166666666667 and parameters: {'tree_method': 'gpu_hist', 'lambda': 0.07619558775026437, 'alpha': 0.013232823128123803, 'colsample_bytree': 0.39166675512496707, 'subsample': 0.9210531268630082, 'learning_rate': 0.08904827270408916, 'max_depth': 5, 'min_child_weight': 1, 'eval_metric': 'logloss'}. Best is trial 425 with value: 0.9801333333333333.
start listen on 10.110.42.71:38733
@tracker All of 1 nodes getting started
@tracker All nodes finishes job
start listen on 10.110.42.71:55239
@tracker All of 1 nodes getting started
@tracker All nodes finishes job
start listen on 10.110.42.71:52501
@tracker All of 1 nodes getting started
@tracker All nodes finishes job
start listen on 10.110.42.71:46341
@tracker All of 1 nodes getting started
@tracker All nodes finishes job
start listen on 10.110.42.71:50021
@tracker All of 1 nodes getting started
@tracker All nodes finishes job
Trial 681 finished with value: 0.9776666666666667 and parameters: {'tree_method': 'gpu_hist', 'lambda': 0.05953538263657688, 'alpha': 0.015580056159832188, 'colsample_bytree': 0.40421657334890954, 'subsample': 0.879303587172705, 'learning_rate': 0.07363684438042148, 'max_depth': 5, 'min_child_weight': 11, 'eval_metric': 'logloss'}. Best is trial 425 with value: 0.9801333333333333.
start listen on 10.110.42.71:57843
@tracker All of 1 nodes getting started
@tracker All nodes finishes job
start listen on 10.110.42.71:41901
@tracker All of 1 nodes getting started
@tracker All nodes finishes job
start listen on 10.110.42.71:50333
@tracker All of 1 nodes getting started
@tracker All nodes finishes job
start listen on 10.110.42.71:41241
@tracker All of 1 nodes getting started
@tracker All nodes finishes job
start listen on 10.110.42.71:36639
@tracker All of 1 nodes getting started
@tracker All nodes finishes job
Trial 682 finished with value: 0.9799333333333333 and parameters: {'tree_method': 'gpu_hist', 'lambda': 0.07092282916858791, 'alpha': 0.010047667904333335, 'colsample_bytree': 0.3898119957505866, 'subsample': 0.9218836959221997, 'learning_rate': 0.09238741391609318, 'max_depth': 5, 'min_child_weight': 1, 'eval_metric': 'logloss'}. Best is trial 425 with value: 0.9801333333333333.
start listen on 10.110.42.71:37877
@tracker All of 1 nodes getting started
@tracker All nodes finishes job
start listen on 10.110.42.71:59941
@tracker All of 1 nodes getting started
@tracker All nodes finishes job
start listen on 10.110.42.71:51195
@tracker All of 1 nodes getting started
@tracker All nodes finishes job
start listen on 10.110.42.71:49239
@tracker All of 1 nodes getting started
@tracker All nodes finishes job
start listen on 10.110.42.71:54749
@tracker All of 1 nodes getting started
@tracker All nodes finishes job
Trial 683 finished with value: 0.9781 and parameters: {'tree_method': 'gpu_hist', 'lambda': 0.17500746377425358, 'alpha': 0.007958752736846366, 'colsample_bytree': 0.38255583203418625, 'subsample': 0.9245341047949717, 'learning_rate': 0.09126733567129769, 'max_depth': 5, 'min_child_weight': 6, 'eval_metric': 'logloss'}. Best is trial 425 with value: 0.9801333333333333.
start listen on 10.110.42.71:34989
@tracker All of 1 nodes getting started
@tracker All nodes finishes job
start listen on 10.110.42.71:55129
@tracker All of 1 nodes getting started
@tracker All nodes finishes job
start listen on 10.110.42.71:34363
@tracker All of 1 nodes getting started
@tracker All nodes finishes job
start listen on 10.110.42.71:54689
@tracker All of 1 nodes getting started
@tracker All nodes finishes job
start listen on 10.110.42.71:42917
@tracker All of 1 nodes getting started
@tracker All nodes finishes job
Trial 684 finished with value: 0.9724 and parameters: {'tree_method': 'gpu_hist', 'lambda': 0.06020219767164229, 'alpha': 0.009051701054678346, 'colsample_bytree': 0.3739335398104578, 'subsample': 0.9124365281320617, 'learning_rate': 0.09930284687489703, 'max_depth': 5, 'min_child_weight': 55, 'eval_metric': 'logloss'}. Best is trial 425 with value: 0.9801333333333333.
start listen on 10.110.42.71:33833
@tracker All of 1 nodes getting started
@tracker All nodes finishes job
start listen on 10.110.42.71:60845
@tracker All of 1 nodes getting started
@tracker All nodes finishes job
start listen on 10.110.42.71:37635
@tracker All of 1 nodes getting started
@tracker All nodes finishes job
start listen on 10.110.42.71:37697
@tracker All of 1 nodes getting started
@tracker All nodes finishes job
start listen on 10.110.42.71:58619
@tracker All of 1 nodes getting started
@tracker All nodes finishes job
Trial 685 finished with value: 0.9774166666666667 and parameters: {'tree_method': 'gpu_hist', 'lambda': 0.09825830496500564, 'alpha': 0.010065797554055723, 'colsample_bytree': 0.3890838707509613, 'subsample': 0.9233437022723636, 'learning_rate': 0.07805566212496395, 'max_depth': 5, 'min_child_weight': 10, 'eval_metric': 'logloss'}. Best is trial 425 with value: 0.9801333333333333.
start listen on 10.110.42.71:43101
@tracker All of 1 nodes getting started
@tracker All nodes finishes job
start listen on 10.110.42.71:54079
@tracker All of 1 nodes getting started
@tracker All nodes finishes job
start listen on 10.110.42.71:35835
@tracker All of 1 nodes getting started
@tracker All nodes finishes job
start listen on 10.110.42.71:36039
@tracker All of 1 nodes getting started
@tracker All nodes finishes job
start listen on 10.110.42.71:35471
@tracker All of 1 nodes getting started
@tracker All nodes finishes job
Trial 686 finished with value: 0.97965 and parameters: {'tree_method': 'gpu_hist', 'lambda': 0.07860722757988885, 'alpha': 0.007543223427143921, 'colsample_bytree': 0.3615830532783379, 'subsample': 0.9038074495861265, 'learning_rate': 0.05694918223850793, 'max_depth': 5, 'min_child_weight': 1, 'eval_metric': 'logloss'}. Best is trial 425 with value: 0.9801333333333333.
start listen on 10.110.42.71:39483
@tracker All of 1 nodes getting started
@tracker All nodes finishes job
start listen on 10.110.42.71:47383
@tracker All of 1 nodes getting started
@tracker All nodes finishes job
start listen on 10.110.42.71:50253
@tracker All of 1 nodes getting started
@tracker All nodes finishes job
start listen on 10.110.42.71:36579
@tracker All of 1 nodes getting started
@tracker All nodes finishes job
start listen on 10.110.42.71:41317
@tracker All of 1 nodes getting started
@tracker All nodes finishes job
Trial 687 finished with value: 0.9776833333333333 and parameters: {'tree_method': 'gpu_hist', 'lambda': 0.06646572699475227, 'alpha': 0.011076554904866058, 'colsample_bytree': 0.38862435327064443, 'subsample': 0.9259870438389158, 'learning_rate': 0.08703815195950633, 'max_depth': 5, 'min_child_weight': 6, 'eval_metric': 'logloss'}. Best is trial 425 with value: 0.9801333333333333.
start listen on 10.110.42.71:32833
@tracker All of 1 nodes getting started
@tracker All nodes finishes job
start listen on 10.110.42.71:57157
@tracker All of 1 nodes getting started
@tracker All nodes finishes job
start listen on 10.110.42.71:49879
@tracker All of 1 nodes getting started
@tracker All nodes finishes job
start listen on 10.110.42.71:38423
@tracker All of 1 nodes getting started
@tracker All nodes finishes job
start listen on 10.110.42.71:35919
@tracker All of 1 nodes getting started
@tracker All nodes finishes job
Trial 688 finished with value: 0.97425 and parameters: {'tree_method': 'gpu_hist', 'lambda': 0.08280962801942436, 'alpha': 0.006938591015826442, 'colsample_bytree': 0.3721733177520773, 'subsample': 0.9301313131237656, 'learning_rate': 0.0908907615481788, 'max_depth': 5, 'min_child_weight': 42, 'eval_metric': 'logloss'}. Best is trial 425 with value: 0.9801333333333333.
start listen on 10.110.42.71:50209
@tracker All of 1 nodes getting started
@tracker All nodes finishes job
start listen on 10.110.42.71:45115
@tracker All of 1 nodes getting started
@tracker All nodes finishes job
start listen on 10.110.42.71:35961
@tracker All of 1 nodes getting started
@tracker All nodes finishes job
start listen on 10.110.42.71:52369
@tracker All of 1 nodes getting started
@tracker All nodes finishes job
start listen on 10.110.42.71:43577
@tracker All of 1 nodes getting started
@tracker All nodes finishes job
Trial 689 finished with value: 0.97675 and parameters: {'tree_method': 'gpu_hist', 'lambda': 0.10376510719962558, 'alpha': 0.012206839011442617, 'colsample_bytree': 0.3976565182890296, 'subsample': 0.9207041174772584, 'learning_rate': 0.08240613671541701, 'max_depth': 5, 'min_child_weight': 19, 'eval_metric': 'logloss'}. Best is trial 425 with value: 0.9801333333333333.
start listen on 10.110.42.71:49893
@tracker All of 1 nodes getting started
@tracker All nodes finishes job
start listen on 10.110.42.71:60409
@tracker All of 1 nodes getting started
@tracker All nodes finishes job
start listen on 10.110.42.71:40433
@tracker All of 1 nodes getting started
@tracker All nodes finishes job
start listen on 10.110.42.71:47247
@tracker All of 1 nodes getting started
@tracker All nodes finishes job
start listen on 10.110.42.71:48951
@tracker All of 1 nodes getting started
@tracker All nodes finishes job
Trial 690 finished with value: 0.97705 and parameters: {'tree_method': 'gpu_hist', 'lambda': 0.04559349609331867, 'alpha': 0.00986863944782602, 'colsample_bytree': 0.3865543133076491, 'subsample': 0.9122204540040902, 'learning_rate': 0.09987672318004856, 'max_depth': 17, 'min_child_weight': 1, 'eval_metric': 'logloss'}. Best is trial 425 with value: 0.9801333333333333.
start listen on 10.110.42.71:50755
@tracker All of 1 nodes getting started
@tracker All nodes finishes job
start listen on 10.110.42.71:57019
@tracker All of 1 nodes getting started
@tracker All nodes finishes job
start listen on 10.110.42.71:33905
@tracker All of 1 nodes getting started
@tracker All nodes finishes job
start listen on 10.110.42.71:54619
@tracker All of 1 nodes getting started
@tracker All nodes finishes job
start listen on 10.110.42.71:44445
@tracker All of 1 nodes getting started
@tracker All nodes finishes job
Trial 691 finished with value: 0.9755666666666667 and parameters: {'tree_method': 'gpu_hist', 'lambda': 0.07245661909126638, 'alpha': 0.013615560010888234, 'colsample_bytree': 0.3517657949258515, 'subsample': 0.9216964135469675, 'learning_rate': 0.031555751830338846, 'max_depth': 5, 'min_child_weight': 12, 'eval_metric': 'logloss'}. Best is trial 425 with value: 0.9801333333333333.
start listen on 10.110.42.71:57749
@tracker All of 1 nodes getting started
@tracker All nodes finishes job
start listen on 10.110.42.71:40061
@tracker All of 1 nodes getting started
@tracker All nodes finishes job
start listen on 10.110.42.71:36469
@tracker All of 1 nodes getting started
@tracker All nodes finishes job
start listen on 10.110.42.71:51079
@tracker All of 1 nodes getting started
@tracker All nodes finishes job
start listen on 10.110.42.71:37801
@tracker All of 1 nodes getting started
@tracker All nodes finishes job
Trial 692 finished with value: 0.9768666666666667 and parameters: {'tree_method': 'gpu_hist', 'lambda': 0.05146420486517111, 'alpha': 0.009453111639011847, 'colsample_bytree': 0.46887757991307716, 'subsample': 0.6961652800017534, 'learning_rate': 0.09341648441522707, 'max_depth': 20, 'min_child_weight': 7, 'eval_metric': 'logloss'}. Best is trial 425 with value: 0.9801333333333333.
start listen on 10.110.42.71:52213
@tracker All of 1 nodes getting started
@tracker All nodes finishes job
start listen on 10.110.42.71:37813
@tracker All of 1 nodes getting started
@tracker All nodes finishes job
start listen on 10.110.42.71:38649
@tracker All of 1 nodes getting started
@tracker All nodes finishes job
start listen on 10.110.42.71:54277
@tracker All of 1 nodes getting started
@tracker All nodes finishes job
start listen on 10.110.42.71:47707
@tracker All of 1 nodes getting started
@tracker All nodes finishes job
Trial 693 finished with value: 0.9794666666666667 and parameters: {'tree_method': 'gpu_hist', 'lambda': 0.08872534855220476, 'alpha': 0.01225097629261384, 'colsample_bytree': 0.4018720410548506, 'subsample': 0.9102179841620999, 'learning_rate': 0.08526622282186418, 'max_depth': 5, 'min_child_weight': 1, 'eval_metric': 'logloss'}. Best is trial 425 with value: 0.9801333333333333.
start listen on 10.110.42.71:59371
@tracker All of 1 nodes getting started
@tracker All nodes finishes job
start listen on 10.110.42.71:51989
@tracker All of 1 nodes getting started
@tracker All nodes finishes job
start listen on 10.110.42.71:54479
@tracker All of 1 nodes getting started
@tracker All nodes finishes job
start listen on 10.110.42.71:37931
@tracker All of 1 nodes getting started
@tracker All nodes finishes job
start listen on 10.110.42.71:59801
@tracker All of 1 nodes getting started
@tracker All nodes finishes job
Trial 694 finished with value: 0.9731 and parameters: {'tree_method': 'gpu_hist', 'lambda': 0.05793504604324196, 'alpha': 4.949370435882159, 'colsample_bytree': 0.4113202425552523, 'subsample': 0.43362651054560214, 'learning_rate': 0.09959271297350197, 'max_depth': 7, 'min_child_weight': 16, 'eval_metric': 'logloss'}. Best is trial 425 with value: 0.9801333333333333.
start listen on 10.110.42.71:52231
@tracker All of 1 nodes getting started
@tracker All nodes finishes job
start listen on 10.110.42.71:57215
@tracker All of 1 nodes getting started
@tracker All nodes finishes job
start listen on 10.110.42.71:52943
@tracker All of 1 nodes getting started
@tracker All nodes finishes job
start listen on 10.110.42.71:50641
@tracker All of 1 nodes getting started
@tracker All nodes finishes job
start listen on 10.110.42.71:56239
@tracker All of 1 nodes getting started
@tracker All nodes finishes job
Trial 695 finished with value: 0.9779 and parameters: {'tree_method': 'gpu_hist', 'lambda': 0.0672997860527337, 'alpha': 0.01429048999277459, 'colsample_bytree': 0.41708679105800817, 'subsample': 0.8925229373963398, 'learning_rate': 0.0685674986996798, 'max_depth': 5, 'min_child_weight': 7, 'eval_metric': 'logloss'}. Best is trial 425 with value: 0.9801333333333333.
start listen on 10.110.42.71:35903
@tracker All of 1 nodes getting started
@tracker All nodes finishes job
start listen on 10.110.42.71:46911
@tracker All of 1 nodes getting started
@tracker All nodes finishes job
start listen on 10.110.42.71:44385
@tracker All of 1 nodes getting started
@tracker All nodes finishes job
start listen on 10.110.42.71:43929
@tracker All of 1 nodes getting started
@tracker All nodes finishes job
start listen on 10.110.42.71:44179
@tracker All of 1 nodes getting started
@tracker All nodes finishes job
Trial 696 finished with value: 0.9757833333333333 and parameters: {'tree_method': 'gpu_hist', 'lambda': 0.13734172971531533, 'alpha': 0.010729887797063641, 'colsample_bytree': 0.42596441401672225, 'subsample': 0.8664406903321865, 'learning_rate': 0.07434929755177275, 'max_depth': 5, 'min_child_weight': 27, 'eval_metric': 'logloss'}. Best is trial 425 with value: 0.9801333333333333.
start listen on 10.110.42.71:37993
@tracker All of 1 nodes getting started
@tracker All nodes finishes job
start listen on 10.110.42.71:45937
@tracker All of 1 nodes getting started
@tracker All nodes finishes job
start listen on 10.110.42.71:58321
@tracker All of 1 nodes getting started
@tracker All nodes finishes job
start listen on 10.110.42.71:58977
@tracker All of 1 nodes getting started
@tracker All nodes finishes job
start listen on 10.110.42.71:47213
@tracker All of 1 nodes getting started
@tracker All nodes finishes job
Trial 697 finished with value: 0.97735 and parameters: {'tree_method': 'gpu_hist', 'lambda': 0.11089318719558468, 'alpha': 0.023117915010207796, 'colsample_bytree': 0.36936685221487536, 'subsample': 0.8445904882228655, 'learning_rate': 0.0920782295131108, 'max_depth': 5, 'min_child_weight': 12, 'eval_metric': 'logloss'}. Best is trial 425 with value: 0.9801333333333333.
start listen on 10.110.42.71:39865
@tracker All of 1 nodes getting started
@tracker All nodes finishes job
start listen on 10.110.42.71:35387
@tracker All of 1 nodes getting started
@tracker All nodes finishes job
start listen on 10.110.42.71:51407
@tracker All of 1 nodes getting started
@tracker All nodes finishes job
start listen on 10.110.42.71:48533
@tracker All of 1 nodes getting started
@tracker All nodes finishes job
start listen on 10.110.42.71:39899
@tracker All of 1 nodes getting started
@tracker All nodes finishes job
Trial 698 finished with value: 0.9753166666666667 and parameters: {'tree_method': 'gpu_hist', 'lambda': 0.051359076785562244, 'alpha': 0.007404068986146471, 'colsample_bytree': 0.4595717060290993, 'subsample': 0.8959725701726018, 'learning_rate': 0.013658006595412171, 'max_depth': 9, 'min_child_weight': 6, 'eval_metric': 'logloss'}. Best is trial 425 with value: 0.9801333333333333.
start listen on 10.110.42.71:49741
@tracker All of 1 nodes getting started
@tracker All nodes finishes job
start listen on 10.110.42.71:41765
@tracker All of 1 nodes getting started
@tracker All nodes finishes job
start listen on 10.110.42.71:38717
@tracker All of 1 nodes getting started
@tracker All nodes finishes job
start listen on 10.110.42.71:36203
@tracker All of 1 nodes getting started
@tracker All nodes finishes job
start listen on 10.110.42.71:37223
@tracker All of 1 nodes getting started
@tracker All nodes finishes job
Trial 699 finished with value: 0.9685333333333334 and parameters: {'tree_method': 'gpu_hist', 'lambda': 0.03403745159018012, 'alpha': 0.008554342361771858, 'colsample_bytree': 0.4819945796400375, 'subsample': 0.9051002241053819, 'learning_rate': 0.09242546382462852, 'max_depth': 11, 'min_child_weight': 99, 'eval_metric': 'logloss'}. Best is trial 425 with value: 0.9801333333333333.
start listen on 10.110.42.71:33107
@tracker All of 1 nodes getting started
@tracker All nodes finishes job
start listen on 10.110.42.71:34737
@tracker All of 1 nodes getting started
@tracker All nodes finishes job
start listen on 10.110.42.71:58295
@tracker All of 1 nodes getting started
@tracker All nodes finishes job
start listen on 10.110.42.71:40649
@tracker All of 1 nodes getting started
@tracker All nodes finishes job
start listen on 10.110.42.71:37989
@tracker All of 1 nodes getting started
@tracker All nodes finishes job
Trial 700 finished with value: 0.97815 and parameters: {'tree_method': 'gpu_hist', 'lambda': 0.07748381591624633, 'alpha': 0.012483415762479142, 'colsample_bytree': 0.38288313492384257, 'subsample': 0.9325979053512891, 'learning_rate': 0.09129783233370733, 'max_depth': 5, 'min_child_weight': 7, 'eval_metric': 'logloss'}. Best is trial 425 with value: 0.9801333333333333.
start listen on 10.110.42.71:33239
@tracker All of 1 nodes getting started
@tracker All nodes finishes job
start listen on 10.110.42.71:48953
@tracker All of 1 nodes getting started
@tracker All nodes finishes job
start listen on 10.110.42.71:49137
@tracker All of 1 nodes getting started
@tracker All nodes finishes job
start listen on 10.110.42.71:46811
@tracker All of 1 nodes getting started
@tracker All nodes finishes job
start listen on 10.110.42.71:49971
@tracker All of 1 nodes getting started
@tracker All nodes finishes job
