Trial 845 finished with value: 0.9781166666666666 and parameters: {'tree_method': 'gpu_hist', 'lambda': 1.2394387752555196, 'alpha': 0.017064597572783002, 'colsample_bytree': 0.41758462640326577, 'subsample': 0.9242364259735698, 'learning_rate': 0.07492419747158362, 'max_depth': 5, 'min_child_weight': 6, 'eval_metric': 'logloss'}. Best is trial 425 with value: 0.9801333333333333.
start listen on 10.110.42.71:52953
@tracker All of 1 nodes getting started
@tracker All nodes finishes job
start listen on 10.110.42.71:60895
@tracker All of 1 nodes getting started
@tracker All nodes finishes job
start listen on 10.110.42.71:45229
@tracker All of 1 nodes getting started
@tracker All nodes finishes job
start listen on 10.110.42.71:44295
@tracker All of 1 nodes getting started
@tracker All nodes finishes job
start listen on 10.110.42.71:40015
@tracker All of 1 nodes getting started
@tracker All nodes finishes job
Trial 846 finished with value: 0.95045 and parameters: {'tree_method': 'gpu_hist', 'lambda': 1.720485810822242, 'alpha': 0.012940948764477517, 'colsample_bytree': 0.37682427095109294, 'subsample': 0.8521614730729109, 'learning_rate': 0.08386619173725945, 'max_depth': 5, 'min_child_weight': 269, 'eval_metric': 'logloss'}. Best is trial 425 with value: 0.9801333333333333.
start listen on 10.110.42.71:34661
@tracker All of 1 nodes getting started
@tracker All nodes finishes job
start listen on 10.110.42.71:51891
@tracker All of 1 nodes getting started
@tracker All nodes finishes job
start listen on 10.110.42.71:51585
@tracker All of 1 nodes getting started
@tracker All nodes finishes job
start listen on 10.110.42.71:34183
@tracker All of 1 nodes getting started
@tracker All nodes finishes job
start listen on 10.110.42.71:33163
@tracker All of 1 nodes getting started
@tracker All nodes finishes job
Trial 847 finished with value: 0.97775 and parameters: {'tree_method': 'gpu_hist', 'lambda': 0.8656711266083795, 'alpha': 0.010379053437619759, 'colsample_bytree': 0.4562125362710903, 'subsample': 0.8684045480833391, 'learning_rate': 0.0890779810606832, 'max_depth': 5, 'min_child_weight': 6, 'eval_metric': 'logloss'}. Best is trial 425 with value: 0.9801333333333333.
start listen on 10.110.42.71:52877
@tracker All of 1 nodes getting started
@tracker All nodes finishes job
start listen on 10.110.42.71:37743
@tracker All of 1 nodes getting started
@tracker All nodes finishes job
start listen on 10.110.42.71:49353
@tracker All of 1 nodes getting started
@tracker All nodes finishes job
start listen on 10.110.42.71:34771
@tracker All of 1 nodes getting started
@tracker All nodes finishes job
start listen on 10.110.42.71:44711
@tracker All of 1 nodes getting started
@tracker All nodes finishes job
Trial 848 finished with value: 0.9760166666666666 and parameters: {'tree_method': 'gpu_hist', 'lambda': 0.07616765073323142, 'alpha': 0.02317113337726927, 'colsample_bytree': 0.3385654938674896, 'subsample': 0.9072676399224432, 'learning_rate': 0.09982593879864851, 'max_depth': 5, 'min_child_weight': 22, 'eval_metric': 'logloss'}. Best is trial 425 with value: 0.9801333333333333.
start listen on 10.110.42.71:48773
@tracker All of 1 nodes getting started
@tracker All nodes finishes job
start listen on 10.110.42.71:46061
@tracker All of 1 nodes getting started
@tracker All nodes finishes job
start listen on 10.110.42.71:49489
@tracker All of 1 nodes getting started
@tracker All nodes finishes job
start listen on 10.110.42.71:42431
@tracker All of 1 nodes getting started
@tracker All nodes finishes job
start listen on 10.110.42.71:50605
@tracker All of 1 nodes getting started
@tracker All nodes finishes job
Trial 849 finished with value: 0.9768333333333333 and parameters: {'tree_method': 'gpu_hist', 'lambda': 0.09566288214868456, 'alpha': 0.019667276770150503, 'colsample_bytree': 0.4012557430132648, 'subsample': 0.833039507630736, 'learning_rate': 0.07743406553611015, 'max_depth': 5, 'min_child_weight': 14, 'eval_metric': 'logloss'}. Best is trial 425 with value: 0.9801333333333333.
start listen on 10.110.42.71:35581
@tracker All of 1 nodes getting started
@tracker All nodes finishes job
start listen on 10.110.42.71:49085
@tracker All of 1 nodes getting started
@tracker All nodes finishes job
start listen on 10.110.42.71:36447
@tracker All of 1 nodes getting started
@tracker All nodes finishes job
start listen on 10.110.42.71:42207
@tracker All of 1 nodes getting started
@tracker All nodes finishes job
start listen on 10.110.42.71:46035
@tracker All of 1 nodes getting started
@tracker All nodes finishes job
Trial 850 finished with value: 0.9773166666666666 and parameters: {'tree_method': 'gpu_hist', 'lambda': 0.12572798690408082, 'alpha': 0.014901421088095581, 'colsample_bytree': 0.36327529152172405, 'subsample': 0.8205303341692971, 'learning_rate': 0.0825721494651836, 'max_depth': 17, 'min_child_weight': 1, 'eval_metric': 'logloss'}. Best is trial 425 with value: 0.9801333333333333.
start listen on 10.110.42.71:46857
@tracker All of 1 nodes getting started
@tracker All nodes finishes job
start listen on 10.110.42.71:46041
@tracker All of 1 nodes getting started
@tracker All nodes finishes job
start listen on 10.110.42.71:51951
@tracker All of 1 nodes getting started
@tracker All nodes finishes job
start listen on 10.110.42.71:39361
@tracker All of 1 nodes getting started
@tracker All nodes finishes job
start listen on 10.110.42.71:49653
@tracker All of 1 nodes getting started
@tracker All nodes finishes job
Trial 851 finished with value: 0.97585 and parameters: {'tree_method': 'gpu_hist', 'lambda': 0.05280756115210087, 'alpha': 3.5475369393333502, 'colsample_bytree': 0.3862490878527964, 'subsample': 0.8919681479187511, 'learning_rate': 0.07168883080243503, 'max_depth': 5, 'min_child_weight': 1, 'eval_metric': 'logloss'}. Best is trial 425 with value: 0.9801333333333333.
start listen on 10.110.42.71:57567
@tracker All of 1 nodes getting started
@tracker All nodes finishes job
start listen on 10.110.42.71:57913
@tracker All of 1 nodes getting started
@tracker All nodes finishes job
start listen on 10.110.42.71:43177
@tracker All of 1 nodes getting started
@tracker All nodes finishes job
start listen on 10.110.42.71:34741
@tracker All of 1 nodes getting started
@tracker All nodes finishes job
start listen on 10.110.42.71:47545
@tracker All of 1 nodes getting started
@tracker All nodes finishes job
Trial 852 finished with value: 0.9772 and parameters: {'tree_method': 'gpu_hist', 'lambda': 0.06839908107517571, 'alpha': 0.012050169337324898, 'colsample_bytree': 0.41108291409352726, 'subsample': 0.8414783688703237, 'learning_rate': 0.05717017365735972, 'max_depth': 7, 'min_child_weight': 11, 'eval_metric': 'logloss'}. Best is trial 425 with value: 0.9801333333333333.
start listen on 10.110.42.71:40431
@tracker All of 1 nodes getting started
@tracker All nodes finishes job
start listen on 10.110.42.71:45005
@tracker All of 1 nodes getting started
@tracker All nodes finishes job
start listen on 10.110.42.71:34769
@tracker All of 1 nodes getting started
@tracker All nodes finishes job
start listen on 10.110.42.71:39889
@tracker All of 1 nodes getting started
@tracker All nodes finishes job
start listen on 10.110.42.71:58323
@tracker All of 1 nodes getting started
@tracker All nodes finishes job
Trial 853 finished with value: 0.9781166666666666 and parameters: {'tree_method': 'gpu_hist', 'lambda': 0.6793478903351124, 'alpha': 0.348696098926595, 'colsample_bytree': 0.43313163175107267, 'subsample': 0.8799440937820805, 'learning_rate': 0.09216429731744177, 'max_depth': 5, 'min_child_weight': 6, 'eval_metric': 'logloss'}. Best is trial 425 with value: 0.9801333333333333.
start listen on 10.110.42.71:34187
@tracker All of 1 nodes getting started
@tracker All nodes finishes job
start listen on 10.110.42.71:60173
@tracker All of 1 nodes getting started
@tracker All nodes finishes job
start listen on 10.110.42.71:49197
@tracker All of 1 nodes getting started
@tracker All nodes finishes job
start listen on 10.110.42.71:42831
@tracker All of 1 nodes getting started
@tracker All nodes finishes job
start listen on 10.110.42.71:44993
@tracker All of 1 nodes getting started
@tracker All nodes finishes job
Trial 854 finished with value: 0.9768333333333333 and parameters: {'tree_method': 'gpu_hist', 'lambda': 1.1197449000337099, 'alpha': 0.008314556436928508, 'colsample_bytree': 0.4677524320365542, 'subsample': 0.8559675783936351, 'learning_rate': 0.09986916937303338, 'max_depth': 20, 'min_child_weight': 16, 'eval_metric': 'logloss'}. Best is trial 425 with value: 0.9801333333333333.
start listen on 10.110.42.71:50685
@tracker All of 1 nodes getting started
@tracker All nodes finishes job
start listen on 10.110.42.71:53063
@tracker All of 1 nodes getting started
@tracker All nodes finishes job
start listen on 10.110.42.71:55543
@tracker All of 1 nodes getting started
@tracker All nodes finishes job
start listen on 10.110.42.71:37621
@tracker All of 1 nodes getting started
@tracker All nodes finishes job
start listen on 10.110.42.71:60471
@tracker All of 1 nodes getting started
@tracker All nodes finishes job
Trial 855 finished with value: 0.97945 and parameters: {'tree_method': 'gpu_hist', 'lambda': 0.08670211807712282, 'alpha': 0.016343875531128114, 'colsample_bytree': 0.39830741927041924, 'subsample': 0.9195298064774294, 'learning_rate': 0.08026937098084874, 'max_depth': 5, 'min_child_weight': 1, 'eval_metric': 'logloss'}. Best is trial 425 with value: 0.9801333333333333.
start listen on 10.110.42.71:48097
@tracker All of 1 nodes getting started
@tracker All nodes finishes job
start listen on 10.110.42.71:38359
@tracker All of 1 nodes getting started
@tracker All nodes finishes job
start listen on 10.110.42.71:54719
@tracker All of 1 nodes getting started
@tracker All nodes finishes job
start listen on 10.110.42.71:41405
@tracker All of 1 nodes getting started
@tracker All nodes finishes job
start listen on 10.110.42.71:60827
@tracker All of 1 nodes getting started
@tracker All nodes finishes job
Trial 856 finished with value: 0.9764333333333334 and parameters: {'tree_method': 'gpu_hist', 'lambda': 4.2403593773678185, 'alpha': 0.02007612866383876, 'colsample_bytree': 0.4210569607757814, 'subsample': 0.44492086847071094, 'learning_rate': 0.0854174247171756, 'max_depth': 5, 'min_child_weight': 10, 'eval_metric': 'logloss'}. Best is trial 425 with value: 0.9801333333333333.
start listen on 10.110.42.71:39825
@tracker All of 1 nodes getting started
@tracker All nodes finishes job
start listen on 10.110.42.71:59123
@tracker All of 1 nodes getting started
@tracker All nodes finishes job
start listen on 10.110.42.71:49693
@tracker All of 1 nodes getting started
@tracker All nodes finishes job
start listen on 10.110.42.71:49343
@tracker All of 1 nodes getting started
@tracker All nodes finishes job
start listen on 10.110.42.71:48899
@tracker All of 1 nodes getting started
@tracker All nodes finishes job
Trial 857 finished with value: 0.9778833333333333 and parameters: {'tree_method': 'gpu_hist', 'lambda': 0.7413565014720618, 'alpha': 0.009397657369061561, 'colsample_bytree': 0.4486723085497566, 'subsample': 0.8645983405250718, 'learning_rate': 0.0913753007312684, 'max_depth': 9, 'min_child_weight': 6, 'eval_metric': 'logloss'}. Best is trial 425 with value: 0.9801333333333333.
start listen on 10.110.42.71:53555
@tracker All of 1 nodes getting started
@tracker All nodes finishes job
start listen on 10.110.42.71:58745
@tracker All of 1 nodes getting started
@tracker All nodes finishes job
start listen on 10.110.42.71:53753
@tracker All of 1 nodes getting started
@tracker All nodes finishes job
start listen on 10.110.42.71:50811
@tracker All of 1 nodes getting started
@tracker All nodes finishes job
start listen on 10.110.42.71:39891
@tracker All of 1 nodes getting started
@tracker All nodes finishes job
Trial 858 finished with value: 0.9764333333333334 and parameters: {'tree_method': 'gpu_hist', 'lambda': 0.05957344796491282, 'alpha': 0.014282070724600722, 'colsample_bytree': 0.3732864515724603, 'subsample': 0.8976797367945968, 'learning_rate': 0.07248219789427035, 'max_depth': 5, 'min_child_weight': 19, 'eval_metric': 'logloss'}. Best is trial 425 with value: 0.9801333333333333.
start listen on 10.110.42.71:38985
@tracker All of 1 nodes getting started
@tracker All nodes finishes job
start listen on 10.110.42.71:53709
@tracker All of 1 nodes getting started
@tracker All nodes finishes job
start listen on 10.110.42.71:60471
@tracker All of 1 nodes getting started
@tracker All nodes finishes job
start listen on 10.110.42.71:51211
@tracker All of 1 nodes getting started
@tracker All nodes finishes job
start listen on 10.110.42.71:38787
@tracker All of 1 nodes getting started
@tracker All nodes finishes job
Trial 859 finished with value: 0.9795166666666667 and parameters: {'tree_method': 'gpu_hist', 'lambda': 0.042721317055474634, 'alpha': 0.011176474958609935, 'colsample_bytree': 0.38936098548303333, 'subsample': 0.933108925100328, 'learning_rate': 0.0670781067679241, 'max_depth': 5, 'min_child_weight': 1, 'eval_metric': 'logloss'}. Best is trial 425 with value: 0.9801333333333333.
start listen on 10.110.42.71:49163
@tracker All of 1 nodes getting started
@tracker All nodes finishes job
start listen on 10.110.42.71:45407
@tracker All of 1 nodes getting started
@tracker All nodes finishes job
start listen on 10.110.42.71:46285
@tracker All of 1 nodes getting started
@tracker All nodes finishes job
start listen on 10.110.42.71:45191
@tracker All of 1 nodes getting started
@tracker All nodes finishes job
start listen on 10.110.42.71:47293
@tracker All of 1 nodes getting started
@tracker All nodes finishes job
Trial 860 finished with value: 0.9773833333333334 and parameters: {'tree_method': 'gpu_hist', 'lambda': 0.45767397384498526, 'alpha': 0.028251917515000963, 'colsample_bytree': 0.47174532316288537, 'subsample': 0.9020503834004301, 'learning_rate': 0.09293852660277835, 'max_depth': 5, 'min_child_weight': 11, 'eval_metric': 'logloss'}. Best is trial 425 with value: 0.9801333333333333.
start listen on 10.110.42.71:57941
@tracker All of 1 nodes getting started
@tracker All nodes finishes job
start listen on 10.110.42.71:49891
@tracker All of 1 nodes getting started
@tracker All nodes finishes job
start listen on 10.110.42.71:60259
@tracker All of 1 nodes getting started
@tracker All nodes finishes job
start listen on 10.110.42.71:54911
@tracker All of 1 nodes getting started
@tracker All nodes finishes job
start listen on 10.110.42.71:55983
@tracker All of 1 nodes getting started
@tracker All nodes finishes job
Trial 861 finished with value: 0.9772666666666666 and parameters: {'tree_method': 'gpu_hist', 'lambda': 0.07826344413028923, 'alpha': 0.024701525907997717, 'colsample_bytree': 0.3516451975316709, 'subsample': 0.889826082785242, 'learning_rate': 0.09303785321987584, 'max_depth': 11, 'min_child_weight': 6, 'eval_metric': 'logloss'}. Best is trial 425 with value: 0.9801333333333333.
start listen on 10.110.42.71:53981
@tracker All of 1 nodes getting started
@tracker All nodes finishes job
start listen on 10.110.42.71:33677
@tracker All of 1 nodes getting started
@tracker All nodes finishes job
start listen on 10.110.42.71:33983
@tracker All of 1 nodes getting started
@tracker All nodes finishes job
start listen on 10.110.42.71:59627
@tracker All of 1 nodes getting started
@tracker All nodes finishes job
start listen on 10.110.42.71:47423
@tracker All of 1 nodes getting started
@tracker All nodes finishes job
Trial 862 finished with value: 0.9746666666666667 and parameters: {'tree_method': 'gpu_hist', 'lambda': 1.4274561352454143, 'alpha': 0.0069078893095357585, 'colsample_bytree': 0.40984836448669815, 'subsample': 0.7856053884596707, 'learning_rate': 0.0792190348449975, 'max_depth': 3, 'min_child_weight': 1, 'eval_metric': 'logloss'}. Best is trial 425 with value: 0.9801333333333333.
start listen on 10.110.42.71:53539
@tracker All of 1 nodes getting started
@tracker All nodes finishes job
start listen on 10.110.42.71:45939
@tracker All of 1 nodes getting started
@tracker All nodes finishes job
start listen on 10.110.42.71:40637
@tracker All of 1 nodes getting started
@tracker All nodes finishes job
start listen on 10.110.42.71:38513
@tracker All of 1 nodes getting started
@tracker All nodes finishes job
start listen on 10.110.42.71:56129
@tracker All of 1 nodes getting started
@tracker All nodes finishes job
Trial 863 finished with value: 0.9434 and parameters: {'tree_method': 'gpu_hist', 'lambda': 0.9336732800461424, 'alpha': 0.06160458666126275, 'colsample_bytree': 0.4466627254269575, 'subsample': 0.8781709391716553, 'learning_rate': 0.004135832224661506, 'max_depth': 5, 'min_child_weight': 11, 'eval_metric': 'logloss'}. Best is trial 425 with value: 0.9801333333333333.
start listen on 10.110.42.71:43601
@tracker All of 1 nodes getting started
@tracker All nodes finishes job
start listen on 10.110.42.71:41327
@tracker All of 1 nodes getting started
@tracker All nodes finishes job
start listen on 10.110.42.71:51793
@tracker All of 1 nodes getting started
@tracker All nodes finishes job
start listen on 10.110.42.71:48211
@tracker All of 1 nodes getting started
@tracker All nodes finishes job
start listen on 10.110.42.71:52031
@tracker All of 1 nodes getting started
@tracker All nodes finishes job
Trial 864 finished with value: 0.9775166666666667 and parameters: {'tree_method': 'gpu_hist', 'lambda': 0.6599238396218328, 'alpha': 0.0109750810260806, 'colsample_bytree': 0.4319608276855653, 'subsample': 0.8670653290333793, 'learning_rate': 0.09999972297682932, 'max_depth': 15, 'min_child_weight': 6, 'eval_metric': 'logloss'}. Best is trial 425 with value: 0.9801333333333333.
start listen on 10.110.42.71:40523
@tracker All of 1 nodes getting started
@tracker All nodes finishes job
start listen on 10.110.42.71:37969
@tracker All of 1 nodes getting started
@tracker All nodes finishes job
start listen on 10.110.42.71:53891
@tracker All of 1 nodes getting started
@tracker All nodes finishes job
start listen on 10.110.42.71:47837
@tracker All of 1 nodes getting started
@tracker All nodes finishes job
start listen on 10.110.42.71:58355
@tracker All of 1 nodes getting started
@tracker All nodes finishes job
Trial 865 finished with value: 0.97645 and parameters: {'tree_method': 'gpu_hist', 'lambda': 2.8145017771122096, 'alpha': 0.034463875100365096, 'colsample_bytree': 0.47779417748967534, 'subsample': 0.9144672406840325, 'learning_rate': 0.08863666725291418, 'max_depth': 5, 'min_child_weight': 16, 'eval_metric': 'logloss'}. Best is trial 425 with value: 0.9801333333333333.
start listen on 10.110.42.71:44443
@tracker All of 1 nodes getting started
@tracker All nodes finishes job
start listen on 10.110.42.71:50099
@tracker All of 1 nodes getting started
@tracker All nodes finishes job
start listen on 10.110.42.71:44931
@tracker All of 1 nodes getting started
@tracker All nodes finishes job
start listen on 10.110.42.71:33935
@tracker All of 1 nodes getting started
@tracker All nodes finishes job
start listen on 10.110.42.71:35101
@tracker All of 1 nodes getting started
@tracker All nodes finishes job
Trial 866 finished with value: 0.9756 and parameters: {'tree_method': 'gpu_hist', 'lambda': 0.7869797720338347, 'alpha': 0.00899651584076357, 'colsample_bytree': 0.4338357396689197, 'subsample': 0.8818298640096514, 'learning_rate': 0.08447823989335175, 'max_depth': 5, 'min_child_weight': 28, 'eval_metric': 'logloss'}. Best is trial 425 with value: 0.9801333333333333.
start listen on 10.110.42.71:42879
@tracker All of 1 nodes getting started
@tracker All nodes finishes job
start listen on 10.110.42.71:34279
@tracker All of 1 nodes getting started
@tracker All nodes finishes job
start listen on 10.110.42.71:33375
@tracker All of 1 nodes getting started
@tracker All nodes finishes job
start listen on 10.110.42.71:51911
@tracker All of 1 nodes getting started
@tracker All nodes finishes job
start listen on 10.110.42.71:34291
@tracker All of 1 nodes getting started
@tracker All nodes finishes job
Trial 867 finished with value: 0.9672833333333334 and parameters: {'tree_method': 'gpu_hist', 'lambda': 0.3948088325831792, 'alpha': 0.02102058228470048, 'colsample_bytree': 0.4548073636364044, 'subsample': 0.9006069015859081, 'learning_rate': 0.09270738207832711, 'max_depth': 5, 'min_child_weight': 113, 'eval_metric': 'logloss'}. Best is trial 425 with value: 0.9801333333333333.
start listen on 10.110.42.71:54883
@tracker All of 1 nodes getting started
@tracker All nodes finishes job
start listen on 10.110.42.71:34417
@tracker All of 1 nodes getting started
@tracker All nodes finishes job
start listen on 10.110.42.71:43877
@tracker All of 1 nodes getting started
@tracker All nodes finishes job
start listen on 10.110.42.71:51751
@tracker All of 1 nodes getting started
@tracker All nodes finishes job
start listen on 10.110.42.71:47059
@tracker All of 1 nodes getting started
@tracker All nodes finishes job
Trial 868 finished with value: 0.90035 and parameters: {'tree_method': 'gpu_hist', 'lambda': 0.9727299457745884, 'alpha': 0.013330886150812847, 'colsample_bytree': 0.4258065184067221, 'subsample': 0.8479485032959574, 'learning_rate': 0.003369091031869806, 'max_depth': 5, 'min_child_weight': 234, 'eval_metric': 'logloss'}. Best is trial 425 with value: 0.9801333333333333.
start listen on 10.110.42.71:55669
@tracker All of 1 nodes getting started
@tracker All nodes finishes job
start listen on 10.110.42.71:42347
@tracker All of 1 nodes getting started
@tracker All nodes finishes job
start listen on 10.110.42.71:41821
@tracker All of 1 nodes getting started
@tracker All nodes finishes job
start listen on 10.110.42.71:42021
@tracker All of 1 nodes getting started
@tracker All nodes finishes job
start listen on 10.110.42.71:59015
@tracker All of 1 nodes getting started
@tracker All nodes finishes job
