Trial 1013 finished with value: 0.9776666666666667 and parameters: {'tree_method': 'gpu_hist', 'lambda': 0.5127151535727479, 'alpha': 0.003540655872729542, 'colsample_bytree': 0.4752352085982403, 'subsample': 0.8860320682636887, 'learning_rate': 0.0931040404922302, 'max_depth': 5, 'min_child_weight': 7, 'eval_metric': 'logloss'}. Best is trial 425 with value: 0.9801333333333333.
start listen on 10.110.42.71:33681
@tracker All of 1 nodes getting started
@tracker All nodes finishes job
start listen on 10.110.42.71:35117
@tracker All of 1 nodes getting started
@tracker All nodes finishes job
start listen on 10.110.42.71:60761
@tracker All of 1 nodes getting started
@tracker All nodes finishes job
start listen on 10.110.42.71:36333
@tracker All of 1 nodes getting started
@tracker All nodes finishes job
start listen on 10.110.42.71:45397
@tracker All of 1 nodes getting started
@tracker All nodes finishes job
Trial 1014 finished with value: 0.9716833333333333 and parameters: {'tree_method': 'gpu_hist', 'lambda': 0.6602254065091315, 'alpha': 0.015867086598732046, 'colsample_bytree': 0.46032009705060206, 'subsample': 0.8750453739975204, 'learning_rate': 0.011946364711683968, 'max_depth': 7, 'min_child_weight': 15, 'eval_metric': 'logloss'}. Best is trial 425 with value: 0.9801333333333333.
start listen on 10.110.42.71:58929
@tracker All of 1 nodes getting started
@tracker All nodes finishes job
start listen on 10.110.42.71:47351
@tracker All of 1 nodes getting started
@tracker All nodes finishes job
start listen on 10.110.42.71:50061
@tracker All of 1 nodes getting started
@tracker All nodes finishes job
start listen on 10.110.42.71:58643
@tracker All of 1 nodes getting started
@tracker All nodes finishes job
start listen on 10.110.42.71:50763
@tracker All of 1 nodes getting started
@tracker All nodes finishes job
Trial 1015 finished with value: 0.9795 and parameters: {'tree_method': 'gpu_hist', 'lambda': 0.81895828843922, 'alpha': 0.0519790219309633, 'colsample_bytree': 0.545917628779265, 'subsample': 0.8944782531763206, 'learning_rate': 0.09232228788888396, 'max_depth': 5, 'min_child_weight': 1, 'eval_metric': 'logloss'}. Best is trial 425 with value: 0.9801333333333333.
start listen on 10.110.42.71:55567
@tracker All of 1 nodes getting started
@tracker All nodes finishes job
start listen on 10.110.42.71:50311
@tracker All of 1 nodes getting started
@tracker All nodes finishes job
start listen on 10.110.42.71:40051
@tracker All of 1 nodes getting started
@tracker All nodes finishes job
start listen on 10.110.42.71:53019
@tracker All of 1 nodes getting started
@tracker All nodes finishes job
start listen on 10.110.42.71:33443
@tracker All of 1 nodes getting started
@tracker All nodes finishes job
Trial 1016 finished with value: 0.9769666666666666 and parameters: {'tree_method': 'gpu_hist', 'lambda': 0.26655674223012676, 'alpha': 0.024106411554480383, 'colsample_bytree': 0.3753264363614516, 'subsample': 0.9288968150931074, 'learning_rate': 0.07532391887052374, 'max_depth': 5, 'min_child_weight': 11, 'eval_metric': 'logloss'}. Best is trial 425 with value: 0.9801333333333333.
start listen on 10.110.42.71:41211
@tracker All of 1 nodes getting started
@tracker All nodes finishes job
start listen on 10.110.42.71:43381
@tracker All of 1 nodes getting started
@tracker All nodes finishes job
start listen on 10.110.42.71:52945
@tracker All of 1 nodes getting started
@tracker All nodes finishes job
start listen on 10.110.42.71:54451
@tracker All of 1 nodes getting started
@tracker All nodes finishes job
start listen on 10.110.42.71:51349
@tracker All of 1 nodes getting started
@tracker All nodes finishes job
Trial 1017 finished with value: 0.9780833333333333 and parameters: {'tree_method': 'gpu_hist', 'lambda': 0.053776383625003484, 'alpha': 0.013261984974909557, 'colsample_bytree': 0.3179784835480516, 'subsample': 0.9079472385313508, 'learning_rate': 0.04525780493434489, 'max_depth': 9, 'min_child_weight': 6, 'eval_metric': 'logloss'}. Best is trial 425 with value: 0.9801333333333333.
start listen on 10.110.42.71:50111
@tracker All of 1 nodes getting started
@tracker All nodes finishes job
start listen on 10.110.42.71:60915
@tracker All of 1 nodes getting started
@tracker All nodes finishes job
start listen on 10.110.42.71:37193
@tracker All of 1 nodes getting started
@tracker All nodes finishes job
start listen on 10.110.42.71:45769
@tracker All of 1 nodes getting started
@tracker All nodes finishes job
start listen on 10.110.42.71:57091
@tracker All of 1 nodes getting started
@tracker All nodes finishes job
Trial 1018 finished with value: 0.9762 and parameters: {'tree_method': 'gpu_hist', 'lambda': 0.0819124924026606, 'alpha': 0.01856559003192591, 'colsample_bytree': 0.826590959204851, 'subsample': 0.9220391119206309, 'learning_rate': 0.08470113882423932, 'max_depth': 5, 'min_child_weight': 20, 'eval_metric': 'logloss'}. Best is trial 425 with value: 0.9801333333333333.
start listen on 10.110.42.71:51081
@tracker All of 1 nodes getting started
@tracker All nodes finishes job
start listen on 10.110.42.71:36289
@tracker All of 1 nodes getting started
@tracker All nodes finishes job
start listen on 10.110.42.71:57495
@tracker All of 1 nodes getting started
@tracker All nodes finishes job
start listen on 10.110.42.71:56807
@tracker All of 1 nodes getting started
@tracker All nodes finishes job
start listen on 10.110.42.71:49459
@tracker All of 1 nodes getting started
@tracker All nodes finishes job
Trial 1019 finished with value: 0.9731166666666666 and parameters: {'tree_method': 'gpu_hist', 'lambda': 0.531953952972764, 'alpha': 0.014907836292926873, 'colsample_bytree': 0.4962998495017221, 'subsample': 0.8838220528047729, 'learning_rate': 0.010378228446795782, 'max_depth': 11, 'min_child_weight': 1, 'eval_metric': 'logloss'}. Best is trial 425 with value: 0.9801333333333333.
start listen on 10.110.42.71:53689
@tracker All of 1 nodes getting started
@tracker All nodes finishes job
start listen on 10.110.42.71:39621
@tracker All of 1 nodes getting started
@tracker All nodes finishes job
start listen on 10.110.42.71:46483
@tracker All of 1 nodes getting started
@tracker All nodes finishes job
start listen on 10.110.42.71:60243
@tracker All of 1 nodes getting started
@tracker All nodes finishes job
start listen on 10.110.42.71:51251
@tracker All of 1 nodes getting started
@tracker All nodes finishes job
Trial 1020 finished with value: 0.97755 and parameters: {'tree_method': 'gpu_hist', 'lambda': 0.0642748046220819, 'alpha': 0.04488056870800894, 'colsample_bytree': 0.44556104890849463, 'subsample': 0.8692771524042042, 'learning_rate': 0.09998245822461235, 'max_depth': 5, 'min_child_weight': 10, 'eval_metric': 'logloss'}. Best is trial 425 with value: 0.9801333333333333.
start listen on 10.110.42.71:50431
@tracker All of 1 nodes getting started
@tracker All nodes finishes job
start listen on 10.110.42.71:41145
@tracker All of 1 nodes getting started
@tracker All nodes finishes job
start listen on 10.110.42.71:41819
@tracker All of 1 nodes getting started
@tracker All nodes finishes job
start listen on 10.110.42.71:36211
@tracker All of 1 nodes getting started
@tracker All nodes finishes job
start listen on 10.110.42.71:51493
@tracker All of 1 nodes getting started
@tracker All nodes finishes job
Trial 1021 finished with value: 0.9747666666666667 and parameters: {'tree_method': 'gpu_hist', 'lambda': 0.7115959160336117, 'alpha': 0.027282387477245606, 'colsample_bytree': 0.47909721385196197, 'subsample': 0.8906626226329888, 'learning_rate': 0.09023108984790719, 'max_depth': 3, 'min_child_weight': 6, 'eval_metric': 'logloss'}. Best is trial 425 with value: 0.9801333333333333.
start listen on 10.110.42.71:46651
@tracker All of 1 nodes getting started
@tracker All nodes finishes job
start listen on 10.110.42.71:55521
@tracker All of 1 nodes getting started
@tracker All nodes finishes job
start listen on 10.110.42.71:49915
@tracker All of 1 nodes getting started
@tracker All nodes finishes job
start listen on 10.110.42.71:43443
@tracker All of 1 nodes getting started
@tracker All nodes finishes job
start listen on 10.110.42.71:33585
@tracker All of 1 nodes getting started
@tracker All nodes finishes job
Trial 1022 finished with value: 0.9762333333333333 and parameters: {'tree_method': 'gpu_hist', 'lambda': 1.1563932299545545, 'alpha': 0.008247317670242761, 'colsample_bytree': 0.4271840411355247, 'subsample': 0.9607528837869457, 'learning_rate': 0.0721171480532731, 'max_depth': 5, 'min_child_weight': 16, 'eval_metric': 'logloss'}. Best is trial 425 with value: 0.9801333333333333.
start listen on 10.110.42.71:45067
@tracker All of 1 nodes getting started
@tracker All nodes finishes job
start listen on 10.110.42.71:36839
@tracker All of 1 nodes getting started
@tracker All nodes finishes job
start listen on 10.110.42.71:51071
@tracker All of 1 nodes getting started
@tracker All nodes finishes job
start listen on 10.110.42.71:56791
@tracker All of 1 nodes getting started
@tracker All nodes finishes job
start listen on 10.110.42.71:46937
@tracker All of 1 nodes getting started
@tracker All nodes finishes job
Trial 1023 finished with value: 0.97975 and parameters: {'tree_method': 'gpu_hist', 'lambda': 0.9194551012779093, 'alpha': 0.036157258199043724, 'colsample_bytree': 0.508249611857386, 'subsample': 0.838962875414284, 'learning_rate': 0.08092408921684366, 'max_depth': 5, 'min_child_weight': 1, 'eval_metric': 'logloss'}. Best is trial 425 with value: 0.9801333333333333.
start listen on 10.110.42.71:44783
@tracker All of 1 nodes getting started
@tracker All nodes finishes job
start listen on 10.110.42.71:48645
@tracker All of 1 nodes getting started
@tracker All nodes finishes job
start listen on 10.110.42.71:52873
@tracker All of 1 nodes getting started
@tracker All nodes finishes job
start listen on 10.110.42.71:50511
@tracker All of 1 nodes getting started
@tracker All nodes finishes job
start listen on 10.110.42.71:53539
@tracker All of 1 nodes getting started
@tracker All nodes finishes job
Trial 1024 finished with value: 0.9772833333333333 and parameters: {'tree_method': 'gpu_hist', 'lambda': 0.09447609059360203, 'alpha': 0.014213921110653959, 'colsample_bytree': 0.46462510658487166, 'subsample': 0.9066799727495877, 'learning_rate': 0.08997402713034616, 'max_depth': 5, 'min_child_weight': 11, 'eval_metric': 'logloss'}. Best is trial 425 with value: 0.9801333333333333.
start listen on 10.110.42.71:50261
@tracker All of 1 nodes getting started
@tracker All nodes finishes job
start listen on 10.110.42.71:36077
@tracker All of 1 nodes getting started
@tracker All nodes finishes job
start listen on 10.110.42.71:52905
@tracker All of 1 nodes getting started
@tracker All nodes finishes job
start listen on 10.110.42.71:37011
@tracker All of 1 nodes getting started
@tracker All nodes finishes job
start listen on 10.110.42.71:51795
@tracker All of 1 nodes getting started
@tracker All nodes finishes job
Trial 1025 finished with value: 0.9775 and parameters: {'tree_method': 'gpu_hist', 'lambda': 0.07045349535744076, 'alpha': 0.01658862884129197, 'colsample_bytree': 0.4437873786067952, 'subsample': 0.8733807537556609, 'learning_rate': 0.09268642324087677, 'max_depth': 15, 'min_child_weight': 6, 'eval_metric': 'logloss'}. Best is trial 425 with value: 0.9801333333333333.
start listen on 10.110.42.71:33887
@tracker All of 1 nodes getting started
@tracker All nodes finishes job
start listen on 10.110.42.71:39909
@tracker All of 1 nodes getting started
@tracker All nodes finishes job
start listen on 10.110.42.71:39733
@tracker All of 1 nodes getting started
@tracker All nodes finishes job
start listen on 10.110.42.71:51367
@tracker All of 1 nodes getting started
@tracker All nodes finishes job
start listen on 10.110.42.71:47061
@tracker All of 1 nodes getting started
@tracker All nodes finishes job
Trial 1026 finished with value: 0.9795833333333334 and parameters: {'tree_method': 'gpu_hist', 'lambda': 0.355908710873345, 'alpha': 0.011805223598009982, 'colsample_bytree': 0.4474008603512217, 'subsample': 0.8968538760122585, 'learning_rate': 0.08283117071455029, 'max_depth': 5, 'min_child_weight': 1, 'eval_metric': 'logloss'}. Best is trial 425 with value: 0.9801333333333333.
start listen on 10.110.42.71:59595
@tracker All of 1 nodes getting started
@tracker All nodes finishes job
start listen on 10.110.42.71:49279
@tracker All of 1 nodes getting started
@tracker All nodes finishes job
start listen on 10.110.42.71:55173
@tracker All of 1 nodes getting started
@tracker All nodes finishes job
start listen on 10.110.42.71:41719
@tracker All of 1 nodes getting started
@tracker All nodes finishes job
start listen on 10.110.42.71:44775
@tracker All of 1 nodes getting started
@tracker All nodes finishes job
Trial 1027 finished with value: 0.9742833333333333 and parameters: {'tree_method': 'gpu_hist', 'lambda': 0.03728014810840989, 'alpha': 0.02055718421793675, 'colsample_bytree': 0.3834465809082121, 'subsample': 0.9129119719726865, 'learning_rate': 0.07611652107903973, 'max_depth': 5, 'min_child_weight': 39, 'eval_metric': 'logloss'}. Best is trial 425 with value: 0.9801333333333333.
start listen on 10.110.42.71:44303
@tracker All of 1 nodes getting started
@tracker All nodes finishes job
start listen on 10.110.42.71:54697
@tracker All of 1 nodes getting started
@tracker All nodes finishes job
start listen on 10.110.42.71:50359
@tracker All of 1 nodes getting started
@tracker All nodes finishes job
start listen on 10.110.42.71:59603
@tracker All of 1 nodes getting started
@tracker All nodes finishes job
start listen on 10.110.42.71:54045
@tracker All of 1 nodes getting started
@tracker All nodes finishes job
Trial 1028 finished with value: 0.9774 and parameters: {'tree_method': 'gpu_hist', 'lambda': 0.9687259352811508, 'alpha': 0.00911139372616724, 'colsample_bytree': 0.4148134641139714, 'subsample': 0.9413880836298983, 'learning_rate': 0.06734686803032058, 'max_depth': 5, 'min_child_weight': 11, 'eval_metric': 'logloss'}. Best is trial 425 with value: 0.9801333333333333.
start listen on 10.110.42.71:53251
@tracker All of 1 nodes getting started
@tracker All nodes finishes job
start listen on 10.110.42.71:55937
@tracker All of 1 nodes getting started
@tracker All nodes finishes job
start listen on 10.110.42.71:45509
@tracker All of 1 nodes getting started
@tracker All nodes finishes job
start listen on 10.110.42.71:46863
@tracker All of 1 nodes getting started
@tracker All nodes finishes job
start listen on 10.110.42.71:36775
@tracker All of 1 nodes getting started
@tracker All nodes finishes job
Trial 1029 finished with value: 0.9780166666666666 and parameters: {'tree_method': 'gpu_hist', 'lambda': 2.5050541125187213, 'alpha': 0.024609436611031585, 'colsample_bytree': 0.39311410273007874, 'subsample': 0.9237382028379031, 'learning_rate': 0.07961443047265135, 'max_depth': 13, 'min_child_weight': 6, 'eval_metric': 'logloss'}. Best is trial 425 with value: 0.9801333333333333.
start listen on 10.110.42.71:57763
@tracker All of 1 nodes getting started
@tracker All nodes finishes job
start listen on 10.110.42.71:34451
@tracker All of 1 nodes getting started
@tracker All nodes finishes job
start listen on 10.110.42.71:39857
@tracker All of 1 nodes getting started
@tracker All nodes finishes job
start listen on 10.110.42.71:35285
@tracker All of 1 nodes getting started
@tracker All nodes finishes job
start listen on 10.110.42.71:34409
@tracker All of 1 nodes getting started
@tracker All nodes finishes job
Trial 1030 finished with value: 0.9759 and parameters: {'tree_method': 'gpu_hist', 'lambda': 0.11683175237395743, 'alpha': 0.2970890768761672, 'colsample_bytree': 0.9194566069529362, 'subsample': 0.8812688471029162, 'learning_rate': 0.09985533382742266, 'max_depth': 5, 'min_child_weight': 19, 'eval_metric': 'logloss'}. Best is trial 425 with value: 0.9801333333333333.
start listen on 10.110.42.71:54763
@tracker All of 1 nodes getting started
@tracker All nodes finishes job
start listen on 10.110.42.71:37249
@tracker All of 1 nodes getting started
@tracker All nodes finishes job
start listen on 10.110.42.71:34545
@tracker All of 1 nodes getting started
@tracker All nodes finishes job
start listen on 10.110.42.71:54219
@tracker All of 1 nodes getting started
@tracker All nodes finishes job
start listen on 10.110.42.71:48169
@tracker All of 1 nodes getting started
@tracker All nodes finishes job
Trial 1031 finished with value: 0.9592333333333334 and parameters: {'tree_method': 'gpu_hist', 'lambda': 1.2037826073992517, 'alpha': 0.009937375469377546, 'colsample_bytree': 0.42504777161451235, 'subsample': 0.8582493148427782, 'learning_rate': 0.06806514662152961, 'max_depth': 5, 'min_child_weight': 183, 'eval_metric': 'logloss'}. Best is trial 425 with value: 0.9801333333333333.
start listen on 10.110.42.71:53973
@tracker All of 1 nodes getting started
@tracker All nodes finishes job
start listen on 10.110.42.71:38591
@tracker All of 1 nodes getting started
@tracker All nodes finishes job
start listen on 10.110.42.71:40323
@tracker All of 1 nodes getting started
@tracker All nodes finishes job
start listen on 10.110.42.71:45421
@tracker All of 1 nodes getting started
@tracker All nodes finishes job
start listen on 10.110.42.71:60977
@tracker All of 1 nodes getting started
@tracker All nodes finishes job
Trial 1032 finished with value: 0.97775 and parameters: {'tree_method': 'gpu_hist', 'lambda': 0.05134953297489382, 'alpha': 0.011683036486152246, 'colsample_bytree': 0.40421320103598024, 'subsample': 0.6289516517262176, 'learning_rate': 0.06100567096208866, 'max_depth': 5, 'min_child_weight': 6, 'eval_metric': 'logloss'}. Best is trial 425 with value: 0.9801333333333333.
start listen on 10.110.42.71:34001
@tracker All of 1 nodes getting started
@tracker All nodes finishes job
start listen on 10.110.42.71:47701
@tracker All of 1 nodes getting started
@tracker All nodes finishes job
start listen on 10.110.42.71:41763
@tracker All of 1 nodes getting started
@tracker All nodes finishes job
start listen on 10.110.42.71:43289
@tracker All of 1 nodes getting started
@tracker All nodes finishes job
start listen on 10.110.42.71:49361
@tracker All of 1 nodes getting started
@tracker All nodes finishes job
Trial 1033 finished with value: 0.9795 and parameters: {'tree_method': 'gpu_hist', 'lambda': 0.6231005921341116, 'alpha': 0.03187991963511854, 'colsample_bytree': 0.7860391293643811, 'subsample': 0.8986150934035856, 'learning_rate': 0.08674069927502322, 'max_depth': 5, 'min_child_weight': 1, 'eval_metric': 'logloss'}. Best is trial 425 with value: 0.9801333333333333.
start listen on 10.110.42.71:49029
@tracker All of 1 nodes getting started
@tracker All nodes finishes job
start listen on 10.110.42.71:55465
@tracker All of 1 nodes getting started
@tracker All nodes finishes job
start listen on 10.110.42.71:51117
@tracker All of 1 nodes getting started
@tracker All nodes finishes job
start listen on 10.110.42.71:45657
@tracker All of 1 nodes getting started
@tracker All nodes finishes job
start listen on 10.110.42.71:48537
@tracker All of 1 nodes getting started
@tracker All nodes finishes job
Trial 1034 finished with value: 0.9770833333333333 and parameters: {'tree_method': 'gpu_hist', 'lambda': 0.7871649113862773, 'alpha': 0.015778971517372876, 'colsample_bytree': 0.46594959195132113, 'subsample': 0.8676793668568414, 'learning_rate': 0.09085036620914852, 'max_depth': 5, 'min_child_weight': 12, 'eval_metric': 'logloss'}. Best is trial 425 with value: 0.9801333333333333.
start listen on 10.110.42.71:55029
@tracker All of 1 nodes getting started
@tracker All nodes finishes job
start listen on 10.110.42.71:42039
@tracker All of 1 nodes getting started
@tracker All nodes finishes job
start listen on 10.110.42.71:57487
@tracker All of 1 nodes getting started
@tracker All nodes finishes job
start listen on 10.110.42.71:33935
@tracker All of 1 nodes getting started
@tracker All nodes finishes job
start listen on 10.110.42.71:42007
@tracker All of 1 nodes getting started
@tracker All nodes finishes job
Trial 1035 finished with value: 0.9780166666666666 and parameters: {'tree_method': 'gpu_hist', 'lambda': 2.007340503555475, 'alpha': 0.019440722644230874, 'colsample_bytree': 0.37266164006401237, 'subsample': 0.6515013255261819, 'learning_rate': 0.07480726190030391, 'max_depth': 5, 'min_child_weight': 7, 'eval_metric': 'logloss'}. Best is trial 425 with value: 0.9801333333333333.
start listen on 10.110.42.71:52129
@tracker All of 1 nodes getting started
@tracker All nodes finishes job
start listen on 10.110.42.71:52081
@tracker All of 1 nodes getting started
@tracker All nodes finishes job
start listen on 10.110.42.71:36665
@tracker All of 1 nodes getting started
@tracker All nodes finishes job
start listen on 10.110.42.71:36497
@tracker All of 1 nodes getting started
@tracker All nodes finishes job
start listen on 10.110.42.71:57025
@tracker All of 1 nodes getting started
@tracker All nodes finishes job
Trial 1036 finished with value: 0.9796166666666667 and parameters: {'tree_method': 'gpu_hist', 'lambda': 0.08737252985150697, 'alpha': 0.017913478869600496, 'colsample_bytree': 0.3601239299571522, 'subsample': 0.9100514241893296, 'learning_rate': 0.08338065027312895, 'max_depth': 5, 'min_child_weight': 1, 'eval_metric': 'logloss'}. Best is trial 425 with value: 0.9801333333333333.
start listen on 10.110.42.71:47961
@tracker All of 1 nodes getting started
@tracker All nodes finishes job
start listen on 10.110.42.71:57547
@tracker All of 1 nodes getting started
@tracker All nodes finishes job
start listen on 10.110.42.71:33277
@tracker All of 1 nodes getting started
@tracker All nodes finishes job
start listen on 10.110.42.71:49411
@tracker All of 1 nodes getting started
@tracker All nodes finishes job
start listen on 10.110.42.71:51449
@tracker All of 1 nodes getting started
@tracker All nodes finishes job
