Trial 1061 finished with value: 0.9760833333333333 and parameters: {'tree_method': 'gpu_hist', 'lambda': 0.07992075007092601, 'alpha': 0.020139647918106615, 'colsample_bytree': 0.40893435441215964, 'subsample': 0.5903248903106607, 'learning_rate': 0.07882217553807834, 'max_depth': 5, 'min_child_weight': 15, 'eval_metric': 'logloss'}. Best is trial 425 with value: 0.9801333333333333.
start listen on 10.110.42.71:37963
@tracker All of 1 nodes getting started
@tracker All nodes finishes job
start listen on 10.110.42.71:35193
@tracker All of 1 nodes getting started
@tracker All nodes finishes job
start listen on 10.110.42.71:48915
@tracker All of 1 nodes getting started
@tracker All nodes finishes job
start listen on 10.110.42.71:52573
@tracker All of 1 nodes getting started
@tracker All nodes finishes job
start listen on 10.110.42.71:58855
@tracker All of 1 nodes getting started
@tracker All nodes finishes job
Trial 1062 finished with value: 0.9621 and parameters: {'tree_method': 'gpu_hist', 'lambda': 0.03064704800746852, 'alpha': 0.015108350050732314, 'colsample_bytree': 0.380774629208166, 'subsample': 0.9243544693297802, 'learning_rate': 0.0861671202721248, 'max_depth': 13, 'min_child_weight': 176, 'eval_metric': 'logloss'}. Best is trial 425 with value: 0.9801333333333333.
start listen on 10.110.42.71:45929
@tracker All of 1 nodes getting started
@tracker All nodes finishes job
start listen on 10.110.42.71:55205
@tracker All of 1 nodes getting started
@tracker All nodes finishes job
start listen on 10.110.42.71:49457
@tracker All of 1 nodes getting started
@tracker All nodes finishes job
start listen on 10.110.42.71:48441
@tracker All of 1 nodes getting started
@tracker All nodes finishes job
start listen on 10.110.42.71:32909
@tracker All of 1 nodes getting started
@tracker All nodes finishes job
Trial 1063 finished with value: 0.9794333333333334 and parameters: {'tree_method': 'gpu_hist', 'lambda': 1.2541981290581623, 'alpha': 0.010337720921360012, 'colsample_bytree': 0.4209115990964733, 'subsample': 0.8463383108211772, 'learning_rate': 0.06791536351703643, 'max_depth': 5, 'min_child_weight': 1, 'eval_metric': 'logloss'}. Best is trial 425 with value: 0.9801333333333333.
start listen on 10.110.42.71:37557
@tracker All of 1 nodes getting started
@tracker All nodes finishes job
start listen on 10.110.42.71:37051
@tracker All of 1 nodes getting started
@tracker All nodes finishes job
start listen on 10.110.42.71:41303
@tracker All of 1 nodes getting started
@tracker All nodes finishes job
start listen on 10.110.42.71:46671
@tracker All of 1 nodes getting started
@tracker All nodes finishes job
start listen on 10.110.42.71:58541
@tracker All of 1 nodes getting started
@tracker All nodes finishes job
Trial 1064 finished with value: 0.97705 and parameters: {'tree_method': 'gpu_hist', 'lambda': 0.9309895488914558, 'alpha': 0.007385163979009256, 'colsample_bytree': 0.42894715462235017, 'subsample': 0.833344901183727, 'learning_rate': 0.07178477027579623, 'max_depth': 5, 'min_child_weight': 10, 'eval_metric': 'logloss'}. Best is trial 425 with value: 0.9801333333333333.
start listen on 10.110.42.71:40147
@tracker All of 1 nodes getting started
@tracker All nodes finishes job
start listen on 10.110.42.71:52639
@tracker All of 1 nodes getting started
@tracker All nodes finishes job
start listen on 10.110.42.71:52085
@tracker All of 1 nodes getting started
@tracker All nodes finishes job
start listen on 10.110.42.71:39981
@tracker All of 1 nodes getting started
@tracker All nodes finishes job
start listen on 10.110.42.71:34027
@tracker All of 1 nodes getting started
@tracker All nodes finishes job
Trial 1065 finished with value: 0.9782666666666666 and parameters: {'tree_method': 'gpu_hist', 'lambda': 0.7307206507410834, 'alpha': 0.012094257542179677, 'colsample_bytree': 0.45487088759682803, 'subsample': 0.8816655613923176, 'learning_rate': 0.09232324380200292, 'max_depth': 5, 'min_child_weight': 6, 'eval_metric': 'logloss'}. Best is trial 425 with value: 0.9801333333333333.
start listen on 10.110.42.71:56019
@tracker All of 1 nodes getting started
@tracker All nodes finishes job
start listen on 10.110.42.71:48161
@tracker All of 1 nodes getting started
@tracker All nodes finishes job
start listen on 10.110.42.71:38745
@tracker All of 1 nodes getting started
@tracker All nodes finishes job
start listen on 10.110.42.71:52755
@tracker All of 1 nodes getting started
@tracker All nodes finishes job
start listen on 10.110.42.71:49175
@tracker All of 1 nodes getting started
@tracker All nodes finishes job
Trial 1066 finished with value: 0.9585666666666667 and parameters: {'tree_method': 'gpu_hist', 'lambda': 0.6070710594936025, 'alpha': 0.012813693075529535, 'colsample_bytree': 0.4785062576198267, 'subsample': 0.8943237001176109, 'learning_rate': 0.007541933576950899, 'max_depth': 5, 'min_child_weight': 1, 'eval_metric': 'logloss'}. Best is trial 425 with value: 0.9801333333333333.
start listen on 10.110.42.71:51981
@tracker All of 1 nodes getting started
@tracker All nodes finishes job
start listen on 10.110.42.71:34925
@tracker All of 1 nodes getting started
@tracker All nodes finishes job
start listen on 10.110.42.71:37253
@tracker All of 1 nodes getting started
@tracker All nodes finishes job
start listen on 10.110.42.71:44957
@tracker All of 1 nodes getting started
@tracker All nodes finishes job
start listen on 10.110.42.71:42989
@tracker All of 1 nodes getting started
@tracker All nodes finishes job
Trial 1067 finished with value: 0.9774333333333334 and parameters: {'tree_method': 'gpu_hist', 'lambda': 0.043243957323768324, 'alpha': 0.004057944502501203, 'colsample_bytree': 0.395513692358518, 'subsample': 0.9095215218493414, 'learning_rate': 0.07882842157032077, 'max_depth': 5, 'min_child_weight': 11, 'eval_metric': 'logloss'}. Best is trial 425 with value: 0.9801333333333333.
start listen on 10.110.42.71:42867
@tracker All of 1 nodes getting started
@tracker All nodes finishes job
start listen on 10.110.42.71:59703
@tracker All of 1 nodes getting started
@tracker All nodes finishes job
start listen on 10.110.42.71:59697
@tracker All of 1 nodes getting started
@tracker All nodes finishes job
start listen on 10.110.42.71:53747
@tracker All of 1 nodes getting started
@tracker All nodes finishes job
start listen on 10.110.42.71:45291
@tracker All of 1 nodes getting started
@tracker All nodes finishes job
Trial 1068 finished with value: 0.9762333333333333 and parameters: {'tree_method': 'gpu_hist', 'lambda': 0.9509077174047372, 'alpha': 0.008768546250569225, 'colsample_bytree': 0.4338203739710227, 'subsample': 0.8555767131998459, 'learning_rate': 0.07169943188503251, 'max_depth': 5, 'min_child_weight': 19, 'eval_metric': 'logloss'}. Best is trial 425 with value: 0.9801333333333333.
start listen on 10.110.42.71:40665
@tracker All of 1 nodes getting started
@tracker All nodes finishes job
start listen on 10.110.42.71:33895
@tracker All of 1 nodes getting started
@tracker All nodes finishes job
start listen on 10.110.42.71:39511
@tracker All of 1 nodes getting started
@tracker All nodes finishes job
start listen on 10.110.42.71:52263
@tracker All of 1 nodes getting started
@tracker All nodes finishes job
start listen on 10.110.42.71:51225
@tracker All of 1 nodes getting started
@tracker All nodes finishes job
Trial 1069 finished with value: 0.9778166666666667 and parameters: {'tree_method': 'gpu_hist', 'lambda': 0.05513370515214318, 'alpha': 0.010784291809621387, 'colsample_bytree': 0.4162629826506603, 'subsample': 0.9401735415985866, 'learning_rate': 0.061455632476673155, 'max_depth': 5, 'min_child_weight': 6, 'eval_metric': 'logloss'}. Best is trial 425 with value: 0.9801333333333333.
start listen on 10.110.42.71:32867
@tracker All of 1 nodes getting started
@tracker All nodes finishes job
start listen on 10.110.42.71:45919
@tracker All of 1 nodes getting started
@tracker All nodes finishes job
start listen on 10.110.42.71:33171
@tracker All of 1 nodes getting started
@tracker All nodes finishes job
start listen on 10.110.42.71:35797
@tracker All of 1 nodes getting started
@tracker All nodes finishes job
start listen on 10.110.42.71:35421
@tracker All of 1 nodes getting started
@tracker All nodes finishes job
Trial 1070 finished with value: 0.9795 and parameters: {'tree_method': 'gpu_hist', 'lambda': 0.5251383001276618, 'alpha': 0.08538153926039807, 'colsample_bytree': 0.44961208076543563, 'subsample': 0.8674827867746876, 'learning_rate': 0.09427795400048462, 'max_depth': 5, 'min_child_weight': 1, 'eval_metric': 'logloss'}. Best is trial 425 with value: 0.9801333333333333.
start listen on 10.110.42.71:56831
@tracker All of 1 nodes getting started
@tracker All nodes finishes job
start listen on 10.110.42.71:35279
@tracker All of 1 nodes getting started
@tracker All nodes finishes job
start listen on 10.110.42.71:60091
@tracker All of 1 nodes getting started
@tracker All nodes finishes job
start listen on 10.110.42.71:41019
@tracker All of 1 nodes getting started
@tracker All nodes finishes job
start listen on 10.110.42.71:58029
@tracker All of 1 nodes getting started
@tracker All nodes finishes job
Trial 1071 finished with value: 0.9771333333333333 and parameters: {'tree_method': 'gpu_hist', 'lambda': 1.1690227954360906, 'alpha': 0.00789989443812572, 'colsample_bytree': 0.4070394860147868, 'subsample': 0.9567243484039829, 'learning_rate': 0.049237376028007096, 'max_depth': 5, 'min_child_weight': 11, 'eval_metric': 'logloss'}. Best is trial 425 with value: 0.9801333333333333.
start listen on 10.110.42.71:45719
@tracker All of 1 nodes getting started
@tracker All nodes finishes job
start listen on 10.110.42.71:51453
@tracker All of 1 nodes getting started
@tracker All nodes finishes job
start listen on 10.110.42.71:53477
@tracker All of 1 nodes getting started
@tracker All nodes finishes job
start listen on 10.110.42.71:37871
@tracker All of 1 nodes getting started
@tracker All nodes finishes job
start listen on 10.110.42.71:48129
@tracker All of 1 nodes getting started
@tracker All nodes finishes job
Trial 1072 finished with value: 0.9771 and parameters: {'tree_method': 'gpu_hist', 'lambda': 0.09189024122003249, 'alpha': 0.01753608689019827, 'colsample_bytree': 0.3746502925849006, 'subsample': 0.9145965935804662, 'learning_rate': 0.09990982528859627, 'max_depth': 17, 'min_child_weight': 6, 'eval_metric': 'logloss'}. Best is trial 425 with value: 0.9801333333333333.
start listen on 10.110.42.71:42419
@tracker All of 1 nodes getting started
@tracker All nodes finishes job
start listen on 10.110.42.71:44237
@tracker All of 1 nodes getting started
@tracker All nodes finishes job
start listen on 10.110.42.71:52167
@tracker All of 1 nodes getting started
@tracker All nodes finishes job
start listen on 10.110.42.71:35193
@tracker All of 1 nodes getting started
@tracker All nodes finishes job
start listen on 10.110.42.71:45145
@tracker All of 1 nodes getting started
@tracker All nodes finishes job
Trial 1073 finished with value: 0.9768833333333333 and parameters: {'tree_method': 'gpu_hist', 'lambda': 0.06495586176461307, 'alpha': 0.025546819779124735, 'colsample_bytree': 0.3523591199168342, 'subsample': 0.8971862366406985, 'learning_rate': 0.08546872786597015, 'max_depth': 7, 'min_child_weight': 17, 'eval_metric': 'logloss'}. Best is trial 425 with value: 0.9801333333333333.
start listen on 10.110.42.71:56223
@tracker All of 1 nodes getting started
@tracker All nodes finishes job
start listen on 10.110.42.71:42233
@tracker All of 1 nodes getting started
@tracker All nodes finishes job
start listen on 10.110.42.71:47799
@tracker All of 1 nodes getting started
@tracker All nodes finishes job
start listen on 10.110.42.71:43195
@tracker All of 1 nodes getting started
@tracker All nodes finishes job
start listen on 10.110.42.71:57261
@tracker All of 1 nodes getting started
@tracker All nodes finishes job
Trial 1074 finished with value: 0.9768666666666667 and parameters: {'tree_method': 'gpu_hist', 'lambda': 0.12969515643069204, 'alpha': 0.03338426679552593, 'colsample_bytree': 0.47017167572847096, 'subsample': 0.8824152199662443, 'learning_rate': 0.09210881068224334, 'max_depth': 20, 'min_child_weight': 1, 'eval_metric': 'logloss'}. Best is trial 425 with value: 0.9801333333333333.
start listen on 10.110.42.71:36665
@tracker All of 1 nodes getting started
@tracker All nodes finishes job
start listen on 10.110.42.71:34491
@tracker All of 1 nodes getting started
@tracker All nodes finishes job
start listen on 10.110.42.71:42787
@tracker All of 1 nodes getting started
@tracker All nodes finishes job
start listen on 10.110.42.71:35749
@tracker All of 1 nodes getting started
@tracker All nodes finishes job
start listen on 10.110.42.71:51025
@tracker All of 1 nodes getting started
@tracker All nodes finishes job
Trial 1075 finished with value: 0.9783666666666667 and parameters: {'tree_method': 'gpu_hist', 'lambda': 0.8352912133714173, 'alpha': 0.01082626854484594, 'colsample_bytree': 0.4362900811945994, 'subsample': 0.8655952883958633, 'learning_rate': 0.07479125910206869, 'max_depth': 5, 'min_child_weight': 7, 'eval_metric': 'logloss'}. Best is trial 425 with value: 0.9801333333333333.
start listen on 10.110.42.71:47783
@tracker All of 1 nodes getting started
@tracker All nodes finishes job
start listen on 10.110.42.71:57019
@tracker All of 1 nodes getting started
@tracker All nodes finishes job
start listen on 10.110.42.71:53801
@tracker All of 1 nodes getting started
@tracker All nodes finishes job
start listen on 10.110.42.71:46443
@tracker All of 1 nodes getting started
@tracker All nodes finishes job
start listen on 10.110.42.71:59951
@tracker All of 1 nodes getting started
@tracker All nodes finishes job
Trial 1076 finished with value: 0.9768 and parameters: {'tree_method': 'gpu_hist', 'lambda': 0.17641150345608872, 'alpha': 0.009160636421083867, 'colsample_bytree': 0.42160571550108145, 'subsample': 0.8488212192860938, 'learning_rate': 0.07776517965060342, 'max_depth': 5, 'min_child_weight': 13, 'eval_metric': 'logloss'}. Best is trial 425 with value: 0.9801333333333333.
start listen on 10.110.42.71:39497
@tracker All of 1 nodes getting started
@tracker All nodes finishes job
start listen on 10.110.42.71:47593
@tracker All of 1 nodes getting started
@tracker All nodes finishes job
start listen on 10.110.42.71:40761
@tracker All of 1 nodes getting started
@tracker All nodes finishes job
start listen on 10.110.42.71:59851
@tracker All of 1 nodes getting started
@tracker All nodes finishes job
start listen on 10.110.42.71:55115
@tracker All of 1 nodes getting started
@tracker All nodes finishes job
Trial 1077 finished with value: 0.9756333333333334 and parameters: {'tree_method': 'gpu_hist', 'lambda': 0.06967678184780597, 'alpha': 0.021685983334613048, 'colsample_bytree': 0.3846434905821205, 'subsample': 0.9288617170422558, 'learning_rate': 0.0855030755150456, 'max_depth': 5, 'min_child_weight': 29, 'eval_metric': 'logloss'}. Best is trial 425 with value: 0.9801333333333333.
start listen on 10.110.42.71:60621
@tracker All of 1 nodes getting started
@tracker All nodes finishes job
start listen on 10.110.42.71:49559
@tracker All of 1 nodes getting started
@tracker All nodes finishes job
start listen on 10.110.42.71:45479
@tracker All of 1 nodes getting started
@tracker All nodes finishes job
start listen on 10.110.42.71:36607
@tracker All of 1 nodes getting started
@tracker All nodes finishes job
start listen on 10.110.42.71:34667
@tracker All of 1 nodes getting started
@tracker All nodes finishes job
Trial 1078 finished with value: 0.9785666666666667 and parameters: {'tree_method': 'gpu_hist', 'lambda': 0.8290071261399823, 'alpha': 0.0064638102115655805, 'colsample_bytree': 0.4063581191262583, 'subsample': 0.8724947997259411, 'learning_rate': 0.0791903661248629, 'max_depth': 5, 'min_child_weight': 6, 'eval_metric': 'logloss'}. Best is trial 425 with value: 0.9801333333333333.
start listen on 10.110.42.71:39445
@tracker All of 1 nodes getting started
@tracker All nodes finishes job
start listen on 10.110.42.71:52177
@tracker All of 1 nodes getting started
@tracker All nodes finishes job
start listen on 10.110.42.71:54567
@tracker All of 1 nodes getting started
@tracker All nodes finishes job
start listen on 10.110.42.71:51737
@tracker All of 1 nodes getting started
@tracker All nodes finishes job
start listen on 10.110.42.71:35965
@tracker All of 1 nodes getting started
@tracker All nodes finishes job
Trial 1079 finished with value: 0.9755166666666667 and parameters: {'tree_method': 'gpu_hist', 'lambda': 0.9936911794899906, 'alpha': 0.012196571594663372, 'colsample_bytree': 0.4292390781221331, 'subsample': 0.9362919504478728, 'learning_rate': 0.016186192433441552, 'max_depth': 9, 'min_child_weight': 11, 'eval_metric': 'logloss'}. Best is trial 425 with value: 0.9801333333333333.
start listen on 10.110.42.71:56645
@tracker All of 1 nodes getting started
@tracker All nodes finishes job
start listen on 10.110.42.71:54321
@tracker All of 1 nodes getting started
@tracker All nodes finishes job
start listen on 10.110.42.71:35807
@tracker All of 1 nodes getting started
@tracker All nodes finishes job
start listen on 10.110.42.71:52791
@tracker All of 1 nodes getting started
@tracker All nodes finishes job
start listen on 10.110.42.71:44441
@tracker All of 1 nodes getting started
@tracker All nodes finishes job
Trial 1080 finished with value: 0.9799666666666667 and parameters: {'tree_method': 'gpu_hist', 'lambda': 0.052038845692778626, 'alpha': 0.01603423630222591, 'colsample_bytree': 0.36851253072289014, 'subsample': 0.9003329339633392, 'learning_rate': 0.08511654466402074, 'max_depth': 5, 'min_child_weight': 1, 'eval_metric': 'logloss'}. Best is trial 425 with value: 0.9801333333333333.
start listen on 10.110.42.71:51227
@tracker All of 1 nodes getting started
@tracker All nodes finishes job
start listen on 10.110.42.71:35899
@tracker All of 1 nodes getting started
@tracker All nodes finishes job
start listen on 10.110.42.71:54077
@tracker All of 1 nodes getting started
@tracker All nodes finishes job
start listen on 10.110.42.71:54403
@tracker All of 1 nodes getting started
@tracker All nodes finishes job
start listen on 10.110.42.71:36653
@tracker All of 1 nodes getting started
@tracker All nodes finishes job
Trial 1081 finished with value: 0.9775833333333334 and parameters: {'tree_method': 'gpu_hist', 'lambda': 0.038642392058719395, 'alpha': 0.014558823296151012, 'colsample_bytree': 0.32181057784519224, 'subsample': 0.8820704446146186, 'learning_rate': 0.033018440227448854, 'max_depth': 5, 'min_child_weight': 1, 'eval_metric': 'logloss'}. Best is trial 425 with value: 0.9801333333333333.
start listen on 10.110.42.71:53319
@tracker All of 1 nodes getting started
@tracker All nodes finishes job
start listen on 10.110.42.71:58491
@tracker All of 1 nodes getting started
@tracker All nodes finishes job
start listen on 10.110.42.71:46783
@tracker All of 1 nodes getting started
@tracker All nodes finishes job
start listen on 10.110.42.71:51631
@tracker All of 1 nodes getting started
@tracker All nodes finishes job
start listen on 10.110.42.71:50581
@tracker All of 1 nodes getting started
@tracker All nodes finishes job
Trial 1082 finished with value: 0.9765833333333334 and parameters: {'tree_method': 'gpu_hist', 'lambda': 0.036945375961672064, 'alpha': 0.015434527792926978, 'colsample_bytree': 0.339881063327809, 'subsample': 0.8998384844957765, 'learning_rate': 0.0662826511468232, 'max_depth': 11, 'min_child_weight': 17, 'eval_metric': 'logloss'}. Best is trial 425 with value: 0.9801333333333333.
start listen on 10.110.42.71:58111
@tracker All of 1 nodes getting started
@tracker All nodes finishes job
start listen on 10.110.42.71:36687
@tracker All of 1 nodes getting started
@tracker All nodes finishes job
start listen on 10.110.42.71:52867
@tracker All of 1 nodes getting started
@tracker All nodes finishes job
start listen on 10.110.42.71:38205
@tracker All of 1 nodes getting started
@tracker All nodes finishes job
start listen on 10.110.42.71:47951
@tracker All of 1 nodes getting started
@tracker All nodes finishes job
Trial 1083 finished with value: 0.9777833333333333 and parameters: {'tree_method': 'gpu_hist', 'lambda': 0.047842208497528606, 'alpha': 0.01367871358597022, 'colsample_bytree': 0.3393765963938918, 'subsample': 0.8905017377471249, 'learning_rate': 0.08141520546021042, 'max_depth': 5, 'min_child_weight': 7, 'eval_metric': 'logloss'}. Best is trial 425 with value: 0.9801333333333333.
start listen on 10.110.42.71:43415
@tracker All of 1 nodes getting started
@tracker All nodes finishes job
start listen on 10.110.42.71:59111
@tracker All of 1 nodes getting started
@tracker All nodes finishes job
start listen on 10.110.42.71:50023
@tracker All of 1 nodes getting started
@tracker All nodes finishes job
start listen on 10.110.42.71:43893
@tracker All of 1 nodes getting started
@tracker All nodes finishes job
start listen on 10.110.42.71:34849
@tracker All of 1 nodes getting started
@tracker All nodes finishes job
Trial 1084 finished with value: 0.9796 and parameters: {'tree_method': 'gpu_hist', 'lambda': 0.05054077770099446, 'alpha': 0.01658617810855594, 'colsample_bytree': 0.35857138498250374, 'subsample': 0.9018973417999323, 'learning_rate': 0.07380416540609373, 'max_depth': 5, 'min_child_weight': 1, 'eval_metric': 'logloss'}. Best is trial 425 with value: 0.9801333333333333.
start listen on 10.110.42.71:43099
@tracker All of 1 nodes getting started
@tracker All nodes finishes job
start listen on 10.110.42.71:51837
@tracker All of 1 nodes getting started
@tracker All nodes finishes job
start listen on 10.110.42.71:45465
@tracker All of 1 nodes getting started
@tracker All nodes finishes job
start listen on 10.110.42.71:51307
@tracker All of 1 nodes getting started
@tracker All nodes finishes job
start listen on 10.110.42.71:50297
@tracker All of 1 nodes getting started
@tracker All nodes finishes job
