Trial 629 finished with value: 0.9799166666666667 and parameters: {'tree_method': 'gpu_hist', 'lambda': 0.07404883583017921, 'alpha': 0.011971183566448888, 'colsample_bytree': 0.4394201499296803, 'subsample': 0.8841838755350407, 'learning_rate': 0.09262659241346465, 'max_depth': 5, 'min_child_weight': 1, 'eval_metric': 'logloss'}. Best is trial 425 with value: 0.9801333333333333.
start listen on 10.110.42.71:34453
@tracker All of 1 nodes getting started
@tracker All nodes finishes job
start listen on 10.110.42.71:55229
@tracker All of 1 nodes getting started
@tracker All nodes finishes job
start listen on 10.110.42.71:58269
@tracker All of 1 nodes getting started
@tracker All nodes finishes job
start listen on 10.110.42.71:45931
@tracker All of 1 nodes getting started
@tracker All nodes finishes job
start listen on 10.110.42.71:52129
@tracker All of 1 nodes getting started
@tracker All nodes finishes job
Trial 630 finished with value: 0.9780833333333333 and parameters: {'tree_method': 'gpu_hist', 'lambda': 0.050478258953816274, 'alpha': 0.010015159821481993, 'colsample_bytree': 0.4267829663157291, 'subsample': 0.879295798679605, 'learning_rate': 0.09348085590460842, 'max_depth': 5, 'min_child_weight': 6, 'eval_metric': 'logloss'}. Best is trial 425 with value: 0.9801333333333333.
start listen on 10.110.42.71:44371
@tracker All of 1 nodes getting started
@tracker All nodes finishes job
start listen on 10.110.42.71:45847
@tracker All of 1 nodes getting started
@tracker All nodes finishes job
start listen on 10.110.42.71:36501
@tracker All of 1 nodes getting started
@tracker All nodes finishes job
start listen on 10.110.42.71:44871
@tracker All of 1 nodes getting started
@tracker All nodes finishes job
start listen on 10.110.42.71:35419
@tracker All of 1 nodes getting started
@tracker All nodes finishes job
Trial 631 finished with value: 0.9768833333333333 and parameters: {'tree_method': 'gpu_hist', 'lambda': 0.09037686504713331, 'alpha': 0.01228426216296304, 'colsample_bytree': 0.41018799524793437, 'subsample': 0.8717906487862199, 'learning_rate': 0.09275744824570001, 'max_depth': 9, 'min_child_weight': 16, 'eval_metric': 'logloss'}. Best is trial 425 with value: 0.9801333333333333.
start listen on 10.110.42.71:36553
@tracker All of 1 nodes getting started
@tracker All nodes finishes job
start listen on 10.110.42.71:38289
@tracker All of 1 nodes getting started
@tracker All nodes finishes job
start listen on 10.110.42.71:33255
@tracker All of 1 nodes getting started
@tracker All nodes finishes job
start listen on 10.110.42.71:37669
@tracker All of 1 nodes getting started
@tracker All nodes finishes job
start listen on 10.110.42.71:41267
@tracker All of 1 nodes getting started
@tracker All nodes finishes job
Trial 632 finished with value: 0.9786166666666667 and parameters: {'tree_method': 'gpu_hist', 'lambda': 0.0558622358484696, 'alpha': 0.009266641295699912, 'colsample_bytree': 0.44246650119221786, 'subsample': 0.8851991417079794, 'learning_rate': 0.08320643255218262, 'max_depth': 7, 'min_child_weight': 1, 'eval_metric': 'logloss'}. Best is trial 425 with value: 0.9801333333333333.
start listen on 10.110.42.71:51263
@tracker All of 1 nodes getting started
@tracker All nodes finishes job
start listen on 10.110.42.71:37995
@tracker All of 1 nodes getting started
@tracker All nodes finishes job
start listen on 10.110.42.71:48663
@tracker All of 1 nodes getting started
@tracker All nodes finishes job
start listen on 10.110.42.71:32955
@tracker All of 1 nodes getting started
@tracker All nodes finishes job
start listen on 10.110.42.71:56341
@tracker All of 1 nodes getting started
@tracker All nodes finishes job
Trial 633 finished with value: 0.9773833333333334 and parameters: {'tree_method': 'gpu_hist', 'lambda': 0.12121235195471443, 'alpha': 0.011434999694136562, 'colsample_bytree': 0.37693062285691614, 'subsample': 0.8904409760361669, 'learning_rate': 0.09308867278406133, 'max_depth': 5, 'min_child_weight': 11, 'eval_metric': 'logloss'}. Best is trial 425 with value: 0.9801333333333333.
start listen on 10.110.42.71:56297
@tracker All of 1 nodes getting started
@tracker All nodes finishes job
start listen on 10.110.42.71:37679
@tracker All of 1 nodes getting started
@tracker All nodes finishes job
start listen on 10.110.42.71:51717
@tracker All of 1 nodes getting started
@tracker All nodes finishes job
start listen on 10.110.42.71:49433
@tracker All of 1 nodes getting started
@tracker All nodes finishes job
start listen on 10.110.42.71:38001
@tracker All of 1 nodes getting started
@tracker All nodes finishes job
Trial 634 finished with value: 0.9773833333333334 and parameters: {'tree_method': 'gpu_hist', 'lambda': 0.06682437039109176, 'alpha': 0.013441130448986047, 'colsample_bytree': 0.3902129278814769, 'subsample': 0.9041419348869978, 'learning_rate': 0.09987283874735986, 'max_depth': 11, 'min_child_weight': 6, 'eval_metric': 'logloss'}. Best is trial 425 with value: 0.9801333333333333.
start listen on 10.110.42.71:47371
@tracker All of 1 nodes getting started
@tracker All nodes finishes job
start listen on 10.110.42.71:38467
@tracker All of 1 nodes getting started
@tracker All nodes finishes job
start listen on 10.110.42.71:55011
@tracker All of 1 nodes getting started
@tracker All nodes finishes job
start listen on 10.110.42.71:55659
@tracker All of 1 nodes getting started
@tracker All nodes finishes job
start listen on 10.110.42.71:58649
@tracker All of 1 nodes getting started
@tracker All nodes finishes job
Trial 635 finished with value: 0.95165 and parameters: {'tree_method': 'gpu_hist', 'lambda': 0.12868085297240175, 'alpha': 0.011476085996815731, 'colsample_bytree': 0.451376924184828, 'subsample': 0.8671663748571972, 'learning_rate': 0.005382602399010211, 'max_depth': 5, 'min_child_weight': 1, 'eval_metric': 'logloss'}. Best is trial 425 with value: 0.9801333333333333.
start listen on 10.110.42.71:53117
@tracker All of 1 nodes getting started
@tracker All nodes finishes job
start listen on 10.110.42.71:42311
@tracker All of 1 nodes getting started
@tracker All nodes finishes job
start listen on 10.110.42.71:46905
@tracker All of 1 nodes getting started
@tracker All nodes finishes job
start listen on 10.110.42.71:45941
@tracker All of 1 nodes getting started
@tracker All nodes finishes job
start listen on 10.110.42.71:42447
@tracker All of 1 nodes getting started
@tracker All nodes finishes job
Trial 636 finished with value: 0.974 and parameters: {'tree_method': 'gpu_hist', 'lambda': 0.10663338251403973, 'alpha': 0.015224232593334837, 'colsample_bytree': 0.43100276464865056, 'subsample': 0.8571560402612252, 'learning_rate': 0.08732500295817447, 'max_depth': 3, 'min_child_weight': 15, 'eval_metric': 'logloss'}. Best is trial 425 with value: 0.9801333333333333.
start listen on 10.110.42.71:40235
@tracker All of 1 nodes getting started
@tracker All nodes finishes job
start listen on 10.110.42.71:59831
@tracker All of 1 nodes getting started
@tracker All nodes finishes job
start listen on 10.110.42.71:51877
@tracker All of 1 nodes getting started
@tracker All nodes finishes job
start listen on 10.110.42.71:52085
@tracker All of 1 nodes getting started
@tracker All nodes finishes job
start listen on 10.110.42.71:42869
@tracker All of 1 nodes getting started
@tracker All nodes finishes job
Trial 637 finished with value: 0.9776666666666667 and parameters: {'tree_method': 'gpu_hist', 'lambda': 0.11436895030033077, 'alpha': 0.0075800504067844695, 'colsample_bytree': 0.4110005629696961, 'subsample': 0.9053701858113767, 'learning_rate': 0.07470833163099364, 'max_depth': 5, 'min_child_weight': 8, 'eval_metric': 'logloss'}. Best is trial 425 with value: 0.9801333333333333.
start listen on 10.110.42.71:60907
@tracker All of 1 nodes getting started
@tracker All nodes finishes job
start listen on 10.110.42.71:35741
@tracker All of 1 nodes getting started
@tracker All nodes finishes job
start listen on 10.110.42.71:52545
@tracker All of 1 nodes getting started
@tracker All nodes finishes job
start listen on 10.110.42.71:41145
@tracker All of 1 nodes getting started
@tracker All nodes finishes job
start listen on 10.110.42.71:58609
@tracker All of 1 nodes getting started
@tracker All nodes finishes job
Trial 638 finished with value: 0.9753833333333334 and parameters: {'tree_method': 'gpu_hist', 'lambda': 0.05753491513149366, 'alpha': 0.01391966793819001, 'colsample_bytree': 0.31431027820375723, 'subsample': 0.8754925630210759, 'learning_rate': 0.09953460285407986, 'max_depth': 5, 'min_child_weight': 28, 'eval_metric': 'logloss'}. Best is trial 425 with value: 0.9801333333333333.
start listen on 10.110.42.71:45711
@tracker All of 1 nodes getting started
@tracker All nodes finishes job
start listen on 10.110.42.71:50449
@tracker All of 1 nodes getting started
@tracker All nodes finishes job
start listen on 10.110.42.71:41365
@tracker All of 1 nodes getting started
@tracker All nodes finishes job
start listen on 10.110.42.71:47425
@tracker All of 1 nodes getting started
@tracker All nodes finishes job
start listen on 10.110.42.71:54921
@tracker All of 1 nodes getting started
@tracker All nodes finishes job
Trial 639 finished with value: 0.9777833333333333 and parameters: {'tree_method': 'gpu_hist', 'lambda': 0.6166400007915187, 'alpha': 0.00991678594947762, 'colsample_bytree': 0.3982172245963679, 'subsample': 0.898794336696526, 'learning_rate': 0.08078473704108076, 'max_depth': 15, 'min_child_weight': 6, 'eval_metric': 'logloss'}. Best is trial 425 with value: 0.9801333333333333.
start listen on 10.110.42.71:46363
@tracker All of 1 nodes getting started
@tracker All nodes finishes job
start listen on 10.110.42.71:40005
@tracker All of 1 nodes getting started
@tracker All nodes finishes job
start listen on 10.110.42.71:37123
@tracker All of 1 nodes getting started
@tracker All nodes finishes job
start listen on 10.110.42.71:53193
@tracker All of 1 nodes getting started
@tracker All nodes finishes job
start listen on 10.110.42.71:48999
@tracker All of 1 nodes getting started
@tracker All nodes finishes job
Trial 640 finished with value: 0.979 and parameters: {'tree_method': 'gpu_hist', 'lambda': 0.07936264976604507, 'alpha': 0.31352170748567076, 'colsample_bytree': 0.4361546132066479, 'subsample': 0.8860963426204012, 'learning_rate': 0.07271737520869861, 'max_depth': 5, 'min_child_weight': 1, 'eval_metric': 'logloss'}. Best is trial 425 with value: 0.9801333333333333.
start listen on 10.110.42.71:56017
@tracker All of 1 nodes getting started
@tracker All nodes finishes job
start listen on 10.110.42.71:45319
@tracker All of 1 nodes getting started
@tracker All nodes finishes job
start listen on 10.110.42.71:55703
@tracker All of 1 nodes getting started
@tracker All nodes finishes job
start listen on 10.110.42.71:44311
@tracker All of 1 nodes getting started
@tracker All nodes finishes job
start listen on 10.110.42.71:55481
@tracker All of 1 nodes getting started
@tracker All nodes finishes job
Trial 641 finished with value: 0.97565 and parameters: {'tree_method': 'gpu_hist', 'lambda': 0.032701374257870994, 'alpha': 0.01689373378172006, 'colsample_bytree': 0.37223416913447427, 'subsample': 0.8455352490788444, 'learning_rate': 0.09135338852913669, 'max_depth': 5, 'min_child_weight': 22, 'eval_metric': 'logloss'}. Best is trial 425 with value: 0.9801333333333333.
start listen on 10.110.42.71:60381
@tracker All of 1 nodes getting started
@tracker All nodes finishes job
start listen on 10.110.42.71:60041
@tracker All of 1 nodes getting started
@tracker All nodes finishes job
start listen on 10.110.42.71:52833
@tracker All of 1 nodes getting started
@tracker All nodes finishes job
start listen on 10.110.42.71:59773
@tracker All of 1 nodes getting started
@tracker All nodes finishes job
start listen on 10.110.42.71:35883
@tracker All of 1 nodes getting started
@tracker All nodes finishes job
Trial 642 finished with value: 0.9773833333333334 and parameters: {'tree_method': 'gpu_hist', 'lambda': 0.11620941286684526, 'alpha': 0.008598161687451263, 'colsample_bytree': 0.42576988827286655, 'subsample': 0.8698570472395291, 'learning_rate': 0.08217497228256578, 'max_depth': 5, 'min_child_weight': 11, 'eval_metric': 'logloss'}. Best is trial 425 with value: 0.9801333333333333.
start listen on 10.110.42.71:38471
@tracker All of 1 nodes getting started
@tracker All nodes finishes job
start listen on 10.110.42.71:43009
@tracker All of 1 nodes getting started
@tracker All nodes finishes job
start listen on 10.110.42.71:56017
@tracker All of 1 nodes getting started
@tracker All nodes finishes job
start listen on 10.110.42.71:54967
@tracker All of 1 nodes getting started
@tracker All nodes finishes job
start listen on 10.110.42.71:53139
@tracker All of 1 nodes getting started
@tracker All nodes finishes job
Trial 643 finished with value: 0.9635833333333333 and parameters: {'tree_method': 'gpu_hist', 'lambda': 0.0819240903760843, 'alpha': 0.012504503377911744, 'colsample_bytree': 0.572836837727319, 'subsample': 0.8963900054485645, 'learning_rate': 0.09140299511622527, 'max_depth': 5, 'min_child_weight': 158, 'eval_metric': 'logloss'}. Best is trial 425 with value: 0.9801333333333333.
start listen on 10.110.42.71:35041
@tracker All of 1 nodes getting started
@tracker All nodes finishes job
start listen on 10.110.42.71:36647
@tracker All of 1 nodes getting started
@tracker All nodes finishes job
start listen on 10.110.42.71:36601
@tracker All of 1 nodes getting started
@tracker All nodes finishes job
start listen on 10.110.42.71:54913
@tracker All of 1 nodes getting started
@tracker All nodes finishes job
start listen on 10.110.42.71:46703
@tracker All of 1 nodes getting started
@tracker All nodes finishes job
Trial 644 finished with value: 0.9784 and parameters: {'tree_method': 'gpu_hist', 'lambda': 0.05759674001681524, 'alpha': 0.02148918387441947, 'colsample_bytree': 0.38684294597463265, 'subsample': 0.8816027782227303, 'learning_rate': 0.09946736244643908, 'max_depth': 5, 'min_child_weight': 6, 'eval_metric': 'logloss'}. Best is trial 425 with value: 0.9801333333333333.
start listen on 10.110.42.71:54609
@tracker All of 1 nodes getting started
@tracker All nodes finishes job
start listen on 10.110.42.71:47189
@tracker All of 1 nodes getting started
@tracker All nodes finishes job
start listen on 10.110.42.71:51375
@tracker All of 1 nodes getting started
@tracker All nodes finishes job
start listen on 10.110.42.71:37513
@tracker All of 1 nodes getting started
@tracker All nodes finishes job
start listen on 10.110.42.71:36977
@tracker All of 1 nodes getting started
@tracker All nodes finishes job
Trial 645 finished with value: 0.97655 and parameters: {'tree_method': 'gpu_hist', 'lambda': 0.06541015761207575, 'alpha': 0.009848468915015443, 'colsample_bytree': 0.42188071803039484, 'subsample': 0.9114466586403532, 'learning_rate': 0.06351109938415743, 'max_depth': 13, 'min_child_weight': 1, 'eval_metric': 'logloss'}. Best is trial 425 with value: 0.9801333333333333.
start listen on 10.110.42.71:51797
@tracker All of 1 nodes getting started
@tracker All nodes finishes job
start listen on 10.110.42.71:55357
@tracker All of 1 nodes getting started
@tracker All nodes finishes job
start listen on 10.110.42.71:46655
@tracker All of 1 nodes getting started
@tracker All nodes finishes job
start listen on 10.110.42.71:38727
@tracker All of 1 nodes getting started
@tracker All nodes finishes job
start listen on 10.110.42.71:60517
@tracker All of 1 nodes getting started
@tracker All nodes finishes job
Trial 646 finished with value: 0.9766 and parameters: {'tree_method': 'gpu_hist', 'lambda': 0.10147311666085142, 'alpha': 0.016287059092964715, 'colsample_bytree': 0.4037128878133136, 'subsample': 0.8580479716988797, 'learning_rate': 0.08516051729101719, 'max_depth': 5, 'min_child_weight': 14, 'eval_metric': 'logloss'}. Best is trial 425 with value: 0.9801333333333333.
start listen on 10.110.42.71:33731
@tracker All of 1 nodes getting started
@tracker All nodes finishes job
start listen on 10.110.42.71:35297
@tracker All of 1 nodes getting started
@tracker All nodes finishes job
start listen on 10.110.42.71:56037
@tracker All of 1 nodes getting started
@tracker All nodes finishes job
start listen on 10.110.42.71:50963
@tracker All of 1 nodes getting started
@tracker All nodes finishes job
start listen on 10.110.42.71:51005
@tracker All of 1 nodes getting started
@tracker All nodes finishes job
Trial 647 finished with value: 0.9778333333333333 and parameters: {'tree_method': 'gpu_hist', 'lambda': 0.0033308767924363457, 'alpha': 0.006523691563897015, 'colsample_bytree': 0.4535776586292865, 'subsample': 0.7171340094547836, 'learning_rate': 0.07745804284695813, 'max_depth': 5, 'min_child_weight': 7, 'eval_metric': 'logloss'}. Best is trial 425 with value: 0.9801333333333333.
start listen on 10.110.42.71:36117
@tracker All of 1 nodes getting started
@tracker All nodes finishes job
start listen on 10.110.42.71:34361
@tracker All of 1 nodes getting started
@tracker All nodes finishes job
start listen on 10.110.42.71:50991
@tracker All of 1 nodes getting started
@tracker All nodes finishes job
start listen on 10.110.42.71:49941
@tracker All of 1 nodes getting started
@tracker All nodes finishes job
start listen on 10.110.42.71:38921
@tracker All of 1 nodes getting started
@tracker All nodes finishes job
Trial 648 finished with value: 0.9764166666666667 and parameters: {'tree_method': 'gpu_hist', 'lambda': 0.07538248593054499, 'alpha': 0.012278075673791699, 'colsample_bytree': 0.3638850164432081, 'subsample': 0.8825641893889472, 'learning_rate': 0.08928164366202113, 'max_depth': 5, 'min_child_weight': 16, 'eval_metric': 'logloss'}. Best is trial 425 with value: 0.9801333333333333.
start listen on 10.110.42.71:53765
@tracker All of 1 nodes getting started
@tracker All nodes finishes job
start listen on 10.110.42.71:45405
@tracker All of 1 nodes getting started
@tracker All nodes finishes job
start listen on 10.110.42.71:33003
@tracker All of 1 nodes getting started
@tracker All nodes finishes job
start listen on 10.110.42.71:53493
@tracker All of 1 nodes getting started
@tracker All nodes finishes job
start listen on 10.110.42.71:44467
@tracker All of 1 nodes getting started
@tracker All nodes finishes job
Trial 649 finished with value: 0.9799333333333333 and parameters: {'tree_method': 'gpu_hist', 'lambda': 0.06779221949793043, 'alpha': 0.013603634450484334, 'colsample_bytree': 0.4545142143202884, 'subsample': 0.8970628183050952, 'learning_rate': 0.09967848215782713, 'max_depth': 5, 'min_child_weight': 1, 'eval_metric': 'logloss'}. Best is trial 425 with value: 0.9801333333333333.
start listen on 10.110.42.71:43657
@tracker All of 1 nodes getting started
@tracker All nodes finishes job
start listen on 10.110.42.71:36709
@tracker All of 1 nodes getting started
@tracker All nodes finishes job
start listen on 10.110.42.71:38667
@tracker All of 1 nodes getting started
@tracker All nodes finishes job
start listen on 10.110.42.71:55147
@tracker All of 1 nodes getting started
@tracker All nodes finishes job
start listen on 10.110.42.71:47663
@tracker All of 1 nodes getting started
@tracker All nodes finishes job
Trial 650 finished with value: 0.9777833333333333 and parameters: {'tree_method': 'gpu_hist', 'lambda': 0.07185225493843905, 'alpha': 0.013799098270520747, 'colsample_bytree': 0.43866353490454396, 'subsample': 0.9038584508621093, 'learning_rate': 0.09308236106053087, 'max_depth': 5, 'min_child_weight': 10, 'eval_metric': 'logloss'}. Best is trial 425 with value: 0.9801333333333333.
start listen on 10.110.42.71:58223
@tracker All of 1 nodes getting started
@tracker All nodes finishes job
start listen on 10.110.42.71:40203
@tracker All of 1 nodes getting started
@tracker All nodes finishes job
start listen on 10.110.42.71:40531
@tracker All of 1 nodes getting started
@tracker All nodes finishes job
start listen on 10.110.42.71:33291
@tracker All of 1 nodes getting started
@tracker All nodes finishes job
start listen on 10.110.42.71:49877
@tracker All of 1 nodes getting started
@tracker All nodes finishes job
Trial 651 finished with value: 0.9796666666666667 and parameters: {'tree_method': 'gpu_hist', 'lambda': 0.08998689413437252, 'alpha': 0.01499079138483247, 'colsample_bytree': 0.9109139033426755, 'subsample': 0.8928719239233315, 'learning_rate': 0.09901318178912846, 'max_depth': 5, 'min_child_weight': 1, 'eval_metric': 'logloss'}. Best is trial 425 with value: 0.9801333333333333.
start listen on 10.110.42.71:41357
@tracker All of 1 nodes getting started
@tracker All nodes finishes job
start listen on 10.110.42.71:42413
@tracker All of 1 nodes getting started
@tracker All nodes finishes job
start listen on 10.110.42.71:50199
@tracker All of 1 nodes getting started
@tracker All nodes finishes job
start listen on 10.110.42.71:33251
@tracker All of 1 nodes getting started
@tracker All nodes finishes job
start listen on 10.110.42.71:34187
@tracker All of 1 nodes getting started
@tracker All nodes finishes job
Trial 652 finished with value: 0.9778333333333333 and parameters: {'tree_method': 'gpu_hist', 'lambda': 0.05402675535378109, 'alpha': 0.011784004701461336, 'colsample_bytree': 0.34520735188446716, 'subsample': 0.9135852323788718, 'learning_rate': 0.09153526551065942, 'max_depth': 5, 'min_child_weight': 7, 'eval_metric': 'logloss'}. Best is trial 425 with value: 0.9801333333333333.
start listen on 10.110.42.71:47187
@tracker All of 1 nodes getting started
@tracker All nodes finishes job
start listen on 10.110.42.71:35573
@tracker All of 1 nodes getting started
@tracker All nodes finishes job
start listen on 10.110.42.71:36045
@tracker All of 1 nodes getting started
@tracker All nodes finishes job
start listen on 10.110.42.71:38009
@tracker All of 1 nodes getting started
@tracker All nodes finishes job
start listen on 10.110.42.71:46223
@tracker All of 1 nodes getting started
@tracker All nodes finishes job
