Trial 341 finished with value: 0.9773833333333334 and parameters: {'tree_method': 'gpu_hist', 'lambda': 0.5246111461260194, 'alpha': 0.00945133557133139, 'colsample_bytree': 0.3911089415805152, 'subsample': 0.9825235661038331, 'learning_rate': 0.09192755714311049, 'max_depth': 20, 'min_child_weight': 6, 'eval_metric': 'logloss'}. Best is trial 305 with value: 0.98.
start listen on 10.110.42.71:34517
@tracker All of 1 nodes getting started
@tracker All nodes finishes job
start listen on 10.110.42.71:34441
@tracker All of 1 nodes getting started
@tracker All nodes finishes job
start listen on 10.110.42.71:37285
@tracker All of 1 nodes getting started
@tracker All nodes finishes job
start listen on 10.110.42.71:56581
@tracker All of 1 nodes getting started
@tracker All nodes finishes job
start listen on 10.110.42.71:58075
@tracker All of 1 nodes getting started
@tracker All nodes finishes job
Trial 342 finished with value: 0.9744166666666667 and parameters: {'tree_method': 'gpu_hist', 'lambda': 0.6445879741171873, 'alpha': 0.02520795925443368, 'colsample_bytree': 0.4694778034900188, 'subsample': 0.962425338384016, 'learning_rate': 0.015164315260080762, 'max_depth': 17, 'min_child_weight': 1, 'eval_metric': 'logloss'}. Best is trial 305 with value: 0.98.
start listen on 10.110.42.71:56441
@tracker All of 1 nodes getting started
@tracker All nodes finishes job
start listen on 10.110.42.71:56499
@tracker All of 1 nodes getting started
@tracker All nodes finishes job
start listen on 10.110.42.71:59907
@tracker All of 1 nodes getting started
@tracker All nodes finishes job
start listen on 10.110.42.71:51353
@tracker All of 1 nodes getting started
@tracker All nodes finishes job
start listen on 10.110.42.71:49303
@tracker All of 1 nodes getting started
@tracker All nodes finishes job
Trial 343 finished with value: 0.9770666666666666 and parameters: {'tree_method': 'gpu_hist', 'lambda': 0.9099009638904104, 'alpha': 0.011697236095697339, 'colsample_bytree': 0.4548413459917605, 'subsample': 0.8913216596369853, 'learning_rate': 0.08107006229756773, 'max_depth': 5, 'min_child_weight': 12, 'eval_metric': 'logloss'}. Best is trial 305 with value: 0.98.
start listen on 10.110.42.71:58155
@tracker All of 1 nodes getting started
@tracker All nodes finishes job
start listen on 10.110.42.71:41301
@tracker All of 1 nodes getting started
@tracker All nodes finishes job
start listen on 10.110.42.71:42077
@tracker All of 1 nodes getting started
@tracker All nodes finishes job
start listen on 10.110.42.71:55315
@tracker All of 1 nodes getting started
@tracker All nodes finishes job
start listen on 10.110.42.71:38547
@tracker All of 1 nodes getting started
@tracker All nodes finishes job
Trial 344 finished with value: 0.97535 and parameters: {'tree_method': 'gpu_hist', 'lambda': 1.0705478687214187, 'alpha': 0.015043528074927641, 'colsample_bytree': 0.41356624853685353, 'subsample': 0.9062800555000546, 'learning_rate': 0.07030139545682512, 'max_depth': 5, 'min_child_weight': 29, 'eval_metric': 'logloss'}. Best is trial 305 with value: 0.98.
start listen on 10.110.42.71:58229
@tracker All of 1 nodes getting started
@tracker All nodes finishes job
start listen on 10.110.42.71:51895
@tracker All of 1 nodes getting started
@tracker All nodes finishes job
start listen on 10.110.42.71:47469
@tracker All of 1 nodes getting started
@tracker All nodes finishes job
start listen on 10.110.42.71:49147
@tracker All of 1 nodes getting started
@tracker All nodes finishes job
start listen on 10.110.42.71:53283
@tracker All of 1 nodes getting started
@tracker All nodes finishes job
Trial 345 finished with value: 0.9220333333333334 and parameters: {'tree_method': 'gpu_hist', 'lambda': 0.7687268373692303, 'alpha': 0.021032340810131334, 'colsample_bytree': 0.4447102489248789, 'subsample': 0.9540449439765957, 'learning_rate': 0.0015132672604532915, 'max_depth': 5, 'min_child_weight': 7, 'eval_metric': 'logloss'}. Best is trial 305 with value: 0.98.
start listen on 10.110.42.71:44427
@tracker All of 1 nodes getting started
@tracker All nodes finishes job
start listen on 10.110.42.71:57345
@tracker All of 1 nodes getting started
@tracker All nodes finishes job
start listen on 10.110.42.71:52857
@tracker All of 1 nodes getting started
@tracker All nodes finishes job
start listen on 10.110.42.71:50145
@tracker All of 1 nodes getting started
@tracker All nodes finishes job
start listen on 10.110.42.71:46061
@tracker All of 1 nodes getting started
@tracker All nodes finishes job
Trial 346 finished with value: 0.9767333333333333 and parameters: {'tree_method': 'gpu_hist', 'lambda': 0.6395509725968184, 'alpha': 0.034073643929621686, 'colsample_bytree': 0.40241000197190513, 'subsample': 0.8782918383454364, 'learning_rate': 0.09302037815719935, 'max_depth': 9, 'min_child_weight': 19, 'eval_metric': 'logloss'}. Best is trial 305 with value: 0.98.
start listen on 10.110.42.71:34001
@tracker All of 1 nodes getting started
@tracker All nodes finishes job
start listen on 10.110.42.71:43315
@tracker All of 1 nodes getting started
@tracker All nodes finishes job
start listen on 10.110.42.71:44369
@tracker All of 1 nodes getting started
@tracker All nodes finishes job
start listen on 10.110.42.71:41923
@tracker All of 1 nodes getting started
@tracker All nodes finishes job
start listen on 10.110.42.71:55017
@tracker All of 1 nodes getting started
@tracker All nodes finishes job
Trial 347 finished with value: 0.97945 and parameters: {'tree_method': 'gpu_hist', 'lambda': 0.869491291677067, 'alpha': 0.007752487789572589, 'colsample_bytree': 0.48220186646801844, 'subsample': 0.8550842793465759, 'learning_rate': 0.06352560415740903, 'max_depth': 5, 'min_child_weight': 1, 'eval_metric': 'logloss'}. Best is trial 305 with value: 0.98.
start listen on 10.110.42.71:34891
@tracker All of 1 nodes getting started
@tracker All nodes finishes job
start listen on 10.110.42.71:55685
@tracker All of 1 nodes getting started
@tracker All nodes finishes job
start listen on 10.110.42.71:46705
@tracker All of 1 nodes getting started
@tracker All nodes finishes job
start listen on 10.110.42.71:48239
@tracker All of 1 nodes getting started
@tracker All nodes finishes job
start listen on 10.110.42.71:34897
@tracker All of 1 nodes getting started
@tracker All nodes finishes job
Trial 348 finished with value: 0.9772166666666666 and parameters: {'tree_method': 'gpu_hist', 'lambda': 0.49343781900560524, 'alpha': 0.07322567271261486, 'colsample_bytree': 0.4306866097761123, 'subsample': 0.9859052632111457, 'learning_rate': 0.09972096188461244, 'max_depth': 11, 'min_child_weight': 11, 'eval_metric': 'logloss'}. Best is trial 305 with value: 0.98.
start listen on 10.110.42.71:54851
@tracker All of 1 nodes getting started
@tracker All nodes finishes job
start listen on 10.110.42.71:53991
@tracker All of 1 nodes getting started
@tracker All nodes finishes job
start listen on 10.110.42.71:38001
@tracker All of 1 nodes getting started
@tracker All nodes finishes job
start listen on 10.110.42.71:54465
@tracker All of 1 nodes getting started
@tracker All nodes finishes job
start listen on 10.110.42.71:43995
@tracker All of 1 nodes getting started
@tracker All nodes finishes job
Trial 349 finished with value: 0.9780333333333333 and parameters: {'tree_method': 'gpu_hist', 'lambda': 1.2467846449366473, 'alpha': 0.01843776919093548, 'colsample_bytree': 0.46126394381822927, 'subsample': 0.9721683235794376, 'learning_rate': 0.08465730425895726, 'max_depth': 5, 'min_child_weight': 6, 'eval_metric': 'logloss'}. Best is trial 305 with value: 0.98.
start listen on 10.110.42.71:40933
@tracker All of 1 nodes getting started
@tracker All nodes finishes job
start listen on 10.110.42.71:43379
@tracker All of 1 nodes getting started
@tracker All nodes finishes job
start listen on 10.110.42.71:39499
@tracker All of 1 nodes getting started
@tracker All nodes finishes job
start listen on 10.110.42.71:53111
@tracker All of 1 nodes getting started
@tracker All nodes finishes job
start listen on 10.110.42.71:48653
@tracker All of 1 nodes getting started
@tracker All nodes finishes job
Trial 350 finished with value: 0.9738833333333333 and parameters: {'tree_method': 'gpu_hist', 'lambda': 1.021473994843085, 'alpha': 0.0441595553470886, 'colsample_bytree': 0.34915205296573926, 'subsample': 0.8967757494708354, 'learning_rate': 0.07606840093642857, 'max_depth': 3, 'min_child_weight': 1, 'eval_metric': 'logloss'}. Best is trial 305 with value: 0.98.
start listen on 10.110.42.71:55205
@tracker All of 1 nodes getting started
@tracker All nodes finishes job
start listen on 10.110.42.71:44183
@tracker All of 1 nodes getting started
@tracker All nodes finishes job
start listen on 10.110.42.71:58497
@tracker All of 1 nodes getting started
@tracker All nodes finishes job
start listen on 10.110.42.71:57459
@tracker All of 1 nodes getting started
@tracker All nodes finishes job
start listen on 10.110.42.71:40835
@tracker All of 1 nodes getting started
@tracker All nodes finishes job
Trial 351 finished with value: 0.9522333333333334 and parameters: {'tree_method': 'gpu_hist', 'lambda': 0.009847526125671713, 'alpha': 0.013775180670604334, 'colsample_bytree': 0.3810183979137828, 'subsample': 0.9212342757916294, 'learning_rate': 0.08520703365455862, 'max_depth': 5, 'min_child_weight': 275, 'eval_metric': 'logloss'}. Best is trial 305 with value: 0.98.
start listen on 10.110.42.71:35777
@tracker All of 1 nodes getting started
@tracker All nodes finishes job
start listen on 10.110.42.71:47227
@tracker All of 1 nodes getting started
@tracker All nodes finishes job
start listen on 10.110.42.71:59853
@tracker All of 1 nodes getting started
@tracker All nodes finishes job
start listen on 10.110.42.71:50987
@tracker All of 1 nodes getting started
@tracker All nodes finishes job
start listen on 10.110.42.71:52003
@tracker All of 1 nodes getting started
@tracker All nodes finishes job
Trial 352 finished with value: 0.9768833333333333 and parameters: {'tree_method': 'gpu_hist', 'lambda': 0.0021654928284172525, 'alpha': 0.010494564262803782, 'colsample_bytree': 0.497963935200334, 'subsample': 0.9893092496242628, 'learning_rate': 0.07281821720465993, 'max_depth': 5, 'min_child_weight': 14, 'eval_metric': 'logloss'}. Best is trial 305 with value: 0.98.
start listen on 10.110.42.71:42309
@tracker All of 1 nodes getting started
@tracker All nodes finishes job
start listen on 10.110.42.71:59131
@tracker All of 1 nodes getting started
@tracker All nodes finishes job
start listen on 10.110.42.71:45523
@tracker All of 1 nodes getting started
@tracker All nodes finishes job
start listen on 10.110.42.71:37171
@tracker All of 1 nodes getting started
@tracker All nodes finishes job
start listen on 10.110.42.71:46501
@tracker All of 1 nodes getting started
@tracker All nodes finishes job
Trial 353 finished with value: 0.9725666666666667 and parameters: {'tree_method': 'gpu_hist', 'lambda': 0.7140084524774003, 'alpha': 0.027302265486135027, 'colsample_bytree': 0.4442982369774043, 'subsample': 0.8759848450746935, 'learning_rate': 0.008029270696180275, 'max_depth': 15, 'min_child_weight': 7, 'eval_metric': 'logloss'}. Best is trial 305 with value: 0.98.
start listen on 10.110.42.71:57431
@tracker All of 1 nodes getting started
@tracker All nodes finishes job
start listen on 10.110.42.71:57053
@tracker All of 1 nodes getting started
@tracker All nodes finishes job
start listen on 10.110.42.71:52949
@tracker All of 1 nodes getting started
@tracker All nodes finishes job
start listen on 10.110.42.71:59753
@tracker All of 1 nodes getting started
@tracker All nodes finishes job
start listen on 10.110.42.71:33725
@tracker All of 1 nodes getting started
@tracker All nodes finishes job
Trial 354 finished with value: 0.9779666666666667 and parameters: {'tree_method': 'gpu_hist', 'lambda': 0.8508635121616632, 'alpha': 0.016961637611032806, 'colsample_bytree': 0.4213566026178425, 'subsample': 0.9595989394037244, 'learning_rate': 0.05962670824573919, 'max_depth': 5, 'min_child_weight': 7, 'eval_metric': 'logloss'}. Best is trial 305 with value: 0.98.
start listen on 10.110.42.71:37367
@tracker All of 1 nodes getting started
@tracker All nodes finishes job
start listen on 10.110.42.71:54137
@tracker All of 1 nodes getting started
@tracker All nodes finishes job
start listen on 10.110.42.71:45969
@tracker All of 1 nodes getting started
@tracker All nodes finishes job
start listen on 10.110.42.71:44975
@tracker All of 1 nodes getting started
@tracker All nodes finishes job
start listen on 10.110.42.71:59801
@tracker All of 1 nodes getting started
@tracker All nodes finishes job
Trial 355 finished with value: 0.9759 and parameters: {'tree_method': 'gpu_hist', 'lambda': 0.40774968309502313, 'alpha': 0.02211362126256561, 'colsample_bytree': 0.47040128356557653, 'subsample': 0.9374988028893516, 'learning_rate': 0.09203133813933094, 'max_depth': 5, 'min_child_weight': 22, 'eval_metric': 'logloss'}. Best is trial 305 with value: 0.98.
start listen on 10.110.42.71:50363
@tracker All of 1 nodes getting started
@tracker All nodes finishes job
start listen on 10.110.42.71:35361
@tracker All of 1 nodes getting started
@tracker All nodes finishes job
start listen on 10.110.42.71:37563
@tracker All of 1 nodes getting started
@tracker All nodes finishes job
start listen on 10.110.42.71:50441
@tracker All of 1 nodes getting started
@tracker All nodes finishes job
start listen on 10.110.42.71:59851
@tracker All of 1 nodes getting started
@tracker All nodes finishes job
Trial 356 finished with value: 0.9796 and parameters: {'tree_method': 'gpu_hist', 'lambda': 0.5817904877836595, 'alpha': 0.01295331827300786, 'colsample_bytree': 0.5127763202022464, 'subsample': 0.9776739920568581, 'learning_rate': 0.08397932314558301, 'max_depth': 5, 'min_child_weight': 1, 'eval_metric': 'logloss'}. Best is trial 305 with value: 0.98.
start listen on 10.110.42.71:57983
@tracker All of 1 nodes getting started
@tracker All nodes finishes job
start listen on 10.110.42.71:51321
@tracker All of 1 nodes getting started
@tracker All nodes finishes job
start listen on 10.110.42.71:53199
@tracker All of 1 nodes getting started
@tracker All nodes finishes job
start listen on 10.110.42.71:39963
@tracker All of 1 nodes getting started
@tracker All nodes finishes job
start listen on 10.110.42.71:52883
@tracker All of 1 nodes getting started
@tracker All nodes finishes job
Trial 357 finished with value: 0.9770666666666666 and parameters: {'tree_method': 'gpu_hist', 'lambda': 1.0481060944839962, 'alpha': 0.016678925883404246, 'colsample_bytree': 0.4064654095964995, 'subsample': 0.8632883127046274, 'learning_rate': 0.0788591851431955, 'max_depth': 5, 'min_child_weight': 14, 'eval_metric': 'logloss'}. Best is trial 305 with value: 0.98.
start listen on 10.110.42.71:54227
@tracker All of 1 nodes getting started
@tracker All nodes finishes job
start listen on 10.110.42.71:47791
@tracker All of 1 nodes getting started
@tracker All nodes finishes job
start listen on 10.110.42.71:57005
@tracker All of 1 nodes getting started
@tracker All nodes finishes job
start listen on 10.110.42.71:51531
@tracker All of 1 nodes getting started
@tracker All nodes finishes job
start listen on 10.110.42.71:60001
@tracker All of 1 nodes getting started
@tracker All nodes finishes job
Trial 358 finished with value: 0.972 and parameters: {'tree_method': 'gpu_hist', 'lambda': 0.5769507637576374, 'alpha': 0.01183170232658396, 'colsample_bytree': 0.5152349993566289, 'subsample': 0.9995314629808596, 'learning_rate': 0.08581468417335121, 'max_depth': 13, 'min_child_weight': 69, 'eval_metric': 'logloss'}. Best is trial 305 with value: 0.98.
start listen on 10.110.42.71:48785
@tracker All of 1 nodes getting started
@tracker All nodes finishes job
start listen on 10.110.42.71:37373
@tracker All of 1 nodes getting started
@tracker All nodes finishes job
start listen on 10.110.42.71:45709
@tracker All of 1 nodes getting started
@tracker All nodes finishes job
start listen on 10.110.42.71:53267
@tracker All of 1 nodes getting started
@tracker All nodes finishes job
start listen on 10.110.42.71:37131
@tracker All of 1 nodes getting started
@tracker All nodes finishes job
Trial 359 finished with value: 0.9779333333333333 and parameters: {'tree_method': 'gpu_hist', 'lambda': 0.02205178284456903, 'alpha': 0.03696987303638531, 'colsample_bytree': 0.3649980286173741, 'subsample': 0.8848672182900829, 'learning_rate': 0.0669835208317243, 'max_depth': 5, 'min_child_weight': 7, 'eval_metric': 'logloss'}. Best is trial 305 with value: 0.98.
start listen on 10.110.42.71:60003
@tracker All of 1 nodes getting started
@tracker All nodes finishes job
start listen on 10.110.42.71:43571
@tracker All of 1 nodes getting started
@tracker All nodes finishes job
start listen on 10.110.42.71:52127
@tracker All of 1 nodes getting started
@tracker All nodes finishes job
start listen on 10.110.42.71:58923
@tracker All of 1 nodes getting started
@tracker All nodes finishes job
start listen on 10.110.42.71:46285
@tracker All of 1 nodes getting started
@tracker All nodes finishes job
Trial 360 finished with value: 0.9798333333333333 and parameters: {'tree_method': 'gpu_hist', 'lambda': 1.7775990964363693, 'alpha': 0.01954838190768234, 'colsample_bytree': 0.3926648894799325, 'subsample': 0.905807875111338, 'learning_rate': 0.09295712952490594, 'max_depth': 5, 'min_child_weight': 1, 'eval_metric': 'logloss'}. Best is trial 305 with value: 0.98.
start listen on 10.110.42.71:46721
@tracker All of 1 nodes getting started
@tracker All nodes finishes job
start listen on 10.110.42.71:47139
@tracker All of 1 nodes getting started
@tracker All nodes finishes job
start listen on 10.110.42.71:48061
@tracker All of 1 nodes getting started
@tracker All nodes finishes job
start listen on 10.110.42.71:54761
@tracker All of 1 nodes getting started
@tracker All nodes finishes job
start listen on 10.110.42.71:54039
@tracker All of 1 nodes getting started
@tracker All nodes finishes job
Trial 361 finished with value: 0.9296 and parameters: {'tree_method': 'gpu_hist', 'lambda': 1.9521857904415911, 'alpha': 0.008736074733692976, 'colsample_bytree': 0.5551702635524786, 'subsample': 0.9121391919074955, 'learning_rate': 0.002539852182031401, 'max_depth': 5, 'min_child_weight': 11, 'eval_metric': 'logloss'}. Best is trial 305 with value: 0.98.
start listen on 10.110.42.71:52485
@tracker All of 1 nodes getting started
@tracker All nodes finishes job
start listen on 10.110.42.71:32779
@tracker All of 1 nodes getting started
@tracker All nodes finishes job
start listen on 10.110.42.71:53453
@tracker All of 1 nodes getting started
@tracker All nodes finishes job
start listen on 10.110.42.71:57737
@tracker All of 1 nodes getting started
@tracker All nodes finishes job
start listen on 10.110.42.71:58055
@tracker All of 1 nodes getting started
@tracker All nodes finishes job
Trial 362 finished with value: 0.97845 and parameters: {'tree_method': 'gpu_hist', 'lambda': 1.6738863823839831, 'alpha': 0.01561719252976521, 'colsample_bytree': 0.4272562173629799, 'subsample': 0.9069289256277212, 'learning_rate': 0.09432558079258742, 'max_depth': 5, 'min_child_weight': 6, 'eval_metric': 'logloss'}. Best is trial 305 with value: 0.98.
start listen on 10.110.42.71:39185
@tracker All of 1 nodes getting started
@tracker All nodes finishes job
start listen on 10.110.42.71:38007
@tracker All of 1 nodes getting started
@tracker All nodes finishes job
start listen on 10.110.42.71:33557
@tracker All of 1 nodes getting started
@tracker All nodes finishes job
start listen on 10.110.42.71:34015
@tracker All of 1 nodes getting started
@tracker All nodes finishes job
start listen on 10.110.42.71:53059
@tracker All of 1 nodes getting started
@tracker All nodes finishes job
Trial 363 finished with value: 0.97655 and parameters: {'tree_method': 'gpu_hist', 'lambda': 1.4354856773746338, 'alpha': 0.01091890321633394, 'colsample_bytree': 0.45516289414062955, 'subsample': 0.9244861655119488, 'learning_rate': 0.09180243879508115, 'max_depth': 5, 'min_child_weight': 17, 'eval_metric': 'logloss'}. Best is trial 305 with value: 0.98.
start listen on 10.110.42.71:42785
@tracker All of 1 nodes getting started
@tracker All nodes finishes job
start listen on 10.110.42.71:52149
@tracker All of 1 nodes getting started
@tracker All nodes finishes job
start listen on 10.110.42.71:38383
@tracker All of 1 nodes getting started
@tracker All nodes finishes job
start listen on 10.110.42.71:60733
@tracker All of 1 nodes getting started
@tracker All nodes finishes job
start listen on 10.110.42.71:60993
@tracker All of 1 nodes getting started
@tracker All nodes finishes job
Trial 364 finished with value: 0.9795 and parameters: {'tree_method': 'gpu_hist', 'lambda': 0.06072898714103956, 'alpha': 0.18330321121254958, 'colsample_bytree': 0.514409436961718, 'subsample': 0.9788415349058057, 'learning_rate': 0.09990551416191318, 'max_depth': 5, 'min_child_weight': 1, 'eval_metric': 'logloss'}. Best is trial 305 with value: 0.98.
start listen on 10.110.42.71:57487
@tracker All of 1 nodes getting started
@tracker All nodes finishes job
start listen on 10.110.42.71:56547
@tracker All of 1 nodes getting started
@tracker All nodes finishes job
start listen on 10.110.42.71:36779
@tracker All of 1 nodes getting started
@tracker All nodes finishes job
start listen on 10.110.42.71:41693
@tracker All of 1 nodes getting started
@tracker All nodes finishes job
start listen on 10.110.42.71:43183
@tracker All of 1 nodes getting started
@tracker All nodes finishes job
