Trial 965 finished with value: 0.9721666666666666 and parameters: {'tree_method': 'gpu_hist', 'lambda': 0.06960417110424205, 'alpha': 0.03277121501898282, 'colsample_bytree': 0.492052104257597, 'subsample': 0.8920318856579134, 'learning_rate': 0.08968652189290921, 'max_depth': 5, 'min_child_weight': 59, 'eval_metric': 'logloss'}. Best is trial 425 with value: 0.9801333333333333.
start listen on 10.110.42.71:54547
@tracker All of 1 nodes getting started
@tracker All nodes finishes job
start listen on 10.110.42.71:60405
@tracker All of 1 nodes getting started
@tracker All nodes finishes job
start listen on 10.110.42.71:46827
@tracker All of 1 nodes getting started
@tracker All nodes finishes job
start listen on 10.110.42.71:54157
@tracker All of 1 nodes getting started
@tracker All nodes finishes job
start listen on 10.110.42.71:41333
@tracker All of 1 nodes getting started
@tracker All nodes finishes job
Trial 966 finished with value: 0.9760333333333333 and parameters: {'tree_method': 'gpu_hist', 'lambda': 1.095603891671559, 'alpha': 0.009823890183227296, 'colsample_bytree': 0.6173782229584625, 'subsample': 0.8732577122157633, 'learning_rate': 0.08231234216993112, 'max_depth': 5, 'min_child_weight': 20, 'eval_metric': 'logloss'}. Best is trial 425 with value: 0.9801333333333333.
start listen on 10.110.42.71:44591
@tracker All of 1 nodes getting started
@tracker All nodes finishes job
start listen on 10.110.42.71:38669
@tracker All of 1 nodes getting started
@tracker All nodes finishes job
start listen on 10.110.42.71:37717
@tracker All of 1 nodes getting started
@tracker All nodes finishes job
start listen on 10.110.42.71:38647
@tracker All of 1 nodes getting started
@tracker All nodes finishes job
start listen on 10.110.42.71:34005
@tracker All of 1 nodes getting started
@tracker All nodes finishes job
Trial 967 finished with value: 0.9779166666666667 and parameters: {'tree_method': 'gpu_hist', 'lambda': 0.05730208676268223, 'alpha': 0.015631933141408202, 'colsample_bytree': 0.3851622130957771, 'subsample': 0.9204773348806093, 'learning_rate': 0.07288444609156587, 'max_depth': 5, 'min_child_weight': 6, 'eval_metric': 'logloss'}. Best is trial 425 with value: 0.9801333333333333.
start listen on 10.110.42.71:55373
@tracker All of 1 nodes getting started
@tracker All nodes finishes job
start listen on 10.110.42.71:36155
@tracker All of 1 nodes getting started
@tracker All nodes finishes job
start listen on 10.110.42.71:44481
@tracker All of 1 nodes getting started
@tracker All nodes finishes job
start listen on 10.110.42.71:57175
@tracker All of 1 nodes getting started
@tracker All nodes finishes job
start listen on 10.110.42.71:53413
@tracker All of 1 nodes getting started
@tracker All nodes finishes job
Trial 968 finished with value: 0.97965 and parameters: {'tree_method': 'gpu_hist', 'lambda': 0.08090812247746097, 'alpha': 0.01366331869289284, 'colsample_bytree': 0.40943750815663826, 'subsample': 0.8413898974039318, 'learning_rate': 0.07061593872851198, 'max_depth': 5, 'min_child_weight': 1, 'eval_metric': 'logloss'}. Best is trial 425 with value: 0.9801333333333333.
start listen on 10.110.42.71:47189
@tracker All of 1 nodes getting started
@tracker All nodes finishes job
start listen on 10.110.42.71:41825
@tracker All of 1 nodes getting started
@tracker All nodes finishes job
start listen on 10.110.42.71:36187
@tracker All of 1 nodes getting started
@tracker All nodes finishes job
start listen on 10.110.42.71:38875
@tracker All of 1 nodes getting started
@tracker All nodes finishes job
start listen on 10.110.42.71:53963
@tracker All of 1 nodes getting started
@tracker All nodes finishes job
Trial 969 finished with value: 0.97725 and parameters: {'tree_method': 'gpu_hist', 'lambda': 0.5736821058674676, 'alpha': 0.018277883913799968, 'colsample_bytree': 0.4696040768542065, 'subsample': 0.9130413814625316, 'learning_rate': 0.0934477924529219, 'max_depth': 5, 'min_child_weight': 12, 'eval_metric': 'logloss'}. Best is trial 425 with value: 0.9801333333333333.
start listen on 10.110.42.71:60639
@tracker All of 1 nodes getting started
@tracker All nodes finishes job
start listen on 10.110.42.71:38443
@tracker All of 1 nodes getting started
@tracker All nodes finishes job
start listen on 10.110.42.71:57203
@tracker All of 1 nodes getting started
@tracker All nodes finishes job
start listen on 10.110.42.71:52519
@tracker All of 1 nodes getting started
@tracker All nodes finishes job
start listen on 10.110.42.71:38581
@tracker All of 1 nodes getting started
@tracker All nodes finishes job
Trial 970 finished with value: 0.9778666666666667 and parameters: {'tree_method': 'gpu_hist', 'lambda': 0.5452380393754781, 'alpha': 0.02642395941104764, 'colsample_bytree': 0.4475886585530093, 'subsample': 0.9007062065396544, 'learning_rate': 0.08818375141686961, 'max_depth': 5, 'min_child_weight': 7, 'eval_metric': 'logloss'}. Best is trial 425 with value: 0.9801333333333333.
start listen on 10.110.42.71:55529
@tracker All of 1 nodes getting started
@tracker All nodes finishes job
start listen on 10.110.42.71:60777
@tracker All of 1 nodes getting started
@tracker All nodes finishes job
start listen on 10.110.42.71:60593
@tracker All of 1 nodes getting started
@tracker All nodes finishes job
start listen on 10.110.42.71:49905
@tracker All of 1 nodes getting started
@tracker All nodes finishes job
start listen on 10.110.42.71:38287
@tracker All of 1 nodes getting started
@tracker All nodes finishes job
Trial 971 finished with value: 0.9764 and parameters: {'tree_method': 'gpu_hist', 'lambda': 0.10081944848435215, 'alpha': 0.00695328017004396, 'colsample_bytree': 0.9938270592438747, 'subsample': 0.8521662262736854, 'learning_rate': 0.07921515652776905, 'max_depth': 5, 'min_child_weight': 15, 'eval_metric': 'logloss'}. Best is trial 425 with value: 0.9801333333333333.
start listen on 10.110.42.71:52931
@tracker All of 1 nodes getting started
@tracker All nodes finishes job
start listen on 10.110.42.71:32989
@tracker All of 1 nodes getting started
@tracker All nodes finishes job
start listen on 10.110.42.71:34427
@tracker All of 1 nodes getting started
@tracker All nodes finishes job
start listen on 10.110.42.71:51961
@tracker All of 1 nodes getting started
@tracker All nodes finishes job
start listen on 10.110.42.71:34875
@tracker All of 1 nodes getting started
@tracker All nodes finishes job
Trial 972 finished with value: 0.9796166666666667 and parameters: {'tree_method': 'gpu_hist', 'lambda': 0.8026833540586218, 'alpha': 0.05653075245923271, 'colsample_bytree': 0.42826802127760827, 'subsample': 0.8818519259376705, 'learning_rate': 0.09983554960871215, 'max_depth': 5, 'min_child_weight': 1, 'eval_metric': 'logloss'}. Best is trial 425 with value: 0.9801333333333333.
start listen on 10.110.42.71:60525
@tracker All of 1 nodes getting started
@tracker All nodes finishes job
start listen on 10.110.42.71:42871
@tracker All of 1 nodes getting started
@tracker All nodes finishes job
start listen on 10.110.42.71:43147
@tracker All of 1 nodes getting started
@tracker All nodes finishes job
start listen on 10.110.42.71:32909
@tracker All of 1 nodes getting started
@tracker All nodes finishes job
start listen on 10.110.42.71:36467
@tracker All of 1 nodes getting started
@tracker All nodes finishes job
Trial 973 finished with value: 0.9778333333333333 and parameters: {'tree_method': 'gpu_hist', 'lambda': 0.7057344648933302, 'alpha': 0.010893628283682536, 'colsample_bytree': 0.45909488446025687, 'subsample': 0.8269563621333565, 'learning_rate': 0.08214798342627008, 'max_depth': 5, 'min_child_weight': 7, 'eval_metric': 'logloss'}. Best is trial 425 with value: 0.9801333333333333.
start listen on 10.110.42.71:38717
@tracker All of 1 nodes getting started
@tracker All nodes finishes job
start listen on 10.110.42.71:41765
@tracker All of 1 nodes getting started
@tracker All nodes finishes job
start listen on 10.110.42.71:52899
@tracker All of 1 nodes getting started
@tracker All nodes finishes job
start listen on 10.110.42.71:58245
@tracker All of 1 nodes getting started
@tracker All nodes finishes job
start listen on 10.110.42.71:33549
@tracker All of 1 nodes getting started
@tracker All nodes finishes job
Trial 974 finished with value: 0.9571833333333334 and parameters: {'tree_method': 'gpu_hist', 'lambda': 0.06074171210962046, 'alpha': 0.016233681487386527, 'colsample_bytree': 0.39354833206956175, 'subsample': 0.8627070710467551, 'learning_rate': 0.06889351423067726, 'max_depth': 5, 'min_child_weight': 200, 'eval_metric': 'logloss'}. Best is trial 425 with value: 0.9801333333333333.
start listen on 10.110.42.71:44865
@tracker All of 1 nodes getting started
@tracker All nodes finishes job
start listen on 10.110.42.71:42609
@tracker All of 1 nodes getting started
@tracker All nodes finishes job
start listen on 10.110.42.71:37983
@tracker All of 1 nodes getting started
@tracker All nodes finishes job
start listen on 10.110.42.71:33185
@tracker All of 1 nodes getting started
@tracker All nodes finishes job
start listen on 10.110.42.71:37215
@tracker All of 1 nodes getting started
@tracker All nodes finishes job
Trial 975 finished with value: 0.9773833333333334 and parameters: {'tree_method': 'gpu_hist', 'lambda': 1.0610318372644751, 'alpha': 0.004639206881406194, 'colsample_bytree': 0.4425504842194134, 'subsample': 0.8091323447778953, 'learning_rate': 0.085737321080633, 'max_depth': 17, 'min_child_weight': 11, 'eval_metric': 'logloss'}. Best is trial 425 with value: 0.9801333333333333.
start listen on 10.110.42.71:59519
@tracker All of 1 nodes getting started
@tracker All nodes finishes job
start listen on 10.110.42.71:49547
@tracker All of 1 nodes getting started
@tracker All nodes finishes job
start listen on 10.110.42.71:48965
@tracker All of 1 nodes getting started
@tracker All nodes finishes job
start listen on 10.110.42.71:43937
@tracker All of 1 nodes getting started
@tracker All nodes finishes job
start listen on 10.110.42.71:60173
@tracker All of 1 nodes getting started
@tracker All nodes finishes job
Trial 976 finished with value: 0.9738666666666667 and parameters: {'tree_method': 'gpu_hist', 'lambda': 1.2862736477768582, 'alpha': 6.0924910071863465, 'colsample_bytree': 0.414346961281801, 'subsample': 0.9296267687142082, 'learning_rate': 0.07545210920188716, 'max_depth': 5, 'min_child_weight': 6, 'eval_metric': 'logloss'}. Best is trial 425 with value: 0.9801333333333333.
start listen on 10.110.42.71:39261
@tracker All of 1 nodes getting started
@tracker All nodes finishes job
start listen on 10.110.42.71:39313
@tracker All of 1 nodes getting started
@tracker All nodes finishes job
start listen on 10.110.42.71:49455
@tracker All of 1 nodes getting started
@tracker All nodes finishes job
start listen on 10.110.42.71:36639
@tracker All of 1 nodes getting started
@tracker All nodes finishes job
start listen on 10.110.42.71:56183
@tracker All of 1 nodes getting started
@tracker All nodes finishes job
Trial 977 finished with value: 0.9796833333333334 and parameters: {'tree_method': 'gpu_hist', 'lambda': 0.08204565231329818, 'alpha': 0.021997624101022385, 'colsample_bytree': 0.3692861641040617, 'subsample': 0.9079848554465425, 'learning_rate': 0.09140206955690088, 'max_depth': 5, 'min_child_weight': 1, 'eval_metric': 'logloss'}. Best is trial 425 with value: 0.9801333333333333.
start listen on 10.110.42.71:59321
@tracker All of 1 nodes getting started
@tracker All nodes finishes job
start listen on 10.110.42.71:49255
@tracker All of 1 nodes getting started
@tracker All nodes finishes job
start listen on 10.110.42.71:47013
@tracker All of 1 nodes getting started
@tracker All nodes finishes job
start listen on 10.110.42.71:48713
@tracker All of 1 nodes getting started
@tracker All nodes finishes job
start listen on 10.110.42.71:44805
@tracker All of 1 nodes getting started
@tracker All nodes finishes job
Trial 978 finished with value: 0.9659 and parameters: {'tree_method': 'gpu_hist', 'lambda': 0.04186243864789548, 'alpha': 0.013626043323780397, 'colsample_bytree': 0.3798950808457085, 'subsample': 0.8893529668176283, 'learning_rate': 0.06404267442879226, 'max_depth': 7, 'min_child_weight': 124, 'eval_metric': 'logloss'}. Best is trial 425 with value: 0.9801333333333333.
start listen on 10.110.42.71:51057
@tracker All of 1 nodes getting started
@tracker All nodes finishes job
start listen on 10.110.42.71:44179
@tracker All of 1 nodes getting started
@tracker All nodes finishes job
start listen on 10.110.42.71:45625
@tracker All of 1 nodes getting started
@tracker All nodes finishes job
start listen on 10.110.42.71:37181
@tracker All of 1 nodes getting started
@tracker All nodes finishes job
start listen on 10.110.42.71:50097
@tracker All of 1 nodes getting started
@tracker All nodes finishes job
Trial 979 finished with value: 0.97595 and parameters: {'tree_method': 'gpu_hist', 'lambda': 0.8738046226153839, 'alpha': 0.008121789918320802, 'colsample_bytree': 0.4284943441882028, 'subsample': 0.8753871915855755, 'learning_rate': 0.08386271161410387, 'max_depth': 20, 'min_child_weight': 21, 'eval_metric': 'logloss'}. Best is trial 425 with value: 0.9801333333333333.
start listen on 10.110.42.71:54239
@tracker All of 1 nodes getting started
@tracker All nodes finishes job
start listen on 10.110.42.71:50447
@tracker All of 1 nodes getting started
@tracker All nodes finishes job
start listen on 10.110.42.71:60219
@tracker All of 1 nodes getting started
@tracker All nodes finishes job
start listen on 10.110.42.71:54659
@tracker All of 1 nodes getting started
@tracker All nodes finishes job
start listen on 10.110.42.71:48679
@tracker All of 1 nodes getting started
@tracker All nodes finishes job
Trial 980 finished with value: 0.9751666666666666 and parameters: {'tree_method': 'gpu_hist', 'lambda': 1.539349184428103, 'alpha': 0.011446720578431156, 'colsample_bytree': 0.40682194949131817, 'subsample': 0.858132638738855, 'learning_rate': 0.030292268764224695, 'max_depth': 5, 'min_child_weight': 14, 'eval_metric': 'logloss'}. Best is trial 425 with value: 0.9801333333333333.
start listen on 10.110.42.71:37797
@tracker All of 1 nodes getting started
@tracker All nodes finishes job
start listen on 10.110.42.71:48933
@tracker All of 1 nodes getting started
@tracker All nodes finishes job
start listen on 10.110.42.71:47343
@tracker All of 1 nodes getting started
@tracker All nodes finishes job
start listen on 10.110.42.71:34091
@tracker All of 1 nodes getting started
@tracker All nodes finishes job
start listen on 10.110.42.71:36271
@tracker All of 1 nodes getting started
@tracker All nodes finishes job
Trial 981 finished with value: 0.9798166666666667 and parameters: {'tree_method': 'gpu_hist', 'lambda': 0.06952991876094078, 'alpha': 0.04503044765135617, 'colsample_bytree': 0.4747388469813668, 'subsample': 0.8934376262602047, 'learning_rate': 0.09250132664047987, 'max_depth': 5, 'min_child_weight': 1, 'eval_metric': 'logloss'}. Best is trial 425 with value: 0.9801333333333333.
start listen on 10.110.42.71:57587
@tracker All of 1 nodes getting started
@tracker All nodes finishes job
start listen on 10.110.42.71:35835
@tracker All of 1 nodes getting started
@tracker All nodes finishes job
start listen on 10.110.42.71:54977
@tracker All of 1 nodes getting started
@tracker All nodes finishes job
start listen on 10.110.42.71:37193
@tracker All of 1 nodes getting started
@tracker All nodes finishes job
start listen on 10.110.42.71:35811
@tracker All of 1 nodes getting started
@tracker All nodes finishes job
Trial 982 finished with value: 0.9779166666666667 and parameters: {'tree_method': 'gpu_hist', 'lambda': 0.04933077664372078, 'alpha': 0.07530485746434054, 'colsample_bytree': 0.3630227627999097, 'subsample': 0.9063804774906441, 'learning_rate': 0.09287060955582464, 'max_depth': 5, 'min_child_weight': 7, 'eval_metric': 'logloss'}. Best is trial 425 with value: 0.9801333333333333.
start listen on 10.110.42.71:35321
@tracker All of 1 nodes getting started
@tracker All nodes finishes job
start listen on 10.110.42.71:37245
@tracker All of 1 nodes getting started
@tracker All nodes finishes job
start listen on 10.110.42.71:38297
@tracker All of 1 nodes getting started
@tracker All nodes finishes job
start listen on 10.110.42.71:36371
@tracker All of 1 nodes getting started
@tracker All nodes finishes job
start listen on 10.110.42.71:54105
@tracker All of 1 nodes getting started
@tracker All nodes finishes job
Trial 983 finished with value: 0.9531833333333334 and parameters: {'tree_method': 'gpu_hist', 'lambda': 0.3202253849985717, 'alpha': 0.01936111993813753, 'colsample_bytree': 0.4604830636965761, 'subsample': 0.8927732213492088, 'learning_rate': 0.09961269821742995, 'max_depth': 9, 'min_child_weight': 263, 'eval_metric': 'logloss'}. Best is trial 425 with value: 0.9801333333333333.
start listen on 10.110.42.71:33089
@tracker All of 1 nodes getting started
@tracker All nodes finishes job
start listen on 10.110.42.71:59655
@tracker All of 1 nodes getting started
@tracker All nodes finishes job
start listen on 10.110.42.71:36563
@tracker All of 1 nodes getting started
@tracker All nodes finishes job
start listen on 10.110.42.71:49273
@tracker All of 1 nodes getting started
@tracker All nodes finishes job
start listen on 10.110.42.71:40239
@tracker All of 1 nodes getting started
@tracker All nodes finishes job
Trial 984 finished with value: 0.9777 and parameters: {'tree_method': 'gpu_hist', 'lambda': 0.06235068751067835, 'alpha': 0.015002402013500183, 'colsample_bytree': 0.3945379702773662, 'subsample': 0.9424543632805917, 'learning_rate': 0.07663573468584263, 'max_depth': 5, 'min_child_weight': 11, 'eval_metric': 'logloss'}. Best is trial 425 with value: 0.9801333333333333.
start listen on 10.110.42.71:54243
@tracker All of 1 nodes getting started
@tracker All nodes finishes job
start listen on 10.110.42.71:36333
@tracker All of 1 nodes getting started
@tracker All nodes finishes job
start listen on 10.110.42.71:50185
@tracker All of 1 nodes getting started
@tracker All nodes finishes job
start listen on 10.110.42.71:44291
@tracker All of 1 nodes getting started
@tracker All nodes finishes job
start listen on 10.110.42.71:55073
@tracker All of 1 nodes getting started
@tracker All nodes finishes job
Trial 985 finished with value: 0.9778833333333333 and parameters: {'tree_method': 'gpu_hist', 'lambda': 0.7292760270912304, 'alpha': 0.010130942368892873, 'colsample_bytree': 0.4403770313821879, 'subsample': 0.8741208999996183, 'learning_rate': 0.08625953540667099, 'max_depth': 5, 'min_child_weight': 7, 'eval_metric': 'logloss'}. Best is trial 425 with value: 0.9801333333333333.
start listen on 10.110.42.71:35003
@tracker All of 1 nodes getting started
@tracker All nodes finishes job
start listen on 10.110.42.71:35125
@tracker All of 1 nodes getting started
@tracker All nodes finishes job
start listen on 10.110.42.71:57003
@tracker All of 1 nodes getting started
@tracker All nodes finishes job
start listen on 10.110.42.71:37573
@tracker All of 1 nodes getting started
@tracker All nodes finishes job
start listen on 10.110.42.71:33793
@tracker All of 1 nodes getting started
@tracker All nodes finishes job
Trial 986 finished with value: 0.891 and parameters: {'tree_method': 'gpu_hist', 'lambda': 0.49265550129174507, 'alpha': 0.027256293381046716, 'colsample_bytree': 0.48373848719781654, 'subsample': 0.9102308530173402, 'learning_rate': 0.001780676158874944, 'max_depth': 11, 'min_child_weight': 217, 'eval_metric': 'logloss'}. Best is trial 425 with value: 0.9801333333333333.
start listen on 10.110.42.71:48169
@tracker All of 1 nodes getting started
@tracker All nodes finishes job
start listen on 10.110.42.71:40647
@tracker All of 1 nodes getting started
@tracker All nodes finishes job
start listen on 10.110.42.71:50881
@tracker All of 1 nodes getting started
@tracker All nodes finishes job
start listen on 10.110.42.71:50015
@tracker All of 1 nodes getting started
@tracker All nodes finishes job
start listen on 10.110.42.71:32825
@tracker All of 1 nodes getting started
@tracker All nodes finishes job
Trial 987 finished with value: 0.95595 and parameters: {'tree_method': 'gpu_hist', 'lambda': 0.09735179995465144, 'alpha': 0.005908664794930979, 'colsample_bytree': 0.4191310361496073, 'subsample': 0.9602963388777086, 'learning_rate': 0.006668432798181364, 'max_depth': 5, 'min_child_weight': 1, 'eval_metric': 'logloss'}. Best is trial 425 with value: 0.9801333333333333.
start listen on 10.110.42.71:52749
@tracker All of 1 nodes getting started
@tracker All nodes finishes job
start listen on 10.110.42.71:53291
@tracker All of 1 nodes getting started
@tracker All nodes finishes job
start listen on 10.110.42.71:51197
@tracker All of 1 nodes getting started
@tracker All nodes finishes job
start listen on 10.110.42.71:44763
@tracker All of 1 nodes getting started
@tracker All nodes finishes job
start listen on 10.110.42.71:35495
@tracker All of 1 nodes getting started
@tracker All nodes finishes job
Trial 988 finished with value: 0.9744 and parameters: {'tree_method': 'gpu_hist', 'lambda': 0.13309672086842927, 'alpha': 0.01820541399392029, 'colsample_bytree': 0.4548909462076555, 'subsample': 0.8844837662632957, 'learning_rate': 0.0995110852899548, 'max_depth': 3, 'min_child_weight': 19, 'eval_metric': 'logloss'}. Best is trial 425 with value: 0.9801333333333333.
start listen on 10.110.42.71:33841
@tracker All of 1 nodes getting started
@tracker All nodes finishes job
start listen on 10.110.42.71:37931
@tracker All of 1 nodes getting started
@tracker All nodes finishes job
start listen on 10.110.42.71:52405
@tracker All of 1 nodes getting started
@tracker All nodes finishes job
start listen on 10.110.42.71:50131
@tracker All of 1 nodes getting started
@tracker All nodes finishes job
start listen on 10.110.42.71:54213
@tracker All of 1 nodes getting started
@tracker All nodes finishes job
