Trial 389 finished with value: 0.9774 and parameters: {'tree_method': 'gpu_hist', 'lambda': 1.5033992939663388, 'alpha': 0.03110402268145969, 'colsample_bytree': 0.7060553008067262, 'subsample': 0.9133590211726398, 'learning_rate': 0.07587750979689258, 'max_depth': 5, 'min_child_weight': 11, 'eval_metric': 'logloss'}. Best is trial 305 with value: 0.98.
start listen on 10.110.42.71:54309
@tracker All of 1 nodes getting started
@tracker All nodes finishes job
start listen on 10.110.42.71:52503
@tracker All of 1 nodes getting started
@tracker All nodes finishes job
start listen on 10.110.42.71:46711
@tracker All of 1 nodes getting started
@tracker All nodes finishes job
start listen on 10.110.42.71:54709
@tracker All of 1 nodes getting started
@tracker All nodes finishes job
start listen on 10.110.42.71:52947
@tracker All of 1 nodes getting started
@tracker All nodes finishes job
Trial 390 finished with value: 0.9783333333333334 and parameters: {'tree_method': 'gpu_hist', 'lambda': 1.1284577423570366, 'alpha': 0.015051606220806596, 'colsample_bytree': 0.3560903953508789, 'subsample': 0.9536190586968865, 'learning_rate': 0.06924135825101983, 'max_depth': 5, 'min_child_weight': 6, 'eval_metric': 'logloss'}. Best is trial 305 with value: 0.98.
start listen on 10.110.42.71:59921
@tracker All of 1 nodes getting started
@tracker All nodes finishes job
start listen on 10.110.42.71:46719
@tracker All of 1 nodes getting started
@tracker All nodes finishes job
start listen on 10.110.42.71:47259
@tracker All of 1 nodes getting started
@tracker All nodes finishes job
start listen on 10.110.42.71:49765
@tracker All of 1 nodes getting started
@tracker All nodes finishes job
start listen on 10.110.42.71:37363
@tracker All of 1 nodes getting started
@tracker All nodes finishes job
Trial 391 finished with value: 0.9751 and parameters: {'tree_method': 'gpu_hist', 'lambda': 0.22952766731672503, 'alpha': 0.011461822700358656, 'colsample_bytree': 0.4849926594886875, 'subsample': 0.890312832834942, 'learning_rate': 0.02107740209503793, 'max_depth': 13, 'min_child_weight': 18, 'eval_metric': 'logloss'}. Best is trial 305 with value: 0.98.
start listen on 10.110.42.71:48571
@tracker All of 1 nodes getting started
@tracker All nodes finishes job
start listen on 10.110.42.71:40941
@tracker All of 1 nodes getting started
@tracker All nodes finishes job
start listen on 10.110.42.71:57299
@tracker All of 1 nodes getting started
@tracker All nodes finishes job
start listen on 10.110.42.71:55581
@tracker All of 1 nodes getting started
@tracker All nodes finishes job
start listen on 10.110.42.71:50747
@tracker All of 1 nodes getting started
@tracker All nodes finishes job
Trial 392 finished with value: 0.9740166666666666 and parameters: {'tree_method': 'gpu_hist', 'lambda': 0.6920154662716844, 'alpha': 7.3879714539932, 'colsample_bytree': 0.39684646338694607, 'subsample': 0.8687933092462705, 'learning_rate': 0.08723982484514067, 'max_depth': 5, 'min_child_weight': 11, 'eval_metric': 'logloss'}. Best is trial 305 with value: 0.98.
start listen on 10.110.42.71:55747
@tracker All of 1 nodes getting started
@tracker All nodes finishes job
start listen on 10.110.42.71:56969
@tracker All of 1 nodes getting started
@tracker All nodes finishes job
start listen on 10.110.42.71:50835
@tracker All of 1 nodes getting started
@tracker All nodes finishes job
start listen on 10.110.42.71:59059
@tracker All of 1 nodes getting started
@tracker All nodes finishes job
start listen on 10.110.42.71:40515
@tracker All of 1 nodes getting started
@tracker All nodes finishes job
Trial 393 finished with value: 0.9646666666666667 and parameters: {'tree_method': 'gpu_hist', 'lambda': 0.5291283235671255, 'alpha': 0.0182875376650043, 'colsample_bytree': 0.4183106654396382, 'subsample': 0.9035775635920869, 'learning_rate': 0.010121581800346372, 'max_depth': 5, 'min_child_weight': 1, 'eval_metric': 'logloss'}. Best is trial 305 with value: 0.98.
start listen on 10.110.42.71:54991
@tracker All of 1 nodes getting started
@tracker All nodes finishes job
start listen on 10.110.42.71:59919
@tracker All of 1 nodes getting started
@tracker All nodes finishes job
start listen on 10.110.42.71:48343
@tracker All of 1 nodes getting started
@tracker All nodes finishes job
start listen on 10.110.42.71:32771
@tracker All of 1 nodes getting started
@tracker All nodes finishes job
start listen on 10.110.42.71:34421
@tracker All of 1 nodes getting started
@tracker All nodes finishes job
Trial 394 finished with value: 0.9781833333333333 and parameters: {'tree_method': 'gpu_hist', 'lambda': 0.9544146756264406, 'alpha': 0.08228683048137378, 'colsample_bytree': 0.4672998450105599, 'subsample': 0.8555013622705064, 'learning_rate': 0.08116588068996415, 'max_depth': 5, 'min_child_weight': 6, 'eval_metric': 'logloss'}. Best is trial 305 with value: 0.98.
start listen on 10.110.42.71:52163
@tracker All of 1 nodes getting started
@tracker All nodes finishes job
start listen on 10.110.42.71:35719
@tracker All of 1 nodes getting started
@tracker All nodes finishes job
start listen on 10.110.42.71:44851
@tracker All of 1 nodes getting started
@tracker All nodes finishes job
start listen on 10.110.42.71:43139
@tracker All of 1 nodes getting started
@tracker All nodes finishes job
start listen on 10.110.42.71:52013
@tracker All of 1 nodes getting started
@tracker All nodes finishes job
Trial 395 finished with value: 0.9764833333333334 and parameters: {'tree_method': 'gpu_hist', 'lambda': 0.7929981765828417, 'alpha': 0.027437162496229864, 'colsample_bytree': 0.44224878982203053, 'subsample': 0.9925603210764974, 'learning_rate': 0.09145524035633376, 'max_depth': 5, 'min_child_weight': 15, 'eval_metric': 'logloss'}. Best is trial 305 with value: 0.98.
start listen on 10.110.42.71:43029
@tracker All of 1 nodes getting started
@tracker All nodes finishes job
start listen on 10.110.42.71:40637
@tracker All of 1 nodes getting started
@tracker All nodes finishes job
start listen on 10.110.42.71:49607
@tracker All of 1 nodes getting started
@tracker All nodes finishes job
start listen on 10.110.42.71:55667
@tracker All of 1 nodes getting started
@tracker All nodes finishes job
start listen on 10.110.42.71:52077
@tracker All of 1 nodes getting started
@tracker All nodes finishes job
Trial 396 finished with value: 0.9794166666666667 and parameters: {'tree_method': 'gpu_hist', 'lambda': 1.218047678064898, 'alpha': 0.013649540143865959, 'colsample_bytree': 0.41134035773825, 'subsample': 0.8825781346293323, 'learning_rate': 0.07763175375873393, 'max_depth': 5, 'min_child_weight': 1, 'eval_metric': 'logloss'}. Best is trial 305 with value: 0.98.
start listen on 10.110.42.71:36439
@tracker All of 1 nodes getting started
@tracker All nodes finishes job
start listen on 10.110.42.71:35331
@tracker All of 1 nodes getting started
@tracker All nodes finishes job
start listen on 10.110.42.71:48469
@tracker All of 1 nodes getting started
@tracker All nodes finishes job
start listen on 10.110.42.71:55845
@tracker All of 1 nodes getting started
@tracker All nodes finishes job
start listen on 10.110.42.71:55961
@tracker All of 1 nodes getting started
@tracker All nodes finishes job
Trial 397 finished with value: 0.9779333333333333 and parameters: {'tree_method': 'gpu_hist', 'lambda': 0.6608243635281662, 'alpha': 0.022575580559132967, 'colsample_bytree': 0.4284256618272495, 'subsample': 0.909833420227599, 'learning_rate': 0.09979789844228838, 'max_depth': 5, 'min_child_weight': 7, 'eval_metric': 'logloss'}. Best is trial 305 with value: 0.98.
start listen on 10.110.42.71:43445
@tracker All of 1 nodes getting started
@tracker All nodes finishes job
start listen on 10.110.42.71:47657
@tracker All of 1 nodes getting started
@tracker All nodes finishes job
start listen on 10.110.42.71:53505
@tracker All of 1 nodes getting started
@tracker All nodes finishes job
start listen on 10.110.42.71:49287
@tracker All of 1 nodes getting started
@tracker All nodes finishes job
start listen on 10.110.42.71:54785
@tracker All of 1 nodes getting started
@tracker All nodes finishes job
Trial 398 finished with value: 0.9774 and parameters: {'tree_method': 'gpu_hist', 'lambda': 1.0028150559156441, 'alpha': 0.007324934263478548, 'colsample_bytree': 0.387205385762556, 'subsample': 0.9645673772250698, 'learning_rate': 0.07155917671546637, 'max_depth': 5, 'min_child_weight': 12, 'eval_metric': 'logloss'}. Best is trial 305 with value: 0.98.
start listen on 10.110.42.71:38199
@tracker All of 1 nodes getting started
@tracker All nodes finishes job
start listen on 10.110.42.71:51057
@tracker All of 1 nodes getting started
@tracker All nodes finishes job
start listen on 10.110.42.71:39823
@tracker All of 1 nodes getting started
@tracker All nodes finishes job
start listen on 10.110.42.71:43863
@tracker All of 1 nodes getting started
@tracker All nodes finishes job
start listen on 10.110.42.71:59219
@tracker All of 1 nodes getting started
@tracker All nodes finishes job
Trial 399 finished with value: 0.9797833333333333 and parameters: {'tree_method': 'gpu_hist', 'lambda': 0.7941208361954245, 'alpha': 0.005349893982465909, 'colsample_bytree': 0.4551990609685817, 'subsample': 0.9865722717232429, 'learning_rate': 0.08524691701584945, 'max_depth': 5, 'min_child_weight': 1, 'eval_metric': 'logloss'}. Best is trial 305 with value: 0.98.
start listen on 10.110.42.71:39925
@tracker All of 1 nodes getting started
@tracker All nodes finishes job
start listen on 10.110.42.71:58843
@tracker All of 1 nodes getting started
@tracker All nodes finishes job
start listen on 10.110.42.71:41647
@tracker All of 1 nodes getting started
@tracker All nodes finishes job
start listen on 10.110.42.71:39349
@tracker All of 1 nodes getting started
@tracker All nodes finishes job
start listen on 10.110.42.71:36185
@tracker All of 1 nodes getting started
@tracker All nodes finishes job
Trial 400 finished with value: 0.9778833333333333 and parameters: {'tree_method': 'gpu_hist', 'lambda': 0.365190982102124, 'alpha': 0.006312505661454537, 'colsample_bytree': 0.4663020749643545, 'subsample': 0.9877898478029421, 'learning_rate': 0.06329628447183165, 'max_depth': 5, 'min_child_weight': 7, 'eval_metric': 'logloss'}. Best is trial 305 with value: 0.98.
start listen on 10.110.42.71:59653
@tracker All of 1 nodes getting started
@tracker All nodes finishes job
start listen on 10.110.42.71:33649
@tracker All of 1 nodes getting started
@tracker All nodes finishes job
start listen on 10.110.42.71:48823
@tracker All of 1 nodes getting started
@tracker All nodes finishes job
start listen on 10.110.42.71:36129
@tracker All of 1 nodes getting started
@tracker All nodes finishes job
start listen on 10.110.42.71:53795
@tracker All of 1 nodes getting started
@tracker All nodes finishes job
Trial 401 finished with value: 0.9766166666666667 and parameters: {'tree_method': 'gpu_hist', 'lambda': 0.5701607155633851, 'alpha': 0.03661614873885345, 'colsample_bytree': 0.4857257274525188, 'subsample': 0.9791483168856252, 'learning_rate': 0.07938115904846949, 'max_depth': 5, 'min_child_weight': 21, 'eval_metric': 'logloss'}. Best is trial 305 with value: 0.98.
start listen on 10.110.42.71:35663
@tracker All of 1 nodes getting started
@tracker All nodes finishes job
start listen on 10.110.42.71:44997
@tracker All of 1 nodes getting started
@tracker All nodes finishes job
start listen on 10.110.42.71:53335
@tracker All of 1 nodes getting started
@tracker All nodes finishes job
start listen on 10.110.42.71:47939
@tracker All of 1 nodes getting started
@tracker All nodes finishes job
start listen on 10.110.42.71:45533
@tracker All of 1 nodes getting started
@tracker All nodes finishes job
Trial 402 finished with value: 0.9769166666666667 and parameters: {'tree_method': 'gpu_hist', 'lambda': 0.8168475399375771, 'alpha': 0.0038558654024343332, 'colsample_bytree': 0.45055238287117133, 'subsample': 0.9886121014235968, 'learning_rate': 0.052867819210501855, 'max_depth': 17, 'min_child_weight': 11, 'eval_metric': 'logloss'}. Best is trial 305 with value: 0.98.
start listen on 10.110.42.71:45963
@tracker All of 1 nodes getting started
@tracker All nodes finishes job
start listen on 10.110.42.71:45427
@tracker All of 1 nodes getting started
@tracker All nodes finishes job
start listen on 10.110.42.71:56751
@tracker All of 1 nodes getting started
@tracker All nodes finishes job
start listen on 10.110.42.71:40889
@tracker All of 1 nodes getting started
@tracker All nodes finishes job
start listen on 10.110.42.71:50139
@tracker All of 1 nodes getting started
@tracker All nodes finishes job
Trial 403 finished with value: 0.9795166666666667 and parameters: {'tree_method': 'gpu_hist', 'lambda': 0.7051593412617225, 'alpha': 0.01941050953640526, 'colsample_bytree': 0.45956295292407595, 'subsample': 0.9998327245450548, 'learning_rate': 0.09283814586096367, 'max_depth': 5, 'min_child_weight': 1, 'eval_metric': 'logloss'}. Best is trial 305 with value: 0.98.
start listen on 10.110.42.71:49845
@tracker All of 1 nodes getting started
@tracker All nodes finishes job
start listen on 10.110.42.71:52391
@tracker All of 1 nodes getting started
@tracker All nodes finishes job
start listen on 10.110.42.71:57583
@tracker All of 1 nodes getting started
@tracker All nodes finishes job
start listen on 10.110.42.71:60349
@tracker All of 1 nodes getting started
@tracker All nodes finishes job
start listen on 10.110.42.71:52423
@tracker All of 1 nodes getting started
@tracker All nodes finishes job
Trial 404 finished with value: 0.9781 and parameters: {'tree_method': 'gpu_hist', 'lambda': 0.8312033582152193, 'alpha': 0.005490057705822791, 'colsample_bytree': 0.47684231496206353, 'subsample': 0.9691887184673067, 'learning_rate': 0.06692890377890348, 'max_depth': 5, 'min_child_weight': 6, 'eval_metric': 'logloss'}. Best is trial 305 with value: 0.98.
start listen on 10.110.42.71:38573
@tracker All of 1 nodes getting started
@tracker All nodes finishes job
start listen on 10.110.42.71:53297
@tracker All of 1 nodes getting started
@tracker All nodes finishes job
start listen on 10.110.42.71:47035
@tracker All of 1 nodes getting started
@tracker All nodes finishes job
start listen on 10.110.42.71:57607
@tracker All of 1 nodes getting started
@tracker All nodes finishes job
start listen on 10.110.42.71:41263
@tracker All of 1 nodes getting started
@tracker All nodes finishes job
Trial 405 finished with value: 0.9642833333333334 and parameters: {'tree_method': 'gpu_hist', 'lambda': 0.44880479546530044, 'alpha': 0.015655196138389015, 'colsample_bytree': 0.4432240294368458, 'subsample': 0.9514935598975431, 'learning_rate': 0.08540702067564628, 'max_depth': 5, 'min_child_weight': 154, 'eval_metric': 'logloss'}. Best is trial 305 with value: 0.98.
start listen on 10.110.42.71:44307
@tracker All of 1 nodes getting started
@tracker All nodes finishes job
start listen on 10.110.42.71:46611
@tracker All of 1 nodes getting started
@tracker All nodes finishes job
start listen on 10.110.42.71:50681
@tracker All of 1 nodes getting started
@tracker All nodes finishes job
start listen on 10.110.42.71:33925
@tracker All of 1 nodes getting started
@tracker All nodes finishes job
start listen on 10.110.42.71:44541
@tracker All of 1 nodes getting started
@tracker All nodes finishes job
Trial 406 finished with value: 0.9758166666666667 and parameters: {'tree_method': 'gpu_hist', 'lambda': 0.6407677008181822, 'alpha': 0.027108134572859387, 'colsample_bytree': 0.8914125828312982, 'subsample': 0.9786570882886839, 'learning_rate': 0.0725101127180604, 'max_depth': 20, 'min_child_weight': 17, 'eval_metric': 'logloss'}. Best is trial 305 with value: 0.98.
start listen on 10.110.42.71:40941
@tracker All of 1 nodes getting started
@tracker All nodes finishes job
start listen on 10.110.42.71:34075
@tracker All of 1 nodes getting started
@tracker All nodes finishes job
start listen on 10.110.42.71:58237
@tracker All of 1 nodes getting started
@tracker All nodes finishes job
start listen on 10.110.42.71:37989
@tracker All of 1 nodes getting started
@tracker All nodes finishes job
start listen on 10.110.42.71:42575
@tracker All of 1 nodes getting started
@tracker All nodes finishes job
Trial 407 finished with value: 0.97785 and parameters: {'tree_method': 'gpu_hist', 'lambda': 1.0427515287001141, 'alpha': 0.005717477378110084, 'colsample_bytree': 0.46412654434090567, 'subsample': 0.9479959117712258, 'learning_rate': 0.07886875309462837, 'max_depth': 5, 'min_child_weight': 6, 'eval_metric': 'logloss'}. Best is trial 305 with value: 0.98.
start listen on 10.110.42.71:34751
@tracker All of 1 nodes getting started
@tracker All nodes finishes job
start listen on 10.110.42.71:49595
@tracker All of 1 nodes getting started
@tracker All nodes finishes job
start listen on 10.110.42.71:53747
@tracker All of 1 nodes getting started
@tracker All nodes finishes job
start listen on 10.110.42.71:56861
@tracker All of 1 nodes getting started
@tracker All nodes finishes job
start listen on 10.110.42.71:58221
@tracker All of 1 nodes getting started
@tracker All nodes finishes job
Trial 408 finished with value: 0.9772666666666666 and parameters: {'tree_method': 'gpu_hist', 'lambda': 0.5135386731303493, 'alpha': 0.0049159249676625294, 'colsample_bytree': 0.49632427358154446, 'subsample': 0.9633802073887778, 'learning_rate': 0.0920775751748297, 'max_depth': 9, 'min_child_weight': 11, 'eval_metric': 'logloss'}. Best is trial 305 with value: 0.98.
start listen on 10.110.42.71:32973
@tracker All of 1 nodes getting started
@tracker All nodes finishes job
start listen on 10.110.42.71:38275
@tracker All of 1 nodes getting started
@tracker All nodes finishes job
start listen on 10.110.42.71:42283
@tracker All of 1 nodes getting started
@tracker All nodes finishes job
start listen on 10.110.42.71:40157
@tracker All of 1 nodes getting started
@tracker All nodes finishes job
start listen on 10.110.42.71:35651
@tracker All of 1 nodes getting started
@tracker All nodes finishes job
Trial 409 finished with value: 0.97875 and parameters: {'tree_method': 'gpu_hist', 'lambda': 0.8725713657971117, 'alpha': 0.02162699955521503, 'colsample_bytree': 0.43336200586250695, 'subsample': 0.9881252518085729, 'learning_rate': 0.09988500705032205, 'max_depth': 5, 'min_child_weight': 6, 'eval_metric': 'logloss'}. Best is trial 305 with value: 0.98.
start listen on 10.110.42.71:34053
@tracker All of 1 nodes getting started
@tracker All nodes finishes job
start listen on 10.110.42.71:57233
@tracker All of 1 nodes getting started
@tracker All nodes finishes job
start listen on 10.110.42.71:34511
@tracker All of 1 nodes getting started
@tracker All nodes finishes job
start listen on 10.110.42.71:35973
@tracker All of 1 nodes getting started
@tracker All nodes finishes job
start listen on 10.110.42.71:38333
@tracker All of 1 nodes getting started
@tracker All nodes finishes job
Trial 410 finished with value: 0.97985 and parameters: {'tree_method': 'gpu_hist', 'lambda': 0.7605544728443419, 'alpha': 0.004196673491041799, 'colsample_bytree': 0.4517903682126179, 'subsample': 0.871162724359356, 'learning_rate': 0.08625693870477452, 'max_depth': 5, 'min_child_weight': 1, 'eval_metric': 'logloss'}. Best is trial 305 with value: 0.98.
start listen on 10.110.42.71:47845
@tracker All of 1 nodes getting started
@tracker All nodes finishes job
start listen on 10.110.42.71:49829
@tracker All of 1 nodes getting started
@tracker All nodes finishes job
start listen on 10.110.42.71:58237
@tracker All of 1 nodes getting started
@tracker All nodes finishes job
start listen on 10.110.42.71:37457
@tracker All of 1 nodes getting started
@tracker All nodes finishes job
start listen on 10.110.42.71:41839
@tracker All of 1 nodes getting started
@tracker All nodes finishes job
Trial 411 finished with value: 0.9799 and parameters: {'tree_method': 'gpu_hist', 'lambda': 0.6037020515929313, 'alpha': 0.01742292361017684, 'colsample_bytree': 0.4506349600330744, 'subsample': 0.8579055491172863, 'learning_rate': 0.08623523549146718, 'max_depth': 5, 'min_child_weight': 1, 'eval_metric': 'logloss'}. Best is trial 305 with value: 0.98.
start listen on 10.110.42.71:45589
@tracker All of 1 nodes getting started
@tracker All nodes finishes job
start listen on 10.110.42.71:41887
@tracker All of 1 nodes getting started
@tracker All nodes finishes job
start listen on 10.110.42.71:53425
@tracker All of 1 nodes getting started
@tracker All nodes finishes job
start listen on 10.110.42.71:39685
@tracker All of 1 nodes getting started
@tracker All nodes finishes job
start listen on 10.110.42.71:48363
@tracker All of 1 nodes getting started
@tracker All nodes finishes job
Trial 412 finished with value: 0.9766166666666667 and parameters: {'tree_method': 'gpu_hist', 'lambda': 0.5700385842046666, 'alpha': 0.017744174187035652, 'colsample_bytree': 0.448670664352051, 'subsample': 0.8249136772077338, 'learning_rate': 0.0841394825943629, 'max_depth': 11, 'min_child_weight': 15, 'eval_metric': 'logloss'}. Best is trial 305 with value: 0.98.
start listen on 10.110.42.71:59729
@tracker All of 1 nodes getting started
@tracker All nodes finishes job
start listen on 10.110.42.71:45457
@tracker All of 1 nodes getting started
@tracker All nodes finishes job
start listen on 10.110.42.71:37749
@tracker All of 1 nodes getting started
@tracker All nodes finishes job
start listen on 10.110.42.71:35035
@tracker All of 1 nodes getting started
@tracker All nodes finishes job
start listen on 10.110.42.71:44503
@tracker All of 1 nodes getting started
@tracker All nodes finishes job
