Trial 485 finished with value: 0.9776666666666667 and parameters: {'tree_method': 'gpu_hist', 'lambda': 0.6164549175434565, 'alpha': 0.22001647182605696, 'colsample_bytree': 0.7894207885260442, 'subsample': 0.986439653902321, 'learning_rate': 0.0808599811266406, 'max_depth': 5, 'min_child_weight': 6, 'eval_metric': 'logloss'}. Best is trial 425 with value: 0.9801333333333333.
start listen on 10.110.42.71:43101
@tracker All of 1 nodes getting started
@tracker All nodes finishes job
start listen on 10.110.42.71:47587
@tracker All of 1 nodes getting started
@tracker All nodes finishes job
start listen on 10.110.42.71:54131
@tracker All of 1 nodes getting started
@tracker All nodes finishes job
start listen on 10.110.42.71:40179
@tracker All of 1 nodes getting started
@tracker All nodes finishes job
start listen on 10.110.42.71:37481
@tracker All of 1 nodes getting started
@tracker All nodes finishes job
Trial 486 finished with value: 0.9793833333333334 and parameters: {'tree_method': 'gpu_hist', 'lambda': 0.6992511678279738, 'alpha': 0.03403815554096151, 'colsample_bytree': 0.45090913480862266, 'subsample': 0.9054186079300908, 'learning_rate': 0.08728516362558543, 'max_depth': 5, 'min_child_weight': 1, 'eval_metric': 'logloss'}. Best is trial 425 with value: 0.9801333333333333.
start listen on 10.110.42.71:53901
@tracker All of 1 nodes getting started
@tracker All nodes finishes job
start listen on 10.110.42.71:50285
@tracker All of 1 nodes getting started
@tracker All nodes finishes job
start listen on 10.110.42.71:42205
@tracker All of 1 nodes getting started
@tracker All nodes finishes job
start listen on 10.110.42.71:49087
@tracker All of 1 nodes getting started
@tracker All nodes finishes job
start listen on 10.110.42.71:37343
@tracker All of 1 nodes getting started
@tracker All nodes finishes job
Trial 487 finished with value: 0.9773 and parameters: {'tree_method': 'gpu_hist', 'lambda': 0.9640030828369952, 'alpha': 0.013923560437129095, 'colsample_bytree': 0.3944184130784571, 'subsample': 0.9364003572437495, 'learning_rate': 0.07522225288314495, 'max_depth': 5, 'min_child_weight': 14, 'eval_metric': 'logloss'}. Best is trial 425 with value: 0.9801333333333333.
start listen on 10.110.42.71:57947
@tracker All of 1 nodes getting started
@tracker All nodes finishes job
start listen on 10.110.42.71:36181
@tracker All of 1 nodes getting started
@tracker All nodes finishes job
start listen on 10.110.42.71:52319
@tracker All of 1 nodes getting started
@tracker All nodes finishes job
start listen on 10.110.42.71:53651
@tracker All of 1 nodes getting started
@tracker All nodes finishes job
start listen on 10.110.42.71:41347
@tracker All of 1 nodes getting started
@tracker All nodes finishes job
Trial 488 finished with value: 0.9777333333333333 and parameters: {'tree_method': 'gpu_hist', 'lambda': 1.4791271551789353, 'alpha': 0.029166841581219387, 'colsample_bytree': 0.3695475343309719, 'subsample': 0.9218423991072046, 'learning_rate': 0.06168801901278847, 'max_depth': 5, 'min_child_weight': 10, 'eval_metric': 'logloss'}. Best is trial 425 with value: 0.9801333333333333.
start listen on 10.110.42.71:58493
@tracker All of 1 nodes getting started
@tracker All nodes finishes job
start listen on 10.110.42.71:53855
@tracker All of 1 nodes getting started
@tracker All nodes finishes job
start listen on 10.110.42.71:35719
@tracker All of 1 nodes getting started
@tracker All nodes finishes job
start listen on 10.110.42.71:58529
@tracker All of 1 nodes getting started
@tracker All nodes finishes job
start listen on 10.110.42.71:49611
@tracker All of 1 nodes getting started
@tracker All nodes finishes job
Trial 489 finished with value: 0.9783333333333334 and parameters: {'tree_method': 'gpu_hist', 'lambda': 0.8249656950811611, 'alpha': 0.021184472762932127, 'colsample_bytree': 0.47941157536899176, 'subsample': 0.9810443494384173, 'learning_rate': 0.09259440523700836, 'max_depth': 5, 'min_child_weight': 6, 'eval_metric': 'logloss'}. Best is trial 425 with value: 0.9801333333333333.
start listen on 10.110.42.71:38077
@tracker All of 1 nodes getting started
@tracker All nodes finishes job
start listen on 10.110.42.71:42299
@tracker All of 1 nodes getting started
@tracker All nodes finishes job
start listen on 10.110.42.71:46457
@tracker All of 1 nodes getting started
@tracker All nodes finishes job
start listen on 10.110.42.71:34621
@tracker All of 1 nodes getting started
@tracker All nodes finishes job
start listen on 10.110.42.71:43151
@tracker All of 1 nodes getting started
@tracker All nodes finishes job
Trial 490 finished with value: 0.976 and parameters: {'tree_method': 'gpu_hist', 'lambda': 1.182068195755461, 'alpha': 0.01573672185321734, 'colsample_bytree': 0.4203696611474737, 'subsample': 0.952395273456584, 'learning_rate': 0.08177303847286732, 'max_depth': 5, 'min_child_weight': 24, 'eval_metric': 'logloss'}. Best is trial 425 with value: 0.9801333333333333.
start listen on 10.110.42.71:59431
@tracker All of 1 nodes getting started
@tracker All nodes finishes job
start listen on 10.110.42.71:34043
@tracker All of 1 nodes getting started
@tracker All nodes finishes job
start listen on 10.110.42.71:51205
@tracker All of 1 nodes getting started
@tracker All nodes finishes job
start listen on 10.110.42.71:39707
@tracker All of 1 nodes getting started
@tracker All nodes finishes job
start listen on 10.110.42.71:43559
@tracker All of 1 nodes getting started
@tracker All nodes finishes job
Trial 491 finished with value: 0.9764 and parameters: {'tree_method': 'gpu_hist', 'lambda': 0.5282450984640544, 'alpha': 0.004099201903543935, 'colsample_bytree': 0.44068959910349176, 'subsample': 0.9670489772577169, 'learning_rate': 0.08706898686685335, 'max_depth': 5, 'min_child_weight': 16, 'eval_metric': 'logloss'}. Best is trial 425 with value: 0.9801333333333333.
start listen on 10.110.42.71:53009
@tracker All of 1 nodes getting started
@tracker All nodes finishes job
start listen on 10.110.42.71:60903
@tracker All of 1 nodes getting started
@tracker All nodes finishes job
start listen on 10.110.42.71:42087
@tracker All of 1 nodes getting started
@tracker All nodes finishes job
start listen on 10.110.42.71:52401
@tracker All of 1 nodes getting started
@tracker All nodes finishes job
start listen on 10.110.42.71:47459
@tracker All of 1 nodes getting started
@tracker All nodes finishes job
Trial 492 finished with value: 0.9792833333333333 and parameters: {'tree_method': 'gpu_hist', 'lambda': 0.6688762634514815, 'alpha': 0.023501145839962868, 'colsample_bytree': 0.5034590063424504, 'subsample': 0.9990579416506399, 'learning_rate': 0.0726417311743912, 'max_depth': 5, 'min_child_weight': 1, 'eval_metric': 'logloss'}. Best is trial 425 with value: 0.9801333333333333.
start listen on 10.110.42.71:46071
@tracker All of 1 nodes getting started
@tracker All nodes finishes job
start listen on 10.110.42.71:53331
@tracker All of 1 nodes getting started
@tracker All nodes finishes job
start listen on 10.110.42.71:37167
@tracker All of 1 nodes getting started
@tracker All nodes finishes job
start listen on 10.110.42.71:59013
@tracker All of 1 nodes getting started
@tracker All nodes finishes job
start listen on 10.110.42.71:57293
@tracker All of 1 nodes getting started
@tracker All nodes finishes job
Trial 493 finished with value: 0.9773333333333334 and parameters: {'tree_method': 'gpu_hist', 'lambda': 1.0085724808469898, 'alpha': 0.012009487161434147, 'colsample_bytree': 0.46190017107867204, 'subsample': 0.862592548821774, 'learning_rate': 0.09968173971468737, 'max_depth': 5, 'min_child_weight': 10, 'eval_metric': 'logloss'}. Best is trial 425 with value: 0.9801333333333333.
start listen on 10.110.42.71:59153
@tracker All of 1 nodes getting started
@tracker All nodes finishes job
start listen on 10.110.42.71:44427
@tracker All of 1 nodes getting started
@tracker All nodes finishes job
start listen on 10.110.42.71:56341
@tracker All of 1 nodes getting started
@tracker All nodes finishes job
start listen on 10.110.42.71:59191
@tracker All of 1 nodes getting started
@tracker All nodes finishes job
start listen on 10.110.42.71:51011
@tracker All of 1 nodes getting started
@tracker All nodes finishes job
Trial 494 finished with value: 0.9799333333333333 and parameters: {'tree_method': 'gpu_hist', 'lambda': 0.8829151003088537, 'alpha': 0.009879056436943206, 'colsample_bytree': 0.3812649775319272, 'subsample': 0.899351917376398, 'learning_rate': 0.08048136281065639, 'max_depth': 5, 'min_child_weight': 1, 'eval_metric': 'logloss'}. Best is trial 425 with value: 0.9801333333333333.
start listen on 10.110.42.71:53431
@tracker All of 1 nodes getting started
@tracker All nodes finishes job
start listen on 10.110.42.71:34021
@tracker All of 1 nodes getting started
@tracker All nodes finishes job
start listen on 10.110.42.71:33641
@tracker All of 1 nodes getting started
@tracker All nodes finishes job
start listen on 10.110.42.71:48531
@tracker All of 1 nodes getting started
@tracker All nodes finishes job
start listen on 10.110.42.71:41493
@tracker All of 1 nodes getting started
@tracker All nodes finishes job
Trial 495 finished with value: 0.9780833333333333 and parameters: {'tree_method': 'gpu_hist', 'lambda': 0.4906771757412935, 'alpha': 0.01732111267060854, 'colsample_bytree': 0.3652698289598983, 'subsample': 0.9024440297356339, 'learning_rate': 0.07949610385278331, 'max_depth': 5, 'min_child_weight': 7, 'eval_metric': 'logloss'}. Best is trial 425 with value: 0.9801333333333333.
start listen on 10.110.42.71:41075
@tracker All of 1 nodes getting started
@tracker All nodes finishes job
start listen on 10.110.42.71:58793
@tracker All of 1 nodes getting started
@tracker All nodes finishes job
start listen on 10.110.42.71:56131
@tracker All of 1 nodes getting started
@tracker All nodes finishes job
start listen on 10.110.42.71:51953
@tracker All of 1 nodes getting started
@tracker All nodes finishes job
start listen on 10.110.42.71:40551
@tracker All of 1 nodes getting started
@tracker All nodes finishes job
Trial 496 finished with value: 0.9794666666666667 and parameters: {'tree_method': 'gpu_hist', 'lambda': 1.3280979180121277, 'alpha': 0.011378027441544182, 'colsample_bytree': 0.3783127630437761, 'subsample': 0.8908722611687969, 'learning_rate': 0.068411687626728, 'max_depth': 5, 'min_child_weight': 1, 'eval_metric': 'logloss'}. Best is trial 425 with value: 0.9801333333333333.
start listen on 10.110.42.71:33319
@tracker All of 1 nodes getting started
@tracker All nodes finishes job
start listen on 10.110.42.71:38809
@tracker All of 1 nodes getting started
@tracker All nodes finishes job
start listen on 10.110.42.71:44103
@tracker All of 1 nodes getting started
@tracker All nodes finishes job
start listen on 10.110.42.71:58885
@tracker All of 1 nodes getting started
@tracker All nodes finishes job
start listen on 10.110.42.71:36469
@tracker All of 1 nodes getting started
@tracker All nodes finishes job
Trial 497 finished with value: 0.97615 and parameters: {'tree_method': 'gpu_hist', 'lambda': 0.865771797016141, 'alpha': 0.007908165967470567, 'colsample_bytree': 0.3546527752815897, 'subsample': 0.8761560314123304, 'learning_rate': 0.0914558527617079, 'max_depth': 17, 'min_child_weight': 20, 'eval_metric': 'logloss'}. Best is trial 425 with value: 0.9801333333333333.
start listen on 10.110.42.71:56519
@tracker All of 1 nodes getting started
@tracker All nodes finishes job
start listen on 10.110.42.71:43903
@tracker All of 1 nodes getting started
@tracker All nodes finishes job
start listen on 10.110.42.71:51991
@tracker All of 1 nodes getting started
@tracker All nodes finishes job
start listen on 10.110.42.71:56593
@tracker All of 1 nodes getting started
@tracker All nodes finishes job
start listen on 10.110.42.71:42995
@tracker All of 1 nodes getting started
@tracker All nodes finishes job
Trial 498 finished with value: 0.9770333333333333 and parameters: {'tree_method': 'gpu_hist', 'lambda': 0.7393855151031793, 'alpha': 0.009448167190058171, 'colsample_bytree': 0.39495722716972853, 'subsample': 0.9166827063190001, 'learning_rate': 0.08336548252265724, 'max_depth': 20, 'min_child_weight': 11, 'eval_metric': 'logloss'}. Best is trial 425 with value: 0.9801333333333333.
start listen on 10.110.42.71:58067
@tracker All of 1 nodes getting started
@tracker All nodes finishes job
start listen on 10.110.42.71:58671
@tracker All of 1 nodes getting started
@tracker All nodes finishes job
start listen on 10.110.42.71:50579
@tracker All of 1 nodes getting started
@tracker All nodes finishes job
start listen on 10.110.42.71:34505
@tracker All of 1 nodes getting started
@tracker All nodes finishes job
start listen on 10.110.42.71:32851
@tracker All of 1 nodes getting started
@tracker All nodes finishes job
Trial 499 finished with value: 0.9620333333333333 and parameters: {'tree_method': 'gpu_hist', 'lambda': 0.5774085836200361, 'alpha': 0.036919445134505534, 'colsample_bytree': 0.3767465215446883, 'subsample': 0.9461189336170645, 'learning_rate': 0.009250682531805441, 'max_depth': 5, 'min_child_weight': 6, 'eval_metric': 'logloss'}. Best is trial 425 with value: 0.9801333333333333.
start listen on 10.110.42.71:54767
@tracker All of 1 nodes getting started
@tracker All nodes finishes job
start listen on 10.110.42.71:57359
@tracker All of 1 nodes getting started
@tracker All nodes finishes job
start listen on 10.110.42.71:48965
@tracker All of 1 nodes getting started
@tracker All nodes finishes job
start listen on 10.110.42.71:55471
@tracker All of 1 nodes getting started
@tracker All nodes finishes job
start listen on 10.110.42.71:54607
@tracker All of 1 nodes getting started
@tracker All nodes finishes job
Trial 500 finished with value: 0.97545 and parameters: {'tree_method': 'gpu_hist', 'lambda': 0.07365632258221323, 'alpha': 0.051465971031710744, 'colsample_bytree': 0.3909861563327196, 'subsample': 0.4628256073780552, 'learning_rate': 0.09099963308273536, 'max_depth': 5, 'min_child_weight': 15, 'eval_metric': 'logloss'}. Best is trial 425 with value: 0.9801333333333333.
start listen on 10.110.42.71:36765
@tracker All of 1 nodes getting started
@tracker All nodes finishes job
start listen on 10.110.42.71:41205
@tracker All of 1 nodes getting started
@tracker All nodes finishes job
start listen on 10.110.42.71:49249
@tracker All of 1 nodes getting started
@tracker All nodes finishes job
start listen on 10.110.42.71:47349
@tracker All of 1 nodes getting started
@tracker All nodes finishes job
start listen on 10.110.42.71:56115
@tracker All of 1 nodes getting started
@tracker All nodes finishes job
Trial 501 finished with value: 0.9793833333333334 and parameters: {'tree_method': 'gpu_hist', 'lambda': 0.8108209095920017, 'alpha': 0.009409372821570368, 'colsample_bytree': 0.40835924277461083, 'subsample': 0.9327108879569261, 'learning_rate': 0.07995246857664676, 'max_depth': 5, 'min_child_weight': 1, 'eval_metric': 'logloss'}. Best is trial 425 with value: 0.9801333333333333.
start listen on 10.110.42.71:56935
@tracker All of 1 nodes getting started
@tracker All nodes finishes job
start listen on 10.110.42.71:33595
@tracker All of 1 nodes getting started
@tracker All nodes finishes job
start listen on 10.110.42.71:47569
@tracker All of 1 nodes getting started
@tracker All nodes finishes job
start listen on 10.110.42.71:56873
@tracker All of 1 nodes getting started
@tracker All nodes finishes job
start listen on 10.110.42.71:45963
@tracker All of 1 nodes getting started
@tracker All nodes finishes job
Trial 502 finished with value: 0.9266833333333333 and parameters: {'tree_method': 'gpu_hist', 'lambda': 0.6381643761340726, 'alpha': 0.13642314564641142, 'colsample_bytree': 0.44194209322746447, 'subsample': 0.986086604900212, 'learning_rate': 0.0019494341618957857, 'max_depth': 5, 'min_child_weight': 7, 'eval_metric': 'logloss'}. Best is trial 425 with value: 0.9801333333333333.
start listen on 10.110.42.71:49625
@tracker All of 1 nodes getting started
@tracker All nodes finishes job
start listen on 10.110.42.71:46633
@tracker All of 1 nodes getting started
@tracker All nodes finishes job
start listen on 10.110.42.71:36731
@tracker All of 1 nodes getting started
@tracker All nodes finishes job
start listen on 10.110.42.71:49749
@tracker All of 1 nodes getting started
@tracker All nodes finishes job
start listen on 10.110.42.71:60769
@tracker All of 1 nodes getting started
@tracker All nodes finishes job
Trial 503 finished with value: 0.9770666666666666 and parameters: {'tree_method': 'gpu_hist', 'lambda': 0.3157709249366829, 'alpha': 0.010165530661226956, 'colsample_bytree': 0.9404856262770838, 'subsample': 0.9696680457165475, 'learning_rate': 0.09991108312909824, 'max_depth': 5, 'min_child_weight': 11, 'eval_metric': 'logloss'}. Best is trial 425 with value: 0.9801333333333333.
start listen on 10.110.42.71:46201
@tracker All of 1 nodes getting started
@tracker All nodes finishes job
start listen on 10.110.42.71:58439
@tracker All of 1 nodes getting started
@tracker All nodes finishes job
start listen on 10.110.42.71:59587
@tracker All of 1 nodes getting started
@tracker All nodes finishes job
start listen on 10.110.42.71:52379
@tracker All of 1 nodes getting started
@tracker All nodes finishes job
start listen on 10.110.42.71:34957
@tracker All of 1 nodes getting started
@tracker All nodes finishes job
Trial 504 finished with value: 0.9778166666666667 and parameters: {'tree_method': 'gpu_hist', 'lambda': 0.40738732882073336, 'alpha': 0.029795827143399532, 'colsample_bytree': 0.3523243099519549, 'subsample': 0.9155869798025866, 'learning_rate': 0.0846445651226999, 'max_depth': 9, 'min_child_weight': 6, 'eval_metric': 'logloss'}. Best is trial 425 with value: 0.9801333333333333.
start listen on 10.110.42.71:43049
@tracker All of 1 nodes getting started
@tracker All nodes finishes job
start listen on 10.110.42.71:54003
@tracker All of 1 nodes getting started
@tracker All nodes finishes job
start listen on 10.110.42.71:38389
@tracker All of 1 nodes getting started
@tracker All nodes finishes job
start listen on 10.110.42.71:51919
@tracker All of 1 nodes getting started
@tracker All nodes finishes job
start listen on 10.110.42.71:37629
@tracker All of 1 nodes getting started
@tracker All nodes finishes job
Trial 505 finished with value: 0.9796833333333334 and parameters: {'tree_method': 'gpu_hist', 'lambda': 1.084656217400758, 'alpha': 0.013889161492920472, 'colsample_bytree': 0.38473595161026236, 'subsample': 0.8981310239366189, 'learning_rate': 0.07376516659474654, 'max_depth': 5, 'min_child_weight': 1, 'eval_metric': 'logloss'}. Best is trial 425 with value: 0.9801333333333333.
start listen on 10.110.42.71:44969
@tracker All of 1 nodes getting started
@tracker All nodes finishes job
start listen on 10.110.42.71:36249
@tracker All of 1 nodes getting started
@tracker All nodes finishes job
start listen on 10.110.42.71:51415
@tracker All of 1 nodes getting started
@tracker All nodes finishes job
start listen on 10.110.42.71:58897
@tracker All of 1 nodes getting started
@tracker All nodes finishes job
start listen on 10.110.42.71:47413
@tracker All of 1 nodes getting started
@tracker All nodes finishes job
Trial 506 finished with value: 0.9766 and parameters: {'tree_method': 'gpu_hist', 'lambda': 0.6961605795220676, 'alpha': 0.022414677970671166, 'colsample_bytree': 0.43282106972655066, 'subsample': 0.9917213341496693, 'learning_rate': 0.09093868555721267, 'max_depth': 11, 'min_child_weight': 16, 'eval_metric': 'logloss'}. Best is trial 425 with value: 0.9801333333333333.
start listen on 10.110.42.71:44413
@tracker All of 1 nodes getting started
@tracker All nodes finishes job
start listen on 10.110.42.71:46017
@tracker All of 1 nodes getting started
@tracker All nodes finishes job
start listen on 10.110.42.71:35415
@tracker All of 1 nodes getting started
@tracker All nodes finishes job
start listen on 10.110.42.71:44057
@tracker All of 1 nodes getting started
@tracker All nodes finishes job
start listen on 10.110.42.71:33659
@tracker All of 1 nodes getting started
@tracker All nodes finishes job
Trial 507 finished with value: 0.9743166666666667 and parameters: {'tree_method': 'gpu_hist', 'lambda': 0.923974352038009, 'alpha': 0.0071256596162803205, 'colsample_bytree': 0.40480084176734366, 'subsample': 0.9525930116029712, 'learning_rate': 0.08275167302994417, 'max_depth': 5, 'min_child_weight': 38, 'eval_metric': 'logloss'}. Best is trial 425 with value: 0.9801333333333333.
start listen on 10.110.42.71:46341
@tracker All of 1 nodes getting started
@tracker All nodes finishes job
start listen on 10.110.42.71:51575
@tracker All of 1 nodes getting started
@tracker All nodes finishes job
start listen on 10.110.42.71:49375
@tracker All of 1 nodes getting started
@tracker All nodes finishes job
start listen on 10.110.42.71:56943
@tracker All of 1 nodes getting started
@tracker All nodes finishes job
start listen on 10.110.42.71:49043
@tracker All of 1 nodes getting started
@tracker All nodes finishes job
Trial 508 finished with value: 0.97815 and parameters: {'tree_method': 'gpu_hist', 'lambda': 0.4754837435849043, 'alpha': 0.027814082554378804, 'colsample_bytree': 0.45457669934282785, 'subsample': 0.979031969071358, 'learning_rate': 0.09950306163516819, 'max_depth': 5, 'min_child_weight': 7, 'eval_metric': 'logloss'}. Best is trial 425 with value: 0.9801333333333333.
start listen on 10.110.42.71:51631
@tracker All of 1 nodes getting started
@tracker All nodes finishes job
start listen on 10.110.42.71:33017
@tracker All of 1 nodes getting started
@tracker All nodes finishes job
start listen on 10.110.42.71:36077
@tracker All of 1 nodes getting started
@tracker All nodes finishes job
start listen on 10.110.42.71:59163
@tracker All of 1 nodes getting started
@tracker All nodes finishes job
start listen on 10.110.42.71:57355
@tracker All of 1 nodes getting started
@tracker All nodes finishes job
