Trial 941 finished with value: 0.9659166666666666 and parameters: {'tree_method': 'gpu_hist', 'lambda': 0.4475568318528734, 'alpha': 0.002471005292116618, 'colsample_bytree': 0.347456556516583, 'subsample': 0.9183687140507852, 'learning_rate': 0.09344684461867414, 'max_depth': 5, 'min_child_weight': 132, 'eval_metric': 'logloss'}. Best is trial 425 with value: 0.9801333333333333.
start listen on 10.110.42.71:36433
@tracker All of 1 nodes getting started
@tracker All nodes finishes job
start listen on 10.110.42.71:45195
@tracker All of 1 nodes getting started
@tracker All nodes finishes job
start listen on 10.110.42.71:35885
@tracker All of 1 nodes getting started
@tracker All nodes finishes job
start listen on 10.110.42.71:47285
@tracker All of 1 nodes getting started
@tracker All nodes finishes job
start listen on 10.110.42.71:40583
@tracker All of 1 nodes getting started
@tracker All nodes finishes job
Trial 942 finished with value: 0.9782833333333333 and parameters: {'tree_method': 'gpu_hist', 'lambda': 1.1160053797814593, 'alpha': 0.011524614949291074, 'colsample_bytree': 0.4201009502042029, 'subsample': 0.8427487818451543, 'learning_rate': 0.03656683969892167, 'max_depth': 5, 'min_child_weight': 1, 'eval_metric': 'logloss'}. Best is trial 425 with value: 0.9801333333333333.
start listen on 10.110.42.71:42505
@tracker All of 1 nodes getting started
@tracker All nodes finishes job
start listen on 10.110.42.71:39205
@tracker All of 1 nodes getting started
@tracker All nodes finishes job
start listen on 10.110.42.71:36147
@tracker All of 1 nodes getting started
@tracker All nodes finishes job
start listen on 10.110.42.71:52139
@tracker All of 1 nodes getting started
@tracker All nodes finishes job
start listen on 10.110.42.71:39319
@tracker All of 1 nodes getting started
@tracker All nodes finishes job
Trial 943 finished with value: 0.97665 and parameters: {'tree_method': 'gpu_hist', 'lambda': 1.361109478106869, 'alpha': 0.014481292144548392, 'colsample_bytree': 0.8695137935528119, 'subsample': 0.9499484866485053, 'learning_rate': 0.06563047095757532, 'max_depth': 5, 'min_child_weight': 11, 'eval_metric': 'logloss'}. Best is trial 425 with value: 0.9801333333333333.
start listen on 10.110.42.71:39435
@tracker All of 1 nodes getting started
@tracker All nodes finishes job
start listen on 10.110.42.71:55013
@tracker All of 1 nodes getting started
@tracker All nodes finishes job
start listen on 10.110.42.71:41721
@tracker All of 1 nodes getting started
@tracker All nodes finishes job
start listen on 10.110.42.71:50661
@tracker All of 1 nodes getting started
@tracker All nodes finishes job
start listen on 10.110.42.71:46825
@tracker All of 1 nodes getting started
@tracker All nodes finishes job
Trial 944 finished with value: 0.9773333333333334 and parameters: {'tree_method': 'gpu_hist', 'lambda': 0.08027003023016534, 'alpha': 0.016035161556797028, 'colsample_bytree': 0.4062474437106452, 'subsample': 0.9364040436000854, 'learning_rate': 0.07579278286200355, 'max_depth': 17, 'min_child_weight': 6, 'eval_metric': 'logloss'}. Best is trial 425 with value: 0.9801333333333333.
start listen on 10.110.42.71:54371
@tracker All of 1 nodes getting started
@tracker All nodes finishes job
start listen on 10.110.42.71:55243
@tracker All of 1 nodes getting started
@tracker All nodes finishes job
start listen on 10.110.42.71:36941
@tracker All of 1 nodes getting started
@tracker All nodes finishes job
start listen on 10.110.42.71:48915
@tracker All of 1 nodes getting started
@tracker All nodes finishes job
start listen on 10.110.42.71:52217
@tracker All of 1 nodes getting started
@tracker All nodes finishes job
Trial 945 finished with value: 0.9770833333333333 and parameters: {'tree_method': 'gpu_hist', 'lambda': 0.06812075004023319, 'alpha': 0.023979524550190163, 'colsample_bytree': 0.3895394420521251, 'subsample': 0.9045526806070875, 'learning_rate': 0.09981190650824416, 'max_depth': 5, 'min_child_weight': 15, 'eval_metric': 'logloss'}. Best is trial 425 with value: 0.9801333333333333.
start listen on 10.110.42.71:45645
@tracker All of 1 nodes getting started
@tracker All nodes finishes job
start listen on 10.110.42.71:50725
@tracker All of 1 nodes getting started
@tracker All nodes finishes job
start listen on 10.110.42.71:40647
@tracker All of 1 nodes getting started
@tracker All nodes finishes job
start listen on 10.110.42.71:40905
@tracker All of 1 nodes getting started
@tracker All nodes finishes job
start listen on 10.110.42.71:32993
@tracker All of 1 nodes getting started
@tracker All nodes finishes job
Trial 946 finished with value: 0.9796166666666667 and parameters: {'tree_method': 'gpu_hist', 'lambda': 0.057668274075853294, 'alpha': 0.018471470158828177, 'colsample_bytree': 0.39696972794971724, 'subsample': 0.8683277087308872, 'learning_rate': 0.07140990236918124, 'max_depth': 5, 'min_child_weight': 1, 'eval_metric': 'logloss'}. Best is trial 425 with value: 0.9801333333333333.
start listen on 10.110.42.71:41443
@tracker All of 1 nodes getting started
@tracker All nodes finishes job
start listen on 10.110.42.71:60849
@tracker All of 1 nodes getting started
@tracker All nodes finishes job
start listen on 10.110.42.71:52283
@tracker All of 1 nodes getting started
@tracker All nodes finishes job
start listen on 10.110.42.71:42493
@tracker All of 1 nodes getting started
@tracker All nodes finishes job
start listen on 10.110.42.71:54631
@tracker All of 1 nodes getting started
@tracker All nodes finishes job
Trial 947 finished with value: 0.9778333333333333 and parameters: {'tree_method': 'gpu_hist', 'lambda': 0.7529694679996712, 'alpha': 0.008477197492888618, 'colsample_bytree': 0.5947482540261885, 'subsample': 0.8838976612601048, 'learning_rate': 0.08402975435377599, 'max_depth': 7, 'min_child_weight': 7, 'eval_metric': 'logloss'}. Best is trial 425 with value: 0.9801333333333333.
start listen on 10.110.42.71:35657
@tracker All of 1 nodes getting started
@tracker All nodes finishes job
start listen on 10.110.42.71:46491
@tracker All of 1 nodes getting started
@tracker All nodes finishes job
start listen on 10.110.42.71:50989
@tracker All of 1 nodes getting started
@tracker All nodes finishes job
start listen on 10.110.42.71:49563
@tracker All of 1 nodes getting started
@tracker All nodes finishes job
start listen on 10.110.42.71:35619
@tracker All of 1 nodes getting started
@tracker All nodes finishes job
Trial 948 finished with value: 0.9776166666666667 and parameters: {'tree_method': 'gpu_hist', 'lambda': 0.5303514427442144, 'alpha': 0.028860988110859322, 'colsample_bytree': 0.37114592325988593, 'subsample': 0.8935669653376603, 'learning_rate': 0.09981202882382653, 'max_depth': 20, 'min_child_weight': 1, 'eval_metric': 'logloss'}. Best is trial 425 with value: 0.9801333333333333.
start listen on 10.110.42.71:33159
@tracker All of 1 nodes getting started
@tracker All nodes finishes job
start listen on 10.110.42.71:51967
@tracker All of 1 nodes getting started
@tracker All nodes finishes job
start listen on 10.110.42.71:41709
@tracker All of 1 nodes getting started
@tracker All nodes finishes job
start listen on 10.110.42.71:38165
@tracker All of 1 nodes getting started
@tracker All nodes finishes job
start listen on 10.110.42.71:37625
@tracker All of 1 nodes getting started
@tracker All nodes finishes job
Trial 949 finished with value: 0.9762666666666666 and parameters: {'tree_method': 'gpu_hist', 'lambda': 0.6362458590769157, 'alpha': 0.010546122126888617, 'colsample_bytree': 0.4395338533021625, 'subsample': 0.8317503036073113, 'learning_rate': 0.07959132342734414, 'max_depth': 5, 'min_child_weight': 17, 'eval_metric': 'logloss'}. Best is trial 425 with value: 0.9801333333333333.
start listen on 10.110.42.71:34607
@tracker All of 1 nodes getting started
@tracker All nodes finishes job
start listen on 10.110.42.71:50919
@tracker All of 1 nodes getting started
@tracker All nodes finishes job
start listen on 10.110.42.71:53071
@tracker All of 1 nodes getting started
@tracker All nodes finishes job
start listen on 10.110.42.71:42959
@tracker All of 1 nodes getting started
@tracker All nodes finishes job
start listen on 10.110.42.71:43445
@tracker All of 1 nodes getting started
@tracker All nodes finishes job
Trial 950 finished with value: 0.9772166666666666 and parameters: {'tree_method': 'gpu_hist', 'lambda': 0.016799366773480852, 'alpha': 0.014723687467944403, 'colsample_bytree': 0.4119774226517426, 'subsample': 0.9264783099325242, 'learning_rate': 0.07648700486392526, 'max_depth': 5, 'min_child_weight': 10, 'eval_metric': 'logloss'}. Best is trial 425 with value: 0.9801333333333333.
start listen on 10.110.42.71:41977
@tracker All of 1 nodes getting started
@tracker All nodes finishes job
start listen on 10.110.42.71:57397
@tracker All of 1 nodes getting started
@tracker All nodes finishes job
start listen on 10.110.42.71:55409
@tracker All of 1 nodes getting started
@tracker All nodes finishes job
start listen on 10.110.42.71:47771
@tracker All of 1 nodes getting started
@tracker All nodes finishes job
start listen on 10.110.42.71:51565
@tracker All of 1 nodes getting started
@tracker All nodes finishes job
Trial 951 finished with value: 0.9606333333333333 and parameters: {'tree_method': 'gpu_hist', 'lambda': 0.13502889732169618, 'alpha': 0.012534507380522315, 'colsample_bytree': 0.3978302282466777, 'subsample': 0.8483826450541248, 'learning_rate': 0.06894821145282903, 'max_depth': 5, 'min_child_weight': 168, 'eval_metric': 'logloss'}. Best is trial 425 with value: 0.9801333333333333.
start listen on 10.110.42.71:51145
@tracker All of 1 nodes getting started
@tracker All nodes finishes job
start listen on 10.110.42.71:54953
@tracker All of 1 nodes getting started
@tracker All nodes finishes job
start listen on 10.110.42.71:60941
@tracker All of 1 nodes getting started
@tracker All nodes finishes job
start listen on 10.110.42.71:39441
@tracker All of 1 nodes getting started
@tracker All nodes finishes job
start listen on 10.110.42.71:33279
@tracker All of 1 nodes getting started
@tracker All nodes finishes job
Trial 952 finished with value: 0.9732333333333333 and parameters: {'tree_method': 'gpu_hist', 'lambda': 0.08739916482963636, 'alpha': 0.016249685510983325, 'colsample_bytree': 0.3802387220825115, 'subsample': 0.8779580099103351, 'learning_rate': 0.008766301774089377, 'max_depth': 9, 'min_child_weight': 6, 'eval_metric': 'logloss'}. Best is trial 425 with value: 0.9801333333333333.
start listen on 10.110.42.71:54559
@tracker All of 1 nodes getting started
@tracker All nodes finishes job
start listen on 10.110.42.71:45177
@tracker All of 1 nodes getting started
@tracker All nodes finishes job
start listen on 10.110.42.71:57661
@tracker All of 1 nodes getting started
@tracker All nodes finishes job
start listen on 10.110.42.71:42219
@tracker All of 1 nodes getting started
@tracker All nodes finishes job
start listen on 10.110.42.71:59283
@tracker All of 1 nodes getting started
@tracker All nodes finishes job
Trial 953 finished with value: 0.9796833333333334 and parameters: {'tree_method': 'gpu_hist', 'lambda': 1.875233731714343, 'alpha': 0.020721731241830507, 'colsample_bytree': 0.4127371069982766, 'subsample': 0.8661736459381161, 'learning_rate': 0.08547093126446151, 'max_depth': 5, 'min_child_weight': 1, 'eval_metric': 'logloss'}. Best is trial 425 with value: 0.9801333333333333.
start listen on 10.110.42.71:41761
@tracker All of 1 nodes getting started
@tracker All nodes finishes job
start listen on 10.110.42.71:40555
@tracker All of 1 nodes getting started
@tracker All nodes finishes job
start listen on 10.110.42.71:48287
@tracker All of 1 nodes getting started
@tracker All nodes finishes job
start listen on 10.110.42.71:50281
@tracker All of 1 nodes getting started
@tracker All nodes finishes job
start listen on 10.110.42.71:58693
@tracker All of 1 nodes getting started
@tracker All nodes finishes job
Trial 954 finished with value: 0.9758666666666667 and parameters: {'tree_method': 'gpu_hist', 'lambda': 0.20768898068819372, 'alpha': 0.013897608960031128, 'colsample_bytree': 0.39142940475805466, 'subsample': 0.8546675751186523, 'learning_rate': 0.08145219242581495, 'max_depth': 5, 'min_child_weight': 24, 'eval_metric': 'logloss'}. Best is trial 425 with value: 0.9801333333333333.
start listen on 10.110.42.71:60663
@tracker All of 1 nodes getting started
@tracker All nodes finishes job
start listen on 10.110.42.71:45517
@tracker All of 1 nodes getting started
@tracker All nodes finishes job
start listen on 10.110.42.71:55885
@tracker All of 1 nodes getting started
@tracker All nodes finishes job
start listen on 10.110.42.71:45471
@tracker All of 1 nodes getting started
@tracker All nodes finishes job
start listen on 10.110.42.71:38283
@tracker All of 1 nodes getting started
@tracker All nodes finishes job
Trial 955 finished with value: 0.9766666666666667 and parameters: {'tree_method': 'gpu_hist', 'lambda': 0.06887247884127598, 'alpha': 0.02582715031270067, 'colsample_bytree': 0.44745267681598194, 'subsample': 0.9053860878030577, 'learning_rate': 0.08785292150876375, 'max_depth': 11, 'min_child_weight': 12, 'eval_metric': 'logloss'}. Best is trial 425 with value: 0.9801333333333333.
start listen on 10.110.42.71:56637
@tracker All of 1 nodes getting started
@tracker All nodes finishes job
start listen on 10.110.42.71:41297
@tracker All of 1 nodes getting started
@tracker All nodes finishes job
start listen on 10.110.42.71:36891
@tracker All of 1 nodes getting started
@tracker All nodes finishes job
start listen on 10.110.42.71:33643
@tracker All of 1 nodes getting started
@tracker All nodes finishes job
start listen on 10.110.42.71:48325
@tracker All of 1 nodes getting started
@tracker All nodes finishes job
Trial 956 finished with value: 0.9780333333333333 and parameters: {'tree_method': 'gpu_hist', 'lambda': 0.11245379869981757, 'alpha': 0.010527386558068124, 'colsample_bytree': 0.42194153005453483, 'subsample': 0.6891337083164681, 'learning_rate': 0.07504312591352878, 'max_depth': 5, 'min_child_weight': 6, 'eval_metric': 'logloss'}. Best is trial 425 with value: 0.9801333333333333.
start listen on 10.110.42.71:44199
@tracker All of 1 nodes getting started
@tracker All nodes finishes job
start listen on 10.110.42.71:38407
@tracker All of 1 nodes getting started
@tracker All nodes finishes job
start listen on 10.110.42.71:42211
@tracker All of 1 nodes getting started
@tracker All nodes finishes job
start listen on 10.110.42.71:58273
@tracker All of 1 nodes getting started
@tracker All nodes finishes job
start listen on 10.110.42.71:51271
@tracker All of 1 nodes getting started
@tracker All nodes finishes job
Trial 957 finished with value: 0.9724666666666667 and parameters: {'tree_method': 'gpu_hist', 'lambda': 0.9107492798446343, 'alpha': 0.09670776191055575, 'colsample_bytree': 0.4684452385313204, 'subsample': 0.8788512204874567, 'learning_rate': 0.08656549696817073, 'max_depth': 3, 'min_child_weight': 32, 'eval_metric': 'logloss'}. Best is trial 425 with value: 0.9801333333333333.
start listen on 10.110.42.71:34483
@tracker All of 1 nodes getting started
@tracker All nodes finishes job
start listen on 10.110.42.71:35915
@tracker All of 1 nodes getting started
@tracker All nodes finishes job
start listen on 10.110.42.71:38475
@tracker All of 1 nodes getting started
@tracker All nodes finishes job
start listen on 10.110.42.71:54977
@tracker All of 1 nodes getting started
@tracker All nodes finishes job
start listen on 10.110.42.71:43511
@tracker All of 1 nodes getting started
@tracker All nodes finishes job
Trial 958 finished with value: 0.97705 and parameters: {'tree_method': 'gpu_hist', 'lambda': 0.6984069793365528, 'alpha': 0.04803996301476989, 'colsample_bytree': 0.4344679683216693, 'subsample': 0.8861788575850716, 'learning_rate': 0.0632757741043667, 'max_depth': 5, 'min_child_weight': 12, 'eval_metric': 'logloss'}. Best is trial 425 with value: 0.9801333333333333.
start listen on 10.110.42.71:38649
@tracker All of 1 nodes getting started
@tracker All nodes finishes job
start listen on 10.110.42.71:42583
@tracker All of 1 nodes getting started
@tracker All nodes finishes job
start listen on 10.110.42.71:46273
@tracker All of 1 nodes getting started
@tracker All nodes finishes job
start listen on 10.110.42.71:59161
@tracker All of 1 nodes getting started
@tracker All nodes finishes job
start listen on 10.110.42.71:58741
@tracker All of 1 nodes getting started
@tracker All nodes finishes job
Trial 959 finished with value: 0.9781333333333333 and parameters: {'tree_method': 'gpu_hist', 'lambda': 0.048205834417297894, 'alpha': 0.02167470334927852, 'colsample_bytree': 0.4597814986058994, 'subsample': 0.9156642451940356, 'learning_rate': 0.09120748378270314, 'max_depth': 5, 'min_child_weight': 6, 'eval_metric': 'logloss'}. Best is trial 425 with value: 0.9801333333333333.
start listen on 10.110.42.71:35009
@tracker All of 1 nodes getting started
@tracker All nodes finishes job
start listen on 10.110.42.71:44119
@tracker All of 1 nodes getting started
@tracker All nodes finishes job
start listen on 10.110.42.71:51331
@tracker All of 1 nodes getting started
@tracker All nodes finishes job
start listen on 10.110.42.71:39181
@tracker All of 1 nodes getting started
@tracker All nodes finishes job
start listen on 10.110.42.71:53963
@tracker All of 1 nodes getting started
@tracker All nodes finishes job
Trial 960 finished with value: 0.9766833333333333 and parameters: {'tree_method': 'gpu_hist', 'lambda': 0.03253275068093705, 'alpha': 0.018969536062684814, 'colsample_bytree': 0.33728994752872926, 'subsample': 0.8963226413640852, 'learning_rate': 0.09281346604761188, 'max_depth': 15, 'min_child_weight': 1, 'eval_metric': 'logloss'}. Best is trial 425 with value: 0.9801333333333333.
start listen on 10.110.42.71:33369
@tracker All of 1 nodes getting started
@tracker All nodes finishes job
start listen on 10.110.42.71:48953
@tracker All of 1 nodes getting started
@tracker All nodes finishes job
start listen on 10.110.42.71:49031
@tracker All of 1 nodes getting started
@tracker All nodes finishes job
start listen on 10.110.42.71:36515
@tracker All of 1 nodes getting started
@tracker All nodes finishes job
start listen on 10.110.42.71:34703
@tracker All of 1 nodes getting started
@tracker All nodes finishes job
Trial 961 finished with value: 0.9767 and parameters: {'tree_method': 'gpu_hist', 'lambda': 0.420713819068097, 'alpha': 0.03764652965586957, 'colsample_bytree': 0.35682144522595494, 'subsample': 0.9030876666344031, 'learning_rate': 0.0991951001809165, 'max_depth': 5, 'min_child_weight': 17, 'eval_metric': 'logloss'}. Best is trial 425 with value: 0.9801333333333333.
start listen on 10.110.42.71:46029
@tracker All of 1 nodes getting started
@tracker All nodes finishes job
start listen on 10.110.42.71:39425
@tracker All of 1 nodes getting started
@tracker All nodes finishes job
start listen on 10.110.42.71:48559
@tracker All of 1 nodes getting started
@tracker All nodes finishes job
start listen on 10.110.42.71:45197
@tracker All of 1 nodes getting started
@tracker All nodes finishes job
start listen on 10.110.42.71:35685
@tracker All of 1 nodes getting started
@tracker All nodes finishes job
Trial 962 finished with value: 0.97475 and parameters: {'tree_method': 'gpu_hist', 'lambda': 0.09055072126951946, 'alpha': 0.007594976948125652, 'colsample_bytree': 0.4027892516664603, 'subsample': 0.9344227624725989, 'learning_rate': 0.024232095641116867, 'max_depth': 5, 'min_child_weight': 7, 'eval_metric': 'logloss'}. Best is trial 425 with value: 0.9801333333333333.
start listen on 10.110.42.71:33469
@tracker All of 1 nodes getting started
@tracker All nodes finishes job
start listen on 10.110.42.71:44133
@tracker All of 1 nodes getting started
@tracker All nodes finishes job
start listen on 10.110.42.71:57455
@tracker All of 1 nodes getting started
@tracker All nodes finishes job
start listen on 10.110.42.71:51833
@tracker All of 1 nodes getting started
@tracker All nodes finishes job
start listen on 10.110.42.71:56267
@tracker All of 1 nodes getting started
@tracker All nodes finishes job
Trial 963 finished with value: 0.9797166666666667 and parameters: {'tree_method': 'gpu_hist', 'lambda': 1.3552375264781775, 'alpha': 0.0120229394166592, 'colsample_bytree': 0.3701116147302008, 'subsample': 0.9487522159432186, 'learning_rate': 0.07883345887049537, 'max_depth': 5, 'min_child_weight': 1, 'eval_metric': 'logloss'}. Best is trial 425 with value: 0.9801333333333333.
start listen on 10.110.42.71:53321
@tracker All of 1 nodes getting started
@tracker All nodes finishes job
start listen on 10.110.42.71:58713
@tracker All of 1 nodes getting started
@tracker All nodes finishes job
start listen on 10.110.42.71:52643
@tracker All of 1 nodes getting started
@tracker All nodes finishes job
start listen on 10.110.42.71:51409
@tracker All of 1 nodes getting started
@tracker All nodes finishes job
start listen on 10.110.42.71:51869
@tracker All of 1 nodes getting started
@tracker All nodes finishes job
Trial 964 finished with value: 0.97475 and parameters: {'tree_method': 'gpu_hist', 'lambda': 0.9173956504139532, 'alpha': 0.008959006694294978, 'colsample_bytree': 0.43130437607491806, 'subsample': 0.8665291096084475, 'learning_rate': 0.014118797488128684, 'max_depth': 13, 'min_child_weight': 11, 'eval_metric': 'logloss'}. Best is trial 425 with value: 0.9801333333333333.
start listen on 10.110.42.71:58641
@tracker All of 1 nodes getting started
@tracker All nodes finishes job
start listen on 10.110.42.71:38139
@tracker All of 1 nodes getting started
@tracker All nodes finishes job
start listen on 10.110.42.71:54213
@tracker All of 1 nodes getting started
@tracker All nodes finishes job
start listen on 10.110.42.71:56695
@tracker All of 1 nodes getting started
@tracker All nodes finishes job
start listen on 10.110.42.71:52607
@tracker All of 1 nodes getting started
@tracker All nodes finishes job
