Trial 653 finished with value: 0.9767333333333333 and parameters: {'tree_method': 'gpu_hist', 'lambda': 0.032350390083912564, 'alpha': 0.004466605561040443, 'colsample_bytree': 0.4549932125371121, 'subsample': 0.897046103915278, 'learning_rate': 0.08424202758593975, 'max_depth': 5, 'min_child_weight': 12, 'eval_metric': 'logloss'}. Best is trial 425 with value: 0.9801333333333333.
start listen on 10.110.42.71:54329
@tracker All of 1 nodes getting started
@tracker All nodes finishes job
start listen on 10.110.42.71:60869
@tracker All of 1 nodes getting started
@tracker All nodes finishes job
start listen on 10.110.42.71:44885
@tracker All of 1 nodes getting started
@tracker All nodes finishes job
start listen on 10.110.42.71:57335
@tracker All of 1 nodes getting started
@tracker All nodes finishes job
start listen on 10.110.42.71:51811
@tracker All of 1 nodes getting started
@tracker All nodes finishes job
Trial 654 finished with value: 0.9760666666666666 and parameters: {'tree_method': 'gpu_hist', 'lambda': 0.08977417591686469, 'alpha': 0.010437955476276456, 'colsample_bytree': 0.39408672398185807, 'subsample': 0.8726325358573028, 'learning_rate': 0.07729362467495189, 'max_depth': 5, 'min_child_weight': 21, 'eval_metric': 'logloss'}. Best is trial 425 with value: 0.9801333333333333.
start listen on 10.110.42.71:36369
@tracker All of 1 nodes getting started
@tracker All nodes finishes job
start listen on 10.110.42.71:55257
@tracker All of 1 nodes getting started
@tracker All nodes finishes job
start listen on 10.110.42.71:49341
@tracker All of 1 nodes getting started
@tracker All nodes finishes job
start listen on 10.110.42.71:46709
@tracker All of 1 nodes getting started
@tracker All nodes finishes job
start listen on 10.110.42.71:59837
@tracker All of 1 nodes getting started
@tracker All nodes finishes job
Trial 655 finished with value: 0.9771666666666666 and parameters: {'tree_method': 'gpu_hist', 'lambda': 0.06793334942235046, 'alpha': 0.017126071201839833, 'colsample_bytree': 0.3780471006497564, 'subsample': 0.887569515990145, 'learning_rate': 0.09946012929940337, 'max_depth': 17, 'min_child_weight': 6, 'eval_metric': 'logloss'}. Best is trial 425 with value: 0.9801333333333333.
start listen on 10.110.42.71:35913
@tracker All of 1 nodes getting started
@tracker All nodes finishes job
start listen on 10.110.42.71:52195
@tracker All of 1 nodes getting started
@tracker All nodes finishes job
start listen on 10.110.42.71:48375
@tracker All of 1 nodes getting started
@tracker All nodes finishes job
start listen on 10.110.42.71:39623
@tracker All of 1 nodes getting started
@tracker All nodes finishes job
start listen on 10.110.42.71:40515
@tracker All of 1 nodes getting started
@tracker All nodes finishes job
Trial 656 finished with value: 0.9798666666666667 and parameters: {'tree_method': 'gpu_hist', 'lambda': 0.05783069858974129, 'alpha': 0.014500729888426508, 'colsample_bytree': 0.4672636978366361, 'subsample': 0.9049404555508416, 'learning_rate': 0.09152424287866365, 'max_depth': 5, 'min_child_weight': 1, 'eval_metric': 'logloss'}. Best is trial 425 with value: 0.9801333333333333.
start listen on 10.110.42.71:45041
@tracker All of 1 nodes getting started
@tracker All nodes finishes job
start listen on 10.110.42.71:55133
@tracker All of 1 nodes getting started
@tracker All nodes finishes job
start listen on 10.110.42.71:41713
@tracker All of 1 nodes getting started
@tracker All nodes finishes job
start listen on 10.110.42.71:47755
@tracker All of 1 nodes getting started
@tracker All nodes finishes job
start listen on 10.110.42.71:47551
@tracker All of 1 nodes getting started
@tracker All nodes finishes job
Trial 657 finished with value: 0.9792166666666666 and parameters: {'tree_method': 'gpu_hist', 'lambda': 0.05200840326138895, 'alpha': 0.01329901047995116, 'colsample_bytree': 0.41062138958327066, 'subsample': 0.915351758134514, 'learning_rate': 0.09303506745142952, 'max_depth': 5, 'min_child_weight': 1, 'eval_metric': 'logloss'}. Best is trial 425 with value: 0.9801333333333333.
start listen on 10.110.42.71:36733
@tracker All of 1 nodes getting started
@tracker All nodes finishes job
start listen on 10.110.42.71:37601
@tracker All of 1 nodes getting started
@tracker All nodes finishes job
start listen on 10.110.42.71:50759
@tracker All of 1 nodes getting started
@tracker All nodes finishes job
start listen on 10.110.42.71:45083
@tracker All of 1 nodes getting started
@tracker All nodes finishes job
start listen on 10.110.42.71:39807
@tracker All of 1 nodes getting started
@tracker All nodes finishes job
Trial 658 finished with value: 0.9774166666666667 and parameters: {'tree_method': 'gpu_hist', 'lambda': 0.0418982265314656, 'alpha': 0.013761175617277665, 'colsample_bytree': 0.4642953842366728, 'subsample': 0.9056331062377633, 'learning_rate': 0.0861467869763999, 'max_depth': 5, 'min_child_weight': 11, 'eval_metric': 'logloss'}. Best is trial 425 with value: 0.9801333333333333.
start listen on 10.110.42.71:44549
@tracker All of 1 nodes getting started
@tracker All nodes finishes job
start listen on 10.110.42.71:36043
@tracker All of 1 nodes getting started
@tracker All nodes finishes job
start listen on 10.110.42.71:49831
@tracker All of 1 nodes getting started
@tracker All nodes finishes job
start listen on 10.110.42.71:56811
@tracker All of 1 nodes getting started
@tracker All nodes finishes job
start listen on 10.110.42.71:44713
@tracker All of 1 nodes getting started
@tracker All nodes finishes job
Trial 659 finished with value: 0.9707833333333333 and parameters: {'tree_method': 'gpu_hist', 'lambda': 0.067035845850168, 'alpha': 0.011953510147476604, 'colsample_bytree': 0.7185953004305616, 'subsample': 0.9199044419313496, 'learning_rate': 0.015755322322834765, 'max_depth': 5, 'min_child_weight': 6, 'eval_metric': 'logloss'}. Best is trial 425 with value: 0.9801333333333333.
start listen on 10.110.42.71:57657
@tracker All of 1 nodes getting started
@tracker All nodes finishes job
start listen on 10.110.42.71:54603
@tracker All of 1 nodes getting started
@tracker All nodes finishes job
start listen on 10.110.42.71:35895
@tracker All of 1 nodes getting started
@tracker All nodes finishes job
start listen on 10.110.42.71:53023
@tracker All of 1 nodes getting started
@tracker All nodes finishes job
start listen on 10.110.42.71:51119
@tracker All of 1 nodes getting started
@tracker All nodes finishes job
Trial 660 finished with value: 0.95995 and parameters: {'tree_method': 'gpu_hist', 'lambda': 0.044623045451047096, 'alpha': 0.01059432564125287, 'colsample_bytree': 0.391184433313986, 'subsample': 0.8999695072035718, 'learning_rate': 0.09231584093034786, 'max_depth': 20, 'min_child_weight': 192, 'eval_metric': 'logloss'}. Best is trial 425 with value: 0.9801333333333333.
start listen on 10.110.42.71:39083
@tracker All of 1 nodes getting started
@tracker All nodes finishes job
start listen on 10.110.42.71:49507
@tracker All of 1 nodes getting started
@tracker All nodes finishes job
start listen on 10.110.42.71:52935
@tracker All of 1 nodes getting started
@tracker All nodes finishes job
start listen on 10.110.42.71:44325
@tracker All of 1 nodes getting started
@tracker All nodes finishes job
start listen on 10.110.42.71:35299
@tracker All of 1 nodes getting started
@tracker All nodes finishes job
Trial 661 finished with value: 0.9765833333333334 and parameters: {'tree_method': 'gpu_hist', 'lambda': 0.06370378419847232, 'alpha': 0.008885131082573812, 'colsample_bytree': 0.4459977802078539, 'subsample': 0.8864675999565729, 'learning_rate': 0.0784653642957392, 'max_depth': 7, 'min_child_weight': 16, 'eval_metric': 'logloss'}. Best is trial 425 with value: 0.9801333333333333.
start listen on 10.110.42.71:50593
@tracker All of 1 nodes getting started
@tracker All nodes finishes job
start listen on 10.110.42.71:58891
@tracker All of 1 nodes getting started
@tracker All nodes finishes job
start listen on 10.110.42.71:38193
@tracker All of 1 nodes getting started
@tracker All nodes finishes job
start listen on 10.110.42.71:53913
@tracker All of 1 nodes getting started
@tracker All nodes finishes job
start listen on 10.110.42.71:55743
@tracker All of 1 nodes getting started
@tracker All nodes finishes job
Trial 662 finished with value: 0.98 and parameters: {'tree_method': 'gpu_hist', 'lambda': 0.07532024814671061, 'alpha': 0.01566798123888207, 'colsample_bytree': 0.416385686175816, 'subsample': 0.9087469326762415, 'learning_rate': 0.09955546652373848, 'max_depth': 5, 'min_child_weight': 1, 'eval_metric': 'logloss'}. Best is trial 425 with value: 0.9801333333333333.
start listen on 10.110.42.71:60559
@tracker All of 1 nodes getting started
@tracker All nodes finishes job
start listen on 10.110.42.71:54355
@tracker All of 1 nodes getting started
@tracker All nodes finishes job
start listen on 10.110.42.71:47515
@tracker All of 1 nodes getting started
@tracker All nodes finishes job
start listen on 10.110.42.71:39259
@tracker All of 1 nodes getting started
@tracker All nodes finishes job
start listen on 10.110.42.71:40599
@tracker All of 1 nodes getting started
@tracker All nodes finishes job
Trial 663 finished with value: 0.9775166666666667 and parameters: {'tree_method': 'gpu_hist', 'lambda': 0.03835590831612704, 'alpha': 0.016324418404278215, 'colsample_bytree': 0.4101661243740877, 'subsample': 0.9159437842801376, 'learning_rate': 0.046858118000002856, 'max_depth': 5, 'min_child_weight': 7, 'eval_metric': 'logloss'}. Best is trial 425 with value: 0.9801333333333333.
start listen on 10.110.42.71:35257
@tracker All of 1 nodes getting started
@tracker All nodes finishes job
start listen on 10.110.42.71:41443
@tracker All of 1 nodes getting started
@tracker All nodes finishes job
start listen on 10.110.42.71:44411
@tracker All of 1 nodes getting started
@tracker All nodes finishes job
start listen on 10.110.42.71:47563
@tracker All of 1 nodes getting started
@tracker All nodes finishes job
start listen on 10.110.42.71:50721
@tracker All of 1 nodes getting started
@tracker All nodes finishes job
Trial 664 finished with value: 0.9775333333333334 and parameters: {'tree_method': 'gpu_hist', 'lambda': 0.07775392995559387, 'alpha': 0.016261386742538252, 'colsample_bytree': 0.3997647863070302, 'subsample': 0.9099634052476105, 'learning_rate': 0.06961603814405724, 'max_depth': 5, 'min_child_weight': 11, 'eval_metric': 'logloss'}. Best is trial 425 with value: 0.9801333333333333.
start listen on 10.110.42.71:35111
@tracker All of 1 nodes getting started
@tracker All nodes finishes job
start listen on 10.110.42.71:56665
@tracker All of 1 nodes getting started
@tracker All nodes finishes job
start listen on 10.110.42.71:36783
@tracker All of 1 nodes getting started
@tracker All nodes finishes job
start listen on 10.110.42.71:37183
@tracker All of 1 nodes getting started
@tracker All nodes finishes job
start listen on 10.110.42.71:53251
@tracker All of 1 nodes getting started
@tracker All nodes finishes job
Trial 665 finished with value: 0.9799166666666667 and parameters: {'tree_method': 'gpu_hist', 'lambda': 0.06396644412799551, 'alpha': 0.01200974277099728, 'colsample_bytree': 0.4239288401403315, 'subsample': 0.899848311413405, 'learning_rate': 0.09389873948669458, 'max_depth': 5, 'min_child_weight': 1, 'eval_metric': 'logloss'}. Best is trial 425 with value: 0.9801333333333333.
start listen on 10.110.42.71:41703
@tracker All of 1 nodes getting started
@tracker All nodes finishes job
start listen on 10.110.42.71:54009
@tracker All of 1 nodes getting started
@tracker All nodes finishes job
start listen on 10.110.42.71:33145
@tracker All of 1 nodes getting started
@tracker All nodes finishes job
start listen on 10.110.42.71:40035
@tracker All of 1 nodes getting started
@tracker All nodes finishes job
start listen on 10.110.42.71:39975
@tracker All of 1 nodes getting started
@tracker All nodes finishes job
Trial 666 finished with value: 0.93765 and parameters: {'tree_method': 'gpu_hist', 'lambda': 0.06362952791839101, 'alpha': 0.011346292806167602, 'colsample_bytree': 0.4208293516118961, 'subsample': 0.9228426825873647, 'learning_rate': 0.0031810582772119206, 'max_depth': 5, 'min_child_weight': 6, 'eval_metric': 'logloss'}. Best is trial 425 with value: 0.9801333333333333.
start listen on 10.110.42.71:57163
@tracker All of 1 nodes getting started
@tracker All nodes finishes job
start listen on 10.110.42.71:46095
@tracker All of 1 nodes getting started
@tracker All nodes finishes job
start listen on 10.110.42.71:60603
@tracker All of 1 nodes getting started
@tracker All nodes finishes job
start listen on 10.110.42.71:53739
@tracker All of 1 nodes getting started
@tracker All nodes finishes job
start listen on 10.110.42.71:48361
@tracker All of 1 nodes getting started
@tracker All nodes finishes job
Trial 667 finished with value: 0.9761666666666666 and parameters: {'tree_method': 'gpu_hist', 'lambda': 0.0440662915792446, 'alpha': 0.01399482012084212, 'colsample_bytree': 0.4196042204319068, 'subsample': 0.900378070078534, 'learning_rate': 0.09992205997465704, 'max_depth': 9, 'min_child_weight': 18, 'eval_metric': 'logloss'}. Best is trial 425 with value: 0.9801333333333333.
start listen on 10.110.42.71:33931
@tracker All of 1 nodes getting started
@tracker All nodes finishes job
start listen on 10.110.42.71:33905
@tracker All of 1 nodes getting started
@tracker All nodes finishes job
start listen on 10.110.42.71:34065
@tracker All of 1 nodes getting started
@tracker All nodes finishes job
start listen on 10.110.42.71:48193
@tracker All of 1 nodes getting started
@tracker All nodes finishes job
start listen on 10.110.42.71:48351
@tracker All of 1 nodes getting started
@tracker All nodes finishes job
Trial 668 finished with value: 0.9770666666666666 and parameters: {'tree_method': 'gpu_hist', 'lambda': 0.056020207417399166, 'alpha': 0.00940215773351977, 'colsample_bytree': 0.4278752776932666, 'subsample': 0.9110922747271475, 'learning_rate': 0.08915330906749407, 'max_depth': 11, 'min_child_weight': 1, 'eval_metric': 'logloss'}. Best is trial 425 with value: 0.9801333333333333.
start listen on 10.110.42.71:43777
@tracker All of 1 nodes getting started
@tracker All nodes finishes job
start listen on 10.110.42.71:46053
@tracker All of 1 nodes getting started
@tracker All nodes finishes job
start listen on 10.110.42.71:60713
@tracker All of 1 nodes getting started
@tracker All nodes finishes job
start listen on 10.110.42.71:35429
@tracker All of 1 nodes getting started
@tracker All nodes finishes job
start listen on 10.110.42.71:55935
@tracker All of 1 nodes getting started
@tracker All nodes finishes job
Trial 669 finished with value: 0.9746 and parameters: {'tree_method': 'gpu_hist', 'lambda': 0.08766554744312623, 'alpha': 0.01131132721109816, 'colsample_bytree': 0.41299314556759714, 'subsample': 0.8966277867853407, 'learning_rate': 0.09992849105398365, 'max_depth': 3, 'min_child_weight': 11, 'eval_metric': 'logloss'}. Best is trial 425 with value: 0.9801333333333333.
start listen on 10.110.42.71:60291
@tracker All of 1 nodes getting started
@tracker All nodes finishes job
start listen on 10.110.42.71:58509
@tracker All of 1 nodes getting started
@tracker All nodes finishes job
start listen on 10.110.42.71:50331
@tracker All of 1 nodes getting started
@tracker All nodes finishes job
start listen on 10.110.42.71:34135
@tracker All of 1 nodes getting started
@tracker All nodes finishes job
start listen on 10.110.42.71:46233
@tracker All of 1 nodes getting started
@tracker All nodes finishes job
Trial 670 finished with value: 0.9781666666666666 and parameters: {'tree_method': 'gpu_hist', 'lambda': 0.052278583438453936, 'alpha': 0.013533059151243825, 'colsample_bytree': 0.4315370787347804, 'subsample': 0.8796507001716231, 'learning_rate': 0.08706180236059634, 'max_depth': 5, 'min_child_weight': 6, 'eval_metric': 'logloss'}. Best is trial 425 with value: 0.9801333333333333.
start listen on 10.110.42.71:35633
@tracker All of 1 nodes getting started
@tracker All nodes finishes job
start listen on 10.110.42.71:45971
@tracker All of 1 nodes getting started
@tracker All nodes finishes job
start listen on 10.110.42.71:33351
@tracker All of 1 nodes getting started
@tracker All nodes finishes job
start listen on 10.110.42.71:50209
@tracker All of 1 nodes getting started
@tracker All nodes finishes job
start listen on 10.110.42.71:38303
@tracker All of 1 nodes getting started
@tracker All nodes finishes job
Trial 671 finished with value: 0.9768 and parameters: {'tree_method': 'gpu_hist', 'lambda': 0.07714678871804272, 'alpha': 0.008200207885950014, 'colsample_bytree': 0.4072070551449709, 'subsample': 0.9035263085839311, 'learning_rate': 0.08727057911339292, 'max_depth': 5, 'min_child_weight': 15, 'eval_metric': 'logloss'}. Best is trial 425 with value: 0.9801333333333333.
start listen on 10.110.42.71:48877
@tracker All of 1 nodes getting started
@tracker All nodes finishes job
start listen on 10.110.42.71:33153
@tracker All of 1 nodes getting started
@tracker All nodes finishes job
start listen on 10.110.42.71:58211
@tracker All of 1 nodes getting started
@tracker All nodes finishes job
start listen on 10.110.42.71:56795
@tracker All of 1 nodes getting started
@tracker All nodes finishes job
start listen on 10.110.42.71:34493
@tracker All of 1 nodes getting started
@tracker All nodes finishes job
Trial 672 finished with value: 0.9797 and parameters: {'tree_method': 'gpu_hist', 'lambda': 0.07278006485002053, 'alpha': 0.01877027574711996, 'colsample_bytree': 0.427655096185913, 'subsample': 0.9202362298024066, 'learning_rate': 0.0913257103571347, 'max_depth': 5, 'min_child_weight': 1, 'eval_metric': 'logloss'}. Best is trial 425 with value: 0.9801333333333333.
start listen on 10.110.42.71:58197
@tracker All of 1 nodes getting started
@tracker All nodes finishes job
start listen on 10.110.42.71:42413
@tracker All of 1 nodes getting started
@tracker All nodes finishes job
start listen on 10.110.42.71:38119
@tracker All of 1 nodes getting started
@tracker All nodes finishes job
start listen on 10.110.42.71:37861
@tracker All of 1 nodes getting started
@tracker All nodes finishes job
start listen on 10.110.42.71:53151
@tracker All of 1 nodes getting started
@tracker All nodes finishes job
Trial 673 finished with value: 0.9612666666666667 and parameters: {'tree_method': 'gpu_hist', 'lambda': 0.0642760358608555, 'alpha': 0.010561711504433429, 'colsample_bytree': 0.44101417677161914, 'subsample': 0.8883969039263042, 'learning_rate': 0.08194991460287489, 'max_depth': 15, 'min_child_weight': 176, 'eval_metric': 'logloss'}. Best is trial 425 with value: 0.9801333333333333.
start listen on 10.110.42.71:38629
@tracker All of 1 nodes getting started
@tracker All nodes finishes job
start listen on 10.110.42.71:44895
@tracker All of 1 nodes getting started
@tracker All nodes finishes job
start listen on 10.110.42.71:56775
@tracker All of 1 nodes getting started
@tracker All nodes finishes job
start listen on 10.110.42.71:57239
@tracker All of 1 nodes getting started
@tracker All nodes finishes job
start listen on 10.110.42.71:35599
@tracker All of 1 nodes getting started
@tracker All nodes finishes job
Trial 674 finished with value: 0.97775 and parameters: {'tree_method': 'gpu_hist', 'lambda': 0.048973522692535416, 'alpha': 0.014929530828460215, 'colsample_bytree': 0.4160896650924549, 'subsample': 0.8716509123568761, 'learning_rate': 0.09976490842862389, 'max_depth': 5, 'min_child_weight': 7, 'eval_metric': 'logloss'}. Best is trial 425 with value: 0.9801333333333333.
start listen on 10.110.42.71:42513
@tracker All of 1 nodes getting started
@tracker All nodes finishes job
start listen on 10.110.42.71:34635
@tracker All of 1 nodes getting started
@tracker All nodes finishes job
start listen on 10.110.42.71:48069
@tracker All of 1 nodes getting started
@tracker All nodes finishes job
start listen on 10.110.42.71:47559
@tracker All of 1 nodes getting started
@tracker All nodes finishes job
start listen on 10.110.42.71:34335
@tracker All of 1 nodes getting started
@tracker All nodes finishes job
Trial 675 finished with value: 0.9778333333333333 and parameters: {'tree_method': 'gpu_hist', 'lambda': 0.11178224780320954, 'alpha': 0.012976434127853095, 'colsample_bytree': 0.39930732195755586, 'subsample': 0.8927273446461004, 'learning_rate': 0.09979195653008593, 'max_depth': 5, 'min_child_weight': 11, 'eval_metric': 'logloss'}. Best is trial 425 with value: 0.9801333333333333.
start listen on 10.110.42.71:41797
@tracker All of 1 nodes getting started
@tracker All nodes finishes job
start listen on 10.110.42.71:55455
@tracker All of 1 nodes getting started
@tracker All nodes finishes job
start listen on 10.110.42.71:42191
@tracker All of 1 nodes getting started
@tracker All nodes finishes job
start listen on 10.110.42.71:47561
@tracker All of 1 nodes getting started
@tracker All nodes finishes job
start listen on 10.110.42.71:38057
@tracker All of 1 nodes getting started
@tracker All nodes finishes job
Trial 676 finished with value: 0.97505 and parameters: {'tree_method': 'gpu_hist', 'lambda': 0.09241243349753535, 'alpha': 0.017542777642640943, 'colsample_bytree': 0.43276815889470405, 'subsample': 0.6775184481979486, 'learning_rate': 0.08578774265753773, 'max_depth': 5, 'min_child_weight': 23, 'eval_metric': 'logloss'}. Best is trial 425 with value: 0.9801333333333333.
start listen on 10.110.42.71:37959
@tracker All of 1 nodes getting started
@tracker All nodes finishes job
start listen on 10.110.42.71:43939
@tracker All of 1 nodes getting started
@tracker All nodes finishes job
start listen on 10.110.42.71:51327
@tracker All of 1 nodes getting started
@tracker All nodes finishes job
start listen on 10.110.42.71:51889
@tracker All of 1 nodes getting started
@tracker All nodes finishes job
start listen on 10.110.42.71:40075
@tracker All of 1 nodes getting started
@tracker All nodes finishes job
