Trial 317 finished with value: 0.9775833333333334 and parameters: {'tree_method': 'gpu_hist', 'lambda': 0.7022151496191966, 'alpha': 0.008376301919116072, 'colsample_bytree': 0.4961367166742932, 'subsample': 0.9620762167869762, 'learning_rate': 0.0851610938323239, 'max_depth': 11, 'min_child_weight': 6, 'eval_metric': 'logloss'}. Best is trial 305 with value: 0.98.
start listen on 10.110.42.71:48291
@tracker All of 1 nodes getting started
@tracker All nodes finishes job
start listen on 10.110.42.71:56895
@tracker All of 1 nodes getting started
@tracker All nodes finishes job
start listen on 10.110.42.71:49859
@tracker All of 1 nodes getting started
@tracker All nodes finishes job
start listen on 10.110.42.71:50929
@tracker All of 1 nodes getting started
@tracker All nodes finishes job
start listen on 10.110.42.71:56135
@tracker All of 1 nodes getting started
@tracker All nodes finishes job
Trial 318 finished with value: 0.9792333333333333 and parameters: {'tree_method': 'gpu_hist', 'lambda': 1.7990404819343948, 'alpha': 0.011907288182070219, 'colsample_bytree': 0.5095484141492356, 'subsample': 0.9893104556231435, 'learning_rate': 0.07402351414428952, 'max_depth': 5, 'min_child_weight': 1, 'eval_metric': 'logloss'}. Best is trial 305 with value: 0.98.
start listen on 10.110.42.71:33021
@tracker All of 1 nodes getting started
@tracker All nodes finishes job
start listen on 10.110.42.71:32809
@tracker All of 1 nodes getting started
@tracker All nodes finishes job
start listen on 10.110.42.71:44631
@tracker All of 1 nodes getting started
@tracker All nodes finishes job
start listen on 10.110.42.71:37387
@tracker All of 1 nodes getting started
@tracker All nodes finishes job
start listen on 10.110.42.71:35359
@tracker All of 1 nodes getting started
@tracker All nodes finishes job
Trial 319 finished with value: 0.9162 and parameters: {'tree_method': 'gpu_hist', 'lambda': 1.0126682018935513, 'alpha': 0.014796972748727452, 'colsample_bytree': 0.35624051839503595, 'subsample': 0.9492070121030681, 'learning_rate': 0.0010094580073477177, 'max_depth': 5, 'min_child_weight': 15, 'eval_metric': 'logloss'}. Best is trial 305 with value: 0.98.
start listen on 10.110.42.71:36297
@tracker All of 1 nodes getting started
@tracker All nodes finishes job
start listen on 10.110.42.71:54921
@tracker All of 1 nodes getting started
@tracker All nodes finishes job
start listen on 10.110.42.71:52623
@tracker All of 1 nodes getting started
@tracker All nodes finishes job
start listen on 10.110.42.71:33879
@tracker All of 1 nodes getting started
@tracker All nodes finishes job
start listen on 10.110.42.71:57937
@tracker All of 1 nodes getting started
@tracker All nodes finishes job
Trial 320 finished with value: 0.9796833333333334 and parameters: {'tree_method': 'gpu_hist', 'lambda': 0.8101095770413794, 'alpha': 0.02565218980674832, 'colsample_bytree': 0.4190692813075665, 'subsample': 0.8753237357640297, 'learning_rate': 0.0999647840515459, 'max_depth': 5, 'min_child_weight': 1, 'eval_metric': 'logloss'}. Best is trial 305 with value: 0.98.
start listen on 10.110.42.71:44137
@tracker All of 1 nodes getting started
@tracker All nodes finishes job
start listen on 10.110.42.71:49635
@tracker All of 1 nodes getting started
@tracker All nodes finishes job
start listen on 10.110.42.71:37125
@tracker All of 1 nodes getting started
@tracker All nodes finishes job
start listen on 10.110.42.71:46205
@tracker All of 1 nodes getting started
@tracker All nodes finishes job
start listen on 10.110.42.71:45225
@tracker All of 1 nodes getting started
@tracker All nodes finishes job
Trial 321 finished with value: 0.97715 and parameters: {'tree_method': 'gpu_hist', 'lambda': 1.2922941719224237, 'alpha': 0.023880015533313825, 'colsample_bytree': 0.5410137303120486, 'subsample': 0.890995357654198, 'learning_rate': 0.06341918250105069, 'max_depth': 15, 'min_child_weight': 10, 'eval_metric': 'logloss'}. Best is trial 305 with value: 0.98.
start listen on 10.110.42.71:40291
@tracker All of 1 nodes getting started
@tracker All nodes finishes job
start listen on 10.110.42.71:59157
@tracker All of 1 nodes getting started
@tracker All nodes finishes job
start listen on 10.110.42.71:37277
@tracker All of 1 nodes getting started
@tracker All nodes finishes job
start listen on 10.110.42.71:33911
@tracker All of 1 nodes getting started
@tracker All nodes finishes job
start listen on 10.110.42.71:43457
@tracker All of 1 nodes getting started
@tracker All nodes finishes job
Trial 322 finished with value: 0.9742833333333333 and parameters: {'tree_method': 'gpu_hist', 'lambda': 0.13283112791646437, 'alpha': 0.01961014883400474, 'colsample_bytree': 0.38989252379930966, 'subsample': 0.8768222191266372, 'learning_rate': 0.08271276226926778, 'max_depth': 3, 'min_child_weight': 9, 'eval_metric': 'logloss'}. Best is trial 305 with value: 0.98.
start listen on 10.110.42.71:57577
@tracker All of 1 nodes getting started
@tracker All nodes finishes job
start listen on 10.110.42.71:53297
@tracker All of 1 nodes getting started
@tracker All nodes finishes job
start listen on 10.110.42.71:49481
@tracker All of 1 nodes getting started
@tracker All nodes finishes job
start listen on 10.110.42.71:56229
@tracker All of 1 nodes getting started
@tracker All nodes finishes job
start listen on 10.110.42.71:44771
@tracker All of 1 nodes getting started
@tracker All nodes finishes job
Trial 323 finished with value: 0.9795166666666667 and parameters: {'tree_method': 'gpu_hist', 'lambda': 0.8233917194700765, 'alpha': 0.032876547692483576, 'colsample_bytree': 0.4139560183061058, 'subsample': 0.8690340541427737, 'learning_rate': 0.09995882397283207, 'max_depth': 5, 'min_child_weight': 1, 'eval_metric': 'logloss'}. Best is trial 305 with value: 0.98.
start listen on 10.110.42.71:44207
@tracker All of 1 nodes getting started
@tracker All nodes finishes job
start listen on 10.110.42.71:52681
@tracker All of 1 nodes getting started
@tracker All nodes finishes job
start listen on 10.110.42.71:42071
@tracker All of 1 nodes getting started
@tracker All nodes finishes job
start listen on 10.110.42.71:55687
@tracker All of 1 nodes getting started
@tracker All nodes finishes job
start listen on 10.110.42.71:39569
@tracker All of 1 nodes getting started
@tracker All nodes finishes job
Trial 324 finished with value: 0.9767666666666667 and parameters: {'tree_method': 'gpu_hist', 'lambda': 1.0467697757281387, 'alpha': 0.016597281791136117, 'colsample_bytree': 0.42176691260497123, 'subsample': 0.89227138292694, 'learning_rate': 0.09214933852825292, 'max_depth': 5, 'min_child_weight': 19, 'eval_metric': 'logloss'}. Best is trial 305 with value: 0.98.
start listen on 10.110.42.71:52701
@tracker All of 1 nodes getting started
@tracker All nodes finishes job
start listen on 10.110.42.71:47951
@tracker All of 1 nodes getting started
@tracker All nodes finishes job
start listen on 10.110.42.71:58651
@tracker All of 1 nodes getting started
@tracker All nodes finishes job
start listen on 10.110.42.71:52793
@tracker All of 1 nodes getting started
@tracker All nodes finishes job
start listen on 10.110.42.71:54887
@tracker All of 1 nodes getting started
@tracker All nodes finishes job
Trial 325 finished with value: 0.9785833333333334 and parameters: {'tree_method': 'gpu_hist', 'lambda': 0.8214467692651496, 'alpha': 0.010660683152952292, 'colsample_bytree': 0.39121978212376, 'subsample': 0.8586482248059538, 'learning_rate': 0.07441974532577957, 'max_depth': 5, 'min_child_weight': 6, 'eval_metric': 'logloss'}. Best is trial 305 with value: 0.98.
start listen on 10.110.42.71:41529
@tracker All of 1 nodes getting started
@tracker All nodes finishes job
start listen on 10.110.42.71:36063
@tracker All of 1 nodes getting started
@tracker All nodes finishes job
start listen on 10.110.42.71:45279
@tracker All of 1 nodes getting started
@tracker All nodes finishes job
start listen on 10.110.42.71:33689
@tracker All of 1 nodes getting started
@tracker All nodes finishes job
start listen on 10.110.42.71:59349
@tracker All of 1 nodes getting started
@tracker All nodes finishes job
Trial 326 finished with value: 0.97835 and parameters: {'tree_method': 'gpu_hist', 'lambda': 1.2431649002553367, 'alpha': 0.04121993549775048, 'colsample_bytree': 0.4100340518497502, 'subsample': 0.9984411835950279, 'learning_rate': 0.08313413637707096, 'max_depth': 5, 'min_child_weight': 6, 'eval_metric': 'logloss'}. Best is trial 305 with value: 0.98.
start listen on 10.110.42.71:58007
@tracker All of 1 nodes getting started
@tracker All nodes finishes job
start listen on 10.110.42.71:46711
@tracker All of 1 nodes getting started
@tracker All nodes finishes job
start listen on 10.110.42.71:43373
@tracker All of 1 nodes getting started
@tracker All nodes finishes job
start listen on 10.110.42.71:52195
@tracker All of 1 nodes getting started
@tracker All nodes finishes job
start listen on 10.110.42.71:57311
@tracker All of 1 nodes getting started
@tracker All nodes finishes job
Trial 327 finished with value: 0.97715 and parameters: {'tree_method': 'gpu_hist', 'lambda': 0.9237659978150495, 'alpha': 0.012856837403428889, 'colsample_bytree': 0.5041216781750721, 'subsample': 0.8778062879907453, 'learning_rate': 0.06853799699292003, 'max_depth': 13, 'min_child_weight': 1, 'eval_metric': 'logloss'}. Best is trial 305 with value: 0.98.
start listen on 10.110.42.71:35083
@tracker All of 1 nodes getting started
@tracker All nodes finishes job
start listen on 10.110.42.71:53419
@tracker All of 1 nodes getting started
@tracker All nodes finishes job
start listen on 10.110.42.71:60065
@tracker All of 1 nodes getting started
@tracker All nodes finishes job
start listen on 10.110.42.71:51051
@tracker All of 1 nodes getting started
@tracker All nodes finishes job
start listen on 10.110.42.71:58171
@tracker All of 1 nodes getting started
@tracker All nodes finishes job
Trial 328 finished with value: 0.9769666666666666 and parameters: {'tree_method': 'gpu_hist', 'lambda': 0.7340047828006685, 'alpha': 0.007058534646886063, 'colsample_bytree': 0.47998089997951193, 'subsample': 0.9770621470129731, 'learning_rate': 0.09178371233526735, 'max_depth': 5, 'min_child_weight': 15, 'eval_metric': 'logloss'}. Best is trial 305 with value: 0.98.
start listen on 10.110.42.71:41325
@tracker All of 1 nodes getting started
@tracker All nodes finishes job
start listen on 10.110.42.71:45137
@tracker All of 1 nodes getting started
@tracker All nodes finishes job
start listen on 10.110.42.71:42811
@tracker All of 1 nodes getting started
@tracker All nodes finishes job
start listen on 10.110.42.71:45061
@tracker All of 1 nodes getting started
@tracker All nodes finishes job
start listen on 10.110.42.71:58297
@tracker All of 1 nodes getting started
@tracker All nodes finishes job
Trial 329 finished with value: 0.9775 and parameters: {'tree_method': 'gpu_hist', 'lambda': 0.6070724657721316, 'alpha': 0.021800503559641117, 'colsample_bytree': 0.42714404307965986, 'subsample': 0.9020616212297349, 'learning_rate': 0.0757259913767361, 'max_depth': 5, 'min_child_weight': 11, 'eval_metric': 'logloss'}. Best is trial 305 with value: 0.98.
start listen on 10.110.42.71:50445
@tracker All of 1 nodes getting started
@tracker All nodes finishes job
start listen on 10.110.42.71:32807
@tracker All of 1 nodes getting started
@tracker All nodes finishes job
start listen on 10.110.42.71:34129
@tracker All of 1 nodes getting started
@tracker All nodes finishes job
start listen on 10.110.42.71:46491
@tracker All of 1 nodes getting started
@tracker All nodes finishes job
start listen on 10.110.42.71:55571
@tracker All of 1 nodes getting started
@tracker All nodes finishes job
Trial 330 finished with value: 0.9794833333333334 and parameters: {'tree_method': 'gpu_hist', 'lambda': 1.1570112311251564, 'alpha': 0.01480101833128357, 'colsample_bytree': 0.36986599525226416, 'subsample': 0.9665080522479184, 'learning_rate': 0.08341220397021265, 'max_depth': 5, 'min_child_weight': 1, 'eval_metric': 'logloss'}. Best is trial 305 with value: 0.98.
start listen on 10.110.42.71:47029
@tracker All of 1 nodes getting started
@tracker All nodes finishes job
start listen on 10.110.42.71:42301
@tracker All of 1 nodes getting started
@tracker All nodes finishes job
start listen on 10.110.42.71:59773
@tracker All of 1 nodes getting started
@tracker All nodes finishes job
start listen on 10.110.42.71:60329
@tracker All of 1 nodes getting started
@tracker All nodes finishes job
start listen on 10.110.42.71:58697
@tracker All of 1 nodes getting started
@tracker All nodes finishes job
Trial 331 finished with value: 0.9784 and parameters: {'tree_method': 'gpu_hist', 'lambda': 0.966646113188159, 'alpha': 0.017989889836006898, 'colsample_bytree': 0.39984432852347657, 'subsample': 0.9862184570822323, 'learning_rate': 0.09185638793035514, 'max_depth': 5, 'min_child_weight': 6, 'eval_metric': 'logloss'}. Best is trial 305 with value: 0.98.
start listen on 10.110.42.71:35825
@tracker All of 1 nodes getting started
@tracker All nodes finishes job
start listen on 10.110.42.71:35129
@tracker All of 1 nodes getting started
@tracker All nodes finishes job
start listen on 10.110.42.71:37251
@tracker All of 1 nodes getting started
@tracker All nodes finishes job
start listen on 10.110.42.71:44519
@tracker All of 1 nodes getting started
@tracker All nodes finishes job
start listen on 10.110.42.71:37337
@tracker All of 1 nodes getting started
@tracker All nodes finishes job
Trial 332 finished with value: 0.97715 and parameters: {'tree_method': 'gpu_hist', 'lambda': 0.4406722788823533, 'alpha': 0.028157426660236864, 'colsample_bytree': 0.4718931828003531, 'subsample': 0.8826817428107674, 'learning_rate': 0.06128908126035339, 'max_depth': 5, 'min_child_weight': 11, 'eval_metric': 'logloss'}. Best is trial 305 with value: 0.98.
start listen on 10.110.42.71:37099
@tracker All of 1 nodes getting started
@tracker All nodes finishes job
start listen on 10.110.42.71:38649
@tracker All of 1 nodes getting started
@tracker All nodes finishes job
start listen on 10.110.42.71:43931
@tracker All of 1 nodes getting started
@tracker All nodes finishes job
start listen on 10.110.42.71:39755
@tracker All of 1 nodes getting started
@tracker All nodes finishes job
start listen on 10.110.42.71:46627
@tracker All of 1 nodes getting started
@tracker All nodes finishes job
Trial 333 finished with value: 0.9762333333333333 and parameters: {'tree_method': 'gpu_hist', 'lambda': 1.573209493457252, 'alpha': 0.009533676642219527, 'colsample_bytree': 0.45385852932492643, 'subsample': 0.9138261547200073, 'learning_rate': 0.0783574709024228, 'max_depth': 5, 'min_child_weight': 22, 'eval_metric': 'logloss'}. Best is trial 305 with value: 0.98.
start listen on 10.110.42.71:42805
@tracker All of 1 nodes getting started
@tracker All nodes finishes job
start listen on 10.110.42.71:36087
@tracker All of 1 nodes getting started
@tracker All nodes finishes job
start listen on 10.110.42.71:54859
@tracker All of 1 nodes getting started
@tracker All nodes finishes job
start listen on 10.110.42.71:52759
@tracker All of 1 nodes getting started
@tracker All nodes finishes job
start listen on 10.110.42.71:45823
@tracker All of 1 nodes getting started
@tracker All nodes finishes job
Trial 334 finished with value: 0.9793833333333334 and parameters: {'tree_method': 'gpu_hist', 'lambda': 0.7817857204615162, 'alpha': 0.01243746124626879, 'colsample_bytree': 0.521922039492007, 'subsample': 0.8442623030213323, 'learning_rate': 0.07146210181094086, 'max_depth': 5, 'min_child_weight': 1, 'eval_metric': 'logloss'}. Best is trial 305 with value: 0.98.
start listen on 10.110.42.71:55479
@tracker All of 1 nodes getting started
@tracker All nodes finishes job
start listen on 10.110.42.71:46341
@tracker All of 1 nodes getting started
@tracker All nodes finishes job
start listen on 10.110.42.71:34935
@tracker All of 1 nodes getting started
@tracker All nodes finishes job
start listen on 10.110.42.71:57765
@tracker All of 1 nodes getting started
@tracker All nodes finishes job
start listen on 10.110.42.71:51551
@tracker All of 1 nodes getting started
@tracker All nodes finishes job
Trial 335 finished with value: 0.97815 and parameters: {'tree_method': 'gpu_hist', 'lambda': 0.5555183552689559, 'alpha': 0.023733315620162936, 'colsample_bytree': 0.41332962086829084, 'subsample': 0.895919053771564, 'learning_rate': 0.08764426819115893, 'max_depth': 5, 'min_child_weight': 7, 'eval_metric': 'logloss'}. Best is trial 305 with value: 0.98.
start listen on 10.110.42.71:47419
@tracker All of 1 nodes getting started
@tracker All nodes finishes job
start listen on 10.110.42.71:42301
@tracker All of 1 nodes getting started
@tracker All nodes finishes job
start listen on 10.110.42.71:54129
@tracker All of 1 nodes getting started
@tracker All nodes finishes job
start listen on 10.110.42.71:57513
@tracker All of 1 nodes getting started
@tracker All nodes finishes job
start listen on 10.110.42.71:34245
@tracker All of 1 nodes getting started
@tracker All nodes finishes job
Trial 336 finished with value: 0.9769166666666667 and parameters: {'tree_method': 'gpu_hist', 'lambda': 0.6787013114479559, 'alpha': 0.016664810042056097, 'colsample_bytree': 0.42759952609323537, 'subsample': 0.9718634957087685, 'learning_rate': 0.0806981440639237, 'max_depth': 5, 'min_child_weight': 16, 'eval_metric': 'logloss'}. Best is trial 305 with value: 0.98.
start listen on 10.110.42.71:43645
@tracker All of 1 nodes getting started
@tracker All nodes finishes job
start listen on 10.110.42.71:46459
@tracker All of 1 nodes getting started
@tracker All nodes finishes job
start listen on 10.110.42.71:57715
@tracker All of 1 nodes getting started
@tracker All nodes finishes job
start listen on 10.110.42.71:45989
@tracker All of 1 nodes getting started
@tracker All nodes finishes job
start listen on 10.110.42.71:49519
@tracker All of 1 nodes getting started
@tracker All nodes finishes job
Trial 337 finished with value: 0.9772 and parameters: {'tree_method': 'gpu_hist', 'lambda': 0.9085144658480718, 'alpha': 0.014451432287350897, 'colsample_bytree': 0.3788039380257629, 'subsample': 0.4685997173352193, 'learning_rate': 0.06730590927589238, 'max_depth': 5, 'min_child_weight': 7, 'eval_metric': 'logloss'}. Best is trial 305 with value: 0.98.
start listen on 10.110.42.71:34787
@tracker All of 1 nodes getting started
@tracker All nodes finishes job
start listen on 10.110.42.71:47131
@tracker All of 1 nodes getting started
@tracker All nodes finishes job
start listen on 10.110.42.71:42115
@tracker All of 1 nodes getting started
@tracker All nodes finishes job
start listen on 10.110.42.71:46925
@tracker All of 1 nodes getting started
@tracker All nodes finishes job
start listen on 10.110.42.71:51131
@tracker All of 1 nodes getting started
@tracker All nodes finishes job
Trial 338 finished with value: 0.9655333333333334 and parameters: {'tree_method': 'gpu_hist', 'lambda': 1.1208904384046674, 'alpha': 0.019588009419440694, 'colsample_bytree': 0.4378680652673579, 'subsample': 0.8676730225349591, 'learning_rate': 0.09950355667596446, 'max_depth': 5, 'min_child_weight': 128, 'eval_metric': 'logloss'}. Best is trial 305 with value: 0.98.
start listen on 10.110.42.71:59941
@tracker All of 1 nodes getting started
@tracker All nodes finishes job
start listen on 10.110.42.71:54381
@tracker All of 1 nodes getting started
@tracker All nodes finishes job
start listen on 10.110.42.71:52951
@tracker All of 1 nodes getting started
@tracker All nodes finishes job
start listen on 10.110.42.71:55263
@tracker All of 1 nodes getting started
@tracker All nodes finishes job
start listen on 10.110.42.71:47577
@tracker All of 1 nodes getting started
@tracker All nodes finishes job
Trial 339 finished with value: 0.9794 and parameters: {'tree_method': 'gpu_hist', 'lambda': 0.7635503730199493, 'alpha': 0.0532404733534948, 'colsample_bytree': 0.48920829489658285, 'subsample': 0.9990822553190642, 'learning_rate': 0.08713591398637044, 'max_depth': 5, 'min_child_weight': 1, 'eval_metric': 'logloss'}. Best is trial 305 with value: 0.98.
start listen on 10.110.42.71:41861
@tracker All of 1 nodes getting started
@tracker All nodes finishes job
start listen on 10.110.42.71:35425
@tracker All of 1 nodes getting started
@tracker All nodes finishes job
start listen on 10.110.42.71:59221
@tracker All of 1 nodes getting started
@tracker All nodes finishes job
start listen on 10.110.42.71:52017
@tracker All of 1 nodes getting started
@tracker All nodes finishes job
start listen on 10.110.42.71:39615
@tracker All of 1 nodes getting started
@tracker All nodes finishes job
Trial 340 finished with value: 0.9770666666666666 and parameters: {'tree_method': 'gpu_hist', 'lambda': 1.3948773455630321, 'alpha': 0.03076753533906389, 'colsample_bytree': 0.6382229624421017, 'subsample': 0.9298054293013287, 'learning_rate': 0.07538687919080747, 'max_depth': 5, 'min_child_weight': 13, 'eval_metric': 'logloss'}. Best is trial 305 with value: 0.98.
start listen on 10.110.42.71:60649
@tracker All of 1 nodes getting started
@tracker All nodes finishes job
start listen on 10.110.42.71:42183
@tracker All of 1 nodes getting started
@tracker All nodes finishes job
start listen on 10.110.42.71:58803
@tracker All of 1 nodes getting started
@tracker All nodes finishes job
start listen on 10.110.42.71:48509
@tracker All of 1 nodes getting started
@tracker All nodes finishes job
start listen on 10.110.42.71:47773
@tracker All of 1 nodes getting started
@tracker All nodes finishes job
