Trial 917 finished with value: 0.9792166666666666 and parameters: {'tree_method': 'gpu_hist', 'lambda': 1.2018815696674916, 'alpha': 0.015821074390370088, 'colsample_bytree': 0.41419724400462404, 'subsample': 0.5592581627560684, 'learning_rate': 0.07198118886092239, 'max_depth': 5, 'min_child_weight': 1, 'eval_metric': 'logloss'}. Best is trial 425 with value: 0.9801333333333333.
start listen on 10.110.42.71:38555
@tracker All of 1 nodes getting started
@tracker All nodes finishes job
start listen on 10.110.42.71:43071
@tracker All of 1 nodes getting started
@tracker All nodes finishes job
start listen on 10.110.42.71:50239
@tracker All of 1 nodes getting started
@tracker All nodes finishes job
start listen on 10.110.42.71:41953
@tracker All of 1 nodes getting started
@tracker All nodes finishes job
start listen on 10.110.42.71:33653
@tracker All of 1 nodes getting started
@tracker All nodes finishes job
Trial 918 finished with value: 0.9764666666666667 and parameters: {'tree_method': 'gpu_hist', 'lambda': 1.6560564797169344, 'alpha': 0.012485698324696117, 'colsample_bytree': 0.4242183805203051, 'subsample': 0.850791161375374, 'learning_rate': 0.08202311625676081, 'max_depth': 20, 'min_child_weight': 15, 'eval_metric': 'logloss'}. Best is trial 425 with value: 0.9801333333333333.
start listen on 10.110.42.71:55727
@tracker All of 1 nodes getting started
@tracker All nodes finishes job
start listen on 10.110.42.71:60359
@tracker All of 1 nodes getting started
@tracker All nodes finishes job
start listen on 10.110.42.71:58063
@tracker All of 1 nodes getting started
@tracker All nodes finishes job
start listen on 10.110.42.71:41455
@tracker All of 1 nodes getting started
@tracker All nodes finishes job
start listen on 10.110.42.71:50337
@tracker All of 1 nodes getting started
@tracker All nodes finishes job
Trial 919 finished with value: 0.9768333333333333 and parameters: {'tree_method': 'gpu_hist', 'lambda': 0.16425703831938893, 'alpha': 0.009040248621903927, 'colsample_bytree': 0.3722528980219211, 'subsample': 0.8786125154310394, 'learning_rate': 0.06404716689967413, 'max_depth': 5, 'min_child_weight': 12, 'eval_metric': 'logloss'}. Best is trial 425 with value: 0.9801333333333333.
start listen on 10.110.42.71:58757
@tracker All of 1 nodes getting started
@tracker All nodes finishes job
start listen on 10.110.42.71:46897
@tracker All of 1 nodes getting started
@tracker All nodes finishes job
start listen on 10.110.42.71:53673
@tracker All of 1 nodes getting started
@tracker All nodes finishes job
start listen on 10.110.42.71:46955
@tracker All of 1 nodes getting started
@tracker All nodes finishes job
start listen on 10.110.42.71:33753
@tracker All of 1 nodes getting started
@tracker All nodes finishes job
Trial 920 finished with value: 0.97545 and parameters: {'tree_method': 'gpu_hist', 'lambda': 0.09978155785404164, 'alpha': 0.0020312873522943236, 'colsample_bytree': 0.4002304294398945, 'subsample': 0.8616915718192086, 'learning_rate': 0.0842852603169232, 'max_depth': 5, 'min_child_weight': 27, 'eval_metric': 'logloss'}. Best is trial 425 with value: 0.9801333333333333.
start listen on 10.110.42.71:52037
@tracker All of 1 nodes getting started
@tracker All nodes finishes job
start listen on 10.110.42.71:50137
@tracker All of 1 nodes getting started
@tracker All nodes finishes job
start listen on 10.110.42.71:60901
@tracker All of 1 nodes getting started
@tracker All nodes finishes job
start listen on 10.110.42.71:48265
@tracker All of 1 nodes getting started
@tracker All nodes finishes job
start listen on 10.110.42.71:57447
@tracker All of 1 nodes getting started
@tracker All nodes finishes job
Trial 921 finished with value: 0.9677833333333333 and parameters: {'tree_method': 'gpu_hist', 'lambda': 0.8703836345194798, 'alpha': 0.13164305681331284, 'colsample_bytree': 0.5210345433887752, 'subsample': 0.8829373085605534, 'learning_rate': 0.005705613550561666, 'max_depth': 9, 'min_child_weight': 7, 'eval_metric': 'logloss'}. Best is trial 425 with value: 0.9801333333333333.
start listen on 10.110.42.71:45363
@tracker All of 1 nodes getting started
@tracker All nodes finishes job
start listen on 10.110.42.71:45213
@tracker All of 1 nodes getting started
@tracker All nodes finishes job
start listen on 10.110.42.71:38121
@tracker All of 1 nodes getting started
@tracker All nodes finishes job
start listen on 10.110.42.71:34337
@tracker All of 1 nodes getting started
@tracker All nodes finishes job
start listen on 10.110.42.71:42333
@tracker All of 1 nodes getting started
@tracker All nodes finishes job
Trial 922 finished with value: 0.9796166666666667 and parameters: {'tree_method': 'gpu_hist', 'lambda': 0.7827978281100375, 'alpha': 0.01027146755868256, 'colsample_bytree': 0.44205806719810575, 'subsample': 0.8724351557671536, 'learning_rate': 0.09990193879021014, 'max_depth': 5, 'min_child_weight': 1, 'eval_metric': 'logloss'}. Best is trial 425 with value: 0.9801333333333333.
start listen on 10.110.42.71:42049
@tracker All of 1 nodes getting started
@tracker All nodes finishes job
start listen on 10.110.42.71:52149
@tracker All of 1 nodes getting started
@tracker All nodes finishes job
start listen on 10.110.42.71:38695
@tracker All of 1 nodes getting started
@tracker All nodes finishes job
start listen on 10.110.42.71:41969
@tracker All of 1 nodes getting started
@tracker All nodes finishes job
start listen on 10.110.42.71:39429
@tracker All of 1 nodes getting started
@tracker All nodes finishes job
Trial 923 finished with value: 0.9611666666666666 and parameters: {'tree_method': 'gpu_hist', 'lambda': 0.07340196823738006, 'alpha': 0.025210572262649576, 'colsample_bytree': 0.3529508580703741, 'subsample': 0.9008240772194348, 'learning_rate': 0.0015234829347668818, 'max_depth': 11, 'min_child_weight': 6, 'eval_metric': 'logloss'}. Best is trial 425 with value: 0.9801333333333333.
start listen on 10.110.42.71:38295
@tracker All of 1 nodes getting started
@tracker All nodes finishes job
start listen on 10.110.42.71:54661
@tracker All of 1 nodes getting started
@tracker All nodes finishes job
start listen on 10.110.42.71:34017
@tracker All of 1 nodes getting started
@tracker All nodes finishes job
start listen on 10.110.42.71:39005
@tracker All of 1 nodes getting started
@tracker All nodes finishes job
start listen on 10.110.42.71:54837
@tracker All of 1 nodes getting started
@tracker All nodes finishes job
Trial 924 finished with value: 0.9768666666666667 and parameters: {'tree_method': 'gpu_hist', 'lambda': 0.9811762539470643, 'alpha': 0.01422948272226986, 'colsample_bytree': 0.3886944829378565, 'subsample': 0.930787831755597, 'learning_rate': 0.07652664107513832, 'max_depth': 5, 'min_child_weight': 16, 'eval_metric': 'logloss'}. Best is trial 425 with value: 0.9801333333333333.
start listen on 10.110.42.71:47633
@tracker All of 1 nodes getting started
@tracker All nodes finishes job
start listen on 10.110.42.71:39267
@tracker All of 1 nodes getting started
@tracker All nodes finishes job
start listen on 10.110.42.71:52663
@tracker All of 1 nodes getting started
@tracker All nodes finishes job
start listen on 10.110.42.71:53763
@tracker All of 1 nodes getting started
@tracker All nodes finishes job
start listen on 10.110.42.71:47857
@tracker All of 1 nodes getting started
@tracker All nodes finishes job
Trial 925 finished with value: 0.9701333333333333 and parameters: {'tree_method': 'gpu_hist', 'lambda': 0.052661872341669906, 'alpha': 0.017512531943344838, 'colsample_bytree': 0.4215874055092447, 'subsample': 0.9199790887833393, 'learning_rate': 0.05265792213729921, 'max_depth': 3, 'min_child_weight': 11, 'eval_metric': 'logloss'}. Best is trial 425 with value: 0.9801333333333333.
start listen on 10.110.42.71:42189
@tracker All of 1 nodes getting started
@tracker All nodes finishes job
start listen on 10.110.42.71:54747
@tracker All of 1 nodes getting started
@tracker All nodes finishes job
start listen on 10.110.42.71:53031
@tracker All of 1 nodes getting started
@tracker All nodes finishes job
start listen on 10.110.42.71:60375
@tracker All of 1 nodes getting started
@tracker All nodes finishes job
start listen on 10.110.42.71:60109
@tracker All of 1 nodes getting started
@tracker All nodes finishes job
Trial 926 finished with value: 0.9789166666666667 and parameters: {'tree_method': 'gpu_hist', 'lambda': 0.8768431014621179, 'alpha': 0.23532825689413303, 'colsample_bytree': 0.8082016074821365, 'subsample': 0.7261919178303661, 'learning_rate': 0.08707374622134655, 'max_depth': 5, 'min_child_weight': 1, 'eval_metric': 'logloss'}. Best is trial 425 with value: 0.9801333333333333.
start listen on 10.110.42.71:35773
@tracker All of 1 nodes getting started
@tracker All nodes finishes job
start listen on 10.110.42.71:55235
@tracker All of 1 nodes getting started
@tracker All nodes finishes job
start listen on 10.110.42.71:57315
@tracker All of 1 nodes getting started
@tracker All nodes finishes job
start listen on 10.110.42.71:38191
@tracker All of 1 nodes getting started
@tracker All nodes finishes job
start listen on 10.110.42.71:36477
@tracker All of 1 nodes getting started
@tracker All nodes finishes job
Trial 927 finished with value: 0.9779833333333333 and parameters: {'tree_method': 'gpu_hist', 'lambda': 0.7165327934339595, 'alpha': 0.007929552565349081, 'colsample_bytree': 0.4520161696011193, 'subsample': 0.8369490080828162, 'learning_rate': 0.08719741667613295, 'max_depth': 5, 'min_child_weight': 6, 'eval_metric': 'logloss'}. Best is trial 425 with value: 0.9801333333333333.
start listen on 10.110.42.71:42941
@tracker All of 1 nodes getting started
@tracker All nodes finishes job
start listen on 10.110.42.71:52099
@tracker All of 1 nodes getting started
@tracker All nodes finishes job
start listen on 10.110.42.71:41577
@tracker All of 1 nodes getting started
@tracker All nodes finishes job
start listen on 10.110.42.71:58847
@tracker All of 1 nodes getting started
@tracker All nodes finishes job
start listen on 10.110.42.71:44523
@tracker All of 1 nodes getting started
@tracker All nodes finishes job
Trial 928 finished with value: 0.9775833333333334 and parameters: {'tree_method': 'gpu_hist', 'lambda': 0.6111330047908139, 'alpha': 0.010476955626204244, 'colsample_bytree': 0.4755393712954191, 'subsample': 0.8858266556056275, 'learning_rate': 0.09202497520969194, 'max_depth': 5, 'min_child_weight': 11, 'eval_metric': 'logloss'}. Best is trial 425 with value: 0.9801333333333333.
start listen on 10.110.42.71:59411
@tracker All of 1 nodes getting started
@tracker All nodes finishes job
start listen on 10.110.42.71:47657
@tracker All of 1 nodes getting started
@tracker All nodes finishes job
start listen on 10.110.42.71:33539
@tracker All of 1 nodes getting started
@tracker All nodes finishes job
start listen on 10.110.42.71:41353
@tracker All of 1 nodes getting started
@tracker All nodes finishes job
start listen on 10.110.42.71:49907
@tracker All of 1 nodes getting started
@tracker All nodes finishes job
Trial 929 finished with value: 0.9763 and parameters: {'tree_method': 'gpu_hist', 'lambda': 1.0501539473814474, 'alpha': 0.005716077137654094, 'colsample_bytree': 0.4347734432528563, 'subsample': 0.8722735304079635, 'learning_rate': 0.07421737214992949, 'max_depth': 15, 'min_child_weight': 19, 'eval_metric': 'logloss'}. Best is trial 425 with value: 0.9801333333333333.
start listen on 10.110.42.71:49071
@tracker All of 1 nodes getting started
@tracker All nodes finishes job
start listen on 10.110.42.71:60079
@tracker All of 1 nodes getting started
@tracker All nodes finishes job
start listen on 10.110.42.71:53727
@tracker All of 1 nodes getting started
@tracker All nodes finishes job
start listen on 10.110.42.71:60513
@tracker All of 1 nodes getting started
@tracker All nodes finishes job
start listen on 10.110.42.71:41499
@tracker All of 1 nodes getting started
@tracker All nodes finishes job
Trial 930 finished with value: 0.9785166666666667 and parameters: {'tree_method': 'gpu_hist', 'lambda': 0.7749152641260575, 'alpha': 0.5308970104725356, 'colsample_bytree': 0.44315423435087226, 'subsample': 0.8530129644713169, 'learning_rate': 0.08078071698508794, 'max_depth': 5, 'min_child_weight': 1, 'eval_metric': 'logloss'}. Best is trial 425 with value: 0.9801333333333333.
start listen on 10.110.42.71:52651
@tracker All of 1 nodes getting started
@tracker All nodes finishes job
start listen on 10.110.42.71:44199
@tracker All of 1 nodes getting started
@tracker All nodes finishes job
start listen on 10.110.42.71:39401
@tracker All of 1 nodes getting started
@tracker All nodes finishes job
start listen on 10.110.42.71:53355
@tracker All of 1 nodes getting started
@tracker All nodes finishes job
start listen on 10.110.42.71:46905
@tracker All of 1 nodes getting started
@tracker All nodes finishes job
Trial 931 finished with value: 0.9779 and parameters: {'tree_method': 'gpu_hist', 'lambda': 2.412858298051227, 'alpha': 0.013043174525200695, 'colsample_bytree': 0.4071960967305621, 'subsample': 0.8908830960966683, 'learning_rate': 0.07058364011711783, 'max_depth': 5, 'min_child_weight': 7, 'eval_metric': 'logloss'}. Best is trial 425 with value: 0.9801333333333333.
start listen on 10.110.42.71:41949
@tracker All of 1 nodes getting started
@tracker All nodes finishes job
start listen on 10.110.42.71:50725
@tracker All of 1 nodes getting started
@tracker All nodes finishes job
start listen on 10.110.42.71:60965
@tracker All of 1 nodes getting started
@tracker All nodes finishes job
start listen on 10.110.42.71:46693
@tracker All of 1 nodes getting started
@tracker All nodes finishes job
start listen on 10.110.42.71:33273
@tracker All of 1 nodes getting started
@tracker All nodes finishes job
Trial 932 finished with value: 0.97715 and parameters: {'tree_method': 'gpu_hist', 'lambda': 0.8202802154608936, 'alpha': 0.009307664582388962, 'colsample_bytree': 0.42871082731840693, 'subsample': 0.8588442439441153, 'learning_rate': 0.0915524303697847, 'max_depth': 5, 'min_child_weight': 11, 'eval_metric': 'logloss'}. Best is trial 425 with value: 0.9801333333333333.
start listen on 10.110.42.71:58091
@tracker All of 1 nodes getting started
@tracker All nodes finishes job
start listen on 10.110.42.71:39263
@tracker All of 1 nodes getting started
@tracker All nodes finishes job
start listen on 10.110.42.71:44017
@tracker All of 1 nodes getting started
@tracker All nodes finishes job
start listen on 10.110.42.71:51929
@tracker All of 1 nodes getting started
@tracker All nodes finishes job
start listen on 10.110.42.71:51585
@tracker All of 1 nodes getting started
@tracker All nodes finishes job
Trial 933 finished with value: 0.9768166666666667 and parameters: {'tree_method': 'gpu_hist', 'lambda': 0.0023575395336912107, 'alpha': 0.017395531593301705, 'colsample_bytree': 0.37558049632318075, 'subsample': 0.9107161153299893, 'learning_rate': 0.07922724141826168, 'max_depth': 13, 'min_child_weight': 1, 'eval_metric': 'logloss'}. Best is trial 425 with value: 0.9801333333333333.
start listen on 10.110.42.71:41855
@tracker All of 1 nodes getting started
@tracker All nodes finishes job
start listen on 10.110.42.71:54615
@tracker All of 1 nodes getting started
@tracker All nodes finishes job
start listen on 10.110.42.71:39737
@tracker All of 1 nodes getting started
@tracker All nodes finishes job
start listen on 10.110.42.71:39375
@tracker All of 1 nodes getting started
@tracker All nodes finishes job
start listen on 10.110.42.71:55171
@tracker All of 1 nodes getting started
@tracker All nodes finishes job
Trial 934 finished with value: 0.97805 and parameters: {'tree_method': 'gpu_hist', 'lambda': 0.048711984869277754, 'alpha': 0.038219058518892304, 'colsample_bytree': 0.4636539488937412, 'subsample': 0.899398084803707, 'learning_rate': 0.09316665323004134, 'max_depth': 5, 'min_child_weight': 6, 'eval_metric': 'logloss'}. Best is trial 425 with value: 0.9801333333333333.
start listen on 10.110.42.71:48365
@tracker All of 1 nodes getting started
@tracker All nodes finishes job
start listen on 10.110.42.71:60355
@tracker All of 1 nodes getting started
@tracker All nodes finishes job
start listen on 10.110.42.71:34871
@tracker All of 1 nodes getting started
@tracker All nodes finishes job
start listen on 10.110.42.71:55287
@tracker All of 1 nodes getting started
@tracker All nodes finishes job
start listen on 10.110.42.71:37743
@tracker All of 1 nodes getting started
@tracker All nodes finishes job
Trial 935 finished with value: 0.9770333333333333 and parameters: {'tree_method': 'gpu_hist', 'lambda': 0.10915198868305608, 'alpha': 0.020025163328474805, 'colsample_bytree': 0.3605587498150825, 'subsample': 0.9101846231856691, 'learning_rate': 0.0942934207175903, 'max_depth': 5, 'min_child_weight': 16, 'eval_metric': 'logloss'}. Best is trial 425 with value: 0.9801333333333333.
start listen on 10.110.42.71:57339
@tracker All of 1 nodes getting started
@tracker All nodes finishes job
start listen on 10.110.42.71:53101
@tracker All of 1 nodes getting started
@tracker All nodes finishes job
start listen on 10.110.42.71:52987
@tracker All of 1 nodes getting started
@tracker All nodes finishes job
start listen on 10.110.42.71:53765
@tracker All of 1 nodes getting started
@tracker All nodes finishes job
start listen on 10.110.42.71:51317
@tracker All of 1 nodes getting started
@tracker All nodes finishes job
Trial 936 finished with value: 0.9786 and parameters: {'tree_method': 'gpu_hist', 'lambda': 0.9968231056826936, 'alpha': 0.006606304897232509, 'colsample_bytree': 0.426351936533218, 'subsample': 0.8765216734717831, 'learning_rate': 0.09998938654916063, 'max_depth': 5, 'min_child_weight': 7, 'eval_metric': 'logloss'}. Best is trial 425 with value: 0.9801333333333333.
start listen on 10.110.42.71:39943
@tracker All of 1 nodes getting started
@tracker All nodes finishes job
start listen on 10.110.42.71:46829
@tracker All of 1 nodes getting started
@tracker All nodes finishes job
start listen on 10.110.42.71:47811
@tracker All of 1 nodes getting started
@tracker All nodes finishes job
start listen on 10.110.42.71:60139
@tracker All of 1 nodes getting started
@tracker All nodes finishes job
start listen on 10.110.42.71:39387
@tracker All of 1 nodes getting started
@tracker All nodes finishes job
Trial 937 finished with value: 0.9794333333333334 and parameters: {'tree_method': 'gpu_hist', 'lambda': 0.04021351785548235, 'alpha': 0.03092054574203448, 'colsample_bytree': 0.49906488310021896, 'subsample': 0.8949362695175549, 'learning_rate': 0.08522402809270578, 'max_depth': 5, 'min_child_weight': 1, 'eval_metric': 'logloss'}. Best is trial 425 with value: 0.9801333333333333.
start listen on 10.110.42.71:53047
@tracker All of 1 nodes getting started
@tracker All nodes finishes job
start listen on 10.110.42.71:35497
@tracker All of 1 nodes getting started
@tracker All nodes finishes job
start listen on 10.110.42.71:41775
@tracker All of 1 nodes getting started
@tracker All nodes finishes job
start listen on 10.110.42.71:48791
@tracker All of 1 nodes getting started
@tracker All nodes finishes job
start listen on 10.110.42.71:56903
@tracker All of 1 nodes getting started
@tracker All nodes finishes job
Trial 938 finished with value: 0.9761166666666666 and parameters: {'tree_method': 'gpu_hist', 'lambda': 0.6388427505037789, 'alpha': 0.012466064505702331, 'colsample_bytree': 0.48168356772965143, 'subsample': 0.8180053580672264, 'learning_rate': 0.0847864886737848, 'max_depth': 5, 'min_child_weight': 22, 'eval_metric': 'logloss'}. Best is trial 425 with value: 0.9801333333333333.
start listen on 10.110.42.71:42337
@tracker All of 1 nodes getting started
@tracker All nodes finishes job
start listen on 10.110.42.71:47359
@tracker All of 1 nodes getting started
@tracker All nodes finishes job
start listen on 10.110.42.71:35485
@tracker All of 1 nodes getting started
@tracker All nodes finishes job
start listen on 10.110.42.71:56529
@tracker All of 1 nodes getting started
@tracker All nodes finishes job
start listen on 10.110.42.71:55901
@tracker All of 1 nodes getting started
@tracker All nodes finishes job
Trial 939 finished with value: 0.9774666666666667 and parameters: {'tree_method': 'gpu_hist', 'lambda': 3.588944089009111, 'alpha': 0.02219898465379745, 'colsample_bytree': 0.3825899988470903, 'subsample': 0.8867215337662961, 'learning_rate': 0.09251328458743292, 'max_depth': 5, 'min_child_weight': 12, 'eval_metric': 'logloss'}. Best is trial 425 with value: 0.9801333333333333.
start listen on 10.110.42.71:38325
@tracker All of 1 nodes getting started
@tracker All nodes finishes job
start listen on 10.110.42.71:48975
@tracker All of 1 nodes getting started
@tracker All nodes finishes job
start listen on 10.110.42.71:36867
@tracker All of 1 nodes getting started
@tracker All nodes finishes job
start listen on 10.110.42.71:34375
@tracker All of 1 nodes getting started
@tracker All nodes finishes job
start listen on 10.110.42.71:60887
@tracker All of 1 nodes getting started
@tracker All nodes finishes job
Trial 940 finished with value: 0.97785 and parameters: {'tree_method': 'gpu_hist', 'lambda': 0.8713698539979716, 'alpha': 0.06572168000214988, 'colsample_bytree': 0.45235207546623785, 'subsample': 0.8634523339814344, 'learning_rate': 0.057721200702479714, 'max_depth': 5, 'min_child_weight': 7, 'eval_metric': 'logloss'}. Best is trial 425 with value: 0.9801333333333333.
start listen on 10.110.42.71:56305
@tracker All of 1 nodes getting started
@tracker All nodes finishes job
start listen on 10.110.42.71:41551
@tracker All of 1 nodes getting started
@tracker All nodes finishes job
start listen on 10.110.42.71:38707
@tracker All of 1 nodes getting started
@tracker All nodes finishes job
start listen on 10.110.42.71:49879
@tracker All of 1 nodes getting started
@tracker All nodes finishes job
start listen on 10.110.42.71:57175
@tracker All of 1 nodes getting started
@tracker All nodes finishes job
