Trial 1037 finished with value: 0.9765 and parameters: {'tree_method': 'gpu_hist', 'lambda': 0.15025431222641983, 'alpha': 0.008779856281239657, 'colsample_bytree': 0.4120803406336744, 'subsample': 0.8428509004337768, 'learning_rate': 0.05607023550284871, 'max_depth': 5, 'min_child_weight': 15, 'eval_metric': 'logloss'}. Best is trial 425 with value: 0.9801333333333333.
start listen on 10.110.42.71:33805
@tracker All of 1 nodes getting started
@tracker All nodes finishes job
start listen on 10.110.42.71:49189
@tracker All of 1 nodes getting started
@tracker All nodes finishes job
start listen on 10.110.42.71:40591
@tracker All of 1 nodes getting started
@tracker All nodes finishes job
start listen on 10.110.42.71:40971
@tracker All of 1 nodes getting started
@tracker All nodes finishes job
start listen on 10.110.42.71:49467
@tracker All of 1 nodes getting started
@tracker All nodes finishes job
Trial 1038 finished with value: 0.9763666666666667 and parameters: {'tree_method': 'gpu_hist', 'lambda': 0.06920523972240751, 'alpha': 0.02186501431988696, 'colsample_bytree': 0.3919471579639509, 'subsample': 0.8870624330820429, 'learning_rate': 0.08021925061596868, 'max_depth': 5, 'min_child_weight': 24, 'eval_metric': 'logloss'}. Best is trial 425 with value: 0.9801333333333333.
start listen on 10.110.42.71:37385
@tracker All of 1 nodes getting started
@tracker All nodes finishes job
start listen on 10.110.42.71:38187
@tracker All of 1 nodes getting started
@tracker All nodes finishes job
start listen on 10.110.42.71:36757
@tracker All of 1 nodes getting started
@tracker All nodes finishes job
start listen on 10.110.42.71:35519
@tracker All of 1 nodes getting started
@tracker All nodes finishes job
start listen on 10.110.42.71:33109
@tracker All of 1 nodes getting started
@tracker All nodes finishes job
Trial 1039 finished with value: 0.9775833333333334 and parameters: {'tree_method': 'gpu_hist', 'lambda': 0.05621250420729202, 'alpha': 0.01736636077028867, 'colsample_bytree': 0.3367749612338658, 'subsample': 0.9066199454251747, 'learning_rate': 0.08594070108969036, 'max_depth': 17, 'min_child_weight': 7, 'eval_metric': 'logloss'}. Best is trial 425 with value: 0.9801333333333333.
start listen on 10.110.42.71:56873
@tracker All of 1 nodes getting started
@tracker All nodes finishes job
start listen on 10.110.42.71:33291
@tracker All of 1 nodes getting started
@tracker All nodes finishes job
start listen on 10.110.42.71:56519
@tracker All of 1 nodes getting started
@tracker All nodes finishes job
start listen on 10.110.42.71:34169
@tracker All of 1 nodes getting started
@tracker All nodes finishes job
start listen on 10.110.42.71:38613
@tracker All of 1 nodes getting started
@tracker All nodes finishes job
Trial 1040 finished with value: 0.9775166666666667 and parameters: {'tree_method': 'gpu_hist', 'lambda': 1.0757336753785582, 'alpha': 0.006576686346856224, 'colsample_bytree': 0.4217289076262158, 'subsample': 0.9524658922644963, 'learning_rate': 0.07137984184247084, 'max_depth': 5, 'min_child_weight': 11, 'eval_metric': 'logloss'}. Best is trial 425 with value: 0.9801333333333333.
start listen on 10.110.42.71:38555
@tracker All of 1 nodes getting started
@tracker All nodes finishes job
start listen on 10.110.42.71:59279
@tracker All of 1 nodes getting started
@tracker All nodes finishes job
start listen on 10.110.42.71:57311
@tracker All of 1 nodes getting started
@tracker All nodes finishes job
start listen on 10.110.42.71:40373
@tracker All of 1 nodes getting started
@tracker All nodes finishes job
start listen on 10.110.42.71:51997
@tracker All of 1 nodes getting started
@tracker All nodes finishes job
Trial 1041 finished with value: 0.9790333333333333 and parameters: {'tree_method': 'gpu_hist', 'lambda': 0.06694220647988698, 'alpha': 0.023736143805552452, 'colsample_bytree': 0.39931875314560566, 'subsample': 0.8539901481197776, 'learning_rate': 0.091364642826396, 'max_depth': 7, 'min_child_weight': 1, 'eval_metric': 'logloss'}. Best is trial 425 with value: 0.9801333333333333.
start listen on 10.110.42.71:52343
@tracker All of 1 nodes getting started
@tracker All nodes finishes job
start listen on 10.110.42.71:56841
@tracker All of 1 nodes getting started
@tracker All nodes finishes job
start listen on 10.110.42.71:51593
@tracker All of 1 nodes getting started
@tracker All nodes finishes job
start listen on 10.110.42.71:53435
@tracker All of 1 nodes getting started
@tracker All nodes finishes job
start listen on 10.110.42.71:33965
@tracker All of 1 nodes getting started
@tracker All nodes finishes job
Trial 1042 finished with value: 0.9782 and parameters: {'tree_method': 'gpu_hist', 'lambda': 0.02390683541329776, 'alpha': 0.013277357596405661, 'colsample_bytree': 0.3771300843709692, 'subsample': 0.9173212832216376, 'learning_rate': 0.09987188514849919, 'max_depth': 5, 'min_child_weight': 7, 'eval_metric': 'logloss'}. Best is trial 425 with value: 0.9801333333333333.
start listen on 10.110.42.71:59141
@tracker All of 1 nodes getting started
@tracker All nodes finishes job
start listen on 10.110.42.71:52341
@tracker All of 1 nodes getting started
@tracker All nodes finishes job
start listen on 10.110.42.71:53821
@tracker All of 1 nodes getting started
@tracker All nodes finishes job
start listen on 10.110.42.71:59901
@tracker All of 1 nodes getting started
@tracker All nodes finishes job
start listen on 10.110.42.71:34497
@tracker All of 1 nodes getting started
@tracker All nodes finishes job
Trial 1043 finished with value: 0.9759666666666666 and parameters: {'tree_method': 'gpu_hist', 'lambda': 0.49288475644615065, 'alpha': 0.00547347732392403, 'colsample_bytree': 0.9622569126866369, 'subsample': 0.8758969140600437, 'learning_rate': 0.09948570346116407, 'max_depth': 5, 'min_child_weight': 16, 'eval_metric': 'logloss'}. Best is trial 425 with value: 0.9801333333333333.
start listen on 10.110.42.71:46309
@tracker All of 1 nodes getting started
@tracker All nodes finishes job
start listen on 10.110.42.71:43039
@tracker All of 1 nodes getting started
@tracker All nodes finishes job
start listen on 10.110.42.71:56067
@tracker All of 1 nodes getting started
@tracker All nodes finishes job
start listen on 10.110.42.71:37341
@tracker All of 1 nodes getting started
@tracker All nodes finishes job
start listen on 10.110.42.71:43205
@tracker All of 1 nodes getting started
@tracker All nodes finishes job
Trial 1044 finished with value: 0.9774166666666667 and parameters: {'tree_method': 'gpu_hist', 'lambda': 0.09371656803058363, 'alpha': 0.017483542992470492, 'colsample_bytree': 0.35856637669035957, 'subsample': 0.8904409067510142, 'learning_rate': 0.07735563584996998, 'max_depth': 20, 'min_child_weight': 6, 'eval_metric': 'logloss'}. Best is trial 425 with value: 0.9801333333333333.
start listen on 10.110.42.71:45917
@tracker All of 1 nodes getting started
@tracker All nodes finishes job
start listen on 10.110.42.71:55375
@tracker All of 1 nodes getting started
@tracker All nodes finishes job
start listen on 10.110.42.71:51811
@tracker All of 1 nodes getting started
@tracker All nodes finishes job
start listen on 10.110.42.71:41893
@tracker All of 1 nodes getting started
@tracker All nodes finishes job
start listen on 10.110.42.71:53583
@tracker All of 1 nodes getting started
@tracker All nodes finishes job
Trial 1045 finished with value: 0.9792833333333333 and parameters: {'tree_method': 'gpu_hist', 'lambda': 0.0032189039859177168, 'alpha': 0.02099430083434801, 'colsample_bytree': 0.38630953087809095, 'subsample': 0.8183267218857937, 'learning_rate': 0.08445372516623512, 'max_depth': 5, 'min_child_weight': 1, 'eval_metric': 'logloss'}. Best is trial 425 with value: 0.9801333333333333.
start listen on 10.110.42.71:57991
@tracker All of 1 nodes getting started
@tracker All nodes finishes job
start listen on 10.110.42.71:55737
@tracker All of 1 nodes getting started
@tracker All nodes finishes job
start listen on 10.110.42.71:33225
@tracker All of 1 nodes getting started
@tracker All nodes finishes job
start listen on 10.110.42.71:49453
@tracker All of 1 nodes getting started
@tracker All nodes finishes job
start listen on 10.110.42.71:47409
@tracker All of 1 nodes getting started
@tracker All nodes finishes job
Trial 1046 finished with value: 0.9770833333333333 and parameters: {'tree_method': 'gpu_hist', 'lambda': 0.07583835151279586, 'alpha': 0.026903297534351205, 'colsample_bytree': 0.4027181642727488, 'subsample': 0.9306936438727585, 'learning_rate': 0.09092967520480409, 'max_depth': 5, 'min_child_weight': 13, 'eval_metric': 'logloss'}. Best is trial 425 with value: 0.9801333333333333.
start listen on 10.110.42.71:52807
@tracker All of 1 nodes getting started
@tracker All nodes finishes job
start listen on 10.110.42.71:39425
@tracker All of 1 nodes getting started
@tracker All nodes finishes job
start listen on 10.110.42.71:34541
@tracker All of 1 nodes getting started
@tracker All nodes finishes job
start listen on 10.110.42.71:47971
@tracker All of 1 nodes getting started
@tracker All nodes finishes job
start listen on 10.110.42.71:52243
@tracker All of 1 nodes getting started
@tracker All nodes finishes job
Trial 1047 finished with value: 0.9778666666666667 and parameters: {'tree_method': 'gpu_hist', 'lambda': 0.8743123892083802, 'alpha': 0.0112659942121982, 'colsample_bytree': 0.4330775399155371, 'subsample': 0.7510424310239676, 'learning_rate': 0.0731896122947076, 'max_depth': 5, 'min_child_weight': 7, 'eval_metric': 'logloss'}. Best is trial 425 with value: 0.9801333333333333.
start listen on 10.110.42.71:34325
@tracker All of 1 nodes getting started
@tracker All nodes finishes job
start listen on 10.110.42.71:42597
@tracker All of 1 nodes getting started
@tracker All nodes finishes job
start listen on 10.110.42.71:49921
@tracker All of 1 nodes getting started
@tracker All nodes finishes job
start listen on 10.110.42.71:51175
@tracker All of 1 nodes getting started
@tracker All nodes finishes job
start listen on 10.110.42.71:50603
@tracker All of 1 nodes getting started
@tracker All nodes finishes job
Trial 1048 finished with value: 0.9759333333333333 and parameters: {'tree_method': 'gpu_hist', 'lambda': 0.047130988235829396, 'alpha': 2.5549614083176864, 'colsample_bytree': 0.7421766011449862, 'subsample': 0.9010150329737848, 'learning_rate': 0.08011495533154839, 'max_depth': 5, 'min_child_weight': 1, 'eval_metric': 'logloss'}. Best is trial 425 with value: 0.9801333333333333.
start listen on 10.110.42.71:51639
@tracker All of 1 nodes getting started
@tracker All nodes finishes job
start listen on 10.110.42.71:54933
@tracker All of 1 nodes getting started
@tracker All nodes finishes job
start listen on 10.110.42.71:41891
@tracker All of 1 nodes getting started
@tracker All nodes finishes job
start listen on 10.110.42.71:54613
@tracker All of 1 nodes getting started
@tracker All nodes finishes job
start listen on 10.110.42.71:35157
@tracker All of 1 nodes getting started
@tracker All nodes finishes job
Trial 1049 finished with value: 0.9757 and parameters: {'tree_method': 'gpu_hist', 'lambda': 0.6381964089657801, 'alpha': 0.19179139227075545, 'colsample_bytree': 0.3001112337666273, 'subsample': 0.8660554998094422, 'learning_rate': 0.09242055098185756, 'max_depth': 5, 'min_child_weight': 20, 'eval_metric': 'logloss'}. Best is trial 425 with value: 0.9801333333333333.
start listen on 10.110.42.71:41897
@tracker All of 1 nodes getting started
@tracker All nodes finishes job
start listen on 10.110.42.71:34679
@tracker All of 1 nodes getting started
@tracker All nodes finishes job
start listen on 10.110.42.71:51267
@tracker All of 1 nodes getting started
@tracker All nodes finishes job
start listen on 10.110.42.71:54193
@tracker All of 1 nodes getting started
@tracker All nodes finishes job
start listen on 10.110.42.71:47339
@tracker All of 1 nodes getting started
@tracker All nodes finishes job
Trial 1050 finished with value: 0.9769666666666666 and parameters: {'tree_method': 'gpu_hist', 'lambda': 0.4178923558978596, 'alpha': 0.013323334985662533, 'colsample_bytree': 0.45253809887926655, 'subsample': 0.8853329299203666, 'learning_rate': 0.09140725834359062, 'max_depth': 11, 'min_child_weight': 11, 'eval_metric': 'logloss'}. Best is trial 425 with value: 0.9801333333333333.
start listen on 10.110.42.71:43149
@tracker All of 1 nodes getting started
@tracker All nodes finishes job
start listen on 10.110.42.71:33493
@tracker All of 1 nodes getting started
@tracker All nodes finishes job
start listen on 10.110.42.71:55441
@tracker All of 1 nodes getting started
@tracker All nodes finishes job
start listen on 10.110.42.71:45577
@tracker All of 1 nodes getting started
@tracker All nodes finishes job
start listen on 10.110.42.71:50181
@tracker All of 1 nodes getting started
@tracker All nodes finishes job
Trial 1051 finished with value: 0.9781 and parameters: {'tree_method': 'gpu_hist', 'lambda': 0.06162626295472336, 'alpha': 0.016050484033193084, 'colsample_bytree': 0.37356446571283153, 'subsample': 0.8328825316365559, 'learning_rate': 0.08447919338905227, 'max_depth': 9, 'min_child_weight': 1, 'eval_metric': 'logloss'}. Best is trial 425 with value: 0.9801333333333333.
start listen on 10.110.42.71:50819
@tracker All of 1 nodes getting started
@tracker All nodes finishes job
start listen on 10.110.42.71:53577
@tracker All of 1 nodes getting started
@tracker All nodes finishes job
start listen on 10.110.42.71:60583
@tracker All of 1 nodes getting started
@tracker All nodes finishes job
start listen on 10.110.42.71:32927
@tracker All of 1 nodes getting started
@tracker All nodes finishes job
start listen on 10.110.42.71:59059
@tracker All of 1 nodes getting started
@tracker All nodes finishes job
Trial 1052 finished with value: 0.9626333333333333 and parameters: {'tree_method': 'gpu_hist', 'lambda': 6.389589104775546, 'alpha': 0.01447832271517684, 'colsample_bytree': 0.4014384077567908, 'subsample': 0.9173121252041111, 'learning_rate': 0.07719657102057596, 'max_depth': 3, 'min_child_weight': 140, 'eval_metric': 'logloss'}. Best is trial 425 with value: 0.9801333333333333.
start listen on 10.110.42.71:52209
@tracker All of 1 nodes getting started
@tracker All nodes finishes job
start listen on 10.110.42.71:57387
@tracker All of 1 nodes getting started
@tracker All nodes finishes job
start listen on 10.110.42.71:33285
@tracker All of 1 nodes getting started
@tracker All nodes finishes job
start listen on 10.110.42.71:37315
@tracker All of 1 nodes getting started
@tracker All nodes finishes job
start listen on 10.110.42.71:41199
@tracker All of 1 nodes getting started
@tracker All nodes finishes job
Trial 1053 finished with value: 0.9779833333333333 and parameters: {'tree_method': 'gpu_hist', 'lambda': 0.7720355854697841, 'alpha': 0.031082585340544377, 'colsample_bytree': 0.48478082926747323, 'subsample': 0.8726851895010572, 'learning_rate': 0.09279115488309468, 'max_depth': 5, 'min_child_weight': 7, 'eval_metric': 'logloss'}. Best is trial 425 with value: 0.9801333333333333.
start listen on 10.110.42.71:40193
@tracker All of 1 nodes getting started
@tracker All nodes finishes job
start listen on 10.110.42.71:57923
@tracker All of 1 nodes getting started
@tracker All nodes finishes job
start listen on 10.110.42.71:48465
@tracker All of 1 nodes getting started
@tracker All nodes finishes job
start listen on 10.110.42.71:40001
@tracker All of 1 nodes getting started
@tracker All nodes finishes job
start listen on 10.110.42.71:42515
@tracker All of 1 nodes getting started
@tracker All nodes finishes job
Trial 1054 finished with value: 0.9716 and parameters: {'tree_method': 'gpu_hist', 'lambda': 0.5765667812074164, 'alpha': 0.04054253470997808, 'colsample_bytree': 0.4380572495147115, 'subsample': 0.8513325578256317, 'learning_rate': 0.0194434493830709, 'max_depth': 5, 'min_child_weight': 15, 'eval_metric': 'logloss'}. Best is trial 425 with value: 0.9801333333333333.
start listen on 10.110.42.71:56973
@tracker All of 1 nodes getting started
@tracker All nodes finishes job
start listen on 10.110.42.71:33053
@tracker All of 1 nodes getting started
@tracker All nodes finishes job
start listen on 10.110.42.71:48233
@tracker All of 1 nodes getting started
@tracker All nodes finishes job
start listen on 10.110.42.71:60963
@tracker All of 1 nodes getting started
@tracker All nodes finishes job
start listen on 10.110.42.71:39937
@tracker All of 1 nodes getting started
@tracker All nodes finishes job
Trial 1055 finished with value: 0.9780333333333333 and parameters: {'tree_method': 'gpu_hist', 'lambda': 1.581502160302331, 'alpha': 0.020339520944879737, 'colsample_bytree': 0.3883210361782344, 'subsample': 0.8960417065713517, 'learning_rate': 0.08412166880249408, 'max_depth': 15, 'min_child_weight': 6, 'eval_metric': 'logloss'}. Best is trial 425 with value: 0.9801333333333333.
start listen on 10.110.42.71:43519
@tracker All of 1 nodes getting started
@tracker All nodes finishes job
start listen on 10.110.42.71:53143
@tracker All of 1 nodes getting started
@tracker All nodes finishes job
start listen on 10.110.42.71:36247
@tracker All of 1 nodes getting started
@tracker All nodes finishes job
start listen on 10.110.42.71:40387
@tracker All of 1 nodes getting started
@tracker All nodes finishes job
start listen on 10.110.42.71:57029
@tracker All of 1 nodes getting started
@tracker All nodes finishes job
Trial 1056 finished with value: 0.9542333333333334 and parameters: {'tree_method': 'gpu_hist', 'lambda': 0.9621314358658855, 'alpha': 0.009552170691186431, 'colsample_bytree': 0.4177942964942434, 'subsample': 0.9477801773363818, 'learning_rate': 0.06562826135175807, 'max_depth': 5, 'min_child_weight': 252, 'eval_metric': 'logloss'}. Best is trial 425 with value: 0.9801333333333333.
start listen on 10.110.42.71:49457
@tracker All of 1 nodes getting started
@tracker All nodes finishes job
start listen on 10.110.42.71:51049
@tracker All of 1 nodes getting started
@tracker All nodes finishes job
start listen on 10.110.42.71:39993
@tracker All of 1 nodes getting started
@tracker All nodes finishes job
start listen on 10.110.42.71:58209
@tracker All of 1 nodes getting started
@tracker All nodes finishes job
start listen on 10.110.42.71:51473
@tracker All of 1 nodes getting started
@tracker All nodes finishes job
Trial 1057 finished with value: 0.9788833333333333 and parameters: {'tree_method': 'gpu_hist', 'lambda': 4.9079597206429595, 'alpha': 0.025119706090197057, 'colsample_bytree': 0.3626883626522317, 'subsample': 0.9069299298764557, 'learning_rate': 0.07424237162140089, 'max_depth': 5, 'min_child_weight': 1, 'eval_metric': 'logloss'}. Best is trial 425 with value: 0.9801333333333333.
start listen on 10.110.42.71:49557
@tracker All of 1 nodes getting started
@tracker All nodes finishes job
start listen on 10.110.42.71:40675
@tracker All of 1 nodes getting started
@tracker All nodes finishes job
start listen on 10.110.42.71:48791
@tracker All of 1 nodes getting started
@tracker All nodes finishes job
start listen on 10.110.42.71:37825
@tracker All of 1 nodes getting started
@tracker All nodes finishes job
start listen on 10.110.42.71:55649
@tracker All of 1 nodes getting started
@tracker All nodes finishes job
Trial 1058 finished with value: 0.9771833333333333 and parameters: {'tree_method': 'gpu_hist', 'lambda': 0.7081318257812877, 'alpha': 0.01328601417562555, 'colsample_bytree': 0.46377195526263765, 'subsample': 0.8774395455138444, 'learning_rate': 0.09286550686362895, 'max_depth': 5, 'min_child_weight': 11, 'eval_metric': 'logloss'}. Best is trial 425 with value: 0.9801333333333333.
start listen on 10.110.42.71:33209
@tracker All of 1 nodes getting started
@tracker All nodes finishes job
start listen on 10.110.42.71:56843
@tracker All of 1 nodes getting started
@tracker All nodes finishes job
start listen on 10.110.42.71:34643
@tracker All of 1 nodes getting started
@tracker All nodes finishes job
start listen on 10.110.42.71:48681
@tracker All of 1 nodes getting started
@tracker All nodes finishes job
start listen on 10.110.42.71:40751
@tracker All of 1 nodes getting started
@tracker All nodes finishes job
Trial 1059 finished with value: 0.9779 and parameters: {'tree_method': 'gpu_hist', 'lambda': 2.9760728140718524, 'alpha': 0.017293655539719958, 'colsample_bytree': 0.3265188159611077, 'subsample': 0.8598339611705332, 'learning_rate': 0.09973741273797335, 'max_depth': 5, 'min_child_weight': 7, 'eval_metric': 'logloss'}. Best is trial 425 with value: 0.9801333333333333.
start listen on 10.110.42.71:50435
@tracker All of 1 nodes getting started
@tracker All nodes finishes job
start listen on 10.110.42.71:51071
@tracker All of 1 nodes getting started
@tracker All nodes finishes job
start listen on 10.110.42.71:56983
@tracker All of 1 nodes getting started
@tracker All nodes finishes job
start listen on 10.110.42.71:36615
@tracker All of 1 nodes getting started
@tracker All nodes finishes job
start listen on 10.110.42.71:49431
@tracker All of 1 nodes getting started
@tracker All nodes finishes job
Trial 1060 finished with value: 0.97595 and parameters: {'tree_method': 'gpu_hist', 'lambda': 0.10821464608452276, 'alpha': 0.002827726012416049, 'colsample_bytree': 0.4375327756644553, 'subsample': 0.8901839879392199, 'learning_rate': 0.08528250562890928, 'max_depth': 5, 'min_child_weight': 23, 'eval_metric': 'logloss'}. Best is trial 425 with value: 0.9801333333333333.
start listen on 10.110.42.71:42317
@tracker All of 1 nodes getting started
@tracker All nodes finishes job
start listen on 10.110.42.71:37793
@tracker All of 1 nodes getting started
@tracker All nodes finishes job
start listen on 10.110.42.71:43327
@tracker All of 1 nodes getting started
@tracker All nodes finishes job
start listen on 10.110.42.71:46309
@tracker All of 1 nodes getting started
@tracker All nodes finishes job
start listen on 10.110.42.71:38425
@tracker All of 1 nodes getting started
@tracker All nodes finishes job
