Trial 749 finished with value: 0.9797333333333333 and parameters: {'tree_method': 'gpu_hist', 'lambda': 0.0946129546059988, 'alpha': 0.020585495105963088, 'colsample_bytree': 0.5295867962611408, 'subsample': 0.8771452645871789, 'learning_rate': 0.08941902487244796, 'max_depth': 5, 'min_child_weight': 1, 'eval_metric': 'logloss'}. Best is trial 425 with value: 0.9801333333333333.
start listen on 10.110.42.71:51605
@tracker All of 1 nodes getting started
@tracker All nodes finishes job
start listen on 10.110.42.71:47795
@tracker All of 1 nodes getting started
@tracker All nodes finishes job
start listen on 10.110.42.71:42257
@tracker All of 1 nodes getting started
@tracker All nodes finishes job
start listen on 10.110.42.71:60131
@tracker All of 1 nodes getting started
@tracker All nodes finishes job
start listen on 10.110.42.71:45565
@tracker All of 1 nodes getting started
@tracker All nodes finishes job
Trial 750 finished with value: 0.9775833333333334 and parameters: {'tree_method': 'gpu_hist', 'lambda': 0.044164351869127615, 'alpha': 0.018890935790712444, 'colsample_bytree': 0.45744493031404604, 'subsample': 0.85716935325537, 'learning_rate': 0.08664891446857566, 'max_depth': 5, 'min_child_weight': 7, 'eval_metric': 'logloss'}. Best is trial 425 with value: 0.9801333333333333.
start listen on 10.110.42.71:54995
@tracker All of 1 nodes getting started
@tracker All nodes finishes job
start listen on 10.110.42.71:34727
@tracker All of 1 nodes getting started
@tracker All nodes finishes job
start listen on 10.110.42.71:58625
@tracker All of 1 nodes getting started
@tracker All nodes finishes job
start listen on 10.110.42.71:48445
@tracker All of 1 nodes getting started
@tracker All nodes finishes job
start listen on 10.110.42.71:35191
@tracker All of 1 nodes getting started
@tracker All nodes finishes job
Trial 751 finished with value: 0.9768 and parameters: {'tree_method': 'gpu_hist', 'lambda': 0.0669366614985247, 'alpha': 0.01129985146359824, 'colsample_bytree': 0.36485104313290934, 'subsample': 0.8895177778397321, 'learning_rate': 0.06528278845815391, 'max_depth': 5, 'min_child_weight': 15, 'eval_metric': 'logloss'}. Best is trial 425 with value: 0.9801333333333333.
start listen on 10.110.42.71:58671
@tracker All of 1 nodes getting started
@tracker All nodes finishes job
start listen on 10.110.42.71:53971
@tracker All of 1 nodes getting started
@tracker All nodes finishes job
start listen on 10.110.42.71:47379
@tracker All of 1 nodes getting started
@tracker All nodes finishes job
start listen on 10.110.42.71:55747
@tracker All of 1 nodes getting started
@tracker All nodes finishes job
start listen on 10.110.42.71:38841
@tracker All of 1 nodes getting started
@tracker All nodes finishes job
Trial 752 finished with value: 0.9781833333333333 and parameters: {'tree_method': 'gpu_hist', 'lambda': 0.051346611248890305, 'alpha': 0.008316573377310902, 'colsample_bytree': 0.4000508851891278, 'subsample': 0.901384828894614, 'learning_rate': 0.0701644601648336, 'max_depth': 5, 'min_child_weight': 6, 'eval_metric': 'logloss'}. Best is trial 425 with value: 0.9801333333333333.
start listen on 10.110.42.71:56707
@tracker All of 1 nodes getting started
@tracker All nodes finishes job
start listen on 10.110.42.71:52041
@tracker All of 1 nodes getting started
@tracker All nodes finishes job
start listen on 10.110.42.71:54789
@tracker All of 1 nodes getting started
@tracker All nodes finishes job
start listen on 10.110.42.71:49423
@tracker All of 1 nodes getting started
@tracker All nodes finishes job
start listen on 10.110.42.71:46991
@tracker All of 1 nodes getting started
@tracker All nodes finishes job
Trial 753 finished with value: 0.9764333333333334 and parameters: {'tree_method': 'gpu_hist', 'lambda': 0.1286809630141673, 'alpha': 0.013675806437662799, 'colsample_bytree': 0.38741657882244374, 'subsample': 0.9371506387188784, 'learning_rate': 0.08602886923425594, 'max_depth': 17, 'min_child_weight': 1, 'eval_metric': 'logloss'}. Best is trial 425 with value: 0.9801333333333333.
start listen on 10.110.42.71:36045
@tracker All of 1 nodes getting started
@tracker All nodes finishes job
start listen on 10.110.42.71:47721
@tracker All of 1 nodes getting started
@tracker All nodes finishes job
start listen on 10.110.42.71:45137
@tracker All of 1 nodes getting started
@tracker All nodes finishes job
start listen on 10.110.42.71:46489
@tracker All of 1 nodes getting started
@tracker All nodes finishes job
start listen on 10.110.42.71:41537
@tracker All of 1 nodes getting started
@tracker All nodes finishes job
Trial 754 finished with value: 0.9760166666666666 and parameters: {'tree_method': 'gpu_hist', 'lambda': 9.709334028514869, 'alpha': 0.015406756288542583, 'colsample_bytree': 0.42124870721403007, 'subsample': 0.8524218697213937, 'learning_rate': 0.07567328593198805, 'max_depth': 5, 'min_child_weight': 20, 'eval_metric': 'logloss'}. Best is trial 425 with value: 0.9801333333333333.
start listen on 10.110.42.71:39823
@tracker All of 1 nodes getting started
@tracker All nodes finishes job
start listen on 10.110.42.71:56055
@tracker All of 1 nodes getting started
@tracker All nodes finishes job
start listen on 10.110.42.71:48225
@tracker All of 1 nodes getting started
@tracker All nodes finishes job
start listen on 10.110.42.71:57555
@tracker All of 1 nodes getting started
@tracker All nodes finishes job
start listen on 10.110.42.71:57919
@tracker All of 1 nodes getting started
@tracker All nodes finishes job
Trial 755 finished with value: 0.9776833333333333 and parameters: {'tree_method': 'gpu_hist', 'lambda': 0.07879563224789037, 'alpha': 0.010270275305412717, 'colsample_bytree': 0.37224029249179136, 'subsample': 0.9233523641326397, 'learning_rate': 0.09026826213922659, 'max_depth': 5, 'min_child_weight': 11, 'eval_metric': 'logloss'}. Best is trial 425 with value: 0.9801333333333333.
start listen on 10.110.42.71:37405
@tracker All of 1 nodes getting started
@tracker All nodes finishes job
start listen on 10.110.42.71:54003
@tracker All of 1 nodes getting started
@tracker All nodes finishes job
start listen on 10.110.42.71:58231
@tracker All of 1 nodes getting started
@tracker All nodes finishes job
start listen on 10.110.42.71:43753
@tracker All of 1 nodes getting started
@tracker All nodes finishes job
start listen on 10.110.42.71:34229
@tracker All of 1 nodes getting started
@tracker All nodes finishes job
Trial 756 finished with value: 0.9772666666666666 and parameters: {'tree_method': 'gpu_hist', 'lambda': 0.05862730240151643, 'alpha': 0.015903116652050714, 'colsample_bytree': 0.4087769691955807, 'subsample': 0.8694553055557543, 'learning_rate': 0.07912730284322106, 'max_depth': 20, 'min_child_weight': 6, 'eval_metric': 'logloss'}. Best is trial 425 with value: 0.9801333333333333.
start listen on 10.110.42.71:60553
@tracker All of 1 nodes getting started
@tracker All nodes finishes job
start listen on 10.110.42.71:34859
@tracker All of 1 nodes getting started
@tracker All nodes finishes job
start listen on 10.110.42.71:34209
@tracker All of 1 nodes getting started
@tracker All nodes finishes job
start listen on 10.110.42.71:39005
@tracker All of 1 nodes getting started
@tracker All nodes finishes job
start listen on 10.110.42.71:48207
@tracker All of 1 nodes getting started
@tracker All nodes finishes job
Trial 757 finished with value: 0.97035 and parameters: {'tree_method': 'gpu_hist', 'lambda': 0.09022455996605479, 'alpha': 0.02284092418257299, 'colsample_bytree': 0.4728612560883362, 'subsample': 0.8863546207962932, 'learning_rate': 0.09211501089325985, 'max_depth': 7, 'min_child_weight': 79, 'eval_metric': 'logloss'}. Best is trial 425 with value: 0.9801333333333333.
start listen on 10.110.42.71:56383
@tracker All of 1 nodes getting started
@tracker All nodes finishes job
start listen on 10.110.42.71:56627
@tracker All of 1 nodes getting started
@tracker All nodes finishes job
start listen on 10.110.42.71:59821
@tracker All of 1 nodes getting started
@tracker All nodes finishes job
start listen on 10.110.42.71:42789
@tracker All of 1 nodes getting started
@tracker All nodes finishes job
start listen on 10.110.42.71:53955
@tracker All of 1 nodes getting started
@tracker All nodes finishes job
Trial 758 finished with value: 0.9800666666666666 and parameters: {'tree_method': 'gpu_hist', 'lambda': 0.06261123603247663, 'alpha': 0.0168349572432264, 'colsample_bytree': 0.43328791360759106, 'subsample': 0.839519767182541, 'learning_rate': 0.07364314805616656, 'max_depth': 5, 'min_child_weight': 1, 'eval_metric': 'logloss'}. Best is trial 425 with value: 0.9801333333333333.
start listen on 10.110.42.71:42255
@tracker All of 1 nodes getting started
@tracker All nodes finishes job
start listen on 10.110.42.71:58061
@tracker All of 1 nodes getting started
@tracker All nodes finishes job
start listen on 10.110.42.71:43157
@tracker All of 1 nodes getting started
@tracker All nodes finishes job
start listen on 10.110.42.71:38807
@tracker All of 1 nodes getting started
@tracker All nodes finishes job
start listen on 10.110.42.71:42771
@tracker All of 1 nodes getting started
@tracker All nodes finishes job
Trial 759 finished with value: 0.9746833333333333 and parameters: {'tree_method': 'gpu_hist', 'lambda': 0.029631811706841645, 'alpha': 0.01844404957602192, 'colsample_bytree': 0.4354922020843136, 'subsample': 0.8413599378703335, 'learning_rate': 0.026884532685264546, 'max_depth': 5, 'min_child_weight': 12, 'eval_metric': 'logloss'}. Best is trial 425 with value: 0.9801333333333333.
start listen on 10.110.42.71:55799
@tracker All of 1 nodes getting started
@tracker All nodes finishes job
start listen on 10.110.42.71:39193
@tracker All of 1 nodes getting started
@tracker All nodes finishes job
start listen on 10.110.42.71:43339
@tracker All of 1 nodes getting started
@tracker All nodes finishes job
start listen on 10.110.42.71:56347
@tracker All of 1 nodes getting started
@tracker All nodes finishes job
start listen on 10.110.42.71:41111
@tracker All of 1 nodes getting started
@tracker All nodes finishes job
Trial 760 finished with value: 0.9657666666666667 and parameters: {'tree_method': 'gpu_hist', 'lambda': 0.04385198713501149, 'alpha': 0.013086035167990045, 'colsample_bytree': 0.42707032548835827, 'subsample': 0.8243201622970856, 'learning_rate': 0.08018666147218159, 'max_depth': 5, 'min_child_weight': 124, 'eval_metric': 'logloss'}. Best is trial 425 with value: 0.9801333333333333.
start listen on 10.110.42.71:44827
@tracker All of 1 nodes getting started
@tracker All nodes finishes job
start listen on 10.110.42.71:49211
@tracker All of 1 nodes getting started
@tracker All nodes finishes job
start listen on 10.110.42.71:41749
@tracker All of 1 nodes getting started
@tracker All nodes finishes job
start listen on 10.110.42.71:55309
@tracker All of 1 nodes getting started
@tracker All nodes finishes job
start listen on 10.110.42.71:43519
@tracker All of 1 nodes getting started
@tracker All nodes finishes job
Trial 761 finished with value: 0.9784666666666667 and parameters: {'tree_method': 'gpu_hist', 'lambda': 0.06355985069972424, 'alpha': 0.011779950131296745, 'colsample_bytree': 0.30193696006650855, 'subsample': 0.8227307490267606, 'learning_rate': 0.0686750112525072, 'max_depth': 9, 'min_child_weight': 1, 'eval_metric': 'logloss'}. Best is trial 425 with value: 0.9801333333333333.
start listen on 10.110.42.71:50895
@tracker All of 1 nodes getting started
@tracker All nodes finishes job
start listen on 10.110.42.71:45885
@tracker All of 1 nodes getting started
@tracker All nodes finishes job
start listen on 10.110.42.71:36325
@tracker All of 1 nodes getting started
@tracker All nodes finishes job
start listen on 10.110.42.71:38041
@tracker All of 1 nodes getting started
@tracker All nodes finishes job
start listen on 10.110.42.71:55445
@tracker All of 1 nodes getting started
@tracker All nodes finishes job
Trial 762 finished with value: 0.9771833333333333 and parameters: {'tree_method': 'gpu_hist', 'lambda': 0.05653692557182976, 'alpha': 0.01828881758270051, 'colsample_bytree': 0.6989521994866946, 'subsample': 0.8162539341067119, 'learning_rate': 0.05098218661830102, 'max_depth': 5, 'min_child_weight': 7, 'eval_metric': 'logloss'}. Best is trial 425 with value: 0.9801333333333333.
start listen on 10.110.42.71:43163
@tracker All of 1 nodes getting started
@tracker All nodes finishes job
start listen on 10.110.42.71:60033
@tracker All of 1 nodes getting started
@tracker All nodes finishes job
start listen on 10.110.42.71:56577
@tracker All of 1 nodes getting started
@tracker All nodes finishes job
start listen on 10.110.42.71:39397
@tracker All of 1 nodes getting started
@tracker All nodes finishes job
start listen on 10.110.42.71:44545
@tracker All of 1 nodes getting started
@tracker All nodes finishes job
Trial 763 finished with value: 0.9766333333333334 and parameters: {'tree_method': 'gpu_hist', 'lambda': 0.07748934583844999, 'alpha': 0.009394491021603406, 'colsample_bytree': 0.4063134872945462, 'subsample': 0.846445198323797, 'learning_rate': 0.08217075215380151, 'max_depth': 5, 'min_child_weight': 18, 'eval_metric': 'logloss'}. Best is trial 425 with value: 0.9801333333333333.
start listen on 10.110.42.71:48541
@tracker All of 1 nodes getting started
@tracker All nodes finishes job
start listen on 10.110.42.71:51485
@tracker All of 1 nodes getting started
@tracker All nodes finishes job
start listen on 10.110.42.71:43803
@tracker All of 1 nodes getting started
@tracker All nodes finishes job
start listen on 10.110.42.71:33703
@tracker All of 1 nodes getting started
@tracker All nodes finishes job
start listen on 10.110.42.71:40339
@tracker All of 1 nodes getting started
@tracker All nodes finishes job
Trial 764 finished with value: 0.9769 and parameters: {'tree_method': 'gpu_hist', 'lambda': 0.06755533072656048, 'alpha': 0.01520298883253966, 'colsample_bytree': 0.4406013988946006, 'subsample': 0.8380099961265175, 'learning_rate': 0.07592033942998688, 'max_depth': 11, 'min_child_weight': 11, 'eval_metric': 'logloss'}. Best is trial 425 with value: 0.9801333333333333.
start listen on 10.110.42.71:58115
@tracker All of 1 nodes getting started
@tracker All nodes finishes job
start listen on 10.110.42.71:51969
@tracker All of 1 nodes getting started
@tracker All nodes finishes job
start listen on 10.110.42.71:55991
@tracker All of 1 nodes getting started
@tracker All nodes finishes job
start listen on 10.110.42.71:51141
@tracker All of 1 nodes getting started
@tracker All nodes finishes job
start listen on 10.110.42.71:50125
@tracker All of 1 nodes getting started
@tracker All nodes finishes job
Trial 765 finished with value: 0.9753666666666667 and parameters: {'tree_method': 'gpu_hist', 'lambda': 0.0521678936847088, 'alpha': 0.011350558337133568, 'colsample_bytree': 0.4177860982716014, 'subsample': 0.8313117055043133, 'learning_rate': 0.08357837673585714, 'max_depth': 5, 'min_child_weight': 28, 'eval_metric': 'logloss'}. Best is trial 425 with value: 0.9801333333333333.
start listen on 10.110.42.71:59971
@tracker All of 1 nodes getting started
@tracker All nodes finishes job
start listen on 10.110.42.71:55479
@tracker All of 1 nodes getting started
@tracker All nodes finishes job
start listen on 10.110.42.71:42405
@tracker All of 1 nodes getting started
@tracker All nodes finishes job
start listen on 10.110.42.71:56703
@tracker All of 1 nodes getting started
@tracker All nodes finishes job
start listen on 10.110.42.71:43259
@tracker All of 1 nodes getting started
@tracker All nodes finishes job
Trial 766 finished with value: 0.8735333333333334 and parameters: {'tree_method': 'gpu_hist', 'lambda': 0.10325245073333486, 'alpha': 0.006681754316513572, 'colsample_bytree': 0.39702904930667354, 'subsample': 0.805764682672901, 'learning_rate': 0.002217902012232007, 'max_depth': 3, 'min_child_weight': 1, 'eval_metric': 'logloss'}. Best is trial 425 with value: 0.9801333333333333.
start listen on 10.110.42.71:58589
@tracker All of 1 nodes getting started
@tracker All nodes finishes job
start listen on 10.110.42.71:37073
@tracker All of 1 nodes getting started
@tracker All nodes finishes job
start listen on 10.110.42.71:48313
@tracker All of 1 nodes getting started
@tracker All nodes finishes job
start listen on 10.110.42.71:43787
@tracker All of 1 nodes getting started
@tracker All nodes finishes job
start listen on 10.110.42.71:48787
@tracker All of 1 nodes getting started
@tracker All nodes finishes job
Trial 767 finished with value: 0.97785 and parameters: {'tree_method': 'gpu_hist', 'lambda': 3.443461299525488, 'alpha': 0.007929651966851347, 'colsample_bytree': 0.4405344545942267, 'subsample': 0.8587310341961193, 'learning_rate': 0.060272701487255956, 'max_depth': 5, 'min_child_weight': 8, 'eval_metric': 'logloss'}. Best is trial 425 with value: 0.9801333333333333.
start listen on 10.110.42.71:57445
@tracker All of 1 nodes getting started
@tracker All nodes finishes job
start listen on 10.110.42.71:50931
@tracker All of 1 nodes getting started
@tracker All nodes finishes job
start listen on 10.110.42.71:45999
@tracker All of 1 nodes getting started
@tracker All nodes finishes job
start listen on 10.110.42.71:46585
@tracker All of 1 nodes getting started
@tracker All nodes finishes job
start listen on 10.110.42.71:44229
@tracker All of 1 nodes getting started
@tracker All nodes finishes job
Trial 768 finished with value: 0.9780166666666666 and parameters: {'tree_method': 'gpu_hist', 'lambda': 0.06384154714213558, 'alpha': 0.013691731321107415, 'colsample_bytree': 0.42443185513403137, 'subsample': 0.839847438659456, 'learning_rate': 0.0724648445382119, 'max_depth': 5, 'min_child_weight': 6, 'eval_metric': 'logloss'}. Best is trial 425 with value: 0.9801333333333333.
start listen on 10.110.42.71:36627
@tracker All of 1 nodes getting started
@tracker All nodes finishes job
start listen on 10.110.42.71:60253
@tracker All of 1 nodes getting started
@tracker All nodes finishes job
start listen on 10.110.42.71:50955
@tracker All of 1 nodes getting started
@tracker All nodes finishes job
start listen on 10.110.42.71:41773
@tracker All of 1 nodes getting started
@tracker All nodes finishes job
start listen on 10.110.42.71:48583
@tracker All of 1 nodes getting started
@tracker All nodes finishes job
Trial 769 finished with value: 0.9769 and parameters: {'tree_method': 'gpu_hist', 'lambda': 0.042648521252764166, 'alpha': 0.019030469140779473, 'colsample_bytree': 0.348835459617157, 'subsample': 0.8752597941527004, 'learning_rate': 0.09141792111825774, 'max_depth': 15, 'min_child_weight': 15, 'eval_metric': 'logloss'}. Best is trial 425 with value: 0.9801333333333333.
start listen on 10.110.42.71:33373
@tracker All of 1 nodes getting started
@tracker All nodes finishes job
start listen on 10.110.42.71:56147
@tracker All of 1 nodes getting started
@tracker All nodes finishes job
start listen on 10.110.42.71:47879
@tracker All of 1 nodes getting started
@tracker All nodes finishes job
start listen on 10.110.42.71:34391
@tracker All of 1 nodes getting started
@tracker All nodes finishes job
start listen on 10.110.42.71:54877
@tracker All of 1 nodes getting started
@tracker All nodes finishes job
Trial 770 finished with value: 0.9796 and parameters: {'tree_method': 'gpu_hist', 'lambda': 0.08574495474805847, 'alpha': 0.010908357555327392, 'colsample_bytree': 0.37685550881554586, 'subsample': 0.7362454609377702, 'learning_rate': 0.08404198502448518, 'max_depth': 5, 'min_child_weight': 1, 'eval_metric': 'logloss'}. Best is trial 425 with value: 0.9801333333333333.
start listen on 10.110.42.71:38915
@tracker All of 1 nodes getting started
@tracker All nodes finishes job
start listen on 10.110.42.71:57381
@tracker All of 1 nodes getting started
@tracker All nodes finishes job
start listen on 10.110.42.71:50857
@tracker All of 1 nodes getting started
@tracker All nodes finishes job
start listen on 10.110.42.71:52357
@tracker All of 1 nodes getting started
@tracker All nodes finishes job
start listen on 10.110.42.71:50491
@tracker All of 1 nodes getting started
@tracker All nodes finishes job
Trial 771 finished with value: 0.9783666666666667 and parameters: {'tree_method': 'gpu_hist', 'lambda': 0.0759659373837661, 'alpha': 0.015902170334770326, 'colsample_bytree': 0.40756909222781684, 'subsample': 0.8542154542998639, 'learning_rate': 0.09977788300531847, 'max_depth': 5, 'min_child_weight': 6, 'eval_metric': 'logloss'}. Best is trial 425 with value: 0.9801333333333333.
start listen on 10.110.42.71:56419
@tracker All of 1 nodes getting started
@tracker All nodes finishes job
start listen on 10.110.42.71:41149
@tracker All of 1 nodes getting started
@tracker All nodes finishes job
start listen on 10.110.42.71:34587
@tracker All of 1 nodes getting started
@tracker All nodes finishes job
start listen on 10.110.42.71:59013
@tracker All of 1 nodes getting started
@tracker All nodes finishes job
start listen on 10.110.42.71:54777
@tracker All of 1 nodes getting started
@tracker All nodes finishes job
Trial 772 finished with value: 0.9772333333333333 and parameters: {'tree_method': 'gpu_hist', 'lambda': 0.05052760362022586, 'alpha': 0.009187157194558922, 'colsample_bytree': 0.7571781948377297, 'subsample': 0.9063189013808891, 'learning_rate': 0.07389590891657358, 'max_depth': 5, 'min_child_weight': 14, 'eval_metric': 'logloss'}. Best is trial 425 with value: 0.9801333333333333.
start listen on 10.110.42.71:41443
@tracker All of 1 nodes getting started
@tracker All nodes finishes job
start listen on 10.110.42.71:47995
@tracker All of 1 nodes getting started
@tracker All nodes finishes job
start listen on 10.110.42.71:49693
@tracker All of 1 nodes getting started
@tracker All nodes finishes job
start listen on 10.110.42.71:55511
@tracker All of 1 nodes getting started
@tracker All nodes finishes job
start listen on 10.110.42.71:34803
@tracker All of 1 nodes getting started
@tracker All nodes finishes job
