Trial 149 finished with value: 0.9784166666666667 and parameters: {'tree_method': 'gpu_hist', 'lambda': 0.6482785028422017, 'alpha': 0.025700075013034063, 'colsample_bytree': 0.4464061475367285, 'subsample': 0.9537667944329623, 'learning_rate': 0.09140281375770716, 'max_depth': 5, 'min_child_weight': 4, 'eval_metric': 'logloss'}. Best is trial 140 with value: 0.9796666666666667.
start listen on 10.110.42.71:49867
@tracker All of 1 nodes getting started
@tracker All nodes finishes job
start listen on 10.110.42.71:39705
@tracker All of 1 nodes getting started
@tracker All nodes finishes job
start listen on 10.110.42.71:46813
@tracker All of 1 nodes getting started
@tracker All nodes finishes job
start listen on 10.110.42.71:34761
@tracker All of 1 nodes getting started
@tracker All nodes finishes job
start listen on 10.110.42.71:53159
@tracker All of 1 nodes getting started
@tracker All nodes finishes job
Trial 150 finished with value: 0.9793166666666666 and parameters: {'tree_method': 'gpu_hist', 'lambda': 0.646103606827806, 'alpha': 0.024062353007189785, 'colsample_bytree': 0.4409461809853821, 'subsample': 0.9964773300567369, 'learning_rate': 0.0998226788727178, 'max_depth': 5, 'min_child_weight': 1, 'eval_metric': 'logloss'}. Best is trial 140 with value: 0.9796666666666667.
start listen on 10.110.42.71:34589
@tracker All of 1 nodes getting started
@tracker All nodes finishes job
start listen on 10.110.42.71:55421
@tracker All of 1 nodes getting started
@tracker All nodes finishes job
start listen on 10.110.42.71:51791
@tracker All of 1 nodes getting started
@tracker All nodes finishes job
start listen on 10.110.42.71:33475
@tracker All of 1 nodes getting started
@tracker All nodes finishes job
start listen on 10.110.42.71:48979
@tracker All of 1 nodes getting started
@tracker All nodes finishes job
Trial 151 finished with value: 0.9789333333333333 and parameters: {'tree_method': 'gpu_hist', 'lambda': 0.6369656357758405, 'alpha': 0.025697775498986265, 'colsample_bytree': 0.4484404467130647, 'subsample': 0.9513820740030036, 'learning_rate': 0.09926109001148624, 'max_depth': 5, 'min_child_weight': 3, 'eval_metric': 'logloss'}. Best is trial 140 with value: 0.9796666666666667.
start listen on 10.110.42.71:60893
@tracker All of 1 nodes getting started
@tracker All nodes finishes job
start listen on 10.110.42.71:49811
@tracker All of 1 nodes getting started
@tracker All nodes finishes job
start listen on 10.110.42.71:51789
@tracker All of 1 nodes getting started
@tracker All nodes finishes job
start listen on 10.110.42.71:34695
@tracker All of 1 nodes getting started
@tracker All nodes finishes job
start listen on 10.110.42.71:46145
@tracker All of 1 nodes getting started
@tracker All nodes finishes job
Trial 152 finished with value: 0.97885 and parameters: {'tree_method': 'gpu_hist', 'lambda': 0.6777942977446575, 'alpha': 0.025451257484793304, 'colsample_bytree': 0.4435013211591819, 'subsample': 0.9996682244392399, 'learning_rate': 0.09155045823826802, 'max_depth': 5, 'min_child_weight': 2, 'eval_metric': 'logloss'}. Best is trial 140 with value: 0.9796666666666667.
start listen on 10.110.42.71:56249
@tracker All of 1 nodes getting started
@tracker All nodes finishes job
start listen on 10.110.42.71:42417
@tracker All of 1 nodes getting started
@tracker All nodes finishes job
start listen on 10.110.42.71:34017
@tracker All of 1 nodes getting started
@tracker All nodes finishes job
start listen on 10.110.42.71:35697
@tracker All of 1 nodes getting started
@tracker All nodes finishes job
start listen on 10.110.42.71:54059
@tracker All of 1 nodes getting started
@tracker All nodes finishes job
Trial 153 finished with value: 0.9795833333333334 and parameters: {'tree_method': 'gpu_hist', 'lambda': 0.6295219478673112, 'alpha': 0.026385975357579604, 'colsample_bytree': 0.4392295763630715, 'subsample': 0.9455019150217461, 'learning_rate': 0.09944720558124504, 'max_depth': 5, 'min_child_weight': 1, 'eval_metric': 'logloss'}. Best is trial 140 with value: 0.9796666666666667.
start listen on 10.110.42.71:52543
@tracker All of 1 nodes getting started
@tracker All nodes finishes job
start listen on 10.110.42.71:58007
@tracker All of 1 nodes getting started
@tracker All nodes finishes job
start listen on 10.110.42.71:49685
@tracker All of 1 nodes getting started
@tracker All nodes finishes job
start listen on 10.110.42.71:51873
@tracker All of 1 nodes getting started
@tracker All nodes finishes job
start listen on 10.110.42.71:57661
@tracker All of 1 nodes getting started
@tracker All nodes finishes job
Trial 154 finished with value: 0.9797333333333333 and parameters: {'tree_method': 'gpu_hist', 'lambda': 0.5980590238206834, 'alpha': 0.02717821238375094, 'colsample_bytree': 0.44472066005213384, 'subsample': 0.9921883834929973, 'learning_rate': 0.09164974905827245, 'max_depth': 5, 'min_child_weight': 1, 'eval_metric': 'logloss'}. Best is trial 154 with value: 0.9797333333333333.
start listen on 10.110.42.71:60221
@tracker All of 1 nodes getting started
@tracker All nodes finishes job
start listen on 10.110.42.71:57613
@tracker All of 1 nodes getting started
@tracker All nodes finishes job
start listen on 10.110.42.71:59621
@tracker All of 1 nodes getting started
@tracker All nodes finishes job
start listen on 10.110.42.71:59481
@tracker All of 1 nodes getting started
@tracker All nodes finishes job
start listen on 10.110.42.71:33499
@tracker All of 1 nodes getting started
@tracker All nodes finishes job
Trial 155 finished with value: 0.9791833333333333 and parameters: {'tree_method': 'gpu_hist', 'lambda': 0.6906767545478811, 'alpha': 0.02658238632739389, 'colsample_bytree': 0.4678474034195881, 'subsample': 0.9887378929240374, 'learning_rate': 0.0962607451024863, 'max_depth': 5, 'min_child_weight': 2, 'eval_metric': 'logloss'}. Best is trial 154 with value: 0.9797333333333333.
start listen on 10.110.42.71:60879
@tracker All of 1 nodes getting started
@tracker All nodes finishes job
start listen on 10.110.42.71:54693
@tracker All of 1 nodes getting started
@tracker All nodes finishes job
start listen on 10.110.42.71:50471
@tracker All of 1 nodes getting started
@tracker All nodes finishes job
start listen on 10.110.42.71:35457
@tracker All of 1 nodes getting started
@tracker All nodes finishes job
start listen on 10.110.42.71:53731
@tracker All of 1 nodes getting started
@tracker All nodes finishes job
Trial 156 finished with value: 0.9798166666666667 and parameters: {'tree_method': 'gpu_hist', 'lambda': 0.6990869396703708, 'alpha': 0.026152584369509846, 'colsample_bytree': 0.4640569929205322, 'subsample': 0.995653924935741, 'learning_rate': 0.0966017687979185, 'max_depth': 5, 'min_child_weight': 1, 'eval_metric': 'logloss'}. Best is trial 156 with value: 0.9798166666666667.
start listen on 10.110.42.71:49755
@tracker All of 1 nodes getting started
@tracker All nodes finishes job
start listen on 10.110.42.71:55781
@tracker All of 1 nodes getting started
@tracker All nodes finishes job
start listen on 10.110.42.71:42949
@tracker All of 1 nodes getting started
@tracker All nodes finishes job
start listen on 10.110.42.71:58871
@tracker All of 1 nodes getting started
@tracker All nodes finishes job
start listen on 10.110.42.71:48285
@tracker All of 1 nodes getting started
@tracker All nodes finishes job
Trial 157 finished with value: 0.9799 and parameters: {'tree_method': 'gpu_hist', 'lambda': 0.7477065558070061, 'alpha': 0.03452035402564695, 'colsample_bytree': 0.4664807301641324, 'subsample': 0.9911436554614697, 'learning_rate': 0.09812060027952613, 'max_depth': 5, 'min_child_weight': 1, 'eval_metric': 'logloss'}. Best is trial 157 with value: 0.9799.
start listen on 10.110.42.71:59167
@tracker All of 1 nodes getting started
@tracker All nodes finishes job
start listen on 10.110.42.71:58019
@tracker All of 1 nodes getting started
@tracker All nodes finishes job
start listen on 10.110.42.71:50213
@tracker All of 1 nodes getting started
@tracker All nodes finishes job
start listen on 10.110.42.71:53037
@tracker All of 1 nodes getting started
@tracker All nodes finishes job
start listen on 10.110.42.71:33489
@tracker All of 1 nodes getting started
@tracker All nodes finishes job
Trial 158 finished with value: 0.9795 and parameters: {'tree_method': 'gpu_hist', 'lambda': 0.5662148071803561, 'alpha': 0.037074379859308705, 'colsample_bytree': 0.46090442561796224, 'subsample': 0.9993458751098995, 'learning_rate': 0.08882126252636104, 'max_depth': 5, 'min_child_weight': 1, 'eval_metric': 'logloss'}. Best is trial 157 with value: 0.9799.
start listen on 10.110.42.71:43057
@tracker All of 1 nodes getting started
@tracker All nodes finishes job
start listen on 10.110.42.71:44845
@tracker All of 1 nodes getting started
@tracker All nodes finishes job
start listen on 10.110.42.71:58773
@tracker All of 1 nodes getting started
@tracker All nodes finishes job
start listen on 10.110.42.71:48935
@tracker All of 1 nodes getting started
@tracker All nodes finishes job
start listen on 10.110.42.71:46201
@tracker All of 1 nodes getting started
@tracker All nodes finishes job
Trial 159 finished with value: 0.9765166666666667 and parameters: {'tree_method': 'gpu_hist', 'lambda': 0.5736759811641992, 'alpha': 0.036543181037699886, 'colsample_bytree': 0.47045606050411837, 'subsample': 0.9982831922965129, 'learning_rate': 0.0994675603664025, 'max_depth': 5, 'min_child_weight': 17, 'eval_metric': 'logloss'}. Best is trial 157 with value: 0.9799.
start listen on 10.110.42.71:44495
@tracker All of 1 nodes getting started
@tracker All nodes finishes job
start listen on 10.110.42.71:58115
@tracker All of 1 nodes getting started
@tracker All nodes finishes job
start listen on 10.110.42.71:50409
@tracker All of 1 nodes getting started
@tracker All nodes finishes job
start listen on 10.110.42.71:43341
@tracker All of 1 nodes getting started
@tracker All nodes finishes job
start listen on 10.110.42.71:38393
@tracker All of 1 nodes getting started
@tracker All nodes finishes job
Trial 160 finished with value: 0.9797 and parameters: {'tree_method': 'gpu_hist', 'lambda': 0.7667662146592253, 'alpha': 0.018204484210801855, 'colsample_bytree': 0.4579114052145363, 'subsample': 0.978498031384041, 'learning_rate': 0.08578533879269104, 'max_depth': 5, 'min_child_weight': 1, 'eval_metric': 'logloss'}. Best is trial 157 with value: 0.9799.
start listen on 10.110.42.71:41461
@tracker All of 1 nodes getting started
@tracker All nodes finishes job
start listen on 10.110.42.71:48487
@tracker All of 1 nodes getting started
@tracker All nodes finishes job
start listen on 10.110.42.71:40813
@tracker All of 1 nodes getting started
@tracker All nodes finishes job
start listen on 10.110.42.71:42863
@tracker All of 1 nodes getting started
@tracker All nodes finishes job
start listen on 10.110.42.71:52641
@tracker All of 1 nodes getting started
@tracker All nodes finishes job
Trial 161 finished with value: 0.9794333333333334 and parameters: {'tree_method': 'gpu_hist', 'lambda': 0.8383537546109004, 'alpha': 0.01572737355101146, 'colsample_bytree': 0.46941690422226967, 'subsample': 0.9817937815415672, 'learning_rate': 0.0864778375392507, 'max_depth': 5, 'min_child_weight': 1, 'eval_metric': 'logloss'}. Best is trial 157 with value: 0.9799.
start listen on 10.110.42.71:55479
@tracker All of 1 nodes getting started
@tracker All nodes finishes job
start listen on 10.110.42.71:35065
@tracker All of 1 nodes getting started
@tracker All nodes finishes job
start listen on 10.110.42.71:41407
@tracker All of 1 nodes getting started
@tracker All nodes finishes job
start listen on 10.110.42.71:46641
@tracker All of 1 nodes getting started
@tracker All nodes finishes job
start listen on 10.110.42.71:35535
@tracker All of 1 nodes getting started
@tracker All nodes finishes job
Trial 162 finished with value: 0.9765666666666667 and parameters: {'tree_method': 'gpu_hist', 'lambda': 1.1350135690651906, 'alpha': 0.015298982482208621, 'colsample_bytree': 0.4571194137912469, 'subsample': 0.9815777978004642, 'learning_rate': 0.08453318637910885, 'max_depth': 5, 'min_child_weight': 15, 'eval_metric': 'logloss'}. Best is trial 157 with value: 0.9799.
start listen on 10.110.42.71:35401
@tracker All of 1 nodes getting started
@tracker All nodes finishes job
start listen on 10.110.42.71:46851
@tracker All of 1 nodes getting started
@tracker All nodes finishes job
start listen on 10.110.42.71:56587
@tracker All of 1 nodes getting started
@tracker All nodes finishes job
start listen on 10.110.42.71:41745
@tracker All of 1 nodes getting started
@tracker All nodes finishes job
start listen on 10.110.42.71:53519
@tracker All of 1 nodes getting started
@tracker All nodes finishes job
Trial 163 finished with value: 0.9768333333333333 and parameters: {'tree_method': 'gpu_hist', 'lambda': 0.807461851711247, 'alpha': 0.035298922219450524, 'colsample_bytree': 0.4726554447480262, 'subsample': 0.9844930717501722, 'learning_rate': 0.08710795887781164, 'max_depth': 5, 'min_child_weight': 15, 'eval_metric': 'logloss'}. Best is trial 157 with value: 0.9799.
start listen on 10.110.42.71:51263
@tracker All of 1 nodes getting started
@tracker All nodes finishes job
start listen on 10.110.42.71:41283
@tracker All of 1 nodes getting started
@tracker All nodes finishes job
start listen on 10.110.42.71:46189
@tracker All of 1 nodes getting started
@tracker All nodes finishes job
start listen on 10.110.42.71:51087
@tracker All of 1 nodes getting started
@tracker All nodes finishes job
start listen on 10.110.42.71:53723
@tracker All of 1 nodes getting started
@tracker All nodes finishes job
Trial 164 finished with value: 0.9799 and parameters: {'tree_method': 'gpu_hist', 'lambda': 0.9411815595548418, 'alpha': 0.018809136178797623, 'colsample_bytree': 0.41248404725917265, 'subsample': 0.9666581212233433, 'learning_rate': 0.08463751433870503, 'max_depth': 5, 'min_child_weight': 1, 'eval_metric': 'logloss'}. Best is trial 157 with value: 0.9799.
start listen on 10.110.42.71:57259
@tracker All of 1 nodes getting started
@tracker All nodes finishes job
start listen on 10.110.42.71:57795
@tracker All of 1 nodes getting started
@tracker All nodes finishes job
start listen on 10.110.42.71:57601
@tracker All of 1 nodes getting started
@tracker All nodes finishes job
start listen on 10.110.42.71:47965
@tracker All of 1 nodes getting started
@tracker All nodes finishes job
start listen on 10.110.42.71:38259
@tracker All of 1 nodes getting started
@tracker All nodes finishes job
Trial 165 finished with value: 0.9797 and parameters: {'tree_method': 'gpu_hist', 'lambda': 0.8755820641306804, 'alpha': 0.016512319617295677, 'colsample_bytree': 0.41496343500196486, 'subsample': 0.9681961131277872, 'learning_rate': 0.08144567267822486, 'max_depth': 5, 'min_child_weight': 1, 'eval_metric': 'logloss'}. Best is trial 157 with value: 0.9799.
start listen on 10.110.42.71:33497
@tracker All of 1 nodes getting started
@tracker All nodes finishes job
start listen on 10.110.42.71:48805
@tracker All of 1 nodes getting started
@tracker All nodes finishes job
start listen on 10.110.42.71:46969
@tracker All of 1 nodes getting started
@tracker All nodes finishes job
start listen on 10.110.42.71:40667
@tracker All of 1 nodes getting started
@tracker All nodes finishes job
start listen on 10.110.42.71:33579
@tracker All of 1 nodes getting started
@tracker All nodes finishes job
Trial 166 finished with value: 0.9798333333333333 and parameters: {'tree_method': 'gpu_hist', 'lambda': 0.8759884819794806, 'alpha': 0.01106571072646677, 'colsample_bytree': 0.41114156289523063, 'subsample': 0.9646680361428269, 'learning_rate': 0.0822235674986227, 'max_depth': 5, 'min_child_weight': 1, 'eval_metric': 'logloss'}. Best is trial 157 with value: 0.9799.
start listen on 10.110.42.71:57383
@tracker All of 1 nodes getting started
@tracker All nodes finishes job
start listen on 10.110.42.71:54957
@tracker All of 1 nodes getting started
@tracker All nodes finishes job
start listen on 10.110.42.71:58001
@tracker All of 1 nodes getting started
@tracker All nodes finishes job
start listen on 10.110.42.71:53507
@tracker All of 1 nodes getting started
@tracker All nodes finishes job
start listen on 10.110.42.71:57053
@tracker All of 1 nodes getting started
@tracker All nodes finishes job
Trial 167 finished with value: 0.9794666666666667 and parameters: {'tree_method': 'gpu_hist', 'lambda': 0.9178911614227194, 'alpha': 0.011275634487807272, 'colsample_bytree': 0.4081432166524456, 'subsample': 0.9643716568250359, 'learning_rate': 0.08327253955492268, 'max_depth': 5, 'min_child_weight': 1, 'eval_metric': 'logloss'}. Best is trial 157 with value: 0.9799.
start listen on 10.110.42.71:51903
@tracker All of 1 nodes getting started
@tracker All nodes finishes job
start listen on 10.110.42.71:44861
@tracker All of 1 nodes getting started
@tracker All nodes finishes job
start listen on 10.110.42.71:55941
@tracker All of 1 nodes getting started
@tracker All nodes finishes job
start listen on 10.110.42.71:41961
@tracker All of 1 nodes getting started
@tracker All nodes finishes job
start listen on 10.110.42.71:36623
@tracker All of 1 nodes getting started
@tracker All nodes finishes job
Trial 168 finished with value: 0.97695 and parameters: {'tree_method': 'gpu_hist', 'lambda': 1.1818010147128257, 'alpha': 0.011923814588451397, 'colsample_bytree': 0.4139028927974033, 'subsample': 0.9631547777763292, 'learning_rate': 0.08246970250419125, 'max_depth': 5, 'min_child_weight': 13, 'eval_metric': 'logloss'}. Best is trial 157 with value: 0.9799.
start listen on 10.110.42.71:55831
@tracker All of 1 nodes getting started
@tracker All nodes finishes job
start listen on 10.110.42.71:38921
@tracker All of 1 nodes getting started
@tracker All nodes finishes job
start listen on 10.110.42.71:41875
@tracker All of 1 nodes getting started
@tracker All nodes finishes job
start listen on 10.110.42.71:44545
@tracker All of 1 nodes getting started
@tracker All nodes finishes job
start listen on 10.110.42.71:50089
@tracker All of 1 nodes getting started
@tracker All nodes finishes job
Trial 169 finished with value: 0.9763333333333334 and parameters: {'tree_method': 'gpu_hist', 'lambda': 0.9214816803326188, 'alpha': 0.018442526325691627, 'colsample_bytree': 0.40287889377624025, 'subsample': 0.9621274593934543, 'learning_rate': 0.08322418488827502, 'max_depth': 5, 'min_child_weight': 20, 'eval_metric': 'logloss'}. Best is trial 157 with value: 0.9799.
start listen on 10.110.42.71:43361
@tracker All of 1 nodes getting started
@tracker All nodes finishes job
start listen on 10.110.42.71:33367
@tracker All of 1 nodes getting started
@tracker All nodes finishes job
start listen on 10.110.42.71:36577
@tracker All of 1 nodes getting started
@tracker All nodes finishes job
start listen on 10.110.42.71:51427
@tracker All of 1 nodes getting started
@tracker All nodes finishes job
start listen on 10.110.42.71:53537
@tracker All of 1 nodes getting started
@tracker All nodes finishes job
Trial 170 finished with value: 0.9797 and parameters: {'tree_method': 'gpu_hist', 'lambda': 0.9014802170519627, 'alpha': 0.010227742284761213, 'colsample_bytree': 0.42186271531578967, 'subsample': 0.9718041299212908, 'learning_rate': 0.08632139890317435, 'max_depth': 5, 'min_child_weight': 1, 'eval_metric': 'logloss'}. Best is trial 157 with value: 0.9799.
start listen on 10.110.42.71:51335
@tracker All of 1 nodes getting started
@tracker All nodes finishes job
start listen on 10.110.42.71:53965
@tracker All of 1 nodes getting started
@tracker All nodes finishes job
start listen on 10.110.42.71:45719
@tracker All of 1 nodes getting started
@tracker All nodes finishes job
start listen on 10.110.42.71:54939
@tracker All of 1 nodes getting started
@tracker All nodes finishes job
start listen on 10.110.42.71:58893
@tracker All of 1 nodes getting started
@tracker All nodes finishes job
Trial 171 finished with value: 0.97725 and parameters: {'tree_method': 'gpu_hist', 'lambda': 0.9707302354583843, 'alpha': 0.009809408993566145, 'colsample_bytree': 0.4236704312272629, 'subsample': 0.9349892291784533, 'learning_rate': 0.08256139261993475, 'max_depth': 5, 'min_child_weight': 13, 'eval_metric': 'logloss'}. Best is trial 157 with value: 0.9799.
start listen on 10.110.42.71:35979
@tracker All of 1 nodes getting started
@tracker All nodes finishes job
start listen on 10.110.42.71:38935
@tracker All of 1 nodes getting started
@tracker All nodes finishes job
start listen on 10.110.42.71:49079
@tracker All of 1 nodes getting started
@tracker All nodes finishes job
start listen on 10.110.42.71:34451
@tracker All of 1 nodes getting started
@tracker All nodes finishes job
start listen on 10.110.42.71:41745
@tracker All of 1 nodes getting started
@tracker All nodes finishes job
Trial 172 finished with value: 0.9793666666666667 and parameters: {'tree_method': 'gpu_hist', 'lambda': 0.8316138851170031, 'alpha': 0.016470205269262062, 'colsample_bytree': 0.4136998318395905, 'subsample': 0.9763599068332205, 'learning_rate': 0.080995812236952, 'max_depth': 5, 'min_child_weight': 1, 'eval_metric': 'logloss'}. Best is trial 157 with value: 0.9799.
start listen on 10.110.42.71:48489
@tracker All of 1 nodes getting started
@tracker All nodes finishes job
start listen on 10.110.42.71:56703
@tracker All of 1 nodes getting started
@tracker All nodes finishes job
start listen on 10.110.42.71:46731
@tracker All of 1 nodes getting started
@tracker All nodes finishes job
start listen on 10.110.42.71:37991
@tracker All of 1 nodes getting started
@tracker All nodes finishes job
start listen on 10.110.42.71:47533
@tracker All of 1 nodes getting started
@tracker All nodes finishes job
