Trial 197 finished with value: 0.9794333333333334 and parameters: {'tree_method': 'gpu_hist', 'lambda': 0.9389802157287148, 'alpha': 0.010777865336713691, 'colsample_bytree': 0.4170544540299274, 'subsample': 0.9759150236314706, 'learning_rate': 0.08102505916343988, 'max_depth': 5, 'min_child_weight': 1, 'eval_metric': 'logloss'}. Best is trial 157 with value: 0.9799.
start listen on 10.110.42.71:56245
@tracker All of 1 nodes getting started
@tracker All nodes finishes job
start listen on 10.110.42.71:49449
@tracker All of 1 nodes getting started
@tracker All nodes finishes job
start listen on 10.110.42.71:56671
@tracker All of 1 nodes getting started
@tracker All nodes finishes job
start listen on 10.110.42.71:39199
@tracker All of 1 nodes getting started
@tracker All nodes finishes job
start listen on 10.110.42.71:57147
@tracker All of 1 nodes getting started
@tracker All nodes finishes job
Trial 198 finished with value: 0.9618166666666667 and parameters: {'tree_method': 'gpu_hist', 'lambda': 0.738478137745784, 'alpha': 0.013892910322387908, 'colsample_bytree': 0.4045791346807071, 'subsample': 0.9896826805214639, 'learning_rate': 0.009463868350462312, 'max_depth': 5, 'min_child_weight': 12, 'eval_metric': 'logloss'}. Best is trial 157 with value: 0.9799.
start listen on 10.110.42.71:44477
@tracker All of 1 nodes getting started
@tracker All nodes finishes job
start listen on 10.110.42.71:46227
@tracker All of 1 nodes getting started
@tracker All nodes finishes job
start listen on 10.110.42.71:60281
@tracker All of 1 nodes getting started
@tracker All nodes finishes job
start listen on 10.110.42.71:51455
@tracker All of 1 nodes getting started
@tracker All nodes finishes job
start listen on 10.110.42.71:43035
@tracker All of 1 nodes getting started
@tracker All nodes finishes job
Trial 199 finished with value: 0.97975 and parameters: {'tree_method': 'gpu_hist', 'lambda': 0.5783776984075947, 'alpha': 0.05124820602127547, 'colsample_bytree': 0.38494225965677975, 'subsample': 0.9434203577179741, 'learning_rate': 0.09258312031872425, 'max_depth': 5, 'min_child_weight': 1, 'eval_metric': 'logloss'}. Best is trial 157 with value: 0.9799.
start listen on 10.110.42.71:60477
@tracker All of 1 nodes getting started
@tracker All nodes finishes job
start listen on 10.110.42.71:44025
@tracker All of 1 nodes getting started
@tracker All nodes finishes job
start listen on 10.110.42.71:35183
@tracker All of 1 nodes getting started
@tracker All nodes finishes job
start listen on 10.110.42.71:45899
@tracker All of 1 nodes getting started
@tracker All nodes finishes job
start listen on 10.110.42.71:45571
@tracker All of 1 nodes getting started
@tracker All nodes finishes job
Trial 200 finished with value: 0.9783666666666667 and parameters: {'tree_method': 'gpu_hist', 'lambda': 0.5386132077610425, 'alpha': 0.05130660125560929, 'colsample_bytree': 0.3883238278166157, 'subsample': 0.9262396791184422, 'learning_rate': 0.09327414640573507, 'max_depth': 5, 'min_child_weight': 7, 'eval_metric': 'logloss'}. Best is trial 157 with value: 0.9799.
start listen on 10.110.42.71:44765
@tracker All of 1 nodes getting started
@tracker All nodes finishes job
start listen on 10.110.42.71:58995
@tracker All of 1 nodes getting started
@tracker All nodes finishes job
start listen on 10.110.42.71:47803
@tracker All of 1 nodes getting started
@tracker All nodes finishes job
start listen on 10.110.42.71:60039
@tracker All of 1 nodes getting started
@tracker All nodes finishes job
start listen on 10.110.42.71:48389
@tracker All of 1 nodes getting started
@tracker All nodes finishes job
Trial 201 finished with value: 0.9772333333333333 and parameters: {'tree_method': 'gpu_hist', 'lambda': 0.5674879095605624, 'alpha': 0.02074235873233016, 'colsample_bytree': 0.4484441396104571, 'subsample': 0.9420508042304085, 'learning_rate': 0.09837942451170291, 'max_depth': 20, 'min_child_weight': 1, 'eval_metric': 'logloss'}. Best is trial 157 with value: 0.9799.
start listen on 10.110.42.71:39739
@tracker All of 1 nodes getting started
@tracker All nodes finishes job
start listen on 10.110.42.71:60861
@tracker All of 1 nodes getting started
@tracker All nodes finishes job
start listen on 10.110.42.71:35885
@tracker All of 1 nodes getting started
@tracker All nodes finishes job
start listen on 10.110.42.71:43789
@tracker All of 1 nodes getting started
@tracker All nodes finishes job
start listen on 10.110.42.71:42449
@tracker All of 1 nodes getting started
@tracker All nodes finishes job
Trial 202 finished with value: 0.9768 and parameters: {'tree_method': 'gpu_hist', 'lambda': 0.4597232160279687, 'alpha': 0.031208821205125113, 'colsample_bytree': 0.46287157893427516, 'subsample': 0.9129014174911945, 'learning_rate': 0.07336335307435107, 'max_depth': 5, 'min_child_weight': 13, 'eval_metric': 'logloss'}. Best is trial 157 with value: 0.9799.
start listen on 10.110.42.71:37869
@tracker All of 1 nodes getting started
@tracker All nodes finishes job
start listen on 10.110.42.71:55391
@tracker All of 1 nodes getting started
@tracker All nodes finishes job
start listen on 10.110.42.71:38333
@tracker All of 1 nodes getting started
@tracker All nodes finishes job
start listen on 10.110.42.71:39535
@tracker All of 1 nodes getting started
@tracker All nodes finishes job
start listen on 10.110.42.71:41015
@tracker All of 1 nodes getting started
@tracker All nodes finishes job
Trial 203 finished with value: 0.9782166666666666 and parameters: {'tree_method': 'gpu_hist', 'lambda': 1.2474551890950027, 'alpha': 0.0639235895368642, 'colsample_bytree': 0.37503685010863985, 'subsample': 0.9528278013982867, 'learning_rate': 0.08968702699848732, 'max_depth': 5, 'min_child_weight': 7, 'eval_metric': 'logloss'}. Best is trial 157 with value: 0.9799.
start listen on 10.110.42.71:50403
@tracker All of 1 nodes getting started
@tracker All nodes finishes job
start listen on 10.110.42.71:33279
@tracker All of 1 nodes getting started
@tracker All nodes finishes job
start listen on 10.110.42.71:47259
@tracker All of 1 nodes getting started
@tracker All nodes finishes job
start listen on 10.110.42.71:41837
@tracker All of 1 nodes getting started
@tracker All nodes finishes job
start listen on 10.110.42.71:49483
@tracker All of 1 nodes getting started
@tracker All nodes finishes job
Trial 204 finished with value: 0.9566166666666667 and parameters: {'tree_method': 'gpu_hist', 'lambda': 0.6154311948706358, 'alpha': 0.03887093381154975, 'colsample_bytree': 0.4363398727581141, 'subsample': 0.9803034153769883, 'learning_rate': 0.06599620308994746, 'max_depth': 17, 'min_child_weight': 237, 'eval_metric': 'logloss'}. Best is trial 157 with value: 0.9799.
start listen on 10.110.42.71:47071
@tracker All of 1 nodes getting started
@tracker All nodes finishes job
start listen on 10.110.42.71:34797
@tracker All of 1 nodes getting started
@tracker All nodes finishes job
start listen on 10.110.42.71:38477
@tracker All of 1 nodes getting started
@tracker All nodes finishes job
start listen on 10.110.42.71:49711
@tracker All of 1 nodes getting started
@tracker All nodes finishes job
start listen on 10.110.42.71:45475
@tracker All of 1 nodes getting started
@tracker All nodes finishes job
Trial 205 finished with value: 0.9797666666666667 and parameters: {'tree_method': 'gpu_hist', 'lambda': 0.7588366276049799, 'alpha': 0.016843077999828367, 'colsample_bytree': 0.4792217539453219, 'subsample': 0.8882495064021101, 'learning_rate': 0.07817721923231266, 'max_depth': 5, 'min_child_weight': 1, 'eval_metric': 'logloss'}. Best is trial 157 with value: 0.9799.
start listen on 10.110.42.71:59465
@tracker All of 1 nodes getting started
@tracker All nodes finishes job
start listen on 10.110.42.71:37419
@tracker All of 1 nodes getting started
@tracker All nodes finishes job
start listen on 10.110.42.71:56947
@tracker All of 1 nodes getting started
@tracker All nodes finishes job
start listen on 10.110.42.71:39577
@tracker All of 1 nodes getting started
@tracker All nodes finishes job
start listen on 10.110.42.71:56335
@tracker All of 1 nodes getting started
@tracker All nodes finishes job
Trial 206 finished with value: 0.9798333333333333 and parameters: {'tree_method': 'gpu_hist', 'lambda': 0.7432233546387135, 'alpha': 0.08966303721609986, 'colsample_bytree': 0.4852889485364138, 'subsample': 0.8996353633692563, 'learning_rate': 0.09990888039642103, 'max_depth': 5, 'min_child_weight': 1, 'eval_metric': 'logloss'}. Best is trial 157 with value: 0.9799.
start listen on 10.110.42.71:58183
@tracker All of 1 nodes getting started
@tracker All nodes finishes job
start listen on 10.110.42.71:51761
@tracker All of 1 nodes getting started
@tracker All nodes finishes job
start listen on 10.110.42.71:56145
@tracker All of 1 nodes getting started
@tracker All nodes finishes job
start listen on 10.110.42.71:50125
@tracker All of 1 nodes getting started
@tracker All nodes finishes job
start listen on 10.110.42.71:52011
@tracker All of 1 nodes getting started
@tracker All nodes finishes job
Trial 207 finished with value: 0.9795333333333334 and parameters: {'tree_method': 'gpu_hist', 'lambda': 0.7490556127184456, 'alpha': 0.10575963323045529, 'colsample_bytree': 0.47357785265911756, 'subsample': 0.8980186129656703, 'learning_rate': 0.07818144883620841, 'max_depth': 5, 'min_child_weight': 1, 'eval_metric': 'logloss'}. Best is trial 157 with value: 0.9799.
start listen on 10.110.42.71:39075
@tracker All of 1 nodes getting started
@tracker All nodes finishes job
start listen on 10.110.42.71:57623
@tracker All of 1 nodes getting started
@tracker All nodes finishes job
start listen on 10.110.42.71:39689
@tracker All of 1 nodes getting started
@tracker All nodes finishes job
start listen on 10.110.42.71:60937
@tracker All of 1 nodes getting started
@tracker All nodes finishes job
start listen on 10.110.42.71:56277
@tracker All of 1 nodes getting started
@tracker All nodes finishes job
Trial 208 finished with value: 0.9776666666666667 and parameters: {'tree_method': 'gpu_hist', 'lambda': 0.7336566598753446, 'alpha': 0.08787869619658353, 'colsample_bytree': 0.47902622293114483, 'subsample': 0.9239639072567376, 'learning_rate': 0.07741399334215034, 'max_depth': 5, 'min_child_weight': 7, 'eval_metric': 'logloss'}. Best is trial 157 with value: 0.9799.
start listen on 10.110.42.71:47681
@tracker All of 1 nodes getting started
@tracker All nodes finishes job
start listen on 10.110.42.71:36999
@tracker All of 1 nodes getting started
@tracker All nodes finishes job
start listen on 10.110.42.71:34715
@tracker All of 1 nodes getting started
@tracker All nodes finishes job
start listen on 10.110.42.71:50789
@tracker All of 1 nodes getting started
@tracker All nodes finishes job
start listen on 10.110.42.71:50317
@tracker All of 1 nodes getting started
@tracker All nodes finishes job
Trial 209 finished with value: 0.97705 and parameters: {'tree_method': 'gpu_hist', 'lambda': 0.8552218634874121, 'alpha': 0.016174298144559163, 'colsample_bytree': 0.49686440978394486, 'subsample': 0.9002407548576029, 'learning_rate': 0.09992683657968439, 'max_depth': 5, 'min_child_weight': 14, 'eval_metric': 'logloss'}. Best is trial 157 with value: 0.9799.
start listen on 10.110.42.71:53067
@tracker All of 1 nodes getting started
@tracker All nodes finishes job
start listen on 10.110.42.71:40809
@tracker All of 1 nodes getting started
@tracker All nodes finishes job
start listen on 10.110.42.71:39901
@tracker All of 1 nodes getting started
@tracker All nodes finishes job
start listen on 10.110.42.71:50621
@tracker All of 1 nodes getting started
@tracker All nodes finishes job
start listen on 10.110.42.71:54753
@tracker All of 1 nodes getting started
@tracker All nodes finishes job
Trial 210 finished with value: 0.9771833333333333 and parameters: {'tree_method': 'gpu_hist', 'lambda': 1.0315078858097337, 'alpha': 0.07679143865972225, 'colsample_bytree': 0.47896137248309245, 'subsample': 0.8929672267791569, 'learning_rate': 0.08381490917397894, 'max_depth': 11, 'min_child_weight': 7, 'eval_metric': 'logloss'}. Best is trial 157 with value: 0.9799.
start listen on 10.110.42.71:57463
@tracker All of 1 nodes getting started
@tracker All nodes finishes job
start listen on 10.110.42.71:49653
@tracker All of 1 nodes getting started
@tracker All nodes finishes job
start listen on 10.110.42.71:59183
@tracker All of 1 nodes getting started
@tracker All nodes finishes job
start listen on 10.110.42.71:52689
@tracker All of 1 nodes getting started
@tracker All nodes finishes job
start listen on 10.110.42.71:56991
@tracker All of 1 nodes getting started
@tracker All nodes finishes job
Trial 211 finished with value: 0.9781666666666666 and parameters: {'tree_method': 'gpu_hist', 'lambda': 0.6738104307538625, 'alpha': 0.021572454683303054, 'colsample_bytree': 0.42449698984107226, 'subsample': 0.8766977219569456, 'learning_rate': 0.09936969115172023, 'max_depth': 9, 'min_child_weight': 1, 'eval_metric': 'logloss'}. Best is trial 157 with value: 0.9799.
start listen on 10.110.42.71:53009
@tracker All of 1 nodes getting started
@tracker All nodes finishes job
start listen on 10.110.42.71:59505
@tracker All of 1 nodes getting started
@tracker All nodes finishes job
start listen on 10.110.42.71:57045
@tracker All of 1 nodes getting started
@tracker All nodes finishes job
start listen on 10.110.42.71:38127
@tracker All of 1 nodes getting started
@tracker All nodes finishes job
start listen on 10.110.42.71:37375
@tracker All of 1 nodes getting started
@tracker All nodes finishes job
Trial 212 finished with value: 0.9774166666666667 and parameters: {'tree_method': 'gpu_hist', 'lambda': 1.548058375986583, 'alpha': 0.10342889267994108, 'colsample_bytree': 0.3925270448545715, 'subsample': 0.8592247562732339, 'learning_rate': 0.07126693227850138, 'max_depth': 5, 'min_child_weight': 10, 'eval_metric': 'logloss'}. Best is trial 157 with value: 0.9799.
start listen on 10.110.42.71:60857
@tracker All of 1 nodes getting started
@tracker All nodes finishes job
start listen on 10.110.42.71:44009
@tracker All of 1 nodes getting started
@tracker All nodes finishes job
start listen on 10.110.42.71:54127
@tracker All of 1 nodes getting started
@tracker All nodes finishes job
start listen on 10.110.42.71:34805
@tracker All of 1 nodes getting started
@tracker All nodes finishes job
start listen on 10.110.42.71:59575
@tracker All of 1 nodes getting started
@tracker All nodes finishes job
Trial 213 finished with value: 0.9739666666666666 and parameters: {'tree_method': 'gpu_hist', 'lambda': 0.7544205522289156, 'alpha': 0.01486171388371725, 'colsample_bytree': 0.45044806484325434, 'subsample': 0.9049173202667785, 'learning_rate': 0.09048531517190204, 'max_depth': 3, 'min_child_weight': 17, 'eval_metric': 'logloss'}. Best is trial 157 with value: 0.9799.
start listen on 10.110.42.71:37427
@tracker All of 1 nodes getting started
@tracker All nodes finishes job
start listen on 10.110.42.71:34975
@tracker All of 1 nodes getting started
@tracker All nodes finishes job
start listen on 10.110.42.71:41887
@tracker All of 1 nodes getting started
@tracker All nodes finishes job
start listen on 10.110.42.71:57119
@tracker All of 1 nodes getting started
@tracker All nodes finishes job
start listen on 10.110.42.71:55313
@tracker All of 1 nodes getting started
@tracker All nodes finishes job
Trial 214 finished with value: 0.9779666666666667 and parameters: {'tree_method': 'gpu_hist', 'lambda': 1.2088737822381006, 'alpha': 0.00522423918055788, 'colsample_bytree': 0.41509796439010316, 'subsample': 0.9606662546259035, 'learning_rate': 0.07621304208205544, 'max_depth': 5, 'min_child_weight': 7, 'eval_metric': 'logloss'}. Best is trial 157 with value: 0.9799.
start listen on 10.110.42.71:60509
@tracker All of 1 nodes getting started
@tracker All nodes finishes job
start listen on 10.110.42.71:47139
@tracker All of 1 nodes getting started
@tracker All nodes finishes job
start listen on 10.110.42.71:35797
@tracker All of 1 nodes getting started
@tracker All nodes finishes job
start listen on 10.110.42.71:59443
@tracker All of 1 nodes getting started
@tracker All nodes finishes job
start listen on 10.110.42.71:57035
@tracker All of 1 nodes getting started
@tracker All nodes finishes job
Trial 215 finished with value: 0.97685 and parameters: {'tree_method': 'gpu_hist', 'lambda': 0.4541639987873303, 'alpha': 0.01896216349175883, 'colsample_bytree': 0.4398312618397853, 'subsample': 0.8827435210865676, 'learning_rate': 0.08865831787627805, 'max_depth': 5, 'min_child_weight': 13, 'eval_metric': 'logloss'}. Best is trial 157 with value: 0.9799.
start listen on 10.110.42.71:42535
@tracker All of 1 nodes getting started
@tracker All nodes finishes job
start listen on 10.110.42.71:33371
@tracker All of 1 nodes getting started
@tracker All nodes finishes job
start listen on 10.110.42.71:48285
@tracker All of 1 nodes getting started
@tracker All nodes finishes job
start listen on 10.110.42.71:34207
@tracker All of 1 nodes getting started
@tracker All nodes finishes job
start listen on 10.110.42.71:42783
@tracker All of 1 nodes getting started
@tracker All nodes finishes job
Trial 216 finished with value: 0.9795833333333334 and parameters: {'tree_method': 'gpu_hist', 'lambda': 0.8706547416179119, 'alpha': 0.003363597167738949, 'colsample_bytree': 0.46404752282235634, 'subsample': 0.8873308364919713, 'learning_rate': 0.08074571315416576, 'max_depth': 5, 'min_child_weight': 1, 'eval_metric': 'logloss'}. Best is trial 157 with value: 0.9799.
start listen on 10.110.42.71:55001
@tracker All of 1 nodes getting started
@tracker All nodes finishes job
start listen on 10.110.42.71:34041
@tracker All of 1 nodes getting started
@tracker All nodes finishes job
start listen on 10.110.42.71:50389
@tracker All of 1 nodes getting started
@tracker All nodes finishes job
start listen on 10.110.42.71:59273
@tracker All of 1 nodes getting started
@tracker All nodes finishes job
start listen on 10.110.42.71:45185
@tracker All of 1 nodes getting started
@tracker All nodes finishes job
Trial 217 finished with value: 0.9638833333333333 and parameters: {'tree_method': 'gpu_hist', 'lambda': 0.8734759762404349, 'alpha': 0.008357314209767524, 'colsample_bytree': 0.49434911037815077, 'subsample': 0.8670242389335351, 'learning_rate': 0.08214712104379131, 'max_depth': 5, 'min_child_weight': 144, 'eval_metric': 'logloss'}. Best is trial 157 with value: 0.9799.
start listen on 10.110.42.71:51869
@tracker All of 1 nodes getting started
@tracker All nodes finishes job
start listen on 10.110.42.71:45839
@tracker All of 1 nodes getting started
@tracker All nodes finishes job
start listen on 10.110.42.71:33885
@tracker All of 1 nodes getting started
@tracker All nodes finishes job
start listen on 10.110.42.71:46123
@tracker All of 1 nodes getting started
@tracker All nodes finishes job
start listen on 10.110.42.71:58965
@tracker All of 1 nodes getting started
@tracker All nodes finishes job
Trial 218 finished with value: 0.9796333333333334 and parameters: {'tree_method': 'gpu_hist', 'lambda': 1.0258531034155993, 'alpha': 0.004735654665627685, 'colsample_bytree': 0.4678532436133916, 'subsample': 0.8812454207068767, 'learning_rate': 0.06647542151311987, 'max_depth': 5, 'min_child_weight': 1, 'eval_metric': 'logloss'}. Best is trial 157 with value: 0.9799.
start listen on 10.110.42.71:34085
@tracker All of 1 nodes getting started
@tracker All nodes finishes job
start listen on 10.110.42.71:38443
@tracker All of 1 nodes getting started
@tracker All nodes finishes job
start listen on 10.110.42.71:33327
@tracker All of 1 nodes getting started
@tracker All nodes finishes job
start listen on 10.110.42.71:41501
@tracker All of 1 nodes getting started
@tracker All nodes finishes job
start listen on 10.110.42.71:54871
@tracker All of 1 nodes getting started
@tracker All nodes finishes job
Trial 219 finished with value: 0.9774 and parameters: {'tree_method': 'gpu_hist', 'lambda': 0.9994599202965834, 'alpha': 0.00371730600317293, 'colsample_bytree': 0.46706252109924845, 'subsample': 0.8897362471089497, 'learning_rate': 0.0753432107399324, 'max_depth': 15, 'min_child_weight': 1, 'eval_metric': 'logloss'}. Best is trial 157 with value: 0.9799.
start listen on 10.110.42.71:35385
@tracker All of 1 nodes getting started
@tracker All nodes finishes job
start listen on 10.110.42.71:34627
@tracker All of 1 nodes getting started
@tracker All nodes finishes job
start listen on 10.110.42.71:54525
@tracker All of 1 nodes getting started
@tracker All nodes finishes job
start listen on 10.110.42.71:56565
@tracker All of 1 nodes getting started
@tracker All nodes finishes job
start listen on 10.110.42.71:38353
@tracker All of 1 nodes getting started
@tracker All nodes finishes job
Trial 220 finished with value: 0.9779833333333333 and parameters: {'tree_method': 'gpu_hist', 'lambda': 1.185446197171414, 'alpha': 0.0026306039257071013, 'colsample_bytree': 0.47720750317145494, 'subsample': 0.9119831725155821, 'learning_rate': 0.06278826637119336, 'max_depth': 5, 'min_child_weight': 7, 'eval_metric': 'logloss'}. Best is trial 157 with value: 0.9799.
start listen on 10.110.42.71:40053
@tracker All of 1 nodes getting started
@tracker All nodes finishes job
start listen on 10.110.42.71:38893
@tracker All of 1 nodes getting started
@tracker All nodes finishes job
start listen on 10.110.42.71:49641
@tracker All of 1 nodes getting started
@tracker All nodes finishes job
start listen on 10.110.42.71:34763
@tracker All of 1 nodes getting started
@tracker All nodes finishes job
start listen on 10.110.42.71:60409
@tracker All of 1 nodes getting started
@tracker All nodes finishes job
