Trial 797 finished with value: 0.9772166666666666 and parameters: {'tree_method': 'gpu_hist', 'lambda': 0.11769109159037405, 'alpha': 0.011604443129847623, 'colsample_bytree': 0.43566466703933177, 'subsample': 0.8694542800172222, 'learning_rate': 0.0840849416562333, 'max_depth': 11, 'min_child_weight': 1, 'eval_metric': 'logloss'}. Best is trial 425 with value: 0.9801333333333333.
start listen on 10.110.42.71:53381
@tracker All of 1 nodes getting started
@tracker All nodes finishes job
start listen on 10.110.42.71:43491
@tracker All of 1 nodes getting started
@tracker All nodes finishes job
start listen on 10.110.42.71:47243
@tracker All of 1 nodes getting started
@tracker All nodes finishes job
start listen on 10.110.42.71:39041
@tracker All of 1 nodes getting started
@tracker All nodes finishes job
start listen on 10.110.42.71:50227
@tracker All of 1 nodes getting started
@tracker All nodes finishes job
Trial 798 finished with value: 0.97665 and parameters: {'tree_method': 'gpu_hist', 'lambda': 0.04873976441512718, 'alpha': 0.015189464198174008, 'colsample_bytree': 0.40491916317458776, 'subsample': 0.8484594160793699, 'learning_rate': 0.07417331496121563, 'max_depth': 5, 'min_child_weight': 17, 'eval_metric': 'logloss'}. Best is trial 425 with value: 0.9801333333333333.
start listen on 10.110.42.71:51911
@tracker All of 1 nodes getting started
@tracker All nodes finishes job
start listen on 10.110.42.71:60731
@tracker All of 1 nodes getting started
@tracker All nodes finishes job
start listen on 10.110.42.71:56165
@tracker All of 1 nodes getting started
@tracker All nodes finishes job
start listen on 10.110.42.71:56509
@tracker All of 1 nodes getting started
@tracker All nodes finishes job
start listen on 10.110.42.71:48167
@tracker All of 1 nodes getting started
@tracker All nodes finishes job
Trial 799 finished with value: 0.9784 and parameters: {'tree_method': 'gpu_hist', 'lambda': 1.7766371940513186, 'alpha': 0.0216972288259359, 'colsample_bytree': 0.3867431234456563, 'subsample': 0.9087077743711912, 'learning_rate': 0.09982274309702295, 'max_depth': 5, 'min_child_weight': 6, 'eval_metric': 'logloss'}. Best is trial 425 with value: 0.9801333333333333.
start listen on 10.110.42.71:60943
@tracker All of 1 nodes getting started
@tracker All nodes finishes job
start listen on 10.110.42.71:48031
@tracker All of 1 nodes getting started
@tracker All nodes finishes job
start listen on 10.110.42.71:32933
@tracker All of 1 nodes getting started
@tracker All nodes finishes job
start listen on 10.110.42.71:59819
@tracker All of 1 nodes getting started
@tracker All nodes finishes job
start listen on 10.110.42.71:46197
@tracker All of 1 nodes getting started
@tracker All nodes finishes job
Trial 800 finished with value: 0.9713833333333334 and parameters: {'tree_method': 'gpu_hist', 'lambda': 0.07447105626892286, 'alpha': 0.010105004152186372, 'colsample_bytree': 0.5840208043818945, 'subsample': 0.878658720671254, 'learning_rate': 0.057017844915754526, 'max_depth': 3, 'min_child_weight': 12, 'eval_metric': 'logloss'}. Best is trial 425 with value: 0.9801333333333333.
start listen on 10.110.42.71:54661
@tracker All of 1 nodes getting started
@tracker All nodes finishes job
start listen on 10.110.42.71:51525
@tracker All of 1 nodes getting started
@tracker All nodes finishes job
start listen on 10.110.42.71:54119
@tracker All of 1 nodes getting started
@tracker All nodes finishes job
start listen on 10.110.42.71:36127
@tracker All of 1 nodes getting started
@tracker All nodes finishes job
start listen on 10.110.42.71:35385
@tracker All of 1 nodes getting started
@tracker All nodes finishes job
Trial 801 finished with value: 0.9769833333333333 and parameters: {'tree_method': 'gpu_hist', 'lambda': 0.05987570609583513, 'alpha': 0.017509965411250127, 'colsample_bytree': 0.4579173425462826, 'subsample': 0.7564677522896629, 'learning_rate': 0.0998536996278074, 'max_depth': 15, 'min_child_weight': 1, 'eval_metric': 'logloss'}. Best is trial 425 with value: 0.9801333333333333.
start listen on 10.110.42.71:42157
@tracker All of 1 nodes getting started
@tracker All nodes finishes job
start listen on 10.110.42.71:56505
@tracker All of 1 nodes getting started
@tracker All nodes finishes job
start listen on 10.110.42.71:47723
@tracker All of 1 nodes getting started
@tracker All nodes finishes job
start listen on 10.110.42.71:51141
@tracker All of 1 nodes getting started
@tracker All nodes finishes job
start listen on 10.110.42.71:47281
@tracker All of 1 nodes getting started
@tracker All nodes finishes job
Trial 802 finished with value: 0.9781166666666666 and parameters: {'tree_method': 'gpu_hist', 'lambda': 0.032407851723717636, 'alpha': 0.021298780023678333, 'colsample_bytree': 0.37065224022230253, 'subsample': 0.9000269548489682, 'learning_rate': 0.09139534816710966, 'max_depth': 5, 'min_child_weight': 7, 'eval_metric': 'logloss'}. Best is trial 425 with value: 0.9801333333333333.
start listen on 10.110.42.71:52021
@tracker All of 1 nodes getting started
@tracker All nodes finishes job
start listen on 10.110.42.71:55911
@tracker All of 1 nodes getting started
@tracker All nodes finishes job
start listen on 10.110.42.71:35809
@tracker All of 1 nodes getting started
@tracker All nodes finishes job
start listen on 10.110.42.71:55991
@tracker All of 1 nodes getting started
@tracker All nodes finishes job
start listen on 10.110.42.71:42619
@tracker All of 1 nodes getting started
@tracker All nodes finishes job
Trial 803 finished with value: 0.97765 and parameters: {'tree_method': 'gpu_hist', 'lambda': 0.076907933735254, 'alpha': 0.01287066356679679, 'colsample_bytree': 0.4136043309760384, 'subsample': 0.8407625688723167, 'learning_rate': 0.04158677256240945, 'max_depth': 5, 'min_child_weight': 6, 'eval_metric': 'logloss'}. Best is trial 425 with value: 0.9801333333333333.
start listen on 10.110.42.71:34551
@tracker All of 1 nodes getting started
@tracker All nodes finishes job
start listen on 10.110.42.71:54677
@tracker All of 1 nodes getting started
@tracker All nodes finishes job
start listen on 10.110.42.71:48385
@tracker All of 1 nodes getting started
@tracker All nodes finishes job
start listen on 10.110.42.71:56037
@tracker All of 1 nodes getting started
@tracker All nodes finishes job
start listen on 10.110.42.71:34515
@tracker All of 1 nodes getting started
@tracker All nodes finishes job
Trial 804 finished with value: 0.9766833333333333 and parameters: {'tree_method': 'gpu_hist', 'lambda': 0.08833803115539055, 'alpha': 0.009842425730047595, 'colsample_bytree': 0.43406277661051773, 'subsample': 0.8660556944251662, 'learning_rate': 0.08263308113787501, 'max_depth': 5, 'min_child_weight': 16, 'eval_metric': 'logloss'}. Best is trial 425 with value: 0.9801333333333333.
start listen on 10.110.42.71:51501
@tracker All of 1 nodes getting started
@tracker All nodes finishes job
start listen on 10.110.42.71:49375
@tracker All of 1 nodes getting started
@tracker All nodes finishes job
start listen on 10.110.42.71:33807
@tracker All of 1 nodes getting started
@tracker All nodes finishes job
start listen on 10.110.42.71:57851
@tracker All of 1 nodes getting started
@tracker All nodes finishes job
start listen on 10.110.42.71:52717
@tracker All of 1 nodes getting started
@tracker All nodes finishes job
Trial 805 finished with value: 0.9796666666666667 and parameters: {'tree_method': 'gpu_hist', 'lambda': 0.09759354774362297, 'alpha': 0.025912808599546817, 'colsample_bytree': 0.3949998379092826, 'subsample': 0.8859378051523484, 'learning_rate': 0.09129681381317419, 'max_depth': 5, 'min_child_weight': 1, 'eval_metric': 'logloss'}. Best is trial 425 with value: 0.9801333333333333.
start listen on 10.110.42.71:51241
@tracker All of 1 nodes getting started
@tracker All nodes finishes job
start listen on 10.110.42.71:45469
@tracker All of 1 nodes getting started
@tracker All nodes finishes job
start listen on 10.110.42.71:39133
@tracker All of 1 nodes getting started
@tracker All nodes finishes job
start listen on 10.110.42.71:51827
@tracker All of 1 nodes getting started
@tracker All nodes finishes job
start listen on 10.110.42.71:38245
@tracker All of 1 nodes getting started
@tracker All nodes finishes job
Trial 806 finished with value: 0.9774166666666667 and parameters: {'tree_method': 'gpu_hist', 'lambda': 0.057816560914424435, 'alpha': 0.006371391826521483, 'colsample_bytree': 0.42383335446398235, 'subsample': 0.8266297154528199, 'learning_rate': 0.07648216293768967, 'max_depth': 13, 'min_child_weight': 11, 'eval_metric': 'logloss'}. Best is trial 425 with value: 0.9801333333333333.
start listen on 10.110.42.71:35503
@tracker All of 1 nodes getting started
@tracker All nodes finishes job
start listen on 10.110.42.71:55333
@tracker All of 1 nodes getting started
@tracker All nodes finishes job
start listen on 10.110.42.71:59227
@tracker All of 1 nodes getting started
@tracker All nodes finishes job
start listen on 10.110.42.71:57703
@tracker All of 1 nodes getting started
@tracker All nodes finishes job
start listen on 10.110.42.71:59327
@tracker All of 1 nodes getting started
@tracker All nodes finishes job
Trial 807 finished with value: 0.9782666666666666 and parameters: {'tree_method': 'gpu_hist', 'lambda': 1.5956962286169318, 'alpha': 0.014747263809657974, 'colsample_bytree': 0.40267494693141503, 'subsample': 0.9174075581020912, 'learning_rate': 0.07053480803232656, 'max_depth': 5, 'min_child_weight': 6, 'eval_metric': 'logloss'}. Best is trial 425 with value: 0.9801333333333333.
start listen on 10.110.42.71:54785
@tracker All of 1 nodes getting started
@tracker All nodes finishes job
start listen on 10.110.42.71:44853
@tracker All of 1 nodes getting started
@tracker All nodes finishes job
start listen on 10.110.42.71:41247
@tracker All of 1 nodes getting started
@tracker All nodes finishes job
start listen on 10.110.42.71:33837
@tracker All of 1 nodes getting started
@tracker All nodes finishes job
start listen on 10.110.42.71:57697
@tracker All of 1 nodes getting started
@tracker All nodes finishes job
Trial 808 finished with value: 0.9373 and parameters: {'tree_method': 'gpu_hist', 'lambda': 0.1268000908550706, 'alpha': 0.01874386558437456, 'colsample_bytree': 0.34463597004450097, 'subsample': 0.600584075453824, 'learning_rate': 0.09150714999354194, 'max_depth': 5, 'min_child_weight': 283, 'eval_metric': 'logloss'}. Best is trial 425 with value: 0.9801333333333333.
start listen on 10.110.42.71:57139
@tracker All of 1 nodes getting started
@tracker All nodes finishes job
start listen on 10.110.42.71:33347
@tracker All of 1 nodes getting started
@tracker All nodes finishes job
start listen on 10.110.42.71:59183
@tracker All of 1 nodes getting started
@tracker All nodes finishes job
start listen on 10.110.42.71:34951
@tracker All of 1 nodes getting started
@tracker All nodes finishes job
start listen on 10.110.42.71:46593
@tracker All of 1 nodes getting started
@tracker All nodes finishes job
Trial 809 finished with value: 0.9797666666666667 and parameters: {'tree_method': 'gpu_hist', 'lambda': 2.094902534590575, 'alpha': 0.012469197328744136, 'colsample_bytree': 0.4134924288525645, 'subsample': 0.8554505325043689, 'learning_rate': 0.08028681938674573, 'max_depth': 5, 'min_child_weight': 1, 'eval_metric': 'logloss'}. Best is trial 425 with value: 0.9801333333333333.
start listen on 10.110.42.71:54037
@tracker All of 1 nodes getting started
@tracker All nodes finishes job
start listen on 10.110.42.71:40631
@tracker All of 1 nodes getting started
@tracker All nodes finishes job
start listen on 10.110.42.71:49613
@tracker All of 1 nodes getting started
@tracker All nodes finishes job
start listen on 10.110.42.71:55255
@tracker All of 1 nodes getting started
@tracker All nodes finishes job
start listen on 10.110.42.71:51529
@tracker All of 1 nodes getting started
@tracker All nodes finishes job
Trial 810 finished with value: 0.97585 and parameters: {'tree_method': 'gpu_hist', 'lambda': 0.04595007305515781, 'alpha': 0.011205187616079044, 'colsample_bytree': 0.4473618880492328, 'subsample': 0.8702672631131496, 'learning_rate': 0.0848861832691334, 'max_depth': 5, 'min_child_weight': 21, 'eval_metric': 'logloss'}. Best is trial 425 with value: 0.9801333333333333.
start listen on 10.110.42.71:35933
@tracker All of 1 nodes getting started
@tracker All nodes finishes job
start listen on 10.110.42.71:36877
@tracker All of 1 nodes getting started
@tracker All nodes finishes job
start listen on 10.110.42.71:39521
@tracker All of 1 nodes getting started
@tracker All nodes finishes job
start listen on 10.110.42.71:51363
@tracker All of 1 nodes getting started
@tracker All nodes finishes job
start listen on 10.110.42.71:37987
@tracker All of 1 nodes getting started
@tracker All nodes finishes job
Trial 811 finished with value: 0.9772833333333333 and parameters: {'tree_method': 'gpu_hist', 'lambda': 0.1989444235528111, 'alpha': 0.01667186834717756, 'colsample_bytree': 0.36021093917903946, 'subsample': 0.902175045699278, 'learning_rate': 0.0994269663776883, 'max_depth': 5, 'min_child_weight': 11, 'eval_metric': 'logloss'}. Best is trial 425 with value: 0.9801333333333333.
start listen on 10.110.42.71:56003
@tracker All of 1 nodes getting started
@tracker All nodes finishes job
start listen on 10.110.42.71:47841
@tracker All of 1 nodes getting started
@tracker All nodes finishes job
start listen on 10.110.42.71:48865
@tracker All of 1 nodes getting started
@tracker All nodes finishes job
start listen on 10.110.42.71:40225
@tracker All of 1 nodes getting started
@tracker All nodes finishes job
start listen on 10.110.42.71:33043
@tracker All of 1 nodes getting started
@tracker All nodes finishes job
Trial 812 finished with value: 0.9781333333333333 and parameters: {'tree_method': 'gpu_hist', 'lambda': 0.0696753479330582, 'alpha': 0.008084023633567788, 'colsample_bytree': 0.4679868192922143, 'subsample': 0.8828246490749982, 'learning_rate': 0.08543401873881719, 'max_depth': 5, 'min_child_weight': 6, 'eval_metric': 'logloss'}. Best is trial 425 with value: 0.9801333333333333.
start listen on 10.110.42.71:58321
@tracker All of 1 nodes getting started
@tracker All nodes finishes job
start listen on 10.110.42.71:45935
@tracker All of 1 nodes getting started
@tracker All nodes finishes job
start listen on 10.110.42.71:59433
@tracker All of 1 nodes getting started
@tracker All nodes finishes job
start listen on 10.110.42.71:57431
@tracker All of 1 nodes getting started
@tracker All nodes finishes job
start listen on 10.110.42.71:46821
@tracker All of 1 nodes getting started
@tracker All nodes finishes job
Trial 813 finished with value: 0.9595 and parameters: {'tree_method': 'gpu_hist', 'lambda': 1.27134295637447, 'alpha': 0.012820138626903867, 'colsample_bytree': 0.4427174078583728, 'subsample': 0.8726016411596655, 'learning_rate': 0.07602069059766124, 'max_depth': 5, 'min_child_weight': 189, 'eval_metric': 'logloss'}. Best is trial 425 with value: 0.9801333333333333.
start listen on 10.110.42.71:38133
@tracker All of 1 nodes getting started
@tracker All nodes finishes job
start listen on 10.110.42.71:43555
@tracker All of 1 nodes getting started
@tracker All nodes finishes job
start listen on 10.110.42.71:35999
@tracker All of 1 nodes getting started
@tracker All nodes finishes job
start listen on 10.110.42.71:55397
@tracker All of 1 nodes getting started
@tracker All nodes finishes job
start listen on 10.110.42.71:57411
@tracker All of 1 nodes getting started
@tracker All nodes finishes job
Trial 814 finished with value: 0.9732166666666666 and parameters: {'tree_method': 'gpu_hist', 'lambda': 0.08667512490142826, 'alpha': 0.007831512357566814, 'colsample_bytree': 0.4259662882134434, 'subsample': 0.8891206342548991, 'learning_rate': 0.022767385778333024, 'max_depth': 5, 'min_child_weight': 15, 'eval_metric': 'logloss'}. Best is trial 425 with value: 0.9801333333333333.
start listen on 10.110.42.71:32999
@tracker All of 1 nodes getting started
@tracker All nodes finishes job
start listen on 10.110.42.71:42703
@tracker All of 1 nodes getting started
@tracker All nodes finishes job
start listen on 10.110.42.71:39817
@tracker All of 1 nodes getting started
@tracker All nodes finishes job
start listen on 10.110.42.71:42321
@tracker All of 1 nodes getting started
@tracker All nodes finishes job
start listen on 10.110.42.71:52839
@tracker All of 1 nodes getting started
@tracker All nodes finishes job
Trial 815 finished with value: 0.9622666666666667 and parameters: {'tree_method': 'gpu_hist', 'lambda': 0.06732686331853543, 'alpha': 0.014414616997243595, 'colsample_bytree': 0.38912895323385027, 'subsample': 0.9324277368801623, 'learning_rate': 0.06497270985687913, 'max_depth': 5, 'min_child_weight': 160, 'eval_metric': 'logloss'}. Best is trial 425 with value: 0.9801333333333333.
start listen on 10.110.42.71:41659
@tracker All of 1 nodes getting started
@tracker All nodes finishes job
start listen on 10.110.42.71:44393
@tracker All of 1 nodes getting started
@tracker All nodes finishes job
start listen on 10.110.42.71:60971
@tracker All of 1 nodes getting started
@tracker All nodes finishes job
start listen on 10.110.42.71:39351
@tracker All of 1 nodes getting started
@tracker All nodes finishes job
start listen on 10.110.42.71:48437
@tracker All of 1 nodes getting started
@tracker All nodes finishes job
Trial 816 finished with value: 0.9587666666666667 and parameters: {'tree_method': 'gpu_hist', 'lambda': 0.055360196417439715, 'alpha': 0.016431762042538798, 'colsample_bytree': 0.39957726409255734, 'subsample': 0.9152228737630258, 'learning_rate': 0.007489964094488391, 'max_depth': 5, 'min_child_weight': 1, 'eval_metric': 'logloss'}. Best is trial 425 with value: 0.9801333333333333.
start listen on 10.110.42.71:52677
@tracker All of 1 nodes getting started
@tracker All nodes finishes job
start listen on 10.110.42.71:56691
@tracker All of 1 nodes getting started
@tracker All nodes finishes job
start listen on 10.110.42.71:58701
@tracker All of 1 nodes getting started
@tracker All nodes finishes job
start listen on 10.110.42.71:36909
@tracker All of 1 nodes getting started
@tracker All nodes finishes job
start listen on 10.110.42.71:33039
@tracker All of 1 nodes getting started
@tracker All nodes finishes job
Trial 817 finished with value: 0.9773333333333334 and parameters: {'tree_method': 'gpu_hist', 'lambda': 0.1503931223095879, 'alpha': 0.010159735831969835, 'colsample_bytree': 0.37643864309375535, 'subsample': 0.8424013162403214, 'learning_rate': 0.07222349154404381, 'max_depth': 5, 'min_child_weight': 10, 'eval_metric': 'logloss'}. Best is trial 425 with value: 0.9801333333333333.
start listen on 10.110.42.71:58871
@tracker All of 1 nodes getting started
@tracker All nodes finishes job
start listen on 10.110.42.71:33713
@tracker All of 1 nodes getting started
@tracker All nodes finishes job
start listen on 10.110.42.71:38623
@tracker All of 1 nodes getting started
@tracker All nodes finishes job
start listen on 10.110.42.71:34515
@tracker All of 1 nodes getting started
@tracker All nodes finishes job
start listen on 10.110.42.71:39371
@tracker All of 1 nodes getting started
@tracker All nodes finishes job
Trial 818 finished with value: 0.91785 and parameters: {'tree_method': 'gpu_hist', 'lambda': 0.04478820561731643, 'alpha': 0.03317922574276297, 'colsample_bytree': 0.45927119578143877, 'subsample': 0.6146448338604004, 'learning_rate': 0.0012196503761223638, 'max_depth': 5, 'min_child_weight': 7, 'eval_metric': 'logloss'}. Best is trial 425 with value: 0.9801333333333333.
start listen on 10.110.42.71:44407
@tracker All of 1 nodes getting started
@tracker All nodes finishes job
start listen on 10.110.42.71:56455
@tracker All of 1 nodes getting started
@tracker All nodes finishes job
start listen on 10.110.42.71:50355
@tracker All of 1 nodes getting started
@tracker All nodes finishes job
start listen on 10.110.42.71:43817
@tracker All of 1 nodes getting started
@tracker All nodes finishes job
start listen on 10.110.42.71:47397
@tracker All of 1 nodes getting started
@tracker All nodes finishes job
Trial 819 finished with value: 0.9769166666666667 and parameters: {'tree_method': 'gpu_hist', 'lambda': 0.10618311810178076, 'alpha': 0.014431948702190773, 'colsample_bytree': 0.38645346078384296, 'subsample': 0.8622309975034751, 'learning_rate': 0.0806734920183506, 'max_depth': 17, 'min_child_weight': 1, 'eval_metric': 'logloss'}. Best is trial 425 with value: 0.9801333333333333.
start listen on 10.110.42.71:56439
@tracker All of 1 nodes getting started
@tracker All nodes finishes job
start listen on 10.110.42.71:56253
@tracker All of 1 nodes getting started
@tracker All nodes finishes job
start listen on 10.110.42.71:40467
@tracker All of 1 nodes getting started
@tracker All nodes finishes job
start listen on 10.110.42.71:44511
@tracker All of 1 nodes getting started
@tracker All nodes finishes job
start listen on 10.110.42.71:40163
@tracker All of 1 nodes getting started
@tracker All nodes finishes job
Trial 820 finished with value: 0.9766166666666667 and parameters: {'tree_method': 'gpu_hist', 'lambda': 0.07594976913540406, 'alpha': 0.02408071207642799, 'colsample_bytree': 0.46829769500971896, 'subsample': 0.8973805558822686, 'learning_rate': 0.09974713540338767, 'max_depth': 7, 'min_child_weight': 16, 'eval_metric': 'logloss'}. Best is trial 425 with value: 0.9801333333333333.
start listen on 10.110.42.71:39219
@tracker All of 1 nodes getting started
@tracker All nodes finishes job
start listen on 10.110.42.71:49089
@tracker All of 1 nodes getting started
@tracker All nodes finishes job
start listen on 10.110.42.71:55453
@tracker All of 1 nodes getting started
@tracker All nodes finishes job
start listen on 10.110.42.71:43691
@tracker All of 1 nodes getting started
@tracker All nodes finishes job
start listen on 10.110.42.71:59493
@tracker All of 1 nodes getting started
@tracker All nodes finishes job
