Trial 893 finished with value: 0.9774166666666667 and parameters: {'tree_method': 'gpu_hist', 'lambda': 0.08088346923541079, 'alpha': 0.01666703541621129, 'colsample_bytree': 0.38100903212216214, 'subsample': 0.9246524156541316, 'learning_rate': 0.08559559549078133, 'max_depth': 11, 'min_child_weight': 1, 'eval_metric': 'logloss'}. Best is trial 425 with value: 0.9801333333333333.
start listen on 10.110.42.71:36851
@tracker All of 1 nodes getting started
@tracker All nodes finishes job
start listen on 10.110.42.71:40861
@tracker All of 1 nodes getting started
@tracker All nodes finishes job
start listen on 10.110.42.71:51959
@tracker All of 1 nodes getting started
@tracker All nodes finishes job
start listen on 10.110.42.71:47027
@tracker All of 1 nodes getting started
@tracker All nodes finishes job
start listen on 10.110.42.71:54507
@tracker All of 1 nodes getting started
@tracker All nodes finishes job
Trial 894 finished with value: 0.9774333333333334 and parameters: {'tree_method': 'gpu_hist', 'lambda': 1.0525404293995204, 'alpha': 0.010291887269489807, 'colsample_bytree': 0.4178059204142853, 'subsample': 0.8013422908520418, 'learning_rate': 0.0667027439656338, 'max_depth': 5, 'min_child_weight': 10, 'eval_metric': 'logloss'}. Best is trial 425 with value: 0.9801333333333333.
start listen on 10.110.42.71:45129
@tracker All of 1 nodes getting started
@tracker All nodes finishes job
start listen on 10.110.42.71:40383
@tracker All of 1 nodes getting started
@tracker All nodes finishes job
start listen on 10.110.42.71:58261
@tracker All of 1 nodes getting started
@tracker All nodes finishes job
start listen on 10.110.42.71:39985
@tracker All of 1 nodes getting started
@tracker All nodes finishes job
start listen on 10.110.42.71:41315
@tracker All of 1 nodes getting started
@tracker All nodes finishes job
Trial 895 finished with value: 0.9728166666666667 and parameters: {'tree_method': 'gpu_hist', 'lambda': 1.3357068284428106, 'alpha': 0.013924420349818358, 'colsample_bytree': 0.40567372000577784, 'subsample': 0.8729429358806073, 'learning_rate': 0.07441199833784494, 'max_depth': 3, 'min_child_weight': 15, 'eval_metric': 'logloss'}. Best is trial 425 with value: 0.9801333333333333.
start listen on 10.110.42.71:52295
@tracker All of 1 nodes getting started
@tracker All nodes finishes job
start listen on 10.110.42.71:48241
@tracker All of 1 nodes getting started
@tracker All nodes finishes job
start listen on 10.110.42.71:49345
@tracker All of 1 nodes getting started
@tracker All nodes finishes job
start listen on 10.110.42.71:49985
@tracker All of 1 nodes getting started
@tracker All nodes finishes job
start listen on 10.110.42.71:53975
@tracker All of 1 nodes getting started
@tracker All nodes finishes job
Trial 896 finished with value: 0.97825 and parameters: {'tree_method': 'gpu_hist', 'lambda': 0.6821007203225162, 'alpha': 0.01197137440235032, 'colsample_bytree': 0.4407427882879459, 'subsample': 0.8491359681979692, 'learning_rate': 0.07951417098074844, 'max_depth': 5, 'min_child_weight': 6, 'eval_metric': 'logloss'}. Best is trial 425 with value: 0.9801333333333333.
start listen on 10.110.42.71:44333
@tracker All of 1 nodes getting started
@tracker All nodes finishes job
start listen on 10.110.42.71:41453
@tracker All of 1 nodes getting started
@tracker All nodes finishes job
start listen on 10.110.42.71:47099
@tracker All of 1 nodes getting started
@tracker All nodes finishes job
start listen on 10.110.42.71:50101
@tracker All of 1 nodes getting started
@tracker All nodes finishes job
start listen on 10.110.42.71:34813
@tracker All of 1 nodes getting started
@tracker All nodes finishes job
Trial 897 finished with value: 0.9797166666666667 and parameters: {'tree_method': 'gpu_hist', 'lambda': 1.543881402554159, 'alpha': 0.015548564647268516, 'colsample_bytree': 0.4109749230897886, 'subsample': 0.9271083664133853, 'learning_rate': 0.06951314670087325, 'max_depth': 5, 'min_child_weight': 1, 'eval_metric': 'logloss'}. Best is trial 425 with value: 0.9801333333333333.
start listen on 10.110.42.71:38007
@tracker All of 1 nodes getting started
@tracker All nodes finishes job
start listen on 10.110.42.71:43597
@tracker All of 1 nodes getting started
@tracker All nodes finishes job
start listen on 10.110.42.71:53299
@tracker All of 1 nodes getting started
@tracker All nodes finishes job
start listen on 10.110.42.71:54883
@tracker All of 1 nodes getting started
@tracker All nodes finishes job
start listen on 10.110.42.71:45367
@tracker All of 1 nodes getting started
@tracker All nodes finishes job
Trial 898 finished with value: 0.9478833333333333 and parameters: {'tree_method': 'gpu_hist', 'lambda': 0.07151208352277463, 'alpha': 0.019343008943779355, 'colsample_bytree': 0.3916539006737268, 'subsample': 0.8304725362697667, 'learning_rate': 0.004699789909197984, 'max_depth': 5, 'min_child_weight': 7, 'eval_metric': 'logloss'}. Best is trial 425 with value: 0.9801333333333333.
start listen on 10.110.42.71:48779
@tracker All of 1 nodes getting started
@tracker All nodes finishes job
start listen on 10.110.42.71:36409
@tracker All of 1 nodes getting started
@tracker All nodes finishes job
start listen on 10.110.42.71:55867
@tracker All of 1 nodes getting started
@tracker All nodes finishes job
start listen on 10.110.42.71:40419
@tracker All of 1 nodes getting started
@tracker All nodes finishes job
start listen on 10.110.42.71:38151
@tracker All of 1 nodes getting started
@tracker All nodes finishes job
Trial 899 finished with value: 0.9770333333333333 and parameters: {'tree_method': 'gpu_hist', 'lambda': 0.4729849647513775, 'alpha': 0.039560074399539284, 'colsample_bytree': 0.4667271332036887, 'subsample': 0.8859448020648322, 'learning_rate': 0.09944790888438518, 'max_depth': 15, 'min_child_weight': 13, 'eval_metric': 'logloss'}. Best is trial 425 with value: 0.9801333333333333.
start listen on 10.110.42.71:58947
@tracker All of 1 nodes getting started
@tracker All nodes finishes job
start listen on 10.110.42.71:35397
@tracker All of 1 nodes getting started
@tracker All nodes finishes job
start listen on 10.110.42.71:57455
@tracker All of 1 nodes getting started
@tracker All nodes finishes job
start listen on 10.110.42.71:51493
@tracker All of 1 nodes getting started
@tracker All nodes finishes job
start listen on 10.110.42.71:40305
@tracker All of 1 nodes getting started
@tracker All nodes finishes job
Trial 900 finished with value: 0.97975 and parameters: {'tree_method': 'gpu_hist', 'lambda': 0.5557457923927069, 'alpha': 0.03166014599378408, 'colsample_bytree': 0.3761177289551821, 'subsample': 0.9090215021009805, 'learning_rate': 0.09961637303810263, 'max_depth': 5, 'min_child_weight': 1, 'eval_metric': 'logloss'}. Best is trial 425 with value: 0.9801333333333333.
start listen on 10.110.42.71:35159
@tracker All of 1 nodes getting started
@tracker All nodes finishes job
start listen on 10.110.42.71:39217
@tracker All of 1 nodes getting started
@tracker All nodes finishes job
start listen on 10.110.42.71:53345
@tracker All of 1 nodes getting started
@tracker All nodes finishes job
start listen on 10.110.42.71:43877
@tracker All of 1 nodes getting started
@tracker All nodes finishes job
start listen on 10.110.42.71:45721
@tracker All of 1 nodes getting started
@tracker All nodes finishes job
Trial 901 finished with value: 0.9759666666666666 and parameters: {'tree_method': 'gpu_hist', 'lambda': 0.051571908886178776, 'alpha': 0.012838535126444785, 'colsample_bytree': 0.3994190746680477, 'subsample': 0.8633952719662479, 'learning_rate': 0.07840989041598152, 'max_depth': 13, 'min_child_weight': 20, 'eval_metric': 'logloss'}. Best is trial 425 with value: 0.9801333333333333.
start listen on 10.110.42.71:55881
@tracker All of 1 nodes getting started
@tracker All nodes finishes job
start listen on 10.110.42.71:36155
@tracker All of 1 nodes getting started
@tracker All nodes finishes job
start listen on 10.110.42.71:44539
@tracker All of 1 nodes getting started
@tracker All nodes finishes job
start listen on 10.110.42.71:56969
@tracker All of 1 nodes getting started
@tracker All nodes finishes job
start listen on 10.110.42.71:45535
@tracker All of 1 nodes getting started
@tracker All nodes finishes job
Trial 902 finished with value: 0.9780166666666666 and parameters: {'tree_method': 'gpu_hist', 'lambda': 0.036338901994575, 'alpha': 0.024832313059257347, 'colsample_bytree': 0.45057487256213286, 'subsample': 0.8800202189172356, 'learning_rate': 0.08709844347120549, 'max_depth': 5, 'min_child_weight': 7, 'eval_metric': 'logloss'}. Best is trial 425 with value: 0.9801333333333333.
start listen on 10.110.42.71:37659
@tracker All of 1 nodes getting started
@tracker All nodes finishes job
start listen on 10.110.42.71:52253
@tracker All of 1 nodes getting started
@tracker All nodes finishes job
start listen on 10.110.42.71:56799
@tracker All of 1 nodes getting started
@tracker All nodes finishes job
start listen on 10.110.42.71:40239
@tracker All of 1 nodes getting started
@tracker All nodes finishes job
start listen on 10.110.42.71:36015
@tracker All of 1 nodes getting started
@tracker All nodes finishes job
Trial 903 finished with value: 0.9707333333333333 and parameters: {'tree_method': 'gpu_hist', 'lambda': 0.3181151955184681, 'alpha': 0.022698591610364017, 'colsample_bytree': 0.42928288138525184, 'subsample': 0.7729535677742879, 'learning_rate': 0.09110008179368519, 'max_depth': 5, 'min_child_weight': 67, 'eval_metric': 'logloss'}. Best is trial 425 with value: 0.9801333333333333.
start listen on 10.110.42.71:53325
@tracker All of 1 nodes getting started
@tracker All nodes finishes job
start listen on 10.110.42.71:36563
@tracker All of 1 nodes getting started
@tracker All nodes finishes job
start listen on 10.110.42.71:60703
@tracker All of 1 nodes getting started
@tracker All nodes finishes job
start listen on 10.110.42.71:37291
@tracker All of 1 nodes getting started
@tracker All nodes finishes job
start listen on 10.110.42.71:60739
@tracker All of 1 nodes getting started
@tracker All nodes finishes job
Trial 904 finished with value: 0.97955 and parameters: {'tree_method': 'gpu_hist', 'lambda': 0.11945795483742767, 'alpha': 0.009533667516880515, 'colsample_bytree': 0.4149305280736087, 'subsample': 0.8694450905407901, 'learning_rate': 0.07340989792344281, 'max_depth': 5, 'min_child_weight': 1, 'eval_metric': 'logloss'}. Best is trial 425 with value: 0.9801333333333333.
start listen on 10.110.42.71:47257
@tracker All of 1 nodes getting started
@tracker All nodes finishes job
start listen on 10.110.42.71:37519
@tracker All of 1 nodes getting started
@tracker All nodes finishes job
start listen on 10.110.42.71:58481
@tracker All of 1 nodes getting started
@tracker All nodes finishes job
start listen on 10.110.42.71:55535
@tracker All of 1 nodes getting started
@tracker All nodes finishes job
start listen on 10.110.42.71:52781
@tracker All of 1 nodes getting started
@tracker All nodes finishes job
Trial 905 finished with value: 0.9771166666666666 and parameters: {'tree_method': 'gpu_hist', 'lambda': 0.06535530676644175, 'alpha': 0.018842975508937772, 'colsample_bytree': 0.47242899780289827, 'subsample': 0.8973621428877971, 'learning_rate': 0.09929783253235017, 'max_depth': 5, 'min_child_weight': 11, 'eval_metric': 'logloss'}. Best is trial 425 with value: 0.9801333333333333.
start listen on 10.110.42.71:51165
@tracker All of 1 nodes getting started
@tracker All nodes finishes job
start listen on 10.110.42.71:59515
@tracker All of 1 nodes getting started
@tracker All nodes finishes job
start listen on 10.110.42.71:35925
@tracker All of 1 nodes getting started
@tracker All nodes finishes job
start listen on 10.110.42.71:47909
@tracker All of 1 nodes getting started
@tracker All nodes finishes job
start listen on 10.110.42.71:45637
@tracker All of 1 nodes getting started
@tracker All nodes finishes job
Trial 906 finished with value: 0.9782166666666666 and parameters: {'tree_method': 'gpu_hist', 'lambda': 1.1419081180784456, 'alpha': 0.014706897609231122, 'colsample_bytree': 0.3988835171138327, 'subsample': 0.8433883660746608, 'learning_rate': 0.06176417515781539, 'max_depth': 5, 'min_child_weight': 6, 'eval_metric': 'logloss'}. Best is trial 425 with value: 0.9801333333333333.
start listen on 10.110.42.71:42165
@tracker All of 1 nodes getting started
@tracker All nodes finishes job
start listen on 10.110.42.71:51567
@tracker All of 1 nodes getting started
@tracker All nodes finishes job
start listen on 10.110.42.71:52111
@tracker All of 1 nodes getting started
@tracker All nodes finishes job
start listen on 10.110.42.71:45011
@tracker All of 1 nodes getting started
@tracker All nodes finishes job
start listen on 10.110.42.71:53131
@tracker All of 1 nodes getting started
@tracker All nodes finishes job
Trial 907 finished with value: 0.97655 and parameters: {'tree_method': 'gpu_hist', 'lambda': 0.7124691610308045, 'alpha': 0.008975152595347738, 'colsample_bytree': 0.4335585685604821, 'subsample': 0.8598246663889272, 'learning_rate': 0.08145396415228753, 'max_depth': 5, 'min_child_weight': 16, 'eval_metric': 'logloss'}. Best is trial 425 with value: 0.9801333333333333.
start listen on 10.110.42.71:37297
@tracker All of 1 nodes getting started
@tracker All nodes finishes job
start listen on 10.110.42.71:42575
@tracker All of 1 nodes getting started
@tracker All nodes finishes job
start listen on 10.110.42.71:36183
@tracker All of 1 nodes getting started
@tracker All nodes finishes job
start listen on 10.110.42.71:49597
@tracker All of 1 nodes getting started
@tracker All nodes finishes job
start listen on 10.110.42.71:34109
@tracker All of 1 nodes getting started
@tracker All nodes finishes job
Trial 908 finished with value: 0.9793666666666667 and parameters: {'tree_method': 'gpu_hist', 'lambda': 0.08953066882846361, 'alpha': 0.01153285299686094, 'colsample_bytree': 0.417036513911206, 'subsample': 0.9443229189019444, 'learning_rate': 0.07950890922897996, 'max_depth': 5, 'min_child_weight': 1, 'eval_metric': 'logloss'}. Best is trial 425 with value: 0.9801333333333333.
start listen on 10.110.42.71:41781
@tracker All of 1 nodes getting started
@tracker All nodes finishes job
start listen on 10.110.42.71:47139
@tracker All of 1 nodes getting started
@tracker All nodes finishes job
start listen on 10.110.42.71:59607
@tracker All of 1 nodes getting started
@tracker All nodes finishes job
start listen on 10.110.42.71:57437
@tracker All of 1 nodes getting started
@tracker All nodes finishes job
start listen on 10.110.42.71:42069
@tracker All of 1 nodes getting started
@tracker All nodes finishes job
Trial 909 finished with value: 0.97125 and parameters: {'tree_method': 'gpu_hist', 'lambda': 0.06078597664054004, 'alpha': 0.00469717117568369, 'colsample_bytree': 0.3839742849758893, 'subsample': 0.9295264378999138, 'learning_rate': 0.01751296730889852, 'max_depth': 5, 'min_child_weight': 11, 'eval_metric': 'logloss'}. Best is trial 425 with value: 0.9801333333333333.
start listen on 10.110.42.71:40235
@tracker All of 1 nodes getting started
@tracker All nodes finishes job
start listen on 10.110.42.71:45671
@tracker All of 1 nodes getting started
@tracker All nodes finishes job
start listen on 10.110.42.71:36973
@tracker All of 1 nodes getting started
@tracker All nodes finishes job
start listen on 10.110.42.71:34915
@tracker All of 1 nodes getting started
@tracker All nodes finishes job
start listen on 10.110.42.71:46317
@tracker All of 1 nodes getting started
@tracker All nodes finishes job
Trial 910 finished with value: 0.97785 and parameters: {'tree_method': 'gpu_hist', 'lambda': 0.9233774907113735, 'alpha': 0.007398086311881081, 'colsample_bytree': 0.45821626604774834, 'subsample': 0.8730181036137846, 'learning_rate': 0.0866650589394473, 'max_depth': 5, 'min_child_weight': 7, 'eval_metric': 'logloss'}. Best is trial 425 with value: 0.9801333333333333.
start listen on 10.110.42.71:46961
@tracker All of 1 nodes getting started
@tracker All nodes finishes job
start listen on 10.110.42.71:42571
@tracker All of 1 nodes getting started
@tracker All nodes finishes job
start listen on 10.110.42.71:50615
@tracker All of 1 nodes getting started
@tracker All nodes finishes job
start listen on 10.110.42.71:60413
@tracker All of 1 nodes getting started
@tracker All nodes finishes job
start listen on 10.110.42.71:40639
@tracker All of 1 nodes getting started
@tracker All nodes finishes job
Trial 911 finished with value: 0.9796166666666667 and parameters: {'tree_method': 'gpu_hist', 'lambda': 0.3867805323821378, 'alpha': 0.015822217276631904, 'colsample_bytree': 0.4059579819632965, 'subsample': 0.9162496778472651, 'learning_rate': 0.06846734782492411, 'max_depth': 5, 'min_child_weight': 1, 'eval_metric': 'logloss'}. Best is trial 425 with value: 0.9801333333333333.
start listen on 10.110.42.71:34277
@tracker All of 1 nodes getting started
@tracker All nodes finishes job
start listen on 10.110.42.71:55801
@tracker All of 1 nodes getting started
@tracker All nodes finishes job
start listen on 10.110.42.71:52151
@tracker All of 1 nodes getting started
@tracker All nodes finishes job
start listen on 10.110.42.71:59885
@tracker All of 1 nodes getting started
@tracker All nodes finishes job
start listen on 10.110.42.71:58779
@tracker All of 1 nodes getting started
@tracker All nodes finishes job
Trial 912 finished with value: 0.9774166666666667 and parameters: {'tree_method': 'gpu_hist', 'lambda': 0.08109341942781495, 'alpha': 0.013100420276304734, 'colsample_bytree': 0.365536888803583, 'subsample': 0.8885185248961434, 'learning_rate': 0.07570315837100873, 'max_depth': 17, 'min_child_weight': 11, 'eval_metric': 'logloss'}. Best is trial 425 with value: 0.9801333333333333.
start listen on 10.110.42.71:50537
@tracker All of 1 nodes getting started
@tracker All nodes finishes job
start listen on 10.110.42.71:58167
@tracker All of 1 nodes getting started
@tracker All nodes finishes job
start listen on 10.110.42.71:43503
@tracker All of 1 nodes getting started
@tracker All nodes finishes job
start listen on 10.110.42.71:46251
@tracker All of 1 nodes getting started
@tracker All nodes finishes job
start listen on 10.110.42.71:32827
@tracker All of 1 nodes getting started
@tracker All nodes finishes job
Trial 913 finished with value: 0.97625 and parameters: {'tree_method': 'gpu_hist', 'lambda': 0.5322322012470005, 'alpha': 0.021757308969698897, 'colsample_bytree': 0.48912007063062873, 'subsample': 0.9023551321515106, 'learning_rate': 0.09227148392843934, 'max_depth': 5, 'min_child_weight': 20, 'eval_metric': 'logloss'}. Best is trial 425 with value: 0.9801333333333333.
start listen on 10.110.42.71:45197
@tracker All of 1 nodes getting started
@tracker All nodes finishes job
start listen on 10.110.42.71:50631
@tracker All of 1 nodes getting started
@tracker All nodes finishes job
start listen on 10.110.42.71:58023
@tracker All of 1 nodes getting started
@tracker All nodes finishes job
start listen on 10.110.42.71:41787
@tracker All of 1 nodes getting started
@tracker All nodes finishes job
start listen on 10.110.42.71:36057
@tracker All of 1 nodes getting started
@tracker All nodes finishes job
Trial 914 finished with value: 0.9780166666666666 and parameters: {'tree_method': 'gpu_hist', 'lambda': 0.24732183105322375, 'alpha': 0.011023015118090927, 'colsample_bytree': 0.3901053421241336, 'subsample': 0.9514226333518274, 'learning_rate': 0.08174986889436843, 'max_depth': 7, 'min_child_weight': 6, 'eval_metric': 'logloss'}. Best is trial 425 with value: 0.9801333333333333.
start listen on 10.110.42.71:38285
@tracker All of 1 nodes getting started
@tracker All nodes finishes job
start listen on 10.110.42.71:59827
@tracker All of 1 nodes getting started
@tracker All nodes finishes job
start listen on 10.110.42.71:60325
@tracker All of 1 nodes getting started
@tracker All nodes finishes job
start listen on 10.110.42.71:47737
@tracker All of 1 nodes getting started
@tracker All nodes finishes job
start listen on 10.110.42.71:49887
@tracker All of 1 nodes getting started
@tracker All nodes finishes job
Trial 915 finished with value: 0.9781333333333333 and parameters: {'tree_method': 'gpu_hist', 'lambda': 0.6346630801714255, 'alpha': 0.029234930147810104, 'colsample_bytree': 0.44083042510377807, 'subsample': 0.8951867037377658, 'learning_rate': 0.09972280245749689, 'max_depth': 5, 'min_child_weight': 6, 'eval_metric': 'logloss'}. Best is trial 425 with value: 0.9801333333333333.
start listen on 10.110.42.71:44973
@tracker All of 1 nodes getting started
@tracker All nodes finishes job
start listen on 10.110.42.71:57449
@tracker All of 1 nodes getting started
@tracker All nodes finishes job
start listen on 10.110.42.71:46795
@tracker All of 1 nodes getting started
@tracker All nodes finishes job
start listen on 10.110.42.71:48033
@tracker All of 1 nodes getting started
@tracker All nodes finishes job
start listen on 10.110.42.71:40357
@tracker All of 1 nodes getting started
@tracker All nodes finishes job
Trial 916 finished with value: 0.9699166666666666 and parameters: {'tree_method': 'gpu_hist', 'lambda': 0.06147122708698939, 'alpha': 0.018589923236103097, 'colsample_bytree': 0.45808753390384466, 'subsample': 0.9123441249437867, 'learning_rate': 0.08840616519474051, 'max_depth': 5, 'min_child_weight': 89, 'eval_metric': 'logloss'}. Best is trial 425 with value: 0.9801333333333333.
start listen on 10.110.42.71:36941
@tracker All of 1 nodes getting started
@tracker All nodes finishes job
start listen on 10.110.42.71:56137
@tracker All of 1 nodes getting started
@tracker All nodes finishes job
start listen on 10.110.42.71:45163
@tracker All of 1 nodes getting started
@tracker All nodes finishes job
start listen on 10.110.42.71:48497
@tracker All of 1 nodes getting started
@tracker All nodes finishes job
start listen on 10.110.42.71:34017
@tracker All of 1 nodes getting started
@tracker All nodes finishes job
