Trial 221 finished with value: 0.97755 and parameters: {'tree_method': 'gpu_hist', 'lambda': 0.8860656243042058, 'alpha': 0.003653976204805105, 'colsample_bytree': 0.42965801259076947, 'subsample': 0.8750524271614206, 'learning_rate': 0.06720927468743393, 'max_depth': 5, 'min_child_weight': 7, 'eval_metric': 'logloss'}. Best is trial 157 with value: 0.9799.
start listen on 10.110.42.71:57289
@tracker All of 1 nodes getting started
@tracker All nodes finishes job
start listen on 10.110.42.71:52111
@tracker All of 1 nodes getting started
@tracker All nodes finishes job
start listen on 10.110.42.71:45925
@tracker All of 1 nodes getting started
@tracker All nodes finishes job
start listen on 10.110.42.71:39395
@tracker All of 1 nodes getting started
@tracker All nodes finishes job
start listen on 10.110.42.71:52453
@tracker All of 1 nodes getting started
@tracker All nodes finishes job
Trial 222 finished with value: 0.9794833333333334 and parameters: {'tree_method': 'gpu_hist', 'lambda': 0.7298082830872582, 'alpha': 0.0030010215726791844, 'colsample_bytree': 0.4638225094757067, 'subsample': 0.850696077893043, 'learning_rate': 0.08323843199502894, 'max_depth': 5, 'min_child_weight': 1, 'eval_metric': 'logloss'}. Best is trial 157 with value: 0.9799.
start listen on 10.110.42.71:37781
@tracker All of 1 nodes getting started
@tracker All nodes finishes job
start listen on 10.110.42.71:59425
@tracker All of 1 nodes getting started
@tracker All nodes finishes job
start listen on 10.110.42.71:53421
@tracker All of 1 nodes getting started
@tracker All nodes finishes job
start listen on 10.110.42.71:49097
@tracker All of 1 nodes getting started
@tracker All nodes finishes job
start listen on 10.110.42.71:36325
@tracker All of 1 nodes getting started
@tracker All nodes finishes job
Trial 223 finished with value: 0.9769666666666666 and parameters: {'tree_method': 'gpu_hist', 'lambda': 0.6112282031321902, 'alpha': 0.028848860716943557, 'colsample_bytree': 0.45841126590578035, 'subsample': 0.9402218726829443, 'learning_rate': 0.09250712578774013, 'max_depth': 13, 'min_child_weight': 12, 'eval_metric': 'logloss'}. Best is trial 157 with value: 0.9799.
start listen on 10.110.42.71:40367
@tracker All of 1 nodes getting started
@tracker All nodes finishes job
start listen on 10.110.42.71:60559
@tracker All of 1 nodes getting started
@tracker All nodes finishes job
start listen on 10.110.42.71:36483
@tracker All of 1 nodes getting started
@tracker All nodes finishes job
start listen on 10.110.42.71:49779
@tracker All of 1 nodes getting started
@tracker All nodes finishes job
start listen on 10.110.42.71:51605
@tracker All of 1 nodes getting started
@tracker All nodes finishes job
Trial 224 finished with value: 0.9780333333333333 and parameters: {'tree_method': 'gpu_hist', 'lambda': 1.3591139041433318, 'alpha': 0.1283019430836986, 'colsample_bytree': 0.488940408925917, 'subsample': 0.9709840911781378, 'learning_rate': 0.0779739602926119, 'max_depth': 5, 'min_child_weight': 7, 'eval_metric': 'logloss'}. Best is trial 157 with value: 0.9799.
start listen on 10.110.42.71:33529
@tracker All of 1 nodes getting started
@tracker All nodes finishes job
start listen on 10.110.42.71:41783
@tracker All of 1 nodes getting started
@tracker All nodes finishes job
start listen on 10.110.42.71:54953
@tracker All of 1 nodes getting started
@tracker All nodes finishes job
start listen on 10.110.42.71:57621
@tracker All of 1 nodes getting started
@tracker All nodes finishes job
start listen on 10.110.42.71:40573
@tracker All of 1 nodes getting started
@tracker All nodes finishes job
Trial 225 finished with value: 0.9760833333333333 and parameters: {'tree_method': 'gpu_hist', 'lambda': 1.0449231167869002, 'alpha': 0.018267549956770348, 'colsample_bytree': 0.4418111176220147, 'subsample': 0.9524884886842506, 'learning_rate': 0.09100066477095013, 'max_depth': 5, 'min_child_weight': 18, 'eval_metric': 'logloss'}. Best is trial 157 with value: 0.9799.
start listen on 10.110.42.71:48765
@tracker All of 1 nodes getting started
@tracker All nodes finishes job
start listen on 10.110.42.71:34583
@tracker All of 1 nodes getting started
@tracker All nodes finishes job
start listen on 10.110.42.71:48605
@tracker All of 1 nodes getting started
@tracker All nodes finishes job
start listen on 10.110.42.71:46605
@tracker All of 1 nodes getting started
@tracker All nodes finishes job
start listen on 10.110.42.71:50079
@tracker All of 1 nodes getting started
@tracker All nodes finishes job
Trial 226 finished with value: 0.9784666666666667 and parameters: {'tree_method': 'gpu_hist', 'lambda': 0.7761640885402606, 'alpha': 0.0017612415920335855, 'colsample_bytree': 0.4187388956465258, 'subsample': 0.8810298340053776, 'learning_rate': 0.07284968029497553, 'max_depth': 5, 'min_child_weight': 6, 'eval_metric': 'logloss'}. Best is trial 157 with value: 0.9799.
start listen on 10.110.42.71:54293
@tracker All of 1 nodes getting started
@tracker All nodes finishes job
start listen on 10.110.42.71:59805
@tracker All of 1 nodes getting started
@tracker All nodes finishes job
start listen on 10.110.42.71:56113
@tracker All of 1 nodes getting started
@tracker All nodes finishes job
start listen on 10.110.42.71:52883
@tracker All of 1 nodes getting started
@tracker All nodes finishes job
start listen on 10.110.42.71:45197
@tracker All of 1 nodes getting started
@tracker All nodes finishes job
Trial 227 finished with value: 0.9794 and parameters: {'tree_method': 'gpu_hist', 'lambda': 0.5257328040900888, 'alpha': 0.007204201060952771, 'colsample_bytree': 0.40243210015396197, 'subsample': 0.8881193900152711, 'learning_rate': 0.06893129524635608, 'max_depth': 5, 'min_child_weight': 1, 'eval_metric': 'logloss'}. Best is trial 157 with value: 0.9799.
start listen on 10.110.42.71:60273
@tracker All of 1 nodes getting started
@tracker All nodes finishes job
start listen on 10.110.42.71:34695
@tracker All of 1 nodes getting started
@tracker All nodes finishes job
start listen on 10.110.42.71:55779
@tracker All of 1 nodes getting started
@tracker All nodes finishes job
start listen on 10.110.42.71:47045
@tracker All of 1 nodes getting started
@tracker All nodes finishes job
start listen on 10.110.42.71:32961
@tracker All of 1 nodes getting started
@tracker All nodes finishes job
Trial 228 finished with value: 0.9792333333333333 and parameters: {'tree_method': 'gpu_hist', 'lambda': 0.8570811223217785, 'alpha': 0.012796721905075378, 'colsample_bytree': 0.47641510431853973, 'subsample': 0.8623408544110756, 'learning_rate': 0.0586257529004226, 'max_depth': 5, 'min_child_weight': 1, 'eval_metric': 'logloss'}. Best is trial 157 with value: 0.9799.
start listen on 10.110.42.71:40411
@tracker All of 1 nodes getting started
@tracker All nodes finishes job
start listen on 10.110.42.71:33927
@tracker All of 1 nodes getting started
@tracker All nodes finishes job
start listen on 10.110.42.71:51863
@tracker All of 1 nodes getting started
@tracker All nodes finishes job
start listen on 10.110.42.71:39039
@tracker All of 1 nodes getting started
@tracker All nodes finishes job
start listen on 10.110.42.71:49897
@tracker All of 1 nodes getting started
@tracker All nodes finishes job
Trial 229 finished with value: 0.9776 and parameters: {'tree_method': 'gpu_hist', 'lambda': 0.621129853308998, 'alpha': 0.021692513397393733, 'colsample_bytree': 0.4487356084090152, 'subsample': 0.9878977931840791, 'learning_rate': 0.0855413703974439, 'max_depth': 5, 'min_child_weight': 10, 'eval_metric': 'logloss'}. Best is trial 157 with value: 0.9799.
start listen on 10.110.42.71:56549
@tracker All of 1 nodes getting started
@tracker All nodes finishes job
start listen on 10.110.42.71:43351
@tracker All of 1 nodes getting started
@tracker All nodes finishes job
start listen on 10.110.42.71:45403
@tracker All of 1 nodes getting started
@tracker All nodes finishes job
start listen on 10.110.42.71:55737
@tracker All of 1 nodes getting started
@tracker All nodes finishes job
start listen on 10.110.42.71:50103
@tracker All of 1 nodes getting started
@tracker All nodes finishes job
Trial 230 finished with value: 0.9798 and parameters: {'tree_method': 'gpu_hist', 'lambda': 0.7399633792502616, 'alpha': 0.015627674365401995, 'colsample_bytree': 0.3802214772708094, 'subsample': 0.8963921793776383, 'learning_rate': 0.08010427401631713, 'max_depth': 5, 'min_child_weight': 1, 'eval_metric': 'logloss'}. Best is trial 157 with value: 0.9799.
start listen on 10.110.42.71:43127
@tracker All of 1 nodes getting started
@tracker All nodes finishes job
start listen on 10.110.42.71:48865
@tracker All of 1 nodes getting started
@tracker All nodes finishes job
start listen on 10.110.42.71:60741
@tracker All of 1 nodes getting started
@tracker All nodes finishes job
start listen on 10.110.42.71:39241
@tracker All of 1 nodes getting started
@tracker All nodes finishes job
start listen on 10.110.42.71:50441
@tracker All of 1 nodes getting started
@tracker All nodes finishes job
Trial 231 finished with value: 0.9773 and parameters: {'tree_method': 'gpu_hist', 'lambda': 0.7322372342981759, 'alpha': 0.01620704445123003, 'colsample_bytree': 0.3685063111336727, 'subsample': 0.9045459384770558, 'learning_rate': 0.07983858316289082, 'max_depth': 5, 'min_child_weight': 12, 'eval_metric': 'logloss'}. Best is trial 157 with value: 0.9799.
start listen on 10.110.42.71:36807
@tracker All of 1 nodes getting started
@tracker All nodes finishes job
start listen on 10.110.42.71:49647
@tracker All of 1 nodes getting started
@tracker All nodes finishes job
start listen on 10.110.42.71:35511
@tracker All of 1 nodes getting started
@tracker All nodes finishes job
start listen on 10.110.42.71:41229
@tracker All of 1 nodes getting started
@tracker All nodes finishes job
start listen on 10.110.42.71:50527
@tracker All of 1 nodes getting started
@tracker All nodes finishes job
Trial 232 finished with value: 0.9778666666666667 and parameters: {'tree_method': 'gpu_hist', 'lambda': 1.0626920117773753, 'alpha': 0.022382066663514485, 'colsample_bytree': 0.3829375752838962, 'subsample': 0.9166197887843227, 'learning_rate': 0.09342668109892961, 'max_depth': 5, 'min_child_weight': 8, 'eval_metric': 'logloss'}. Best is trial 157 with value: 0.9799.
start listen on 10.110.42.71:58477
@tracker All of 1 nodes getting started
@tracker All nodes finishes job
start listen on 10.110.42.71:36441
@tracker All of 1 nodes getting started
@tracker All nodes finishes job
start listen on 10.110.42.71:52799
@tracker All of 1 nodes getting started
@tracker All nodes finishes job
start listen on 10.110.42.71:57505
@tracker All of 1 nodes getting started
@tracker All nodes finishes job
start listen on 10.110.42.71:57163
@tracker All of 1 nodes getting started
@tracker All nodes finishes job
Trial 233 finished with value: 0.9793666666666667 and parameters: {'tree_method': 'gpu_hist', 'lambda': 0.48363625055237536, 'alpha': 0.004879324311766423, 'colsample_bytree': 0.39943311954134875, 'subsample': 0.9674386115457317, 'learning_rate': 0.06351076121970217, 'max_depth': 5, 'min_child_weight': 1, 'eval_metric': 'logloss'}. Best is trial 157 with value: 0.9799.
start listen on 10.110.42.71:49709
@tracker All of 1 nodes getting started
@tracker All nodes finishes job
start listen on 10.110.42.71:37161
@tracker All of 1 nodes getting started
@tracker All nodes finishes job
start listen on 10.110.42.71:59123
@tracker All of 1 nodes getting started
@tracker All nodes finishes job
start listen on 10.110.42.71:33137
@tracker All of 1 nodes getting started
@tracker All nodes finishes job
start listen on 10.110.42.71:48339
@tracker All of 1 nodes getting started
@tracker All nodes finishes job
Trial 234 finished with value: 0.9770666666666666 and parameters: {'tree_method': 'gpu_hist', 'lambda': 0.6438386934647742, 'alpha': 0.010475458340991324, 'colsample_bytree': 0.35964431473994357, 'subsample': 0.9794959711146825, 'learning_rate': 0.09814154007644338, 'max_depth': 5, 'min_child_weight': 15, 'eval_metric': 'logloss'}. Best is trial 157 with value: 0.9799.
start listen on 10.110.42.71:35277
@tracker All of 1 nodes getting started
@tracker All nodes finishes job
start listen on 10.110.42.71:58865
@tracker All of 1 nodes getting started
@tracker All nodes finishes job
start listen on 10.110.42.71:49895
@tracker All of 1 nodes getting started
@tracker All nodes finishes job
start listen on 10.110.42.71:55117
@tracker All of 1 nodes getting started
@tracker All nodes finishes job
start listen on 10.110.42.71:44593
@tracker All of 1 nodes getting started
@tracker All nodes finishes job
Trial 235 finished with value: 0.9780666666666666 and parameters: {'tree_method': 'gpu_hist', 'lambda': 0.9162039332592344, 'alpha': 0.042915085203418885, 'colsample_bytree': 0.4497799180331293, 'subsample': 0.9302945806719071, 'learning_rate': 0.08373469201268265, 'max_depth': 5, 'min_child_weight': 6, 'eval_metric': 'logloss'}. Best is trial 157 with value: 0.9799.
start listen on 10.110.42.71:39881
@tracker All of 1 nodes getting started
@tracker All nodes finishes job
start listen on 10.110.42.71:50881
@tracker All of 1 nodes getting started
@tracker All nodes finishes job
start listen on 10.110.42.71:60413
@tracker All of 1 nodes getting started
@tracker All nodes finishes job
start listen on 10.110.42.71:49843
@tracker All of 1 nodes getting started
@tracker All nodes finishes job
start listen on 10.110.42.71:58615
@tracker All of 1 nodes getting started
@tracker All nodes finishes job
Trial 236 finished with value: 0.9794333333333334 and parameters: {'tree_method': 'gpu_hist', 'lambda': 0.7102255807409242, 'alpha': 0.10478467583238833, 'colsample_bytree': 0.4399124420482726, 'subsample': 0.8995416072469102, 'learning_rate': 0.077294371064255, 'max_depth': 5, 'min_child_weight': 1, 'eval_metric': 'logloss'}. Best is trial 157 with value: 0.9799.
start listen on 10.110.42.71:43863
@tracker All of 1 nodes getting started
@tracker All nodes finishes job
start listen on 10.110.42.71:42235
@tracker All of 1 nodes getting started
@tracker All nodes finishes job
start listen on 10.110.42.71:33303
@tracker All of 1 nodes getting started
@tracker All nodes finishes job
start listen on 10.110.42.71:38465
@tracker All of 1 nodes getting started
@tracker All nodes finishes job
start listen on 10.110.42.71:37527
@tracker All of 1 nodes getting started
@tracker All nodes finishes job
Trial 237 finished with value: 0.9798166666666667 and parameters: {'tree_method': 'gpu_hist', 'lambda': 0.8602662219086904, 'alpha': 0.016836621843856026, 'colsample_bytree': 0.4239790240685761, 'subsample': 0.8714725863683275, 'learning_rate': 0.07440401723065349, 'max_depth': 5, 'min_child_weight': 1, 'eval_metric': 'logloss'}. Best is trial 157 with value: 0.9799.
start listen on 10.110.42.71:51571
@tracker All of 1 nodes getting started
@tracker All nodes finishes job
start listen on 10.110.42.71:45551
@tracker All of 1 nodes getting started
@tracker All nodes finishes job
start listen on 10.110.42.71:37249
@tracker All of 1 nodes getting started
@tracker All nodes finishes job
start listen on 10.110.42.71:43423
@tracker All of 1 nodes getting started
@tracker All nodes finishes job
start listen on 10.110.42.71:43925
@tracker All of 1 nodes getting started
@tracker All nodes finishes job
Trial 238 finished with value: 0.9781666666666666 and parameters: {'tree_method': 'gpu_hist', 'lambda': 0.8561194785438684, 'alpha': 0.014280155320408492, 'colsample_bytree': 0.415054530117853, 'subsample': 0.8679986678857048, 'learning_rate': 0.07199777338064829, 'max_depth': 5, 'min_child_weight': 6, 'eval_metric': 'logloss'}. Best is trial 157 with value: 0.9799.
start listen on 10.110.42.71:58763
@tracker All of 1 nodes getting started
@tracker All nodes finishes job
start listen on 10.110.42.71:34557
@tracker All of 1 nodes getting started
@tracker All nodes finishes job
start listen on 10.110.42.71:58997
@tracker All of 1 nodes getting started
@tracker All nodes finishes job
start listen on 10.110.42.71:54967
@tracker All of 1 nodes getting started
@tracker All nodes finishes job
start listen on 10.110.42.71:43051
@tracker All of 1 nodes getting started
@tracker All nodes finishes job
Trial 239 finished with value: 0.9780166666666666 and parameters: {'tree_method': 'gpu_hist', 'lambda': 0.5991401022582754, 'alpha': 0.0175714050550656, 'colsample_bytree': 0.4309013767739187, 'subsample': 0.954140303286334, 'learning_rate': 0.08677083813660318, 'max_depth': 5, 'min_child_weight': 7, 'eval_metric': 'logloss'}. Best is trial 157 with value: 0.9799.
start listen on 10.110.42.71:49499
@tracker All of 1 nodes getting started
@tracker All nodes finishes job
start listen on 10.110.42.71:50457
@tracker All of 1 nodes getting started
@tracker All nodes finishes job
start listen on 10.110.42.71:35017
@tracker All of 1 nodes getting started
@tracker All nodes finishes job
start listen on 10.110.42.71:43363
@tracker All of 1 nodes getting started
@tracker All nodes finishes job
start listen on 10.110.42.71:56185
@tracker All of 1 nodes getting started
@tracker All nodes finishes job
Trial 240 finished with value: 0.9771666666666666 and parameters: {'tree_method': 'gpu_hist', 'lambda': 0.974293429543608, 'alpha': 0.011812961086678467, 'colsample_bytree': 0.38609574761457, 'subsample': 0.890813154614127, 'learning_rate': 0.07818851059764836, 'max_depth': 5, 'min_child_weight': 12, 'eval_metric': 'logloss'}. Best is trial 157 with value: 0.9799.
start listen on 10.110.42.71:53209
@tracker All of 1 nodes getting started
@tracker All nodes finishes job
start listen on 10.110.42.71:33255
@tracker All of 1 nodes getting started
@tracker All nodes finishes job
start listen on 10.110.42.71:35145
@tracker All of 1 nodes getting started
@tracker All nodes finishes job
start listen on 10.110.42.71:35137
@tracker All of 1 nodes getting started
@tracker All nodes finishes job
start listen on 10.110.42.71:50535
@tracker All of 1 nodes getting started
@tracker All nodes finishes job
Trial 241 finished with value: 0.97925 and parameters: {'tree_method': 'gpu_hist', 'lambda': 1.2018089933715275, 'alpha': 0.031304729026926215, 'colsample_bytree': 0.45716870770209483, 'subsample': 0.8775662736734672, 'learning_rate': 0.09926542101218247, 'max_depth': 5, 'min_child_weight': 1, 'eval_metric': 'logloss'}. Best is trial 157 with value: 0.9799.
start listen on 10.110.42.71:48241
@tracker All of 1 nodes getting started
@tracker All nodes finishes job
start listen on 10.110.42.71:35989
@tracker All of 1 nodes getting started
@tracker All nodes finishes job
start listen on 10.110.42.71:35769
@tracker All of 1 nodes getting started
@tracker All nodes finishes job
start listen on 10.110.42.71:44193
@tracker All of 1 nodes getting started
@tracker All nodes finishes job
start listen on 10.110.42.71:40095
@tracker All of 1 nodes getting started
@tracker All nodes finishes job
Trial 242 finished with value: 0.9777666666666667 and parameters: {'tree_method': 'gpu_hist', 'lambda': 0.5134469457746342, 'alpha': 0.0031731451088615223, 'colsample_bytree': 0.4229191093106858, 'subsample': 0.8685050128070168, 'learning_rate': 0.06731888584705964, 'max_depth': 5, 'min_child_weight': 7, 'eval_metric': 'logloss'}. Best is trial 157 with value: 0.9799.
start listen on 10.110.42.71:47799
@tracker All of 1 nodes getting started
@tracker All nodes finishes job
start listen on 10.110.42.71:34081
@tracker All of 1 nodes getting started
@tracker All nodes finishes job
start listen on 10.110.42.71:50759
@tracker All of 1 nodes getting started
@tracker All nodes finishes job
start listen on 10.110.42.71:48165
@tracker All of 1 nodes getting started
@tracker All nodes finishes job
start listen on 10.110.42.71:35931
@tracker All of 1 nodes getting started
@tracker All nodes finishes job
Trial 243 finished with value: 0.97765 and parameters: {'tree_method': 'gpu_hist', 'lambda': 0.805920751469696, 'alpha': 0.014017821820361884, 'colsample_bytree': 0.4715752782827029, 'subsample': 0.8536346931071866, 'learning_rate': 0.08202606793909178, 'max_depth': 17, 'min_child_weight': 1, 'eval_metric': 'logloss'}. Best is trial 157 with value: 0.9799.
start listen on 10.110.42.71:59177
@tracker All of 1 nodes getting started
@tracker All nodes finishes job
start listen on 10.110.42.71:43371
@tracker All of 1 nodes getting started
@tracker All nodes finishes job
start listen on 10.110.42.71:35583
@tracker All of 1 nodes getting started
@tracker All nodes finishes job
start listen on 10.110.42.71:36411
@tracker All of 1 nodes getting started
@tracker All nodes finishes job
start listen on 10.110.42.71:35789
@tracker All of 1 nodes getting started
@tracker All nodes finishes job
Trial 244 finished with value: 0.9767833333333333 and parameters: {'tree_method': 'gpu_hist', 'lambda': 0.7432958455591415, 'alpha': 0.016767245854687342, 'colsample_bytree': 0.40759825264943794, 'subsample': 0.9868134361002878, 'learning_rate': 0.07237210438998856, 'max_depth': 20, 'min_child_weight': 13, 'eval_metric': 'logloss'}. Best is trial 157 with value: 0.9799.
start listen on 10.110.42.71:59139
@tracker All of 1 nodes getting started
@tracker All nodes finishes job
start listen on 10.110.42.71:52963
@tracker All of 1 nodes getting started
@tracker All nodes finishes job
start listen on 10.110.42.71:43433
@tracker All of 1 nodes getting started
@tracker All nodes finishes job
start listen on 10.110.42.71:55431
@tracker All of 1 nodes getting started
@tracker All nodes finishes job
start listen on 10.110.42.71:38795
@tracker All of 1 nodes getting started
@tracker All nodes finishes job
