Trial 533 finished with value: 0.9771666666666666 and parameters: {'tree_method': 'gpu_hist', 'lambda': 0.9550318264323541, 'alpha': 0.0365253143062528, 'colsample_bytree': 0.4909931364047281, 'subsample': 0.8696367216017545, 'learning_rate': 0.07942148381445753, 'max_depth': 5, 'min_child_weight': 11, 'eval_metric': 'logloss'}. Best is trial 425 with value: 0.9801333333333333.
start listen on 10.110.42.71:56927
@tracker All of 1 nodes getting started
@tracker All nodes finishes job
start listen on 10.110.42.71:42401
@tracker All of 1 nodes getting started
@tracker All nodes finishes job
start listen on 10.110.42.71:36295
@tracker All of 1 nodes getting started
@tracker All nodes finishes job
start listen on 10.110.42.71:36391
@tracker All of 1 nodes getting started
@tracker All nodes finishes job
start listen on 10.110.42.71:35599
@tracker All of 1 nodes getting started
@tracker All nodes finishes job
Trial 534 finished with value: 0.9661833333333333 and parameters: {'tree_method': 'gpu_hist', 'lambda': 0.7584417002407038, 'alpha': 0.001335856807177526, 'colsample_bytree': 0.4564116340840067, 'subsample': 0.9866348601452217, 'learning_rate': 0.09067332686386466, 'max_depth': 5, 'min_child_weight': 146, 'eval_metric': 'logloss'}. Best is trial 425 with value: 0.9801333333333333.
start listen on 10.110.42.71:37085
@tracker All of 1 nodes getting started
@tracker All nodes finishes job
start listen on 10.110.42.71:36875
@tracker All of 1 nodes getting started
@tracker All nodes finishes job
start listen on 10.110.42.71:60657
@tracker All of 1 nodes getting started
@tracker All nodes finishes job
start listen on 10.110.42.71:47429
@tracker All of 1 nodes getting started
@tracker All nodes finishes job
start listen on 10.110.42.71:45959
@tracker All of 1 nodes getting started
@tracker All nodes finishes job
Trial 535 finished with value: 0.97785 and parameters: {'tree_method': 'gpu_hist', 'lambda': 0.35405029968228463, 'alpha': 0.0019964197943597097, 'colsample_bytree': 0.43253074883754394, 'subsample': 0.9381485338237042, 'learning_rate': 0.08672670119676366, 'max_depth': 9, 'min_child_weight': 1, 'eval_metric': 'logloss'}. Best is trial 425 with value: 0.9801333333333333.
start listen on 10.110.42.71:42777
@tracker All of 1 nodes getting started
@tracker All nodes finishes job
start listen on 10.110.42.71:41383
@tracker All of 1 nodes getting started
@tracker All nodes finishes job
start listen on 10.110.42.71:57873
@tracker All of 1 nodes getting started
@tracker All nodes finishes job
start listen on 10.110.42.71:40835
@tracker All of 1 nodes getting started
@tracker All nodes finishes job
start listen on 10.110.42.71:36177
@tracker All of 1 nodes getting started
@tracker All nodes finishes job
Trial 536 finished with value: 0.9778333333333333 and parameters: {'tree_method': 'gpu_hist', 'lambda': 0.42731373097024217, 'alpha': 0.007064037952631176, 'colsample_bytree': 0.416907668997441, 'subsample': 0.9235535624678891, 'learning_rate': 0.09256767724727319, 'max_depth': 5, 'min_child_weight': 7, 'eval_metric': 'logloss'}. Best is trial 425 with value: 0.9801333333333333.
start listen on 10.110.42.71:49809
@tracker All of 1 nodes getting started
@tracker All nodes finishes job
start listen on 10.110.42.71:56897
@tracker All of 1 nodes getting started
@tracker All nodes finishes job
start listen on 10.110.42.71:44157
@tracker All of 1 nodes getting started
@tracker All nodes finishes job
start listen on 10.110.42.71:51257
@tracker All of 1 nodes getting started
@tracker All nodes finishes job
start listen on 10.110.42.71:42733
@tracker All of 1 nodes getting started
@tracker All nodes finishes job
Trial 537 finished with value: 0.9765166666666667 and parameters: {'tree_method': 'gpu_hist', 'lambda': 0.5531863274051232, 'alpha': 0.03081930441942946, 'colsample_bytree': 0.447485165724558, 'subsample': 0.9914484461109901, 'learning_rate': 0.08281138845556794, 'max_depth': 5, 'min_child_weight': 18, 'eval_metric': 'logloss'}. Best is trial 425 with value: 0.9801333333333333.
start listen on 10.110.42.71:45925
@tracker All of 1 nodes getting started
@tracker All nodes finishes job
start listen on 10.110.42.71:35149
@tracker All of 1 nodes getting started
@tracker All nodes finishes job
start listen on 10.110.42.71:57119
@tracker All of 1 nodes getting started
@tracker All nodes finishes job
start listen on 10.110.42.71:44429
@tracker All of 1 nodes getting started
@tracker All nodes finishes job
start listen on 10.110.42.71:39469
@tracker All of 1 nodes getting started
@tracker All nodes finishes job
Trial 538 finished with value: 0.9777666666666667 and parameters: {'tree_method': 'gpu_hist', 'lambda': 0.7973253877556521, 'alpha': 0.04259167400595291, 'colsample_bytree': 0.3685932214782852, 'subsample': 0.9549233732516247, 'learning_rate': 0.09983681552858581, 'max_depth': 11, 'min_child_weight': 1, 'eval_metric': 'logloss'}. Best is trial 425 with value: 0.9801333333333333.
start listen on 10.110.42.71:55527
@tracker All of 1 nodes getting started
@tracker All nodes finishes job
start listen on 10.110.42.71:37449
@tracker All of 1 nodes getting started
@tracker All nodes finishes job
start listen on 10.110.42.71:52045
@tracker All of 1 nodes getting started
@tracker All nodes finishes job
start listen on 10.110.42.71:32941
@tracker All of 1 nodes getting started
@tracker All nodes finishes job
start listen on 10.110.42.71:58981
@tracker All of 1 nodes getting started
@tracker All nodes finishes job
Trial 539 finished with value: 0.9732666666666666 and parameters: {'tree_method': 'gpu_hist', 'lambda': 0.6627272599596541, 'alpha': 0.010295328087628333, 'colsample_bytree': 0.43142276954239184, 'subsample': 0.9745623569998944, 'learning_rate': 0.087176076546503, 'max_depth': 3, 'min_child_weight': 11, 'eval_metric': 'logloss'}. Best is trial 425 with value: 0.9801333333333333.
start listen on 10.110.42.71:45703
@tracker All of 1 nodes getting started
@tracker All nodes finishes job
start listen on 10.110.42.71:56267
@tracker All of 1 nodes getting started
@tracker All nodes finishes job
start listen on 10.110.42.71:38813
@tracker All of 1 nodes getting started
@tracker All nodes finishes job
start listen on 10.110.42.71:54707
@tracker All of 1 nodes getting started
@tracker All nodes finishes job
start listen on 10.110.42.71:49733
@tracker All of 1 nodes getting started
@tracker All nodes finishes job
Trial 540 finished with value: 0.9757666666666667 and parameters: {'tree_method': 'gpu_hist', 'lambda': 0.886971813891332, 'alpha': 0.0013898251557338725, 'colsample_bytree': 0.4020101650413452, 'subsample': 0.9353683424322896, 'learning_rate': 0.0716713917070513, 'max_depth': 5, 'min_child_weight': 24, 'eval_metric': 'logloss'}. Best is trial 425 with value: 0.9801333333333333.
start listen on 10.110.42.71:49779
@tracker All of 1 nodes getting started
@tracker All nodes finishes job
start listen on 10.110.42.71:60367
@tracker All of 1 nodes getting started
@tracker All nodes finishes job
start listen on 10.110.42.71:47639
@tracker All of 1 nodes getting started
@tracker All nodes finishes job
start listen on 10.110.42.71:35213
@tracker All of 1 nodes getting started
@tracker All nodes finishes job
start listen on 10.110.42.71:35051
@tracker All of 1 nodes getting started
@tracker All nodes finishes job
Trial 541 finished with value: 0.9783 and parameters: {'tree_method': 'gpu_hist', 'lambda': 0.5202575718536047, 'alpha': 0.016884912999176382, 'colsample_bytree': 0.37764432784956764, 'subsample': 0.9999981818828542, 'learning_rate': 0.07973504810421843, 'max_depth': 5, 'min_child_weight': 6, 'eval_metric': 'logloss'}. Best is trial 425 with value: 0.9801333333333333.
start listen on 10.110.42.71:39229
@tracker All of 1 nodes getting started
@tracker All nodes finishes job
start listen on 10.110.42.71:46733
@tracker All of 1 nodes getting started
@tracker All nodes finishes job
start listen on 10.110.42.71:53929
@tracker All of 1 nodes getting started
@tracker All nodes finishes job
start listen on 10.110.42.71:32963
@tracker All of 1 nodes getting started
@tracker All nodes finishes job
start listen on 10.110.42.71:49905
@tracker All of 1 nodes getting started
@tracker All nodes finishes job
Trial 542 finished with value: 0.9793 and parameters: {'tree_method': 'gpu_hist', 'lambda': 0.9675651344775106, 'alpha': 0.008200821614479624, 'colsample_bytree': 0.4229259987209067, 'subsample': 0.583030526273614, 'learning_rate': 0.09275730564325511, 'max_depth': 5, 'min_child_weight': 1, 'eval_metric': 'logloss'}. Best is trial 425 with value: 0.9801333333333333.
start listen on 10.110.42.71:55377
@tracker All of 1 nodes getting started
@tracker All nodes finishes job
start listen on 10.110.42.71:40991
@tracker All of 1 nodes getting started
@tracker All nodes finishes job
start listen on 10.110.42.71:60913
@tracker All of 1 nodes getting started
@tracker All nodes finishes job
start listen on 10.110.42.71:60251
@tracker All of 1 nodes getting started
@tracker All nodes finishes job
start listen on 10.110.42.71:43971
@tracker All of 1 nodes getting started
@tracker All nodes finishes job
Trial 543 finished with value: 0.9769666666666666 and parameters: {'tree_method': 'gpu_hist', 'lambda': 0.6609308867133724, 'alpha': 0.026207153078709796, 'colsample_bytree': 0.3870318622979528, 'subsample': 0.9596762206848635, 'learning_rate': 0.08128158326802015, 'max_depth': 5, 'min_child_weight': 15, 'eval_metric': 'logloss'}. Best is trial 425 with value: 0.9801333333333333.
start listen on 10.110.42.71:38903
@tracker All of 1 nodes getting started
@tracker All nodes finishes job
start listen on 10.110.42.71:38763
@tracker All of 1 nodes getting started
@tracker All nodes finishes job
start listen on 10.110.42.71:50755
@tracker All of 1 nodes getting started
@tracker All nodes finishes job
start listen on 10.110.42.71:52693
@tracker All of 1 nodes getting started
@tracker All nodes finishes job
start listen on 10.110.42.71:39817
@tracker All of 1 nodes getting started
@tracker All nodes finishes job
Trial 544 finished with value: 0.9545333333333333 and parameters: {'tree_method': 'gpu_hist', 'lambda': 7.133554721992748, 'alpha': 0.011993436942054429, 'colsample_bytree': 0.35404358625634874, 'subsample': 0.8623480427975625, 'learning_rate': 0.09985137300814013, 'max_depth': 5, 'min_child_weight': 244, 'eval_metric': 'logloss'}. Best is trial 425 with value: 0.9801333333333333.
start listen on 10.110.42.71:46477
@tracker All of 1 nodes getting started
@tracker All nodes finishes job
start listen on 10.110.42.71:42471
@tracker All of 1 nodes getting started
@tracker All nodes finishes job
start listen on 10.110.42.71:58787
@tracker All of 1 nodes getting started
@tracker All nodes finishes job
start listen on 10.110.42.71:40189
@tracker All of 1 nodes getting started
@tracker All nodes finishes job
start listen on 10.110.42.71:40193
@tracker All of 1 nodes getting started
@tracker All nodes finishes job
Trial 545 finished with value: 0.9773333333333334 and parameters: {'tree_method': 'gpu_hist', 'lambda': 0.7443085624553023, 'alpha': 0.0022803080159386614, 'colsample_bytree': 0.7710097466466985, 'subsample': 0.9099653793177586, 'learning_rate': 0.06416161584835496, 'max_depth': 5, 'min_child_weight': 7, 'eval_metric': 'logloss'}. Best is trial 425 with value: 0.9801333333333333.
start listen on 10.110.42.71:40351
@tracker All of 1 nodes getting started
@tracker All nodes finishes job
start listen on 10.110.42.71:49811
@tracker All of 1 nodes getting started
@tracker All nodes finishes job
start listen on 10.110.42.71:38961
@tracker All of 1 nodes getting started
@tracker All nodes finishes job
start listen on 10.110.42.71:52637
@tracker All of 1 nodes getting started
@tracker All nodes finishes job
start listen on 10.110.42.71:50717
@tracker All of 1 nodes getting started
@tracker All nodes finishes job
Trial 546 finished with value: 0.9772166666666666 and parameters: {'tree_method': 'gpu_hist', 'lambda': 0.5998992656872588, 'alpha': 0.0015526475107450824, 'colsample_bytree': 0.4575555498902077, 'subsample': 0.9810216286669017, 'learning_rate': 0.08740837897255858, 'max_depth': 15, 'min_child_weight': 10, 'eval_metric': 'logloss'}. Best is trial 425 with value: 0.9801333333333333.
start listen on 10.110.42.71:36875
@tracker All of 1 nodes getting started
@tracker All nodes finishes job
start listen on 10.110.42.71:56719
@tracker All of 1 nodes getting started
@tracker All nodes finishes job
start listen on 10.110.42.71:56007
@tracker All of 1 nodes getting started
@tracker All nodes finishes job
start listen on 10.110.42.71:57765
@tracker All of 1 nodes getting started
@tracker All nodes finishes job
start listen on 10.110.42.71:44911
@tracker All of 1 nodes getting started
@tracker All nodes finishes job
Trial 547 finished with value: 0.977 and parameters: {'tree_method': 'gpu_hist', 'lambda': 0.7660776576217141, 'alpha': 0.0016388001114345024, 'colsample_bytree': 0.46635391009922894, 'subsample': 0.8226968647556897, 'learning_rate': 0.09166851263151844, 'max_depth': 5, 'min_child_weight': 14, 'eval_metric': 'logloss'}. Best is trial 425 with value: 0.9801333333333333.
start listen on 10.110.42.71:54141
@tracker All of 1 nodes getting started
@tracker All nodes finishes job
start listen on 10.110.42.71:46005
@tracker All of 1 nodes getting started
@tracker All nodes finishes job
start listen on 10.110.42.71:56869
@tracker All of 1 nodes getting started
@tracker All nodes finishes job
start listen on 10.110.42.71:55187
@tracker All of 1 nodes getting started
@tracker All nodes finishes job
start listen on 10.110.42.71:60855
@tracker All of 1 nodes getting started
@tracker All nodes finishes job
Trial 548 finished with value: 0.9770333333333333 and parameters: {'tree_method': 'gpu_hist', 'lambda': 0.4728702434798583, 'alpha': 0.02243206762608608, 'colsample_bytree': 0.44399728369604863, 'subsample': 0.9875556126613585, 'learning_rate': 0.07424389918968666, 'max_depth': 13, 'min_child_weight': 1, 'eval_metric': 'logloss'}. Best is trial 425 with value: 0.9801333333333333.
start listen on 10.110.42.71:33273
@tracker All of 1 nodes getting started
@tracker All nodes finishes job
start listen on 10.110.42.71:48665
@tracker All of 1 nodes getting started
@tracker All nodes finishes job
start listen on 10.110.42.71:49123
@tracker All of 1 nodes getting started
@tracker All nodes finishes job
start listen on 10.110.42.71:47679
@tracker All of 1 nodes getting started
@tracker All nodes finishes job
start listen on 10.110.42.71:47953
@tracker All of 1 nodes getting started
@tracker All nodes finishes job
Trial 549 finished with value: 0.9782166666666666 and parameters: {'tree_method': 'gpu_hist', 'lambda': 0.9149085988118676, 'alpha': 0.013632711677923185, 'colsample_bytree': 0.40365104396179174, 'subsample': 0.8802490995149219, 'learning_rate': 0.0795765820878982, 'max_depth': 5, 'min_child_weight': 6, 'eval_metric': 'logloss'}. Best is trial 425 with value: 0.9801333333333333.
start listen on 10.110.42.71:59583
@tracker All of 1 nodes getting started
@tracker All nodes finishes job
start listen on 10.110.42.71:53339
@tracker All of 1 nodes getting started
@tracker All nodes finishes job
start listen on 10.110.42.71:45853
@tracker All of 1 nodes getting started
@tracker All nodes finishes job
start listen on 10.110.42.71:33295
@tracker All of 1 nodes getting started
@tracker All nodes finishes job
start listen on 10.110.42.71:47023
@tracker All of 1 nodes getting started
@tracker All nodes finishes job
Trial 550 finished with value: 0.9796 and parameters: {'tree_method': 'gpu_hist', 'lambda': 0.6318585924398876, 'alpha': 0.031983653529740426, 'colsample_bytree': 0.4572095138004797, 'subsample': 0.8947053555585297, 'learning_rate': 0.08656560916778457, 'max_depth': 5, 'min_child_weight': 1, 'eval_metric': 'logloss'}. Best is trial 425 with value: 0.9801333333333333.
start listen on 10.110.42.71:33459
@tracker All of 1 nodes getting started
@tracker All nodes finishes job
start listen on 10.110.42.71:53915
@tracker All of 1 nodes getting started
@tracker All nodes finishes job
start listen on 10.110.42.71:38815
@tracker All of 1 nodes getting started
@tracker All nodes finishes job
start listen on 10.110.42.71:48137
@tracker All of 1 nodes getting started
@tracker All nodes finishes job
start listen on 10.110.42.71:46433
@tracker All of 1 nodes getting started
@tracker All nodes finishes job
Trial 551 finished with value: 0.9781666666666666 and parameters: {'tree_method': 'gpu_hist', 'lambda': 2.679668979939231, 'alpha': 0.020286818830229286, 'colsample_bytree': 0.4713620741097076, 'subsample': 0.9718026162578718, 'learning_rate': 0.09931570030603583, 'max_depth': 5, 'min_child_weight': 7, 'eval_metric': 'logloss'}. Best is trial 425 with value: 0.9801333333333333.
start listen on 10.110.42.71:41141
@tracker All of 1 nodes getting started
@tracker All nodes finishes job
start listen on 10.110.42.71:48601
@tracker All of 1 nodes getting started
@tracker All nodes finishes job
start listen on 10.110.42.71:59103
@tracker All of 1 nodes getting started
@tracker All nodes finishes job
start listen on 10.110.42.71:58939
@tracker All of 1 nodes getting started
@tracker All nodes finishes job
start listen on 10.110.42.71:52317
@tracker All of 1 nodes getting started
@tracker All nodes finishes job
Trial 552 finished with value: 0.9762333333333333 and parameters: {'tree_method': 'gpu_hist', 'lambda': 0.7647435579248963, 'alpha': 0.0279407689468405, 'colsample_bytree': 0.44580157856584574, 'subsample': 0.9276938069971811, 'learning_rate': 0.09982139205010786, 'max_depth': 5, 'min_child_weight': 19, 'eval_metric': 'logloss'}. Best is trial 425 with value: 0.9801333333333333.
start listen on 10.110.42.71:46685
@tracker All of 1 nodes getting started
@tracker All nodes finishes job
start listen on 10.110.42.71:41073
@tracker All of 1 nodes getting started
@tracker All nodes finishes job
start listen on 10.110.42.71:48445
@tracker All of 1 nodes getting started
@tracker All nodes finishes job
start listen on 10.110.42.71:47769
@tracker All of 1 nodes getting started
@tracker All nodes finishes job
start listen on 10.110.42.71:34041
@tracker All of 1 nodes getting started
@tracker All nodes finishes job
Trial 553 finished with value: 0.9772833333333333 and parameters: {'tree_method': 'gpu_hist', 'lambda': 0.526706558794668, 'alpha': 0.003196223679270982, 'colsample_bytree': 0.4764608093711978, 'subsample': 0.9460323653206414, 'learning_rate': 0.08489155814493114, 'max_depth': 5, 'min_child_weight': 11, 'eval_metric': 'logloss'}. Best is trial 425 with value: 0.9801333333333333.
start listen on 10.110.42.71:57815
@tracker All of 1 nodes getting started
@tracker All nodes finishes job
start listen on 10.110.42.71:43231
@tracker All of 1 nodes getting started
@tracker All nodes finishes job
start listen on 10.110.42.71:33447
@tracker All of 1 nodes getting started
@tracker All nodes finishes job
start listen on 10.110.42.71:37421
@tracker All of 1 nodes getting started
@tracker All nodes finishes job
start listen on 10.110.42.71:54375
@tracker All of 1 nodes getting started
@tracker All nodes finishes job
Trial 554 finished with value: 0.9780666666666666 and parameters: {'tree_method': 'gpu_hist', 'lambda': 1.0881956032687747, 'alpha': 0.04929948928787127, 'colsample_bytree': 0.46263533147841407, 'subsample': 0.9007399520129448, 'learning_rate': 0.07193465817706696, 'max_depth': 5, 'min_child_weight': 6, 'eval_metric': 'logloss'}. Best is trial 425 with value: 0.9801333333333333.
start listen on 10.110.42.71:39831
@tracker All of 1 nodes getting started
@tracker All nodes finishes job
start listen on 10.110.42.71:37251
@tracker All of 1 nodes getting started
@tracker All nodes finishes job
start listen on 10.110.42.71:51437
@tracker All of 1 nodes getting started
@tracker All nodes finishes job
start listen on 10.110.42.71:56303
@tracker All of 1 nodes getting started
@tracker All nodes finishes job
start listen on 10.110.42.71:41987
@tracker All of 1 nodes getting started
@tracker All nodes finishes job
Trial 555 finished with value: 0.9799166666666667 and parameters: {'tree_method': 'gpu_hist', 'lambda': 0.9885815822825186, 'alpha': 0.009045657901894781, 'colsample_bytree': 0.4319754949739931, 'subsample': 0.8492601051627874, 'learning_rate': 0.09149377630952678, 'max_depth': 5, 'min_child_weight': 1, 'eval_metric': 'logloss'}. Best is trial 425 with value: 0.9801333333333333.
start listen on 10.110.42.71:60349
@tracker All of 1 nodes getting started
@tracker All nodes finishes job
start listen on 10.110.42.71:41633
@tracker All of 1 nodes getting started
@tracker All nodes finishes job
start listen on 10.110.42.71:39541
@tracker All of 1 nodes getting started
@tracker All nodes finishes job
start listen on 10.110.42.71:50167
@tracker All of 1 nodes getting started
@tracker All nodes finishes job
start listen on 10.110.42.71:50461
@tracker All of 1 nodes getting started
@tracker All nodes finishes job
Trial 556 finished with value: 0.9796333333333334 and parameters: {'tree_method': 'gpu_hist', 'lambda': 1.1029811215290242, 'alpha': 0.008903606771180335, 'colsample_bytree': 0.42864749731823326, 'subsample': 0.8510385289693633, 'learning_rate': 0.09174622399682776, 'max_depth': 5, 'min_child_weight': 1, 'eval_metric': 'logloss'}. Best is trial 425 with value: 0.9801333333333333.
start listen on 10.110.42.71:52103
@tracker All of 1 nodes getting started
@tracker All nodes finishes job
start listen on 10.110.42.71:56919
@tracker All of 1 nodes getting started
@tracker All nodes finishes job
start listen on 10.110.42.71:36519
@tracker All of 1 nodes getting started
@tracker All nodes finishes job
start listen on 10.110.42.71:55737
@tracker All of 1 nodes getting started
@tracker All nodes finishes job
start listen on 10.110.42.71:39839
@tracker All of 1 nodes getting started
@tracker All nodes finishes job
