Trial 605 finished with value: 0.978 and parameters: {'tree_method': 'gpu_hist', 'lambda': 0.917353351103615, 'alpha': 0.014844134779910253, 'colsample_bytree': 0.4787809348730174, 'subsample': 0.8892077815941195, 'learning_rate': 0.09986610284134181, 'max_depth': 5, 'min_child_weight': 6, 'eval_metric': 'logloss'}. Best is trial 425 with value: 0.9801333333333333.
start listen on 10.110.42.71:49895
@tracker All of 1 nodes getting started
@tracker All nodes finishes job
start listen on 10.110.42.71:45343
@tracker All of 1 nodes getting started
@tracker All nodes finishes job
start listen on 10.110.42.71:39121
@tracker All of 1 nodes getting started
@tracker All nodes finishes job
start listen on 10.110.42.71:36837
@tracker All of 1 nodes getting started
@tracker All nodes finishes job
start listen on 10.110.42.71:56177
@tracker All of 1 nodes getting started
@tracker All nodes finishes job
Trial 606 finished with value: 0.9770333333333333 and parameters: {'tree_method': 'gpu_hist', 'lambda': 0.5235346386373602, 'alpha': 0.012786961606470774, 'colsample_bytree': 0.4685186980706666, 'subsample': 0.8977436328242088, 'learning_rate': 0.08641119762917249, 'max_depth': 15, 'min_child_weight': 11, 'eval_metric': 'logloss'}. Best is trial 425 with value: 0.9801333333333333.
start listen on 10.110.42.71:38791
@tracker All of 1 nodes getting started
@tracker All nodes finishes job
start listen on 10.110.42.71:37957
@tracker All of 1 nodes getting started
@tracker All nodes finishes job
start listen on 10.110.42.71:58239
@tracker All of 1 nodes getting started
@tracker All nodes finishes job
start listen on 10.110.42.71:43929
@tracker All of 1 nodes getting started
@tracker All nodes finishes job
start listen on 10.110.42.71:49179
@tracker All of 1 nodes getting started
@tracker All nodes finishes job
Trial 607 finished with value: 0.9424166666666667 and parameters: {'tree_method': 'gpu_hist', 'lambda': 1.5451806717805938, 'alpha': 0.008636832514082067, 'colsample_bytree': 0.6061246013548434, 'subsample': 0.9126573090297548, 'learning_rate': 0.003979698662169362, 'max_depth': 5, 'min_child_weight': 1, 'eval_metric': 'logloss'}. Best is trial 425 with value: 0.9801333333333333.
start listen on 10.110.42.71:40605
@tracker All of 1 nodes getting started
@tracker All nodes finishes job
start listen on 10.110.42.71:50825
@tracker All of 1 nodes getting started
@tracker All nodes finishes job
start listen on 10.110.42.71:43011
@tracker All of 1 nodes getting started
@tracker All nodes finishes job
start listen on 10.110.42.71:60847
@tracker All of 1 nodes getting started
@tracker All nodes finishes job
start listen on 10.110.42.71:36341
@tracker All of 1 nodes getting started
@tracker All nodes finishes job
Trial 608 finished with value: 0.9799333333333333 and parameters: {'tree_method': 'gpu_hist', 'lambda': 0.08523216625366721, 'alpha': 0.019105141544757866, 'colsample_bytree': 0.3774423282306675, 'subsample': 0.8690600440867735, 'learning_rate': 0.07738809037046512, 'max_depth': 5, 'min_child_weight': 1, 'eval_metric': 'logloss'}. Best is trial 425 with value: 0.9801333333333333.
start listen on 10.110.42.71:40045
@tracker All of 1 nodes getting started
@tracker All nodes finishes job
start listen on 10.110.42.71:57877
@tracker All of 1 nodes getting started
@tracker All nodes finishes job
start listen on 10.110.42.71:43701
@tracker All of 1 nodes getting started
@tracker All nodes finishes job
start listen on 10.110.42.71:45241
@tracker All of 1 nodes getting started
@tracker All nodes finishes job
start listen on 10.110.42.71:57623
@tracker All of 1 nodes getting started
@tracker All nodes finishes job
Trial 609 finished with value: 0.9751333333333333 and parameters: {'tree_method': 'gpu_hist', 'lambda': 0.0980193709319551, 'alpha': 0.016299589338972957, 'colsample_bytree': 0.33510317071494533, 'subsample': 0.8516524752973312, 'learning_rate': 0.06227928741813139, 'max_depth': 5, 'min_child_weight': 25, 'eval_metric': 'logloss'}. Best is trial 425 with value: 0.9801333333333333.
start listen on 10.110.42.71:53505
@tracker All of 1 nodes getting started
@tracker All nodes finishes job
start listen on 10.110.42.71:42269
@tracker All of 1 nodes getting started
@tracker All nodes finishes job
start listen on 10.110.42.71:40333
@tracker All of 1 nodes getting started
@tracker All nodes finishes job
start listen on 10.110.42.71:56869
@tracker All of 1 nodes getting started
@tracker All nodes finishes job
start listen on 10.110.42.71:46089
@tracker All of 1 nodes getting started
@tracker All nodes finishes job
Trial 610 finished with value: 0.9704333333333334 and parameters: {'tree_method': 'gpu_hist', 'lambda': 1.0302551960904227, 'alpha': 0.019388355183202265, 'colsample_bytree': 0.376080003594184, 'subsample': 0.8248935632696852, 'learning_rate': 0.06946960939222517, 'max_depth': 5, 'min_child_weight': 72, 'eval_metric': 'logloss'}. Best is trial 425 with value: 0.9801333333333333.
start listen on 10.110.42.71:57553
@tracker All of 1 nodes getting started
@tracker All nodes finishes job
start listen on 10.110.42.71:39561
@tracker All of 1 nodes getting started
@tracker All nodes finishes job
start listen on 10.110.42.71:35669
@tracker All of 1 nodes getting started
@tracker All nodes finishes job
start listen on 10.110.42.71:35969
@tracker All of 1 nodes getting started
@tracker All nodes finishes job
start listen on 10.110.42.71:45061
@tracker All of 1 nodes getting started
@tracker All nodes finishes job
Trial 611 finished with value: 0.9769166666666667 and parameters: {'tree_method': 'gpu_hist', 'lambda': 0.12188661092901755, 'alpha': 0.019509163990303318, 'colsample_bytree': 0.35319288374713587, 'subsample': 0.8673690159821379, 'learning_rate': 0.06586354567833694, 'max_depth': 5, 'min_child_weight': 15, 'eval_metric': 'logloss'}. Best is trial 425 with value: 0.9801333333333333.
start listen on 10.110.42.71:48815
@tracker All of 1 nodes getting started
@tracker All nodes finishes job
start listen on 10.110.42.71:44737
@tracker All of 1 nodes getting started
@tracker All nodes finishes job
start listen on 10.110.42.71:58651
@tracker All of 1 nodes getting started
@tracker All nodes finishes job
start listen on 10.110.42.71:59083
@tracker All of 1 nodes getting started
@tracker All nodes finishes job
start listen on 10.110.42.71:54589
@tracker All of 1 nodes getting started
@tracker All nodes finishes job
Trial 612 finished with value: 0.9793666666666667 and parameters: {'tree_method': 'gpu_hist', 'lambda': 0.14307346172169888, 'alpha': 0.01518410976465479, 'colsample_bytree': 0.48377681136995887, 'subsample': 0.8772354895736417, 'learning_rate': 0.07387973622081774, 'max_depth': 5, 'min_child_weight': 1, 'eval_metric': 'logloss'}. Best is trial 425 with value: 0.9801333333333333.
start listen on 10.110.42.71:47589
@tracker All of 1 nodes getting started
@tracker All nodes finishes job
start listen on 10.110.42.71:49469
@tracker All of 1 nodes getting started
@tracker All nodes finishes job
start listen on 10.110.42.71:34785
@tracker All of 1 nodes getting started
@tracker All nodes finishes job
start listen on 10.110.42.71:35349
@tracker All of 1 nodes getting started
@tracker All nodes finishes job
start listen on 10.110.42.71:42525
@tracker All of 1 nodes getting started
@tracker All nodes finishes job
Trial 613 finished with value: 0.966 and parameters: {'tree_method': 'gpu_hist', 'lambda': 1.1559640187518228, 'alpha': 0.011946895634280492, 'colsample_bytree': 0.37700281020530063, 'subsample': 0.8451229243473507, 'learning_rate': 0.07641666674557385, 'max_depth': 13, 'min_child_weight': 117, 'eval_metric': 'logloss'}. Best is trial 425 with value: 0.9801333333333333.
start listen on 10.110.42.71:48875
@tracker All of 1 nodes getting started
@tracker All nodes finishes job
start listen on 10.110.42.71:45441
@tracker All of 1 nodes getting started
@tracker All nodes finishes job
start listen on 10.110.42.71:36073
@tracker All of 1 nodes getting started
@tracker All nodes finishes job
start listen on 10.110.42.71:56909
@tracker All of 1 nodes getting started
@tracker All nodes finishes job
start listen on 10.110.42.71:60061
@tracker All of 1 nodes getting started
@tracker All nodes finishes job
Trial 614 finished with value: 0.953 and parameters: {'tree_method': 'gpu_hist', 'lambda': 0.09443055211213264, 'alpha': 0.01967137936115102, 'colsample_bytree': 0.8166023391142422, 'subsample': 0.8605532048309728, 'learning_rate': 0.0814713757600021, 'max_depth': 5, 'min_child_weight': 257, 'eval_metric': 'logloss'}. Best is trial 425 with value: 0.9801333333333333.
start listen on 10.110.42.71:54053
@tracker All of 1 nodes getting started
@tracker All nodes finishes job
start listen on 10.110.42.71:51323
@tracker All of 1 nodes getting started
@tracker All nodes finishes job
start listen on 10.110.42.71:52735
@tracker All of 1 nodes getting started
@tracker All nodes finishes job
start listen on 10.110.42.71:52315
@tracker All of 1 nodes getting started
@tracker All nodes finishes job
start listen on 10.110.42.71:44961
@tracker All of 1 nodes getting started
@tracker All nodes finishes job
Trial 615 finished with value: 0.9711166666666666 and parameters: {'tree_method': 'gpu_hist', 'lambda': 0.09902246087043991, 'alpha': 0.017222140195094517, 'colsample_bytree': 0.4985153199394842, 'subsample': 0.7870255559468504, 'learning_rate': 0.0681660226326152, 'max_depth': 5, 'min_child_weight': 63, 'eval_metric': 'logloss'}. Best is trial 425 with value: 0.9801333333333333.
start listen on 10.110.42.71:59025
@tracker All of 1 nodes getting started
@tracker All nodes finishes job
start listen on 10.110.42.71:42175
@tracker All of 1 nodes getting started
@tracker All nodes finishes job
start listen on 10.110.42.71:36843
@tracker All of 1 nodes getting started
@tracker All nodes finishes job
start listen on 10.110.42.71:57941
@tracker All of 1 nodes getting started
@tracker All nodes finishes job
start listen on 10.110.42.71:58855
@tracker All of 1 nodes getting started
@tracker All nodes finishes job
Trial 616 finished with value: 0.9763833333333334 and parameters: {'tree_method': 'gpu_hist', 'lambda': 0.8566587801379705, 'alpha': 0.013756132921801749, 'colsample_bytree': 0.3976482146903662, 'subsample': 0.4108101538104662, 'learning_rate': 0.07882855292646579, 'max_depth': 5, 'min_child_weight': 7, 'eval_metric': 'logloss'}. Best is trial 425 with value: 0.9801333333333333.
start listen on 10.110.42.71:60499
@tracker All of 1 nodes getting started
@tracker All nodes finishes job
start listen on 10.110.42.71:37237
@tracker All of 1 nodes getting started
@tracker All nodes finishes job
start listen on 10.110.42.71:59805
@tracker All of 1 nodes getting started
@tracker All nodes finishes job
start listen on 10.110.42.71:57971
@tracker All of 1 nodes getting started
@tracker All nodes finishes job
start listen on 10.110.42.71:38657
@tracker All of 1 nodes getting started
@tracker All nodes finishes job
Trial 617 finished with value: 0.9771833333333333 and parameters: {'tree_method': 'gpu_hist', 'lambda': 0.7351816393161428, 'alpha': 0.021780157538345498, 'colsample_bytree': 0.4625170557102945, 'subsample': 0.8821218965955495, 'learning_rate': 0.08544588162787327, 'max_depth': 5, 'min_child_weight': 11, 'eval_metric': 'logloss'}. Best is trial 425 with value: 0.9801333333333333.
start listen on 10.110.42.71:49827
@tracker All of 1 nodes getting started
@tracker All nodes finishes job
start listen on 10.110.42.71:54079
@tracker All of 1 nodes getting started
@tracker All nodes finishes job
start listen on 10.110.42.71:53061
@tracker All of 1 nodes getting started
@tracker All nodes finishes job
start listen on 10.110.42.71:42605
@tracker All of 1 nodes getting started
@tracker All nodes finishes job
start listen on 10.110.42.71:34611
@tracker All of 1 nodes getting started
@tracker All nodes finishes job
Trial 618 finished with value: 0.9689833333333333 and parameters: {'tree_method': 'gpu_hist', 'lambda': 0.047809903239898116, 'alpha': 0.006380197622033853, 'colsample_bytree': 0.5404540742823126, 'subsample': 0.8674158396662723, 'learning_rate': 0.07180829483477022, 'max_depth': 5, 'min_child_weight': 84, 'eval_metric': 'logloss'}. Best is trial 425 with value: 0.9801333333333333.
start listen on 10.110.42.71:50503
@tracker All of 1 nodes getting started
@tracker All nodes finishes job
start listen on 10.110.42.71:60365
@tracker All of 1 nodes getting started
@tracker All nodes finishes job
start listen on 10.110.42.71:33019
@tracker All of 1 nodes getting started
@tracker All nodes finishes job
start listen on 10.110.42.71:58323
@tracker All of 1 nodes getting started
@tracker All nodes finishes job
start listen on 10.110.42.71:52269
@tracker All of 1 nodes getting started
@tracker All nodes finishes job
Trial 619 finished with value: 0.97985 and parameters: {'tree_method': 'gpu_hist', 'lambda': 0.07773563606147561, 'alpha': 0.010112709378768887, 'colsample_bytree': 0.42077758772994384, 'subsample': 0.8841816912169729, 'learning_rate': 0.09197542043108332, 'max_depth': 5, 'min_child_weight': 1, 'eval_metric': 'logloss'}. Best is trial 425 with value: 0.9801333333333333.
start listen on 10.110.42.71:59991
@tracker All of 1 nodes getting started
@tracker All nodes finishes job
start listen on 10.110.42.71:46677
@tracker All of 1 nodes getting started
@tracker All nodes finishes job
start listen on 10.110.42.71:60195
@tracker All of 1 nodes getting started
@tracker All nodes finishes job
start listen on 10.110.42.71:42041
@tracker All of 1 nodes getting started
@tracker All nodes finishes job
start listen on 10.110.42.71:34929
@tracker All of 1 nodes getting started
@tracker All nodes finishes job
Trial 620 finished with value: 0.9780833333333333 and parameters: {'tree_method': 'gpu_hist', 'lambda': 0.08036505985754198, 'alpha': 0.008384696825874826, 'colsample_bytree': 0.41669185870321235, 'subsample': 0.8515071261549406, 'learning_rate': 0.09345705828864169, 'max_depth': 5, 'min_child_weight': 6, 'eval_metric': 'logloss'}. Best is trial 425 with value: 0.9801333333333333.
start listen on 10.110.42.71:42503
@tracker All of 1 nodes getting started
@tracker All nodes finishes job
start listen on 10.110.42.71:59141
@tracker All of 1 nodes getting started
@tracker All nodes finishes job
start listen on 10.110.42.71:48765
@tracker All of 1 nodes getting started
@tracker All nodes finishes job
start listen on 10.110.42.71:37063
@tracker All of 1 nodes getting started
@tracker All nodes finishes job
start listen on 10.110.42.71:39053
@tracker All of 1 nodes getting started
@tracker All nodes finishes job
Trial 621 finished with value: 0.9766666666666667 and parameters: {'tree_method': 'gpu_hist', 'lambda': 0.05716510464291686, 'alpha': 0.26216287370234215, 'colsample_bytree': 0.4227631764804254, 'subsample': 0.8780683461464699, 'learning_rate': 0.09065866625635652, 'max_depth': 5, 'min_child_weight': 16, 'eval_metric': 'logloss'}. Best is trial 425 with value: 0.9801333333333333.
start listen on 10.110.42.71:46437
@tracker All of 1 nodes getting started
@tracker All nodes finishes job
start listen on 10.110.42.71:50593
@tracker All of 1 nodes getting started
@tracker All nodes finishes job
start listen on 10.110.42.71:51333
@tracker All of 1 nodes getting started
@tracker All nodes finishes job
start listen on 10.110.42.71:44529
@tracker All of 1 nodes getting started
@tracker All nodes finishes job
start listen on 10.110.42.71:51313
@tracker All of 1 nodes getting started
@tracker All nodes finishes job
Trial 622 finished with value: 0.97975 and parameters: {'tree_method': 'gpu_hist', 'lambda': 0.07992299659939071, 'alpha': 0.001008858639231702, 'colsample_bytree': 0.40693194966261725, 'subsample': 0.8697232954430573, 'learning_rate': 0.09997588630633712, 'max_depth': 5, 'min_child_weight': 1, 'eval_metric': 'logloss'}. Best is trial 425 with value: 0.9801333333333333.
start listen on 10.110.42.71:37035
@tracker All of 1 nodes getting started
@tracker All nodes finishes job
start listen on 10.110.42.71:34305
@tracker All of 1 nodes getting started
@tracker All nodes finishes job
start listen on 10.110.42.71:49257
@tracker All of 1 nodes getting started
@tracker All nodes finishes job
start listen on 10.110.42.71:44479
@tracker All of 1 nodes getting started
@tracker All nodes finishes job
start listen on 10.110.42.71:48133
@tracker All of 1 nodes getting started
@tracker All nodes finishes job
Trial 623 finished with value: 0.97755 and parameters: {'tree_method': 'gpu_hist', 'lambda': 0.08302498060642753, 'alpha': 0.01046385335901887, 'colsample_bytree': 0.4234755297746305, 'subsample': 0.8922008229082652, 'learning_rate': 0.08852365307426256, 'max_depth': 17, 'min_child_weight': 7, 'eval_metric': 'logloss'}. Best is trial 425 with value: 0.9801333333333333.
start listen on 10.110.42.71:37537
@tracker All of 1 nodes getting started
@tracker All nodes finishes job
start listen on 10.110.42.71:44033
@tracker All of 1 nodes getting started
@tracker All nodes finishes job
start listen on 10.110.42.71:57301
@tracker All of 1 nodes getting started
@tracker All nodes finishes job
start listen on 10.110.42.71:41505
@tracker All of 1 nodes getting started
@tracker All nodes finishes job
start listen on 10.110.42.71:59399
@tracker All of 1 nodes getting started
@tracker All nodes finishes job
Trial 624 finished with value: 0.9774333333333334 and parameters: {'tree_method': 'gpu_hist', 'lambda': 0.06305265532600725, 'alpha': 0.009101232013148193, 'colsample_bytree': 0.4020122174338194, 'subsample': 0.8841045364282146, 'learning_rate': 0.08443213365803524, 'max_depth': 5, 'min_child_weight': 11, 'eval_metric': 'logloss'}. Best is trial 425 with value: 0.9801333333333333.
start listen on 10.110.42.71:52707
@tracker All of 1 nodes getting started
@tracker All nodes finishes job
start listen on 10.110.42.71:39253
@tracker All of 1 nodes getting started
@tracker All nodes finishes job
start listen on 10.110.42.71:56303
@tracker All of 1 nodes getting started
@tracker All nodes finishes job
start listen on 10.110.42.71:38959
@tracker All of 1 nodes getting started
@tracker All nodes finishes job
start listen on 10.110.42.71:38117
@tracker All of 1 nodes getting started
@tracker All nodes finishes job
Trial 625 finished with value: 0.9796 and parameters: {'tree_method': 'gpu_hist', 'lambda': 0.06860417714940104, 'alpha': 0.005738830733048927, 'colsample_bytree': 0.38903631286246854, 'subsample': 0.8631415584119719, 'learning_rate': 0.09241618394194634, 'max_depth': 5, 'min_child_weight': 1, 'eval_metric': 'logloss'}. Best is trial 425 with value: 0.9801333333333333.
start listen on 10.110.42.71:44317
@tracker All of 1 nodes getting started
@tracker All nodes finishes job
start listen on 10.110.42.71:52447
@tracker All of 1 nodes getting started
@tracker All nodes finishes job
start listen on 10.110.42.71:59785
@tracker All of 1 nodes getting started
@tracker All nodes finishes job
start listen on 10.110.42.71:37467
@tracker All of 1 nodes getting started
@tracker All nodes finishes job
start listen on 10.110.42.71:36307
@tracker All of 1 nodes getting started
@tracker All nodes finishes job
Trial 626 finished with value: 0.9769 and parameters: {'tree_method': 'gpu_hist', 'lambda': 0.06823842000292965, 'alpha': 0.0076196239364736094, 'colsample_bytree': 0.4369869042028146, 'subsample': 0.8387437412806035, 'learning_rate': 0.03562732713507344, 'max_depth': 20, 'min_child_weight': 7, 'eval_metric': 'logloss'}. Best is trial 425 with value: 0.9801333333333333.
start listen on 10.110.42.71:56297
@tracker All of 1 nodes getting started
@tracker All nodes finishes job
start listen on 10.110.42.71:38691
@tracker All of 1 nodes getting started
@tracker All nodes finishes job
start listen on 10.110.42.71:39039
@tracker All of 1 nodes getting started
@tracker All nodes finishes job
start listen on 10.110.42.71:46953
@tracker All of 1 nodes getting started
@tracker All nodes finishes job
start listen on 10.110.42.71:40693
@tracker All of 1 nodes getting started
@tracker All nodes finishes job
Trial 627 finished with value: 0.9762 and parameters: {'tree_method': 'gpu_hist', 'lambda': 0.09070985479406062, 'alpha': 0.010828187882170168, 'colsample_bytree': 0.4170309466898115, 'subsample': 0.8555534790479398, 'learning_rate': 0.08392230118259865, 'max_depth': 5, 'min_child_weight': 20, 'eval_metric': 'logloss'}. Best is trial 425 with value: 0.9801333333333333.
start listen on 10.110.42.71:50751
@tracker All of 1 nodes getting started
@tracker All nodes finishes job
start listen on 10.110.42.71:52841
@tracker All of 1 nodes getting started
@tracker All nodes finishes job
start listen on 10.110.42.71:33771
@tracker All of 1 nodes getting started
@tracker All nodes finishes job
start listen on 10.110.42.71:38905
@tracker All of 1 nodes getting started
@tracker All nodes finishes job
start listen on 10.110.42.71:48833
@tracker All of 1 nodes getting started
@tracker All nodes finishes job
Trial 628 finished with value: 0.9772166666666666 and parameters: {'tree_method': 'gpu_hist', 'lambda': 0.07327295053521746, 'alpha': 0.007477902515179075, 'colsample_bytree': 0.36047806835974, 'subsample': 0.894999385003999, 'learning_rate': 0.07798983313514178, 'max_depth': 5, 'min_child_weight': 11, 'eval_metric': 'logloss'}. Best is trial 425 with value: 0.9801333333333333.
start listen on 10.110.42.71:36665
@tracker All of 1 nodes getting started
@tracker All nodes finishes job
start listen on 10.110.42.71:34997
@tracker All of 1 nodes getting started
@tracker All nodes finishes job
start listen on 10.110.42.71:58503
@tracker All of 1 nodes getting started
@tracker All nodes finishes job
start listen on 10.110.42.71:41651
@tracker All of 1 nodes getting started
@tracker All nodes finishes job
start listen on 10.110.42.71:58121
@tracker All of 1 nodes getting started
@tracker All nodes finishes job
