Trial 989 finished with value: 0.9771833333333333 and parameters: {'tree_method': 'gpu_hist', 'lambda': 1.0044421962155232, 'alpha': 0.012262462073031343, 'colsample_bytree': 0.4344365586029782, 'subsample': 0.842748277325939, 'learning_rate': 0.08059550864395444, 'max_depth': 5, 'min_child_weight': 11, 'eval_metric': 'logloss'}. Best is trial 425 with value: 0.9801333333333333.
start listen on 10.110.42.71:50969
@tracker All of 1 nodes getting started
@tracker All nodes finishes job
start listen on 10.110.42.71:53261
@tracker All of 1 nodes getting started
@tracker All nodes finishes job
start listen on 10.110.42.71:60691
@tracker All of 1 nodes getting started
@tracker All nodes finishes job
start listen on 10.110.42.71:60921
@tracker All of 1 nodes getting started
@tracker All nodes finishes job
start listen on 10.110.42.71:48281
@tracker All of 1 nodes getting started
@tracker All nodes finishes job
Trial 990 finished with value: 0.9185 and parameters: {'tree_method': 'gpu_hist', 'lambda': 0.07521502394162224, 'alpha': 0.015801121288655424, 'colsample_bytree': 0.38476137105016783, 'subsample': 0.9196589562430243, 'learning_rate': 0.0010981704774939097, 'max_depth': 5, 'min_child_weight': 6, 'eval_metric': 'logloss'}. Best is trial 425 with value: 0.9801333333333333.
start listen on 10.110.42.71:37919
@tracker All of 1 nodes getting started
@tracker All nodes finishes job
start listen on 10.110.42.71:46641
@tracker All of 1 nodes getting started
@tracker All nodes finishes job
start listen on 10.110.42.71:43325
@tracker All of 1 nodes getting started
@tracker All nodes finishes job
start listen on 10.110.42.71:36673
@tracker All of 1 nodes getting started
@tracker All nodes finishes job
start listen on 10.110.42.71:36295
@tracker All of 1 nodes getting started
@tracker All nodes finishes job
Trial 991 finished with value: 0.9633333333333334 and parameters: {'tree_method': 'gpu_hist', 'lambda': 0.05941094010636136, 'alpha': 0.01275860663842564, 'colsample_bytree': 0.40370927839863435, 'subsample': 0.8645341850001846, 'learning_rate': 0.07188275319104376, 'max_depth': 5, 'min_child_weight': 148, 'eval_metric': 'logloss'}. Best is trial 425 with value: 0.9801333333333333.
start listen on 10.110.42.71:53731
@tracker All of 1 nodes getting started
@tracker All nodes finishes job
start listen on 10.110.42.71:47387
@tracker All of 1 nodes getting started
@tracker All nodes finishes job
start listen on 10.110.42.71:59321
@tracker All of 1 nodes getting started
@tracker All nodes finishes job
start listen on 10.110.42.71:51519
@tracker All of 1 nodes getting started
@tracker All nodes finishes job
start listen on 10.110.42.71:56119
@tracker All of 1 nodes getting started
@tracker All nodes finishes job
Trial 992 finished with value: 0.98 and parameters: {'tree_method': 'gpu_hist', 'lambda': 0.5939401299813205, 'alpha': 0.02169344752455412, 'colsample_bytree': 0.3287830589939597, 'subsample': 0.8990064692558826, 'learning_rate': 0.09252895926834422, 'max_depth': 5, 'min_child_weight': 1, 'eval_metric': 'logloss'}. Best is trial 425 with value: 0.9801333333333333.
start listen on 10.110.42.71:42349
@tracker All of 1 nodes getting started
@tracker All nodes finishes job
start listen on 10.110.42.71:47151
@tracker All of 1 nodes getting started
@tracker All nodes finishes job
start listen on 10.110.42.71:53323
@tracker All of 1 nodes getting started
@tracker All nodes finishes job
start listen on 10.110.42.71:37679
@tracker All of 1 nodes getting started
@tracker All nodes finishes job
start listen on 10.110.42.71:43613
@tracker All of 1 nodes getting started
@tracker All nodes finishes job
Trial 993 finished with value: 0.9774166666666667 and parameters: {'tree_method': 'gpu_hist', 'lambda': 0.47196142200525637, 'alpha': 0.024472388419625287, 'colsample_bytree': 0.3495090189784102, 'subsample': 0.8985020490668199, 'learning_rate': 0.08665686796431886, 'max_depth': 15, 'min_child_weight': 1, 'eval_metric': 'logloss'}. Best is trial 425 with value: 0.9801333333333333.
start listen on 10.110.42.71:56911
@tracker All of 1 nodes getting started
@tracker All nodes finishes job
start listen on 10.110.42.71:53367
@tracker All of 1 nodes getting started
@tracker All nodes finishes job
start listen on 10.110.42.71:45779
@tracker All of 1 nodes getting started
@tracker All nodes finishes job
start listen on 10.110.42.71:52949
@tracker All of 1 nodes getting started
@tracker All nodes finishes job
start listen on 10.110.42.71:41953
@tracker All of 1 nodes getting started
@tracker All nodes finishes job
Trial 994 finished with value: 0.9765833333333334 and parameters: {'tree_method': 'gpu_hist', 'lambda': 0.5934207623945692, 'alpha': 0.03450819534716453, 'colsample_bytree': 0.34833451832673323, 'subsample': 0.8839231506011496, 'learning_rate': 0.09984151621662146, 'max_depth': 5, 'min_child_weight': 16, 'eval_metric': 'logloss'}. Best is trial 425 with value: 0.9801333333333333.
start listen on 10.110.42.71:37433
@tracker All of 1 nodes getting started
@tracker All nodes finishes job
start listen on 10.110.42.71:42743
@tracker All of 1 nodes getting started
@tracker All nodes finishes job
start listen on 10.110.42.71:58685
@tracker All of 1 nodes getting started
@tracker All nodes finishes job
start listen on 10.110.42.71:48369
@tracker All of 1 nodes getting started
@tracker All nodes finishes job
start listen on 10.110.42.71:41685
@tracker All of 1 nodes getting started
@tracker All nodes finishes job
Trial 995 finished with value: 0.9780333333333333 and parameters: {'tree_method': 'gpu_hist', 'lambda': 0.3838470211783594, 'alpha': 0.008993855427801812, 'colsample_bytree': 0.34274664619650247, 'subsample': 0.8705998810044236, 'learning_rate': 0.060362534203912056, 'max_depth': 5, 'min_child_weight': 7, 'eval_metric': 'logloss'}. Best is trial 425 with value: 0.9801333333333333.
start listen on 10.110.42.71:48107
@tracker All of 1 nodes getting started
@tracker All nodes finishes job
start listen on 10.110.42.71:47993
@tracker All of 1 nodes getting started
@tracker All nodes finishes job
start listen on 10.110.42.71:41385
@tracker All of 1 nodes getting started
@tracker All nodes finishes job
start listen on 10.110.42.71:52325
@tracker All of 1 nodes getting started
@tracker All nodes finishes job
start listen on 10.110.42.71:56681
@tracker All of 1 nodes getting started
@tracker All nodes finishes job
Trial 996 finished with value: 0.9771833333333333 and parameters: {'tree_method': 'gpu_hist', 'lambda': 0.6174059008824739, 'alpha': 0.02176320537584049, 'colsample_bytree': 0.32902298156802084, 'subsample': 0.8531289190262821, 'learning_rate': 0.07786554069239661, 'max_depth': 5, 'min_child_weight': 11, 'eval_metric': 'logloss'}. Best is trial 425 with value: 0.9801333333333333.
start listen on 10.110.42.71:56225
@tracker All of 1 nodes getting started
@tracker All nodes finishes job
start listen on 10.110.42.71:60589
@tracker All of 1 nodes getting started
@tracker All nodes finishes job
start listen on 10.110.42.71:34121
@tracker All of 1 nodes getting started
@tracker All nodes finishes job
start listen on 10.110.42.71:38261
@tracker All of 1 nodes getting started
@tracker All nodes finishes job
start listen on 10.110.42.71:39581
@tracker All of 1 nodes getting started
@tracker All nodes finishes job
Trial 997 finished with value: 0.9774833333333334 and parameters: {'tree_method': 'gpu_hist', 'lambda': 0.5346558766929638, 'alpha': 0.026762739903427712, 'colsample_bytree': 0.3264813080692005, 'subsample': 0.8866377085599014, 'learning_rate': 0.09081006020857417, 'max_depth': 13, 'min_child_weight': 1, 'eval_metric': 'logloss'}. Best is trial 425 with value: 0.9801333333333333.
start listen on 10.110.42.71:51275
@tracker All of 1 nodes getting started
@tracker All nodes finishes job
start listen on 10.110.42.71:36773
@tracker All of 1 nodes getting started
@tracker All nodes finishes job
start listen on 10.110.42.71:44703
@tracker All of 1 nodes getting started
@tracker All nodes finishes job
start listen on 10.110.42.71:60927
@tracker All of 1 nodes getting started
@tracker All nodes finishes job
start listen on 10.110.42.71:38173
@tracker All of 1 nodes getting started
@tracker All nodes finishes job
Trial 998 finished with value: 0.9767166666666667 and parameters: {'tree_method': 'gpu_hist', 'lambda': 0.6983247608573767, 'alpha': 0.006904450762628541, 'colsample_bytree': 0.3157609952766185, 'subsample': 0.8623039582940988, 'learning_rate': 0.06819430075019683, 'max_depth': 5, 'min_child_weight': 15, 'eval_metric': 'logloss'}. Best is trial 425 with value: 0.9801333333333333.
start listen on 10.110.42.71:59845
@tracker All of 1 nodes getting started
@tracker All nodes finishes job
start listen on 10.110.42.71:47547
@tracker All of 1 nodes getting started
@tracker All nodes finishes job
start listen on 10.110.42.71:60163
@tracker All of 1 nodes getting started
@tracker All nodes finishes job
start listen on 10.110.42.71:39609
@tracker All of 1 nodes getting started
@tracker All nodes finishes job
start listen on 10.110.42.71:35153
@tracker All of 1 nodes getting started
@tracker All nodes finishes job
Trial 999 finished with value: 0.9749833333333333 and parameters: {'tree_method': 'gpu_hist', 'lambda': 0.8322350665955341, 'alpha': 0.016998656399017185, 'colsample_bytree': 0.42226174008859313, 'subsample': 0.8285843616314897, 'learning_rate': 0.07956130269048195, 'max_depth': 5, 'min_child_weight': 28, 'eval_metric': 'logloss'}. Best is trial 425 with value: 0.9801333333333333.
start listen on 10.110.42.71:60839
@tracker All of 1 nodes getting started
@tracker All nodes finishes job
start listen on 10.110.42.71:49161
@tracker All of 1 nodes getting started
@tracker All nodes finishes job
start listen on 10.110.42.71:43511
@tracker All of 1 nodes getting started
@tracker All nodes finishes job
start listen on 10.110.42.71:49221
@tracker All of 1 nodes getting started
@tracker All nodes finishes job
start listen on 10.110.42.71:39065
@tracker All of 1 nodes getting started
@tracker All nodes finishes job
Trial 1000 finished with value: 0.9782666666666666 and parameters: {'tree_method': 'gpu_hist', 'lambda': 0.4003399535547056, 'alpha': 0.03727731937799773, 'colsample_bytree': 0.4497305984720001, 'subsample': 0.8967000651248409, 'learning_rate': 0.0905643954217215, 'max_depth': 5, 'min_child_weight': 6, 'eval_metric': 'logloss'}. Best is trial 425 with value: 0.9801333333333333.
start listen on 10.110.42.71:48127
@tracker All of 1 nodes getting started
@tracker All nodes finishes job
start listen on 10.110.42.71:34561
@tracker All of 1 nodes getting started
@tracker All nodes finishes job
start listen on 10.110.42.71:49129
@tracker All of 1 nodes getting started
@tracker All nodes finishes job
start listen on 10.110.42.71:37199
@tracker All of 1 nodes getting started
@tracker All nodes finishes job
start listen on 10.110.42.71:34161
@tracker All of 1 nodes getting started
@tracker All nodes finishes job
Trial 1001 finished with value: 0.9795 and parameters: {'tree_method': 'gpu_hist', 'lambda': 0.5865922980160955, 'alpha': 0.11824369880993776, 'colsample_bytree': 0.30363799055982105, 'subsample': 0.8862730396690426, 'learning_rate': 0.0998724773900344, 'max_depth': 5, 'min_child_weight': 1, 'eval_metric': 'logloss'}. Best is trial 425 with value: 0.9801333333333333.
start listen on 10.110.42.71:50303
@tracker All of 1 nodes getting started
@tracker All nodes finishes job
start listen on 10.110.42.71:46355
@tracker All of 1 nodes getting started
@tracker All nodes finishes job
start listen on 10.110.42.71:38683
@tracker All of 1 nodes getting started
@tracker All nodes finishes job
start listen on 10.110.42.71:51407
@tracker All of 1 nodes getting started
@tracker All nodes finishes job
start listen on 10.110.42.71:51145
@tracker All of 1 nodes getting started
@tracker All nodes finishes job
Trial 1002 finished with value: 0.9711833333333333 and parameters: {'tree_method': 'gpu_hist', 'lambda': 0.004713873631652518, 'alpha': 0.021570943993900273, 'colsample_bytree': 0.32739515798332935, 'subsample': 0.8773626908218185, 'learning_rate': 0.08609066823092293, 'max_depth': 5, 'min_child_weight': 74, 'eval_metric': 'logloss'}. Best is trial 425 with value: 0.9801333333333333.
start listen on 10.110.42.71:48057
@tracker All of 1 nodes getting started
@tracker All nodes finishes job
start listen on 10.110.42.71:48735
@tracker All of 1 nodes getting started
@tracker All nodes finishes job
start listen on 10.110.42.71:51031
@tracker All of 1 nodes getting started
@tracker All nodes finishes job
start listen on 10.110.42.71:41719
@tracker All of 1 nodes getting started
@tracker All nodes finishes job
start listen on 10.110.42.71:43817
@tracker All of 1 nodes getting started
@tracker All nodes finishes job
Trial 1003 finished with value: 0.9781833333333333 and parameters: {'tree_method': 'gpu_hist', 'lambda': 0.08126635865738024, 'alpha': 0.02001218294123715, 'colsample_bytree': 0.3059218582223873, 'subsample': 0.9166102082274501, 'learning_rate': 0.08651924126153145, 'max_depth': 5, 'min_child_weight': 7, 'eval_metric': 'logloss'}. Best is trial 425 with value: 0.9801333333333333.
start listen on 10.110.42.71:38629
@tracker All of 1 nodes getting started
@tracker All nodes finishes job
start listen on 10.110.42.71:60467
@tracker All of 1 nodes getting started
@tracker All nodes finishes job
start listen on 10.110.42.71:35565
@tracker All of 1 nodes getting started
@tracker All nodes finishes job
start listen on 10.110.42.71:33743
@tracker All of 1 nodes getting started
@tracker All nodes finishes job
start listen on 10.110.42.71:49149
@tracker All of 1 nodes getting started
@tracker All nodes finishes job
Trial 1004 finished with value: 0.9771333333333333 and parameters: {'tree_method': 'gpu_hist', 'lambda': 0.04438173046856295, 'alpha': 0.023626195757155567, 'colsample_bytree': 0.3505714787438388, 'subsample': 0.9045976242223591, 'learning_rate': 0.0816867559090524, 'max_depth': 5, 'min_child_weight': 11, 'eval_metric': 'logloss'}. Best is trial 425 with value: 0.9801333333333333.
start listen on 10.110.42.71:60205
@tracker All of 1 nodes getting started
@tracker All nodes finishes job
start listen on 10.110.42.71:35443
@tracker All of 1 nodes getting started
@tracker All nodes finishes job
start listen on 10.110.42.71:51615
@tracker All of 1 nodes getting started
@tracker All nodes finishes job
start listen on 10.110.42.71:39979
@tracker All of 1 nodes getting started
@tracker All nodes finishes job
start listen on 10.110.42.71:42549
@tracker All of 1 nodes getting started
@tracker All nodes finishes job
Trial 1005 finished with value: 0.9782 and parameters: {'tree_method': 'gpu_hist', 'lambda': 0.6650768190217027, 'alpha': 0.011698192340899813, 'colsample_bytree': 0.337003723403735, 'subsample': 0.8490712597044505, 'learning_rate': 0.07365606602533666, 'max_depth': 5, 'min_child_weight': 6, 'eval_metric': 'logloss'}. Best is trial 425 with value: 0.9801333333333333.
start listen on 10.110.42.71:39901
@tracker All of 1 nodes getting started
@tracker All nodes finishes job
start listen on 10.110.42.71:32973
@tracker All of 1 nodes getting started
@tracker All nodes finishes job
start listen on 10.110.42.71:45707
@tracker All of 1 nodes getting started
@tracker All nodes finishes job
start listen on 10.110.42.71:47155
@tracker All of 1 nodes getting started
@tracker All nodes finishes job
start listen on 10.110.42.71:57823
@tracker All of 1 nodes getting started
@tracker All nodes finishes job
Trial 1006 finished with value: 0.9694166666666667 and parameters: {'tree_method': 'gpu_hist', 'lambda': 0.007039739015807287, 'alpha': 0.0297358212110177, 'colsample_bytree': 0.3357132922692732, 'subsample': 0.920371050366498, 'learning_rate': 0.09162775428630357, 'max_depth': 5, 'min_child_weight': 99, 'eval_metric': 'logloss'}. Best is trial 425 with value: 0.9801333333333333.
start listen on 10.110.42.71:45675
@tracker All of 1 nodes getting started
@tracker All nodes finishes job
start listen on 10.110.42.71:34907
@tracker All of 1 nodes getting started
@tracker All nodes finishes job
start listen on 10.110.42.71:41257
@tracker All of 1 nodes getting started
@tracker All nodes finishes job
start listen on 10.110.42.71:54427
@tracker All of 1 nodes getting started
@tracker All nodes finishes job
start listen on 10.110.42.71:59383
@tracker All of 1 nodes getting started
@tracker All nodes finishes job
Trial 1007 finished with value: 0.9763 and parameters: {'tree_method': 'gpu_hist', 'lambda': 0.5938469823615933, 'alpha': 0.017838615200262295, 'colsample_bytree': 0.31487471250598353, 'subsample': 0.8959009131165983, 'learning_rate': 0.09135025263051265, 'max_depth': 17, 'min_child_weight': 16, 'eval_metric': 'logloss'}. Best is trial 425 with value: 0.9801333333333333.
start listen on 10.110.42.71:53417
@tracker All of 1 nodes getting started
@tracker All nodes finishes job
start listen on 10.110.42.71:60593
@tracker All of 1 nodes getting started
@tracker All nodes finishes job
start listen on 10.110.42.71:53565
@tracker All of 1 nodes getting started
@tracker All nodes finishes job
start listen on 10.110.42.71:59333
@tracker All of 1 nodes getting started
@tracker All nodes finishes job
start listen on 10.110.42.71:51967
@tracker All of 1 nodes getting started
@tracker All nodes finishes job
Trial 1008 finished with value: 0.9790166666666666 and parameters: {'tree_method': 'gpu_hist', 'lambda': 0.7201461745598741, 'alpha': 0.030196277348173324, 'colsample_bytree': 0.8886124349092697, 'subsample': 0.7934275388102217, 'learning_rate': 0.08571708072900362, 'max_depth': 5, 'min_child_weight': 1, 'eval_metric': 'logloss'}. Best is trial 425 with value: 0.9801333333333333.
start listen on 10.110.42.71:50795
@tracker All of 1 nodes getting started
@tracker All nodes finishes job
start listen on 10.110.42.71:46547
@tracker All of 1 nodes getting started
@tracker All nodes finishes job
start listen on 10.110.42.71:55651
@tracker All of 1 nodes getting started
@tracker All nodes finishes job
start listen on 10.110.42.71:42859
@tracker All of 1 nodes getting started
@tracker All nodes finishes job
start listen on 10.110.42.71:34239
@tracker All of 1 nodes getting started
@tracker All nodes finishes job
Trial 1009 finished with value: 0.9770333333333333 and parameters: {'tree_method': 'gpu_hist', 'lambda': 0.8297042349842217, 'alpha': 0.014560006456721874, 'colsample_bytree': 0.31459435613443565, 'subsample': 0.8760232928494157, 'learning_rate': 0.09968238633798919, 'max_depth': 5, 'min_child_weight': 12, 'eval_metric': 'logloss'}. Best is trial 425 with value: 0.9801333333333333.
start listen on 10.110.42.71:49031
@tracker All of 1 nodes getting started
@tracker All nodes finishes job
start listen on 10.110.42.71:44111
@tracker All of 1 nodes getting started
@tracker All nodes finishes job
start listen on 10.110.42.71:59057
@tracker All of 1 nodes getting started
@tracker All nodes finishes job
start listen on 10.110.42.71:45007
@tracker All of 1 nodes getting started
@tracker All nodes finishes job
start listen on 10.110.42.71:41263
@tracker All of 1 nodes getting started
@tracker All nodes finishes job
Trial 1010 finished with value: 0.9726333333333333 and parameters: {'tree_method': 'gpu_hist', 'lambda': 0.4517681340109223, 'alpha': 0.022194168194511744, 'colsample_bytree': 0.36583236139120595, 'subsample': 0.40321208317994284, 'learning_rate': 0.07917428797024553, 'max_depth': 20, 'min_child_weight': 24, 'eval_metric': 'logloss'}. Best is trial 425 with value: 0.9801333333333333.
start listen on 10.110.42.71:41271
@tracker All of 1 nodes getting started
@tracker All nodes finishes job
start listen on 10.110.42.71:46231
@tracker All of 1 nodes getting started
@tracker All nodes finishes job
start listen on 10.110.42.71:46415
@tracker All of 1 nodes getting started
@tracker All nodes finishes job
start listen on 10.110.42.71:34531
@tracker All of 1 nodes getting started
@tracker All nodes finishes job
start listen on 10.110.42.71:50331
@tracker All of 1 nodes getting started
@tracker All nodes finishes job
Trial 1011 finished with value: 0.9778 and parameters: {'tree_method': 'gpu_hist', 'lambda': 0.10728217958873341, 'alpha': 0.019259030265956312, 'colsample_bytree': 0.35657110702243117, 'subsample': 0.902769729706093, 'learning_rate': 0.08387221793766896, 'max_depth': 5, 'min_child_weight': 7, 'eval_metric': 'logloss'}. Best is trial 425 with value: 0.9801333333333333.
start listen on 10.110.42.71:49083
@tracker All of 1 nodes getting started
@tracker All nodes finishes job
start listen on 10.110.42.71:46559
@tracker All of 1 nodes getting started
@tracker All nodes finishes job
start listen on 10.110.42.71:59571
@tracker All of 1 nodes getting started
@tracker All nodes finishes job
start listen on 10.110.42.71:40735
@tracker All of 1 nodes getting started
@tracker All nodes finishes job
start listen on 10.110.42.71:46983
@tracker All of 1 nodes getting started
@tracker All nodes finishes job
Trial 1012 finished with value: 0.9795166666666667 and parameters: {'tree_method': 'gpu_hist', 'lambda': 1.0777678179990897, 'alpha': 0.010367565034349387, 'colsample_bytree': 0.41771043497972954, 'subsample': 0.8605573924090625, 'learning_rate': 0.06617925258328747, 'max_depth': 5, 'min_child_weight': 1, 'eval_metric': 'logloss'}. Best is trial 425 with value: 0.9801333333333333.
start listen on 10.110.42.71:46101
@tracker All of 1 nodes getting started
@tracker All nodes finishes job
start listen on 10.110.42.71:60273
@tracker All of 1 nodes getting started
@tracker All nodes finishes job
start listen on 10.110.42.71:46671
@tracker All of 1 nodes getting started
@tracker All nodes finishes job
start listen on 10.110.42.71:45303
@tracker All of 1 nodes getting started
@tracker All nodes finishes job
start listen on 10.110.42.71:55373
@tracker All of 1 nodes getting started
@tracker All nodes finishes job
