Trial 701 finished with value: 0.9797666666666667 and parameters: {'tree_method': 'gpu_hist', 'lambda': 0.09384845336734537, 'alpha': 0.015399203836929776, 'colsample_bytree': 0.3926780572246075, 'subsample': 0.9186614365425444, 'learning_rate': 0.0811899841292651, 'max_depth': 5, 'min_child_weight': 1, 'eval_metric': 'logloss'}. Best is trial 425 with value: 0.9801333333333333.
start listen on 10.110.42.71:55885
@tracker All of 1 nodes getting started
@tracker All nodes finishes job
start listen on 10.110.42.71:56651
@tracker All of 1 nodes getting started
@tracker All nodes finishes job
start listen on 10.110.42.71:36999
@tracker All of 1 nodes getting started
@tracker All nodes finishes job
start listen on 10.110.42.71:60755
@tracker All of 1 nodes getting started
@tracker All nodes finishes job
start listen on 10.110.42.71:56333
@tracker All of 1 nodes getting started
@tracker All nodes finishes job
Trial 702 finished with value: 0.9725 and parameters: {'tree_method': 'gpu_hist', 'lambda': 0.06940533843967825, 'alpha': 0.017932046088969707, 'colsample_bytree': 0.40431496521567284, 'subsample': 0.8805876860264532, 'learning_rate': 0.07280544529516669, 'max_depth': 3, 'min_child_weight': 20, 'eval_metric': 'logloss'}. Best is trial 425 with value: 0.9801333333333333.
start listen on 10.110.42.71:42359
@tracker All of 1 nodes getting started
@tracker All nodes finishes job
start listen on 10.110.42.71:49021
@tracker All of 1 nodes getting started
@tracker All nodes finishes job
start listen on 10.110.42.71:49007
@tracker All of 1 nodes getting started
@tracker All nodes finishes job
start listen on 10.110.42.71:58183
@tracker All of 1 nodes getting started
@tracker All nodes finishes job
start listen on 10.110.42.71:47271
@tracker All of 1 nodes getting started
@tracker All nodes finishes job
Trial 703 finished with value: 0.9796833333333334 and parameters: {'tree_method': 'gpu_hist', 'lambda': 0.06344304781768159, 'alpha': 0.010877867271000149, 'colsample_bytree': 0.391199988128024, 'subsample': 0.9118138540764034, 'learning_rate': 0.08370160859164999, 'max_depth': 5, 'min_child_weight': 1, 'eval_metric': 'logloss'}. Best is trial 425 with value: 0.9801333333333333.
start listen on 10.110.42.71:41813
@tracker All of 1 nodes getting started
@tracker All nodes finishes job
start listen on 10.110.42.71:47015
@tracker All of 1 nodes getting started
@tracker All nodes finishes job
start listen on 10.110.42.71:57633
@tracker All of 1 nodes getting started
@tracker All nodes finishes job
start listen on 10.110.42.71:53181
@tracker All of 1 nodes getting started
@tracker All nodes finishes job
start listen on 10.110.42.71:46313
@tracker All of 1 nodes getting started
@tracker All nodes finishes job
Trial 704 finished with value: 0.97745 and parameters: {'tree_method': 'gpu_hist', 'lambda': 0.026078318156907036, 'alpha': 0.013777908876661932, 'colsample_bytree': 0.36203011112065464, 'subsample': 0.931154325808135, 'learning_rate': 0.0857824777222705, 'max_depth': 5, 'min_child_weight': 12, 'eval_metric': 'logloss'}. Best is trial 425 with value: 0.9801333333333333.
start listen on 10.110.42.71:45279
@tracker All of 1 nodes getting started
@tracker All nodes finishes job
start listen on 10.110.42.71:48191
@tracker All of 1 nodes getting started
@tracker All nodes finishes job
start listen on 10.110.42.71:58269
@tracker All of 1 nodes getting started
@tracker All nodes finishes job
start listen on 10.110.42.71:45513
@tracker All of 1 nodes getting started
@tracker All nodes finishes job
start listen on 10.110.42.71:33485
@tracker All of 1 nodes getting started
@tracker All nodes finishes job
Trial 705 finished with value: 0.9775 and parameters: {'tree_method': 'gpu_hist', 'lambda': 0.08251145517589092, 'alpha': 0.009048837025379694, 'colsample_bytree': 0.37162588457188983, 'subsample': 0.919500673146006, 'learning_rate': 0.0929280124296479, 'max_depth': 15, 'min_child_weight': 7, 'eval_metric': 'logloss'}. Best is trial 425 with value: 0.9801333333333333.
start listen on 10.110.42.71:54447
@tracker All of 1 nodes getting started
@tracker All nodes finishes job
start listen on 10.110.42.71:55363
@tracker All of 1 nodes getting started
@tracker All nodes finishes job
start listen on 10.110.42.71:35969
@tracker All of 1 nodes getting started
@tracker All nodes finishes job
start listen on 10.110.42.71:39845
@tracker All of 1 nodes getting started
@tracker All nodes finishes job
start listen on 10.110.42.71:56653
@tracker All of 1 nodes getting started
@tracker All nodes finishes job
Trial 706 finished with value: 0.9565166666666667 and parameters: {'tree_method': 'gpu_hist', 'lambda': 0.04719064783944795, 'alpha': 0.017455829576705762, 'colsample_bytree': 0.43602308524234507, 'subsample': 0.886584238017069, 'learning_rate': 0.07706874526608391, 'max_depth': 5, 'min_child_weight': 224, 'eval_metric': 'logloss'}. Best is trial 425 with value: 0.9801333333333333.
start listen on 10.110.42.71:56473
@tracker All of 1 nodes getting started
@tracker All nodes finishes job
start listen on 10.110.42.71:45527
@tracker All of 1 nodes getting started
@tracker All nodes finishes job
start listen on 10.110.42.71:43955
@tracker All of 1 nodes getting started
@tracker All nodes finishes job
start listen on 10.110.42.71:49251
@tracker All of 1 nodes getting started
@tracker All nodes finishes job
start listen on 10.110.42.71:41571
@tracker All of 1 nodes getting started
@tracker All nodes finishes job
Trial 707 finished with value: 0.92205 and parameters: {'tree_method': 'gpu_hist', 'lambda': 0.06280874377011605, 'alpha': 0.019870767394843846, 'colsample_bytree': 0.4219148735254913, 'subsample': 0.8629229544166228, 'learning_rate': 0.0015893950840927369, 'max_depth': 5, 'min_child_weight': 15, 'eval_metric': 'logloss'}. Best is trial 425 with value: 0.9801333333333333.
start listen on 10.110.42.71:35859
@tracker All of 1 nodes getting started
@tracker All nodes finishes job
start listen on 10.110.42.71:60579
@tracker All of 1 nodes getting started
@tracker All nodes finishes job
start listen on 10.110.42.71:41243
@tracker All of 1 nodes getting started
@tracker All nodes finishes job
start listen on 10.110.42.71:53619
@tracker All of 1 nodes getting started
@tracker All nodes finishes job
start listen on 10.110.42.71:47339
@tracker All of 1 nodes getting started
@tracker All nodes finishes job
Trial 708 finished with value: 0.9796 and parameters: {'tree_method': 'gpu_hist', 'lambda': 0.10718494910972605, 'alpha': 0.16690905271457654, 'colsample_bytree': 0.3923919140221257, 'subsample': 0.8982993909475201, 'learning_rate': 0.08222729700850583, 'max_depth': 5, 'min_child_weight': 1, 'eval_metric': 'logloss'}. Best is trial 425 with value: 0.9801333333333333.
start listen on 10.110.42.71:35151
@tracker All of 1 nodes getting started
@tracker All nodes finishes job
start listen on 10.110.42.71:40443
@tracker All of 1 nodes getting started
@tracker All nodes finishes job
start listen on 10.110.42.71:37565
@tracker All of 1 nodes getting started
@tracker All nodes finishes job
start listen on 10.110.42.71:52945
@tracker All of 1 nodes getting started
@tracker All nodes finishes job
start listen on 10.110.42.71:52221
@tracker All of 1 nodes getting started
@tracker All nodes finishes job
Trial 709 finished with value: 0.9774666666666667 and parameters: {'tree_method': 'gpu_hist', 'lambda': 0.05775754142457782, 'alpha': 0.2100883565194339, 'colsample_bytree': 0.4539368175744024, 'subsample': 0.8920915753463707, 'learning_rate': 0.09977365527716159, 'max_depth': 5, 'min_child_weight': 11, 'eval_metric': 'logloss'}. Best is trial 425 with value: 0.9801333333333333.
start listen on 10.110.42.71:49733
@tracker All of 1 nodes getting started
@tracker All nodes finishes job
start listen on 10.110.42.71:53495
@tracker All of 1 nodes getting started
@tracker All nodes finishes job
start listen on 10.110.42.71:35085
@tracker All of 1 nodes getting started
@tracker All nodes finishes job
start listen on 10.110.42.71:50593
@tracker All of 1 nodes getting started
@tracker All nodes finishes job
start listen on 10.110.42.71:37337
@tracker All of 1 nodes getting started
@tracker All nodes finishes job
Trial 710 finished with value: 0.9782333333333333 and parameters: {'tree_method': 'gpu_hist', 'lambda': 0.038382435785412526, 'alpha': 0.006531287809652783, 'colsample_bytree': 0.44165738013394357, 'subsample': 0.8790411036613591, 'learning_rate': 0.09240647643944773, 'max_depth': 5, 'min_child_weight': 7, 'eval_metric': 'logloss'}. Best is trial 425 with value: 0.9801333333333333.
start listen on 10.110.42.71:53527
@tracker All of 1 nodes getting started
@tracker All nodes finishes job
start listen on 10.110.42.71:45571
@tracker All of 1 nodes getting started
@tracker All nodes finishes job
start listen on 10.110.42.71:52613
@tracker All of 1 nodes getting started
@tracker All nodes finishes job
start listen on 10.110.42.71:34755
@tracker All of 1 nodes getting started
@tracker All nodes finishes job
start listen on 10.110.42.71:58761
@tracker All of 1 nodes getting started
@tracker All nodes finishes job
Trial 711 finished with value: 0.97805 and parameters: {'tree_method': 'gpu_hist', 'lambda': 0.006591485753704831, 'alpha': 0.0228000226380363, 'colsample_bytree': 0.4052700642921651, 'subsample': 0.854804476726223, 'learning_rate': 0.08551987972140083, 'max_depth': 5, 'min_child_weight': 6, 'eval_metric': 'logloss'}. Best is trial 425 with value: 0.9801333333333333.
start listen on 10.110.42.71:48341
@tracker All of 1 nodes getting started
@tracker All nodes finishes job
start listen on 10.110.42.71:48845
@tracker All of 1 nodes getting started
@tracker All nodes finishes job
start listen on 10.110.42.71:45207
@tracker All of 1 nodes getting started
@tracker All nodes finishes job
start listen on 10.110.42.71:58175
@tracker All of 1 nodes getting started
@tracker All nodes finishes job
start listen on 10.110.42.71:54129
@tracker All of 1 nodes getting started
@tracker All nodes finishes job
Trial 712 finished with value: 0.9770833333333333 and parameters: {'tree_method': 'gpu_hist', 'lambda': 0.09315791181986094, 'alpha': 0.020937304491319614, 'colsample_bytree': 0.4128758193183495, 'subsample': 0.8685405353535961, 'learning_rate': 0.09272809591171922, 'max_depth': 13, 'min_child_weight': 15, 'eval_metric': 'logloss'}. Best is trial 425 with value: 0.9801333333333333.
start listen on 10.110.42.71:52223
@tracker All of 1 nodes getting started
@tracker All nodes finishes job
start listen on 10.110.42.71:54153
@tracker All of 1 nodes getting started
@tracker All nodes finishes job
start listen on 10.110.42.71:45621
@tracker All of 1 nodes getting started
@tracker All nodes finishes job
start listen on 10.110.42.71:51567
@tracker All of 1 nodes getting started
@tracker All nodes finishes job
start listen on 10.110.42.71:32913
@tracker All of 1 nodes getting started
@tracker All nodes finishes job
Trial 713 finished with value: 0.9606333333333333 and parameters: {'tree_method': 'gpu_hist', 'lambda': 0.07161981269377957, 'alpha': 0.010679404733338843, 'colsample_bytree': 0.33477380635114073, 'subsample': 0.9361228941299079, 'learning_rate': 0.00845089746912748, 'max_depth': 5, 'min_child_weight': 1, 'eval_metric': 'logloss'}. Best is trial 425 with value: 0.9801333333333333.
start listen on 10.110.42.71:40301
@tracker All of 1 nodes getting started
@tracker All nodes finishes job
start listen on 10.110.42.71:44257
@tracker All of 1 nodes getting started
@tracker All nodes finishes job
start listen on 10.110.42.71:57077
@tracker All of 1 nodes getting started
@tracker All nodes finishes job
start listen on 10.110.42.71:38697
@tracker All of 1 nodes getting started
@tracker All nodes finishes job
start listen on 10.110.42.71:59351
@tracker All of 1 nodes getting started
@tracker All nodes finishes job
Trial 714 finished with value: 0.9796 and parameters: {'tree_method': 'gpu_hist', 'lambda': 0.0812416956516567, 'alpha': 0.01311969678968692, 'colsample_bytree': 0.3830856119698451, 'subsample': 0.9101556234957585, 'learning_rate': 0.07959059570252026, 'max_depth': 5, 'min_child_weight': 1, 'eval_metric': 'logloss'}. Best is trial 425 with value: 0.9801333333333333.
start listen on 10.110.42.71:34039
@tracker All of 1 nodes getting started
@tracker All nodes finishes job
start listen on 10.110.42.71:48991
@tracker All of 1 nodes getting started
@tracker All nodes finishes job
start listen on 10.110.42.71:53837
@tracker All of 1 nodes getting started
@tracker All nodes finishes job
start listen on 10.110.42.71:51325
@tracker All of 1 nodes getting started
@tracker All nodes finishes job
start listen on 10.110.42.71:53611
@tracker All of 1 nodes getting started
@tracker All nodes finishes job
Trial 715 finished with value: 0.9774333333333334 and parameters: {'tree_method': 'gpu_hist', 'lambda': 0.0537074776941264, 'alpha': 0.008514134360789785, 'colsample_bytree': 0.4675542286632108, 'subsample': 0.8972776994362003, 'learning_rate': 0.08638742269369679, 'max_depth': 5, 'min_child_weight': 11, 'eval_metric': 'logloss'}. Best is trial 425 with value: 0.9801333333333333.
start listen on 10.110.42.71:41677
@tracker All of 1 nodes getting started
@tracker All nodes finishes job
start listen on 10.110.42.71:47637
@tracker All of 1 nodes getting started
@tracker All nodes finishes job
start listen on 10.110.42.71:52029
@tracker All of 1 nodes getting started
@tracker All nodes finishes job
start listen on 10.110.42.71:59173
@tracker All of 1 nodes getting started
@tracker All nodes finishes job
start listen on 10.110.42.71:43759
@tracker All of 1 nodes getting started
@tracker All nodes finishes job
Trial 716 finished with value: 0.97585 and parameters: {'tree_method': 'gpu_hist', 'lambda': 0.04478476362936023, 'alpha': 0.01548124774615753, 'colsample_bytree': 0.4483660853743648, 'subsample': 0.8917953129218366, 'learning_rate': 0.09326740949828993, 'max_depth': 5, 'min_child_weight': 23, 'eval_metric': 'logloss'}. Best is trial 425 with value: 0.9801333333333333.
start listen on 10.110.42.71:56987
@tracker All of 1 nodes getting started
@tracker All nodes finishes job
start listen on 10.110.42.71:56969
@tracker All of 1 nodes getting started
@tracker All nodes finishes job
start listen on 10.110.42.71:51501
@tracker All of 1 nodes getting started
@tracker All nodes finishes job
start listen on 10.110.42.71:55675
@tracker All of 1 nodes getting started
@tracker All nodes finishes job
start listen on 10.110.42.71:37455
@tracker All of 1 nodes getting started
@tracker All nodes finishes job
Trial 717 finished with value: 0.9780833333333333 and parameters: {'tree_method': 'gpu_hist', 'lambda': 0.1191144138753922, 'alpha': 0.01137976646774261, 'colsample_bytree': 0.4269013334569133, 'subsample': 0.8783380355469473, 'learning_rate': 0.06917672953168687, 'max_depth': 5, 'min_child_weight': 7, 'eval_metric': 'logloss'}. Best is trial 425 with value: 0.9801333333333333.
start listen on 10.110.42.71:42319
@tracker All of 1 nodes getting started
@tracker All nodes finishes job
start listen on 10.110.42.71:49045
@tracker All of 1 nodes getting started
@tracker All nodes finishes job
start listen on 10.110.42.71:41027
@tracker All of 1 nodes getting started
@tracker All nodes finishes job
start listen on 10.110.42.71:52229
@tracker All of 1 nodes getting started
@tracker All nodes finishes job
start listen on 10.110.42.71:38277
@tracker All of 1 nodes getting started
@tracker All nodes finishes job
Trial 718 finished with value: 0.9767 and parameters: {'tree_method': 'gpu_hist', 'lambda': 0.06475186571611465, 'alpha': 0.00999013660816864, 'colsample_bytree': 0.4896987945744015, 'subsample': 0.9047654672016255, 'learning_rate': 0.09944495363601326, 'max_depth': 5, 'min_child_weight': 16, 'eval_metric': 'logloss'}. Best is trial 425 with value: 0.9801333333333333.
start listen on 10.110.42.71:48177
@tracker All of 1 nodes getting started
@tracker All nodes finishes job
start listen on 10.110.42.71:57775
@tracker All of 1 nodes getting started
@tracker All nodes finishes job
start listen on 10.110.42.71:41227
@tracker All of 1 nodes getting started
@tracker All nodes finishes job
start listen on 10.110.42.71:38897
@tracker All of 1 nodes getting started
@tracker All nodes finishes job
start listen on 10.110.42.71:54001
@tracker All of 1 nodes getting started
@tracker All nodes finishes job
Trial 719 finished with value: 0.9796166666666667 and parameters: {'tree_method': 'gpu_hist', 'lambda': 0.08520096476289338, 'alpha': 0.014361513823195594, 'colsample_bytree': 0.3575430556801586, 'subsample': 0.9259945317181079, 'learning_rate': 0.09943768953178948, 'max_depth': 5, 'min_child_weight': 1, 'eval_metric': 'logloss'}. Best is trial 425 with value: 0.9801333333333333.
start listen on 10.110.42.71:37345
@tracker All of 1 nodes getting started
@tracker All nodes finishes job
start listen on 10.110.42.71:56385
@tracker All of 1 nodes getting started
@tracker All nodes finishes job
start listen on 10.110.42.71:56489
@tracker All of 1 nodes getting started
@tracker All nodes finishes job
start listen on 10.110.42.71:37169
@tracker All of 1 nodes getting started
@tracker All nodes finishes job
start listen on 10.110.42.71:52001
@tracker All of 1 nodes getting started
@tracker All nodes finishes job
Trial 720 finished with value: 0.9784166666666667 and parameters: {'tree_method': 'gpu_hist', 'lambda': 0.15601052428695808, 'alpha': 0.01219342348030052, 'colsample_bytree': 0.3728082120007784, 'subsample': 0.9099316494847108, 'learning_rate': 0.07959616362595552, 'max_depth': 5, 'min_child_weight': 6, 'eval_metric': 'logloss'}. Best is trial 425 with value: 0.9801333333333333.
start listen on 10.110.42.71:59143
@tracker All of 1 nodes getting started
@tracker All nodes finishes job
start listen on 10.110.42.71:44131
@tracker All of 1 nodes getting started
@tracker All nodes finishes job
start listen on 10.110.42.71:34099
@tracker All of 1 nodes getting started
@tracker All nodes finishes job
start listen on 10.110.42.71:59321
@tracker All of 1 nodes getting started
@tracker All nodes finishes job
start listen on 10.110.42.71:44147
@tracker All of 1 nodes getting started
@tracker All nodes finishes job
Trial 721 finished with value: 0.9766 and parameters: {'tree_method': 'gpu_hist', 'lambda': 3.0667729136569437, 'alpha': 0.023928443497086133, 'colsample_bytree': 0.40999968280084537, 'subsample': 0.5205633487877986, 'learning_rate': 0.08621625431996685, 'max_depth': 17, 'min_child_weight': 10, 'eval_metric': 'logloss'}. Best is trial 425 with value: 0.9801333333333333.
start listen on 10.110.42.71:47305
@tracker All of 1 nodes getting started
@tracker All nodes finishes job
start listen on 10.110.42.71:57051
@tracker All of 1 nodes getting started
@tracker All nodes finishes job
start listen on 10.110.42.71:33477
@tracker All of 1 nodes getting started
@tracker All nodes finishes job
start listen on 10.110.42.71:41127
@tracker All of 1 nodes getting started
@tracker All nodes finishes job
start listen on 10.110.42.71:53435
@tracker All of 1 nodes getting started
@tracker All nodes finishes job
Trial 722 finished with value: 0.97985 and parameters: {'tree_method': 'gpu_hist', 'lambda': 0.07436380869475613, 'alpha': 0.01645865694301346, 'colsample_bytree': 0.3982559106109525, 'subsample': 0.8399740048452182, 'learning_rate': 0.07626324730542679, 'max_depth': 5, 'min_child_weight': 1, 'eval_metric': 'logloss'}. Best is trial 425 with value: 0.9801333333333333.
start listen on 10.110.42.71:55355
@tracker All of 1 nodes getting started
@tracker All nodes finishes job
start listen on 10.110.42.71:60519
@tracker All of 1 nodes getting started
@tracker All nodes finishes job
start listen on 10.110.42.71:55233
@tracker All of 1 nodes getting started
@tracker All nodes finishes job
start listen on 10.110.42.71:56467
@tracker All of 1 nodes getting started
@tracker All nodes finishes job
start listen on 10.110.42.71:47443
@tracker All of 1 nodes getting started
@tracker All nodes finishes job
Trial 723 finished with value: 0.9781166666666666 and parameters: {'tree_method': 'gpu_hist', 'lambda': 0.09612880753545669, 'alpha': 0.016493254707740976, 'colsample_bytree': 0.40036166465558787, 'subsample': 0.8174110562454432, 'learning_rate': 0.06354718476105407, 'max_depth': 5, 'min_child_weight': 6, 'eval_metric': 'logloss'}. Best is trial 425 with value: 0.9801333333333333.
start listen on 10.110.42.71:43415
@tracker All of 1 nodes getting started
@tracker All nodes finishes job
start listen on 10.110.42.71:50395
@tracker All of 1 nodes getting started
@tracker All nodes finishes job
start listen on 10.110.42.71:35585
@tracker All of 1 nodes getting started
@tracker All nodes finishes job
start listen on 10.110.42.71:52619
@tracker All of 1 nodes getting started
@tracker All nodes finishes job
start listen on 10.110.42.71:59669
@tracker All of 1 nodes getting started
@tracker All nodes finishes job
Trial 724 finished with value: 0.9749166666666667 and parameters: {'tree_method': 'gpu_hist', 'lambda': 0.07660555275849219, 'alpha': 0.014055857361940542, 'colsample_bytree': 0.3810925249452864, 'subsample': 0.8331337036272739, 'learning_rate': 0.07963604412401448, 'max_depth': 5, 'min_child_weight': 32, 'eval_metric': 'logloss'}. Best is trial 425 with value: 0.9801333333333333.
start listen on 10.110.42.71:36483
@tracker All of 1 nodes getting started
@tracker All nodes finishes job
start listen on 10.110.42.71:48277
@tracker All of 1 nodes getting started
@tracker All nodes finishes job
start listen on 10.110.42.71:44853
@tracker All of 1 nodes getting started
@tracker All nodes finishes job
start listen on 10.110.42.71:51107
@tracker All of 1 nodes getting started
@tracker All nodes finishes job
start listen on 10.110.42.71:43073
@tracker All of 1 nodes getting started
@tracker All nodes finishes job
