Trial 245 finished with value: 0.9786833333333333 and parameters: {'tree_method': 'gpu_hist', 'lambda': 0.40338838751283623, 'alpha': 0.003920486270194318, 'colsample_bytree': 0.3964025012743626, 'subsample': 0.9745034389588948, 'learning_rate': 0.08945276099848043, 'max_depth': 5, 'min_child_weight': 6, 'eval_metric': 'logloss'}. Best is trial 157 with value: 0.9799.
start listen on 10.110.42.71:45317
@tracker All of 1 nodes getting started
@tracker All nodes finishes job
start listen on 10.110.42.71:52547
@tracker All of 1 nodes getting started
@tracker All nodes finishes job
start listen on 10.110.42.71:33243
@tracker All of 1 nodes getting started
@tracker All nodes finishes job
start listen on 10.110.42.71:43029
@tracker All of 1 nodes getting started
@tracker All nodes finishes job
start listen on 10.110.42.71:53265
@tracker All of 1 nodes getting started
@tracker All nodes finishes job
Trial 246 finished with value: 0.97955 and parameters: {'tree_method': 'gpu_hist', 'lambda': 1.0630051089489845, 'alpha': 0.02148052303977807, 'colsample_bytree': 0.4339340998533025, 'subsample': 0.8857575213539852, 'learning_rate': 0.07833716523688193, 'max_depth': 5, 'min_child_weight': 1, 'eval_metric': 'logloss'}. Best is trial 157 with value: 0.9799.
start listen on 10.110.42.71:52987
@tracker All of 1 nodes getting started
@tracker All nodes finishes job
start listen on 10.110.42.71:45595
@tracker All of 1 nodes getting started
@tracker All nodes finishes job
start listen on 10.110.42.71:48673
@tracker All of 1 nodes getting started
@tracker All nodes finishes job
start listen on 10.110.42.71:35001
@tracker All of 1 nodes getting started
@tracker All nodes finishes job
start listen on 10.110.42.71:41033
@tracker All of 1 nodes getting started
@tracker All nodes finishes job
Trial 247 finished with value: 0.9795 and parameters: {'tree_method': 'gpu_hist', 'lambda': 1.1200641829332485, 'alpha': 0.02317918289214455, 'colsample_bytree': 0.4351743836174984, 'subsample': 0.9093683740730835, 'learning_rate': 0.08756993590108904, 'max_depth': 5, 'min_child_weight': 1, 'eval_metric': 'logloss'}. Best is trial 157 with value: 0.9799.
start listen on 10.110.42.71:35905
@tracker All of 1 nodes getting started
@tracker All nodes finishes job
start listen on 10.110.42.71:33915
@tracker All of 1 nodes getting started
@tracker All nodes finishes job
start listen on 10.110.42.71:37721
@tracker All of 1 nodes getting started
@tracker All nodes finishes job
start listen on 10.110.42.71:38943
@tracker All of 1 nodes getting started
@tracker All nodes finishes job
start listen on 10.110.42.71:36887
@tracker All of 1 nodes getting started
@tracker All nodes finishes job
Trial 248 finished with value: 0.9777333333333333 and parameters: {'tree_method': 'gpu_hist', 'lambda': 0.9240963993062696, 'alpha': 0.021469352748356277, 'colsample_bytree': 0.4489539030597728, 'subsample': 0.8831706254436132, 'learning_rate': 0.09065802886547977, 'max_depth': 5, 'min_child_weight': 7, 'eval_metric': 'logloss'}. Best is trial 157 with value: 0.9799.
start listen on 10.110.42.71:41785
@tracker All of 1 nodes getting started
@tracker All nodes finishes job
start listen on 10.110.42.71:48667
@tracker All of 1 nodes getting started
@tracker All nodes finishes job
start listen on 10.110.42.71:51907
@tracker All of 1 nodes getting started
@tracker All nodes finishes job
start listen on 10.110.42.71:49543
@tracker All of 1 nodes getting started
@tracker All nodes finishes job
start listen on 10.110.42.71:47361
@tracker All of 1 nodes getting started
@tracker All nodes finishes job
Trial 249 finished with value: 0.9795 and parameters: {'tree_method': 'gpu_hist', 'lambda': 1.3148815542632821, 'alpha': 0.008701670872346664, 'colsample_bytree': 0.4237158801251718, 'subsample': 0.8839343239866618, 'learning_rate': 0.07160957404694825, 'max_depth': 5, 'min_child_weight': 1, 'eval_metric': 'logloss'}. Best is trial 157 with value: 0.9799.
start listen on 10.110.42.71:55465
@tracker All of 1 nodes getting started
@tracker All nodes finishes job
start listen on 10.110.42.71:51087
@tracker All of 1 nodes getting started
@tracker All nodes finishes job
start listen on 10.110.42.71:47997
@tracker All of 1 nodes getting started
@tracker All nodes finishes job
start listen on 10.110.42.71:39897
@tracker All of 1 nodes getting started
@tracker All nodes finishes job
start listen on 10.110.42.71:58073
@tracker All of 1 nodes getting started
@tracker All nodes finishes job
Trial 250 finished with value: 0.92565 and parameters: {'tree_method': 'gpu_hist', 'lambda': 0.7579846180876139, 'alpha': 0.02927353287911457, 'colsample_bytree': 0.463067584171899, 'subsample': 0.9650476892415606, 'learning_rate': 0.00194292216482707, 'max_depth': 5, 'min_child_weight': 11, 'eval_metric': 'logloss'}. Best is trial 157 with value: 0.9799.
start listen on 10.110.42.71:59427
@tracker All of 1 nodes getting started
@tracker All nodes finishes job
start listen on 10.110.42.71:51495
@tracker All of 1 nodes getting started
@tracker All nodes finishes job
start listen on 10.110.42.71:52631
@tracker All of 1 nodes getting started
@tracker All nodes finishes job
start listen on 10.110.42.71:34969
@tracker All of 1 nodes getting started
@tracker All nodes finishes job
start listen on 10.110.42.71:40581
@tracker All of 1 nodes getting started
@tracker All nodes finishes job
Trial 251 finished with value: 0.9781666666666666 and parameters: {'tree_method': 'gpu_hist', 'lambda': 1.7670442120416028, 'alpha': 0.011508588156477463, 'colsample_bytree': 0.48639181911756924, 'subsample': 0.8963907909460629, 'learning_rate': 0.07946575206808659, 'max_depth': 5, 'min_child_weight': 6, 'eval_metric': 'logloss'}. Best is trial 157 with value: 0.9799.
start listen on 10.110.42.71:43857
@tracker All of 1 nodes getting started
@tracker All nodes finishes job
start listen on 10.110.42.71:47199
@tracker All of 1 nodes getting started
@tracker All nodes finishes job
start listen on 10.110.42.71:38503
@tracker All of 1 nodes getting started
@tracker All nodes finishes job
start listen on 10.110.42.71:57535
@tracker All of 1 nodes getting started
@tracker All nodes finishes job
start listen on 10.110.42.71:40799
@tracker All of 1 nodes getting started
@tracker All nodes finishes job
Trial 252 finished with value: 0.9794166666666667 and parameters: {'tree_method': 'gpu_hist', 'lambda': 0.603891784524925, 'alpha': 0.018164610555202788, 'colsample_bytree': 0.4118347620216853, 'subsample': 0.8724665405878447, 'learning_rate': 0.0645567458094152, 'max_depth': 5, 'min_child_weight': 1, 'eval_metric': 'logloss'}. Best is trial 157 with value: 0.9799.
start listen on 10.110.42.71:43021
@tracker All of 1 nodes getting started
@tracker All nodes finishes job
start listen on 10.110.42.71:38083
@tracker All of 1 nodes getting started
@tracker All nodes finishes job
start listen on 10.110.42.71:52399
@tracker All of 1 nodes getting started
@tracker All nodes finishes job
start listen on 10.110.42.71:57803
@tracker All of 1 nodes getting started
@tracker All nodes finishes job
start listen on 10.110.42.71:37223
@tracker All of 1 nodes getting started
@tracker All nodes finishes job
Trial 253 finished with value: 0.9769833333333333 and parameters: {'tree_method': 'gpu_hist', 'lambda': 1.0336473686131693, 'alpha': 0.014115529470843113, 'colsample_bytree': 0.5101208711797316, 'subsample': 0.9442028613790642, 'learning_rate': 0.07961414424769689, 'max_depth': 9, 'min_child_weight': 12, 'eval_metric': 'logloss'}. Best is trial 157 with value: 0.9799.
start listen on 10.110.42.71:44695
@tracker All of 1 nodes getting started
@tracker All nodes finishes job
start listen on 10.110.42.71:53145
@tracker All of 1 nodes getting started
@tracker All nodes finishes job
start listen on 10.110.42.71:38549
@tracker All of 1 nodes getting started
@tracker All nodes finishes job
start listen on 10.110.42.71:42795
@tracker All of 1 nodes getting started
@tracker All nodes finishes job
start listen on 10.110.42.71:43879
@tracker All of 1 nodes getting started
@tracker All nodes finishes job
Trial 254 finished with value: 0.9708833333333333 and parameters: {'tree_method': 'gpu_hist', 'lambda': 0.6684483485667169, 'alpha': 0.024478690184986347, 'colsample_bytree': 0.43410651309685583, 'subsample': 0.922686665510952, 'learning_rate': 0.0999208066502223, 'max_depth': 11, 'min_child_weight': 79, 'eval_metric': 'logloss'}. Best is trial 157 with value: 0.9799.
start listen on 10.110.42.71:50911
@tracker All of 1 nodes getting started
@tracker All nodes finishes job
start listen on 10.110.42.71:45537
@tracker All of 1 nodes getting started
@tracker All nodes finishes job
start listen on 10.110.42.71:56615
@tracker All of 1 nodes getting started
@tracker All nodes finishes job
start listen on 10.110.42.71:35033
@tracker All of 1 nodes getting started
@tracker All nodes finishes job
start listen on 10.110.42.71:40579
@tracker All of 1 nodes getting started
@tracker All nodes finishes job
Trial 255 finished with value: 0.9760666666666666 and parameters: {'tree_method': 'gpu_hist', 'lambda': 0.04446014693190959, 'alpha': 0.055959573310326007, 'colsample_bytree': 0.39781870757217586, 'subsample': 0.9888069241673191, 'learning_rate': 0.07029501570679038, 'max_depth': 5, 'min_child_weight': 18, 'eval_metric': 'logloss'}. Best is trial 157 with value: 0.9799.
start listen on 10.110.42.71:46483
@tracker All of 1 nodes getting started
@tracker All nodes finishes job
start listen on 10.110.42.71:50581
@tracker All of 1 nodes getting started
@tracker All nodes finishes job
start listen on 10.110.42.71:59659
@tracker All of 1 nodes getting started
@tracker All nodes finishes job
start listen on 10.110.42.71:59251
@tracker All of 1 nodes getting started
@tracker All nodes finishes job
start listen on 10.110.42.71:60443
@tracker All of 1 nodes getting started
@tracker All nodes finishes job
Trial 256 finished with value: 0.9745833333333334 and parameters: {'tree_method': 'gpu_hist', 'lambda': 0.8587955407322773, 'alpha': 0.11954463285003317, 'colsample_bytree': 0.37517368894364306, 'subsample': 0.8986726030502701, 'learning_rate': 0.08402022978072518, 'max_depth': 3, 'min_child_weight': 7, 'eval_metric': 'logloss'}. Best is trial 157 with value: 0.9799.
start listen on 10.110.42.71:35279
@tracker All of 1 nodes getting started
@tracker All nodes finishes job
start listen on 10.110.42.71:51519
@tracker All of 1 nodes getting started
@tracker All nodes finishes job
start listen on 10.110.42.71:46629
@tracker All of 1 nodes getting started
@tracker All nodes finishes job
start listen on 10.110.42.71:59175
@tracker All of 1 nodes getting started
@tracker All nodes finishes job
start listen on 10.110.42.71:56087
@tracker All of 1 nodes getting started
@tracker All nodes finishes job
Trial 257 finished with value: 0.97915 and parameters: {'tree_method': 'gpu_hist', 'lambda': 1.5167927793791063, 'alpha': 0.1585848900356695, 'colsample_bytree': 0.4695961660553126, 'subsample': 0.9558514974537864, 'learning_rate': 0.07511894710124038, 'max_depth': 5, 'min_child_weight': 1, 'eval_metric': 'logloss'}. Best is trial 157 with value: 0.9799.
start listen on 10.110.42.71:48181
@tracker All of 1 nodes getting started
@tracker All nodes finishes job
start listen on 10.110.42.71:40045
@tracker All of 1 nodes getting started
@tracker All nodes finishes job
start listen on 10.110.42.71:37805
@tracker All of 1 nodes getting started
@tracker All nodes finishes job
start listen on 10.110.42.71:52799
@tracker All of 1 nodes getting started
@tracker All nodes finishes job
start listen on 10.110.42.71:49391
@tracker All of 1 nodes getting started
@tracker All nodes finishes job
Trial 258 finished with value: 0.97735 and parameters: {'tree_method': 'gpu_hist', 'lambda': 0.9637287505673228, 'alpha': 0.009874598977016352, 'colsample_bytree': 0.45900729158241776, 'subsample': 0.9760363269894007, 'learning_rate': 0.08456135926333828, 'max_depth': 5, 'min_child_weight': 11, 'eval_metric': 'logloss'}. Best is trial 157 with value: 0.9799.
start listen on 10.110.42.71:52953
@tracker All of 1 nodes getting started
@tracker All nodes finishes job
start listen on 10.110.42.71:55811
@tracker All of 1 nodes getting started
@tracker All nodes finishes job
start listen on 10.110.42.71:58415
@tracker All of 1 nodes getting started
@tracker All nodes finishes job
start listen on 10.110.42.71:46477
@tracker All of 1 nodes getting started
@tracker All nodes finishes job
start listen on 10.110.42.71:44357
@tracker All of 1 nodes getting started
@tracker All nodes finishes job
Trial 259 finished with value: 0.9783333333333334 and parameters: {'tree_method': 'gpu_hist', 'lambda': 0.7763263027155014, 'alpha': 0.018381280075080556, 'colsample_bytree': 0.43947044925571616, 'subsample': 0.8877795242809314, 'learning_rate': 0.09280997570897058, 'max_depth': 5, 'min_child_weight': 5, 'eval_metric': 'logloss'}. Best is trial 157 with value: 0.9799.
start listen on 10.110.42.71:45553
@tracker All of 1 nodes getting started
@tracker All nodes finishes job
start listen on 10.110.42.71:51805
@tracker All of 1 nodes getting started
@tracker All nodes finishes job
start listen on 10.110.42.71:53983
@tracker All of 1 nodes getting started
@tracker All nodes finishes job
start listen on 10.110.42.71:36293
@tracker All of 1 nodes getting started
@tracker All nodes finishes job
start listen on 10.110.42.71:41553
@tracker All of 1 nodes getting started
@tracker All nodes finishes job
Trial 260 finished with value: 0.97675 and parameters: {'tree_method': 'gpu_hist', 'lambda': 0.48564057604980504, 'alpha': 0.006813357645771782, 'colsample_bytree': 0.42018132911870043, 'subsample': 0.8525409075782245, 'learning_rate': 0.06536514213407016, 'max_depth': 15, 'min_child_weight': 16, 'eval_metric': 'logloss'}. Best is trial 157 with value: 0.9799.
start listen on 10.110.42.71:50721
@tracker All of 1 nodes getting started
@tracker All nodes finishes job
start listen on 10.110.42.71:43103
@tracker All of 1 nodes getting started
@tracker All nodes finishes job
start listen on 10.110.42.71:51709
@tracker All of 1 nodes getting started
@tracker All nodes finishes job
start listen on 10.110.42.71:35623
@tracker All of 1 nodes getting started
@tracker All nodes finishes job
start listen on 10.110.42.71:36119
@tracker All of 1 nodes getting started
@tracker All nodes finishes job
Trial 261 finished with value: 0.9778333333333333 and parameters: {'tree_method': 'gpu_hist', 'lambda': 0.5884792088720882, 'alpha': 0.028816148943116633, 'colsample_bytree': 0.446374274883895, 'subsample': 0.9923245122859767, 'learning_rate': 0.09995502247287605, 'max_depth': 5, 'min_child_weight': 7, 'eval_metric': 'logloss'}. Best is trial 157 with value: 0.9799.
start listen on 10.110.42.71:60589
@tracker All of 1 nodes getting started
@tracker All nodes finishes job
start listen on 10.110.42.71:48043
@tracker All of 1 nodes getting started
@tracker All nodes finishes job
start listen on 10.110.42.71:39329
@tracker All of 1 nodes getting started
@tracker All nodes finishes job
start listen on 10.110.42.71:56433
@tracker All of 1 nodes getting started
@tracker All nodes finishes job
start listen on 10.110.42.71:48665
@tracker All of 1 nodes getting started
@tracker All nodes finishes job
Trial 262 finished with value: 0.9794666666666667 and parameters: {'tree_method': 'gpu_hist', 'lambda': 1.1661383601934732, 'alpha': 0.004557683209904797, 'colsample_bytree': 0.4121875289723658, 'subsample': 0.8651464026738509, 'learning_rate': 0.05742069233775147, 'max_depth': 5, 'min_child_weight': 1, 'eval_metric': 'logloss'}. Best is trial 157 with value: 0.9799.
start listen on 10.110.42.71:47651
@tracker All of 1 nodes getting started
@tracker All nodes finishes job
start listen on 10.110.42.71:58321
@tracker All of 1 nodes getting started
@tracker All nodes finishes job
start listen on 10.110.42.71:54347
@tracker All of 1 nodes getting started
@tracker All nodes finishes job
start listen on 10.110.42.71:40765
@tracker All of 1 nodes getting started
@tracker All nodes finishes job
start listen on 10.110.42.71:60749
@tracker All of 1 nodes getting started
@tracker All nodes finishes job
Trial 263 finished with value: 0.9774666666666667 and parameters: {'tree_method': 'gpu_hist', 'lambda': 0.6613558797719341, 'alpha': 0.035331529405538124, 'colsample_bytree': 0.38542248471941454, 'subsample': 0.9131064324298174, 'learning_rate': 0.08987664187552935, 'max_depth': 5, 'min_child_weight': 11, 'eval_metric': 'logloss'}. Best is trial 157 with value: 0.9799.
start listen on 10.110.42.71:43619
@tracker All of 1 nodes getting started
@tracker All nodes finishes job
start listen on 10.110.42.71:49463
@tracker All of 1 nodes getting started
@tracker All nodes finishes job
start listen on 10.110.42.71:38525
@tracker All of 1 nodes getting started
@tracker All nodes finishes job
start listen on 10.110.42.71:40767
@tracker All of 1 nodes getting started
@tracker All nodes finishes job
start listen on 10.110.42.71:54975
@tracker All of 1 nodes getting started
@tracker All nodes finishes job
Trial 264 finished with value: 0.9772 and parameters: {'tree_method': 'gpu_hist', 'lambda': 0.9056830402452668, 'alpha': 0.022274940578665994, 'colsample_bytree': 0.4314963634941499, 'subsample': 0.936695675632763, 'learning_rate': 0.08490226130579931, 'max_depth': 13, 'min_child_weight': 7, 'eval_metric': 'logloss'}. Best is trial 157 with value: 0.9799.
start listen on 10.110.42.71:53241
@tracker All of 1 nodes getting started
@tracker All nodes finishes job
start listen on 10.110.42.71:55805
@tracker All of 1 nodes getting started
@tracker All nodes finishes job
start listen on 10.110.42.71:55385
@tracker All of 1 nodes getting started
@tracker All nodes finishes job
start listen on 10.110.42.71:36043
@tracker All of 1 nodes getting started
@tracker All nodes finishes job
start listen on 10.110.42.71:52417
@tracker All of 1 nodes getting started
@tracker All nodes finishes job
Trial 265 finished with value: 0.9695666666666667 and parameters: {'tree_method': 'gpu_hist', 'lambda': 0.38990384629632585, 'alpha': 0.013079994361259334, 'colsample_bytree': 0.40514902664236857, 'subsample': 0.9994182357981872, 'learning_rate': 0.018408667509419382, 'max_depth': 5, 'min_child_weight': 22, 'eval_metric': 'logloss'}. Best is trial 157 with value: 0.9799.
start listen on 10.110.42.71:44597
@tracker All of 1 nodes getting started
@tracker All nodes finishes job
start listen on 10.110.42.71:50855
@tracker All of 1 nodes getting started
@tracker All nodes finishes job
start listen on 10.110.42.71:59539
@tracker All of 1 nodes getting started
@tracker All nodes finishes job
start listen on 10.110.42.71:45921
@tracker All of 1 nodes getting started
@tracker All nodes finishes job
start listen on 10.110.42.71:45697
@tracker All of 1 nodes getting started
@tracker All nodes finishes job
Trial 266 finished with value: 0.9782333333333333 and parameters: {'tree_method': 'gpu_hist', 'lambda': 0.5263501988401785, 'alpha': 0.01614236740369188, 'colsample_bytree': 0.42180507845068116, 'subsample': 0.8768688961093695, 'learning_rate': 0.07412121232112857, 'max_depth': 5, 'min_child_weight': 6, 'eval_metric': 'logloss'}. Best is trial 157 with value: 0.9799.
start listen on 10.110.42.71:45747
@tracker All of 1 nodes getting started
@tracker All nodes finishes job
start listen on 10.110.42.71:57187
@tracker All of 1 nodes getting started
@tracker All nodes finishes job
start listen on 10.110.42.71:51319
@tracker All of 1 nodes getting started
@tracker All nodes finishes job
start listen on 10.110.42.71:45679
@tracker All of 1 nodes getting started
@tracker All nodes finishes job
start listen on 10.110.42.71:37503
@tracker All of 1 nodes getting started
@tracker All nodes finishes job
Trial 267 finished with value: 0.97945 and parameters: {'tree_method': 'gpu_hist', 'lambda': 0.7043777389003526, 'alpha': 0.027416517259427182, 'colsample_bytree': 0.44699819437299837, 'subsample': 0.9654844384161696, 'learning_rate': 0.09123129505599155, 'max_depth': 5, 'min_child_weight': 1, 'eval_metric': 'logloss'}. Best is trial 157 with value: 0.9799.
start listen on 10.110.42.71:57199
@tracker All of 1 nodes getting started
@tracker All nodes finishes job
start listen on 10.110.42.71:45851
@tracker All of 1 nodes getting started
@tracker All nodes finishes job
start listen on 10.110.42.71:36667
@tracker All of 1 nodes getting started
@tracker All nodes finishes job
start listen on 10.110.42.71:43193
@tracker All of 1 nodes getting started
@tracker All nodes finishes job
start listen on 10.110.42.71:58207
@tracker All of 1 nodes getting started
@tracker All nodes finishes job
Trial 268 finished with value: 0.9772166666666666 and parameters: {'tree_method': 'gpu_hist', 'lambda': 1.1049202843901544, 'alpha': 0.045296297519286426, 'colsample_bytree': 0.45678385310123587, 'subsample': 0.9473601253779522, 'learning_rate': 0.08268347134048129, 'max_depth': 5, 'min_child_weight': 12, 'eval_metric': 'logloss'}. Best is trial 157 with value: 0.9799.
start listen on 10.110.42.71:39483
@tracker All of 1 nodes getting started
@tracker All nodes finishes job
start listen on 10.110.42.71:37285
@tracker All of 1 nodes getting started
@tracker All nodes finishes job
start listen on 10.110.42.71:56057
@tracker All of 1 nodes getting started
@tracker All nodes finishes job
start listen on 10.110.42.71:60487
@tracker All of 1 nodes getting started
@tracker All nodes finishes job
start listen on 10.110.42.71:39093
@tracker All of 1 nodes getting started
@tracker All nodes finishes job
