Trial 1085 finished with value: 0.9769333333333333 and parameters: {'tree_method': 'gpu_hist', 'lambda': 0.028821957041246016, 'alpha': 0.01399548221940773, 'colsample_bytree': 0.3458771591456967, 'subsample': 0.8099320373630841, 'learning_rate': 0.08551822259384786, 'max_depth': 5, 'min_child_weight': 12, 'eval_metric': 'logloss'}. Best is trial 425 with value: 0.9801333333333333.
start listen on 10.110.42.71:34283
@tracker All of 1 nodes getting started
@tracker All nodes finishes job
start listen on 10.110.42.71:34829
@tracker All of 1 nodes getting started
@tracker All nodes finishes job
start listen on 10.110.42.71:60791
@tracker All of 1 nodes getting started
@tracker All nodes finishes job
start listen on 10.110.42.71:58393
@tracker All of 1 nodes getting started
@tracker All nodes finishes job
start listen on 10.110.42.71:39065
@tracker All of 1 nodes getting started
@tracker All nodes finishes job
Trial 1086 finished with value: 0.9741333333333333 and parameters: {'tree_method': 'gpu_hist', 'lambda': 0.04605729439544791, 'alpha': 0.01862042279272076, 'colsample_bytree': 0.37686800274180604, 'subsample': 0.8773361974398847, 'learning_rate': 0.07951386192675118, 'max_depth': 3, 'min_child_weight': 6, 'eval_metric': 'logloss'}. Best is trial 425 with value: 0.9801333333333333.
start listen on 10.110.42.71:57257
@tracker All of 1 nodes getting started
@tracker All nodes finishes job
start listen on 10.110.42.71:46107
@tracker All of 1 nodes getting started
@tracker All nodes finishes job
start listen on 10.110.42.71:48411
@tracker All of 1 nodes getting started
@tracker All nodes finishes job
start listen on 10.110.42.71:49677
@tracker All of 1 nodes getting started
@tracker All nodes finishes job
start listen on 10.110.42.71:39213
@tracker All of 1 nodes getting started
@tracker All nodes finishes job
Trial 1087 finished with value: 0.9757333333333333 and parameters: {'tree_method': 'gpu_hist', 'lambda': 0.04322905314555671, 'alpha': 0.012323544969172694, 'colsample_bytree': 0.3587111446509985, 'subsample': 0.8683714906655667, 'learning_rate': 0.07037295406524917, 'max_depth': 5, 'min_child_weight': 21, 'eval_metric': 'logloss'}. Best is trial 425 with value: 0.9801333333333333.
start listen on 10.110.42.71:34971
@tracker All of 1 nodes getting started
@tracker All nodes finishes job
start listen on 10.110.42.71:47697
@tracker All of 1 nodes getting started
@tracker All nodes finishes job
start listen on 10.110.42.71:38147
@tracker All of 1 nodes getting started
@tracker All nodes finishes job
start listen on 10.110.42.71:57185
@tracker All of 1 nodes getting started
@tracker All nodes finishes job
start listen on 10.110.42.71:60199
@tracker All of 1 nodes getting started
@tracker All nodes finishes job
Trial 1088 finished with value: 0.9796166666666667 and parameters: {'tree_method': 'gpu_hist', 'lambda': 0.06863316184795773, 'alpha': 0.015936495216656826, 'colsample_bytree': 0.36278058488541964, 'subsample': 0.8907256469532816, 'learning_rate': 0.08597542430564409, 'max_depth': 5, 'min_child_weight': 1, 'eval_metric': 'logloss'}. Best is trial 425 with value: 0.9801333333333333.
start listen on 10.110.42.71:38293
@tracker All of 1 nodes getting started
@tracker All nodes finishes job
start listen on 10.110.42.71:60235
@tracker All of 1 nodes getting started
@tracker All nodes finishes job
start listen on 10.110.42.71:37533
@tracker All of 1 nodes getting started
@tracker All nodes finishes job
start listen on 10.110.42.71:57767
@tracker All of 1 nodes getting started
@tracker All nodes finishes job
start listen on 10.110.42.71:40341
@tracker All of 1 nodes getting started
@tracker All nodes finishes job
Trial 1089 finished with value: 0.9770833333333333 and parameters: {'tree_method': 'gpu_hist', 'lambda': 0.049015892891281, 'alpha': 0.01899787008067115, 'colsample_bytree': 0.37340801349923114, 'subsample': 0.9037457952751451, 'learning_rate': 0.08722854120409179, 'max_depth': 15, 'min_child_weight': 11, 'eval_metric': 'logloss'}. Best is trial 425 with value: 0.9801333333333333.
start listen on 10.110.42.71:54133
@tracker All of 1 nodes getting started
@tracker All nodes finishes job
start listen on 10.110.42.71:43707
@tracker All of 1 nodes getting started
@tracker All nodes finishes job
start listen on 10.110.42.71:58689
@tracker All of 1 nodes getting started
@tracker All nodes finishes job
start listen on 10.110.42.71:60111
@tracker All of 1 nodes getting started
@tracker All nodes finishes job
start listen on 10.110.42.71:34373
@tracker All of 1 nodes getting started
@tracker All nodes finishes job
Trial 1090 finished with value: 0.978 and parameters: {'tree_method': 'gpu_hist', 'lambda': 0.03367748399316402, 'alpha': 0.01105013676688173, 'colsample_bytree': 0.35304013267284984, 'subsample': 0.8621542615211513, 'learning_rate': 0.099738135412071, 'max_depth': 5, 'min_child_weight': 8, 'eval_metric': 'logloss'}. Best is trial 425 with value: 0.9801333333333333.
start listen on 10.110.42.71:53551
@tracker All of 1 nodes getting started
@tracker All nodes finishes job
start listen on 10.110.42.71:54293
@tracker All of 1 nodes getting started
@tracker All nodes finishes job
start listen on 10.110.42.71:46321
@tracker All of 1 nodes getting started
@tracker All nodes finishes job
start listen on 10.110.42.71:50409
@tracker All of 1 nodes getting started
@tracker All nodes finishes job
start listen on 10.110.42.71:54915
@tracker All of 1 nodes getting started
@tracker All nodes finishes job
Trial 1091 finished with value: 0.9796833333333334 and parameters: {'tree_method': 'gpu_hist', 'lambda': 0.06421771149180312, 'alpha': 0.014822999632775459, 'colsample_bytree': 0.3305755291117752, 'subsample': 0.916446167852464, 'learning_rate': 0.07513427611356953, 'max_depth': 5, 'min_child_weight': 1, 'eval_metric': 'logloss'}. Best is trial 425 with value: 0.9801333333333333.
start listen on 10.110.42.71:50441
@tracker All of 1 nodes getting started
@tracker All nodes finishes job
start listen on 10.110.42.71:38313
@tracker All of 1 nodes getting started
@tracker All nodes finishes job
start listen on 10.110.42.71:33209
@tracker All of 1 nodes getting started
@tracker All nodes finishes job
start listen on 10.110.42.71:41555
@tracker All of 1 nodes getting started
@tracker All nodes finishes job
start listen on 10.110.42.71:57747
@tracker All of 1 nodes getting started
@tracker All nodes finishes job
Trial 1092 finished with value: 0.9768666666666667 and parameters: {'tree_method': 'gpu_hist', 'lambda': 0.05704436248398568, 'alpha': 0.0224704275877635, 'colsample_bytree': 0.3683298493815673, 'subsample': 0.8813546129454797, 'learning_rate': 0.08021924279417204, 'max_depth': 5, 'min_child_weight': 15, 'eval_metric': 'logloss'}. Best is trial 425 with value: 0.9801333333333333.
start listen on 10.110.42.71:38429
@tracker All of 1 nodes getting started
@tracker All nodes finishes job
start listen on 10.110.42.71:48589
@tracker All of 1 nodes getting started
@tracker All nodes finishes job
start listen on 10.110.42.71:33347
@tracker All of 1 nodes getting started
@tracker All nodes finishes job
start listen on 10.110.42.71:46951
@tracker All of 1 nodes getting started
@tracker All nodes finishes job
start listen on 10.110.42.71:39965
@tracker All of 1 nodes getting started
@tracker All nodes finishes job
Trial 1093 finished with value: 0.9776333333333334 and parameters: {'tree_method': 'gpu_hist', 'lambda': 0.05609310775500995, 'alpha': 0.01277082670495529, 'colsample_bytree': 0.38910501663117125, 'subsample': 0.8340765185201339, 'learning_rate': 0.09085438384582872, 'max_depth': 13, 'min_child_weight': 6, 'eval_metric': 'logloss'}. Best is trial 425 with value: 0.9801333333333333.
start listen on 10.110.42.71:56081
@tracker All of 1 nodes getting started
@tracker All nodes finishes job
start listen on 10.110.42.71:56203
@tracker All of 1 nodes getting started
@tracker All nodes finishes job
start listen on 10.110.42.71:54783
@tracker All of 1 nodes getting started
@tracker All nodes finishes job
start listen on 10.110.42.71:51391
@tracker All of 1 nodes getting started
@tracker All nodes finishes job
start listen on 10.110.42.71:37329
@tracker All of 1 nodes getting started
@tracker All nodes finishes job
Trial 1094 finished with value: 0.9474666666666667 and parameters: {'tree_method': 'gpu_hist', 'lambda': 0.08145230528404612, 'alpha': 0.017293652097294356, 'colsample_bytree': 0.36574565138147713, 'subsample': 0.856850504715435, 'learning_rate': 0.06488878930998057, 'max_depth': 5, 'min_child_weight': 289, 'eval_metric': 'logloss'}. Best is trial 425 with value: 0.9801333333333333.
start listen on 10.110.42.71:45533
@tracker All of 1 nodes getting started
@tracker All nodes finishes job
start listen on 10.110.42.71:44731
@tracker All of 1 nodes getting started
@tracker All nodes finishes job
start listen on 10.110.42.71:46573
@tracker All of 1 nodes getting started
@tracker All nodes finishes job
start listen on 10.110.42.71:52887
@tracker All of 1 nodes getting started
@tracker All nodes finishes job
start listen on 10.110.42.71:41717
@tracker All of 1 nodes getting started
@tracker All nodes finishes job
Trial 1095 finished with value: 0.9777166666666667 and parameters: {'tree_method': 'gpu_hist', 'lambda': 0.05640889467415555, 'alpha': 0.010193464840934623, 'colsample_bytree': 0.38533676217540463, 'subsample': 0.8903221547803226, 'learning_rate': 0.0871458796963795, 'max_depth': 5, 'min_child_weight': 7, 'eval_metric': 'logloss'}. Best is trial 425 with value: 0.9801333333333333.
start listen on 10.110.42.71:52365
@tracker All of 1 nodes getting started
@tracker All nodes finishes job
start listen on 10.110.42.71:46961
@tracker All of 1 nodes getting started
@tracker All nodes finishes job
start listen on 10.110.42.71:34289
@tracker All of 1 nodes getting started
@tracker All nodes finishes job
start listen on 10.110.42.71:47517
@tracker All of 1 nodes getting started
@tracker All nodes finishes job
start listen on 10.110.42.71:37719
@tracker All of 1 nodes getting started
@tracker All nodes finishes job
Trial 1096 finished with value: 0.9796833333333334 and parameters: {'tree_method': 'gpu_hist', 'lambda': 0.07463928238828946, 'alpha': 0.013917780083647167, 'colsample_bytree': 0.39883137942066793, 'subsample': 0.9155568315032739, 'learning_rate': 0.07256999743861817, 'max_depth': 5, 'min_child_weight': 1, 'eval_metric': 'logloss'}. Best is trial 425 with value: 0.9801333333333333.
start listen on 10.110.42.71:57493
@tracker All of 1 nodes getting started
@tracker All nodes finishes job
start listen on 10.110.42.71:55731
@tracker All of 1 nodes getting started
@tracker All nodes finishes job
start listen on 10.110.42.71:53799
@tracker All of 1 nodes getting started
@tracker All nodes finishes job
start listen on 10.110.42.71:40041
@tracker All of 1 nodes getting started
@tracker All nodes finishes job
start listen on 10.110.42.71:52051
@tracker All of 1 nodes getting started
@tracker All nodes finishes job
Trial 1097 finished with value: 0.9773166666666666 and parameters: {'tree_method': 'gpu_hist', 'lambda': 0.04301438165100537, 'alpha': 0.020127857197920082, 'colsample_bytree': 0.34594561653035916, 'subsample': 0.8734925744442006, 'learning_rate': 0.08071863725364588, 'max_depth': 5, 'min_child_weight': 13, 'eval_metric': 'logloss'}. Best is trial 425 with value: 0.9801333333333333.
start listen on 10.110.42.71:47285
@tracker All of 1 nodes getting started
@tracker All nodes finishes job
start listen on 10.110.42.71:36189
@tracker All of 1 nodes getting started
@tracker All nodes finishes job
start listen on 10.110.42.71:39391
@tracker All of 1 nodes getting started
@tracker All nodes finishes job
start listen on 10.110.42.71:42921
@tracker All of 1 nodes getting started
@tracker All nodes finishes job
start listen on 10.110.42.71:40945
@tracker All of 1 nodes getting started
@tracker All nodes finishes job
Trial 1098 finished with value: 0.9780333333333333 and parameters: {'tree_method': 'gpu_hist', 'lambda': 0.08780376314418492, 'alpha': 0.0050505775420715635, 'colsample_bytree': 0.3708592459332078, 'subsample': 0.9035747379973427, 'learning_rate': 0.05600976717633358, 'max_depth': 5, 'min_child_weight': 7, 'eval_metric': 'logloss'}. Best is trial 425 with value: 0.9801333333333333.
start listen on 10.110.42.71:50049
@tracker All of 1 nodes getting started
@tracker All nodes finishes job
start listen on 10.110.42.71:42691
@tracker All of 1 nodes getting started
@tracker All nodes finishes job
start listen on 10.110.42.71:58579
@tracker All of 1 nodes getting started
@tracker All nodes finishes job
start listen on 10.110.42.71:51691
@tracker All of 1 nodes getting started
@tracker All nodes finishes job
start listen on 10.110.42.71:48903
@tracker All of 1 nodes getting started
@tracker All nodes finishes job
Trial 1099 finished with value: 0.9762833333333333 and parameters: {'tree_method': 'gpu_hist', 'lambda': 0.056916454388990075, 'alpha': 0.02682207053147298, 'colsample_bytree': 0.39640196612546363, 'subsample': 0.8234924422632818, 'learning_rate': 0.09980517644537877, 'max_depth': 5, 'min_child_weight': 18, 'eval_metric': 'logloss'}. Best is trial 425 with value: 0.9801333333333333.
start listen on 10.110.42.71:58439
@tracker All of 1 nodes getting started
@tracker All nodes finishes job
start listen on 10.110.42.71:58243
@tracker All of 1 nodes getting started
@tracker All nodes finishes job
start listen on 10.110.42.71:33477
@tracker All of 1 nodes getting started
@tracker All nodes finishes job
start listen on 10.110.42.71:40001
@tracker All of 1 nodes getting started
@tracker All nodes finishes job
start listen on 10.110.42.71:40973
@tracker All of 1 nodes getting started
@tracker All nodes finishes job
Trial 1100 finished with value: 0.9787 and parameters: {'tree_method': 'gpu_hist', 'lambda': 0.11604326013590474, 'alpha': 0.007951607564297683, 'colsample_bytree': 0.37802864357482774, 'subsample': 0.8869616844024055, 'learning_rate': 0.08818896473269762, 'max_depth': 5, 'min_child_weight': 6, 'eval_metric': 'logloss'}. Best is trial 425 with value: 0.9801333333333333.
start listen on 10.110.42.71:50653
@tracker All of 1 nodes getting started
@tracker All nodes finishes job
start listen on 10.110.42.71:52925
@tracker All of 1 nodes getting started
@tracker All nodes finishes job
start listen on 10.110.42.71:45923
@tracker All of 1 nodes getting started
@tracker All nodes finishes job
start listen on 10.110.42.71:50957
@tracker All of 1 nodes getting started
@tracker All nodes finishes job
start listen on 10.110.42.71:44961
@tracker All of 1 nodes getting started
@tracker All nodes finishes job
Trial 1101 finished with value: 0.9765666666666667 and parameters: {'tree_method': 'gpu_hist', 'lambda': 0.0712627256520904, 'alpha': 0.011597395921337319, 'colsample_bytree': 0.4397184167331983, 'subsample': 0.8608009731793813, 'learning_rate': 0.07984682895219121, 'max_depth': 5, 'min_child_weight': 12, 'eval_metric': 'logloss'}. Best is trial 425 with value: 0.9801333333333333.
start listen on 10.110.42.71:41207
@tracker All of 1 nodes getting started
@tracker All nodes finishes job
start listen on 10.110.42.71:38197
@tracker All of 1 nodes getting started
@tracker All nodes finishes job
start listen on 10.110.42.71:60699
@tracker All of 1 nodes getting started
@tracker All nodes finishes job
start listen on 10.110.42.71:37757
@tracker All of 1 nodes getting started
@tracker All nodes finishes job
start listen on 10.110.42.71:35821
@tracker All of 1 nodes getting started
@tracker All nodes finishes job
Trial 1102 finished with value: 0.9797833333333333 and parameters: {'tree_method': 'gpu_hist', 'lambda': 0.019909390137701263, 'alpha': 0.015990336500633626, 'colsample_bytree': 0.31682423792444037, 'subsample': 0.8441816289442007, 'learning_rate': 0.09266701956488245, 'max_depth': 5, 'min_child_weight': 1, 'eval_metric': 'logloss'}. Best is trial 425 with value: 0.9801333333333333.
start listen on 10.110.42.71:35607
@tracker All of 1 nodes getting started
@tracker All nodes finishes job
start listen on 10.110.42.71:57493
@tracker All of 1 nodes getting started
@tracker All nodes finishes job
start listen on 10.110.42.71:46833
@tracker All of 1 nodes getting started
@tracker All nodes finishes job
start listen on 10.110.42.71:51795
@tracker All of 1 nodes getting started
@tracker All nodes finishes job
start listen on 10.110.42.71:41267
@tracker All of 1 nodes getting started
@tracker All nodes finishes job
Trial 1103 finished with value: 0.9767 and parameters: {'tree_method': 'gpu_hist', 'lambda': 0.09329913069876088, 'alpha': 0.014014891021380264, 'colsample_bytree': 0.4133870921033026, 'subsample': 0.895341782222052, 'learning_rate': 0.07048884730516616, 'max_depth': 17, 'min_child_weight': 1, 'eval_metric': 'logloss'}. Best is trial 425 with value: 0.9801333333333333.
start listen on 10.110.42.71:58929
@tracker All of 1 nodes getting started
@tracker All nodes finishes job
start listen on 10.110.42.71:40541
@tracker All of 1 nodes getting started
@tracker All nodes finishes job
start listen on 10.110.42.71:43821
@tracker All of 1 nodes getting started
@tracker All nodes finishes job
start listen on 10.110.42.71:60165
@tracker All of 1 nodes getting started
@tracker All nodes finishes job
start listen on 10.110.42.71:40409
@tracker All of 1 nodes getting started
@tracker All nodes finishes job
Trial 1104 finished with value: 0.9777666666666667 and parameters: {'tree_method': 'gpu_hist', 'lambda': 0.05289792907058397, 'alpha': 0.00959971730503232, 'colsample_bytree': 0.3886265340052699, 'subsample': 0.8772494613200199, 'learning_rate': 0.0852956461270278, 'max_depth': 5, 'min_child_weight': 11, 'eval_metric': 'logloss'}. Best is trial 425 with value: 0.9801333333333333.
start listen on 10.110.42.71:46139
@tracker All of 1 nodes getting started
@tracker All nodes finishes job
start listen on 10.110.42.71:56303
@tracker All of 1 nodes getting started
@tracker All nodes finishes job
start listen on 10.110.42.71:41595
@tracker All of 1 nodes getting started
@tracker All nodes finishes job
start listen on 10.110.42.71:42259
@tracker All of 1 nodes getting started
@tracker All nodes finishes job
start listen on 10.110.42.71:33175
@tracker All of 1 nodes getting started
@tracker All nodes finishes job
Trial 1105 finished with value: 0.9760666666666666 and parameters: {'tree_method': 'gpu_hist', 'lambda': 0.07772643507791652, 'alpha': 0.018969804063140614, 'colsample_bytree': 0.40547805078235377, 'subsample': 0.9105310584444186, 'learning_rate': 0.09214943216120812, 'max_depth': 5, 'min_child_weight': 24, 'eval_metric': 'logloss'}. Best is trial 425 with value: 0.9801333333333333.
start listen on 10.110.42.71:52899
@tracker All of 1 nodes getting started
@tracker All nodes finishes job
start listen on 10.110.42.71:50311
@tracker All of 1 nodes getting started
@tracker All nodes finishes job
start listen on 10.110.42.71:38799
@tracker All of 1 nodes getting started
@tracker All nodes finishes job
start listen on 10.110.42.71:44089
@tracker All of 1 nodes getting started
@tracker All nodes finishes job
start listen on 10.110.42.71:55157
@tracker All of 1 nodes getting started
@tracker All nodes finishes job
Trial 1106 finished with value: 0.9774833333333334 and parameters: {'tree_method': 'gpu_hist', 'lambda': 0.06065613660364606, 'alpha': 0.023242755354140335, 'colsample_bytree': 0.7269237689539225, 'subsample': 0.9253051238037528, 'learning_rate': 0.0761653267041412, 'max_depth': 7, 'min_child_weight': 7, 'eval_metric': 'logloss'}. Best is trial 425 with value: 0.9801333333333333.
start listen on 10.110.42.71:60677
@tracker All of 1 nodes getting started
@tracker All nodes finishes job
start listen on 10.110.42.71:41409
@tracker All of 1 nodes getting started
@tracker All nodes finishes job
start listen on 10.110.42.71:47583
@tracker All of 1 nodes getting started
@tracker All nodes finishes job
start listen on 10.110.42.71:46583
@tracker All of 1 nodes getting started
@tracker All nodes finishes job
start listen on 10.110.42.71:59703
@tracker All of 1 nodes getting started
@tracker All nodes finishes job
Trial 1107 finished with value: 0.9777666666666667 and parameters: {'tree_method': 'gpu_hist', 'lambda': 0.041505516106532594, 'alpha': 0.011714537880611478, 'colsample_bytree': 0.6487629816004493, 'subsample': 0.8820901824987254, 'learning_rate': 0.0832749626363065, 'max_depth': 5, 'min_child_weight': 6, 'eval_metric': 'logloss'}. Best is trial 425 with value: 0.9801333333333333.
start listen on 10.110.42.71:54239
@tracker All of 1 nodes getting started
@tracker All nodes finishes job
start listen on 10.110.42.71:37517
@tracker All of 1 nodes getting started
@tracker All nodes finishes job
start listen on 10.110.42.71:59867
@tracker All of 1 nodes getting started
@tracker All nodes finishes job
start listen on 10.110.42.71:51809
@tracker All of 1 nodes getting started
@tracker All nodes finishes job
start listen on 10.110.42.71:54441
@tracker All of 1 nodes getting started
@tracker All nodes finishes job
