Trial 461 finished with value: 0.9756833333333333 and parameters: {'tree_method': 'gpu_hist', 'lambda': 0.46311627846520276, 'alpha': 0.021735878035177875, 'colsample_bytree': 0.44298587181234333, 'subsample': 0.9872101100576175, 'learning_rate': 0.0943287984168512, 'max_depth': 5, 'min_child_weight': 24, 'eval_metric': 'logloss'}. Best is trial 425 with value: 0.9801333333333333.
start listen on 10.110.42.71:37039
@tracker All of 1 nodes getting started
@tracker All nodes finishes job
start listen on 10.110.42.71:39535
@tracker All of 1 nodes getting started
@tracker All nodes finishes job
start listen on 10.110.42.71:57245
@tracker All of 1 nodes getting started
@tracker All nodes finishes job
start listen on 10.110.42.71:50379
@tracker All of 1 nodes getting started
@tracker All nodes finishes job
start listen on 10.110.42.71:53321
@tracker All of 1 nodes getting started
@tracker All nodes finishes job
Trial 462 finished with value: 0.9783333333333334 and parameters: {'tree_method': 'gpu_hist', 'lambda': 0.9808680041161381, 'alpha': 0.012237303078949073, 'colsample_bytree': 0.38236310566452214, 'subsample': 0.940533011157532, 'learning_rate': 0.06849119791470692, 'max_depth': 5, 'min_child_weight': 6, 'eval_metric': 'logloss'}. Best is trial 425 with value: 0.9801333333333333.
start listen on 10.110.42.71:39979
@tracker All of 1 nodes getting started
@tracker All nodes finishes job
start listen on 10.110.42.71:38077
@tracker All of 1 nodes getting started
@tracker All nodes finishes job
start listen on 10.110.42.71:54215
@tracker All of 1 nodes getting started
@tracker All nodes finishes job
start listen on 10.110.42.71:47853
@tracker All of 1 nodes getting started
@tracker All nodes finishes job
start listen on 10.110.42.71:45695
@tracker All of 1 nodes getting started
@tracker All nodes finishes job
Trial 463 finished with value: 0.9704833333333334 and parameters: {'tree_method': 'gpu_hist', 'lambda': 0.8045660541280821, 'alpha': 0.003480378736029793, 'colsample_bytree': 0.4695701881744602, 'subsample': 0.9285032549304298, 'learning_rate': 0.07960381683702404, 'max_depth': 5, 'min_child_weight': 84, 'eval_metric': 'logloss'}. Best is trial 425 with value: 0.9801333333333333.
start listen on 10.110.42.71:60911
@tracker All of 1 nodes getting started
@tracker All nodes finishes job
start listen on 10.110.42.71:33333
@tracker All of 1 nodes getting started
@tracker All nodes finishes job
start listen on 10.110.42.71:34925
@tracker All of 1 nodes getting started
@tracker All nodes finishes job
start listen on 10.110.42.71:52299
@tracker All of 1 nodes getting started
@tracker All nodes finishes job
start listen on 10.110.42.71:58487
@tracker All of 1 nodes getting started
@tracker All nodes finishes job
Trial 464 finished with value: 0.97665 and parameters: {'tree_method': 'gpu_hist', 'lambda': 0.0048815316121195345, 'alpha': 0.04359887219638998, 'colsample_bytree': 0.4163257674243354, 'subsample': 0.9999500776019727, 'learning_rate': 0.09961731081823329, 'max_depth': 5, 'min_child_weight': 17, 'eval_metric': 'logloss'}. Best is trial 425 with value: 0.9801333333333333.
start listen on 10.110.42.71:46505
@tracker All of 1 nodes getting started
@tracker All nodes finishes job
start listen on 10.110.42.71:57141
@tracker All of 1 nodes getting started
@tracker All nodes finishes job
start listen on 10.110.42.71:43693
@tracker All of 1 nodes getting started
@tracker All nodes finishes job
start listen on 10.110.42.71:58383
@tracker All of 1 nodes getting started
@tracker All nodes finishes job
start listen on 10.110.42.71:51659
@tracker All of 1 nodes getting started
@tracker All nodes finishes job
Trial 465 finished with value: 0.9550166666666666 and parameters: {'tree_method': 'gpu_hist', 'lambda': 0.040950990269571115, 'alpha': 0.026215150161357656, 'colsample_bytree': 0.4559950138272196, 'subsample': 0.9050587488556341, 'learning_rate': 0.00633300472252166, 'max_depth': 5, 'min_child_weight': 6, 'eval_metric': 'logloss'}. Best is trial 425 with value: 0.9801333333333333.
start listen on 10.110.42.71:54005
@tracker All of 1 nodes getting started
@tracker All nodes finishes job
start listen on 10.110.42.71:57747
@tracker All of 1 nodes getting started
@tracker All nodes finishes job
start listen on 10.110.42.71:41279
@tracker All of 1 nodes getting started
@tracker All nodes finishes job
start listen on 10.110.42.71:49347
@tracker All of 1 nodes getting started
@tracker All nodes finishes job
start listen on 10.110.42.71:55251
@tracker All of 1 nodes getting started
@tracker All nodes finishes job
Trial 466 finished with value: 0.9575833333333333 and parameters: {'tree_method': 'gpu_hist', 'lambda': 0.6726504392561586, 'alpha': 0.018505396699161503, 'colsample_bytree': 0.47392866689499635, 'subsample': 0.8872062139507089, 'learning_rate': 0.08765186563618141, 'max_depth': 17, 'min_child_weight': 218, 'eval_metric': 'logloss'}. Best is trial 425 with value: 0.9801333333333333.
start listen on 10.110.42.71:56999
@tracker All of 1 nodes getting started
@tracker All nodes finishes job
start listen on 10.110.42.71:46227
@tracker All of 1 nodes getting started
@tracker All nodes finishes job
start listen on 10.110.42.71:48821
@tracker All of 1 nodes getting started
@tracker All nodes finishes job
start listen on 10.110.42.71:58441
@tracker All of 1 nodes getting started
@tracker All nodes finishes job
start listen on 10.110.42.71:43229
@tracker All of 1 nodes getting started
@tracker All nodes finishes job
Trial 467 finished with value: 0.9796333333333334 and parameters: {'tree_method': 'gpu_hist', 'lambda': 0.8111693810716305, 'alpha': 0.023634388223082843, 'colsample_bytree': 0.48839420455682453, 'subsample': 0.9146590260176657, 'learning_rate': 0.07581524696219845, 'max_depth': 5, 'min_child_weight': 1, 'eval_metric': 'logloss'}. Best is trial 425 with value: 0.9801333333333333.
start listen on 10.110.42.71:43783
@tracker All of 1 nodes getting started
@tracker All nodes finishes job
start listen on 10.110.42.71:54843
@tracker All of 1 nodes getting started
@tracker All nodes finishes job
start listen on 10.110.42.71:39009
@tracker All of 1 nodes getting started
@tracker All nodes finishes job
start listen on 10.110.42.71:39259
@tracker All of 1 nodes getting started
@tracker All nodes finishes job
start listen on 10.110.42.71:54481
@tracker All of 1 nodes getting started
@tracker All nodes finishes job
Trial 468 finished with value: 0.9774666666666667 and parameters: {'tree_method': 'gpu_hist', 'lambda': 1.1364008524533056, 'alpha': 0.016714051564859382, 'colsample_bytree': 0.4536323633805486, 'subsample': 0.9827631984231544, 'learning_rate': 0.07990150230589281, 'max_depth': 5, 'min_child_weight': 11, 'eval_metric': 'logloss'}. Best is trial 425 with value: 0.9801333333333333.
start listen on 10.110.42.71:54213
@tracker All of 1 nodes getting started
@tracker All nodes finishes job
start listen on 10.110.42.71:58557
@tracker All of 1 nodes getting started
@tracker All nodes finishes job
start listen on 10.110.42.71:34823
@tracker All of 1 nodes getting started
@tracker All nodes finishes job
start listen on 10.110.42.71:41357
@tracker All of 1 nodes getting started
@tracker All nodes finishes job
start listen on 10.110.42.71:34967
@tracker All of 1 nodes getting started
@tracker All nodes finishes job
Trial 469 finished with value: 0.9775166666666667 and parameters: {'tree_method': 'gpu_hist', 'lambda': 0.3876278872277758, 'alpha': 0.03633880372272737, 'colsample_bytree': 0.4290615110095548, 'subsample': 0.9654008845424761, 'learning_rate': 0.09151964957583072, 'max_depth': 20, 'min_child_weight': 7, 'eval_metric': 'logloss'}. Best is trial 425 with value: 0.9801333333333333.
start listen on 10.110.42.71:54471
@tracker All of 1 nodes getting started
@tracker All nodes finishes job
start listen on 10.110.42.71:39699
@tracker All of 1 nodes getting started
@tracker All nodes finishes job
start listen on 10.110.42.71:33811
@tracker All of 1 nodes getting started
@tracker All nodes finishes job
start listen on 10.110.42.71:39395
@tracker All of 1 nodes getting started
@tracker All nodes finishes job
start listen on 10.110.42.71:51837
@tracker All of 1 nodes getting started
@tracker All nodes finishes job
Trial 470 finished with value: 0.9762333333333333 and parameters: {'tree_method': 'gpu_hist', 'lambda': 0.5496519740558355, 'alpha': 0.057095097920599525, 'colsample_bytree': 0.36668657264081134, 'subsample': 0.9580062877959586, 'learning_rate': 0.08515550802090423, 'max_depth': 5, 'min_child_weight': 19, 'eval_metric': 'logloss'}. Best is trial 425 with value: 0.9801333333333333.
start listen on 10.110.42.71:33783
@tracker All of 1 nodes getting started
@tracker All nodes finishes job
start listen on 10.110.42.71:49041
@tracker All of 1 nodes getting started
@tracker All nodes finishes job
start listen on 10.110.42.71:44991
@tracker All of 1 nodes getting started
@tracker All nodes finishes job
start listen on 10.110.42.71:41827
@tracker All of 1 nodes getting started
@tracker All nodes finishes job
start listen on 10.110.42.71:35887
@tracker All of 1 nodes getting started
@tracker All nodes finishes job
Trial 471 finished with value: 0.9773166666666666 and parameters: {'tree_method': 'gpu_hist', 'lambda': 1.4105131503887225, 'alpha': 0.011169738869173738, 'colsample_bytree': 0.4461598881626534, 'subsample': 0.8965567470460462, 'learning_rate': 0.09926336920208084, 'max_depth': 5, 'min_child_weight': 11, 'eval_metric': 'logloss'}. Best is trial 425 with value: 0.9801333333333333.
start listen on 10.110.42.71:51965
@tracker All of 1 nodes getting started
@tracker All nodes finishes job
start listen on 10.110.42.71:39379
@tracker All of 1 nodes getting started
@tracker All nodes finishes job
start listen on 10.110.42.71:51469
@tracker All of 1 nodes getting started
@tracker All nodes finishes job
start listen on 10.110.42.71:36371
@tracker All of 1 nodes getting started
@tracker All nodes finishes job
start listen on 10.110.42.71:37099
@tracker All of 1 nodes getting started
@tracker All nodes finishes job
Trial 472 finished with value: 0.97825 and parameters: {'tree_method': 'gpu_hist', 'lambda': 0.7111414330061101, 'alpha': 0.029067822072579453, 'colsample_bytree': 0.403327741834047, 'subsample': 0.974521496456921, 'learning_rate': 0.08483645487214245, 'max_depth': 9, 'min_child_weight': 1, 'eval_metric': 'logloss'}. Best is trial 425 with value: 0.9801333333333333.
start listen on 10.110.42.71:36459
@tracker All of 1 nodes getting started
@tracker All nodes finishes job
start listen on 10.110.42.71:47609
@tracker All of 1 nodes getting started
@tracker All nodes finishes job
start listen on 10.110.42.71:47049
@tracker All of 1 nodes getting started
@tracker All nodes finishes job
start listen on 10.110.42.71:41343
@tracker All of 1 nodes getting started
@tracker All nodes finishes job
start listen on 10.110.42.71:47553
@tracker All of 1 nodes getting started
@tracker All nodes finishes job
Trial 473 finished with value: 0.94845 and parameters: {'tree_method': 'gpu_hist', 'lambda': 0.991890326989945, 'alpha': 0.01364492542784941, 'colsample_bytree': 0.46301222984664475, 'subsample': 0.8786843590624096, 'learning_rate': 0.004915301052654048, 'max_depth': 5, 'min_child_weight': 6, 'eval_metric': 'logloss'}. Best is trial 425 with value: 0.9801333333333333.
start listen on 10.110.42.71:36697
@tracker All of 1 nodes getting started
@tracker All nodes finishes job
start listen on 10.110.42.71:33703
@tracker All of 1 nodes getting started
@tracker All nodes finishes job
start listen on 10.110.42.71:51733
@tracker All of 1 nodes getting started
@tracker All nodes finishes job
start listen on 10.110.42.71:47291
@tracker All of 1 nodes getting started
@tracker All nodes finishes job
start listen on 10.110.42.71:52893
@tracker All of 1 nodes getting started
@tracker All nodes finishes job
Trial 474 finished with value: 0.9789333333333333 and parameters: {'tree_method': 'gpu_hist', 'lambda': 0.8770363498383772, 'alpha': 0.0142693509564588, 'colsample_bytree': 0.3782001559098871, 'subsample': 0.5462269634720758, 'learning_rate': 0.0748927351216056, 'max_depth': 5, 'min_child_weight': 1, 'eval_metric': 'logloss'}. Best is trial 425 with value: 0.9801333333333333.
start listen on 10.110.42.71:36785
@tracker All of 1 nodes getting started
@tracker All nodes finishes job
start listen on 10.110.42.71:58871
@tracker All of 1 nodes getting started
@tracker All nodes finishes job
start listen on 10.110.42.71:59859
@tracker All of 1 nodes getting started
@tracker All nodes finishes job
start listen on 10.110.42.71:41705
@tracker All of 1 nodes getting started
@tracker All nodes finishes job
start listen on 10.110.42.71:35217
@tracker All of 1 nodes getting started
@tracker All nodes finishes job
Trial 475 finished with value: 0.9770166666666666 and parameters: {'tree_method': 'gpu_hist', 'lambda': 1.2988390602798086, 'alpha': 0.008802919283478119, 'colsample_bytree': 0.3461340114189055, 'subsample': 0.9433043475888893, 'learning_rate': 0.06471473268686209, 'max_depth': 5, 'min_child_weight': 13, 'eval_metric': 'logloss'}. Best is trial 425 with value: 0.9801333333333333.
start listen on 10.110.42.71:46401
@tracker All of 1 nodes getting started
@tracker All nodes finishes job
start listen on 10.110.42.71:32931
@tracker All of 1 nodes getting started
@tracker All nodes finishes job
start listen on 10.110.42.71:44747
@tracker All of 1 nodes getting started
@tracker All nodes finishes job
start listen on 10.110.42.71:33097
@tracker All of 1 nodes getting started
@tracker All nodes finishes job
start listen on 10.110.42.71:58783
@tracker All of 1 nodes getting started
@tracker All nodes finishes job
Trial 476 finished with value: 0.9758666666666667 and parameters: {'tree_method': 'gpu_hist', 'lambda': 0.6061892830255474, 'alpha': 0.020746401273446843, 'colsample_bytree': 0.49365434520726065, 'subsample': 0.8481161025714272, 'learning_rate': 0.017515638015090162, 'max_depth': 11, 'min_child_weight': 7, 'eval_metric': 'logloss'}. Best is trial 425 with value: 0.9801333333333333.
start listen on 10.110.42.71:46863
@tracker All of 1 nodes getting started
@tracker All nodes finishes job
start listen on 10.110.42.71:35455
@tracker All of 1 nodes getting started
@tracker All nodes finishes job
start listen on 10.110.42.71:33463
@tracker All of 1 nodes getting started
@tracker All nodes finishes job
start listen on 10.110.42.71:49473
@tracker All of 1 nodes getting started
@tracker All nodes finishes job
start listen on 10.110.42.71:33573
@tracker All of 1 nodes getting started
@tracker All nodes finishes job
Trial 477 finished with value: 0.9653833333333334 and parameters: {'tree_method': 'gpu_hist', 'lambda': 1.0374726804824725, 'alpha': 0.002990612683287978, 'colsample_bytree': 0.39240245525140827, 'subsample': 0.9096650913558757, 'learning_rate': 0.0694950281031172, 'max_depth': 3, 'min_child_weight': 103, 'eval_metric': 'logloss'}. Best is trial 425 with value: 0.9801333333333333.
start listen on 10.110.42.71:38165
@tracker All of 1 nodes getting started
@tracker All nodes finishes job
start listen on 10.110.42.71:45811
@tracker All of 1 nodes getting started
@tracker All nodes finishes job
start listen on 10.110.42.71:46441
@tracker All of 1 nodes getting started
@tracker All nodes finishes job
start listen on 10.110.42.71:47193
@tracker All of 1 nodes getting started
@tracker All nodes finishes job
start listen on 10.110.42.71:45003
@tracker All of 1 nodes getting started
@tracker All nodes finishes job
Trial 478 finished with value: 0.9795333333333334 and parameters: {'tree_method': 'gpu_hist', 'lambda': 0.7907776738778296, 'alpha': 0.04158005942757444, 'colsample_bytree': 0.47435649275222663, 'subsample': 0.9917817219124802, 'learning_rate': 0.09231491750734368, 'max_depth': 5, 'min_child_weight': 1, 'eval_metric': 'logloss'}. Best is trial 425 with value: 0.9801333333333333.
start listen on 10.110.42.71:59785
@tracker All of 1 nodes getting started
@tracker All nodes finishes job
start listen on 10.110.42.71:42745
@tracker All of 1 nodes getting started
@tracker All nodes finishes job
start listen on 10.110.42.71:45473
@tracker All of 1 nodes getting started
@tracker All nodes finishes job
start listen on 10.110.42.71:56401
@tracker All of 1 nodes getting started
@tracker All nodes finishes job
start listen on 10.110.42.71:51235
@tracker All of 1 nodes getting started
@tracker All nodes finishes job
Trial 479 finished with value: 0.97665 and parameters: {'tree_method': 'gpu_hist', 'lambda': 0.70375603530058, 'alpha': 0.017952371431687056, 'colsample_bytree': 0.438595922461123, 'subsample': 0.9276540606400496, 'learning_rate': 0.055884549981955925, 'max_depth': 15, 'min_child_weight': 14, 'eval_metric': 'logloss'}. Best is trial 425 with value: 0.9801333333333333.
start listen on 10.110.42.71:36489
@tracker All of 1 nodes getting started
@tracker All nodes finishes job
start listen on 10.110.42.71:51499
@tracker All of 1 nodes getting started
@tracker All nodes finishes job
start listen on 10.110.42.71:57247
@tracker All of 1 nodes getting started
@tracker All nodes finishes job
start listen on 10.110.42.71:58901
@tracker All of 1 nodes getting started
@tracker All nodes finishes job
start listen on 10.110.42.71:39855
@tracker All of 1 nodes getting started
@tracker All nodes finishes job
Trial 480 finished with value: 0.9782666666666666 and parameters: {'tree_method': 'gpu_hist', 'lambda': 0.9183782801613981, 'alpha': 0.09573971709565915, 'colsample_bytree': 0.42300315163170704, 'subsample': 0.8922838032275312, 'learning_rate': 0.09982963735915162, 'max_depth': 5, 'min_child_weight': 7, 'eval_metric': 'logloss'}. Best is trial 425 with value: 0.9801333333333333.
start listen on 10.110.42.71:34673
@tracker All of 1 nodes getting started
@tracker All nodes finishes job
start listen on 10.110.42.71:59613
@tracker All of 1 nodes getting started
@tracker All nodes finishes job
start listen on 10.110.42.71:33395
@tracker All of 1 nodes getting started
@tracker All nodes finishes job
start listen on 10.110.42.71:40289
@tracker All of 1 nodes getting started
@tracker All nodes finishes job
start listen on 10.110.42.71:52691
@tracker All of 1 nodes getting started
@tracker All nodes finishes job
Trial 481 finished with value: 0.9763 and parameters: {'tree_method': 'gpu_hist', 'lambda': 0.4212244472360089, 'alpha': 0.0010042891869747174, 'colsample_bytree': 0.40759791648069466, 'subsample': 0.9731429479621195, 'learning_rate': 0.08623635492509363, 'max_depth': 5, 'min_child_weight': 19, 'eval_metric': 'logloss'}. Best is trial 425 with value: 0.9801333333333333.
start listen on 10.110.42.71:33609
@tracker All of 1 nodes getting started
@tracker All nodes finishes job
start listen on 10.110.42.71:43633
@tracker All of 1 nodes getting started
@tracker All nodes finishes job
start listen on 10.110.42.71:60113
@tracker All of 1 nodes getting started
@tracker All nodes finishes job
start listen on 10.110.42.71:40121
@tracker All of 1 nodes getting started
@tracker All nodes finishes job
start listen on 10.110.42.71:52627
@tracker All of 1 nodes getting started
@tracker All nodes finishes job
Trial 482 finished with value: 0.9779666666666667 and parameters: {'tree_method': 'gpu_hist', 'lambda': 1.16290916818163, 'alpha': 0.01126573091738127, 'colsample_bytree': 0.4125949804861523, 'subsample': 0.8667838983169344, 'learning_rate': 0.07884038332846004, 'max_depth': 5, 'min_child_weight': 6, 'eval_metric': 'logloss'}. Best is trial 425 with value: 0.9801333333333333.
start listen on 10.110.42.71:51273
@tracker All of 1 nodes getting started
@tracker All nodes finishes job
start listen on 10.110.42.71:53249
@tracker All of 1 nodes getting started
@tracker All nodes finishes job
start listen on 10.110.42.71:59363
@tracker All of 1 nodes getting started
@tracker All nodes finishes job
start listen on 10.110.42.71:38421
@tracker All of 1 nodes getting started
@tracker All nodes finishes job
start listen on 10.110.42.71:34633
@tracker All of 1 nodes getting started
@tracker All nodes finishes job
Trial 483 finished with value: 0.9796166666666667 and parameters: {'tree_method': 'gpu_hist', 'lambda': 0.5410085084832625, 'alpha': 0.025369114366085445, 'colsample_bytree': 0.4309377295493076, 'subsample': 0.9589017677936003, 'learning_rate': 0.09196032673619196, 'max_depth': 5, 'min_child_weight': 1, 'eval_metric': 'logloss'}. Best is trial 425 with value: 0.9801333333333333.
start listen on 10.110.42.71:50935
@tracker All of 1 nodes getting started
@tracker All nodes finishes job
start listen on 10.110.42.71:56365
@tracker All of 1 nodes getting started
@tracker All nodes finishes job
start listen on 10.110.42.71:59323
@tracker All of 1 nodes getting started
@tracker All nodes finishes job
start listen on 10.110.42.71:32909
@tracker All of 1 nodes getting started
@tracker All nodes finishes job
start listen on 10.110.42.71:55009
@tracker All of 1 nodes getting started
@tracker All nodes finishes job
Trial 484 finished with value: 0.9767666666666667 and parameters: {'tree_method': 'gpu_hist', 'lambda': 0.8324946032957777, 'alpha': 0.018604086973367583, 'colsample_bytree': 0.4585900326906713, 'subsample': 0.881505997343332, 'learning_rate': 0.07089694379001783, 'max_depth': 13, 'min_child_weight': 11, 'eval_metric': 'logloss'}. Best is trial 425 with value: 0.9801333333333333.
start listen on 10.110.42.71:42121
@tracker All of 1 nodes getting started
@tracker All nodes finishes job
start listen on 10.110.42.71:55525
@tracker All of 1 nodes getting started
@tracker All nodes finishes job
start listen on 10.110.42.71:43941
@tracker All of 1 nodes getting started
@tracker All nodes finishes job
start listen on 10.110.42.71:43571
@tracker All of 1 nodes getting started
@tracker All nodes finishes job
start listen on 10.110.42.71:44849
@tracker All of 1 nodes getting started
@tracker All nodes finishes job
