Trial 557 finished with value: 0.9768333333333333 and parameters: {'tree_method': 'gpu_hist', 'lambda': 0.9034503611844756, 'alpha': 0.010073264996614631, 'colsample_bytree': 0.4365158072118426, 'subsample': 0.8403826302580623, 'learning_rate': 0.09255064370215119, 'max_depth': 5, 'min_child_weight': 14, 'eval_metric': 'logloss'}. Best is trial 425 with value: 0.9801333333333333.
start listen on 10.110.42.71:42203
@tracker All of 1 nodes getting started
@tracker All nodes finishes job
start listen on 10.110.42.71:58801
@tracker All of 1 nodes getting started
@tracker All nodes finishes job
start listen on 10.110.42.71:49163
@tracker All of 1 nodes getting started
@tracker All nodes finishes job
start listen on 10.110.42.71:41585
@tracker All of 1 nodes getting started
@tracker All nodes finishes job
start listen on 10.110.42.71:34009
@tracker All of 1 nodes getting started
@tracker All nodes finishes job
Trial 558 finished with value: 0.9506666666666667 and parameters: {'tree_method': 'gpu_hist', 'lambda': 1.1202172017890761, 'alpha': 0.0124853700771862, 'colsample_bytree': 0.41336626667552784, 'subsample': 0.8499454433319659, 'learning_rate': 0.09984741014435188, 'max_depth': 5, 'min_child_weight': 278, 'eval_metric': 'logloss'}. Best is trial 425 with value: 0.9801333333333333.
start listen on 10.110.42.71:54739
@tracker All of 1 nodes getting started
@tracker All nodes finishes job
start listen on 10.110.42.71:42293
@tracker All of 1 nodes getting started
@tracker All nodes finishes job
start listen on 10.110.42.71:46543
@tracker All of 1 nodes getting started
@tracker All nodes finishes job
start listen on 10.110.42.71:42191
@tracker All of 1 nodes getting started
@tracker All nodes finishes job
start listen on 10.110.42.71:43901
@tracker All of 1 nodes getting started
@tracker All nodes finishes job
Trial 559 finished with value: 0.9781666666666666 and parameters: {'tree_method': 'gpu_hist', 'lambda': 0.820882677281715, 'alpha': 0.10468798761433626, 'colsample_bytree': 0.4407389151637712, 'subsample': 0.8336086049247702, 'learning_rate': 0.07938641536010166, 'max_depth': 5, 'min_child_weight': 7, 'eval_metric': 'logloss'}. Best is trial 425 with value: 0.9801333333333333.
start listen on 10.110.42.71:41089
@tracker All of 1 nodes getting started
@tracker All nodes finishes job
start listen on 10.110.42.71:53265
@tracker All of 1 nodes getting started
@tracker All nodes finishes job
start listen on 10.110.42.71:34287
@tracker All of 1 nodes getting started
@tracker All nodes finishes job
start listen on 10.110.42.71:53311
@tracker All of 1 nodes getting started
@tracker All nodes finishes job
start listen on 10.110.42.71:39943
@tracker All of 1 nodes getting started
@tracker All nodes finishes job
Trial 560 finished with value: 0.9772 and parameters: {'tree_method': 'gpu_hist', 'lambda': 0.0017225820113435423, 'alpha': 0.006924894807192416, 'colsample_bytree': 0.3917300829442027, 'subsample': 0.8645586058046175, 'learning_rate': 0.0851587706437871, 'max_depth': 20, 'min_child_weight': 6, 'eval_metric': 'logloss'}. Best is trial 425 with value: 0.9801333333333333.
start listen on 10.110.42.71:35951
@tracker All of 1 nodes getting started
@tracker All nodes finishes job
start listen on 10.110.42.71:38311
@tracker All of 1 nodes getting started
@tracker All nodes finishes job
start listen on 10.110.42.71:55331
@tracker All of 1 nodes getting started
@tracker All nodes finishes job
start listen on 10.110.42.71:51319
@tracker All of 1 nodes getting started
@tracker All nodes finishes job
start listen on 10.110.42.71:38215
@tracker All of 1 nodes getting started
@tracker All nodes finishes job
Trial 561 finished with value: 0.9794833333333334 and parameters: {'tree_method': 'gpu_hist', 'lambda': 0.04937040499456493, 'alpha': 0.00542236846415863, 'colsample_bytree': 0.41864485348380265, 'subsample': 0.8729089008700555, 'learning_rate': 0.07576005662269214, 'max_depth': 5, 'min_child_weight': 1, 'eval_metric': 'logloss'}. Best is trial 425 with value: 0.9801333333333333.
start listen on 10.110.42.71:49829
@tracker All of 1 nodes getting started
@tracker All nodes finishes job
start listen on 10.110.42.71:60789
@tracker All of 1 nodes getting started
@tracker All nodes finishes job
start listen on 10.110.42.71:41257
@tracker All of 1 nodes getting started
@tracker All nodes finishes job
start listen on 10.110.42.71:42283
@tracker All of 1 nodes getting started
@tracker All nodes finishes job
start listen on 10.110.42.71:48451
@tracker All of 1 nodes getting started
@tracker All nodes finishes job
Trial 562 finished with value: 0.9762666666666666 and parameters: {'tree_method': 'gpu_hist', 'lambda': 0.6732586220298128, 'alpha': 0.040820063397191034, 'colsample_bytree': 0.3599389932623303, 'subsample': 0.8626939491686938, 'learning_rate': 0.09117566817251857, 'max_depth': 17, 'min_child_weight': 21, 'eval_metric': 'logloss'}. Best is trial 425 with value: 0.9801333333333333.
start listen on 10.110.42.71:51139
@tracker All of 1 nodes getting started
@tracker All nodes finishes job
start listen on 10.110.42.71:39331
@tracker All of 1 nodes getting started
@tracker All nodes finishes job
start listen on 10.110.42.71:56843
@tracker All of 1 nodes getting started
@tracker All nodes finishes job
start listen on 10.110.42.71:51697
@tracker All of 1 nodes getting started
@tracker All nodes finishes job
start listen on 10.110.42.71:45433
@tracker All of 1 nodes getting started
@tracker All nodes finishes job
Trial 563 finished with value: 0.9771833333333333 and parameters: {'tree_method': 'gpu_hist', 'lambda': 0.2587659237729886, 'alpha': 0.0350451585037187, 'colsample_bytree': 0.44826149004040833, 'subsample': 0.8446845655058263, 'learning_rate': 0.06757311897150635, 'max_depth': 5, 'min_child_weight': 11, 'eval_metric': 'logloss'}. Best is trial 425 with value: 0.9801333333333333.
start listen on 10.110.42.71:35377
@tracker All of 1 nodes getting started
@tracker All nodes finishes job
start listen on 10.110.42.71:32903
@tracker All of 1 nodes getting started
@tracker All nodes finishes job
start listen on 10.110.42.71:44809
@tracker All of 1 nodes getting started
@tracker All nodes finishes job
start listen on 10.110.42.71:36945
@tracker All of 1 nodes getting started
@tracker All nodes finishes job
start listen on 10.110.42.71:37397
@tracker All of 1 nodes getting started
@tracker All nodes finishes job
Trial 564 finished with value: 0.91815 and parameters: {'tree_method': 'gpu_hist', 'lambda': 0.9651835165687054, 'alpha': 0.008311891201395348, 'colsample_bytree': 0.43076480945357953, 'subsample': 0.8816823363404465, 'learning_rate': 0.0012731551455090603, 'max_depth': 5, 'min_child_weight': 14, 'eval_metric': 'logloss'}. Best is trial 425 with value: 0.9801333333333333.
start listen on 10.110.42.71:43575
@tracker All of 1 nodes getting started
@tracker All nodes finishes job
start listen on 10.110.42.71:52469
@tracker All of 1 nodes getting started
@tracker All nodes finishes job
start listen on 10.110.42.71:55457
@tracker All of 1 nodes getting started
@tracker All nodes finishes job
start listen on 10.110.42.71:59637
@tracker All of 1 nodes getting started
@tracker All nodes finishes job
start listen on 10.110.42.71:39361
@tracker All of 1 nodes getting started
@tracker All nodes finishes job
Trial 565 finished with value: 0.9690833333333333 and parameters: {'tree_method': 'gpu_hist', 'lambda': 0.4302436965630082, 'alpha': 0.024282599059973684, 'colsample_bytree': 0.3825821926736278, 'subsample': 0.8889040855262824, 'learning_rate': 0.08278718256698087, 'max_depth': 5, 'min_child_weight': 93, 'eval_metric': 'logloss'}. Best is trial 425 with value: 0.9801333333333333.
start listen on 10.110.42.71:42473
@tracker All of 1 nodes getting started
@tracker All nodes finishes job
start listen on 10.110.42.71:58311
@tracker All of 1 nodes getting started
@tracker All nodes finishes job
start listen on 10.110.42.71:56209
@tracker All of 1 nodes getting started
@tracker All nodes finishes job
start listen on 10.110.42.71:57191
@tracker All of 1 nodes getting started
@tracker All nodes finishes job
start listen on 10.110.42.71:38019
@tracker All of 1 nodes getting started
@tracker All nodes finishes job
Trial 566 finished with value: 0.9586333333333333 and parameters: {'tree_method': 'gpu_hist', 'lambda': 0.5978834979926075, 'alpha': 0.012734322923262821, 'colsample_bytree': 0.4021854458516295, 'subsample': 0.8703404517517365, 'learning_rate': 0.09983859216193389, 'max_depth': 5, 'min_child_weight': 203, 'eval_metric': 'logloss'}. Best is trial 425 with value: 0.9801333333333333.
start listen on 10.110.42.71:44679
@tracker All of 1 nodes getting started
@tracker All nodes finishes job
start listen on 10.110.42.71:59731
@tracker All of 1 nodes getting started
@tracker All nodes finishes job
start listen on 10.110.42.71:40641
@tracker All of 1 nodes getting started
@tracker All nodes finishes job
start listen on 10.110.42.71:57825
@tracker All of 1 nodes getting started
@tracker All nodes finishes job
start listen on 10.110.42.71:44531
@tracker All of 1 nodes getting started
@tracker All nodes finishes job
Trial 567 finished with value: 0.9679 and parameters: {'tree_method': 'gpu_hist', 'lambda': 1.2565336101595603, 'alpha': 0.0151077393923254, 'colsample_bytree': 0.45210714715826616, 'subsample': 0.9171144618185425, 'learning_rate': 0.0900228714730126, 'max_depth': 11, 'min_child_weight': 109, 'eval_metric': 'logloss'}. Best is trial 425 with value: 0.9801333333333333.
start listen on 10.110.42.71:35231
@tracker All of 1 nodes getting started
@tracker All nodes finishes job
start listen on 10.110.42.71:53075
@tracker All of 1 nodes getting started
@tracker All nodes finishes job
start listen on 10.110.42.71:38123
@tracker All of 1 nodes getting started
@tracker All nodes finishes job
start listen on 10.110.42.71:35293
@tracker All of 1 nodes getting started
@tracker All nodes finishes job
start listen on 10.110.42.71:51957
@tracker All of 1 nodes getting started
@tracker All nodes finishes job
Trial 568 finished with value: 0.97955 and parameters: {'tree_method': 'gpu_hist', 'lambda': 0.8182181916586133, 'alpha': 0.01049445163440305, 'colsample_bytree': 0.432408727987098, 'subsample': 0.9008671556379886, 'learning_rate': 0.07677028713639254, 'max_depth': 5, 'min_child_weight': 1, 'eval_metric': 'logloss'}. Best is trial 425 with value: 0.9801333333333333.
start listen on 10.110.42.71:56031
@tracker All of 1 nodes getting started
@tracker All nodes finishes job
start listen on 10.110.42.71:48549
@tracker All of 1 nodes getting started
@tracker All nodes finishes job
start listen on 10.110.42.71:55973
@tracker All of 1 nodes getting started
@tracker All nodes finishes job
start listen on 10.110.42.71:51421
@tracker All of 1 nodes getting started
@tracker All nodes finishes job
start listen on 10.110.42.71:33109
@tracker All of 1 nodes getting started
@tracker All nodes finishes job
Trial 569 finished with value: 0.9777666666666667 and parameters: {'tree_method': 'gpu_hist', 'lambda': 1.0083833803788775, 'alpha': 0.017406424460583738, 'colsample_bytree': 0.3707809564901489, 'subsample': 0.8592140150228958, 'learning_rate': 0.08437056111970635, 'max_depth': 9, 'min_child_weight': 7, 'eval_metric': 'logloss'}. Best is trial 425 with value: 0.9801333333333333.
start listen on 10.110.42.71:57697
@tracker All of 1 nodes getting started
@tracker All nodes finishes job
start listen on 10.110.42.71:53845
@tracker All of 1 nodes getting started
@tracker All nodes finishes job
start listen on 10.110.42.71:38829
@tracker All of 1 nodes getting started
@tracker All nodes finishes job
start listen on 10.110.42.71:56187
@tracker All of 1 nodes getting started
@tracker All nodes finishes job
start listen on 10.110.42.71:39355
@tracker All of 1 nodes getting started
@tracker All nodes finishes job
Trial 570 finished with value: 0.9745 and parameters: {'tree_method': 'gpu_hist', 'lambda': 1.4514965625789402, 'alpha': 0.029644111918868912, 'colsample_bytree': 0.4134689770702393, 'subsample': 0.8852831043167543, 'learning_rate': 0.09102237613854174, 'max_depth': 3, 'min_child_weight': 11, 'eval_metric': 'logloss'}. Best is trial 425 with value: 0.9801333333333333.
start listen on 10.110.42.71:33657
@tracker All of 1 nodes getting started
@tracker All nodes finishes job
start listen on 10.110.42.71:36325
@tracker All of 1 nodes getting started
@tracker All nodes finishes job
start listen on 10.110.42.71:52489
@tracker All of 1 nodes getting started
@tracker All nodes finishes job
start listen on 10.110.42.71:58847
@tracker All of 1 nodes getting started
@tracker All nodes finishes job
start listen on 10.110.42.71:54643
@tracker All of 1 nodes getting started
@tracker All nodes finishes job
Trial 571 finished with value: 0.9793166666666666 and parameters: {'tree_method': 'gpu_hist', 'lambda': 0.7226300269299536, 'alpha': 0.021326441801552125, 'colsample_bytree': 0.46787634153573143, 'subsample': 0.8768105521660726, 'learning_rate': 0.06882731745144698, 'max_depth': 5, 'min_child_weight': 1, 'eval_metric': 'logloss'}. Best is trial 425 with value: 0.9801333333333333.
start listen on 10.110.42.71:56887
@tracker All of 1 nodes getting started
@tracker All nodes finishes job
start listen on 10.110.42.71:35525
@tracker All of 1 nodes getting started
@tracker All nodes finishes job
start listen on 10.110.42.71:49119
@tracker All of 1 nodes getting started
@tracker All nodes finishes job
start listen on 10.110.42.71:53997
@tracker All of 1 nodes getting started
@tracker All nodes finishes job
start listen on 10.110.42.71:51541
@tracker All of 1 nodes getting started
@tracker All nodes finishes job
Trial 572 finished with value: 0.95625 and parameters: {'tree_method': 'gpu_hist', 'lambda': 0.5522528617383844, 'alpha': 0.052438506060742116, 'colsample_bytree': 0.4454104557643354, 'subsample': 0.91457101635566, 'learning_rate': 0.006849274178696887, 'max_depth': 5, 'min_child_weight': 7, 'eval_metric': 'logloss'}. Best is trial 425 with value: 0.9801333333333333.
start listen on 10.110.42.71:39553
@tracker All of 1 nodes getting started
@tracker All nodes finishes job
start listen on 10.110.42.71:34267
@tracker All of 1 nodes getting started
@tracker All nodes finishes job
start listen on 10.110.42.71:46475
@tracker All of 1 nodes getting started
@tracker All nodes finishes job
start listen on 10.110.42.71:49989
@tracker All of 1 nodes getting started
@tracker All nodes finishes job
start listen on 10.110.42.71:33951
@tracker All of 1 nodes getting started
@tracker All nodes finishes job
Trial 573 finished with value: 0.9767 and parameters: {'tree_method': 'gpu_hist', 'lambda': 0.8879207058524208, 'alpha': 0.06992204977230551, 'colsample_bytree': 0.4260905690446715, 'subsample': 0.894652055997996, 'learning_rate': 0.07778634285298895, 'max_depth': 5, 'min_child_weight': 16, 'eval_metric': 'logloss'}. Best is trial 425 with value: 0.9801333333333333.
start listen on 10.110.42.71:53299
@tracker All of 1 nodes getting started
@tracker All nodes finishes job
start listen on 10.110.42.71:36699
@tracker All of 1 nodes getting started
@tracker All nodes finishes job
start listen on 10.110.42.71:54837
@tracker All of 1 nodes getting started
@tracker All nodes finishes job
start listen on 10.110.42.71:47731
@tracker All of 1 nodes getting started
@tracker All nodes finishes job
start listen on 10.110.42.71:49373
@tracker All of 1 nodes getting started
@tracker All nodes finishes job
Trial 574 finished with value: 0.9779666666666667 and parameters: {'tree_method': 'gpu_hist', 'lambda': 0.6894517351467697, 'alpha': 0.004339920931111407, 'colsample_bytree': 0.39542200294894303, 'subsample': 0.9066548421630565, 'learning_rate': 0.08453505739250275, 'max_depth': 15, 'min_child_weight': 6, 'eval_metric': 'logloss'}. Best is trial 425 with value: 0.9801333333333333.
start listen on 10.110.42.71:35155
@tracker All of 1 nodes getting started
@tracker All nodes finishes job
start listen on 10.110.42.71:53255
@tracker All of 1 nodes getting started
@tracker All nodes finishes job
start listen on 10.110.42.71:42987
@tracker All of 1 nodes getting started
@tracker All nodes finishes job
start listen on 10.110.42.71:59979
@tracker All of 1 nodes getting started
@tracker All nodes finishes job
start listen on 10.110.42.71:35537
@tracker All of 1 nodes getting started
@tracker All nodes finishes job
Trial 575 finished with value: 0.9795666666666667 and parameters: {'tree_method': 'gpu_hist', 'lambda': 1.1236053523576763, 'alpha': 0.02545470175247278, 'colsample_bytree': 0.33934559283485477, 'subsample': 0.9301407376816239, 'learning_rate': 0.09971393935782036, 'max_depth': 5, 'min_child_weight': 1, 'eval_metric': 'logloss'}. Best is trial 425 with value: 0.9801333333333333.
start listen on 10.110.42.71:47175
@tracker All of 1 nodes getting started
@tracker All nodes finishes job
start listen on 10.110.42.71:38203
@tracker All of 1 nodes getting started
@tracker All nodes finishes job
start listen on 10.110.42.71:37719
@tracker All of 1 nodes getting started
@tracker All nodes finishes job
start listen on 10.110.42.71:42739
@tracker All of 1 nodes getting started
@tracker All nodes finishes job
start listen on 10.110.42.71:60575
@tracker All of 1 nodes getting started
@tracker All nodes finishes job
Trial 576 finished with value: 0.9755666666666667 and parameters: {'tree_method': 'gpu_hist', 'lambda': 0.8591328776078195, 'alpha': 0.013102606646405814, 'colsample_bytree': 0.48758832699241417, 'subsample': 0.856534665492676, 'learning_rate': 0.09316858132389008, 'max_depth': 5, 'min_child_weight': 25, 'eval_metric': 'logloss'}. Best is trial 425 with value: 0.9801333333333333.
start listen on 10.110.42.71:58713
@tracker All of 1 nodes getting started
@tracker All nodes finishes job
start listen on 10.110.42.71:46805
@tracker All of 1 nodes getting started
@tracker All nodes finishes job
start listen on 10.110.42.71:55137
@tracker All of 1 nodes getting started
@tracker All nodes finishes job
start listen on 10.110.42.71:56451
@tracker All of 1 nodes getting started
@tracker All nodes finishes job
start listen on 10.110.42.71:47179
@tracker All of 1 nodes getting started
@tracker All nodes finishes job
Trial 577 finished with value: 0.9772 and parameters: {'tree_method': 'gpu_hist', 'lambda': 0.14752161806214983, 'alpha': 0.0026592956376774177, 'colsample_bytree': 0.456169344294911, 'subsample': 0.8781822371026705, 'learning_rate': 0.07141906965256667, 'max_depth': 5, 'min_child_weight': 11, 'eval_metric': 'logloss'}. Best is trial 425 with value: 0.9801333333333333.
start listen on 10.110.42.71:45551
@tracker All of 1 nodes getting started
@tracker All nodes finishes job
start listen on 10.110.42.71:60287
@tracker All of 1 nodes getting started
@tracker All nodes finishes job
start listen on 10.110.42.71:50041
@tracker All of 1 nodes getting started
@tracker All nodes finishes job
start listen on 10.110.42.71:43885
@tracker All of 1 nodes getting started
@tracker All nodes finishes job
start listen on 10.110.42.71:58773
@tracker All of 1 nodes getting started
@tracker All nodes finishes job
Trial 578 finished with value: 0.9781 and parameters: {'tree_method': 'gpu_hist', 'lambda': 0.46486744297770505, 'alpha': 0.016365141392298804, 'colsample_bytree': 0.4362878255015886, 'subsample': 0.9997153019719833, 'learning_rate': 0.062290206021857794, 'max_depth': 5, 'min_child_weight': 6, 'eval_metric': 'logloss'}. Best is trial 425 with value: 0.9801333333333333.
start listen on 10.110.42.71:48719
@tracker All of 1 nodes getting started
@tracker All nodes finishes job
start listen on 10.110.42.71:56757
@tracker All of 1 nodes getting started
@tracker All nodes finishes job
start listen on 10.110.42.71:41961
@tracker All of 1 nodes getting started
@tracker All nodes finishes job
start listen on 10.110.42.71:38441
@tracker All of 1 nodes getting started
@tracker All nodes finishes job
start listen on 10.110.42.71:38153
@tracker All of 1 nodes getting started
@tracker All nodes finishes job
Trial 579 finished with value: 0.9714166666666667 and parameters: {'tree_method': 'gpu_hist', 'lambda': 0.6636042833109869, 'alpha': 0.034273371854593525, 'colsample_bytree': 0.40954922573941455, 'subsample': 0.8144515017203362, 'learning_rate': 0.011124343707308722, 'max_depth': 13, 'min_child_weight': 20, 'eval_metric': 'logloss'}. Best is trial 425 with value: 0.9801333333333333.
start listen on 10.110.42.71:47945
@tracker All of 1 nodes getting started
@tracker All nodes finishes job
start listen on 10.110.42.71:59861
@tracker All of 1 nodes getting started
@tracker All nodes finishes job
start listen on 10.110.42.71:38035
@tracker All of 1 nodes getting started
@tracker All nodes finishes job
start listen on 10.110.42.71:42351
@tracker All of 1 nodes getting started
@tracker All nodes finishes job
start listen on 10.110.42.71:59749
@tracker All of 1 nodes getting started
@tracker All nodes finishes job
Trial 580 finished with value: 0.9799833333333333 and parameters: {'tree_method': 'gpu_hist', 'lambda': 0.3656574216285504, 'alpha': 0.009645460283150418, 'colsample_bytree': 0.38247545167936015, 'subsample': 0.8666556320320897, 'learning_rate': 0.08266473132383377, 'max_depth': 5, 'min_child_weight': 1, 'eval_metric': 'logloss'}. Best is trial 425 with value: 0.9801333333333333.
start listen on 10.110.42.71:36635
@tracker All of 1 nodes getting started
@tracker All nodes finishes job
start listen on 10.110.42.71:55667
@tracker All of 1 nodes getting started
@tracker All nodes finishes job
start listen on 10.110.42.71:52411
@tracker All of 1 nodes getting started
@tracker All nodes finishes job
start listen on 10.110.42.71:45203
@tracker All of 1 nodes getting started
@tracker All nodes finishes job
start listen on 10.110.42.71:48081
@tracker All of 1 nodes getting started
@tracker All nodes finishes job
