Trial 773 finished with value: 0.97985 and parameters: {'tree_method': 'gpu_hist', 'lambda': 0.10166316923658246, 'alpha': 0.02317625914821154, 'colsample_bytree': 0.3928255624669031, 'subsample': 0.8865543963802521, 'learning_rate': 0.0859830745146706, 'max_depth': 5, 'min_child_weight': 1, 'eval_metric': 'logloss'}. Best is trial 425 with value: 0.9801333333333333.
start listen on 10.110.42.71:59801
@tracker All of 1 nodes getting started
@tracker All nodes finishes job
start listen on 10.110.42.71:46847
@tracker All of 1 nodes getting started
@tracker All nodes finishes job
start listen on 10.110.42.71:34705
@tracker All of 1 nodes getting started
@tracker All nodes finishes job
start listen on 10.110.42.71:59085
@tracker All of 1 nodes getting started
@tracker All nodes finishes job
start listen on 10.110.42.71:59117
@tracker All of 1 nodes getting started
@tracker All nodes finishes job
Trial 774 finished with value: 0.9782833333333333 and parameters: {'tree_method': 'gpu_hist', 'lambda': 0.2210875708741333, 'alpha': 0.022687588106480718, 'colsample_bytree': 0.39255821488592324, 'subsample': 0.8627453827864858, 'learning_rate': 0.06502441854851566, 'max_depth': 5, 'min_child_weight': 6, 'eval_metric': 'logloss'}. Best is trial 425 with value: 0.9801333333333333.
start listen on 10.110.42.71:36127
@tracker All of 1 nodes getting started
@tracker All nodes finishes job
start listen on 10.110.42.71:49205
@tracker All of 1 nodes getting started
@tracker All nodes finishes job
start listen on 10.110.42.71:54643
@tracker All of 1 nodes getting started
@tracker All nodes finishes job
start listen on 10.110.42.71:43513
@tracker All of 1 nodes getting started
@tracker All nodes finishes job
start listen on 10.110.42.71:50611
@tracker All of 1 nodes getting started
@tracker All nodes finishes job
Trial 775 finished with value: 0.97965 and parameters: {'tree_method': 'gpu_hist', 'lambda': 0.11078268474187047, 'alpha': 0.026092105752075354, 'colsample_bytree': 0.6294752685578802, 'subsample': 0.8810522839520207, 'learning_rate': 0.09141024791119462, 'max_depth': 5, 'min_child_weight': 1, 'eval_metric': 'logloss'}. Best is trial 425 with value: 0.9801333333333333.
start listen on 10.110.42.71:60119
@tracker All of 1 nodes getting started
@tracker All nodes finishes job
start listen on 10.110.42.71:37845
@tracker All of 1 nodes getting started
@tracker All nodes finishes job
start listen on 10.110.42.71:44439
@tracker All of 1 nodes getting started
@tracker All nodes finishes job
start listen on 10.110.42.71:49409
@tracker All of 1 nodes getting started
@tracker All nodes finishes job
start listen on 10.110.42.71:48967
@tracker All of 1 nodes getting started
@tracker All nodes finishes job
Trial 776 finished with value: 0.9547 and parameters: {'tree_method': 'gpu_hist', 'lambda': 0.24954177595055327, 'alpha': 0.02452778938599523, 'colsample_bytree': 0.3537023317157031, 'subsample': 0.8944723773664606, 'learning_rate': 0.08671912327361084, 'max_depth': 13, 'min_child_weight': 244, 'eval_metric': 'logloss'}. Best is trial 425 with value: 0.9801333333333333.
start listen on 10.110.42.71:37299
@tracker All of 1 nodes getting started
@tracker All nodes finishes job
start listen on 10.110.42.71:49955
@tracker All of 1 nodes getting started
@tracker All nodes finishes job
start listen on 10.110.42.71:57139
@tracker All of 1 nodes getting started
@tracker All nodes finishes job
start listen on 10.110.42.71:39077
@tracker All of 1 nodes getting started
@tracker All nodes finishes job
start listen on 10.110.42.71:49915
@tracker All of 1 nodes getting started
@tracker All nodes finishes job
Trial 777 finished with value: 0.97705 and parameters: {'tree_method': 'gpu_hist', 'lambda': 0.01928970726630202, 'alpha': 0.012525645048079981, 'colsample_bytree': 0.4500422269892093, 'subsample': 0.8513661404784317, 'learning_rate': 0.07755832074844797, 'max_depth': 5, 'min_child_weight': 11, 'eval_metric': 'logloss'}. Best is trial 425 with value: 0.9801333333333333.
start listen on 10.110.42.71:38943
@tracker All of 1 nodes getting started
@tracker All nodes finishes job
start listen on 10.110.42.71:53313
@tracker All of 1 nodes getting started
@tracker All nodes finishes job
start listen on 10.110.42.71:33459
@tracker All of 1 nodes getting started
@tracker All nodes finishes job
start listen on 10.110.42.71:60013
@tracker All of 1 nodes getting started
@tracker All nodes finishes job
start listen on 10.110.42.71:36743
@tracker All of 1 nodes getting started
@tracker All nodes finishes job
Trial 778 finished with value: 0.9721666666666666 and parameters: {'tree_method': 'gpu_hist', 'lambda': 0.06750400308808706, 'alpha': 9.31226266442789, 'colsample_bytree': 0.3877087302688734, 'subsample': 0.8740167322966179, 'learning_rate': 0.07147749953907369, 'max_depth': 5, 'min_child_weight': 7, 'eval_metric': 'logloss'}. Best is trial 425 with value: 0.9801333333333333.
start listen on 10.110.42.71:38709
@tracker All of 1 nodes getting started
@tracker All nodes finishes job
start listen on 10.110.42.71:58895
@tracker All of 1 nodes getting started
@tracker All nodes finishes job
start listen on 10.110.42.71:55231
@tracker All of 1 nodes getting started
@tracker All nodes finishes job
start listen on 10.110.42.71:47637
@tracker All of 1 nodes getting started
@tracker All nodes finishes job
start listen on 10.110.42.71:51025
@tracker All of 1 nodes getting started
@tracker All nodes finishes job
Trial 779 finished with value: 0.9764333333333334 and parameters: {'tree_method': 'gpu_hist', 'lambda': 0.1357839933049419, 'alpha': 0.14663412044640747, 'colsample_bytree': 0.4294766064222237, 'subsample': 0.8345138735458038, 'learning_rate': 0.0790744403931804, 'max_depth': 5, 'min_child_weight': 18, 'eval_metric': 'logloss'}. Best is trial 425 with value: 0.9801333333333333.
start listen on 10.110.42.71:33711
@tracker All of 1 nodes getting started
@tracker All nodes finishes job
start listen on 10.110.42.71:35239
@tracker All of 1 nodes getting started
@tracker All nodes finishes job
start listen on 10.110.42.71:37431
@tracker All of 1 nodes getting started
@tracker All nodes finishes job
start listen on 10.110.42.71:58459
@tracker All of 1 nodes getting started
@tracker All nodes finishes job
start listen on 10.110.42.71:59835
@tracker All of 1 nodes getting started
@tracker All nodes finishes job
Trial 780 finished with value: 0.9795833333333334 and parameters: {'tree_method': 'gpu_hist', 'lambda': 0.09589920283438563, 'alpha': 0.0201001097375844, 'colsample_bytree': 0.37822868028512197, 'subsample': 0.8636705774254071, 'learning_rate': 0.06702965679252323, 'max_depth': 5, 'min_child_weight': 1, 'eval_metric': 'logloss'}. Best is trial 425 with value: 0.9801333333333333.
start listen on 10.110.42.71:46473
@tracker All of 1 nodes getting started
@tracker All nodes finishes job
start listen on 10.110.42.71:49209
@tracker All of 1 nodes getting started
@tracker All nodes finishes job
start listen on 10.110.42.71:58449
@tracker All of 1 nodes getting started
@tracker All nodes finishes job
start listen on 10.110.42.71:47961
@tracker All of 1 nodes getting started
@tracker All nodes finishes job
start listen on 10.110.42.71:49203
@tracker All of 1 nodes getting started
@tracker All nodes finishes job
Trial 781 finished with value: 0.9773666666666667 and parameters: {'tree_method': 'gpu_hist', 'lambda': 0.052413588646696166, 'alpha': 0.005507390922884783, 'colsample_bytree': 0.32653261781126763, 'subsample': 0.8843311552545234, 'learning_rate': 0.08283949072897623, 'max_depth': 5, 'min_child_weight': 12, 'eval_metric': 'logloss'}. Best is trial 425 with value: 0.9801333333333333.
start listen on 10.110.42.71:36331
@tracker All of 1 nodes getting started
@tracker All nodes finishes job
start listen on 10.110.42.71:57257
@tracker All of 1 nodes getting started
@tracker All nodes finishes job
start listen on 10.110.42.71:40835
@tracker All of 1 nodes getting started
@tracker All nodes finishes job
start listen on 10.110.42.71:37573
@tracker All of 1 nodes getting started
@tracker All nodes finishes job
start listen on 10.110.42.71:39581
@tracker All of 1 nodes getting started
@tracker All nodes finishes job
Trial 782 finished with value: 0.9755166666666667 and parameters: {'tree_method': 'gpu_hist', 'lambda': 0.15050577499897283, 'alpha': 0.018538411838494986, 'colsample_bytree': 0.6574386335590022, 'subsample': 0.8742411983789917, 'learning_rate': 0.07275224972454063, 'max_depth': 5, 'min_child_weight': 24, 'eval_metric': 'logloss'}. Best is trial 425 with value: 0.9801333333333333.
start listen on 10.110.42.71:33109
@tracker All of 1 nodes getting started
@tracker All nodes finishes job
start listen on 10.110.42.71:50837
@tracker All of 1 nodes getting started
@tracker All nodes finishes job
start listen on 10.110.42.71:47715
@tracker All of 1 nodes getting started
@tracker All nodes finishes job
start listen on 10.110.42.71:46589
@tracker All of 1 nodes getting started
@tracker All nodes finishes job
start listen on 10.110.42.71:45359
@tracker All of 1 nodes getting started
@tracker All nodes finishes job
Trial 783 finished with value: 0.9778833333333333 and parameters: {'tree_method': 'gpu_hist', 'lambda': 0.07118735267349005, 'alpha': 0.021764499820481946, 'colsample_bytree': 0.39899656304283604, 'subsample': 0.849095725250225, 'learning_rate': 0.07993832174505798, 'max_depth': 5, 'min_child_weight': 6, 'eval_metric': 'logloss'}. Best is trial 425 with value: 0.9801333333333333.
start listen on 10.110.42.71:39439
@tracker All of 1 nodes getting started
@tracker All nodes finishes job
start listen on 10.110.42.71:44577
@tracker All of 1 nodes getting started
@tracker All nodes finishes job
start listen on 10.110.42.71:56599
@tracker All of 1 nodes getting started
@tracker All nodes finishes job
start listen on 10.110.42.71:48023
@tracker All of 1 nodes getting started
@tracker All nodes finishes job
start listen on 10.110.42.71:51659
@tracker All of 1 nodes getting started
@tracker All nodes finishes job
Trial 784 finished with value: 0.9665666666666667 and parameters: {'tree_method': 'gpu_hist', 'lambda': 0.03867133073848569, 'alpha': 0.015961734941869192, 'colsample_bytree': 0.36808984648067894, 'subsample': 0.8962085803969813, 'learning_rate': 0.011274242229838256, 'max_depth': 5, 'min_child_weight': 1, 'eval_metric': 'logloss'}. Best is trial 425 with value: 0.9801333333333333.
start listen on 10.110.42.71:47197
@tracker All of 1 nodes getting started
@tracker All nodes finishes job
start listen on 10.110.42.71:55707
@tracker All of 1 nodes getting started
@tracker All nodes finishes job
start listen on 10.110.42.71:34987
@tracker All of 1 nodes getting started
@tracker All nodes finishes job
start listen on 10.110.42.71:51515
@tracker All of 1 nodes getting started
@tracker All nodes finishes job
start listen on 10.110.42.71:56995
@tracker All of 1 nodes getting started
@tracker All nodes finishes job
Trial 785 finished with value: 0.9775833333333334 and parameters: {'tree_method': 'gpu_hist', 'lambda': 0.026836915501715755, 'alpha': 0.02807427050618543, 'colsample_bytree': 0.3593614282630643, 'subsample': 0.9011379312998583, 'learning_rate': 0.09194440092809505, 'max_depth': 5, 'min_child_weight': 10, 'eval_metric': 'logloss'}. Best is trial 425 with value: 0.9801333333333333.
start listen on 10.110.42.71:52783
@tracker All of 1 nodes getting started
@tracker All nodes finishes job
start listen on 10.110.42.71:44777
@tracker All of 1 nodes getting started
@tracker All nodes finishes job
start listen on 10.110.42.71:46801
@tracker All of 1 nodes getting started
@tracker All nodes finishes job
start listen on 10.110.42.71:51163
@tracker All of 1 nodes getting started
@tracker All nodes finishes job
start listen on 10.110.42.71:38629
@tracker All of 1 nodes getting started
@tracker All nodes finishes job
Trial 786 finished with value: 0.9778166666666667 and parameters: {'tree_method': 'gpu_hist', 'lambda': 2.5496501782838856, 'alpha': 0.01749670423151351, 'colsample_bytree': 0.4089193988351287, 'subsample': 0.8632946202569143, 'learning_rate': 0.08242477438425, 'max_depth': 17, 'min_child_weight': 6, 'eval_metric': 'logloss'}. Best is trial 425 with value: 0.9801333333333333.
start listen on 10.110.42.71:40303
@tracker All of 1 nodes getting started
@tracker All nodes finishes job
start listen on 10.110.42.71:60745
@tracker All of 1 nodes getting started
@tracker All nodes finishes job
start listen on 10.110.42.71:42551
@tracker All of 1 nodes getting started
@tracker All nodes finishes job
start listen on 10.110.42.71:53223
@tracker All of 1 nodes getting started
@tracker All nodes finishes job
start listen on 10.110.42.71:60753
@tracker All of 1 nodes getting started
@tracker All nodes finishes job
Trial 787 finished with value: 0.9768 and parameters: {'tree_method': 'gpu_hist', 'lambda': 0.06418656149168758, 'alpha': 0.023970903519299366, 'colsample_bytree': 0.3785182438300042, 'subsample': 0.909226867748903, 'learning_rate': 0.09943585806701022, 'max_depth': 5, 'min_child_weight': 17, 'eval_metric': 'logloss'}. Best is trial 425 with value: 0.9801333333333333.
start listen on 10.110.42.71:39521
@tracker All of 1 nodes getting started
@tracker All nodes finishes job
start listen on 10.110.42.71:57313
@tracker All of 1 nodes getting started
@tracker All nodes finishes job
start listen on 10.110.42.71:49539
@tracker All of 1 nodes getting started
@tracker All nodes finishes job
start listen on 10.110.42.71:33393
@tracker All of 1 nodes getting started
@tracker All nodes finishes job
start listen on 10.110.42.71:41059
@tracker All of 1 nodes getting started
@tracker All nodes finishes job
Trial 788 finished with value: 0.9775 and parameters: {'tree_method': 'gpu_hist', 'lambda': 0.07960838449101951, 'alpha': 0.009208448749749095, 'colsample_bytree': 0.44238042750232176, 'subsample': 0.8885829089214808, 'learning_rate': 0.08886686591281599, 'max_depth': 5, 'min_child_weight': 10, 'eval_metric': 'logloss'}. Best is trial 425 with value: 0.9801333333333333.
start listen on 10.110.42.71:36983
@tracker All of 1 nodes getting started
@tracker All nodes finishes job
start listen on 10.110.42.71:59049
@tracker All of 1 nodes getting started
@tracker All nodes finishes job
start listen on 10.110.42.71:40913
@tracker All of 1 nodes getting started
@tracker All nodes finishes job
start listen on 10.110.42.71:60033
@tracker All of 1 nodes getting started
@tracker All nodes finishes job
start listen on 10.110.42.71:41903
@tracker All of 1 nodes getting started
@tracker All nodes finishes job
Trial 789 finished with value: 0.94675 and parameters: {'tree_method': 'gpu_hist', 'lambda': 0.10579288380955663, 'alpha': 0.02160657112253576, 'colsample_bytree': 0.3906681931597204, 'subsample': 0.8117207914400915, 'learning_rate': 0.09220687795837192, 'max_depth': 20, 'min_child_weight': 295, 'eval_metric': 'logloss'}. Best is trial 425 with value: 0.9801333333333333.
start listen on 10.110.42.71:45785
@tracker All of 1 nodes getting started
@tracker All nodes finishes job
start listen on 10.110.42.71:42477
@tracker All of 1 nodes getting started
@tracker All nodes finishes job
start listen on 10.110.42.71:47227
@tracker All of 1 nodes getting started
@tracker All nodes finishes job
start listen on 10.110.42.71:47235
@tracker All of 1 nodes getting started
@tracker All nodes finishes job
start listen on 10.110.42.71:43521
@tracker All of 1 nodes getting started
@tracker All nodes finishes job
Trial 790 finished with value: 0.9785166666666667 and parameters: {'tree_method': 'gpu_hist', 'lambda': 0.0529444634102566, 'alpha': 0.0109042665672998, 'colsample_bytree': 0.5626293618896265, 'subsample': 0.8768503562060567, 'learning_rate': 0.07496917030816821, 'max_depth': 7, 'min_child_weight': 1, 'eval_metric': 'logloss'}. Best is trial 425 with value: 0.9801333333333333.
start listen on 10.110.42.71:40689
@tracker All of 1 nodes getting started
@tracker All nodes finishes job
start listen on 10.110.42.71:60047
@tracker All of 1 nodes getting started
@tracker All nodes finishes job
start listen on 10.110.42.71:57781
@tracker All of 1 nodes getting started
@tracker All nodes finishes job
start listen on 10.110.42.71:53749
@tracker All of 1 nodes getting started
@tracker All nodes finishes job
start listen on 10.110.42.71:57947
@tracker All of 1 nodes getting started
@tracker All nodes finishes job
Trial 791 finished with value: 0.9779666666666667 and parameters: {'tree_method': 'gpu_hist', 'lambda': 0.0875902288790388, 'alpha': 0.007402821442906926, 'colsample_bytree': 0.416800626495641, 'subsample': 0.8829572428172459, 'learning_rate': 0.06300480687671735, 'max_depth': 5, 'min_child_weight': 6, 'eval_metric': 'logloss'}. Best is trial 425 with value: 0.9801333333333333.
start listen on 10.110.42.71:41891
@tracker All of 1 nodes getting started
@tracker All nodes finishes job
start listen on 10.110.42.71:46541
@tracker All of 1 nodes getting started
@tracker All nodes finishes job
start listen on 10.110.42.71:47239
@tracker All of 1 nodes getting started
@tracker All nodes finishes job
start listen on 10.110.42.71:44935
@tracker All of 1 nodes getting started
@tracker All nodes finishes job
start listen on 10.110.42.71:33777
@tracker All of 1 nodes getting started
@tracker All nodes finishes job
Trial 792 finished with value: 0.9769333333333333 and parameters: {'tree_method': 'gpu_hist', 'lambda': 0.06680785301168585, 'alpha': 0.018122578981275214, 'colsample_bytree': 0.36432883168303365, 'subsample': 0.9086088293243655, 'learning_rate': 0.0929745448689325, 'max_depth': 5, 'min_child_weight': 13, 'eval_metric': 'logloss'}. Best is trial 425 with value: 0.9801333333333333.
start listen on 10.110.42.71:39307
@tracker All of 1 nodes getting started
@tracker All nodes finishes job
start listen on 10.110.42.71:57889
@tracker All of 1 nodes getting started
@tracker All nodes finishes job
start listen on 10.110.42.71:50519
@tracker All of 1 nodes getting started
@tracker All nodes finishes job
start listen on 10.110.42.71:56797
@tracker All of 1 nodes getting started
@tracker All nodes finishes job
start listen on 10.110.42.71:36367
@tracker All of 1 nodes getting started
@tracker All nodes finishes job
Trial 793 finished with value: 0.97955 and parameters: {'tree_method': 'gpu_hist', 'lambda': 0.040409967767176626, 'alpha': 0.014603359388056417, 'colsample_bytree': 0.45330624700705285, 'subsample': 0.8927599187430185, 'learning_rate': 0.08665236974267229, 'max_depth': 5, 'min_child_weight': 1, 'eval_metric': 'logloss'}. Best is trial 425 with value: 0.9801333333333333.
start listen on 10.110.42.71:45623
@tracker All of 1 nodes getting started
@tracker All nodes finishes job
start listen on 10.110.42.71:39809
@tracker All of 1 nodes getting started
@tracker All nodes finishes job
start listen on 10.110.42.71:36867
@tracker All of 1 nodes getting started
@tracker All nodes finishes job
start listen on 10.110.42.71:59585
@tracker All of 1 nodes getting started
@tracker All nodes finishes job
start listen on 10.110.42.71:39223
@tracker All of 1 nodes getting started
@tracker All nodes finishes job
Trial 794 finished with value: 0.9749 and parameters: {'tree_method': 'gpu_hist', 'lambda': 0.05911482788874931, 'alpha': 0.013306598179308923, 'colsample_bytree': 0.3996897983812105, 'subsample': 0.6441777007473686, 'learning_rate': 0.08088135722525965, 'max_depth': 5, 'min_child_weight': 22, 'eval_metric': 'logloss'}. Best is trial 425 with value: 0.9801333333333333.
start listen on 10.110.42.71:41535
@tracker All of 1 nodes getting started
@tracker All nodes finishes job
start listen on 10.110.42.71:43249
@tracker All of 1 nodes getting started
@tracker All nodes finishes job
start listen on 10.110.42.71:36843
@tracker All of 1 nodes getting started
@tracker All nodes finishes job
start listen on 10.110.42.71:49319
@tracker All of 1 nodes getting started
@tracker All nodes finishes job
start listen on 10.110.42.71:47173
@tracker All of 1 nodes getting started
@tracker All nodes finishes job
Trial 795 finished with value: 0.9768166666666667 and parameters: {'tree_method': 'gpu_hist', 'lambda': 0.08952298480518792, 'alpha': 0.027784891594570624, 'colsample_bytree': 0.3786456298254306, 'subsample': 0.8941516914765337, 'learning_rate': 0.02120949104526027, 'max_depth': 9, 'min_child_weight': 7, 'eval_metric': 'logloss'}. Best is trial 425 with value: 0.9801333333333333.
start listen on 10.110.42.71:43305
@tracker All of 1 nodes getting started
@tracker All nodes finishes job
start listen on 10.110.42.71:44207
@tracker All of 1 nodes getting started
@tracker All nodes finishes job
start listen on 10.110.42.71:35051
@tracker All of 1 nodes getting started
@tracker All nodes finishes job
start listen on 10.110.42.71:40301
@tracker All of 1 nodes getting started
@tracker All nodes finishes job
start listen on 10.110.42.71:45999
@tracker All of 1 nodes getting started
@tracker All nodes finishes job
Trial 796 finished with value: 0.9772666666666666 and parameters: {'tree_method': 'gpu_hist', 'lambda': 0.008619549457740378, 'alpha': 0.008557015837494327, 'colsample_bytree': 0.426029721590397, 'subsample': 0.8574418444520399, 'learning_rate': 0.06801841725938407, 'max_depth': 5, 'min_child_weight': 11, 'eval_metric': 'logloss'}. Best is trial 425 with value: 0.9801333333333333.
start listen on 10.110.42.71:33943
@tracker All of 1 nodes getting started
@tracker All nodes finishes job
start listen on 10.110.42.71:50675
@tracker All of 1 nodes getting started
@tracker All nodes finishes job
start listen on 10.110.42.71:34903
@tracker All of 1 nodes getting started
@tracker All nodes finishes job
start listen on 10.110.42.71:37967
@tracker All of 1 nodes getting started
@tracker All nodes finishes job
start listen on 10.110.42.71:60459
@tracker All of 1 nodes getting started
@tracker All nodes finishes job
