Trial 173 finished with value: 0.9768 and parameters: {'tree_method': 'gpu_hist', 'lambda': 1.2272117479960372, 'alpha': 0.01199360144432837, 'colsample_bytree': 0.46491238904502113, 'subsample': 0.9710517708609625, 'learning_rate': 0.08680681814051876, 'max_depth': 5, 'min_child_weight': 19, 'eval_metric': 'logloss'}. Best is trial 157 with value: 0.9799.
start listen on 10.110.42.71:56965
@tracker All of 1 nodes getting started
@tracker All nodes finishes job
start listen on 10.110.42.71:43265
@tracker All of 1 nodes getting started
@tracker All nodes finishes job
start listen on 10.110.42.71:36999
@tracker All of 1 nodes getting started
@tracker All nodes finishes job
start listen on 10.110.42.71:37987
@tracker All of 1 nodes getting started
@tracker All nodes finishes job
start listen on 10.110.42.71:53977
@tracker All of 1 nodes getting started
@tracker All nodes finishes job
Trial 174 finished with value: 0.97735 and parameters: {'tree_method': 'gpu_hist', 'lambda': 0.5447867136871594, 'alpha': 0.01820880549676034, 'colsample_bytree': 0.3996031988759201, 'subsample': 0.9677941716858867, 'learning_rate': 0.09024523604096171, 'max_depth': 5, 'min_child_weight': 11, 'eval_metric': 'logloss'}. Best is trial 157 with value: 0.9799.
start listen on 10.110.42.71:52635
@tracker All of 1 nodes getting started
@tracker All nodes finishes job
start listen on 10.110.42.71:53511
@tracker All of 1 nodes getting started
@tracker All nodes finishes job
start listen on 10.110.42.71:40721
@tracker All of 1 nodes getting started
@tracker All nodes finishes job
start listen on 10.110.42.71:56847
@tracker All of 1 nodes getting started
@tracker All nodes finishes job
start listen on 10.110.42.71:49531
@tracker All of 1 nodes getting started
@tracker All nodes finishes job
Trial 175 finished with value: 0.9797166666666667 and parameters: {'tree_method': 'gpu_hist', 'lambda': 0.9995736408221272, 'alpha': 0.033890643101409164, 'colsample_bytree': 0.42122971191670455, 'subsample': 0.9364367116202472, 'learning_rate': 0.07887252203688726, 'max_depth': 5, 'min_child_weight': 1, 'eval_metric': 'logloss'}. Best is trial 157 with value: 0.9799.
start listen on 10.110.42.71:57671
@tracker All of 1 nodes getting started
@tracker All nodes finishes job
start listen on 10.110.42.71:57071
@tracker All of 1 nodes getting started
@tracker All nodes finishes job
start listen on 10.110.42.71:57437
@tracker All of 1 nodes getting started
@tracker All nodes finishes job
start listen on 10.110.42.71:60631
@tracker All of 1 nodes getting started
@tracker All nodes finishes job
start listen on 10.110.42.71:46907
@tracker All of 1 nodes getting started
@tracker All nodes finishes job
Trial 176 finished with value: 0.9771333333333333 and parameters: {'tree_method': 'gpu_hist', 'lambda': 0.9208566346812934, 'alpha': 0.03332094546237879, 'colsample_bytree': 0.4196172103337599, 'subsample': 0.9365899173670269, 'learning_rate': 0.08141107516028119, 'max_depth': 5, 'min_child_weight': 12, 'eval_metric': 'logloss'}. Best is trial 157 with value: 0.9799.
start listen on 10.110.42.71:59823
@tracker All of 1 nodes getting started
@tracker All nodes finishes job
start listen on 10.110.42.71:45019
@tracker All of 1 nodes getting started
@tracker All nodes finishes job
start listen on 10.110.42.71:39077
@tracker All of 1 nodes getting started
@tracker All nodes finishes job
start listen on 10.110.42.71:53117
@tracker All of 1 nodes getting started
@tracker All nodes finishes job
start listen on 10.110.42.71:56913
@tracker All of 1 nodes getting started
@tracker All nodes finishes job
Trial 177 finished with value: 0.9792333333333333 and parameters: {'tree_method': 'gpu_hist', 'lambda': 1.0961338575920083, 'alpha': 0.054651524190773196, 'colsample_bytree': 0.4055465166791127, 'subsample': 0.9850876345986562, 'learning_rate': 0.06894964830239328, 'max_depth': 5, 'min_child_weight': 1, 'eval_metric': 'logloss'}. Best is trial 157 with value: 0.9799.
start listen on 10.110.42.71:59019
@tracker All of 1 nodes getting started
@tracker All nodes finishes job
start listen on 10.110.42.71:53801
@tracker All of 1 nodes getting started
@tracker All nodes finishes job
start listen on 10.110.42.71:36635
@tracker All of 1 nodes getting started
@tracker All nodes finishes job
start listen on 10.110.42.71:59629
@tracker All of 1 nodes getting started
@tracker All nodes finishes job
start listen on 10.110.42.71:50391
@tracker All of 1 nodes getting started
@tracker All nodes finishes job
Trial 178 finished with value: 0.9769 and parameters: {'tree_method': 'gpu_hist', 'lambda': 0.7865607522138996, 'alpha': 0.00905748768618959, 'colsample_bytree': 0.4815613703038996, 'subsample': 0.9454914510179976, 'learning_rate': 0.07810157142987481, 'max_depth': 5, 'min_child_weight': 11, 'eval_metric': 'logloss'}. Best is trial 157 with value: 0.9799.
start listen on 10.110.42.71:57145
@tracker All of 1 nodes getting started
@tracker All nodes finishes job
start listen on 10.110.42.71:35429
@tracker All of 1 nodes getting started
@tracker All nodes finishes job
start listen on 10.110.42.71:42353
@tracker All of 1 nodes getting started
@tracker All nodes finishes job
start listen on 10.110.42.71:32893
@tracker All of 1 nodes getting started
@tracker All nodes finishes job
start listen on 10.110.42.71:58623
@tracker All of 1 nodes getting started
@tracker All nodes finishes job
Trial 179 finished with value: 0.9762833333333333 and parameters: {'tree_method': 'gpu_hist', 'lambda': 1.3869851066266448, 'alpha': 0.04587603940384614, 'colsample_bytree': 0.4260279584908208, 'subsample': 0.96008018013853, 'learning_rate': 0.08987385265907948, 'max_depth': 5, 'min_child_weight': 18, 'eval_metric': 'logloss'}. Best is trial 157 with value: 0.9799.
start listen on 10.110.42.71:43557
@tracker All of 1 nodes getting started
@tracker All nodes finishes job
start listen on 10.110.42.71:35249
@tracker All of 1 nodes getting started
@tracker All nodes finishes job
start listen on 10.110.42.71:58691
@tracker All of 1 nodes getting started
@tracker All nodes finishes job
start listen on 10.110.42.71:59461
@tracker All of 1 nodes getting started
@tracker All nodes finishes job
start listen on 10.110.42.71:38401
@tracker All of 1 nodes getting started
@tracker All nodes finishes job
Trial 180 finished with value: 0.9796 and parameters: {'tree_method': 'gpu_hist', 'lambda': 0.8117992661477795, 'alpha': 0.020350557634546344, 'colsample_bytree': 0.3903002768600262, 'subsample': 0.9749016845564712, 'learning_rate': 0.06902215834045482, 'max_depth': 5, 'min_child_weight': 1, 'eval_metric': 'logloss'}. Best is trial 157 with value: 0.9799.
start listen on 10.110.42.71:47505
@tracker All of 1 nodes getting started
@tracker All nodes finishes job
start listen on 10.110.42.71:47525
@tracker All of 1 nodes getting started
@tracker All nodes finishes job
start listen on 10.110.42.71:56011
@tracker All of 1 nodes getting started
@tracker All nodes finishes job
start listen on 10.110.42.71:51607
@tracker All of 1 nodes getting started
@tracker All nodes finishes job
start listen on 10.110.42.71:58153
@tracker All of 1 nodes getting started
@tracker All nodes finishes job
Trial 181 finished with value: 0.9775166666666667 and parameters: {'tree_method': 'gpu_hist', 'lambda': 0.5247749362080795, 'alpha': 0.02005388943782367, 'colsample_bytree': 0.38518452243797224, 'subsample': 0.9321613050689411, 'learning_rate': 0.06830538692675114, 'max_depth': 5, 'min_child_weight': 11, 'eval_metric': 'logloss'}. Best is trial 157 with value: 0.9799.
start listen on 10.110.42.71:33763
@tracker All of 1 nodes getting started
@tracker All nodes finishes job
start listen on 10.110.42.71:41685
@tracker All of 1 nodes getting started
@tracker All nodes finishes job
start listen on 10.110.42.71:37473
@tracker All of 1 nodes getting started
@tracker All nodes finishes job
start listen on 10.110.42.71:37527
@tracker All of 1 nodes getting started
@tracker All nodes finishes job
start listen on 10.110.42.71:37777
@tracker All of 1 nodes getting started
@tracker All nodes finishes job
Trial 182 finished with value: 0.9777666666666667 and parameters: {'tree_method': 'gpu_hist', 'lambda': 1.0569225189924256, 'alpha': 0.03208041773639178, 'colsample_bytree': 0.3913258973856285, 'subsample': 0.9725656071052917, 'learning_rate': 0.0792019062940727, 'max_depth': 5, 'min_child_weight': 8, 'eval_metric': 'logloss'}. Best is trial 157 with value: 0.9799.
start listen on 10.110.42.71:39073
@tracker All of 1 nodes getting started
@tracker All nodes finishes job
start listen on 10.110.42.71:39789
@tracker All of 1 nodes getting started
@tracker All nodes finishes job
start listen on 10.110.42.71:54351
@tracker All of 1 nodes getting started
@tracker All nodes finishes job
start listen on 10.110.42.71:52393
@tracker All of 1 nodes getting started
@tracker All nodes finishes job
start listen on 10.110.42.71:53165
@tracker All of 1 nodes getting started
@tracker All nodes finishes job
Trial 183 finished with value: 0.9388 and parameters: {'tree_method': 'gpu_hist', 'lambda': 0.7523861184635504, 'alpha': 0.005905416581181056, 'colsample_bytree': 0.4102538076893892, 'subsample': 0.9459591921654259, 'learning_rate': 0.0037346015914375254, 'max_depth': 5, 'min_child_weight': 23, 'eval_metric': 'logloss'}. Best is trial 157 with value: 0.9799.
start listen on 10.110.42.71:50111
@tracker All of 1 nodes getting started
@tracker All nodes finishes job
start listen on 10.110.42.71:44733
@tracker All of 1 nodes getting started
@tracker All nodes finishes job
start listen on 10.110.42.71:40261
@tracker All of 1 nodes getting started
@tracker All nodes finishes job
start listen on 10.110.42.71:34823
@tracker All of 1 nodes getting started
@tracker All nodes finishes job
start listen on 10.110.42.71:36587
@tracker All of 1 nodes getting started
@tracker All nodes finishes job
Trial 184 finished with value: 0.9798166666666667 and parameters: {'tree_method': 'gpu_hist', 'lambda': 0.540455951721998, 'alpha': 0.013112329062351142, 'colsample_bytree': 0.45943846268929794, 'subsample': 0.8870242547287939, 'learning_rate': 0.06903388777761077, 'max_depth': 5, 'min_child_weight': 1, 'eval_metric': 'logloss'}. Best is trial 157 with value: 0.9799.
start listen on 10.110.42.71:59093
@tracker All of 1 nodes getting started
@tracker All nodes finishes job
start listen on 10.110.42.71:54865
@tracker All of 1 nodes getting started
@tracker All nodes finishes job
start listen on 10.110.42.71:53609
@tracker All of 1 nodes getting started
@tracker All nodes finishes job
start listen on 10.110.42.71:50027
@tracker All of 1 nodes getting started
@tracker All nodes finishes job
start listen on 10.110.42.71:42591
@tracker All of 1 nodes getting started
@tracker All nodes finishes job
Trial 185 finished with value: 0.9766333333333334 and parameters: {'tree_method': 'gpu_hist', 'lambda': 0.5609135449427352, 'alpha': 0.015318699081280291, 'colsample_bytree': 0.4574818032589326, 'subsample': 0.8693885028824245, 'learning_rate': 0.07003314383237302, 'max_depth': 5, 'min_child_weight': 16, 'eval_metric': 'logloss'}. Best is trial 157 with value: 0.9799.
start listen on 10.110.42.71:33081
@tracker All of 1 nodes getting started
@tracker All nodes finishes job
start listen on 10.110.42.71:45841
@tracker All of 1 nodes getting started
@tracker All nodes finishes job
start listen on 10.110.42.71:43949
@tracker All of 1 nodes getting started
@tracker All nodes finishes job
start listen on 10.110.42.71:52027
@tracker All of 1 nodes getting started
@tracker All nodes finishes job
start listen on 10.110.42.71:49301
@tracker All of 1 nodes getting started
@tracker All nodes finishes job
Trial 186 finished with value: 0.97985 and parameters: {'tree_method': 'gpu_hist', 'lambda': 0.9443960013666218, 'alpha': 0.012997530010427876, 'colsample_bytree': 0.43248193682407593, 'subsample': 0.8881959190919329, 'learning_rate': 0.07840228230442378, 'max_depth': 5, 'min_child_weight': 1, 'eval_metric': 'logloss'}. Best is trial 157 with value: 0.9799.
start listen on 10.110.42.71:35437
@tracker All of 1 nodes getting started
@tracker All nodes finishes job
start listen on 10.110.42.71:47561
@tracker All of 1 nodes getting started
@tracker All nodes finishes job
start listen on 10.110.42.71:43829
@tracker All of 1 nodes getting started
@tracker All nodes finishes job
start listen on 10.110.42.71:48305
@tracker All of 1 nodes getting started
@tracker All nodes finishes job
start listen on 10.110.42.71:55457
@tracker All of 1 nodes getting started
@tracker All nodes finishes job
Trial 187 finished with value: 0.97755 and parameters: {'tree_method': 'gpu_hist', 'lambda': 0.5208902252009319, 'alpha': 0.012945690782262233, 'colsample_bytree': 0.43195384231940287, 'subsample': 0.8932625992465726, 'learning_rate': 0.07674809083630571, 'max_depth': 5, 'min_child_weight': 8, 'eval_metric': 'logloss'}. Best is trial 157 with value: 0.9799.
start listen on 10.110.42.71:37327
@tracker All of 1 nodes getting started
@tracker All nodes finishes job
start listen on 10.110.42.71:36509
@tracker All of 1 nodes getting started
@tracker All nodes finishes job
start listen on 10.110.42.71:55873
@tracker All of 1 nodes getting started
@tracker All nodes finishes job
start listen on 10.110.42.71:58597
@tracker All of 1 nodes getting started
@tracker All nodes finishes job
start listen on 10.110.42.71:50223
@tracker All of 1 nodes getting started
@tracker All nodes finishes job
Trial 188 finished with value: 0.97945 and parameters: {'tree_method': 'gpu_hist', 'lambda': 0.7487962095515766, 'alpha': 0.03987901643183449, 'colsample_bytree': 0.45309015136230285, 'subsample': 0.8833479408182255, 'learning_rate': 0.09053216524205929, 'max_depth': 5, 'min_child_weight': 1, 'eval_metric': 'logloss'}. Best is trial 157 with value: 0.9799.
start listen on 10.110.42.71:48813
@tracker All of 1 nodes getting started
@tracker All nodes finishes job
start listen on 10.110.42.71:42109
@tracker All of 1 nodes getting started
@tracker All nodes finishes job
start listen on 10.110.42.71:42043
@tracker All of 1 nodes getting started
@tracker All nodes finishes job
start listen on 10.110.42.71:55915
@tracker All of 1 nodes getting started
@tracker All nodes finishes job
start listen on 10.110.42.71:57639
@tracker All of 1 nodes getting started
@tracker All nodes finishes job
Trial 189 finished with value: 0.9777333333333333 and parameters: {'tree_method': 'gpu_hist', 'lambda': 1.3393165922502086, 'alpha': 0.020261469042062982, 'colsample_bytree': 0.4315898642196003, 'subsample': 0.8617568103561056, 'learning_rate': 0.07015120022795858, 'max_depth': 5, 'min_child_weight': 8, 'eval_metric': 'logloss'}. Best is trial 157 with value: 0.9799.
start listen on 10.110.42.71:33433
@tracker All of 1 nodes getting started
@tracker All nodes finishes job
start listen on 10.110.42.71:60937
@tracker All of 1 nodes getting started
@tracker All nodes finishes job
start listen on 10.110.42.71:58295
@tracker All of 1 nodes getting started
@tracker All nodes finishes job
start listen on 10.110.42.71:47231
@tracker All of 1 nodes getting started
@tracker All nodes finishes job
start listen on 10.110.42.71:33707
@tracker All of 1 nodes getting started
@tracker All nodes finishes job
Trial 190 finished with value: 0.9773833333333334 and parameters: {'tree_method': 'gpu_hist', 'lambda': 1.085662458357697, 'alpha': 0.009167631681003404, 'colsample_bytree': 0.41901877050236147, 'subsample': 0.9231426176797719, 'learning_rate': 0.0782216869262854, 'max_depth': 5, 'min_child_weight': 14, 'eval_metric': 'logloss'}. Best is trial 157 with value: 0.9799.
start listen on 10.110.42.71:46967
@tracker All of 1 nodes getting started
@tracker All nodes finishes job
start listen on 10.110.42.71:39505
@tracker All of 1 nodes getting started
@tracker All nodes finishes job
start listen on 10.110.42.71:44077
@tracker All of 1 nodes getting started
@tracker All nodes finishes job
start listen on 10.110.42.71:53099
@tracker All of 1 nodes getting started
@tracker All nodes finishes job
start listen on 10.110.42.71:60711
@tracker All of 1 nodes getting started
@tracker All nodes finishes job
Trial 191 finished with value: 0.9681 and parameters: {'tree_method': 'gpu_hist', 'lambda': 0.8250240346504009, 'alpha': 0.013584280117424139, 'colsample_bytree': 0.48405754032630594, 'subsample': 0.9887279771695082, 'learning_rate': 0.09132733663787718, 'max_depth': 5, 'min_child_weight': 119, 'eval_metric': 'logloss'}. Best is trial 157 with value: 0.9799.
start listen on 10.110.42.71:53963
@tracker All of 1 nodes getting started
@tracker All nodes finishes job
start listen on 10.110.42.71:46203
@tracker All of 1 nodes getting started
@tracker All nodes finishes job
start listen on 10.110.42.71:49073
@tracker All of 1 nodes getting started
@tracker All nodes finishes job
start listen on 10.110.42.71:54251
@tracker All of 1 nodes getting started
@tracker All nodes finishes job
start listen on 10.110.42.71:36841
@tracker All of 1 nodes getting started
@tracker All nodes finishes job
Trial 192 finished with value: 0.9779333333333333 and parameters: {'tree_method': 'gpu_hist', 'lambda': 0.5456945799564432, 'alpha': 0.0075921994792020235, 'colsample_bytree': 0.3939142726287047, 'subsample': 0.879522142131793, 'learning_rate': 0.06356422993168057, 'max_depth': 5, 'min_child_weight': 7, 'eval_metric': 'logloss'}. Best is trial 157 with value: 0.9799.
start listen on 10.110.42.71:46579
@tracker All of 1 nodes getting started
@tracker All nodes finishes job
start listen on 10.110.42.71:52615
@tracker All of 1 nodes getting started
@tracker All nodes finishes job
start listen on 10.110.42.71:38025
@tracker All of 1 nodes getting started
@tracker All nodes finishes job
start listen on 10.110.42.71:58071
@tracker All of 1 nodes getting started
@tracker All nodes finishes job
start listen on 10.110.42.71:54973
@tracker All of 1 nodes getting started
@tracker All nodes finishes job
Trial 193 finished with value: 0.9775833333333334 and parameters: {'tree_method': 'gpu_hist', 'lambda': 0.7703293773034938, 'alpha': 0.031064730873192916, 'colsample_bytree': 0.45645870560910734, 'subsample': 0.8940275200809282, 'learning_rate': 0.07747357894519082, 'max_depth': 5, 'min_child_weight': 8, 'eval_metric': 'logloss'}. Best is trial 157 with value: 0.9799.
start listen on 10.110.42.71:48747
@tracker All of 1 nodes getting started
@tracker All nodes finishes job
start listen on 10.110.42.71:60971
@tracker All of 1 nodes getting started
@tracker All nodes finishes job
start listen on 10.110.42.71:46483
@tracker All of 1 nodes getting started
@tracker All nodes finishes job
start listen on 10.110.42.71:53897
@tracker All of 1 nodes getting started
@tracker All nodes finishes job
start listen on 10.110.42.71:52185
@tracker All of 1 nodes getting started
@tracker All nodes finishes job
Trial 194 finished with value: 0.9790666666666666 and parameters: {'tree_method': 'gpu_hist', 'lambda': 1.0078501375058087, 'alpha': 0.0023126295649728654, 'colsample_bytree': 0.4291579197071607, 'subsample': 0.9732231182275332, 'learning_rate': 0.06991879640680736, 'max_depth': 5, 'min_child_weight': 1, 'eval_metric': 'logloss'}. Best is trial 157 with value: 0.9799.
start listen on 10.110.42.71:41507
@tracker All of 1 nodes getting started
@tracker All nodes finishes job
start listen on 10.110.42.71:38281
@tracker All of 1 nodes getting started
@tracker All nodes finishes job
start listen on 10.110.42.71:52369
@tracker All of 1 nodes getting started
@tracker All nodes finishes job
start listen on 10.110.42.71:46581
@tracker All of 1 nodes getting started
@tracker All nodes finishes job
start listen on 10.110.42.71:51855
@tracker All of 1 nodes getting started
@tracker All nodes finishes job
Trial 195 finished with value: 0.9763166666666667 and parameters: {'tree_method': 'gpu_hist', 'lambda': 0.34844306025026933, 'alpha': 0.010322918523935005, 'colsample_bytree': 0.43787728744427684, 'subsample': 0.9985519217310729, 'learning_rate': 0.08790362370119374, 'max_depth': 5, 'min_child_weight': 20, 'eval_metric': 'logloss'}. Best is trial 157 with value: 0.9799.
start listen on 10.110.42.71:58801
@tracker All of 1 nodes getting started
@tracker All nodes finishes job
start listen on 10.110.42.71:40807
@tracker All of 1 nodes getting started
@tracker All nodes finishes job
start listen on 10.110.42.71:51875
@tracker All of 1 nodes getting started
@tracker All nodes finishes job
start listen on 10.110.42.71:44071
@tracker All of 1 nodes getting started
@tracker All nodes finishes job
start listen on 10.110.42.71:38833
@tracker All of 1 nodes getting started
@tracker All nodes finishes job
Trial 196 finished with value: 0.9781333333333333 and parameters: {'tree_method': 'gpu_hist', 'lambda': 0.9376903583816248, 'alpha': 0.01841232791400966, 'colsample_bytree': 0.4072288035841246, 'subsample': 0.9602244810853668, 'learning_rate': 0.08367697329269284, 'max_depth': 5, 'min_child_weight': 7, 'eval_metric': 'logloss'}. Best is trial 157 with value: 0.9799.
start listen on 10.110.42.71:51531
@tracker All of 1 nodes getting started
@tracker All nodes finishes job
start listen on 10.110.42.71:58033
@tracker All of 1 nodes getting started
@tracker All nodes finishes job
start listen on 10.110.42.71:58355
@tracker All of 1 nodes getting started
@tracker All nodes finishes job
start listen on 10.110.42.71:42541
@tracker All of 1 nodes getting started
@tracker All nodes finishes job
start listen on 10.110.42.71:45325
@tracker All of 1 nodes getting started
@tracker All nodes finishes job
