Trial 581 finished with value: 0.93125 and parameters: {'tree_method': 'gpu_hist', 'lambda': 0.35924605633161194, 'alpha': 0.008662592235480448, 'colsample_bytree': 0.37693644073524585, 'subsample': 0.850444455170395, 'learning_rate': 0.002495030551166449, 'max_depth': 5, 'min_child_weight': 11, 'eval_metric': 'logloss'}. Best is trial 425 with value: 0.9801333333333333.
start listen on 10.110.42.71:36643
@tracker All of 1 nodes getting started
@tracker All nodes finishes job
start listen on 10.110.42.71:34031
@tracker All of 1 nodes getting started
@tracker All nodes finishes job
start listen on 10.110.42.71:54865
@tracker All of 1 nodes getting started
@tracker All nodes finishes job
start listen on 10.110.42.71:57999
@tracker All of 1 nodes getting started
@tracker All nodes finishes job
start listen on 10.110.42.71:54443
@tracker All of 1 nodes getting started
@tracker All nodes finishes job
Trial 582 finished with value: 0.9643833333333334 and parameters: {'tree_method': 'gpu_hist', 'lambda': 0.3871325336204329, 'alpha': 0.008277051491028314, 'colsample_bytree': 0.35288000327903307, 'subsample': 0.863207321152778, 'learning_rate': 0.08538779904492422, 'max_depth': 5, 'min_child_weight': 136, 'eval_metric': 'logloss'}. Best is trial 425 with value: 0.9801333333333333.
start listen on 10.110.42.71:54467
@tracker All of 1 nodes getting started
@tracker All nodes finishes job
start listen on 10.110.42.71:46527
@tracker All of 1 nodes getting started
@tracker All nodes finishes job
start listen on 10.110.42.71:56079
@tracker All of 1 nodes getting started
@tracker All nodes finishes job
start listen on 10.110.42.71:45393
@tracker All of 1 nodes getting started
@tracker All nodes finishes job
start listen on 10.110.42.71:57861
@tracker All of 1 nodes getting started
@tracker All nodes finishes job
Trial 583 finished with value: 0.9793666666666667 and parameters: {'tree_method': 'gpu_hist', 'lambda': 0.5061325675482705, 'alpha': 0.006277967104511818, 'colsample_bytree': 0.32458800130796855, 'subsample': 0.8386188620145503, 'learning_rate': 0.09259642445585416, 'max_depth': 5, 'min_child_weight': 1, 'eval_metric': 'logloss'}. Best is trial 425 with value: 0.9801333333333333.
start listen on 10.110.42.71:59553
@tracker All of 1 nodes getting started
@tracker All nodes finishes job
start listen on 10.110.42.71:38087
@tracker All of 1 nodes getting started
@tracker All nodes finishes job
start listen on 10.110.42.71:47195
@tracker All of 1 nodes getting started
@tracker All nodes finishes job
start listen on 10.110.42.71:45083
@tracker All of 1 nodes getting started
@tracker All nodes finishes job
start listen on 10.110.42.71:52811
@tracker All of 1 nodes getting started
@tracker All nodes finishes job
Trial 584 finished with value: 0.9777333333333333 and parameters: {'tree_method': 'gpu_hist', 'lambda': 0.46090324095844887, 'alpha': 0.009976233671375694, 'colsample_bytree': 0.3649139331989385, 'subsample': 0.8706623160544089, 'learning_rate': 0.07940103277764307, 'max_depth': 5, 'min_child_weight': 7, 'eval_metric': 'logloss'}. Best is trial 425 with value: 0.9801333333333333.
start listen on 10.110.42.71:37151
@tracker All of 1 nodes getting started
@tracker All nodes finishes job
start listen on 10.110.42.71:50731
@tracker All of 1 nodes getting started
@tracker All nodes finishes job
start listen on 10.110.42.71:38613
@tracker All of 1 nodes getting started
@tracker All nodes finishes job
start listen on 10.110.42.71:60875
@tracker All of 1 nodes getting started
@tracker All nodes finishes job
start listen on 10.110.42.71:49669
@tracker All of 1 nodes getting started
@tracker All nodes finishes job
Trial 585 finished with value: 0.9764333333333334 and parameters: {'tree_method': 'gpu_hist', 'lambda': 0.564431203432758, 'alpha': 0.009982993027775415, 'colsample_bytree': 0.3735985241083854, 'subsample': 0.876441351351626, 'learning_rate': 0.09997982530936945, 'max_depth': 5, 'min_child_weight': 16, 'eval_metric': 'logloss'}. Best is trial 425 with value: 0.9801333333333333.
start listen on 10.110.42.71:43345
@tracker All of 1 nodes getting started
@tracker All nodes finishes job
start listen on 10.110.42.71:35635
@tracker All of 1 nodes getting started
@tracker All nodes finishes job
start listen on 10.110.42.71:36689
@tracker All of 1 nodes getting started
@tracker All nodes finishes job
start listen on 10.110.42.71:35555
@tracker All of 1 nodes getting started
@tracker All nodes finishes job
start listen on 10.110.42.71:57943
@tracker All of 1 nodes getting started
@tracker All nodes finishes job
Trial 586 finished with value: 0.9783333333333334 and parameters: {'tree_method': 'gpu_hist', 'lambda': 0.5815826211348427, 'alpha': 0.011254246802793197, 'colsample_bytree': 0.38546560332367874, 'subsample': 0.8534262240295598, 'learning_rate': 0.08677868969898052, 'max_depth': 5, 'min_child_weight': 6, 'eval_metric': 'logloss'}. Best is trial 425 with value: 0.9801333333333333.
start listen on 10.110.42.71:35767
@tracker All of 1 nodes getting started
@tracker All nodes finishes job
start listen on 10.110.42.71:47487
@tracker All of 1 nodes getting started
@tracker All nodes finishes job
start listen on 10.110.42.71:52035
@tracker All of 1 nodes getting started
@tracker All nodes finishes job
start listen on 10.110.42.71:34237
@tracker All of 1 nodes getting started
@tracker All nodes finishes job
start listen on 10.110.42.71:37523
@tracker All of 1 nodes getting started
@tracker All nodes finishes job
Trial 587 finished with value: 0.9798666666666667 and parameters: {'tree_method': 'gpu_hist', 'lambda': 0.7167179016713253, 'alpha': 0.013730631780677065, 'colsample_bytree': 0.3844809867459598, 'subsample': 0.888059190261868, 'learning_rate': 0.07667213074156491, 'max_depth': 5, 'min_child_weight': 1, 'eval_metric': 'logloss'}. Best is trial 425 with value: 0.9801333333333333.
start listen on 10.110.42.71:60311
@tracker All of 1 nodes getting started
@tracker All nodes finishes job
start listen on 10.110.42.71:60643
@tracker All of 1 nodes getting started
@tracker All nodes finishes job
start listen on 10.110.42.71:56223
@tracker All of 1 nodes getting started
@tracker All nodes finishes job
start listen on 10.110.42.71:58519
@tracker All of 1 nodes getting started
@tracker All nodes finishes job
start listen on 10.110.42.71:34477
@tracker All of 1 nodes getting started
@tracker All nodes finishes job
Trial 588 finished with value: 0.9772166666666666 and parameters: {'tree_method': 'gpu_hist', 'lambda': 0.7694446545870077, 'alpha': 0.007049816578858222, 'colsample_bytree': 0.34770021438049037, 'subsample': 0.8851381890081453, 'learning_rate': 0.052871161466970816, 'max_depth': 5, 'min_child_weight': 11, 'eval_metric': 'logloss'}. Best is trial 425 with value: 0.9801333333333333.
start listen on 10.110.42.71:33833
@tracker All of 1 nodes getting started
@tracker All nodes finishes job
start listen on 10.110.42.71:35229
@tracker All of 1 nodes getting started
@tracker All nodes finishes job
start listen on 10.110.42.71:51065
@tracker All of 1 nodes getting started
@tracker All nodes finishes job
start listen on 10.110.42.71:35059
@tracker All of 1 nodes getting started
@tracker All nodes finishes job
start listen on 10.110.42.71:55005
@tracker All of 1 nodes getting started
@tracker All nodes finishes job
Trial 589 finished with value: 0.9796666666666667 and parameters: {'tree_method': 'gpu_hist', 'lambda': 0.6971283045860523, 'alpha': 0.011848083554025429, 'colsample_bytree': 0.3820529629477779, 'subsample': 0.8926426177143675, 'learning_rate': 0.06541739579601741, 'max_depth': 5, 'min_child_weight': 1, 'eval_metric': 'logloss'}. Best is trial 425 with value: 0.9801333333333333.
start listen on 10.110.42.71:46479
@tracker All of 1 nodes getting started
@tracker All nodes finishes job
start listen on 10.110.42.71:48093
@tracker All of 1 nodes getting started
@tracker All nodes finishes job
start listen on 10.110.42.71:59507
@tracker All of 1 nodes getting started
@tracker All nodes finishes job
start listen on 10.110.42.71:59675
@tracker All of 1 nodes getting started
@tracker All nodes finishes job
start listen on 10.110.42.71:33379
@tracker All of 1 nodes getting started
@tracker All nodes finishes job
Trial 590 finished with value: 0.9780333333333333 and parameters: {'tree_method': 'gpu_hist', 'lambda': 0.3296819582308336, 'alpha': 0.01296537004808177, 'colsample_bytree': 0.3619384159782492, 'subsample': 0.8610913052360086, 'learning_rate': 0.072828965376488, 'max_depth': 5, 'min_child_weight': 7, 'eval_metric': 'logloss'}. Best is trial 425 with value: 0.9801333333333333.
start listen on 10.110.42.71:59415
@tracker All of 1 nodes getting started
@tracker All nodes finishes job
start listen on 10.110.42.71:52675
@tracker All of 1 nodes getting started
@tracker All nodes finishes job
start listen on 10.110.42.71:54597
@tracker All of 1 nodes getting started
@tracker All nodes finishes job
start listen on 10.110.42.71:36547
@tracker All of 1 nodes getting started
@tracker All nodes finishes job
start listen on 10.110.42.71:40361
@tracker All of 1 nodes getting started
@tracker All nodes finishes job
Trial 591 finished with value: 0.9769833333333333 and parameters: {'tree_method': 'gpu_hist', 'lambda': 0.8486563640314885, 'alpha': 0.015225421010744882, 'colsample_bytree': 0.3867052969298305, 'subsample': 0.8722189095673728, 'learning_rate': 0.07303699427153934, 'max_depth': 5, 'min_child_weight': 15, 'eval_metric': 'logloss'}. Best is trial 425 with value: 0.9801333333333333.
start listen on 10.110.42.71:42323
@tracker All of 1 nodes getting started
@tracker All nodes finishes job
start listen on 10.110.42.71:51907
@tracker All of 1 nodes getting started
@tracker All nodes finishes job
start listen on 10.110.42.71:42697
@tracker All of 1 nodes getting started
@tracker All nodes finishes job
start listen on 10.110.42.71:44143
@tracker All of 1 nodes getting started
@tracker All nodes finishes job
start listen on 10.110.42.71:51671
@tracker All of 1 nodes getting started
@tracker All nodes finishes job
Trial 592 finished with value: 0.9773333333333334 and parameters: {'tree_method': 'gpu_hist', 'lambda': 0.6850823031694074, 'alpha': 0.011244705181894724, 'colsample_bytree': 0.3691717723662362, 'subsample': 0.890006457519715, 'learning_rate': 0.07883097676804385, 'max_depth': 17, 'min_child_weight': 1, 'eval_metric': 'logloss'}. Best is trial 425 with value: 0.9801333333333333.
start listen on 10.110.42.71:43563
@tracker All of 1 nodes getting started
@tracker All nodes finishes job
start listen on 10.110.42.71:52781
@tracker All of 1 nodes getting started
@tracker All nodes finishes job
start listen on 10.110.42.71:59817
@tracker All of 1 nodes getting started
@tracker All nodes finishes job
start listen on 10.110.42.71:53643
@tracker All of 1 nodes getting started
@tracker All nodes finishes job
start listen on 10.110.42.71:60767
@tracker All of 1 nodes getting started
@tracker All nodes finishes job
Trial 593 finished with value: 0.9774666666666667 and parameters: {'tree_method': 'gpu_hist', 'lambda': 0.9929245543200463, 'alpha': 0.009750000581837337, 'colsample_bytree': 0.3965536378084561, 'subsample': 0.9000098038180446, 'learning_rate': 0.06738859299437618, 'max_depth': 5, 'min_child_weight': 11, 'eval_metric': 'logloss'}. Best is trial 425 with value: 0.9801333333333333.
start listen on 10.110.42.71:41097
@tracker All of 1 nodes getting started
@tracker All nodes finishes job
start listen on 10.110.42.71:39069
@tracker All of 1 nodes getting started
@tracker All nodes finishes job
start listen on 10.110.42.71:48623
@tracker All of 1 nodes getting started
@tracker All nodes finishes job
start listen on 10.110.42.71:46207
@tracker All of 1 nodes getting started
@tracker All nodes finishes job
start listen on 10.110.42.71:57501
@tracker All of 1 nodes getting started
@tracker All nodes finishes job
Trial 594 finished with value: 0.9751166666666666 and parameters: {'tree_method': 'gpu_hist', 'lambda': 0.5860357048649523, 'alpha': 0.008452166383173537, 'colsample_bytree': 0.3861486538034208, 'subsample': 0.8734311889932402, 'learning_rate': 0.08061541245604803, 'max_depth': 20, 'min_child_weight': 33, 'eval_metric': 'logloss'}. Best is trial 425 with value: 0.9801333333333333.
start listen on 10.110.42.71:54125
@tracker All of 1 nodes getting started
@tracker All nodes finishes job
start listen on 10.110.42.71:40223
@tracker All of 1 nodes getting started
@tracker All nodes finishes job
start listen on 10.110.42.71:55619
@tracker All of 1 nodes getting started
@tracker All nodes finishes job
start listen on 10.110.42.71:46089
@tracker All of 1 nodes getting started
@tracker All nodes finishes job
start listen on 10.110.42.71:37403
@tracker All of 1 nodes getting started
@tracker All nodes finishes job
Trial 595 finished with value: 0.9728333333333333 and parameters: {'tree_method': 'gpu_hist', 'lambda': 0.8013938679412828, 'alpha': 0.014658997748010185, 'colsample_bytree': 0.3647468086926089, 'subsample': 0.8855212212745446, 'learning_rate': 0.0192197211658537, 'max_depth': 5, 'min_child_weight': 6, 'eval_metric': 'logloss'}. Best is trial 425 with value: 0.9801333333333333.
start listen on 10.110.42.71:52659
@tracker All of 1 nodes getting started
@tracker All nodes finishes job
start listen on 10.110.42.71:57623
@tracker All of 1 nodes getting started
@tracker All nodes finishes job
start listen on 10.110.42.71:59887
@tracker All of 1 nodes getting started
@tracker All nodes finishes job
start listen on 10.110.42.71:41795
@tracker All of 1 nodes getting started
@tracker All nodes finishes job
start listen on 10.110.42.71:41299
@tracker All of 1 nodes getting started
@tracker All nodes finishes job
Trial 596 finished with value: 0.9765833333333334 and parameters: {'tree_method': 'gpu_hist', 'lambda': 0.22031234614946116, 'alpha': 0.00726465273225708, 'colsample_bytree': 0.39778528542182584, 'subsample': 0.8456662689427079, 'learning_rate': 0.07493121037638609, 'max_depth': 5, 'min_child_weight': 19, 'eval_metric': 'logloss'}. Best is trial 425 with value: 0.9801333333333333.
start listen on 10.110.42.71:38351
@tracker All of 1 nodes getting started
@tracker All nodes finishes job
start listen on 10.110.42.71:41673
@tracker All of 1 nodes getting started
@tracker All nodes finishes job
start listen on 10.110.42.71:57465
@tracker All of 1 nodes getting started
@tracker All nodes finishes job
start listen on 10.110.42.71:32887
@tracker All of 1 nodes getting started
@tracker All nodes finishes job
start listen on 10.110.42.71:41623
@tracker All of 1 nodes getting started
@tracker All nodes finishes job
Trial 597 finished with value: 0.9792666666666666 and parameters: {'tree_method': 'gpu_hist', 'lambda': 0.964087205593041, 'alpha': 0.01277375403560555, 'colsample_bytree': 0.3722862118801883, 'subsample': 0.8655290025527456, 'learning_rate': 0.06078159813381562, 'max_depth': 5, 'min_child_weight': 1, 'eval_metric': 'logloss'}. Best is trial 425 with value: 0.9801333333333333.
start listen on 10.110.42.71:44373
@tracker All of 1 nodes getting started
@tracker All nodes finishes job
start listen on 10.110.42.71:58259
@tracker All of 1 nodes getting started
@tracker All nodes finishes job
start listen on 10.110.42.71:54935
@tracker All of 1 nodes getting started
@tracker All nodes finishes job
start listen on 10.110.42.71:52041
@tracker All of 1 nodes getting started
@tracker All nodes finishes job
start listen on 10.110.42.71:50639
@tracker All of 1 nodes getting started
@tracker All nodes finishes job
Trial 598 finished with value: 0.9780166666666666 and parameters: {'tree_method': 'gpu_hist', 'lambda': 0.6741317267155585, 'alpha': 0.017745722325273022, 'colsample_bytree': 0.3945189967764916, 'subsample': 0.9017378669245121, 'learning_rate': 0.08507715516686577, 'max_depth': 5, 'min_child_weight': 7, 'eval_metric': 'logloss'}. Best is trial 425 with value: 0.9801333333333333.
start listen on 10.110.42.71:37567
@tracker All of 1 nodes getting started
@tracker All nodes finishes job
start listen on 10.110.42.71:33907
@tracker All of 1 nodes getting started
@tracker All nodes finishes job
start listen on 10.110.42.71:41983
@tracker All of 1 nodes getting started
@tracker All nodes finishes job
start listen on 10.110.42.71:60277
@tracker All of 1 nodes getting started
@tracker All nodes finishes job
start listen on 10.110.42.71:34039
@tracker All of 1 nodes getting started
@tracker All nodes finishes job
Trial 599 finished with value: 0.9774 and parameters: {'tree_method': 'gpu_hist', 'lambda': 0.46099246329566385, 'alpha': 0.005219215522620831, 'colsample_bytree': 0.3465826189853233, 'subsample': 0.8920830400529283, 'learning_rate': 0.09183967704412438, 'max_depth': 11, 'min_child_weight': 13, 'eval_metric': 'logloss'}. Best is trial 425 with value: 0.9801333333333333.
start listen on 10.110.42.71:34821
@tracker All of 1 nodes getting started
@tracker All nodes finishes job
start listen on 10.110.42.71:38469
@tracker All of 1 nodes getting started
@tracker All nodes finishes job
start listen on 10.110.42.71:38949
@tracker All of 1 nodes getting started
@tracker All nodes finishes job
start listen on 10.110.42.71:39581
@tracker All of 1 nodes getting started
@tracker All nodes finishes job
start listen on 10.110.42.71:44207
@tracker All of 1 nodes getting started
@tracker All nodes finishes job
Trial 600 finished with value: 0.97845 and parameters: {'tree_method': 'gpu_hist', 'lambda': 1.270257599437847, 'alpha': 0.011205716360411762, 'colsample_bytree': 0.384592226511337, 'subsample': 0.8803329564418114, 'learning_rate': 0.0565975876251645, 'max_depth': 9, 'min_child_weight': 1, 'eval_metric': 'logloss'}. Best is trial 425 with value: 0.9801333333333333.
start listen on 10.110.42.71:53575
@tracker All of 1 nodes getting started
@tracker All nodes finishes job
start listen on 10.110.42.71:35243
@tracker All of 1 nodes getting started
@tracker All nodes finishes job
start listen on 10.110.42.71:46891
@tracker All of 1 nodes getting started
@tracker All nodes finishes job
start listen on 10.110.42.71:40383
@tracker All of 1 nodes getting started
@tracker All nodes finishes job
start listen on 10.110.42.71:39227
@tracker All of 1 nodes getting started
@tracker All nodes finishes job
Trial 601 finished with value: 0.9778166666666667 and parameters: {'tree_method': 'gpu_hist', 'lambda': 0.8020078034978083, 'alpha': 0.01413960934320057, 'colsample_bytree': 0.4098037019510224, 'subsample': 0.8331211144604522, 'learning_rate': 0.08215114897175901, 'max_depth': 5, 'min_child_weight': 7, 'eval_metric': 'logloss'}. Best is trial 425 with value: 0.9801333333333333.
start listen on 10.110.42.71:35765
@tracker All of 1 nodes getting started
@tracker All nodes finishes job
start listen on 10.110.42.71:42965
@tracker All of 1 nodes getting started
@tracker All nodes finishes job
start listen on 10.110.42.71:50771
@tracker All of 1 nodes getting started
@tracker All nodes finishes job
start listen on 10.110.42.71:49735
@tracker All of 1 nodes getting started
@tracker All nodes finishes job
start listen on 10.110.42.71:50199
@tracker All of 1 nodes getting started
@tracker All nodes finishes job
Trial 602 finished with value: 0.9776333333333334 and parameters: {'tree_method': 'gpu_hist', 'lambda': 0.5877976470555282, 'alpha': 0.003659619353882636, 'colsample_bytree': 0.359631347510194, 'subsample': 0.9077891125029505, 'learning_rate': 0.07105206270100187, 'max_depth': 5, 'min_child_weight': 12, 'eval_metric': 'logloss'}. Best is trial 425 with value: 0.9801333333333333.
start listen on 10.110.42.71:41953
@tracker All of 1 nodes getting started
@tracker All nodes finishes job
start listen on 10.110.42.71:55303
@tracker All of 1 nodes getting started
@tracker All nodes finishes job
start listen on 10.110.42.71:57653
@tracker All of 1 nodes getting started
@tracker All nodes finishes job
start listen on 10.110.42.71:56379
@tracker All of 1 nodes getting started
@tracker All nodes finishes job
start listen on 10.110.42.71:48663
@tracker All of 1 nodes getting started
@tracker All nodes finishes job
Trial 603 finished with value: 0.9751666666666666 and parameters: {'tree_method': 'gpu_hist', 'lambda': 1.1078328663932906, 'alpha': 0.01762883111315246, 'colsample_bytree': 0.9832617960008166, 'subsample': 0.8599435476703352, 'learning_rate': 0.09100731312976959, 'max_depth': 3, 'min_child_weight': 6, 'eval_metric': 'logloss'}. Best is trial 425 with value: 0.9801333333333333.
start listen on 10.110.42.71:38697
@tracker All of 1 nodes getting started
@tracker All nodes finishes job
start listen on 10.110.42.71:58393
@tracker All of 1 nodes getting started
@tracker All nodes finishes job
start listen on 10.110.42.71:57029
@tracker All of 1 nodes getting started
@tracker All nodes finishes job
start listen on 10.110.42.71:41835
@tracker All of 1 nodes getting started
@tracker All nodes finishes job
start listen on 10.110.42.71:51459
@tracker All of 1 nodes getting started
@tracker All nodes finishes job
Trial 604 finished with value: 0.9765333333333334 and parameters: {'tree_method': 'gpu_hist', 'lambda': 0.7463849118711937, 'alpha': 0.009885014858924722, 'colsample_bytree': 0.40408901502565775, 'subsample': 0.8733961385805397, 'learning_rate': 0.07723309080651569, 'max_depth': 5, 'min_child_weight': 19, 'eval_metric': 'logloss'}. Best is trial 425 with value: 0.9801333333333333.
start listen on 10.110.42.71:55271
@tracker All of 1 nodes getting started
@tracker All nodes finishes job
start listen on 10.110.42.71:48113
@tracker All of 1 nodes getting started
@tracker All nodes finishes job
start listen on 10.110.42.71:36241
@tracker All of 1 nodes getting started
@tracker All nodes finishes job
start listen on 10.110.42.71:50461
@tracker All of 1 nodes getting started
@tracker All nodes finishes job
start listen on 10.110.42.71:58771
@tracker All of 1 nodes getting started
@tracker All nodes finishes job
