Trial 269 finished with value: 0.97665 and parameters: {'tree_method': 'gpu_hist', 'lambda': 0.8507401015875898, 'alpha': 0.020350463894536368, 'colsample_bytree': 0.3934078067114071, 'subsample': 0.9817247454782253, 'learning_rate': 0.09988763509883826, 'max_depth': 5, 'min_child_weight': 17, 'eval_metric': 'logloss'}. Best is trial 157 with value: 0.9799.
start listen on 10.110.42.71:52663
@tracker All of 1 nodes getting started
@tracker All nodes finishes job
start listen on 10.110.42.71:55965
@tracker All of 1 nodes getting started
@tracker All nodes finishes job
start listen on 10.110.42.71:49301
@tracker All of 1 nodes getting started
@tracker All nodes finishes job
start listen on 10.110.42.71:49025
@tracker All of 1 nodes getting started
@tracker All nodes finishes job
start listen on 10.110.42.71:49105
@tracker All of 1 nodes getting started
@tracker All nodes finishes job
Trial 270 finished with value: 0.9777166666666667 and parameters: {'tree_method': 'gpu_hist', 'lambda': 1.3640144748732776, 'alpha': 0.07422221635129098, 'colsample_bytree': 0.48341949685217667, 'subsample': 0.8988339338128246, 'learning_rate': 0.0760085843300706, 'max_depth': 5, 'min_child_weight': 7, 'eval_metric': 'logloss'}. Best is trial 157 with value: 0.9799.
start listen on 10.110.42.71:59183
@tracker All of 1 nodes getting started
@tracker All nodes finishes job
start listen on 10.110.42.71:58921
@tracker All of 1 nodes getting started
@tracker All nodes finishes job
start listen on 10.110.42.71:55295
@tracker All of 1 nodes getting started
@tracker All nodes finishes job
start listen on 10.110.42.71:44485
@tracker All of 1 nodes getting started
@tracker All nodes finishes job
start listen on 10.110.42.71:57143
@tracker All of 1 nodes getting started
@tracker All nodes finishes job
Trial 271 finished with value: 0.9796 and parameters: {'tree_method': 'gpu_hist', 'lambda': 0.7861397169282837, 'alpha': 0.014961690710933954, 'colsample_bytree': 0.4751657555959825, 'subsample': 0.8906630326418278, 'learning_rate': 0.07801204958271117, 'max_depth': 5, 'min_child_weight': 1, 'eval_metric': 'logloss'}. Best is trial 157 with value: 0.9799.
start listen on 10.110.42.71:59619
@tracker All of 1 nodes getting started
@tracker All nodes finishes job
start listen on 10.110.42.71:46333
@tracker All of 1 nodes getting started
@tracker All nodes finishes job
start listen on 10.110.42.71:52223
@tracker All of 1 nodes getting started
@tracker All nodes finishes job
start listen on 10.110.42.71:58267
@tracker All of 1 nodes getting started
@tracker All nodes finishes job
start listen on 10.110.42.71:54075
@tracker All of 1 nodes getting started
@tracker All nodes finishes job
Trial 272 finished with value: 0.9796 and parameters: {'tree_method': 'gpu_hist', 'lambda': 0.9404717681196652, 'alpha': 0.011845834457356522, 'colsample_bytree': 0.5012846444791533, 'subsample': 0.9686895203611667, 'learning_rate': 0.07941942811632935, 'max_depth': 5, 'min_child_weight': 1, 'eval_metric': 'logloss'}. Best is trial 157 with value: 0.9799.
start listen on 10.110.42.71:41369
@tracker All of 1 nodes getting started
@tracker All nodes finishes job
start listen on 10.110.42.71:42811
@tracker All of 1 nodes getting started
@tracker All nodes finishes job
start listen on 10.110.42.71:48433
@tracker All of 1 nodes getting started
@tracker All nodes finishes job
start listen on 10.110.42.71:43277
@tracker All of 1 nodes getting started
@tracker All nodes finishes job
start listen on 10.110.42.71:57409
@tracker All of 1 nodes getting started
@tracker All nodes finishes job
Trial 273 finished with value: 0.9770666666666666 and parameters: {'tree_method': 'gpu_hist', 'lambda': 0.9203154731624112, 'alpha': 0.013636152667931067, 'colsample_bytree': 0.4994068912820092, 'subsample': 0.9660142661850759, 'learning_rate': 0.08014547658218522, 'max_depth': 5, 'min_child_weight': 12, 'eval_metric': 'logloss'}. Best is trial 157 with value: 0.9799.
start listen on 10.110.42.71:43365
@tracker All of 1 nodes getting started
@tracker All nodes finishes job
start listen on 10.110.42.71:36877
@tracker All of 1 nodes getting started
@tracker All nodes finishes job
start listen on 10.110.42.71:48819
@tracker All of 1 nodes getting started
@tracker All nodes finishes job
start listen on 10.110.42.71:39121
@tracker All of 1 nodes getting started
@tracker All nodes finishes job
start listen on 10.110.42.71:43385
@tracker All of 1 nodes getting started
@tracker All nodes finishes job
Trial 274 finished with value: 0.97785 and parameters: {'tree_method': 'gpu_hist', 'lambda': 1.1328462844698597, 'alpha': 0.01635487478950748, 'colsample_bytree': 0.47795165241361587, 'subsample': 0.9754906646659, 'learning_rate': 0.08565992309522488, 'max_depth': 5, 'min_child_weight': 7, 'eval_metric': 'logloss'}. Best is trial 157 with value: 0.9799.
start listen on 10.110.42.71:42059
@tracker All of 1 nodes getting started
@tracker All nodes finishes job
start listen on 10.110.42.71:39597
@tracker All of 1 nodes getting started
@tracker All nodes finishes job
start listen on 10.110.42.71:60837
@tracker All of 1 nodes getting started
@tracker All nodes finishes job
start listen on 10.110.42.71:57067
@tracker All of 1 nodes getting started
@tracker All nodes finishes job
start listen on 10.110.42.71:41909
@tracker All of 1 nodes getting started
@tracker All nodes finishes job
Trial 275 finished with value: 0.9765 and parameters: {'tree_method': 'gpu_hist', 'lambda': 0.7626694289290054, 'alpha': 0.009428378231596587, 'colsample_bytree': 0.49851586790509134, 'subsample': 0.955689041129866, 'learning_rate': 0.07253318315588282, 'max_depth': 5, 'min_child_weight': 15, 'eval_metric': 'logloss'}. Best is trial 157 with value: 0.9799.
start listen on 10.110.42.71:54231
@tracker All of 1 nodes getting started
@tracker All nodes finishes job
start listen on 10.110.42.71:34449
@tracker All of 1 nodes getting started
@tracker All nodes finishes job
start listen on 10.110.42.71:57079
@tracker All of 1 nodes getting started
@tracker All nodes finishes job
start listen on 10.110.42.71:48931
@tracker All of 1 nodes getting started
@tracker All nodes finishes job
start listen on 10.110.42.71:57149
@tracker All of 1 nodes getting started
@tracker All nodes finishes job
Trial 276 finished with value: 0.9797833333333333 and parameters: {'tree_method': 'gpu_hist', 'lambda': 0.9879237705924981, 'alpha': 0.01943675431429622, 'colsample_bytree': 0.4626180375230477, 'subsample': 0.9807218748219435, 'learning_rate': 0.09252805170555181, 'max_depth': 5, 'min_child_weight': 1, 'eval_metric': 'logloss'}. Best is trial 157 with value: 0.9799.
start listen on 10.110.42.71:39983
@tracker All of 1 nodes getting started
@tracker All nodes finishes job
start listen on 10.110.42.71:53905
@tracker All of 1 nodes getting started
@tracker All nodes finishes job
start listen on 10.110.42.71:60783
@tracker All of 1 nodes getting started
@tracker All nodes finishes job
start listen on 10.110.42.71:56379
@tracker All of 1 nodes getting started
@tracker All nodes finishes job
start listen on 10.110.42.71:60827
@tracker All of 1 nodes getting started
@tracker All nodes finishes job
Trial 277 finished with value: 0.97775 and parameters: {'tree_method': 'gpu_hist', 'lambda': 1.4463532563941859, 'alpha': 0.014672948846818143, 'colsample_bytree': 0.46076852468438184, 'subsample': 0.9799536059173299, 'learning_rate': 0.09210485454778099, 'max_depth': 17, 'min_child_weight': 7, 'eval_metric': 'logloss'}. Best is trial 157 with value: 0.9799.
start listen on 10.110.42.71:35383
@tracker All of 1 nodes getting started
@tracker All nodes finishes job
start listen on 10.110.42.71:58301
@tracker All of 1 nodes getting started
@tracker All nodes finishes job
start listen on 10.110.42.71:53857
@tracker All of 1 nodes getting started
@tracker All nodes finishes job
start listen on 10.110.42.71:34283
@tracker All of 1 nodes getting started
@tracker All nodes finishes job
start listen on 10.110.42.71:40207
@tracker All of 1 nodes getting started
@tracker All nodes finishes job
Trial 278 finished with value: 0.977 and parameters: {'tree_method': 'gpu_hist', 'lambda': 0.9089645706613059, 'alpha': 0.011166462924854667, 'colsample_bytree': 0.48852384951195876, 'subsample': 0.9657271944486484, 'learning_rate': 0.06301047897968284, 'max_depth': 20, 'min_child_weight': 1, 'eval_metric': 'logloss'}. Best is trial 157 with value: 0.9799.
start listen on 10.110.42.71:38833
@tracker All of 1 nodes getting started
@tracker All nodes finishes job
start listen on 10.110.42.71:41845
@tracker All of 1 nodes getting started
@tracker All nodes finishes job
start listen on 10.110.42.71:35801
@tracker All of 1 nodes getting started
@tracker All nodes finishes job
start listen on 10.110.42.71:57033
@tracker All of 1 nodes getting started
@tracker All nodes finishes job
start listen on 10.110.42.71:50043
@tracker All of 1 nodes getting started
@tracker All nodes finishes job
Trial 279 finished with value: 0.9735833333333334 and parameters: {'tree_method': 'gpu_hist', 'lambda': 1.0921670994620625, 'alpha': 0.019630641955975532, 'colsample_bytree': 0.4730948257473131, 'subsample': 0.42016227155210967, 'learning_rate': 0.07850063108345172, 'max_depth': 5, 'min_child_weight': 21, 'eval_metric': 'logloss'}. Best is trial 157 with value: 0.9799.
start listen on 10.110.42.71:40737
@tracker All of 1 nodes getting started
@tracker All nodes finishes job
start listen on 10.110.42.71:35441
@tracker All of 1 nodes getting started
@tracker All nodes finishes job
start listen on 10.110.42.71:53237
@tracker All of 1 nodes getting started
@tracker All nodes finishes job
start listen on 10.110.42.71:54551
@tracker All of 1 nodes getting started
@tracker All nodes finishes job
start listen on 10.110.42.71:57085
@tracker All of 1 nodes getting started
@tracker All nodes finishes job
Trial 280 finished with value: 0.97715 and parameters: {'tree_method': 'gpu_hist', 'lambda': 0.5832248667953623, 'alpha': 0.011278709723256983, 'colsample_bytree': 0.5187639977911204, 'subsample': 0.9881295941290169, 'learning_rate': 0.0688964222414568, 'max_depth': 5, 'min_child_weight': 11, 'eval_metric': 'logloss'}. Best is trial 157 with value: 0.9799.
start listen on 10.110.42.71:54717
@tracker All of 1 nodes getting started
@tracker All nodes finishes job
start listen on 10.110.42.71:59517
@tracker All of 1 nodes getting started
@tracker All nodes finishes job
start listen on 10.110.42.71:56643
@tracker All of 1 nodes getting started
@tracker All nodes finishes job
start listen on 10.110.42.71:40889
@tracker All of 1 nodes getting started
@tracker All nodes finishes job
start listen on 10.110.42.71:55737
@tracker All of 1 nodes getting started
@tracker All nodes finishes job
Trial 281 finished with value: 0.978 and parameters: {'tree_method': 'gpu_hist', 'lambda': 0.7852034541833913, 'alpha': 0.0376443181258862, 'colsample_bytree': 0.464400880883232, 'subsample': 0.9568366650832126, 'learning_rate': 0.0927465714544901, 'max_depth': 5, 'min_child_weight': 6, 'eval_metric': 'logloss'}. Best is trial 157 with value: 0.9799.
start listen on 10.110.42.71:35195
@tracker All of 1 nodes getting started
@tracker All nodes finishes job
start listen on 10.110.42.71:53605
@tracker All of 1 nodes getting started
@tracker All nodes finishes job
start listen on 10.110.42.71:43253
@tracker All of 1 nodes getting started
@tracker All nodes finishes job
start listen on 10.110.42.71:55775
@tracker All of 1 nodes getting started
@tracker All nodes finishes job
start listen on 10.110.42.71:38841
@tracker All of 1 nodes getting started
@tracker All nodes finishes job
Trial 282 finished with value: 0.9770666666666666 and parameters: {'tree_method': 'gpu_hist', 'lambda': 0.6958444591397567, 'alpha': 0.016938299027092846, 'colsample_bytree': 0.4829078688640238, 'subsample': 0.9716935998676189, 'learning_rate': 0.0873489265687581, 'max_depth': 5, 'min_child_weight': 12, 'eval_metric': 'logloss'}. Best is trial 157 with value: 0.9799.
start listen on 10.110.42.71:49695
@tracker All of 1 nodes getting started
@tracker All nodes finishes job
start listen on 10.110.42.71:57927
@tracker All of 1 nodes getting started
@tracker All nodes finishes job
start listen on 10.110.42.71:59747
@tracker All of 1 nodes getting started
@tracker All nodes finishes job
start listen on 10.110.42.71:52219
@tracker All of 1 nodes getting started
@tracker All nodes finishes job
start listen on 10.110.42.71:36683
@tracker All of 1 nodes getting started
@tracker All nodes finishes job
Trial 283 finished with value: 0.9778833333333333 and parameters: {'tree_method': 'gpu_hist', 'lambda': 0.9389744973501891, 'alpha': 0.029945491890550645, 'colsample_bytree': 0.45249062175580146, 'subsample': 0.9333696371557446, 'learning_rate': 0.09275050328081712, 'max_depth': 9, 'min_child_weight': 1, 'eval_metric': 'logloss'}. Best is trial 157 with value: 0.9799.
start listen on 10.110.42.71:45597
@tracker All of 1 nodes getting started
@tracker All nodes finishes job
start listen on 10.110.42.71:35403
@tracker All of 1 nodes getting started
@tracker All nodes finishes job
start listen on 10.110.42.71:35491
@tracker All of 1 nodes getting started
@tracker All nodes finishes job
start listen on 10.110.42.71:36711
@tracker All of 1 nodes getting started
@tracker All nodes finishes job
start listen on 10.110.42.71:53985
@tracker All of 1 nodes getting started
@tracker All nodes finishes job
Trial 284 finished with value: 0.9666 and parameters: {'tree_method': 'gpu_hist', 'lambda': 0.5576217446881938, 'alpha': 0.013367092451129112, 'colsample_bytree': 0.3762076207563411, 'subsample': 0.9980564911053518, 'learning_rate': 0.012071441547971878, 'max_depth': 5, 'min_child_weight': 7, 'eval_metric': 'logloss'}. Best is trial 157 with value: 0.9799.
start listen on 10.110.42.71:55757
@tracker All of 1 nodes getting started
@tracker All nodes finishes job
start listen on 10.110.42.71:48589
@tracker All of 1 nodes getting started
@tracker All nodes finishes job
start listen on 10.110.42.71:46155
@tracker All of 1 nodes getting started
@tracker All nodes finishes job
start listen on 10.110.42.71:54881
@tracker All of 1 nodes getting started
@tracker All nodes finishes job
start listen on 10.110.42.71:56241
@tracker All of 1 nodes getting started
@tracker All nodes finishes job
Trial 285 finished with value: 0.97665 and parameters: {'tree_method': 'gpu_hist', 'lambda': 1.3182327355306078, 'alpha': 0.020618940997370938, 'colsample_bytree': 0.43336748484992876, 'subsample': 0.9828360506299824, 'learning_rate': 0.0792875099119828, 'max_depth': 5, 'min_child_weight': 17, 'eval_metric': 'logloss'}. Best is trial 157 with value: 0.9799.
start listen on 10.110.42.71:36227
@tracker All of 1 nodes getting started
@tracker All nodes finishes job
start listen on 10.110.42.71:57291
@tracker All of 1 nodes getting started
@tracker All nodes finishes job
start listen on 10.110.42.71:40659
@tracker All of 1 nodes getting started
@tracker All nodes finishes job
start listen on 10.110.42.71:44357
@tracker All of 1 nodes getting started
@tracker All nodes finishes job
start listen on 10.110.42.71:59183
@tracker All of 1 nodes getting started
@tracker All nodes finishes job
Trial 286 finished with value: 0.9529333333333333 and parameters: {'tree_method': 'gpu_hist', 'lambda': 0.7908183089314649, 'alpha': 0.007872379401211682, 'colsample_bytree': 0.3661211426740383, 'subsample': 0.9614955415157785, 'learning_rate': 0.05952884073597919, 'max_depth': 5, 'min_child_weight': 259, 'eval_metric': 'logloss'}. Best is trial 157 with value: 0.9799.
start listen on 10.110.42.71:51777
@tracker All of 1 nodes getting started
@tracker All nodes finishes job
start listen on 10.110.42.71:52383
@tracker All of 1 nodes getting started
@tracker All nodes finishes job
start listen on 10.110.42.71:59871
@tracker All of 1 nodes getting started
@tracker All nodes finishes job
start listen on 10.110.42.71:51183
@tracker All of 1 nodes getting started
@tracker All nodes finishes job
start listen on 10.110.42.71:46093
@tracker All of 1 nodes getting started
@tracker All nodes finishes job
Trial 287 finished with value: 0.9732333333333333 and parameters: {'tree_method': 'gpu_hist', 'lambda': 1.014539411334827, 'alpha': 0.010515997093295907, 'colsample_bytree': 0.4027219008972932, 'subsample': 0.9495053190210436, 'learning_rate': 0.07175033593807274, 'max_depth': 3, 'min_child_weight': 1, 'eval_metric': 'logloss'}. Best is trial 157 with value: 0.9799.
start listen on 10.110.42.71:53899
@tracker All of 1 nodes getting started
@tracker All nodes finishes job
start listen on 10.110.42.71:40315
@tracker All of 1 nodes getting started
@tracker All nodes finishes job
start listen on 10.110.42.71:48333
@tracker All of 1 nodes getting started
@tracker All nodes finishes job
start listen on 10.110.42.71:51901
@tracker All of 1 nodes getting started
@tracker All nodes finishes job
start listen on 10.110.42.71:35497
@tracker All of 1 nodes getting started
@tracker All nodes finishes job
Trial 288 finished with value: 0.9779666666666667 and parameters: {'tree_method': 'gpu_hist', 'lambda': 0.6476732166655778, 'alpha': 0.012612332549862444, 'colsample_bytree': 0.49447823700018106, 'subsample': 0.9213916629023039, 'learning_rate': 0.08423198986588928, 'max_depth': 5, 'min_child_weight': 7, 'eval_metric': 'logloss'}. Best is trial 157 with value: 0.9799.
start listen on 10.110.42.71:53261
@tracker All of 1 nodes getting started
@tracker All nodes finishes job
start listen on 10.110.42.71:60871
@tracker All of 1 nodes getting started
@tracker All nodes finishes job
start listen on 10.110.42.71:58073
@tracker All of 1 nodes getting started
@tracker All nodes finishes job
start listen on 10.110.42.71:59757
@tracker All of 1 nodes getting started
@tracker All nodes finishes job
start listen on 10.110.42.71:41909
@tracker All of 1 nodes getting started
@tracker All nodes finishes job
Trial 289 finished with value: 0.9771166666666666 and parameters: {'tree_method': 'gpu_hist', 'lambda': 0.8236200366019004, 'alpha': 0.016042336909564414, 'colsample_bytree': 0.38512951847693605, 'subsample': 0.9760891331113225, 'learning_rate': 0.07019607530722223, 'max_depth': 15, 'min_child_weight': 12, 'eval_metric': 'logloss'}. Best is trial 157 with value: 0.9799.
start listen on 10.110.42.71:36097
@tracker All of 1 nodes getting started
@tracker All nodes finishes job
start listen on 10.110.42.71:52083
@tracker All of 1 nodes getting started
@tracker All nodes finishes job
start listen on 10.110.42.71:42553
@tracker All of 1 nodes getting started
@tracker All nodes finishes job
start listen on 10.110.42.71:33517
@tracker All of 1 nodes getting started
@tracker All nodes finishes job
start listen on 10.110.42.71:47695
@tracker All of 1 nodes getting started
@tracker All nodes finishes job
Trial 290 finished with value: 0.97775 and parameters: {'tree_method': 'gpu_hist', 'lambda': 1.2137040127858327, 'alpha': 0.009597385816931113, 'colsample_bytree': 0.41434830666406236, 'subsample': 0.94470148736737, 'learning_rate': 0.09979903988888598, 'max_depth': 11, 'min_child_weight': 1, 'eval_metric': 'logloss'}. Best is trial 157 with value: 0.9799.
start listen on 10.110.42.71:48339
@tracker All of 1 nodes getting started
@tracker All nodes finishes job
start listen on 10.110.42.71:44687
@tracker All of 1 nodes getting started
@tracker All nodes finishes job
start listen on 10.110.42.71:49887
@tracker All of 1 nodes getting started
@tracker All nodes finishes job
start listen on 10.110.42.71:34573
@tracker All of 1 nodes getting started
@tracker All nodes finishes job
start listen on 10.110.42.71:52247
@tracker All of 1 nodes getting started
@tracker All nodes finishes job
Trial 291 finished with value: 0.96345 and parameters: {'tree_method': 'gpu_hist', 'lambda': 0.686442166559025, 'alpha': 0.02543293691367493, 'colsample_bytree': 0.46588242751855014, 'subsample': 0.9706122041395577, 'learning_rate': 0.0901854861123707, 'max_depth': 5, 'min_child_weight': 171, 'eval_metric': 'logloss'}. Best is trial 157 with value: 0.9799.
start listen on 10.110.42.71:54153
@tracker All of 1 nodes getting started
@tracker All nodes finishes job
start listen on 10.110.42.71:51073
@tracker All of 1 nodes getting started
@tracker All nodes finishes job
start listen on 10.110.42.71:35629
@tracker All of 1 nodes getting started
@tracker All nodes finishes job
start listen on 10.110.42.71:37341
@tracker All of 1 nodes getting started
@tracker All nodes finishes job
start listen on 10.110.42.71:43867
@tracker All of 1 nodes getting started
@tracker All nodes finishes job
Trial 292 finished with value: 0.97815 and parameters: {'tree_method': 'gpu_hist', 'lambda': 1.0717341289531979, 'alpha': 0.01863823158027403, 'colsample_bytree': 0.4340194849913056, 'subsample': 0.990053209868771, 'learning_rate': 0.0777851622403482, 'max_depth': 5, 'min_child_weight': 7, 'eval_metric': 'logloss'}. Best is trial 157 with value: 0.9799.
start listen on 10.110.42.71:56949
@tracker All of 1 nodes getting started
@tracker All nodes finishes job
start listen on 10.110.42.71:46949
@tracker All of 1 nodes getting started
@tracker All nodes finishes job
start listen on 10.110.42.71:41401
@tracker All of 1 nodes getting started
@tracker All nodes finishes job
start listen on 10.110.42.71:60617
@tracker All of 1 nodes getting started
@tracker All nodes finishes job
start listen on 10.110.42.71:60251
@tracker All of 1 nodes getting started
@tracker All nodes finishes job
