Trial 1108 finished with value: 0.9764333333333334 and parameters: {'tree_method': 'gpu_hist', 'lambda': 0.10394998274709354, 'alpha': 0.02845935854662766, 'colsample_bytree': 0.42962102810354896, 'subsample': 0.8975653594304512, 'learning_rate': 0.06559601019769724, 'max_depth': 5, 'min_child_weight': 17, 'eval_metric': 'logloss'}. Best is trial 425 with value: 0.9801333333333333.
start listen on 10.110.42.71:42971
@tracker All of 1 nodes getting started
@tracker All nodes finishes job
start listen on 10.110.42.71:48563
@tracker All of 1 nodes getting started
@tracker All nodes finishes job
start listen on 10.110.42.71:42977
@tracker All of 1 nodes getting started
@tracker All nodes finishes job
start listen on 10.110.42.71:48851
@tracker All of 1 nodes getting started
@tracker All nodes finishes job
start listen on 10.110.42.71:45975
@tracker All of 1 nodes getting started
@tracker All nodes finishes job
Trial 1109 finished with value: 0.9769 and parameters: {'tree_method': 'gpu_hist', 'lambda': 0.064900715514174, 'alpha': 0.017515301511389206, 'colsample_bytree': 0.44671940177559605, 'subsample': 0.8434000443309432, 'learning_rate': 0.09212088646773897, 'max_depth': 5, 'min_child_weight': 11, 'eval_metric': 'logloss'}. Best is trial 425 with value: 0.9801333333333333.
start listen on 10.110.42.71:38709
@tracker All of 1 nodes getting started
@tracker All nodes finishes job
start listen on 10.110.42.71:54019
@tracker All of 1 nodes getting started
@tracker All nodes finishes job
start listen on 10.110.42.71:51075
@tracker All of 1 nodes getting started
@tracker All nodes finishes job
start listen on 10.110.42.71:49963
@tracker All of 1 nodes getting started
@tracker All nodes finishes job
start listen on 10.110.42.71:45849
@tracker All of 1 nodes getting started
@tracker All nodes finishes job
Trial 1110 finished with value: 0.9769166666666667 and parameters: {'tree_method': 'gpu_hist', 'lambda': 0.09580277423660985, 'alpha': 0.013960657783195517, 'colsample_bytree': 0.3955513904412502, 'subsample': 0.8605486711519675, 'learning_rate': 0.07651201796431877, 'max_depth': 20, 'min_child_weight': 1, 'eval_metric': 'logloss'}. Best is trial 425 with value: 0.9801333333333333.
start listen on 10.110.42.71:59657
@tracker All of 1 nodes getting started
@tracker All nodes finishes job
start listen on 10.110.42.71:35475
@tracker All of 1 nodes getting started
@tracker All nodes finishes job
start listen on 10.110.42.71:52303
@tracker All of 1 nodes getting started
@tracker All nodes finishes job
start listen on 10.110.42.71:38871
@tracker All of 1 nodes getting started
@tracker All nodes finishes job
start listen on 10.110.42.71:37127
@tracker All of 1 nodes getting started
@tracker All nodes finishes job
Trial 1111 finished with value: 0.9781166666666666 and parameters: {'tree_method': 'gpu_hist', 'lambda': 0.08257004474223412, 'alpha': 0.008602032417440833, 'colsample_bytree': 0.3749102080087317, 'subsample': 0.8698404421250829, 'learning_rate': 0.08580298768115617, 'max_depth': 5, 'min_child_weight': 6, 'eval_metric': 'logloss'}. Best is trial 425 with value: 0.9801333333333333.
start listen on 10.110.42.71:57853
@tracker All of 1 nodes getting started
@tracker All nodes finishes job
start listen on 10.110.42.71:36739
@tracker All of 1 nodes getting started
@tracker All nodes finishes job
start listen on 10.110.42.71:45457
@tracker All of 1 nodes getting started
@tracker All nodes finishes job
start listen on 10.110.42.71:59793
@tracker All of 1 nodes getting started
@tracker All nodes finishes job
start listen on 10.110.42.71:52511
@tracker All of 1 nodes getting started
@tracker All nodes finishes job
Trial 1112 finished with value: 0.9796666666666667 and parameters: {'tree_method': 'gpu_hist', 'lambda': 0.053739030302166646, 'alpha': 0.010533205409795956, 'colsample_bytree': 0.3480260886292633, 'subsample': 0.9116316667727107, 'learning_rate': 0.09015017309778403, 'max_depth': 5, 'min_child_weight': 1, 'eval_metric': 'logloss'}. Best is trial 425 with value: 0.9801333333333333.
start listen on 10.110.42.71:42523
@tracker All of 1 nodes getting started
@tracker All nodes finishes job
start listen on 10.110.42.71:46109
@tracker All of 1 nodes getting started
@tracker All nodes finishes job
start listen on 10.110.42.71:53861
@tracker All of 1 nodes getting started
@tracker All nodes finishes job
start listen on 10.110.42.71:35409
@tracker All of 1 nodes getting started
@tracker All nodes finishes job
start listen on 10.110.42.71:52263
@tracker All of 1 nodes getting started
@tracker All nodes finishes job
Trial 1113 finished with value: 0.9772666666666666 and parameters: {'tree_method': 'gpu_hist', 'lambda': 0.07193174581788384, 'alpha': 0.016391543680793014, 'colsample_bytree': 0.36120859160979096, 'subsample': 0.8870928945640404, 'learning_rate': 0.08071149173982503, 'max_depth': 9, 'min_child_weight': 12, 'eval_metric': 'logloss'}. Best is trial 425 with value: 0.9801333333333333.
start listen on 10.110.42.71:47011
@tracker All of 1 nodes getting started
@tracker All nodes finishes job
start listen on 10.110.42.71:58727
@tracker All of 1 nodes getting started
@tracker All nodes finishes job
start listen on 10.110.42.71:49075
@tracker All of 1 nodes getting started
@tracker All nodes finishes job
start listen on 10.110.42.71:38161
@tracker All of 1 nodes getting started
@tracker All nodes finishes job
start listen on 10.110.42.71:41153
@tracker All of 1 nodes getting started
@tracker All nodes finishes job
Trial 1114 finished with value: 0.97815 and parameters: {'tree_method': 'gpu_hist', 'lambda': 0.04025811173158263, 'alpha': 0.022071173324068667, 'colsample_bytree': 0.412133393509594, 'subsample': 0.9025615904375257, 'learning_rate': 0.09971720259415871, 'max_depth': 5, 'min_child_weight': 7, 'eval_metric': 'logloss'}. Best is trial 425 with value: 0.9801333333333333.
start listen on 10.110.42.71:41311
@tracker All of 1 nodes getting started
@tracker All nodes finishes job
start listen on 10.110.42.71:51113
@tracker All of 1 nodes getting started
@tracker All nodes finishes job
start listen on 10.110.42.71:59117
@tracker All of 1 nodes getting started
@tracker All nodes finishes job
start listen on 10.110.42.71:56155
@tracker All of 1 nodes getting started
@tracker All nodes finishes job
start listen on 10.110.42.71:54625
@tracker All of 1 nodes getting started
@tracker All nodes finishes job
Trial 1115 finished with value: 0.9760166666666666 and parameters: {'tree_method': 'gpu_hist', 'lambda': 0.049275740577314237, 'alpha': 0.0122913630155856, 'colsample_bytree': 0.42499008840273755, 'subsample': 0.9284914288491299, 'learning_rate': 0.06179864473787552, 'max_depth': 11, 'min_child_weight': 20, 'eval_metric': 'logloss'}. Best is trial 425 with value: 0.9801333333333333.
start listen on 10.110.42.71:58391
@tracker All of 1 nodes getting started
@tracker All nodes finishes job
start listen on 10.110.42.71:42589
@tracker All of 1 nodes getting started
@tracker All nodes finishes job
start listen on 10.110.42.71:38171
@tracker All of 1 nodes getting started
@tracker All nodes finishes job
start listen on 10.110.42.71:59647
@tracker All of 1 nodes getting started
@tracker All nodes finishes job
start listen on 10.110.42.71:35447
@tracker All of 1 nodes getting started
@tracker All nodes finishes job
Trial 1116 finished with value: 0.9793166666666666 and parameters: {'tree_method': 'gpu_hist', 'lambda': 0.42344793118953167, 'alpha': 0.007063132426344429, 'colsample_bytree': 0.3855302385122646, 'subsample': 0.8766493619200982, 'learning_rate': 0.06956757325153744, 'max_depth': 5, 'min_child_weight': 1, 'eval_metric': 'logloss'}. Best is trial 425 with value: 0.9801333333333333.
start listen on 10.110.42.71:53295
@tracker All of 1 nodes getting started
@tracker All nodes finishes job
start listen on 10.110.42.71:45685
@tracker All of 1 nodes getting started
@tracker All nodes finishes job
start listen on 10.110.42.71:57001
@tracker All of 1 nodes getting started
@tracker All nodes finishes job
start listen on 10.110.42.71:33723
@tracker All of 1 nodes getting started
@tracker All nodes finishes job
start listen on 10.110.42.71:45913
@tracker All of 1 nodes getting started
@tracker All nodes finishes job
Trial 1117 finished with value: 0.9339166666666666 and parameters: {'tree_method': 'gpu_hist', 'lambda': 0.06524487335377095, 'alpha': 0.014831780810105132, 'colsample_bytree': 0.44096545381470115, 'subsample': 0.8983387249469822, 'learning_rate': 0.0029094506093887682, 'max_depth': 5, 'min_child_weight': 15, 'eval_metric': 'logloss'}. Best is trial 425 with value: 0.9801333333333333.
start listen on 10.110.42.71:54051
@tracker All of 1 nodes getting started
@tracker All nodes finishes job
start listen on 10.110.42.71:41415
@tracker All of 1 nodes getting started
@tracker All nodes finishes job
start listen on 10.110.42.71:36273
@tracker All of 1 nodes getting started
@tracker All nodes finishes job
start listen on 10.110.42.71:55791
@tracker All of 1 nodes getting started
@tracker All nodes finishes job
start listen on 10.110.42.71:58887
@tracker All of 1 nodes getting started
@tracker All nodes finishes job
Trial 1118 finished with value: 0.9736833333333333 and parameters: {'tree_method': 'gpu_hist', 'lambda': 0.08215254975504653, 'alpha': 0.019895909515695424, 'colsample_bytree': 0.40257864654128966, 'subsample': 0.8516684915950914, 'learning_rate': 0.075409057036142, 'max_depth': 3, 'min_child_weight': 7, 'eval_metric': 'logloss'}. Best is trial 425 with value: 0.9801333333333333.
start listen on 10.110.42.71:52285
@tracker All of 1 nodes getting started
@tracker All nodes finishes job
start listen on 10.110.42.71:55229
@tracker All of 1 nodes getting started
@tracker All nodes finishes job
start listen on 10.110.42.71:44081
@tracker All of 1 nodes getting started
@tracker All nodes finishes job
start listen on 10.110.42.71:33103
@tracker All of 1 nodes getting started
@tracker All nodes finishes job
start listen on 10.110.42.71:54505
@tracker All of 1 nodes getting started
@tracker All nodes finishes job
Trial 1119 finished with value: 0.9796166666666667 and parameters: {'tree_method': 'gpu_hist', 'lambda': 0.3115907353702805, 'alpha': 0.010355043406319795, 'colsample_bytree': 0.4557560431101516, 'subsample': 0.8675745092788351, 'learning_rate': 0.09180668577925308, 'max_depth': 5, 'min_child_weight': 1, 'eval_metric': 'logloss'}. Best is trial 425 with value: 0.9801333333333333.
start listen on 10.110.42.71:51425
@tracker All of 1 nodes getting started
@tracker All nodes finishes job
start listen on 10.110.42.71:34841
@tracker All of 1 nodes getting started
@tracker All nodes finishes job
start listen on 10.110.42.71:39181
@tracker All of 1 nodes getting started
@tracker All nodes finishes job
start listen on 10.110.42.71:56475
@tracker All of 1 nodes getting started
@tracker All nodes finishes job
start listen on 10.110.42.71:50835
@tracker All of 1 nodes getting started
@tracker All nodes finishes job
Trial 1120 finished with value: 0.9774666666666667 and parameters: {'tree_method': 'gpu_hist', 'lambda': 0.03506029513389762, 'alpha': 0.030024320476501918, 'colsample_bytree': 0.41736843450640504, 'subsample': 0.8873747173207148, 'learning_rate': 0.08289588941638598, 'max_depth': 5, 'min_child_weight': 11, 'eval_metric': 'logloss'}. Best is trial 425 with value: 0.9801333333333333.
start listen on 10.110.42.71:38487
@tracker All of 1 nodes getting started
@tracker All nodes finishes job
start listen on 10.110.42.71:42513
@tracker All of 1 nodes getting started
@tracker All nodes finishes job
start listen on 10.110.42.71:46821
@tracker All of 1 nodes getting started
@tracker All nodes finishes job
start listen on 10.110.42.71:54819
@tracker All of 1 nodes getting started
@tracker All nodes finishes job
start listen on 10.110.42.71:36201
@tracker All of 1 nodes getting started
@tracker All nodes finishes job
Trial 1121 finished with value: 0.9781833333333333 and parameters: {'tree_method': 'gpu_hist', 'lambda': 0.05997295976563828, 'alpha': 0.016371598925489974, 'colsample_bytree': 0.36596135567051447, 'subsample': 0.9177808900522061, 'learning_rate': 0.0916375003844161, 'max_depth': 5, 'min_child_weight': 6, 'eval_metric': 'logloss'}. Best is trial 425 with value: 0.9801333333333333.
start listen on 10.110.42.71:41667
@tracker All of 1 nodes getting started
@tracker All nodes finishes job
start listen on 10.110.42.71:35095
@tracker All of 1 nodes getting started
@tracker All nodes finishes job
start listen on 10.110.42.71:56347
@tracker All of 1 nodes getting started
@tracker All nodes finishes job
start listen on 10.110.42.71:57839
@tracker All of 1 nodes getting started
@tracker All nodes finishes job
start listen on 10.110.42.71:56679
@tracker All of 1 nodes getting started
@tracker All nodes finishes job
Trial 1122 finished with value: 0.97675 and parameters: {'tree_method': 'gpu_hist', 'lambda': 0.10706298360316067, 'alpha': 0.012790032246644586, 'colsample_bytree': 0.3311042792347722, 'subsample': 0.906780200118003, 'learning_rate': 0.09965837938455337, 'max_depth': 15, 'min_child_weight': 15, 'eval_metric': 'logloss'}. Best is trial 425 with value: 0.9801333333333333.
start listen on 10.110.42.71:56897
@tracker All of 1 nodes getting started
@tracker All nodes finishes job
start listen on 10.110.42.71:48051
@tracker All of 1 nodes getting started
@tracker All nodes finishes job
start listen on 10.110.42.71:43701
@tracker All of 1 nodes getting started
@tracker All nodes finishes job
start listen on 10.110.42.71:55547
@tracker All of 1 nodes getting started
@tracker All nodes finishes job
start listen on 10.110.42.71:59627
@tracker All of 1 nodes getting started
@tracker All nodes finishes job
Trial 1123 finished with value: 0.9795833333333334 and parameters: {'tree_method': 'gpu_hist', 'lambda': 0.707332112815309, 'alpha': 0.024789854202538646, 'colsample_bytree': 0.4340256447751063, 'subsample': 0.8808639085654504, 'learning_rate': 0.0805969698011591, 'max_depth': 5, 'min_child_weight': 1, 'eval_metric': 'logloss'}. Best is trial 425 with value: 0.9801333333333333.
start listen on 10.110.42.71:44291
@tracker All of 1 nodes getting started
@tracker All nodes finishes job
start listen on 10.110.42.71:49713
@tracker All of 1 nodes getting started
@tracker All nodes finishes job
start listen on 10.110.42.71:38865
@tracker All of 1 nodes getting started
@tracker All nodes finishes job
start listen on 10.110.42.71:54727
@tracker All of 1 nodes getting started
@tracker All nodes finishes job
start listen on 10.110.42.71:58277
@tracker All of 1 nodes getting started
@tracker All nodes finishes job
Trial 1124 finished with value: 0.9755833333333334 and parameters: {'tree_method': 'gpu_hist', 'lambda': 0.5117412266763441, 'alpha': 0.008959608878609228, 'colsample_bytree': 0.39270285753154044, 'subsample': 0.8912165614036356, 'learning_rate': 0.02794463836700579, 'max_depth': 5, 'min_child_weight': 7, 'eval_metric': 'logloss'}. Best is trial 425 with value: 0.9801333333333333.
start listen on 10.110.42.71:33499
@tracker All of 1 nodes getting started
@tracker All nodes finishes job
start listen on 10.110.42.71:47145
@tracker All of 1 nodes getting started
@tracker All nodes finishes job
start listen on 10.110.42.71:46003
@tracker All of 1 nodes getting started
@tracker All nodes finishes job
start listen on 10.110.42.71:48099
@tracker All of 1 nodes getting started
@tracker All nodes finishes job
start listen on 10.110.42.71:41853
@tracker All of 1 nodes getting started
@tracker All nodes finishes job
Trial 1125 finished with value: 0.9772 and parameters: {'tree_method': 'gpu_hist', 'lambda': 0.0469276342686135, 'alpha': 0.019181237193452463, 'colsample_bytree': 0.3806716214718714, 'subsample': 0.8573640449129677, 'learning_rate': 0.07307156901280418, 'max_depth': 13, 'min_child_weight': 11, 'eval_metric': 'logloss'}. Best is trial 425 with value: 0.9801333333333333.

Traceback (most recent call last):
  File "/home/btunguz/.local/lib/python3.8/site-packages/distributed/utils.py", line 778, in wrapper
    return await func(*args, **kwargs)
  File "/home/btunguz/.local/lib/python3.8/site-packages/distributed/client.py", line 1211, in _reconnect
    await self._ensure_connected(timeout=timeout)
  File "/home/btunguz/.local/lib/python3.8/site-packages/distributed/client.py", line 1241, in _ensure_connected
    comm = await connect(
  File "/home/btunguz/.local/lib/python3.8/site-packages/distributed/comm/core.py", line 315, in connect
    await asyncio.sleep(backoff)
  File "/usr/lib/python3.8/asyncio/tasks.py", line 659, in sleep
    return await future
asyncio.exceptions.CancelledError

Traceback (most recent call last):
  File "/home/btunguz/.local/lib/python3.8/site-packages/distributed/utils.py", line 778, in wrapper
    return await func(*args, **kwargs)
  File "/home/btunguz/.local/lib/python3.8/site-packages/distributed/client.py", line 1400, in _handle_report
    await self._reconnect()
  File "/home/btunguz/.local/lib/python3.8/site-packages/distributed/utils.py", line 778, in wrapper
    return await func(*args, **kwargs)
  File "/home/btunguz/.local/lib/python3.8/site-packages/distributed/client.py", line 1211, in _reconnect
    await self._ensure_connected(timeout=timeout)
  File "/home/btunguz/.local/lib/python3.8/site-packages/distributed/client.py", line 1241, in _ensure_connected
    comm = await connect(
  File "/home/btunguz/.local/lib/python3.8/site-packages/distributed/comm/core.py", line 315, in connect
    await asyncio.sleep(backoff)
  File "/usr/lib/python3.8/asyncio/tasks.py", line 659, in sleep
    return await future
asyncio.exceptions.CancelledError
