Trial 437 finished with value: 0.9779166666666667 and parameters: {'tree_method': 'gpu_hist', 'lambda': 0.5117200842246731, 'alpha': 0.018397876093437036, 'colsample_bytree': 0.4580236441822341, 'subsample': 0.929397589346251, 'learning_rate': 0.08511870161641656, 'max_depth': 5, 'min_child_weight': 7, 'eval_metric': 'logloss'}. Best is trial 425 with value: 0.9801333333333333.
start listen on 10.110.42.71:47417
@tracker All of 1 nodes getting started
@tracker All nodes finishes job
start listen on 10.110.42.71:37617
@tracker All of 1 nodes getting started
@tracker All nodes finishes job
start listen on 10.110.42.71:36917
@tracker All of 1 nodes getting started
@tracker All nodes finishes job
start listen on 10.110.42.71:47521
@tracker All of 1 nodes getting started
@tracker All nodes finishes job
start listen on 10.110.42.71:53347
@tracker All of 1 nodes getting started
@tracker All nodes finishes job
Trial 438 finished with value: 0.9795 and parameters: {'tree_method': 'gpu_hist', 'lambda': 0.9464045340970811, 'alpha': 0.02349862380314647, 'colsample_bytree': 0.46623949878678383, 'subsample': 0.9187345757506941, 'learning_rate': 0.0689386642970771, 'max_depth': 5, 'min_child_weight': 1, 'eval_metric': 'logloss'}. Best is trial 425 with value: 0.9801333333333333.
start listen on 10.110.42.71:56179
@tracker All of 1 nodes getting started
@tracker All nodes finishes job
start listen on 10.110.42.71:41307
@tracker All of 1 nodes getting started
@tracker All nodes finishes job
start listen on 10.110.42.71:50045
@tracker All of 1 nodes getting started
@tracker All nodes finishes job
start listen on 10.110.42.71:46707
@tracker All of 1 nodes getting started
@tracker All nodes finishes job
start listen on 10.110.42.71:47267
@tracker All of 1 nodes getting started
@tracker All nodes finishes job
Trial 439 finished with value: 0.9368 and parameters: {'tree_method': 'gpu_hist', 'lambda': 1.1411727143624046, 'alpha': 0.028725822684792825, 'colsample_bytree': 0.44054776419374403, 'subsample': 0.9417384573644942, 'learning_rate': 0.00320112583456898, 'max_depth': 5, 'min_child_weight': 12, 'eval_metric': 'logloss'}. Best is trial 425 with value: 0.9801333333333333.
start listen on 10.110.42.71:39845
@tracker All of 1 nodes getting started
@tracker All nodes finishes job
start listen on 10.110.42.71:44029
@tracker All of 1 nodes getting started
@tracker All nodes finishes job
start listen on 10.110.42.71:60481
@tracker All of 1 nodes getting started
@tracker All nodes finishes job
start listen on 10.110.42.71:58017
@tracker All of 1 nodes getting started
@tracker All nodes finishes job
start listen on 10.110.42.71:52433
@tracker All of 1 nodes getting started
@tracker All nodes finishes job
Trial 440 finished with value: 0.97735 and parameters: {'tree_method': 'gpu_hist', 'lambda': 0.7191774899783887, 'alpha': 0.08686963695227516, 'colsample_bytree': 0.4792746343063614, 'subsample': 0.5658158971113907, 'learning_rate': 0.07941293771440548, 'max_depth': 5, 'min_child_weight': 6, 'eval_metric': 'logloss'}. Best is trial 425 with value: 0.9801333333333333.
start listen on 10.110.42.71:60251
@tracker All of 1 nodes getting started
@tracker All nodes finishes job
start listen on 10.110.42.71:44427
@tracker All of 1 nodes getting started
@tracker All nodes finishes job
start listen on 10.110.42.71:58527
@tracker All of 1 nodes getting started
@tracker All nodes finishes job
start listen on 10.110.42.71:60963
@tracker All of 1 nodes getting started
@tracker All nodes finishes job
start listen on 10.110.42.71:38075
@tracker All of 1 nodes getting started
@tracker All nodes finishes job
Trial 441 finished with value: 0.9760833333333333 and parameters: {'tree_method': 'gpu_hist', 'lambda': 0.5901306366550262, 'alpha': 0.01428611782492929, 'colsample_bytree': 0.4522371966083651, 'subsample': 0.9169362950688588, 'learning_rate': 0.09992007400886824, 'max_depth': 9, 'min_child_weight': 22, 'eval_metric': 'logloss'}. Best is trial 425 with value: 0.9801333333333333.
start listen on 10.110.42.71:58151
@tracker All of 1 nodes getting started
@tracker All nodes finishes job
start listen on 10.110.42.71:33391
@tracker All of 1 nodes getting started
@tracker All nodes finishes job
start listen on 10.110.42.71:36695
@tracker All of 1 nodes getting started
@tracker All nodes finishes job
start listen on 10.110.42.71:39495
@tracker All of 1 nodes getting started
@tracker All nodes finishes job
start listen on 10.110.42.71:40671
@tracker All of 1 nodes getting started
@tracker All nodes finishes job
Trial 442 finished with value: 0.97915 and parameters: {'tree_method': 'gpu_hist', 'lambda': 0.9191797657696573, 'alpha': 0.020565416022787233, 'colsample_bytree': 0.48126296810220376, 'subsample': 0.9557484655063126, 'learning_rate': 0.08868798871873688, 'max_depth': 5, 'min_child_weight': 1, 'eval_metric': 'logloss'}. Best is trial 425 with value: 0.9801333333333333.
start listen on 10.110.42.71:48005
@tracker All of 1 nodes getting started
@tracker All nodes finishes job
start listen on 10.110.42.71:51567
@tracker All of 1 nodes getting started
@tracker All nodes finishes job
start listen on 10.110.42.71:38607
@tracker All of 1 nodes getting started
@tracker All nodes finishes job
start listen on 10.110.42.71:33513
@tracker All of 1 nodes getting started
@tracker All nodes finishes job
start listen on 10.110.42.71:35743
@tracker All of 1 nodes getting started
@tracker All nodes finishes job
Trial 443 finished with value: 0.9774 and parameters: {'tree_method': 'gpu_hist', 'lambda': 0.8096292834484534, 'alpha': 0.11907799123470245, 'colsample_bytree': 0.44317814994064614, 'subsample': 0.9357112630124569, 'learning_rate': 0.07448080047213565, 'max_depth': 5, 'min_child_weight': 10, 'eval_metric': 'logloss'}. Best is trial 425 with value: 0.9801333333333333.
start listen on 10.110.42.71:41427
@tracker All of 1 nodes getting started
@tracker All nodes finishes job
start listen on 10.110.42.71:59649
@tracker All of 1 nodes getting started
@tracker All nodes finishes job
start listen on 10.110.42.71:59695
@tracker All of 1 nodes getting started
@tracker All nodes finishes job
start listen on 10.110.42.71:35893
@tracker All of 1 nodes getting started
@tracker All nodes finishes job
start listen on 10.110.42.71:43281
@tracker All of 1 nodes getting started
@tracker All nodes finishes job
Trial 444 finished with value: 0.9767333333333333 and parameters: {'tree_method': 'gpu_hist', 'lambda': 1.144688378226093, 'alpha': 0.0019318017923477503, 'colsample_bytree': 0.6648176420862959, 'subsample': 0.964966360720291, 'learning_rate': 0.0877957591969779, 'max_depth': 11, 'min_child_weight': 17, 'eval_metric': 'logloss'}. Best is trial 425 with value: 0.9801333333333333.
start listen on 10.110.42.71:57861
@tracker All of 1 nodes getting started
@tracker All nodes finishes job
start listen on 10.110.42.71:37361
@tracker All of 1 nodes getting started
@tracker All nodes finishes job
start listen on 10.110.42.71:57457
@tracker All of 1 nodes getting started
@tracker All nodes finishes job
start listen on 10.110.42.71:51933
@tracker All of 1 nodes getting started
@tracker All nodes finishes job
start listen on 10.110.42.71:58347
@tracker All of 1 nodes getting started
@tracker All nodes finishes job
Trial 445 finished with value: 0.97315 and parameters: {'tree_method': 'gpu_hist', 'lambda': 0.6167429686149881, 'alpha': 0.016620741157763023, 'colsample_bytree': 0.35884348985273123, 'subsample': 0.9891774063562868, 'learning_rate': 0.07964791179784286, 'max_depth': 3, 'min_child_weight': 7, 'eval_metric': 'logloss'}. Best is trial 425 with value: 0.9801333333333333.
start listen on 10.110.42.71:39117
@tracker All of 1 nodes getting started
@tracker All nodes finishes job
start listen on 10.110.42.71:55507
@tracker All of 1 nodes getting started
@tracker All nodes finishes job
start listen on 10.110.42.71:34413
@tracker All of 1 nodes getting started
@tracker All nodes finishes job
start listen on 10.110.42.71:40073
@tracker All of 1 nodes getting started
@tracker All nodes finishes job
start listen on 10.110.42.71:43389
@tracker All of 1 nodes getting started
@tracker All nodes finishes job
Trial 446 finished with value: 0.9795833333333334 and parameters: {'tree_method': 'gpu_hist', 'lambda': 0.7461347711382604, 'alpha': 0.0398960036630035, 'colsample_bytree': 0.46715151666786553, 'subsample': 0.9471027416486016, 'learning_rate': 0.06581342436819955, 'max_depth': 5, 'min_child_weight': 1, 'eval_metric': 'logloss'}. Best is trial 425 with value: 0.9801333333333333.
start listen on 10.110.42.71:57515
@tracker All of 1 nodes getting started
@tracker All nodes finishes job
start listen on 10.110.42.71:34049
@tracker All of 1 nodes getting started
@tracker All nodes finishes job
start listen on 10.110.42.71:38123
@tracker All of 1 nodes getting started
@tracker All nodes finishes job
start listen on 10.110.42.71:54583
@tracker All of 1 nodes getting started
@tracker All nodes finishes job
start listen on 10.110.42.71:36529
@tracker All of 1 nodes getting started
@tracker All nodes finishes job
Trial 447 finished with value: 0.9673333333333334 and parameters: {'tree_method': 'gpu_hist', 'lambda': 0.9937251226177081, 'alpha': 0.05022943059319235, 'colsample_bytree': 0.386585720096608, 'subsample': 0.8962234298650729, 'learning_rate': 0.01325374551265436, 'max_depth': 5, 'min_child_weight': 11, 'eval_metric': 'logloss'}. Best is trial 425 with value: 0.9801333333333333.
start listen on 10.110.42.71:33775
@tracker All of 1 nodes getting started
@tracker All nodes finishes job
start listen on 10.110.42.71:48893
@tracker All of 1 nodes getting started
@tracker All nodes finishes job
start listen on 10.110.42.71:36659
@tracker All of 1 nodes getting started
@tracker All nodes finishes job
start listen on 10.110.42.71:36937
@tracker All of 1 nodes getting started
@tracker All nodes finishes job
start listen on 10.110.42.71:60039
@tracker All of 1 nodes getting started
@tracker All nodes finishes job
Trial 448 finished with value: 0.9773333333333334 and parameters: {'tree_method': 'gpu_hist', 'lambda': 0.5056936363786427, 'alpha': 0.02521846756322878, 'colsample_bytree': 0.43050385781991335, 'subsample': 0.9267695454816701, 'learning_rate': 0.09184094756841597, 'max_depth': 15, 'min_child_weight': 7, 'eval_metric': 'logloss'}. Best is trial 425 with value: 0.9801333333333333.
start listen on 10.110.42.71:49709
@tracker All of 1 nodes getting started
@tracker All nodes finishes job
start listen on 10.110.42.71:43807
@tracker All of 1 nodes getting started
@tracker All nodes finishes job
start listen on 10.110.42.71:39075
@tracker All of 1 nodes getting started
@tracker All nodes finishes job
start listen on 10.110.42.71:55771
@tracker All of 1 nodes getting started
@tracker All nodes finishes job
start listen on 10.110.42.71:35477
@tracker All of 1 nodes getting started
@tracker All nodes finishes job
Trial 449 finished with value: 0.9796833333333334 and parameters: {'tree_method': 'gpu_hist', 'lambda': 0.6829135925189597, 'alpha': 0.012899642874539444, 'colsample_bytree': 0.463625836286413, 'subsample': 0.9060373698044538, 'learning_rate': 0.07124514042649097, 'max_depth': 5, 'min_child_weight': 1, 'eval_metric': 'logloss'}. Best is trial 425 with value: 0.9801333333333333.
start listen on 10.110.42.71:40365
@tracker All of 1 nodes getting started
@tracker All nodes finishes job
start listen on 10.110.42.71:35445
@tracker All of 1 nodes getting started
@tracker All nodes finishes job
start listen on 10.110.42.71:38753
@tracker All of 1 nodes getting started
@tracker All nodes finishes job
start listen on 10.110.42.71:35821
@tracker All of 1 nodes getting started
@tracker All nodes finishes job
start listen on 10.110.42.71:56245
@tracker All of 1 nodes getting started
@tracker All nodes finishes job
Trial 450 finished with value: 0.9750166666666666 and parameters: {'tree_method': 'gpu_hist', 'lambda': 0.8556981095901789, 'alpha': 0.019102196602342917, 'colsample_bytree': 0.863097777992185, 'subsample': 0.9822881451177085, 'learning_rate': 0.0823313750917722, 'max_depth': 5, 'min_child_weight': 28, 'eval_metric': 'logloss'}. Best is trial 425 with value: 0.9801333333333333.
start listen on 10.110.42.71:39769
@tracker All of 1 nodes getting started
@tracker All nodes finishes job
start listen on 10.110.42.71:47027
@tracker All of 1 nodes getting started
@tracker All nodes finishes job
start listen on 10.110.42.71:41709
@tracker All of 1 nodes getting started
@tracker All nodes finishes job
start listen on 10.110.42.71:41813
@tracker All of 1 nodes getting started
@tracker All nodes finishes job
start listen on 10.110.42.71:32923
@tracker All of 1 nodes getting started
@tracker All nodes finishes job
Trial 451 finished with value: 0.9763166666666667 and parameters: {'tree_method': 'gpu_hist', 'lambda': 1.1122793324813327, 'alpha': 0.03431751902623646, 'colsample_bytree': 0.6180061357359667, 'subsample': 0.9648792084125045, 'learning_rate': 0.09263970635740355, 'max_depth': 5, 'min_child_weight': 17, 'eval_metric': 'logloss'}. Best is trial 425 with value: 0.9801333333333333.
start listen on 10.110.42.71:40229
@tracker All of 1 nodes getting started
@tracker All nodes finishes job
start listen on 10.110.42.71:55423
@tracker All of 1 nodes getting started
@tracker All nodes finishes job
start listen on 10.110.42.71:49987
@tracker All of 1 nodes getting started
@tracker All nodes finishes job
start listen on 10.110.42.71:47809
@tracker All of 1 nodes getting started
@tracker All nodes finishes job
start listen on 10.110.42.71:59007
@tracker All of 1 nodes getting started
@tracker All nodes finishes job
Trial 452 finished with value: 0.9781833333333333 and parameters: {'tree_method': 'gpu_hist', 'lambda': 0.5804354604230458, 'alpha': 0.015858918698974694, 'colsample_bytree': 0.49630173367141656, 'subsample': 0.9150989429466626, 'learning_rate': 0.09929245345664385, 'max_depth': 5, 'min_child_weight': 7, 'eval_metric': 'logloss'}. Best is trial 425 with value: 0.9801333333333333.
start listen on 10.110.42.71:33101
@tracker All of 1 nodes getting started
@tracker All nodes finishes job
start listen on 10.110.42.71:58893
@tracker All of 1 nodes getting started
@tracker All nodes finishes job
start listen on 10.110.42.71:60353
@tracker All of 1 nodes getting started
@tracker All nodes finishes job
start listen on 10.110.42.71:35259
@tracker All of 1 nodes getting started
@tracker All nodes finishes job
start listen on 10.110.42.71:51617
@tracker All of 1 nodes getting started
@tracker All nodes finishes job
Trial 453 finished with value: 0.9768 and parameters: {'tree_method': 'gpu_hist', 'lambda': 1.4113686217076744, 'alpha': 0.021721689936840528, 'colsample_bytree': 0.4549057214456088, 'subsample': 0.8960863713240791, 'learning_rate': 0.07410913369384552, 'max_depth': 13, 'min_child_weight': 11, 'eval_metric': 'logloss'}. Best is trial 425 with value: 0.9801333333333333.
start listen on 10.110.42.71:41215
@tracker All of 1 nodes getting started
@tracker All nodes finishes job
start listen on 10.110.42.71:43849
@tracker All of 1 nodes getting started
@tracker All nodes finishes job
start listen on 10.110.42.71:56597
@tracker All of 1 nodes getting started
@tracker All nodes finishes job
start listen on 10.110.42.71:47603
@tracker All of 1 nodes getting started
@tracker All nodes finishes job
start listen on 10.110.42.71:58231
@tracker All of 1 nodes getting started
@tracker All nodes finishes job
Trial 454 finished with value: 0.9797833333333333 and parameters: {'tree_method': 'gpu_hist', 'lambda': 0.8999429405171878, 'alpha': 0.02941659795730886, 'colsample_bytree': 0.4397469287859619, 'subsample': 0.9743042793256644, 'learning_rate': 0.084048628608243, 'max_depth': 5, 'min_child_weight': 1, 'eval_metric': 'logloss'}. Best is trial 425 with value: 0.9801333333333333.
start listen on 10.110.42.71:49609
@tracker All of 1 nodes getting started
@tracker All nodes finishes job
start listen on 10.110.42.71:45551
@tracker All of 1 nodes getting started
@tracker All nodes finishes job
start listen on 10.110.42.71:46979
@tracker All of 1 nodes getting started
@tracker All nodes finishes job
start listen on 10.110.42.71:36343
@tracker All of 1 nodes getting started
@tracker All nodes finishes job
start listen on 10.110.42.71:44933
@tracker All of 1 nodes getting started
@tracker All nodes finishes job
Trial 455 finished with value: 0.97835 and parameters: {'tree_method': 'gpu_hist', 'lambda': 0.735374007264779, 'alpha': 0.031483279106584425, 'colsample_bytree': 0.44084171879511735, 'subsample': 0.9891017884792607, 'learning_rate': 0.08664941822587863, 'max_depth': 5, 'min_child_weight': 6, 'eval_metric': 'logloss'}. Best is trial 425 with value: 0.9801333333333333.
start listen on 10.110.42.71:53001
@tracker All of 1 nodes getting started
@tracker All nodes finishes job
start listen on 10.110.42.71:51907
@tracker All of 1 nodes getting started
@tracker All nodes finishes job
start listen on 10.110.42.71:55761
@tracker All of 1 nodes getting started
@tracker All nodes finishes job
start listen on 10.110.42.71:58571
@tracker All of 1 nodes getting started
@tracker All nodes finishes job
start listen on 10.110.42.71:45937
@tracker All of 1 nodes getting started
@tracker All nodes finishes job
Trial 456 finished with value: 0.977 and parameters: {'tree_method': 'gpu_hist', 'lambda': 0.5081577093437506, 'alpha': 0.02842656652572831, 'colsample_bytree': 0.4234229064934687, 'subsample': 0.9740149155225951, 'learning_rate': 0.08459877853368306, 'max_depth': 5, 'min_child_weight': 14, 'eval_metric': 'logloss'}. Best is trial 425 with value: 0.9801333333333333.
start listen on 10.110.42.71:52333
@tracker All of 1 nodes getting started
@tracker All nodes finishes job
start listen on 10.110.42.71:35533
@tracker All of 1 nodes getting started
@tracker All nodes finishes job
start listen on 10.110.42.71:49415
@tracker All of 1 nodes getting started
@tracker All nodes finishes job
start listen on 10.110.42.71:49083
@tracker All of 1 nodes getting started
@tracker All nodes finishes job
start listen on 10.110.42.71:45317
@tracker All of 1 nodes getting started
@tracker All nodes finishes job
Trial 457 finished with value: 0.9792833333333333 and parameters: {'tree_method': 'gpu_hist', 'lambda': 0.9359417709307473, 'alpha': 0.045907956448515565, 'colsample_bytree': 0.41115800808514885, 'subsample': 0.9584735411994956, 'learning_rate': 0.06066998912113594, 'max_depth': 5, 'min_child_weight': 1, 'eval_metric': 'logloss'}. Best is trial 425 with value: 0.9801333333333333.
start listen on 10.110.42.71:36577
@tracker All of 1 nodes getting started
@tracker All nodes finishes job
start listen on 10.110.42.71:39493
@tracker All of 1 nodes getting started
@tracker All nodes finishes job
start listen on 10.110.42.71:49223
@tracker All of 1 nodes getting started
@tracker All nodes finishes job
start listen on 10.110.42.71:36201
@tracker All of 1 nodes getting started
@tracker All nodes finishes job
start listen on 10.110.42.71:50007
@tracker All of 1 nodes getting started
@tracker All nodes finishes job
Trial 458 finished with value: 0.9781166666666666 and parameters: {'tree_method': 'gpu_hist', 'lambda': 4.635319465885541, 'alpha': 0.025563626687555276, 'colsample_bytree': 0.4332084920186088, 'subsample': 0.9746989557041102, 'learning_rate': 0.09120832353953233, 'max_depth': 5, 'min_child_weight': 7, 'eval_metric': 'logloss'}. Best is trial 425 with value: 0.9801333333333333.
start listen on 10.110.42.71:38229
@tracker All of 1 nodes getting started
@tracker All nodes finishes job
start listen on 10.110.42.71:36239
@tracker All of 1 nodes getting started
@tracker All nodes finishes job
start listen on 10.110.42.71:32841
@tracker All of 1 nodes getting started
@tracker All nodes finishes job
start listen on 10.110.42.71:41287
@tracker All of 1 nodes getting started
@tracker All nodes finishes job
start listen on 10.110.42.71:59683
@tracker All of 1 nodes getting started
@tracker All nodes finishes job
Trial 459 finished with value: 0.9774 and parameters: {'tree_method': 'gpu_hist', 'lambda': 0.6363289187919283, 'alpha': 0.031307853384933075, 'colsample_bytree': 0.3984374172877861, 'subsample': 0.9511765936951387, 'learning_rate': 0.08014717567117523, 'max_depth': 5, 'min_child_weight': 12, 'eval_metric': 'logloss'}. Best is trial 425 with value: 0.9801333333333333.
start listen on 10.110.42.71:57089
@tracker All of 1 nodes getting started
@tracker All nodes finishes job
start listen on 10.110.42.71:35787
@tracker All of 1 nodes getting started
@tracker All nodes finishes job
start listen on 10.110.42.71:53467
@tracker All of 1 nodes getting started
@tracker All nodes finishes job
start listen on 10.110.42.71:43789
@tracker All of 1 nodes getting started
@tracker All nodes finishes job
start listen on 10.110.42.71:48597
@tracker All of 1 nodes getting started
@tracker All nodes finishes job
Trial 460 finished with value: 0.9794666666666667 and parameters: {'tree_method': 'gpu_hist', 'lambda': 1.1906235488059234, 'alpha': 0.03643952395365674, 'colsample_bytree': 0.48179262367121606, 'subsample': 0.8882915788717071, 'learning_rate': 0.07387549434106089, 'max_depth': 5, 'min_child_weight': 1, 'eval_metric': 'logloss'}. Best is trial 425 with value: 0.9801333333333333.
start listen on 10.110.42.71:50011
@tracker All of 1 nodes getting started
@tracker All nodes finishes job
start listen on 10.110.42.71:43525
@tracker All of 1 nodes getting started
@tracker All nodes finishes job
start listen on 10.110.42.71:35117
@tracker All of 1 nodes getting started
@tracker All nodes finishes job
start listen on 10.110.42.71:41965
@tracker All of 1 nodes getting started
@tracker All nodes finishes job
start listen on 10.110.42.71:56877
@tracker All of 1 nodes getting started
@tracker All nodes finishes job
