Trial 869 finished with value: 0.9796166666666667 and parameters: {'tree_method': 'gpu_hist', 'lambda': 0.06280903404845073, 'alpha': 0.026955467768948842, 'colsample_bytree': 0.36417841095009257, 'subsample': 0.893180093981615, 'learning_rate': 0.09257570653676576, 'max_depth': 5, 'min_child_weight': 1, 'eval_metric': 'logloss'}. Best is trial 425 with value: 0.9801333333333333.
start listen on 10.110.42.71:41023
@tracker All of 1 nodes getting started
@tracker All nodes finishes job
start listen on 10.110.42.71:51921
@tracker All of 1 nodes getting started
@tracker All nodes finishes job
start listen on 10.110.42.71:58615
@tracker All of 1 nodes getting started
@tracker All nodes finishes job
start listen on 10.110.42.71:35045
@tracker All of 1 nodes getting started
@tracker All nodes finishes job
start listen on 10.110.42.71:53103
@tracker All of 1 nodes getting started
@tracker All nodes finishes job
Trial 870 finished with value: 0.9768 and parameters: {'tree_method': 'gpu_hist', 'lambda': 0.10641097728812834, 'alpha': 0.04208689634177321, 'colsample_bytree': 0.508511561078227, 'subsample': 0.9130415032326374, 'learning_rate': 0.08680089109269637, 'max_depth': 13, 'min_child_weight': 7, 'eval_metric': 'logloss'}. Best is trial 425 with value: 0.9801333333333333.
start listen on 10.110.42.71:57937
@tracker All of 1 nodes getting started
@tracker All nodes finishes job
start listen on 10.110.42.71:57987
@tracker All of 1 nodes getting started
@tracker All nodes finishes job
start listen on 10.110.42.71:60873
@tracker All of 1 nodes getting started
@tracker All nodes finishes job
start listen on 10.110.42.71:60515
@tracker All of 1 nodes getting started
@tracker All nodes finishes job
start listen on 10.110.42.71:33555
@tracker All of 1 nodes getting started
@tracker All nodes finishes job
Trial 871 finished with value: 0.9769666666666666 and parameters: {'tree_method': 'gpu_hist', 'lambda': 0.011647656726824664, 'alpha': 0.007681046772418917, 'colsample_bytree': 0.44561551368715147, 'subsample': 0.8741573984383083, 'learning_rate': 0.07691759096527906, 'max_depth': 5, 'min_child_weight': 11, 'eval_metric': 'logloss'}. Best is trial 425 with value: 0.9801333333333333.
start listen on 10.110.42.71:56325
@tracker All of 1 nodes getting started
@tracker All nodes finishes job
start listen on 10.110.42.71:35995
@tracker All of 1 nodes getting started
@tracker All nodes finishes job
start listen on 10.110.42.71:47749
@tracker All of 1 nodes getting started
@tracker All nodes finishes job
start listen on 10.110.42.71:48655
@tracker All of 1 nodes getting started
@tracker All nodes finishes job
start listen on 10.110.42.71:39499
@tracker All of 1 nodes getting started
@tracker All nodes finishes job
Trial 872 finished with value: 0.9761 and parameters: {'tree_method': 'gpu_hist', 'lambda': 0.6209310994309597, 'alpha': 0.003802229387751098, 'colsample_bytree': 0.4620082443646371, 'subsample': 0.8847998062642943, 'learning_rate': 0.08107337820662915, 'max_depth': 5, 'min_child_weight': 22, 'eval_metric': 'logloss'}. Best is trial 425 with value: 0.9801333333333333.
start listen on 10.110.42.71:32935
@tracker All of 1 nodes getting started
@tracker All nodes finishes job
start listen on 10.110.42.71:53239
@tracker All of 1 nodes getting started
@tracker All nodes finishes job
start listen on 10.110.42.71:55833
@tracker All of 1 nodes getting started
@tracker All nodes finishes job
start listen on 10.110.42.71:54937
@tracker All of 1 nodes getting started
@tracker All nodes finishes job
start listen on 10.110.42.71:47303
@tracker All of 1 nodes getting started
@tracker All nodes finishes job
Trial 873 finished with value: 0.9796833333333334 and parameters: {'tree_method': 'gpu_hist', 'lambda': 0.04911850018280286, 'alpha': 0.017910877710629408, 'colsample_bytree': 0.4930918093034621, 'subsample': 0.9038934934115979, 'learning_rate': 0.09973721860932597, 'max_depth': 5, 'min_child_weight': 1, 'eval_metric': 'logloss'}. Best is trial 425 with value: 0.9801333333333333.
start listen on 10.110.42.71:46081
@tracker All of 1 nodes getting started
@tracker All nodes finishes job
start listen on 10.110.42.71:60919
@tracker All of 1 nodes getting started
@tracker All nodes finishes job
start listen on 10.110.42.71:42117
@tracker All of 1 nodes getting started
@tracker All nodes finishes job
start listen on 10.110.42.71:46099
@tracker All of 1 nodes getting started
@tracker All nodes finishes job
start listen on 10.110.42.71:52769
@tracker All of 1 nodes getting started
@tracker All nodes finishes job
Trial 874 finished with value: 0.9345333333333333 and parameters: {'tree_method': 'gpu_hist', 'lambda': 0.5066917246663605, 'alpha': 0.021743223942951657, 'colsample_bytree': 0.37964069053282384, 'subsample': 0.9218429739304148, 'learning_rate': 0.002813647383678793, 'max_depth': 5, 'min_child_weight': 7, 'eval_metric': 'logloss'}. Best is trial 425 with value: 0.9801333333333333.
start listen on 10.110.42.71:38773
@tracker All of 1 nodes getting started
@tracker All nodes finishes job
start listen on 10.110.42.71:45343
@tracker All of 1 nodes getting started
@tracker All nodes finishes job
start listen on 10.110.42.71:57493
@tracker All of 1 nodes getting started
@tracker All nodes finishes job
start listen on 10.110.42.71:45307
@tracker All of 1 nodes getting started
@tracker All nodes finishes job
start listen on 10.110.42.71:54389
@tracker All of 1 nodes getting started
@tracker All nodes finishes job
Trial 875 finished with value: 0.9772 and parameters: {'tree_method': 'gpu_hist', 'lambda': 1.1255629099041822, 'alpha': 0.01602085080757364, 'colsample_bytree': 0.40720053739828754, 'subsample': 0.9399305872634146, 'learning_rate': 0.06510645223830305, 'max_depth': 5, 'min_child_weight': 14, 'eval_metric': 'logloss'}. Best is trial 425 with value: 0.9801333333333333.
start listen on 10.110.42.71:55801
@tracker All of 1 nodes getting started
@tracker All nodes finishes job
start listen on 10.110.42.71:37381
@tracker All of 1 nodes getting started
@tracker All nodes finishes job
start listen on 10.110.42.71:42681
@tracker All of 1 nodes getting started
@tracker All nodes finishes job
start listen on 10.110.42.71:56805
@tracker All of 1 nodes getting started
@tracker All nodes finishes job
start listen on 10.110.42.71:46949
@tracker All of 1 nodes getting started
@tracker All nodes finishes job
Trial 876 finished with value: 0.97815 and parameters: {'tree_method': 'gpu_hist', 'lambda': 0.8467321153717174, 'alpha': 0.01116856160151568, 'colsample_bytree': 0.42190986605497705, 'subsample': 0.8582804862676736, 'learning_rate': 0.07156222595279146, 'max_depth': 5, 'min_child_weight': 6, 'eval_metric': 'logloss'}. Best is trial 425 with value: 0.9801333333333333.
start listen on 10.110.42.71:56999
@tracker All of 1 nodes getting started
@tracker All nodes finishes job
start listen on 10.110.42.71:45553
@tracker All of 1 nodes getting started
@tracker All nodes finishes job
start listen on 10.110.42.71:39269
@tracker All of 1 nodes getting started
@tracker All nodes finishes job
start listen on 10.110.42.71:33477
@tracker All of 1 nodes getting started
@tracker All nodes finishes job
start listen on 10.110.42.71:59207
@tracker All of 1 nodes getting started
@tracker All nodes finishes job
Trial 877 finished with value: 0.9792666666666666 and parameters: {'tree_method': 'gpu_hist', 'lambda': 0.08433933458423212, 'alpha': 0.03085743078954745, 'colsample_bytree': 0.8515976674769616, 'subsample': 0.8952849328570225, 'learning_rate': 0.09986519449017894, 'max_depth': 5, 'min_child_weight': 1, 'eval_metric': 'logloss'}. Best is trial 425 with value: 0.9801333333333333.
start listen on 10.110.42.71:56097
@tracker All of 1 nodes getting started
@tracker All nodes finishes job
start listen on 10.110.42.71:52305
@tracker All of 1 nodes getting started
@tracker All nodes finishes job
start listen on 10.110.42.71:56365
@tracker All of 1 nodes getting started
@tracker All nodes finishes job
start listen on 10.110.42.71:55571
@tracker All of 1 nodes getting started
@tracker All nodes finishes job
start listen on 10.110.42.71:38171
@tracker All of 1 nodes getting started
@tracker All nodes finishes job
Trial 878 finished with value: 0.9773833333333334 and parameters: {'tree_method': 'gpu_hist', 'lambda': 0.06785486680959413, 'alpha': 0.018353547237250453, 'colsample_bytree': 0.37005802910637103, 'subsample': 0.9088922308109586, 'learning_rate': 0.08681215199504906, 'max_depth': 5, 'min_child_weight': 11, 'eval_metric': 'logloss'}. Best is trial 425 with value: 0.9801333333333333.
start listen on 10.110.42.71:44585
@tracker All of 1 nodes getting started
@tracker All nodes finishes job
start listen on 10.110.42.71:46839
@tracker All of 1 nodes getting started
@tracker All nodes finishes job
start listen on 10.110.42.71:57607
@tracker All of 1 nodes getting started
@tracker All nodes finishes job
start listen on 10.110.42.71:53893
@tracker All of 1 nodes getting started
@tracker All nodes finishes job
start listen on 10.110.42.71:60305
@tracker All of 1 nodes getting started
@tracker All nodes finishes job
Trial 879 finished with value: 0.9756166666666667 and parameters: {'tree_method': 'gpu_hist', 'lambda': 0.13765129171547683, 'alpha': 0.013985938524536157, 'colsample_bytree': 0.3927962358620205, 'subsample': 0.6676137909609727, 'learning_rate': 0.07616046453160709, 'max_depth': 5, 'min_child_weight': 18, 'eval_metric': 'logloss'}. Best is trial 425 with value: 0.9801333333333333.
start listen on 10.110.42.71:58563
@tracker All of 1 nodes getting started
@tracker All nodes finishes job
start listen on 10.110.42.71:35437
@tracker All of 1 nodes getting started
@tracker All nodes finishes job
start listen on 10.110.42.71:55723
@tracker All of 1 nodes getting started
@tracker All nodes finishes job
start listen on 10.110.42.71:39121
@tracker All of 1 nodes getting started
@tracker All nodes finishes job
start listen on 10.110.42.71:60549
@tracker All of 1 nodes getting started
@tracker All nodes finishes job
Trial 880 finished with value: 0.9782666666666666 and parameters: {'tree_method': 'gpu_hist', 'lambda': 0.054424131927295255, 'alpha': 0.02264675984373523, 'colsample_bytree': 0.35295462210802525, 'subsample': 0.8888661884432413, 'learning_rate': 0.08765669343795478, 'max_depth': 5, 'min_child_weight': 6, 'eval_metric': 'logloss'}. Best is trial 425 with value: 0.9801333333333333.
start listen on 10.110.42.71:48509
@tracker All of 1 nodes getting started
@tracker All nodes finishes job
start listen on 10.110.42.71:53587
@tracker All of 1 nodes getting started
@tracker All nodes finishes job
start listen on 10.110.42.71:44709
@tracker All of 1 nodes getting started
@tracker All nodes finishes job
start listen on 10.110.42.71:40639
@tracker All of 1 nodes getting started
@tracker All nodes finishes job
start listen on 10.110.42.71:32789
@tracker All of 1 nodes getting started
@tracker All nodes finishes job
Trial 881 finished with value: 0.9772 and parameters: {'tree_method': 'gpu_hist', 'lambda': 0.7656769270080994, 'alpha': 0.009748047428749294, 'colsample_bytree': 0.44015293363089164, 'subsample': 0.8657139772729575, 'learning_rate': 0.06079009549428688, 'max_depth': 17, 'min_child_weight': 12, 'eval_metric': 'logloss'}. Best is trial 425 with value: 0.9801333333333333.
start listen on 10.110.42.71:37791
@tracker All of 1 nodes getting started
@tracker All nodes finishes job
start listen on 10.110.42.71:34947
@tracker All of 1 nodes getting started
@tracker All nodes finishes job
start listen on 10.110.42.71:39707
@tracker All of 1 nodes getting started
@tracker All nodes finishes job
start listen on 10.110.42.71:50693
@tracker All of 1 nodes getting started
@tracker All nodes finishes job
start listen on 10.110.42.71:44391
@tracker All of 1 nodes getting started
@tracker All nodes finishes job
Trial 882 finished with value: 0.9796 and parameters: {'tree_method': 'gpu_hist', 'lambda': 0.09954463108938673, 'alpha': 0.005802698183002191, 'colsample_bytree': 0.4029933891510864, 'subsample': 0.838889307464185, 'learning_rate': 0.0788658959995788, 'max_depth': 5, 'min_child_weight': 1, 'eval_metric': 'logloss'}. Best is trial 425 with value: 0.9801333333333333.
start listen on 10.110.42.71:51081
@tracker All of 1 nodes getting started
@tracker All nodes finishes job
start listen on 10.110.42.71:53133
@tracker All of 1 nodes getting started
@tracker All nodes finishes job
start listen on 10.110.42.71:40019
@tracker All of 1 nodes getting started
@tracker All nodes finishes job
start listen on 10.110.42.71:53695
@tracker All of 1 nodes getting started
@tracker All nodes finishes job
start listen on 10.110.42.71:49071
@tracker All of 1 nodes getting started
@tracker All nodes finishes job
Trial 883 finished with value: 0.9780666666666666 and parameters: {'tree_method': 'gpu_hist', 'lambda': 1.9706733693039062, 'alpha': 0.016697635032797087, 'colsample_bytree': 0.46407726659720255, 'subsample': 0.9141049383561352, 'learning_rate': 0.09338290198874576, 'max_depth': 7, 'min_child_weight': 7, 'eval_metric': 'logloss'}. Best is trial 425 with value: 0.9801333333333333.
start listen on 10.110.42.71:35509
@tracker All of 1 nodes getting started
@tracker All nodes finishes job
start listen on 10.110.42.71:46389
@tracker All of 1 nodes getting started
@tracker All nodes finishes job
start listen on 10.110.42.71:42461
@tracker All of 1 nodes getting started
@tracker All nodes finishes job
start listen on 10.110.42.71:51981
@tracker All of 1 nodes getting started
@tracker All nodes finishes job
start listen on 10.110.42.71:60151
@tracker All of 1 nodes getting started
@tracker All nodes finishes job
Trial 884 finished with value: 0.97915 and parameters: {'tree_method': 'gpu_hist', 'lambda': 0.9397526412265614, 'alpha': 0.17857916810680272, 'colsample_bytree': 0.4231525194295583, 'subsample': 0.4802923226823127, 'learning_rate': 0.0838131498352727, 'max_depth': 5, 'min_child_weight': 1, 'eval_metric': 'logloss'}. Best is trial 425 with value: 0.9801333333333333.
start listen on 10.110.42.71:52443
@tracker All of 1 nodes getting started
@tracker All nodes finishes job
start listen on 10.110.42.71:52313
@tracker All of 1 nodes getting started
@tracker All nodes finishes job
start listen on 10.110.42.71:38119
@tracker All of 1 nodes getting started
@tracker All nodes finishes job
start listen on 10.110.42.71:33079
@tracker All of 1 nodes getting started
@tracker All nodes finishes job
start listen on 10.110.42.71:60665
@tracker All of 1 nodes getting started
@tracker All nodes finishes job
Trial 885 finished with value: 0.9768166666666667 and parameters: {'tree_method': 'gpu_hist', 'lambda': 1.22824813041516, 'alpha': 0.01305174532227376, 'colsample_bytree': 0.3930804990379799, 'subsample': 0.8183538233311584, 'learning_rate': 0.0708177924283552, 'max_depth': 5, 'min_child_weight': 11, 'eval_metric': 'logloss'}. Best is trial 425 with value: 0.9801333333333333.
start listen on 10.110.42.71:47157
@tracker All of 1 nodes getting started
@tracker All nodes finishes job
start listen on 10.110.42.71:41225
@tracker All of 1 nodes getting started
@tracker All nodes finishes job
start listen on 10.110.42.71:36321
@tracker All of 1 nodes getting started
@tracker All nodes finishes job
start listen on 10.110.42.71:38921
@tracker All of 1 nodes getting started
@tracker All nodes finishes job
start listen on 10.110.42.71:48019
@tracker All of 1 nodes getting started
@tracker All nodes finishes job
Trial 886 finished with value: 0.9779833333333333 and parameters: {'tree_method': 'gpu_hist', 'lambda': 0.6230705849241414, 'alpha': 0.011611471700250448, 'colsample_bytree': 0.43452519969358144, 'subsample': 0.8778875915689862, 'learning_rate': 0.08508829219231742, 'max_depth': 5, 'min_child_weight': 7, 'eval_metric': 'logloss'}. Best is trial 425 with value: 0.9801333333333333.
start listen on 10.110.42.71:42659
@tracker All of 1 nodes getting started
@tracker All nodes finishes job
start listen on 10.110.42.71:54141
@tracker All of 1 nodes getting started
@tracker All nodes finishes job
start listen on 10.110.42.71:46925
@tracker All of 1 nodes getting started
@tracker All nodes finishes job
start listen on 10.110.42.71:54807
@tracker All of 1 nodes getting started
@tracker All nodes finishes job
start listen on 10.110.42.71:41693
@tracker All of 1 nodes getting started
@tracker All nodes finishes job
Trial 887 finished with value: 0.9764666666666667 and parameters: {'tree_method': 'gpu_hist', 'lambda': 0.07363581091115795, 'alpha': 0.014657168669347605, 'colsample_bytree': 0.3252732523166356, 'subsample': 0.9425140196118444, 'learning_rate': 0.07599893812100747, 'max_depth': 20, 'min_child_weight': 18, 'eval_metric': 'logloss'}. Best is trial 425 with value: 0.9801333333333333.
start listen on 10.110.42.71:59357
@tracker All of 1 nodes getting started
@tracker All nodes finishes job
start listen on 10.110.42.71:34253
@tracker All of 1 nodes getting started
@tracker All nodes finishes job
start listen on 10.110.42.71:48725
@tracker All of 1 nodes getting started
@tracker All nodes finishes job
start listen on 10.110.42.71:33977
@tracker All of 1 nodes getting started
@tracker All nodes finishes job
start listen on 10.110.42.71:49981
@tracker All of 1 nodes getting started
@tracker All nodes finishes job
Trial 888 finished with value: 0.9778666666666667 and parameters: {'tree_method': 'gpu_hist', 'lambda': 0.0014696572722384708, 'alpha': 0.006896163785699218, 'colsample_bytree': 0.4810183982221834, 'subsample': 0.7047351285367915, 'learning_rate': 0.08321702845888303, 'max_depth': 9, 'min_child_weight': 1, 'eval_metric': 'logloss'}. Best is trial 425 with value: 0.9801333333333333.
start listen on 10.110.42.71:38037
@tracker All of 1 nodes getting started
@tracker All nodes finishes job
start listen on 10.110.42.71:33037
@tracker All of 1 nodes getting started
@tracker All nodes finishes job
start listen on 10.110.42.71:47873
@tracker All of 1 nodes getting started
@tracker All nodes finishes job
start listen on 10.110.42.71:36889
@tracker All of 1 nodes getting started
@tracker All nodes finishes job
start listen on 10.110.42.71:36911
@tracker All of 1 nodes getting started
@tracker All nodes finishes job
Trial 889 finished with value: 0.9778166666666667 and parameters: {'tree_method': 'gpu_hist', 'lambda': 0.7695751017464204, 'alpha': 0.008205331105351958, 'colsample_bytree': 0.45249663598151724, 'subsample': 0.8555952718795401, 'learning_rate': 0.09178516591849195, 'max_depth': 5, 'min_child_weight': 7, 'eval_metric': 'logloss'}. Best is trial 425 with value: 0.9801333333333333.
start listen on 10.110.42.71:49533
@tracker All of 1 nodes getting started
@tracker All nodes finishes job
start listen on 10.110.42.71:50187
@tracker All of 1 nodes getting started
@tracker All nodes finishes job
start listen on 10.110.42.71:46707
@tracker All of 1 nodes getting started
@tracker All nodes finishes job
start listen on 10.110.42.71:48655
@tracker All of 1 nodes getting started
@tracker All nodes finishes job
start listen on 10.110.42.71:43007
@tracker All of 1 nodes getting started
@tracker All nodes finishes job
Trial 890 finished with value: 0.9769833333333333 and parameters: {'tree_method': 'gpu_hist', 'lambda': 0.058475665125911014, 'alpha': 0.025972439097545614, 'colsample_bytree': 0.38181003346919345, 'subsample': 0.8881043612316769, 'learning_rate': 0.09259392792454796, 'max_depth': 5, 'min_child_weight': 14, 'eval_metric': 'logloss'}. Best is trial 425 with value: 0.9801333333333333.
start listen on 10.110.42.71:43469
@tracker All of 1 nodes getting started
@tracker All nodes finishes job
start listen on 10.110.42.71:47317
@tracker All of 1 nodes getting started
@tracker All nodes finishes job
start listen on 10.110.42.71:51111
@tracker All of 1 nodes getting started
@tracker All nodes finishes job
start listen on 10.110.42.71:42803
@tracker All of 1 nodes getting started
@tracker All nodes finishes job
start listen on 10.110.42.71:48257
@tracker All of 1 nodes getting started
@tracker All nodes finishes job
Trial 891 finished with value: 0.9760166666666666 and parameters: {'tree_method': 'gpu_hist', 'lambda': 0.04426318700642028, 'alpha': 0.003101180970829163, 'colsample_bytree': 0.3633637229172231, 'subsample': 0.8978455553944792, 'learning_rate': 0.09232806238612257, 'max_depth': 5, 'min_child_weight': 24, 'eval_metric': 'logloss'}. Best is trial 425 with value: 0.9801333333333333.
start listen on 10.110.42.71:39457
@tracker All of 1 nodes getting started
@tracker All nodes finishes job
start listen on 10.110.42.71:53921
@tracker All of 1 nodes getting started
@tracker All nodes finishes job
start listen on 10.110.42.71:49693
@tracker All of 1 nodes getting started
@tracker All nodes finishes job
start listen on 10.110.42.71:39087
@tracker All of 1 nodes getting started
@tracker All nodes finishes job
start listen on 10.110.42.71:36863
@tracker All of 1 nodes getting started
@tracker All nodes finishes job
Trial 892 finished with value: 0.9780833333333333 and parameters: {'tree_method': 'gpu_hist', 'lambda': 0.09527701214621842, 'alpha': 0.019589163356149554, 'colsample_bytree': 0.3419565039349753, 'subsample': 0.9029059703045929, 'learning_rate': 0.0929354351267258, 'max_depth': 5, 'min_child_weight': 6, 'eval_metric': 'logloss'}. Best is trial 425 with value: 0.9801333333333333.
start listen on 10.110.42.71:37749
@tracker All of 1 nodes getting started
@tracker All nodes finishes job
start listen on 10.110.42.71:54593
@tracker All of 1 nodes getting started
@tracker All nodes finishes job
start listen on 10.110.42.71:54311
@tracker All of 1 nodes getting started
@tracker All nodes finishes job
start listen on 10.110.42.71:43245
@tracker All of 1 nodes getting started
@tracker All nodes finishes job
start listen on 10.110.42.71:46195
@tracker All of 1 nodes getting started
@tracker All nodes finishes job
