Trial 821 finished with value: 0.9770833333333333 and parameters: {'tree_method': 'gpu_hist', 'lambda': 0.05873617609891684, 'alpha': 0.020262314875448845, 'colsample_bytree': 0.4786279275354508, 'subsample': 0.9112189698327106, 'learning_rate': 0.09135337484484982, 'max_depth': 20, 'min_child_weight': 7, 'eval_metric': 'logloss'}. Best is trial 425 with value: 0.9801333333333333.
start listen on 10.110.42.71:34455
@tracker All of 1 nodes getting started
@tracker All nodes finishes job
start listen on 10.110.42.71:45875
@tracker All of 1 nodes getting started
@tracker All nodes finishes job
start listen on 10.110.42.71:58551
@tracker All of 1 nodes getting started
@tracker All nodes finishes job
start listen on 10.110.42.71:41605
@tracker All of 1 nodes getting started
@tracker All nodes finishes job
start listen on 10.110.42.71:36939
@tracker All of 1 nodes getting started
@tracker All nodes finishes job
Trial 822 finished with value: 0.9756833333333333 and parameters: {'tree_method': 'gpu_hist', 'lambda': 0.0381684019932844, 'alpha': 0.028297505262006667, 'colsample_bytree': 0.44095977562559696, 'subsample': 0.8993184416382237, 'learning_rate': 0.09139665473931441, 'max_depth': 5, 'min_child_weight': 26, 'eval_metric': 'logloss'}. Best is trial 425 with value: 0.9801333333333333.
start listen on 10.110.42.71:58451
@tracker All of 1 nodes getting started
@tracker All nodes finishes job
start listen on 10.110.42.71:59539
@tracker All of 1 nodes getting started
@tracker All nodes finishes job
start listen on 10.110.42.71:41329
@tracker All of 1 nodes getting started
@tracker All nodes finishes job
start listen on 10.110.42.71:54549
@tracker All of 1 nodes getting started
@tracker All nodes finishes job
start listen on 10.110.42.71:52359
@tracker All of 1 nodes getting started
@tracker All nodes finishes job
Trial 823 finished with value: 0.9777833333333333 and parameters: {'tree_method': 'gpu_hist', 'lambda': 1.1640783379376785, 'alpha': 0.011340837824608966, 'colsample_bytree': 0.42533545695651653, 'subsample': 0.8796830803081369, 'learning_rate': 0.08364869471095955, 'max_depth': 5, 'min_child_weight': 11, 'eval_metric': 'logloss'}. Best is trial 425 with value: 0.9801333333333333.
start listen on 10.110.42.71:57317
@tracker All of 1 nodes getting started
@tracker All nodes finishes job
start listen on 10.110.42.71:34623
@tracker All of 1 nodes getting started
@tracker All nodes finishes job
start listen on 10.110.42.71:35505
@tracker All of 1 nodes getting started
@tracker All nodes finishes job
start listen on 10.110.42.71:56165
@tracker All of 1 nodes getting started
@tracker All nodes finishes job
start listen on 10.110.42.71:54925
@tracker All of 1 nodes getting started
@tracker All nodes finishes job
Trial 824 finished with value: 0.9793 and parameters: {'tree_method': 'gpu_hist', 'lambda': 0.34217107880013514, 'alpha': 0.01829004301926812, 'colsample_bytree': 0.9481510708293728, 'subsample': 0.8859396579693227, 'learning_rate': 0.09114152925213319, 'max_depth': 5, 'min_child_weight': 1, 'eval_metric': 'logloss'}. Best is trial 425 with value: 0.9801333333333333.
start listen on 10.110.42.71:38097
@tracker All of 1 nodes getting started
@tracker All nodes finishes job
start listen on 10.110.42.71:34751
@tracker All of 1 nodes getting started
@tracker All nodes finishes job
start listen on 10.110.42.71:37309
@tracker All of 1 nodes getting started
@tracker All nodes finishes job
start listen on 10.110.42.71:56345
@tracker All of 1 nodes getting started
@tracker All nodes finishes job
start listen on 10.110.42.71:47903
@tracker All of 1 nodes getting started
@tracker All nodes finishes job
Trial 825 finished with value: 0.9782166666666666 and parameters: {'tree_method': 'gpu_hist', 'lambda': 1.454971649746051, 'alpha': 0.014110314516854539, 'colsample_bytree': 0.41128487845673, 'subsample': 0.9435982892037675, 'learning_rate': 0.07529941296700567, 'max_depth': 5, 'min_child_weight': 6, 'eval_metric': 'logloss'}. Best is trial 425 with value: 0.9801333333333333.
start listen on 10.110.42.71:60621
@tracker All of 1 nodes getting started
@tracker All nodes finishes job
start listen on 10.110.42.71:58929
@tracker All of 1 nodes getting started
@tracker All nodes finishes job
start listen on 10.110.42.71:34101
@tracker All of 1 nodes getting started
@tracker All nodes finishes job
start listen on 10.110.42.71:52235
@tracker All of 1 nodes getting started
@tracker All nodes finishes job
start listen on 10.110.42.71:52061
@tracker All of 1 nodes getting started
@tracker All nodes finishes job
Trial 826 finished with value: 0.9786166666666667 and parameters: {'tree_method': 'gpu_hist', 'lambda': 0.09029411474925811, 'alpha': 0.02116910222497085, 'colsample_bytree': 0.35604945319926157, 'subsample': 0.5365465145515481, 'learning_rate': 0.08668888046481542, 'max_depth': 5, 'min_child_weight': 1, 'eval_metric': 'logloss'}. Best is trial 425 with value: 0.9801333333333333.
start listen on 10.110.42.71:53823
@tracker All of 1 nodes getting started
@tracker All nodes finishes job
start listen on 10.110.42.71:40131
@tracker All of 1 nodes getting started
@tracker All nodes finishes job
start listen on 10.110.42.71:58927
@tracker All of 1 nodes getting started
@tracker All nodes finishes job
start listen on 10.110.42.71:52675
@tracker All of 1 nodes getting started
@tracker All nodes finishes job
start listen on 10.110.42.71:51931
@tracker All of 1 nodes getting started
@tracker All nodes finishes job
Trial 827 finished with value: 0.9762 and parameters: {'tree_method': 'gpu_hist', 'lambda': 0.9846321947352231, 'alpha': 0.008648059674187988, 'colsample_bytree': 0.4571122111662159, 'subsample': 0.8573558707543554, 'learning_rate': 0.06934690649877952, 'max_depth': 9, 'min_child_weight': 20, 'eval_metric': 'logloss'}. Best is trial 425 with value: 0.9801333333333333.
start listen on 10.110.42.71:51765
@tracker All of 1 nodes getting started
@tracker All nodes finishes job
start listen on 10.110.42.71:37345
@tracker All of 1 nodes getting started
@tracker All nodes finishes job
start listen on 10.110.42.71:54085
@tracker All of 1 nodes getting started
@tracker All nodes finishes job
start listen on 10.110.42.71:43669
@tracker All of 1 nodes getting started
@tracker All nodes finishes job
start listen on 10.110.42.71:45395
@tracker All of 1 nodes getting started
@tracker All nodes finishes job
Trial 828 finished with value: 0.9767833333333333 and parameters: {'tree_method': 'gpu_hist', 'lambda': 0.07200464394300471, 'alpha': 0.012307325626150287, 'colsample_bytree': 0.39844292761826733, 'subsample': 0.928735134470835, 'learning_rate': 0.07862608096167666, 'max_depth': 11, 'min_child_weight': 11, 'eval_metric': 'logloss'}. Best is trial 425 with value: 0.9801333333333333.
start listen on 10.110.42.71:49021
@tracker All of 1 nodes getting started
@tracker All nodes finishes job
start listen on 10.110.42.71:58141
@tracker All of 1 nodes getting started
@tracker All nodes finishes job
start listen on 10.110.42.71:45291
@tracker All of 1 nodes getting started
@tracker All nodes finishes job
start listen on 10.110.42.71:50679
@tracker All of 1 nodes getting started
@tracker All nodes finishes job
start listen on 10.110.42.71:46351
@tracker All of 1 nodes getting started
@tracker All nodes finishes job
Trial 829 finished with value: 0.97685 and parameters: {'tree_method': 'gpu_hist', 'lambda': 0.05331335936687262, 'alpha': 0.01702527793090347, 'colsample_bytree': 0.6732883064951158, 'subsample': 0.5050167662212809, 'learning_rate': 0.0995690320918567, 'max_depth': 5, 'min_child_weight': 6, 'eval_metric': 'logloss'}. Best is trial 425 with value: 0.9801333333333333.
start listen on 10.110.42.71:57253
@tracker All of 1 nodes getting started
@tracker All nodes finishes job
start listen on 10.110.42.71:33059
@tracker All of 1 nodes getting started
@tracker All nodes finishes job
start listen on 10.110.42.71:60635
@tracker All of 1 nodes getting started
@tracker All nodes finishes job
start listen on 10.110.42.71:56933
@tracker All of 1 nodes getting started
@tracker All nodes finishes job
start listen on 10.110.42.71:49353
@tracker All of 1 nodes getting started
@tracker All nodes finishes job
Trial 830 finished with value: 0.9771166666666666 and parameters: {'tree_method': 'gpu_hist', 'lambda': 1.396000127840139, 'alpha': 0.009980592650453665, 'colsample_bytree': 0.41450055658944795, 'subsample': 0.8332153558262996, 'learning_rate': 0.08388538579359575, 'max_depth': 5, 'min_child_weight': 13, 'eval_metric': 'logloss'}. Best is trial 425 with value: 0.9801333333333333.
start listen on 10.110.42.71:38553
@tracker All of 1 nodes getting started
@tracker All nodes finishes job
start listen on 10.110.42.71:34303
@tracker All of 1 nodes getting started
@tracker All nodes finishes job
start listen on 10.110.42.71:47055
@tracker All of 1 nodes getting started
@tracker All nodes finishes job
start listen on 10.110.42.71:36691
@tracker All of 1 nodes getting started
@tracker All nodes finishes job
start listen on 10.110.42.71:50099
@tracker All of 1 nodes getting started
@tracker All nodes finishes job
Trial 831 finished with value: 0.9603833333333334 and parameters: {'tree_method': 'gpu_hist', 'lambda': 0.06562867661342209, 'alpha': 0.015420634483938364, 'colsample_bytree': 0.37944288329887954, 'subsample': 0.8706009263532569, 'learning_rate': 0.061351035524868355, 'max_depth': 3, 'min_child_weight': 143, 'eval_metric': 'logloss'}. Best is trial 425 with value: 0.9801333333333333.
start listen on 10.110.42.71:39963
@tracker All of 1 nodes getting started
@tracker All nodes finishes job
start listen on 10.110.42.71:54249
@tracker All of 1 nodes getting started
@tracker All nodes finishes job
start listen on 10.110.42.71:35953
@tracker All of 1 nodes getting started
@tracker All nodes finishes job
start listen on 10.110.42.71:54891
@tracker All of 1 nodes getting started
@tracker All nodes finishes job
start listen on 10.110.42.71:53645
@tracker All of 1 nodes getting started
@tracker All nodes finishes job
Trial 832 finished with value: 0.9795666666666667 and parameters: {'tree_method': 'gpu_hist', 'lambda': 0.08302546348063983, 'alpha': 0.00636769867238515, 'colsample_bytree': 0.4046985491860404, 'subsample': 0.9116649220396331, 'learning_rate': 0.07683054402182038, 'max_depth': 5, 'min_child_weight': 1, 'eval_metric': 'logloss'}. Best is trial 425 with value: 0.9801333333333333.
start listen on 10.110.42.71:54019
@tracker All of 1 nodes getting started
@tracker All nodes finishes job
start listen on 10.110.42.71:58203
@tracker All of 1 nodes getting started
@tracker All nodes finishes job
start listen on 10.110.42.71:45759
@tracker All of 1 nodes getting started
@tracker All nodes finishes job
start listen on 10.110.42.71:41677
@tracker All of 1 nodes getting started
@tracker All nodes finishes job
start listen on 10.110.42.71:57429
@tracker All of 1 nodes getting started
@tracker All nodes finishes job
Trial 833 finished with value: 0.9773 and parameters: {'tree_method': 'gpu_hist', 'lambda': 0.023099254526439864, 'alpha': 0.012460609791047324, 'colsample_bytree': 0.42063968661074935, 'subsample': 0.8915818733805378, 'learning_rate': 0.06926533107603143, 'max_depth': 15, 'min_child_weight': 7, 'eval_metric': 'logloss'}. Best is trial 425 with value: 0.9801333333333333.
start listen on 10.110.42.71:54403
@tracker All of 1 nodes getting started
@tracker All nodes finishes job
start listen on 10.110.42.71:55813
@tracker All of 1 nodes getting started
@tracker All nodes finishes job
start listen on 10.110.42.71:38175
@tracker All of 1 nodes getting started
@tracker All nodes finishes job
start listen on 10.110.42.71:51545
@tracker All of 1 nodes getting started
@tracker All nodes finishes job
start listen on 10.110.42.71:34951
@tracker All of 1 nodes getting started
@tracker All nodes finishes job
Trial 834 finished with value: 0.9769666666666666 and parameters: {'tree_method': 'gpu_hist', 'lambda': 0.11346998533481116, 'alpha': 0.018278926399174365, 'colsample_bytree': 0.38455322442749235, 'subsample': 0.8500347452933922, 'learning_rate': 0.08601062830294448, 'max_depth': 5, 'min_child_weight': 16, 'eval_metric': 'logloss'}. Best is trial 425 with value: 0.9801333333333333.
start listen on 10.110.42.71:41037
@tracker All of 1 nodes getting started
@tracker All nodes finishes job
start listen on 10.110.42.71:34767
@tracker All of 1 nodes getting started
@tracker All nodes finishes job
start listen on 10.110.42.71:40351
@tracker All of 1 nodes getting started
@tracker All nodes finishes job
start listen on 10.110.42.71:55359
@tracker All of 1 nodes getting started
@tracker All nodes finishes job
start listen on 10.110.42.71:59641
@tracker All of 1 nodes getting started
@tracker All nodes finishes job
Trial 835 finished with value: 0.9777 and parameters: {'tree_method': 'gpu_hist', 'lambda': 0.07512225944445718, 'alpha': 0.010135332103369763, 'colsample_bytree': 0.39557490946720847, 'subsample': 0.9203132338161791, 'learning_rate': 0.07793899360163258, 'max_depth': 5, 'min_child_weight': 7, 'eval_metric': 'logloss'}. Best is trial 425 with value: 0.9801333333333333.
start listen on 10.110.42.71:55369
@tracker All of 1 nodes getting started
@tracker All nodes finishes job
start listen on 10.110.42.71:47731
@tracker All of 1 nodes getting started
@tracker All nodes finishes job
start listen on 10.110.42.71:54215
@tracker All of 1 nodes getting started
@tracker All nodes finishes job
start listen on 10.110.42.71:49387
@tracker All of 1 nodes getting started
@tracker All nodes finishes job
start listen on 10.110.42.71:50205
@tracker All of 1 nodes getting started
@tracker All nodes finishes job
Trial 836 finished with value: 0.9795666666666667 and parameters: {'tree_method': 'gpu_hist', 'lambda': 0.09963501230918709, 'alpha': 0.02376740458170102, 'colsample_bytree': 0.44802469367779546, 'subsample': 0.9050954180776357, 'learning_rate': 0.0925925646795821, 'max_depth': 5, 'min_child_weight': 1, 'eval_metric': 'logloss'}. Best is trial 425 with value: 0.9801333333333333.
start listen on 10.110.42.71:54327
@tracker All of 1 nodes getting started
@tracker All nodes finishes job
start listen on 10.110.42.71:57663
@tracker All of 1 nodes getting started
@tracker All nodes finishes job
start listen on 10.110.42.71:36945
@tracker All of 1 nodes getting started
@tracker All nodes finishes job
start listen on 10.110.42.71:56427
@tracker All of 1 nodes getting started
@tracker All nodes finishes job
start listen on 10.110.42.71:36745
@tracker All of 1 nodes getting started
@tracker All nodes finishes job
Trial 837 finished with value: 0.97755 and parameters: {'tree_method': 'gpu_hist', 'lambda': 1.0222657405615556, 'alpha': 0.1016612644300332, 'colsample_bytree': 0.43365168694260237, 'subsample': 0.8748042331520847, 'learning_rate': 0.08666968419246569, 'max_depth': 5, 'min_child_weight': 10, 'eval_metric': 'logloss'}. Best is trial 425 with value: 0.9801333333333333.
start listen on 10.110.42.71:56985
@tracker All of 1 nodes getting started
@tracker All nodes finishes job
start listen on 10.110.42.71:53849
@tracker All of 1 nodes getting started
@tracker All nodes finishes job
start listen on 10.110.42.71:35171
@tracker All of 1 nodes getting started
@tracker All nodes finishes job
start listen on 10.110.42.71:42277
@tracker All of 1 nodes getting started
@tracker All nodes finishes job
start listen on 10.110.42.71:51445
@tracker All of 1 nodes getting started
@tracker All nodes finishes job
Trial 838 finished with value: 0.9747 and parameters: {'tree_method': 'gpu_hist', 'lambda': 0.8635816018547293, 'alpha': 0.007676799611041389, 'colsample_bytree': 0.44426179726926196, 'subsample': 0.8872086465611347, 'learning_rate': 0.09254891418920062, 'max_depth': 13, 'min_child_weight': 35, 'eval_metric': 'logloss'}. Best is trial 425 with value: 0.9801333333333333.
start listen on 10.110.42.71:38511
@tracker All of 1 nodes getting started
@tracker All nodes finishes job
start listen on 10.110.42.71:49661
@tracker All of 1 nodes getting started
@tracker All nodes finishes job
start listen on 10.110.42.71:44603
@tracker All of 1 nodes getting started
@tracker All nodes finishes job
start listen on 10.110.42.71:48335
@tracker All of 1 nodes getting started
@tracker All nodes finishes job
start listen on 10.110.42.71:57837
@tracker All of 1 nodes getting started
@tracker All nodes finishes job
Trial 839 finished with value: 0.9795333333333334 and parameters: {'tree_method': 'gpu_hist', 'lambda': 0.04745544327354905, 'alpha': 0.031638058660860786, 'colsample_bytree': 0.36893589145086797, 'subsample': 0.8952624143446246, 'learning_rate': 0.09940812637109164, 'max_depth': 5, 'min_child_weight': 1, 'eval_metric': 'logloss'}. Best is trial 425 with value: 0.9801333333333333.
start listen on 10.110.42.71:35097
@tracker All of 1 nodes getting started
@tracker All nodes finishes job
start listen on 10.110.42.71:41477
@tracker All of 1 nodes getting started
@tracker All nodes finishes job
start listen on 10.110.42.71:47585
@tracker All of 1 nodes getting started
@tracker All nodes finishes job
start listen on 10.110.42.71:34885
@tracker All of 1 nodes getting started
@tracker All nodes finishes job
start listen on 10.110.42.71:56105
@tracker All of 1 nodes getting started
@tracker All nodes finishes job
Trial 840 finished with value: 0.957 and parameters: {'tree_method': 'gpu_hist', 'lambda': 1.0059643834843082, 'alpha': 0.005124282950468983, 'colsample_bytree': 0.43178058722739127, 'subsample': 0.8636378657520207, 'learning_rate': 0.08422901270402607, 'max_depth': 5, 'min_child_weight': 212, 'eval_metric': 'logloss'}. Best is trial 425 with value: 0.9801333333333333.
start listen on 10.110.42.71:49923
@tracker All of 1 nodes getting started
@tracker All nodes finishes job
start listen on 10.110.42.71:47859
@tracker All of 1 nodes getting started
@tracker All nodes finishes job
start listen on 10.110.42.71:60443
@tracker All of 1 nodes getting started
@tracker All nodes finishes job
start listen on 10.110.42.71:36971
@tracker All of 1 nodes getting started
@tracker All nodes finishes job
start listen on 10.110.42.71:40547
@tracker All of 1 nodes getting started
@tracker All nodes finishes job
Trial 841 finished with value: 0.9765333333333334 and parameters: {'tree_method': 'gpu_hist', 'lambda': 0.03528028047891763, 'alpha': 0.0799637750852822, 'colsample_bytree': 0.5017942011297961, 'subsample': 0.9051110566657601, 'learning_rate': 0.09092039887649161, 'max_depth': 5, 'min_child_weight': 16, 'eval_metric': 'logloss'}. Best is trial 425 with value: 0.9801333333333333.
start listen on 10.110.42.71:56241
@tracker All of 1 nodes getting started
@tracker All nodes finishes job
start listen on 10.110.42.71:43243
@tracker All of 1 nodes getting started
@tracker All nodes finishes job
start listen on 10.110.42.71:56197
@tracker All of 1 nodes getting started
@tracker All nodes finishes job
start listen on 10.110.42.71:54887
@tracker All of 1 nodes getting started
@tracker All nodes finishes job
start listen on 10.110.42.71:55959
@tracker All of 1 nodes getting started
@tracker All nodes finishes job
Trial 842 finished with value: 0.9780666666666666 and parameters: {'tree_method': 'gpu_hist', 'lambda': 0.0606396123474376, 'alpha': 0.014640190100946682, 'colsample_bytree': 0.41191824779953445, 'subsample': 0.8747753450886042, 'learning_rate': 0.07110597556571549, 'max_depth': 5, 'min_child_weight': 7, 'eval_metric': 'logloss'}. Best is trial 425 with value: 0.9801333333333333.
start listen on 10.110.42.71:40031
@tracker All of 1 nodes getting started
@tracker All nodes finishes job
start listen on 10.110.42.71:42869
@tracker All of 1 nodes getting started
@tracker All nodes finishes job
start listen on 10.110.42.71:53419
@tracker All of 1 nodes getting started
@tracker All nodes finishes job
start listen on 10.110.42.71:57701
@tracker All of 1 nodes getting started
@tracker All nodes finishes job
start listen on 10.110.42.71:48253
@tracker All of 1 nodes getting started
@tracker All nodes finishes job
Trial 843 finished with value: 0.97315 and parameters: {'tree_method': 'gpu_hist', 'lambda': 0.17125722506817995, 'alpha': 0.009277094652440707, 'colsample_bytree': 0.48622531989474244, 'subsample': 0.8832999760805316, 'learning_rate': 0.07948625766454748, 'max_depth': 5, 'min_child_weight': 47, 'eval_metric': 'logloss'}. Best is trial 425 with value: 0.9801333333333333.
start listen on 10.110.42.71:57645
@tracker All of 1 nodes getting started
@tracker All nodes finishes job
start listen on 10.110.42.71:42447
@tracker All of 1 nodes getting started
@tracker All nodes finishes job
start listen on 10.110.42.71:48801
@tracker All of 1 nodes getting started
@tracker All nodes finishes job
start listen on 10.110.42.71:40965
@tracker All of 1 nodes getting started
@tracker All nodes finishes job
start listen on 10.110.42.71:35999
@tracker All of 1 nodes getting started
@tracker All nodes finishes job
Trial 844 finished with value: 0.97735 and parameters: {'tree_method': 'gpu_hist', 'lambda': 0.2831139207450621, 'alpha': 0.012088266892980454, 'colsample_bytree': 0.3938119564546135, 'subsample': 0.9394117712123297, 'learning_rate': 0.065155871351242, 'max_depth': 5, 'min_child_weight': 11, 'eval_metric': 'logloss'}. Best is trial 425 with value: 0.9801333333333333.
start listen on 10.110.42.71:43961
@tracker All of 1 nodes getting started
@tracker All nodes finishes job
start listen on 10.110.42.71:50767
@tracker All of 1 nodes getting started
@tracker All nodes finishes job
start listen on 10.110.42.71:55947
@tracker All of 1 nodes getting started
@tracker All nodes finishes job
start listen on 10.110.42.71:56255
@tracker All of 1 nodes getting started
@tracker All nodes finishes job
start listen on 10.110.42.71:38095
@tracker All of 1 nodes getting started
@tracker All nodes finishes job
