Trial 725 finished with value: 0.9789 and parameters: {'tree_method': 'gpu_hist', 'lambda': 0.07122936044716786, 'alpha': 0.012198799741258636, 'colsample_bytree': 0.39474197685670864, 'subsample': 0.8583855774248771, 'learning_rate': 0.08665534928071247, 'max_depth': 7, 'min_child_weight': 1, 'eval_metric': 'logloss'}. Best is trial 425 with value: 0.9801333333333333.
start listen on 10.110.42.71:49337
@tracker All of 1 nodes getting started
@tracker All nodes finishes job
start listen on 10.110.42.71:58031
@tracker All of 1 nodes getting started
@tracker All nodes finishes job
start listen on 10.110.42.71:60895
@tracker All of 1 nodes getting started
@tracker All nodes finishes job
start listen on 10.110.42.71:43267
@tracker All of 1 nodes getting started
@tracker All nodes finishes job
start listen on 10.110.42.71:42653
@tracker All of 1 nodes getting started
@tracker All nodes finishes job
Trial 726 finished with value: 0.9764166666666667 and parameters: {'tree_method': 'gpu_hist', 'lambda': 0.057593960056280806, 'alpha': 0.02194399881287261, 'colsample_bytree': 0.3765390161484024, 'subsample': 0.8312424722617018, 'learning_rate': 0.09048590847103852, 'max_depth': 5, 'min_child_weight': 19, 'eval_metric': 'logloss'}. Best is trial 425 with value: 0.9801333333333333.
start listen on 10.110.42.71:57567
@tracker All of 1 nodes getting started
@tracker All nodes finishes job
start listen on 10.110.42.71:56031
@tracker All of 1 nodes getting started
@tracker All nodes finishes job
start listen on 10.110.42.71:33495
@tracker All of 1 nodes getting started
@tracker All nodes finishes job
start listen on 10.110.42.71:54505
@tracker All of 1 nodes getting started
@tracker All nodes finishes job
start listen on 10.110.42.71:60759
@tracker All of 1 nodes getting started
@tracker All nodes finishes job
Trial 727 finished with value: 0.9769666666666666 and parameters: {'tree_method': 'gpu_hist', 'lambda': 0.057706135027262795, 'alpha': 0.007602026946620886, 'colsample_bytree': 0.35054542225497937, 'subsample': 0.838462727495606, 'learning_rate': 0.07268230235745353, 'max_depth': 20, 'min_child_weight': 11, 'eval_metric': 'logloss'}. Best is trial 425 with value: 0.9801333333333333.
start listen on 10.110.42.71:41443
@tracker All of 1 nodes getting started
@tracker All nodes finishes job
start listen on 10.110.42.71:34047
@tracker All of 1 nodes getting started
@tracker All nodes finishes job
start listen on 10.110.42.71:55045
@tracker All of 1 nodes getting started
@tracker All nodes finishes job
start listen on 10.110.42.71:33175
@tracker All of 1 nodes getting started
@tracker All nodes finishes job
start listen on 10.110.42.71:43521
@tracker All of 1 nodes getting started
@tracker All nodes finishes job
Trial 728 finished with value: 0.9797666666666667 and parameters: {'tree_method': 'gpu_hist', 'lambda': 0.08893885915530551, 'alpha': 0.01734608321782391, 'colsample_bytree': 0.39594065409335366, 'subsample': 0.848519551860899, 'learning_rate': 0.08199929134637465, 'max_depth': 5, 'min_child_weight': 1, 'eval_metric': 'logloss'}. Best is trial 425 with value: 0.9801333333333333.
start listen on 10.110.42.71:39235
@tracker All of 1 nodes getting started
@tracker All nodes finishes job
start listen on 10.110.42.71:56961
@tracker All of 1 nodes getting started
@tracker All nodes finishes job
start listen on 10.110.42.71:58681
@tracker All of 1 nodes getting started
@tracker All nodes finishes job
start listen on 10.110.42.71:36719
@tracker All of 1 nodes getting started
@tracker All nodes finishes job
start listen on 10.110.42.71:47867
@tracker All of 1 nodes getting started
@tracker All nodes finishes job
Trial 729 finished with value: 0.97815 and parameters: {'tree_method': 'gpu_hist', 'lambda': 0.1042448661667078, 'alpha': 0.43549988284119395, 'colsample_bytree': 0.422438411330441, 'subsample': 0.8677775189132435, 'learning_rate': 0.0663706391188463, 'max_depth': 5, 'min_child_weight': 7, 'eval_metric': 'logloss'}. Best is trial 425 with value: 0.9801333333333333.
start listen on 10.110.42.71:33445
@tracker All of 1 nodes getting started
@tracker All nodes finishes job
start listen on 10.110.42.71:57523
@tracker All of 1 nodes getting started
@tracker All nodes finishes job
start listen on 10.110.42.71:44609
@tracker All of 1 nodes getting started
@tracker All nodes finishes job
start listen on 10.110.42.71:43173
@tracker All of 1 nodes getting started
@tracker All nodes finishes job
start listen on 10.110.42.71:60537
@tracker All of 1 nodes getting started
@tracker All nodes finishes job
Trial 730 finished with value: 0.97725 and parameters: {'tree_method': 'gpu_hist', 'lambda': 0.12426553829120829, 'alpha': 0.009852878792113235, 'colsample_bytree': 0.38271802897227764, 'subsample': 0.9319961216830137, 'learning_rate': 0.07828854498683176, 'max_depth': 5, 'min_child_weight': 14, 'eval_metric': 'logloss'}. Best is trial 425 with value: 0.9801333333333333.
start listen on 10.110.42.71:44957
@tracker All of 1 nodes getting started
@tracker All nodes finishes job
start listen on 10.110.42.71:56809
@tracker All of 1 nodes getting started
@tracker All nodes finishes job
start listen on 10.110.42.71:58229
@tracker All of 1 nodes getting started
@tracker All nodes finishes job
start listen on 10.110.42.71:55409
@tracker All of 1 nodes getting started
@tracker All nodes finishes job
start listen on 10.110.42.71:45447
@tracker All of 1 nodes getting started
@tracker All nodes finishes job
Trial 731 finished with value: 0.9781833333333333 and parameters: {'tree_method': 'gpu_hist', 'lambda': 0.04646358083162987, 'alpha': 0.015240049636986134, 'colsample_bytree': 0.4068470626192199, 'subsample': 0.8468165389319573, 'learning_rate': 0.07157298530785904, 'max_depth': 5, 'min_child_weight': 7, 'eval_metric': 'logloss'}. Best is trial 425 with value: 0.9801333333333333.
start listen on 10.110.42.71:49899
@tracker All of 1 nodes getting started
@tracker All nodes finishes job
start listen on 10.110.42.71:55083
@tracker All of 1 nodes getting started
@tracker All nodes finishes job
start listen on 10.110.42.71:41593
@tracker All of 1 nodes getting started
@tracker All nodes finishes job
start listen on 10.110.42.71:52329
@tracker All of 1 nodes getting started
@tracker All nodes finishes job
start listen on 10.110.42.71:43431
@tracker All of 1 nodes getting started
@tracker All nodes finishes job
Trial 732 finished with value: 0.9769666666666666 and parameters: {'tree_method': 'gpu_hist', 'lambda': 0.06812022091637472, 'alpha': 0.12008094859034403, 'colsample_bytree': 0.4365576611676719, 'subsample': 0.8825320499338541, 'learning_rate': 0.07598188057210739, 'max_depth': 9, 'min_child_weight': 12, 'eval_metric': 'logloss'}. Best is trial 425 with value: 0.9801333333333333.
start listen on 10.110.42.71:47203
@tracker All of 1 nodes getting started
@tracker All nodes finishes job
start listen on 10.110.42.71:44601
@tracker All of 1 nodes getting started
@tracker All nodes finishes job
start listen on 10.110.42.71:56467
@tracker All of 1 nodes getting started
@tracker All nodes finishes job
start listen on 10.110.42.71:36119
@tracker All of 1 nodes getting started
@tracker All nodes finishes job
start listen on 10.110.42.71:53395
@tracker All of 1 nodes getting started
@tracker All nodes finishes job
Trial 733 finished with value: 0.9774666666666667 and parameters: {'tree_method': 'gpu_hist', 'lambda': 0.048663636199663636, 'alpha': 0.019302226675806194, 'colsample_bytree': 0.36342410583223766, 'subsample': 0.8431579584146758, 'learning_rate': 0.09249953642526844, 'max_depth': 11, 'min_child_weight': 6, 'eval_metric': 'logloss'}. Best is trial 425 with value: 0.9801333333333333.
start listen on 10.110.42.71:36143
@tracker All of 1 nodes getting started
@tracker All nodes finishes job
start listen on 10.110.42.71:50797
@tracker All of 1 nodes getting started
@tracker All nodes finishes job
start listen on 10.110.42.71:48557
@tracker All of 1 nodes getting started
@tracker All nodes finishes job
start listen on 10.110.42.71:39873
@tracker All of 1 nodes getting started
@tracker All nodes finishes job
start listen on 10.110.42.71:53665
@tracker All of 1 nodes getting started
@tracker All nodes finishes job
Trial 734 finished with value: 0.9735 and parameters: {'tree_method': 'gpu_hist', 'lambda': 0.07257494739840883, 'alpha': 0.025437243113938655, 'colsample_bytree': 0.41421852004101706, 'subsample': 0.8584489090300638, 'learning_rate': 0.0935217563292475, 'max_depth': 3, 'min_child_weight': 19, 'eval_metric': 'logloss'}. Best is trial 425 with value: 0.9801333333333333.
start listen on 10.110.42.71:43377
@tracker All of 1 nodes getting started
@tracker All nodes finishes job
start listen on 10.110.42.71:57339
@tracker All of 1 nodes getting started
@tracker All nodes finishes job
start listen on 10.110.42.71:36185
@tracker All of 1 nodes getting started
@tracker All nodes finishes job
start listen on 10.110.42.71:49367
@tracker All of 1 nodes getting started
@tracker All nodes finishes job
start listen on 10.110.42.71:36559
@tracker All of 1 nodes getting started
@tracker All nodes finishes job
Trial 735 finished with value: 0.9780833333333333 and parameters: {'tree_method': 'gpu_hist', 'lambda': 0.09825753321796465, 'alpha': 0.011235453783889938, 'colsample_bytree': 0.43441300154365986, 'subsample': 0.888959935375927, 'learning_rate': 0.05946001649432315, 'max_depth': 5, 'min_child_weight': 6, 'eval_metric': 'logloss'}. Best is trial 425 with value: 0.9801333333333333.
start listen on 10.110.42.71:56491
@tracker All of 1 nodes getting started
@tracker All nodes finishes job
start listen on 10.110.42.71:49481
@tracker All of 1 nodes getting started
@tracker All nodes finishes job
start listen on 10.110.42.71:52949
@tracker All of 1 nodes getting started
@tracker All nodes finishes job
start listen on 10.110.42.71:47225
@tracker All of 1 nodes getting started
@tracker All nodes finishes job
start listen on 10.110.42.71:45043
@tracker All of 1 nodes getting started
@tracker All nodes finishes job
Trial 736 finished with value: 0.9794833333333334 and parameters: {'tree_method': 'gpu_hist', 'lambda': 0.08232348592815782, 'alpha': 0.01318523569546089, 'colsample_bytree': 0.3935402929326333, 'subsample': 0.9155321660717053, 'learning_rate': 0.08587569259694183, 'max_depth': 5, 'min_child_weight': 1, 'eval_metric': 'logloss'}. Best is trial 425 with value: 0.9801333333333333.
start listen on 10.110.42.71:36989
@tracker All of 1 nodes getting started
@tracker All nodes finishes job
start listen on 10.110.42.71:44853
@tracker All of 1 nodes getting started
@tracker All nodes finishes job
start listen on 10.110.42.71:47061
@tracker All of 1 nodes getting started
@tracker All nodes finishes job
start listen on 10.110.42.71:50613
@tracker All of 1 nodes getting started
@tracker All nodes finishes job
start listen on 10.110.42.71:47787
@tracker All of 1 nodes getting started
@tracker All nodes finishes job
Trial 737 finished with value: 0.97725 and parameters: {'tree_method': 'gpu_hist', 'lambda': 0.03872497654284101, 'alpha': 0.016488371171431176, 'colsample_bytree': 0.41408003825425954, 'subsample': 0.8690403765822383, 'learning_rate': 0.0742726881257366, 'max_depth': 5, 'min_child_weight': 12, 'eval_metric': 'logloss'}. Best is trial 425 with value: 0.9801333333333333.
start listen on 10.110.42.71:46965
@tracker All of 1 nodes getting started
@tracker All nodes finishes job
start listen on 10.110.42.71:53511
@tracker All of 1 nodes getting started
@tracker All nodes finishes job
start listen on 10.110.42.71:48459
@tracker All of 1 nodes getting started
@tracker All nodes finishes job
start listen on 10.110.42.71:43857
@tracker All of 1 nodes getting started
@tracker All nodes finishes job
start listen on 10.110.42.71:46759
@tracker All of 1 nodes getting started
@tracker All nodes finishes job
Trial 738 finished with value: 0.9772 and parameters: {'tree_method': 'gpu_hist', 'lambda': 0.07372751645911516, 'alpha': 0.00883285057467034, 'colsample_bytree': 0.3816736457002038, 'subsample': 0.7997164979680145, 'learning_rate': 0.0862253892963913, 'max_depth': 15, 'min_child_weight': 1, 'eval_metric': 'logloss'}. Best is trial 425 with value: 0.9801333333333333.
start listen on 10.110.42.71:35183
@tracker All of 1 nodes getting started
@tracker All nodes finishes job
start listen on 10.110.42.71:47025
@tracker All of 1 nodes getting started
@tracker All nodes finishes job
start listen on 10.110.42.71:54941
@tracker All of 1 nodes getting started
@tracker All nodes finishes job
start listen on 10.110.42.71:50983
@tracker All of 1 nodes getting started
@tracker All nodes finishes job
start listen on 10.110.42.71:51565
@tracker All of 1 nodes getting started
@tracker All nodes finishes job
Trial 739 finished with value: 0.97805 and parameters: {'tree_method': 'gpu_hist', 'lambda': 0.06226574387512321, 'alpha': 0.0874824602596067, 'colsample_bytree': 0.4016354000980653, 'subsample': 0.9039087506024398, 'learning_rate': 0.09955343507112048, 'max_depth': 5, 'min_child_weight': 6, 'eval_metric': 'logloss'}. Best is trial 425 with value: 0.9801333333333333.
start listen on 10.110.42.71:45729
@tracker All of 1 nodes getting started
@tracker All nodes finishes job
start listen on 10.110.42.71:39217
@tracker All of 1 nodes getting started
@tracker All nodes finishes job
start listen on 10.110.42.71:36903
@tracker All of 1 nodes getting started
@tracker All nodes finishes job
start listen on 10.110.42.71:46193
@tracker All of 1 nodes getting started
@tracker All nodes finishes job
start listen on 10.110.42.71:37677
@tracker All of 1 nodes getting started
@tracker All nodes finishes job
Trial 740 finished with value: 0.9795333333333334 and parameters: {'tree_method': 'gpu_hist', 'lambda': 0.0813826991976079, 'alpha': 0.012942113441446235, 'colsample_bytree': 0.3676262235256984, 'subsample': 0.918123494346435, 'learning_rate': 0.0817133793532699, 'max_depth': 5, 'min_child_weight': 1, 'eval_metric': 'logloss'}. Best is trial 425 with value: 0.9801333333333333.
start listen on 10.110.42.71:41307
@tracker All of 1 nodes getting started
@tracker All nodes finishes job
start listen on 10.110.42.71:50999
@tracker All of 1 nodes getting started
@tracker All nodes finishes job
start listen on 10.110.42.71:52617
@tracker All of 1 nodes getting started
@tracker All nodes finishes job
start listen on 10.110.42.71:40099
@tracker All of 1 nodes getting started
@tracker All nodes finishes job
start listen on 10.110.42.71:60077
@tracker All of 1 nodes getting started
@tracker All nodes finishes job
Trial 741 finished with value: 0.9771333333333333 and parameters: {'tree_method': 'gpu_hist', 'lambda': 0.29035094999356287, 'alpha': 0.006079320782382658, 'colsample_bytree': 0.4293345970090491, 'subsample': 0.8759517847451019, 'learning_rate': 0.0678026547209373, 'max_depth': 5, 'min_child_weight': 14, 'eval_metric': 'logloss'}. Best is trial 425 with value: 0.9801333333333333.
start listen on 10.110.42.71:33565
@tracker All of 1 nodes getting started
@tracker All nodes finishes job
start listen on 10.110.42.71:58919
@tracker All of 1 nodes getting started
@tracker All nodes finishes job
start listen on 10.110.42.71:33357
@tracker All of 1 nodes getting started
@tracker All nodes finishes job
start listen on 10.110.42.71:37579
@tracker All of 1 nodes getting started
@tracker All nodes finishes job
start listen on 10.110.42.71:58051
@tracker All of 1 nodes getting started
@tracker All nodes finishes job
Trial 742 finished with value: 0.9756166666666667 and parameters: {'tree_method': 'gpu_hist', 'lambda': 5.636756507978271, 'alpha': 0.01954986568851182, 'colsample_bytree': 0.44758145468167226, 'subsample': 0.8476006315746615, 'learning_rate': 0.09909428541531443, 'max_depth': 5, 'min_child_weight': 23, 'eval_metric': 'logloss'}. Best is trial 425 with value: 0.9801333333333333.
start listen on 10.110.42.71:41917
@tracker All of 1 nodes getting started
@tracker All nodes finishes job
start listen on 10.110.42.71:54009
@tracker All of 1 nodes getting started
@tracker All nodes finishes job
start listen on 10.110.42.71:43045
@tracker All of 1 nodes getting started
@tracker All nodes finishes job
start listen on 10.110.42.71:51731
@tracker All of 1 nodes getting started
@tracker All nodes finishes job
start listen on 10.110.42.71:57671
@tracker All of 1 nodes getting started
@tracker All nodes finishes job
Trial 743 finished with value: 0.9776166666666667 and parameters: {'tree_method': 'gpu_hist', 'lambda': 2.187302715880644, 'alpha': 0.020077346689492927, 'colsample_bytree': 0.3423690723331936, 'subsample': 0.8943262277876532, 'learning_rate': 0.09990357953058941, 'max_depth': 13, 'min_child_weight': 10, 'eval_metric': 'logloss'}. Best is trial 425 with value: 0.9801333333333333.
start listen on 10.110.42.71:48653
@tracker All of 1 nodes getting started
@tracker All nodes finishes job
start listen on 10.110.42.71:38597
@tracker All of 1 nodes getting started
@tracker All nodes finishes job
start listen on 10.110.42.71:60401
@tracker All of 1 nodes getting started
@tracker All nodes finishes job
start listen on 10.110.42.71:35795
@tracker All of 1 nodes getting started
@tracker All nodes finishes job
start listen on 10.110.42.71:41469
@tracker All of 1 nodes getting started
@tracker All nodes finishes job
Trial 744 finished with value: 0.9780166666666666 and parameters: {'tree_method': 'gpu_hist', 'lambda': 0.013343716965840295, 'alpha': 0.010038861560264376, 'colsample_bytree': 0.420074564022297, 'subsample': 0.8847221242810381, 'learning_rate': 0.07461428320904828, 'max_depth': 5, 'min_child_weight': 7, 'eval_metric': 'logloss'}. Best is trial 425 with value: 0.9801333333333333.
start listen on 10.110.42.71:40181
@tracker All of 1 nodes getting started
@tracker All nodes finishes job
start listen on 10.110.42.71:59187
@tracker All of 1 nodes getting started
@tracker All nodes finishes job
start listen on 10.110.42.71:49517
@tracker All of 1 nodes getting started
@tracker All nodes finishes job
start listen on 10.110.42.71:40483
@tracker All of 1 nodes getting started
@tracker All nodes finishes job
start listen on 10.110.42.71:51387
@tracker All of 1 nodes getting started
@tracker All nodes finishes job
Trial 745 finished with value: 0.9769333333333333 and parameters: {'tree_method': 'gpu_hist', 'lambda': 0.05996978006113252, 'alpha': 0.016519039737238967, 'colsample_bytree': 0.40526850540352277, 'subsample': 0.8629361431860995, 'learning_rate': 0.07765815934950272, 'max_depth': 5, 'min_child_weight': 16, 'eval_metric': 'logloss'}. Best is trial 425 with value: 0.9801333333333333.
start listen on 10.110.42.71:40811
@tracker All of 1 nodes getting started
@tracker All nodes finishes job
start listen on 10.110.42.71:57443
@tracker All of 1 nodes getting started
@tracker All nodes finishes job
start listen on 10.110.42.71:58737
@tracker All of 1 nodes getting started
@tracker All nodes finishes job
start listen on 10.110.42.71:52147
@tracker All of 1 nodes getting started
@tracker All nodes finishes job
start listen on 10.110.42.71:49831
@tracker All of 1 nodes getting started
@tracker All nodes finishes job
Trial 746 finished with value: 0.9781666666666666 and parameters: {'tree_method': 'gpu_hist', 'lambda': 0.11102510816722361, 'alpha': 0.026275216685092896, 'colsample_bytree': 0.43525887839019395, 'subsample': 0.8273885428736797, 'learning_rate': 0.09034919552543598, 'max_depth': 5, 'min_child_weight': 7, 'eval_metric': 'logloss'}. Best is trial 425 with value: 0.9801333333333333.
start listen on 10.110.42.71:40737
@tracker All of 1 nodes getting started
@tracker All nodes finishes job
start listen on 10.110.42.71:49535
@tracker All of 1 nodes getting started
@tracker All nodes finishes job
start listen on 10.110.42.71:40197
@tracker All of 1 nodes getting started
@tracker All nodes finishes job
start listen on 10.110.42.71:33873
@tracker All of 1 nodes getting started
@tracker All nodes finishes job
start listen on 10.110.42.71:37613
@tracker All of 1 nodes getting started
@tracker All nodes finishes job
Trial 747 finished with value: 0.9772 and parameters: {'tree_method': 'gpu_hist', 'lambda': 0.1856601822818742, 'alpha': 0.015389678342088115, 'colsample_bytree': 0.41677968750587324, 'subsample': 0.8691294418917753, 'learning_rate': 0.08047246829687801, 'max_depth': 5, 'min_child_weight': 11, 'eval_metric': 'logloss'}. Best is trial 425 with value: 0.9801333333333333.
start listen on 10.110.42.71:48013
@tracker All of 1 nodes getting started
@tracker All nodes finishes job
start listen on 10.110.42.71:48669
@tracker All of 1 nodes getting started
@tracker All nodes finishes job
start listen on 10.110.42.71:55739
@tracker All of 1 nodes getting started
@tracker All nodes finishes job
start listen on 10.110.42.71:50219
@tracker All of 1 nodes getting started
@tracker All nodes finishes job
start listen on 10.110.42.71:38245
@tracker All of 1 nodes getting started
@tracker All nodes finishes job
Trial 748 finished with value: 0.97975 and parameters: {'tree_method': 'gpu_hist', 'lambda': 0.05262983763768742, 'alpha': 0.007368487837449602, 'colsample_bytree': 0.3832990843943615, 'subsample': 0.8997990206992024, 'learning_rate': 0.09982646364027307, 'max_depth': 5, 'min_child_weight': 1, 'eval_metric': 'logloss'}. Best is trial 425 with value: 0.9801333333333333.
start listen on 10.110.42.71:37263
@tracker All of 1 nodes getting started
@tracker All nodes finishes job
start listen on 10.110.42.71:48111
@tracker All of 1 nodes getting started
@tracker All nodes finishes job
start listen on 10.110.42.71:59235
@tracker All of 1 nodes getting started
@tracker All nodes finishes job
start listen on 10.110.42.71:34937
@tracker All of 1 nodes getting started
@tracker All nodes finishes job
start listen on 10.110.42.71:51673
@tracker All of 1 nodes getting started
@tracker All nodes finishes job
