Trial 293 finished with value: 0.9765833333333334 and parameters: {'tree_method': 'gpu_hist', 'lambda': 0.48753296475968594, 'alpha': 0.014402355512393423, 'colsample_bytree': 0.4032574427761243, 'subsample': 0.9091274752452252, 'learning_rate': 0.06430882033839871, 'max_depth': 5, 'min_child_weight': 17, 'eval_metric': 'logloss'}. Best is trial 157 with value: 0.9799.
start listen on 10.110.42.71:55629
@tracker All of 1 nodes getting started
@tracker All nodes finishes job
start listen on 10.110.42.71:59497
@tracker All of 1 nodes getting started
@tracker All nodes finishes job
start listen on 10.110.42.71:59005
@tracker All of 1 nodes getting started
@tracker All nodes finishes job
start listen on 10.110.42.71:50101
@tracker All of 1 nodes getting started
@tracker All nodes finishes job
start listen on 10.110.42.71:53851
@tracker All of 1 nodes getting started
@tracker All nodes finishes job
Trial 294 finished with value: 0.9779333333333333 and parameters: {'tree_method': 'gpu_hist', 'lambda': 1.6084873970559697, 'alpha': 0.011267742949779423, 'colsample_bytree': 0.5087667163276396, 'subsample': 0.9864167892994137, 'learning_rate': 0.08386376671144073, 'max_depth': 5, 'min_child_weight': 7, 'eval_metric': 'logloss'}. Best is trial 157 with value: 0.9799.
start listen on 10.110.42.71:57947
@tracker All of 1 nodes getting started
@tracker All nodes finishes job
start listen on 10.110.42.71:53919
@tracker All of 1 nodes getting started
@tracker All nodes finishes job
start listen on 10.110.42.71:56707
@tracker All of 1 nodes getting started
@tracker All nodes finishes job
start listen on 10.110.42.71:44337
@tracker All of 1 nodes getting started
@tracker All nodes finishes job
start listen on 10.110.42.71:41145
@tracker All of 1 nodes getting started
@tracker All nodes finishes job
Trial 295 finished with value: 0.9794166666666667 and parameters: {'tree_method': 'gpu_hist', 'lambda': 0.9678856289764319, 'alpha': 0.024030864444112808, 'colsample_bytree': 0.4497214323915889, 'subsample': 0.9312059034885873, 'learning_rate': 0.07686004447992993, 'max_depth': 5, 'min_child_weight': 1, 'eval_metric': 'logloss'}. Best is trial 157 with value: 0.9799.
start listen on 10.110.42.71:39465
@tracker All of 1 nodes getting started
@tracker All nodes finishes job
start listen on 10.110.42.71:56981
@tracker All of 1 nodes getting started
@tracker All nodes finishes job
start listen on 10.110.42.71:51757
@tracker All of 1 nodes getting started
@tracker All nodes finishes job
start listen on 10.110.42.71:56641
@tracker All of 1 nodes getting started
@tracker All nodes finishes job
start listen on 10.110.42.71:45669
@tracker All of 1 nodes getting started
@tracker All nodes finishes job
Trial 296 finished with value: 0.9761166666666666 and parameters: {'tree_method': 'gpu_hist', 'lambda': 1.3446391287303483, 'alpha': 0.019792582656768646, 'colsample_bytree': 0.4765753975049776, 'subsample': 0.8864072930826784, 'learning_rate': 0.08153208607158259, 'max_depth': 5, 'min_child_weight': 23, 'eval_metric': 'logloss'}. Best is trial 157 with value: 0.9799.
start listen on 10.110.42.71:60477
@tracker All of 1 nodes getting started
@tracker All nodes finishes job
start listen on 10.110.42.71:46879
@tracker All of 1 nodes getting started
@tracker All nodes finishes job
start listen on 10.110.42.71:38747
@tracker All of 1 nodes getting started
@tracker All nodes finishes job
start listen on 10.110.42.71:59245
@tracker All of 1 nodes getting started
@tracker All nodes finishes job
start listen on 10.110.42.71:42345
@tracker All of 1 nodes getting started
@tracker All nodes finishes job
Trial 297 finished with value: 0.97695 and parameters: {'tree_method': 'gpu_hist', 'lambda': 0.5924567667459552, 'alpha': 0.005910245090703983, 'colsample_bytree': 0.41896343312423245, 'subsample': 0.9992843908754058, 'learning_rate': 0.06804554864882184, 'max_depth': 13, 'min_child_weight': 12, 'eval_metric': 'logloss'}. Best is trial 157 with value: 0.9799.
start listen on 10.110.42.71:37549
@tracker All of 1 nodes getting started
@tracker All nodes finishes job
start listen on 10.110.42.71:57409
@tracker All of 1 nodes getting started
@tracker All nodes finishes job
start listen on 10.110.42.71:54503
@tracker All of 1 nodes getting started
@tracker All nodes finishes job
start listen on 10.110.42.71:50267
@tracker All of 1 nodes getting started
@tracker All nodes finishes job
start listen on 10.110.42.71:50939
@tracker All of 1 nodes getting started
@tracker All nodes finishes job
Trial 298 finished with value: 0.9689666666666666 and parameters: {'tree_method': 'gpu_hist', 'lambda': 0.8118514486235677, 'alpha': 0.03656982944388534, 'colsample_bytree': 0.4619891347814743, 'subsample': 0.841790821810923, 'learning_rate': 0.09987977044439018, 'max_depth': 5, 'min_child_weight': 93, 'eval_metric': 'logloss'}. Best is trial 157 with value: 0.9799.
start listen on 10.110.42.71:38349
@tracker All of 1 nodes getting started
@tracker All nodes finishes job
start listen on 10.110.42.71:48785
@tracker All of 1 nodes getting started
@tracker All nodes finishes job
start listen on 10.110.42.71:35677
@tracker All of 1 nodes getting started
@tracker All nodes finishes job
start listen on 10.110.42.71:54989
@tracker All of 1 nodes getting started
@tracker All nodes finishes job
start listen on 10.110.42.71:40027
@tracker All of 1 nodes getting started
@tracker All nodes finishes job
Trial 299 finished with value: 0.97835 and parameters: {'tree_method': 'gpu_hist', 'lambda': 1.0371019406443602, 'alpha': 0.016339992167461185, 'colsample_bytree': 0.4358455993996606, 'subsample': 0.9603072416996568, 'learning_rate': 0.07451967641834141, 'max_depth': 5, 'min_child_weight': 6, 'eval_metric': 'logloss'}. Best is trial 157 with value: 0.9799.
start listen on 10.110.42.71:48437
@tracker All of 1 nodes getting started
@tracker All nodes finishes job
start listen on 10.110.42.71:57817
@tracker All of 1 nodes getting started
@tracker All nodes finishes job
start listen on 10.110.42.71:35791
@tracker All of 1 nodes getting started
@tracker All nodes finishes job
start listen on 10.110.42.71:41979
@tracker All of 1 nodes getting started
@tracker All nodes finishes job
start listen on 10.110.42.71:52605
@tracker All of 1 nodes getting started
@tracker All nodes finishes job
Trial 300 finished with value: 0.9542333333333334 and parameters: {'tree_method': 'gpu_hist', 'lambda': 0.09215752302798173, 'alpha': 0.008637437468062371, 'colsample_bytree': 0.3973026197532789, 'subsample': 0.5131520596484442, 'learning_rate': 0.006098909612883659, 'max_depth': 5, 'min_child_weight': 1, 'eval_metric': 'logloss'}. Best is trial 157 with value: 0.9799.
start listen on 10.110.42.71:57801
@tracker All of 1 nodes getting started
@tracker All nodes finishes job
start listen on 10.110.42.71:54971
@tracker All of 1 nodes getting started
@tracker All nodes finishes job
start listen on 10.110.42.71:60473
@tracker All of 1 nodes getting started
@tracker All nodes finishes job
start listen on 10.110.42.71:41905
@tracker All of 1 nodes getting started
@tracker All nodes finishes job
start listen on 10.110.42.71:48101
@tracker All of 1 nodes getting started
@tracker All nodes finishes job
Trial 301 finished with value: 0.9774 and parameters: {'tree_method': 'gpu_hist', 'lambda': 1.1836683997128368, 'alpha': 0.022039828032944114, 'colsample_bytree': 0.44422927989216543, 'subsample': 0.9424070593510723, 'learning_rate': 0.08602831659171395, 'max_depth': 5, 'min_child_weight': 12, 'eval_metric': 'logloss'}. Best is trial 157 with value: 0.9799.
start listen on 10.110.42.71:33137
@tracker All of 1 nodes getting started
@tracker All nodes finishes job
start listen on 10.110.42.71:35615
@tracker All of 1 nodes getting started
@tracker All nodes finishes job
start listen on 10.110.42.71:57263
@tracker All of 1 nodes getting started
@tracker All nodes finishes job
start listen on 10.110.42.71:40841
@tracker All of 1 nodes getting started
@tracker All nodes finishes job
start listen on 10.110.42.71:34309
@tracker All of 1 nodes getting started
@tracker All nodes finishes job
Trial 302 finished with value: 0.9577833333333333 and parameters: {'tree_method': 'gpu_hist', 'lambda': 0.7068863247531352, 'alpha': 0.04733435729325858, 'colsample_bytree': 0.4776758068074009, 'subsample': 0.8594503374466076, 'learning_rate': 0.09167259664664328, 'max_depth': 5, 'min_child_weight': 207, 'eval_metric': 'logloss'}. Best is trial 157 with value: 0.9799.
start listen on 10.110.42.71:47455
@tracker All of 1 nodes getting started
@tracker All nodes finishes job
start listen on 10.110.42.71:55673
@tracker All of 1 nodes getting started
@tracker All nodes finishes job
start listen on 10.110.42.71:41491
@tracker All of 1 nodes getting started
@tracker All nodes finishes job
start listen on 10.110.42.71:47317
@tracker All of 1 nodes getting started
@tracker All nodes finishes job
start listen on 10.110.42.71:37955
@tracker All of 1 nodes getting started
@tracker All nodes finishes job
Trial 303 finished with value: 0.97795 and parameters: {'tree_method': 'gpu_hist', 'lambda': 0.5480597984387816, 'alpha': 0.01278734122888126, 'colsample_bytree': 0.35565336088841, 'subsample': 0.9754864152338144, 'learning_rate': 0.056492927164274266, 'max_depth': 5, 'min_child_weight': 6, 'eval_metric': 'logloss'}. Best is trial 157 with value: 0.9799.
start listen on 10.110.42.71:43181
@tracker All of 1 nodes getting started
@tracker All nodes finishes job
start listen on 10.110.42.71:45163
@tracker All of 1 nodes getting started
@tracker All nodes finishes job
start listen on 10.110.42.71:36901
@tracker All of 1 nodes getting started
@tracker All nodes finishes job
start listen on 10.110.42.71:53957
@tracker All of 1 nodes getting started
@tracker All nodes finishes job
start listen on 10.110.42.71:41113
@tracker All of 1 nodes getting started
@tracker All nodes finishes job
Trial 304 finished with value: 0.9762666666666666 and parameters: {'tree_method': 'gpu_hist', 'lambda': 0.34038483866037894, 'alpha': 0.016112143768491564, 'colsample_bytree': 0.9725436615606118, 'subsample': 0.9087684025319678, 'learning_rate': 0.0717387589152945, 'max_depth': 5, 'min_child_weight': 18, 'eval_metric': 'logloss'}. Best is trial 157 with value: 0.9799.
start listen on 10.110.42.71:53377
@tracker All of 1 nodes getting started
@tracker All nodes finishes job
start listen on 10.110.42.71:35815
@tracker All of 1 nodes getting started
@tracker All nodes finishes job
start listen on 10.110.42.71:58789
@tracker All of 1 nodes getting started
@tracker All nodes finishes job
start listen on 10.110.42.71:34907
@tracker All of 1 nodes getting started
@tracker All nodes finishes job
start listen on 10.110.42.71:36561
@tracker All of 1 nodes getting started
@tracker All nodes finishes job
Trial 305 finished with value: 0.98 and parameters: {'tree_method': 'gpu_hist', 'lambda': 0.7902252069030108, 'alpha': 0.012287669618871896, 'colsample_bytree': 0.37756916775468946, 'subsample': 0.8949926557827065, 'learning_rate': 0.08322706974017019, 'max_depth': 5, 'min_child_weight': 1, 'eval_metric': 'logloss'}. Best is trial 305 with value: 0.98.
start listen on 10.110.42.71:39693
@tracker All of 1 nodes getting started
@tracker All nodes finishes job
start listen on 10.110.42.71:39351
@tracker All of 1 nodes getting started
@tracker All nodes finishes job
start listen on 10.110.42.71:58521
@tracker All of 1 nodes getting started
@tracker All nodes finishes job
start listen on 10.110.42.71:47213
@tracker All of 1 nodes getting started
@tracker All nodes finishes job
start listen on 10.110.42.71:43879
@tracker All of 1 nodes getting started
@tracker All nodes finishes job
Trial 306 finished with value: 0.9777 and parameters: {'tree_method': 'gpu_hist', 'lambda': 0.87345989254793, 'alpha': 0.01368256403525054, 'colsample_bytree': 0.3666622749762943, 'subsample': 0.9551876920050822, 'learning_rate': 0.08478269624250911, 'max_depth': 5, 'min_child_weight': 11, 'eval_metric': 'logloss'}. Best is trial 305 with value: 0.98.
start listen on 10.110.42.71:60545
@tracker All of 1 nodes getting started
@tracker All nodes finishes job
start listen on 10.110.42.71:40111
@tracker All of 1 nodes getting started
@tracker All nodes finishes job
start listen on 10.110.42.71:41311
@tracker All of 1 nodes getting started
@tracker All nodes finishes job
start listen on 10.110.42.71:37337
@tracker All of 1 nodes getting started
@tracker All nodes finishes job
start listen on 10.110.42.71:48945
@tracker All of 1 nodes getting started
@tracker All nodes finishes job
Trial 307 finished with value: 0.9780666666666666 and parameters: {'tree_method': 'gpu_hist', 'lambda': 0.8497121231045166, 'alpha': 0.06278950042323315, 'colsample_bytree': 0.4891477825380187, 'subsample': 0.9237202690042607, 'learning_rate': 0.09376294410572787, 'max_depth': 5, 'min_child_weight': 6, 'eval_metric': 'logloss'}. Best is trial 305 with value: 0.98.
start listen on 10.110.42.71:32989
@tracker All of 1 nodes getting started
@tracker All nodes finishes job
start listen on 10.110.42.71:41127
@tracker All of 1 nodes getting started
@tracker All nodes finishes job
start listen on 10.110.42.71:45937
@tracker All of 1 nodes getting started
@tracker All nodes finishes job
start listen on 10.110.42.71:47417
@tracker All of 1 nodes getting started
@tracker All nodes finishes job
start listen on 10.110.42.71:37937
@tracker All of 1 nodes getting started
@tracker All nodes finishes job
Trial 308 finished with value: 0.9770833333333333 and parameters: {'tree_method': 'gpu_hist', 'lambda': 0.6765054068420414, 'alpha': 0.01837685140910279, 'colsample_bytree': 0.4230840145155353, 'subsample': 0.9846239046396208, 'learning_rate': 0.08330796126953408, 'max_depth': 17, 'min_child_weight': 1, 'eval_metric': 'logloss'}. Best is trial 305 with value: 0.98.
start listen on 10.110.42.71:34493
@tracker All of 1 nodes getting started
@tracker All nodes finishes job
start listen on 10.110.42.71:57827
@tracker All of 1 nodes getting started
@tracker All nodes finishes job
start listen on 10.110.42.71:34209
@tracker All of 1 nodes getting started
@tracker All nodes finishes job
start listen on 10.110.42.71:54459
@tracker All of 1 nodes getting started
@tracker All nodes finishes job
start listen on 10.110.42.71:49099
@tracker All of 1 nodes getting started
@tracker All nodes finishes job
Trial 309 finished with value: 0.9774166666666667 and parameters: {'tree_method': 'gpu_hist', 'lambda': 0.9163270908861308, 'alpha': 0.0012708503263207053, 'colsample_bytree': 0.3836160088296385, 'subsample': 0.8966755491517905, 'learning_rate': 0.09968141854838918, 'max_depth': 5, 'min_child_weight': 11, 'eval_metric': 'logloss'}. Best is trial 305 with value: 0.98.
start listen on 10.110.42.71:49947
@tracker All of 1 nodes getting started
@tracker All nodes finishes job
start listen on 10.110.42.71:45691
@tracker All of 1 nodes getting started
@tracker All nodes finishes job
start listen on 10.110.42.71:37587
@tracker All of 1 nodes getting started
@tracker All nodes finishes job
start listen on 10.110.42.71:44831
@tracker All of 1 nodes getting started
@tracker All nodes finishes job
start listen on 10.110.42.71:53559
@tracker All of 1 nodes getting started
@tracker All nodes finishes job
Trial 310 finished with value: 0.9779166666666667 and parameters: {'tree_method': 'gpu_hist', 'lambda': 0.7603155213929307, 'alpha': 0.0028366641988152364, 'colsample_bytree': 0.44930767369526586, 'subsample': 0.8731712235020629, 'learning_rate': 0.07778177087029761, 'max_depth': 5, 'min_child_weight': 6, 'eval_metric': 'logloss'}. Best is trial 305 with value: 0.98.
start listen on 10.110.42.71:50799
@tracker All of 1 nodes getting started
@tracker All nodes finishes job
start listen on 10.110.42.71:37103
@tracker All of 1 nodes getting started
@tracker All nodes finishes job
start listen on 10.110.42.71:42939
@tracker All of 1 nodes getting started
@tracker All nodes finishes job
start listen on 10.110.42.71:56871
@tracker All of 1 nodes getting started
@tracker All nodes finishes job
start listen on 10.110.42.71:40499
@tracker All of 1 nodes getting started
@tracker All nodes finishes job
Trial 311 finished with value: 0.9599166666666666 and parameters: {'tree_method': 'gpu_hist', 'lambda': 0.6039461451356497, 'alpha': 0.03070017257591324, 'colsample_bytree': 0.4641431671192861, 'subsample': 0.968232077246523, 'learning_rate': 0.004411058484582453, 'max_depth': 20, 'min_child_weight': 26, 'eval_metric': 'logloss'}. Best is trial 305 with value: 0.98.
start listen on 10.110.42.71:50749
@tracker All of 1 nodes getting started
@tracker All nodes finishes job
start listen on 10.110.42.71:52387
@tracker All of 1 nodes getting started
@tracker All nodes finishes job
start listen on 10.110.42.71:47861
@tracker All of 1 nodes getting started
@tracker All nodes finishes job
start listen on 10.110.42.71:58229
@tracker All of 1 nodes getting started
@tracker All nodes finishes job
start listen on 10.110.42.71:39877
@tracker All of 1 nodes getting started
@tracker All nodes finishes job
Trial 312 finished with value: 0.9770166666666666 and parameters: {'tree_method': 'gpu_hist', 'lambda': 0.995085101375615, 'alpha': 0.010116583282261666, 'colsample_bytree': 0.3762283605263756, 'subsample': 0.9417040321739711, 'learning_rate': 0.09003746584494295, 'max_depth': 5, 'min_child_weight': 17, 'eval_metric': 'logloss'}. Best is trial 305 with value: 0.98.
start listen on 10.110.42.71:46363
@tracker All of 1 nodes getting started
@tracker All nodes finishes job
start listen on 10.110.42.71:42567
@tracker All of 1 nodes getting started
@tracker All nodes finishes job
start listen on 10.110.42.71:38769
@tracker All of 1 nodes getting started
@tracker All nodes finishes job
start listen on 10.110.42.71:59453
@tracker All of 1 nodes getting started
@tracker All nodes finishes job
start listen on 10.110.42.71:43719
@tracker All of 1 nodes getting started
@tracker All nodes finishes job
Trial 313 finished with value: 0.9797 and parameters: {'tree_method': 'gpu_hist', 'lambda': 1.244648401883867, 'alpha': 0.014599512200496833, 'colsample_bytree': 0.5064872062747886, 'subsample': 0.8933352198503812, 'learning_rate': 0.07465995209217455, 'max_depth': 5, 'min_child_weight': 1, 'eval_metric': 'logloss'}. Best is trial 305 with value: 0.98.
start listen on 10.110.42.71:48855
@tracker All of 1 nodes getting started
@tracker All nodes finishes job
start listen on 10.110.42.71:54381
@tracker All of 1 nodes getting started
@tracker All nodes finishes job
start listen on 10.110.42.71:44465
@tracker All of 1 nodes getting started
@tracker All nodes finishes job
start listen on 10.110.42.71:41333
@tracker All of 1 nodes getting started
@tracker All nodes finishes job
start listen on 10.110.42.71:33931
@tracker All of 1 nodes getting started
@tracker All nodes finishes job
Trial 314 finished with value: 0.9686666666666667 and parameters: {'tree_method': 'gpu_hist', 'lambda': 1.184959609211855, 'alpha': 0.012467918520488163, 'colsample_bytree': 0.4926577567824504, 'subsample': 0.9152643703663564, 'learning_rate': 0.0749905210528382, 'max_depth': 5, 'min_child_weight': 101, 'eval_metric': 'logloss'}. Best is trial 305 with value: 0.98.
start listen on 10.110.42.71:60061
@tracker All of 1 nodes getting started
@tracker All nodes finishes job
start listen on 10.110.42.71:46501
@tracker All of 1 nodes getting started
@tracker All nodes finishes job
start listen on 10.110.42.71:58731
@tracker All of 1 nodes getting started
@tracker All nodes finishes job
start listen on 10.110.42.71:46303
@tracker All of 1 nodes getting started
@tracker All nodes finishes job
start listen on 10.110.42.71:33623
@tracker All of 1 nodes getting started
@tracker All nodes finishes job
Trial 315 finished with value: 0.97775 and parameters: {'tree_method': 'gpu_hist', 'lambda': 1.6279293613256864, 'alpha': 0.014838361378993525, 'colsample_bytree': 0.5266627447666041, 'subsample': 0.9776517472833312, 'learning_rate': 0.06823072682337496, 'max_depth': 9, 'min_child_weight': 7, 'eval_metric': 'logloss'}. Best is trial 305 with value: 0.98.
start listen on 10.110.42.71:43201
@tracker All of 1 nodes getting started
@tracker All nodes finishes job
start listen on 10.110.42.71:34953
@tracker All of 1 nodes getting started
@tracker All nodes finishes job
start listen on 10.110.42.71:47179
@tracker All of 1 nodes getting started
@tracker All nodes finishes job
start listen on 10.110.42.71:55953
@tracker All of 1 nodes getting started
@tracker All nodes finishes job
start listen on 10.110.42.71:35271
@tracker All of 1 nodes getting started
@tracker All nodes finishes job
Trial 316 finished with value: 0.9772833333333333 and parameters: {'tree_method': 'gpu_hist', 'lambda': 1.3867513245606438, 'alpha': 0.01784703243952369, 'colsample_bytree': 0.40464310455653424, 'subsample': 0.9043226474559374, 'learning_rate': 0.09012412921119914, 'max_depth': 5, 'min_child_weight': 12, 'eval_metric': 'logloss'}. Best is trial 305 with value: 0.98.
start listen on 10.110.42.71:37755
@tracker All of 1 nodes getting started
@tracker All nodes finishes job
start listen on 10.110.42.71:44361
@tracker All of 1 nodes getting started
@tracker All nodes finishes job
start listen on 10.110.42.71:40337
@tracker All of 1 nodes getting started
@tracker All nodes finishes job
start listen on 10.110.42.71:52017
@tracker All of 1 nodes getting started
@tracker All nodes finishes job
start listen on 10.110.42.71:53709
@tracker All of 1 nodes getting started
@tracker All nodes finishes job
