number,value,params_alpha,params_colsample_bytree,params_eval_metric,params_gamma,params_lambda,params_learning_rate,params_max_depth,params_min_child_weight,params_subsample,state
0,1144.0150639983096,0.005103672046579768,0.8816551515719487,rmse,0.001001444674328424,0.0034786302507258454,0.016657102422345835,7,4,0.9683078072692165,COMPLETE
1,1151.4420265294032,0.31520725636558194,0.8290654785938393,rmse,0.23031580541262303,0.43088587293802455,0.08975249393321974,8,234,0.6552881393206774,COMPLETE
2,1136.993283492262,7.658246014014613,0.3852068486763926,rmse,0.2188138772979275,0.020469807377362932,0.0332865720987568,12,228,0.8098704220008126,COMPLETE
3,1139.27662461661,0.04227377140274932,0.7499526963509903,rmse,0.10967111542548509,0.0015927360775113046,0.02851497306903533,8,291,0.9770108393485688,COMPLETE
4,1182.5934442039559,0.14410751826017645,0.8589760707159598,rmse,0.059217515680483813,3.0710651376142346,0.0036234343418995265,21,225,0.42995960499814817,COMPLETE
5,1138.0516099857005,8.110547693886355,0.7019219567102247,rmse,0.0012638343783603306,6.012945400864556,0.015459818511635142,18,210,0.9549344791453327,COMPLETE
6,1190.795883875949,8.665740634465296,0.38441308188351186,rmse,0.7915897191719962,0.7478569180357688,0.004229617553649373,20,290,0.554288226113129,COMPLETE
7,1157.4317787297737,0.04319337745669329,0.5936311798476961,rmse,0.0035095890036384476,0.005307678428536489,0.004800121018217078,25,233,0.7118440202195249,COMPLETE
8,1147.4553279352524,5.6667138080405905,0.7680538843666466,rmse,0.0010539515932368744,0.19161735115900536,0.008426358118043493,13,118,0.4516482063359308,COMPLETE
9,1154.309275338423,0.1784858874929435,0.6066654488195716,rmse,1.2020966172087741,0.5778461692232841,0.011857477359903437,6,149,0.5868402816536158,COMPLETE
10,1444.731508240648,0.9821612847222684,0.3527675686254114,rmse,8.208605866548664,0.0242274819652503,0.001019045827909664,13,75,0.80531782515984,COMPLETE
11,1150.994396753087,1.6952984177937263,0.5015436496684319,rmse,0.014491095032723465,7.8078987812685865,0.04710541363972488,17,193,0.8495892810647496,COMPLETE
12,1142.6429288692404,1.9298536121950924,0.9983950091232408,rmse,0.027984718353775074,0.02260884561211227,0.027547972145147752,15,187,0.8609089218354714,COMPLETE
13,1148.0219669300725,0.0018877604878423727,0.47785068938328895,rmse,0.008368765231268742,0.04357625059646855,0.07070471553888595,10,178,0.7702768525222292,COMPLETE
14,1173.659732909433,9.421383669212178,0.6845481736360717,rmse,0.3355405529414309,0.1233434040528772,0.026809425694798137,3,254,0.9159898869586418,COMPLETE
15,1153.224318826732,0.9086579189045193,0.5200254691003128,rmse,3.1356370833449376,0.008249657866016807,0.04774249011246327,17,129,0.9009389863662269,COMPLETE
16,1141.4718272280616,2.817209476281949,0.4201725524730378,rmse,0.003639294888279474,1.9887937062634018,0.00831317673739336,21,71,0.7545610467260939,COMPLETE
17,1288.353648596582,0.3852649262298147,0.685594053315809,rmse,0.09345521883022807,0.0886402774898901,0.0016528936108551578,12,254,0.9988050974291153,COMPLETE
18,1136.2274031843926,0.008521002792266051,0.3070068404391538,rmse,0.028957784076881467,0.012134626278551355,0.020268277948049557,17,204,0.9088676625310911,COMPLETE
19,1153.0160059140128,0.012750154024188996,0.3014593967949345,rmse,0.028742353224537928,0.012852106507769367,0.03980065623577068,25,165,0.824647337510131,COMPLETE
20,1140.072851785408,0.010854727501099544,0.3049908738630095,rmse,0.2858487747068728,0.0012301328438612002,0.018618568899571145,11,264,0.6232819992063748,COMPLETE
21,1136.2571589961108,0.04955187592685225,0.42181976141546706,rmse,0.00395382829531807,0.04397586726871942,0.014422862982682243,16,211,0.9172758243223906,COMPLETE
22,1137.8598215976072,0.05067990081164504,0.43708041074064885,rmse,0.00623337185410081,0.04839018953355941,0.010945522807850072,15,206,0.8993300508881642,COMPLETE
23,1140.2133128807554,0.018621521909164614,0.36211275048926445,rmse,0.029079820006323913,0.01497836685182826,0.02255485025341725,19,143,0.7769130483570001,COMPLETE
24,1145.9645896765755,0.0010979987832518496,0.5607486029162431,rmse,0.014969822468501818,0.04882600856729744,0.006826704668924421,16,272,0.8805775602218446,COMPLETE
25,1145.3358045998707,0.0036109781319837095,0.44919359765832106,rmse,0.058910305749209774,0.0031587849956116088,0.0351275927659717,23,219,0.9262257801818253,COMPLETE
26,1160.4761340791874,0.024403827323507047,0.3975002904488168,rmse,0.002770920144335504,0.2607735246227449,0.07052052995334515,14,183,0.7162598592576206,COMPLETE
27,1144.4915939905857,0.005919947422479519,0.34467350348069753,rmse,1.1954510067894055,0.00904580543045867,0.014488441669806385,10,242,0.8247915353820559,COMPLETE
28,1136.7871615255704,0.0650088414764851,0.5326323836017964,rmse,0.1373630438416078,0.025955174101338126,0.021861649395028965,18,205,0.9390637206701609,COMPLETE
29,1163.717528821663,0.08589322958279626,0.5310533062047065,rmse,0.010552638235399875,0.0032535740409069575,0.020566351311847413,22,15,0.952841631521008,COMPLETE
30,1199.5248056852824,0.005408580206114731,0.6261539822737447,rmse,0.0018780835033620489,0.03931890012479197,0.0026160063533166556,19,165,0.9511695478510159,COMPLETE
31,1136.1834783971913,0.08222648912836045,0.45805459367584916,rmse,0.1547388056120569,0.088505455963978,0.017608801201894463,17,214,0.8624044758946173,COMPLETE
32,1136.1302332972798,0.09762686885516626,0.46931783079799116,rmse,0.12106538816392065,0.09839299784276692,0.014281277334154971,17,196,0.9967302601939425,COMPLETE
33,1139.288854332605,0.24940492789226823,0.44914199674811284,rmse,0.5727725402728145,0.10591466369357692,0.01337380526368608,16,171,0.9955701756645915,COMPLETE
34,1139.5564058956993,0.4365346965737787,0.4737204677191079,rmse,0.054933679002095503,0.22390524312390572,0.00902575864331533,15,198,0.8682169247022781,COMPLETE
35,1151.1791005892849,0.026760089384885683,0.33122117560164976,rmse,0.17072353209744376,0.07489828497217238,0.005967638011154718,17,238,0.9748590548033947,COMPLETE
36,1136.6648478380635,0.10894295833544693,0.40474475463266496,rmse,0.08235793529013387,1.3140077136008257,0.017972604775181967,20,220,0.908661047166187,COMPLETE
37,1136.9641799710416,0.010134094830658151,0.5632934435011775,rmse,0.045335285920531515,0.376340446360424,0.011302055400748134,18,115,0.8494403566350445,COMPLETE
38,1151.25027512668,0.03092871160853032,0.3769366022096399,rmse,0.46139917542708214,0.1571900734941508,0.006206755825654725,14,280,0.9761122339758133,COMPLETE
39,1136.0006043963324,0.17266450855594165,0.48278976969614906,rmse,0.20280272409122915,0.06900220835993982,0.015867141516330136,19,218,0.9356078408911276,COMPLETE
40,1143.5149204804588,0.18051188907354013,0.49004364575677606,rmse,0.16967671357003833,0.44198971854788816,0.02848845044206437,22,299,0.4842392451045241,COMPLETE
41,1136.5238568341267,0.10674482779352894,0.4288981289029354,rmse,0.2627829780571208,0.05940128569039846,0.014395966364601878,19,221,0.9347101288400548,COMPLETE
42,1136.8411890320635,0.5642747072116495,0.5659727660695397,rmse,0.10284938798334067,0.03221966164072575,0.016342832193196287,16,238,0.8788125649693262,COMPLETE
43,1140.4711528327625,0.06892246414144067,0.46555694231739586,rmse,0.7973470280334137,0.07022421339583448,0.022975086406031926,20,210,0.9677837659694304,COMPLETE
44,1138.7391031071672,0.19434684679926414,0.39225130541326464,rmse,0.01996838585362876,0.017317982907855526,0.010043251900201736,17,195,0.800279553409678,COMPLETE
45,1137.829363890589,0.1296236477788246,0.32800600188437457,rmse,0.04028719556991859,0.005715780882380189,0.01249924332553427,18,253,0.8890038198326041,COMPLETE
46,1137.3444221893565,0.043693800705291753,0.7622593666315223,rmse,0.14779951575399877,0.13484472273425785,0.016065734512341924,13,157,0.9255136394912741,COMPLETE
47,1144.8774773104712,0.2771013913071462,0.5096913274621284,rmse,0.004955856198689288,0.00981442704223069,0.034072719731214306,16,181,0.6830260333420922,COMPLETE
48,1142.614571758924,0.6239679707997359,0.9215019562890975,rmse,0.41786567021416454,0.03070503906205153,0.008296247562015916,21,219,0.8502286221876413,COMPLETE
49,1138.8416254123183,0.0031664992912016307,0.6367604096236512,rmse,0.23604339197027033,0.09657370533203212,0.025270665220409917,23,234,0.9975436877529212,COMPLETE
50,1149.5067218414608,0.01752949871728295,0.5996712046890988,rmse,2.4913880939193858,0.22981974048283635,0.04143716035718139,15,188,0.9485629108223647,COMPLETE
51,1136.3311225815094,0.09699459689060626,0.4303032153223393,rmse,0.0821481290210626,0.06419301100372288,0.014535306800435147,19,222,0.9301706089669084,COMPLETE
52,1136.0687838675594,0.06573302865086626,0.372212656974552,rmse,0.07949464723309642,0.06199719890403899,0.019401982733497684,18,208,0.9147692308338247,COMPLETE
53,1135.5451374624975,0.07223942961543682,0.365872100697554,rmse,0.07106468232677697,0.16607227979370298,0.018872501639583428,17,206,0.9663723647536724,COMPLETE
54,1136.0042281010665,0.06815475367609586,0.3674577798704691,rmse,0.10850748747875512,0.9093412044534194,0.01863076371390774,18,200,0.9706294412941278,COMPLETE
55,1136.3365738207806,0.15171864516508116,0.3487328120349083,rmse,0.07310995895356293,3.97328252348806,0.01796601382948419,20,248,0.9673480070446897,COMPLETE
56,1137.0130770860249,0.07628491761955028,0.375828426961444,rmse,0.12905379298974637,0.8259247110258435,0.03178057057635478,18,194,0.9834361913303339,COMPLETE
57,1138.1335056314372,0.03096288989713193,0.4047203772895205,rmse,0.21711982801099514,0.34107523755382685,0.02537727771213749,17,144,0.8921341321366044,COMPLETE
58,1151.7568999124999,0.05958172858351805,0.4546906181280328,rmse,0.03806411771318805,0.7462202283246999,0.055905958208826545,20,264,0.956982098151258,COMPLETE
59,1138.193361837551,0.21657663514935013,0.36853960360584775,rmse,0.3696549686163996,0.15304991748681865,0.009946303250527722,21,131,0.8336532473510415,COMPLETE
60,1145.3249146976148,0.13494480046044274,0.49054032752101207,rmse,0.1028891360754447,1.7082573793940725,0.007285780856417597,19,177,0.5293936886953216,COMPLETE
61,1136.125903813344,0.03607596462210266,0.3148860611519378,rmse,0.02151675650230958,0.09898144528602572,0.020734414834526534,17,202,0.916019461622163,COMPLETE
62,1136.0554992097575,0.04138807931852789,0.3258565126428564,rmse,0.021093595713914982,0.09721157259674085,0.019410000366603654,18,231,0.9116828379668085,COMPLETE
63,1137.3860100630538,0.03470848635956024,0.3255150436093532,rmse,0.018985242656169916,0.19760394425135455,0.012137716059947443,18,232,0.9105701146136861,COMPLETE
64,1147.7602775700052,0.020853745377908982,0.35151950918325287,rmse,0.009881145003132382,0.2808743934803201,0.03074764203169686,5,203,0.9427328544804975,COMPLETE
65,1135.701782650624,0.03950655347411564,0.3036958016567357,rmse,0.021454934073399354,0.11495662176733754,0.021237246703481642,15,230,0.9860533110557418,COMPLETE
66,1136.0554260271408,0.014604042104959669,0.3015709275166333,rmse,0.017723031325343815,0.14313957047063527,0.01998016263211494,15,247,0.9660404632910161,COMPLETE
67,1135.689771802775,0.01657617018345514,0.3385329593872691,rmse,0.01621771814612768,0.6111790034657497,0.023694234335638227,13,228,0.9634883144572464,COMPLETE
68,1135.8750532007673,0.007537016974963816,0.3019191788065947,rmse,0.011684065248700174,1.1457689700029832,0.023815894505496635,13,263,0.9759529151435257,COMPLETE
69,1136.5847217859557,0.014356513791738142,0.30316725175940046,rmse,0.013077718480234228,1.0233953110600997,0.037544804687150726,10,267,0.9740325647650576,COMPLETE
70,1135.4322739544946,0.008596401300546359,0.3492105585978433,rmse,0.005210322940167677,0.5576024541531662,0.025127557507618834,13,277,0.9802541552984463,COMPLETE
71,1136.258901411227,0.008473188881748493,0.3421841099744185,rmse,0.008601338995969163,0.5454452487852934,0.024055522457373107,12,284,0.9566705261143564,COMPLETE
72,1138.3537399617883,0.007342964350678614,0.30096124228690646,rmse,0.005989833854190926,1.6175341286022455,0.04417574339175934,13,275,0.9829693967295019,COMPLETE
73,1135.884107646323,0.004339101418976048,0.35533041420017625,rmse,0.002481305486238139,0.4804196150689021,0.027692191215644358,12,249,0.9624229807870573,COMPLETE
74,1143.2859768905998,0.004825212504048293,0.8047137848985363,rmse,0.006836820212148506,2.880262169041155,0.026994267219001042,11,258,0.40110716428135174,COMPLETE
75,1140.911833898654,0.002288283936581219,0.40967544094831,rmse,0.0027718386072708287,0.5900830607986232,0.0534962742622335,12,288,0.9458002017760023,COMPLETE
76,1136.2345404931389,0.003814244967040192,0.3557789306940374,rmse,0.0012786325019562867,0.8739788989701951,0.030173963135636816,14,245,0.99789639756965,COMPLETE
77,1136.3311820037932,0.002787270987373924,0.38847992198676473,rmse,0.011304394220701033,2.4179963584026427,0.035882958412923945,11,228,0.9828422604396069,COMPLETE
78,1138.379851725933,0.0013170608299504596,0.33453660525089846,rmse,0.002563865573772423,1.273152514412815,0.023820815810020705,9,262,0.9365990741741134,COMPLETE
79,1136.4869315063074,0.010700061418228865,0.3572850118730969,rmse,0.00440056328711903,0.43792862355102957,0.016219464285586935,13,275,0.961553353289418,COMPLETE
80,1139.8675203068638,0.006963072581543625,0.3219707034323604,rmse,0.0014138205610647007,0.3025433428782709,0.028327117119567397,14,296,0.6329496992354846,COMPLETE
81,1135.5067941825537,0.017030409641682214,0.38570417832903164,rmse,0.015030668156763115,0.6399355960607124,0.020453304637721936,15,247,0.9824970655933631,COMPLETE
82,1135.7570479356566,0.019987985833744032,0.3885937793477533,rmse,0.007700339097338942,0.670715246283326,0.022764431179702116,12,254,0.9889870185996747,COMPLETE
83,1135.8159017156725,0.022435253863627623,0.39735564189952133,rmse,0.012262754379126843,0.620283203896541,0.022856157695826797,12,250,0.989139158197316,COMPLETE
84,1136.0767310730355,0.02280974357172031,0.39164763221111504,rmse,0.007012475284245739,0.5825060192842898,0.02109727746779605,12,254,0.9853077753531214,COMPLETE
85,1135.888894154189,0.017148326439803584,0.41287172158209773,rmse,0.014512945386691957,0.6755992757122817,0.022701199030995215,13,270,0.9993879143543579,COMPLETE
86,1162.3795308151912,0.012631098114396517,0.7180025378280906,rmse,0.02589884994056701,1.1831952623481647,0.09614109361587861,14,241,0.985767580937559,COMPLETE
87,1136.2718744923059,0.0042302231103392264,0.33756727071468856,rmse,0.0033599943759117395,0.4449822227727727,0.03264706810190487,11,279,0.9545157548221233,COMPLETE
88,1138.0261501678133,0.0061890222762169805,0.43990092303472755,rmse,0.009103755905689443,0.3710837871376297,0.02688143550153262,9,258,0.7359069534774599,COMPLETE
89,1140.479585340376,0.026160761543422853,0.3780390714347634,rmse,0.0019057046925307012,0.4966755884519406,0.050305395086373765,12,252,0.9300849243209943,COMPLETE
90,1138.6836263706427,0.008844692987612889,0.42272861255317246,rmse,0.013110815109435337,0.6660413235425188,0.04089973921017642,13,240,0.9610780114985412,COMPLETE
91,1135.8939464024584,0.01594865611517372,0.4135818730739842,rmse,0.005332045369831458,1.052093706115351,0.022271199318634784,14,270,0.9958913550539742,COMPLETE
92,1135.8664974124838,0.019146491719581042,0.3907649470544303,rmse,0.0335356064647389,0.7001514859742853,0.023504216018364596,13,290,0.9999394290546701,COMPLETE
93,1135.8135585724135,0.01293544127014857,0.3921489780713189,rmse,0.026145655912112084,1.5984667446669538,0.025097552720502795,11,294,0.9784526660266786,COMPLETE
94,1136.159006872826,0.020638137418742562,0.3876039472503814,rmse,0.04794044588336171,5.295148194219253,0.01723624950452799,15,292,0.9790619004143325,COMPLETE
95,1136.455886687602,0.012252232550101735,0.31704455329898185,rmse,0.03369114579010008,1.527387482674291,0.025023808978573002,11,287,0.9448825735304701,COMPLETE
96,1135.9098421046392,0.05195979749581212,0.3429002876187746,rmse,0.028564378531793166,2.257292996253908,0.03045891460873664,10,280,0.9862652273804128,COMPLETE
97,1139.0544546083333,0.02729931935990465,0.39462674349465066,rmse,0.016504271055730473,1.877735553365279,0.012779975708096102,13,298,0.9274229257114452,COMPLETE
98,1137.083308520105,0.009555071807552275,0.3736955569980461,rmse,0.02517941512823201,1.0219436364658407,0.03365361007015367,15,259,0.9716871824804931,COMPLETE
99,1136.2257820205837,0.01862903185996496,0.44315283096083535,rmse,0.01166763335190611,0.18718247293817666,0.022423312523597933,14,292,0.9443313723585742,COMPLETE
100,1136.011103080544,0.012206889292490447,0.3617449274244656,rmse,0.0076255962107689085,3.7757675600867198,0.025115707708447316,11,281,0.9996045328139049,COMPLETE
101,1135.537252219292,0.006909395759210016,0.3544630004617692,rmse,0.06606862229212944,0.753950091382634,0.020483306654746222,12,228,0.9625801485030019,COMPLETE
102,1136.123273627538,0.007851084527571441,0.31641413896195025,rmse,0.059655445529195765,1.4234535894902958,0.017780940196337865,12,227,0.9750627951176859,COMPLETE
103,1137.0039952860575,0.00587545540690578,0.3368741759129605,rmse,0.03569689824731949,0.8271838204225199,0.015309230490654612,13,264,0.9842504835085555,COMPLETE
104,1148.7346502451087,0.03712363815065771,0.3800039950589339,rmse,0.06042411370948483,0.692334088999367,0.02025450140256253,16,21,0.9494760399873099,COMPLETE
105,1138.4210567380073,0.022992887736575405,0.4024558074480982,rmse,0.01606251249693313,0.34568047925000284,0.03833462033028578,12,234,0.8985391747091767,COMPLETE
106,1135.6098222922717,0.014487697049077526,0.42554719904164934,rmse,0.05042049115761358,1.186537276344519,0.02149934898954417,13,214,0.965161595768884,COMPLETE
107,1141.6767227615874,0.03089888419470664,0.4301198383590658,rmse,0.02329024139395938,0.24237518809071493,0.013431228732758628,9,216,0.9240309865250143,COMPLETE
