number,value,params_alpha,params_colsample_bytree,params_eval_metric,params_gamma,params_lambda,params_learning_rate,params_max_depth,params_min_child_weight,params_subsample,state
0,1243.0181785418317,0.024560842812459877,0.43094636574376,rmse,2.2973076410069324,1.6918767746577281,0.0017175225790907445,15,98,0.898109387109308,COMPLETE
1,1163.7253160725004,0.450499954361412,0.6294481945575501,rmse,0.22376324635908174,0.44552807019182783,0.004066264702138566,9,69,0.7616490566120052,COMPLETE
2,1164.3844588505747,0.03576148787803576,0.6025129965285796,rmse,0.027853562806875808,0.0029787504373599196,0.0891527761567952,10,118,0.9659939322336624,COMPLETE
3,1141.1856466216418,0.2293249615349174,0.8630835339827068,rmse,2.2482181445561182,0.013371510232473821,0.019630977114297832,23,293,0.863903443690647,COMPLETE
4,1143.8854550781095,0.032163986486387165,0.9391770420138419,rmse,0.006129372711566398,0.01326368727561824,0.03777790357198454,5,4,0.6432768544545029,COMPLETE
5,1148.8912354941049,0.03874412077069075,0.40572919606715574,rmse,4.604733580200269,0.8003428758100076,0.02382028684550284,6,222,0.8146756675048472,COMPLETE
6,1146.2978307309072,0.5373139278247954,0.30718069903986256,rmse,6.492148936480826,8.115651264029307,0.01903172543434921,16,1,0.6470080574113862,COMPLETE
7,1139.7280259371653,1.5967278493946824,0.7693966102071637,rmse,0.0013164748912176652,2.113918111767417,0.008295220779938765,18,183,0.831304525893463,COMPLETE
8,1171.634198310369,0.005621096538256675,0.4563628909794173,rmse,0.03991324844275857,2.3317444482641485,0.005834640433509269,6,28,0.49417820383462985,COMPLETE
9,1441.6661795579143,0.006999098744827365,0.6536511025790719,rmse,1.1006797018161483,0.0030483816069529356,0.001371511655510355,3,90,0.4910007445202545,COMPLETE
10,1142.1574590881785,7.037973241344183,0.7843220302408903,rmse,0.005647288266715423,0.11959250463171554,0.008136048197254138,21,187,0.951024495338926,COMPLETE
11,1142.0354351675312,0.0011064704847641167,0.9285069755489325,rmse,0.001740594479822937,0.04332499086518857,0.012744492711981597,25,282,0.8441418154888459,COMPLETE
12,1139.553661755256,0.47649082450967434,0.8003955401295771,rmse,0.5754079437583021,0.17198728072529215,0.010169717351073658,21,282,0.995585129706609,COMPLETE
13,1153.237462542555,1.726626840177367,0.7765917676899405,rmse,0.2335580276080809,0.21970613234769382,0.003961956927432948,19,222,0.9677839572862359,COMPLETE
14,1143.3850974299585,1.816684870459202,0.9822820114584114,rmse,0.0011341083995263063,8.49787768502498,0.009625433964322014,18,150,0.7671928491154257,COMPLETE
15,1178.0721050430525,9.898853318838094,0.7702209685609542,rmse,0.4544716205163494,0.24251809208132044,0.003043253416468803,12,250,0.9979004514793582,COMPLETE
16,1142.8157210258826,0.12960707294361812,0.8475949971216851,rmse,0.07918506528498609,0.7324902762937054,0.00805865530370582,20,173,0.8907998295493387,COMPLETE
17,1183.3574265899251,1.3218745636965907,0.701416302948405,rmse,0.7306895616643581,0.07274255510169925,0.0024891710864195153,17,251,0.9072262881739589,COMPLETE
18,1142.3612000229425,0.6744068485364133,0.7110103421979044,rmse,0.024072869458830724,2.606027636135568,0.005558774121626905,22,209,0.8002567351298594,COMPLETE
19,1140.0762864387707,4.548359804975939,0.8830693257872415,rmse,0.20174067666076642,0.34002285420533146,0.013282426954235678,13,137,0.929758495752931,COMPLETE
20,1198.709034313528,0.21804080793880987,0.8191056486689945,rmse,0.08198363927331345,0.7944902005798039,0.0021232600352970414,24,259,0.9924087126412883,COMPLETE
21,1140.0204828899984,3.5414482271273524,0.8824802939218944,rmse,0.24791931803798972,0.2679734965841279,0.012678171423959939,13,149,0.9200724883569581,COMPLETE
22,1316.4208726640686,3.7379078838313573,0.9946672151202931,rmse,0.5908376380873752,0.13282330844761878,0.0011193985301097458,14,175,0.910711553490833,COMPLETE
23,1144.8002402567488,2.2732238545821986,0.8978763855805629,rmse,0.13488546217272818,1.3181355761420017,0.00642710246139883,11,203,0.8622945818427269,COMPLETE
24,1145.7793529968778,0.9773345035884474,0.8474143934128678,rmse,0.36871762382991896,0.32890525246734653,0.012329583302082097,18,134,0.9998012467711476,COMPLETE
25,1150.2381085538261,2.9686205432334383,0.8076874260824239,rmse,1.214852535155173,0.07271904903523141,0.009745038274147019,20,56,0.9374119097014073,COMPLETE
26,1152.6237546595032,0.9222076751553362,0.7268206594159473,rmse,0.05117133757711429,3.440687592806824,0.004044083575437615,16,160,0.9372131903393912,COMPLETE
27,1143.4339382809367,4.376512570115802,0.9017586197689439,rmse,0.10437344703003416,0.5589851268183291,0.006232686601410264,14,269,0.8677753726446539,COMPLETE
28,1143.63771908463,0.3634256074731434,0.820900927796647,rmse,0.017996836129370343,1.192714275621672,0.017046016916744785,22,234,0.8242711136546077,COMPLETE
29,1146.2144065433567,1.1630011334189692,0.9406333720377201,rmse,2.052140840376646,4.081620477428074,0.030629040101151302,15,111,0.8945031852347727,COMPLETE
30,1147.383303472452,2.234540521184979,0.7466245011269647,rmse,0.3457972808382656,1.628074034321089,0.00776961823821415,18,73,0.9017955994621815,COMPLETE
31,1139.6533462917912,6.160273283137417,0.8756585487062015,rmse,0.16036540883344205,0.3935215473522791,0.013680749658891912,13,140,0.9303488073402703,COMPLETE
32,1138.7861479533983,6.952858237307905,0.8522198254234987,rmse,0.14620201832708973,0.4780258036294272,0.012349077318025897,9,190,0.9464880449759866,COMPLETE
33,1138.8714748074563,9.064188534656052,0.8182470933722983,rmse,0.13870697750949879,0.43482168478523053,0.014761975705466,8,196,0.9629124479451157,COMPLETE
34,1137.216633947828,7.7458520840767235,0.8296887025140044,rmse,0.20621952339445804,0.44880148439471546,0.015963639893079154,9,297,0.9552416266138686,COMPLETE
35,1137.3338742497497,9.58049461863103,0.8171989900082797,rmse,0.13738546258144682,0.5569104807974746,0.040559502239225644,8,297,0.9749243702718497,COMPLETE
36,1137.6190919382698,9.886747920655885,0.8387128730052982,rmse,0.12453824197081026,0.5125216843322977,0.04224011075558621,8,296,0.9599787732287334,COMPLETE
37,1140.0588620479039,6.0437997029407695,0.8494811634908777,rmse,0.08142400173407419,0.9768895549999426,0.046047651710153736,9,297,0.9645177052870821,COMPLETE
38,1140.0311234069707,8.361167443099673,0.919961200356301,rmse,0.29620155452929303,0.7129053140958038,0.0588651337219937,8,300,0.8748868608408528,COMPLETE
39,1139.474369843155,5.424751274320059,0.9592902896743118,rmse,0.052199919718079274,0.519985647497336,0.026863322188245466,10,274,0.9689748921362668,COMPLETE
40,1157.9355184064514,2.835674214363833,0.6743685124924318,rmse,0.18526162063192472,1.2429144153031477,0.02245681033403839,4,237,0.8555131597681147,COMPLETE
41,1136.641186891519,9.923083069766259,0.8254816372613276,rmse,0.152999726502724,0.48197030111482697,0.033366505621603725,7,287,0.9579744038651877,COMPLETE
42,1136.1821037073694,8.00139766811723,0.7478047904689162,rmse,0.11386299560276568,0.5218706358150837,0.034282061999989386,7,286,0.9503699804174153,COMPLETE
43,1137.6095583106412,4.439864540923477,0.75219350510937,rmse,0.2802293789594039,0.22876173357248314,0.040283056735605505,6,284,0.8877651041945368,COMPLETE
44,1139.2860863487863,4.3447107646159795,0.7484212596257008,rmse,0.359572833516782,0.18886132030551386,0.030410253292576163,6,283,0.8767906123368205,COMPLETE
45,1140.890149668206,2.84247334705088,0.7837913971888322,rmse,0.23670510563797212,0.2569330261191482,0.05159218473155816,5,263,0.9147348720246045,COMPLETE
46,1135.7807565349199,5.40857162312217,0.5951483687487071,rmse,0.06310441374979303,0.9014703979184828,0.0357167795309676,7,284,0.887759023996458,COMPLETE
47,1138.8588042269741,6.385224817209323,0.6187455549890867,rmse,0.06079523327930019,0.920896043775048,0.06426082011639109,7,242,0.9703308434985773,COMPLETE
48,1168.4894422513057,9.773264710446808,0.5484241490718804,rmse,0.03276693527978996,1.7378784778139758,0.032906872482489184,3,273,0.793974742483368,COMPLETE
49,1134.042759531883,1.7308735713685277,0.6757061377676643,rmse,0.08451726664222597,0.6658906044016766,0.022230719419462964,10,287,0.8444729224621961,COMPLETE
50,1134.1512582737932,1.6568000110554655,0.5901556381898664,rmse,0.08781860681594565,0.9991449187313335,0.021611697477499008,11,253,0.8419587979214148,COMPLETE
51,1134.2939188424787,1.6566865554552346,0.5823052276552001,rmse,0.07209136035255564,0.8193407124938749,0.02233581734642859,11,255,0.8490415454882545,COMPLETE
52,1134.1232822448071,1.7648276932722031,0.5846601134324345,rmse,0.04210274015181977,0.9962598830307012,0.02185428488140043,11,219,0.8347054290106956,COMPLETE
53,1134.0257483614635,1.6926799246455422,0.5825570833926168,rmse,0.03592510911044355,2.028848248305166,0.020624256829221217,11,224,0.8394136325191394,COMPLETE
54,1134.2938856663752,1.4293474896883105,0.5863022712430347,rmse,0.0424707620101684,2.030467087136214,0.0214463788977484,11,221,0.8349204327561349,COMPLETE
55,1133.8731453995515,1.6122323912718521,0.5687154164282328,rmse,0.021055816807316746,2.2513798335367308,0.019482689643221047,11,224,0.8435503416673822,COMPLETE
56,1133.9298796381584,0.69126623728686,0.5535960975772797,rmse,0.019829221586640723,5.483953510894158,0.02088242327478755,11,220,0.8224396599278264,COMPLETE
57,1134.0612896667778,0.7528851674061414,0.548290876544428,rmse,0.014582429267567209,6.0817263848865615,0.018757936355627364,12,215,0.7644411987980506,COMPLETE
58,1133.7707544060177,0.7599985643108824,0.5236392355273587,rmse,0.01710839849170356,7.065644298570719,0.01786795399825871,12,215,0.7535601811857231,COMPLETE
59,1133.8166212874555,0.8014909148194893,0.5418830163769875,rmse,0.014225593860183012,5.757866547741824,0.01901892869850013,12,213,0.7424177228126144,COMPLETE
60,1133.9583381571563,0.4523010269884497,0.5129070835806236,rmse,0.013662544479376324,9.058427359018852,0.0177013036553048,12,204,0.7357760011556704,COMPLETE
61,1133.112871406176,0.5591964188214855,0.5039543740800558,rmse,0.011426596036701668,9.854447022204457,0.017321269755962414,12,233,0.7198711735877347,COMPLETE
62,1133.5553472436463,0.5703906815255553,0.49672568069710943,rmse,0.010008035780721803,8.777503266588521,0.017265776979256804,12,229,0.7418208295173078,COMPLETE
63,1134.1093683499237,0.5750633575339303,0.4941630561530267,rmse,0.010049947936270549,8.80764850974307,0.017848507185843247,12,206,0.7259894094034693,COMPLETE
64,1138.3042373118658,0.3845770143274466,0.49684848309580626,rmse,0.00633522623058849,6.445723282721827,0.025675088831575595,15,231,0.743371173633407,COMPLETE
65,1133.9476656179975,0.8770675020074955,0.46046121461088113,rmse,0.02323555416233708,9.920798889875911,0.016161672861700525,13,179,0.7007281317742716,COMPLETE
66,1133.8662743593534,0.84730253524375,0.447982236813095,rmse,0.023529824224464296,5.442801501880987,0.0156232541581784,13,167,0.6818053979786093,COMPLETE
67,1134.5859109612873,0.28661769990699437,0.42716555995293237,rmse,0.008917035270188042,4.806304956470738,0.011590919462782082,15,164,0.7776398675670811,COMPLETE
68,1133.6288405765893,0.6108047745761508,0.38757782285585096,rmse,0.019712355730182613,3.093347821491799,0.01463790111953664,14,186,0.6703559214406138,COMPLETE
69,1133.6602818785911,1.1254331307923462,0.39055390241268056,rmse,0.025752447331929048,3.250811709438784,0.015059053661483301,14,192,0.6620379630299119,COMPLETE
70,1135.0951680552619,1.0829397444590352,0.3887411366289944,rmse,0.027565086066861037,3.1472196125707534,0.01464447223160657,16,165,0.6451199010326508,COMPLETE
71,1133.7432512015603,0.527416068505806,0.39040154791973847,rmse,0.01750109074556501,7.057612538524308,0.015258716712024722,14,193,0.6729506414063868,COMPLETE
72,1134.3827865191138,0.521828459792639,0.3737159686356514,rmse,0.01562644296682749,7.339851607826339,0.010993059289583948,14,194,0.6627516031429991,COMPLETE
73,1133.666135650198,0.6228541628134671,0.3607693986244694,rmse,0.02793908343312756,4.573817449596024,0.013937947104148935,14,183,0.6754809861744583,COMPLETE
74,1133.6946080030036,0.6148876842908994,0.34334268782643557,rmse,0.010497692797039883,4.244704757981532,0.014277220339008485,14,180,0.6125721821493177,COMPLETE
75,1134.6542312419344,0.21108842534446917,0.34286794678849547,rmse,0.0048349053141449804,3.9703966406036737,0.01375361232341851,17,186,0.6219573922553359,COMPLETE
76,1135.2600116615336,1.168433656840055,0.314106320497169,rmse,0.02803794185668879,2.8344440203216172,0.01071784620838598,14,176,0.619576735015941,COMPLETE
77,1134.9447115192354,0.6068736454085443,0.403245622762126,rmse,0.011791934391651968,4.047404618572683,0.00935195747345102,14,197,0.7020043609802731,COMPLETE
78,1135.3078720067072,0.36779018998967444,0.36423710196829745,rmse,0.00823853827171566,7.637168983343079,0.012967974952370474,16,155,0.6676888219051569,COMPLETE
79,1133.5205365653424,0.49532579613531785,0.41810703270385285,rmse,0.018427604128308,3.2034514081745873,0.014932464341853748,13,199,0.7159405179905296,COMPLETE
80,1135.5500714765503,0.5328578320763755,0.41576378882843024,rmse,0.011700517343696523,2.947799660087693,0.014845551953714344,17,184,0.714888479690659,COMPLETE
81,1133.1638719822204,0.6241961708147452,0.3891551923643549,rmse,0.01747615556195293,4.547491171456946,0.016595600006226438,13,244,0.6826367769075293,COMPLETE
82,1133.5618876079386,0.30630372315922544,0.390426550137386,rmse,0.01934569715811579,3.748663077900581,0.011843032007903518,13,243,0.6801090524739414,COMPLETE
83,1133.5827362109096,0.2714251318281019,0.4381847468482623,rmse,0.027671621577007047,4.444960841883336,0.011853810697232426,13,231,0.6933943825535287,COMPLETE
84,1133.52794757208,0.2741345185060143,0.43669662973033263,rmse,0.02942803157644958,3.2594927769077815,0.012497200836171831,13,246,0.6911247290844152,COMPLETE
85,1135.3469797399168,0.27650391031382543,0.4419771284005628,rmse,0.018582005884058936,3.355575872872862,0.009212520398821662,13,248,0.7149976111321281,COMPLETE
86,1133.1754143140872,0.17196691623395696,0.47304255424709307,rmse,0.03622754389938021,2.742877087221798,0.011909503000336228,13,245,0.6879300018903254,COMPLETE
87,1133.7925851360276,0.16932332606719908,0.4254402784723519,rmse,0.030885918914652012,2.741353496926011,0.011952085586714132,13,244,0.6904590467623495,COMPLETE
88,1136.9086761317806,0.11088986391630345,0.4667719966528257,rmse,0.03459179263101438,2.493005211250522,0.010472842765077489,10,263,0.6937566181435179,COMPLETE
89,1133.4312749664182,0.3036337900157851,0.46611363897760344,rmse,0.04661605559432837,5.043694231787446,0.011818434211239877,13,231,0.711438662830963,COMPLETE
90,1133.937777420942,0.3087623632458986,0.4713874829952786,rmse,0.0491265790780898,5.079350275953158,0.011721278638614743,12,234,0.7130737351871053,COMPLETE
91,1133.0929533565575,0.4177180128815224,0.4469802951449141,rmse,0.038057639075601404,3.8626487214778065,0.012714357310840668,13,229,0.6863220683788398,COMPLETE
92,1133.094747174426,0.41635428344693065,0.43811225330633197,rmse,0.04031646717830992,3.7578237310768374,0.012557192207444133,13,229,0.7223342826536128,COMPLETE
93,1135.467500074674,0.4061885473262232,0.4142549154087003,rmse,0.039680217718353956,5.940010661915772,0.008662371425480306,15,240,0.7329829286475887,COMPLETE
94,1134.9915422548463,0.1855309859112185,0.4466317291181293,rmse,0.049906940509480566,9.85284441629139,0.010032463359106283,12,258,0.7152893309420152,COMPLETE
95,1134.9835407763019,0.4262333367771605,0.4774596767293745,rmse,0.03324518024997063,1.5963097348506676,0.012581554942647566,10,246,0.7534967243420476,COMPLETE
96,1133.518156480558,0.14773380605686087,0.45385374851478233,rmse,0.023215974635545946,4.067538320082661,0.01658862518363032,13,230,0.7280746515980273,COMPLETE
97,1134.363470047589,0.1596789528824272,0.45672142843169977,rmse,0.06009393701401196,7.693680681615623,0.01679889871206075,15,227,0.7323721615875409,COMPLETE
98,1134.1717718712057,0.2215614641961258,0.4327601190318181,rmse,0.041731893773268657,2.2945966093778516,0.010654562567575571,13,270,0.7072055897445386,COMPLETE
99,1133.299241098698,0.14465081241602354,0.47029257121067364,rmse,0.023015850274747708,4.862260865096602,0.016470573827241444,12,236,0.7232712240744928,COMPLETE
100,1133.2079565753081,0.1349581690808347,0.48207339592594806,rmse,0.02267378845450211,4.940481198225532,0.013456715200787298,15,236,0.7262075443551155,COMPLETE
101,1133.8799519406693,0.14376781544930553,0.48238007676235223,rmse,0.033748789891921996,4.937049974235961,0.016342193300214462,15,238,0.7209507394546735,COMPLETE
102,1133.2306905516891,0.09206410502850496,0.4586436508522517,rmse,0.02235167174385878,3.569014491967208,0.01322747917438429,13,263,0.7036863957781493,COMPLETE
103,1133.49006414489,0.07617760140216281,0.4629785324367345,rmse,0.021418193206874853,3.736770890221956,0.013692693365937734,16,264,0.7254798012808945,COMPLETE
104,1133.1600645234278,0.0837283609368435,0.46059213503129,rmse,0.022968593938957046,6.424719676265272,0.013075113771976116,16,263,0.704405352953106,COMPLETE
105,1133.1376368421825,0.084559936346085,0.4794052494995561,rmse,0.022795439293919237,6.100123790826594,0.013268390352647498,16,262,0.7057686251824915,COMPLETE
106,1133.2478161680601,0.07253206849460289,0.4858520782007486,rmse,0.03885459151052545,6.655886992292161,0.013263850659740452,17,278,0.7027208062808151,COMPLETE
107,1136.439537467945,0.07493868209211159,0.5093583009241326,rmse,0.03985786438641982,6.249400488235818,0.01884596186211826,19,277,0.7031545246827595,COMPLETE
