number,value,params_alpha,params_colsample_bytree,params_eval_metric,params_gamma,params_lambda,params_learning_rate,params_max_depth,params_min_child_weight,params_subsample,state
0,1163.7504624015764,0.004872771293599976,0.507589783606154,rmse,0.004489958490145101,0.0023720308062729185,0.04053497646932999,3,136,0.7946853335773532,COMPLETE
1,1142.0081375796374,5.069153836491789,0.5638360663500075,rmse,0.03289216892760039,0.01410306211081276,0.017040376491321285,8,244,0.8717974285480855,COMPLETE
2,1188.9847830097292,2.073778298429203,0.4927362989855315,rmse,8.479396055942965,0.062393668213206584,0.006109013827780891,19,147,0.4634469788017078,COMPLETE
3,1318.0247553319623,0.01502874668333996,0.7641542783937979,rmse,1.1763390599272072,0.02630508004892735,0.0013822984318608662,13,145,0.8209770457975805,COMPLETE
4,1156.8526532121332,0.3407991928660478,0.448979838605624,rmse,3.6032750837875636,0.5365445147281612,0.02073680841692298,7,252,0.8708241606429994,COMPLETE
5,1146.8249710965,0.002892861023999182,0.3543402018221636,rmse,0.0479903956060171,0.09627277184126955,0.03192552204978647,23,186,0.5478339851126468,COMPLETE
6,1139.4602433107686,0.025157643116924193,0.490851063808454,rmse,0.06008772315858442,0.5306629411679686,0.013810624388669037,23,82,0.8117019091813158,COMPLETE
7,1316.4130977145064,1.4270048593471043,0.9559057203428121,rmse,0.003367506994529679,0.029416158908399433,0.0035412509781535457,3,291,0.6338250213469956,COMPLETE
8,1237.5897801749743,0.030455570174336206,0.596653771800342,rmse,2.3582962166938937,0.060091007000492094,0.0023729403225913,21,250,0.5030270796750405,COMPLETE
9,1319.7812705023518,4.871841455626424,0.4914663821811549,rmse,5.2584124330120865,3.8388300708268654,0.001611854116143923,19,222,0.961964002556162,COMPLETE
10,1177.8640486486515,0.13592360995271913,0.7394117188707985,rmse,0.2243101785166998,9.66451323966506,0.09716749033313869,15,38,0.6948398786989999,COMPLETE
11,1137.7927626515477,0.37231726803774406,0.3114111898005508,rmse,0.031294823235874875,0.002125768873321559,0.012563642521031978,11,65,0.9591966493893767,COMPLETE
12,1143.2340908592726,0.2437253239633273,0.3068812570477245,rmse,0.012091597170644128,0.5999079069713255,0.008365231249209659,25,65,0.9999165474131685,COMPLETE
13,1135.9095339185922,0.02879628392093095,0.3817207193079562,rmse,0.21943781659124278,0.002881344596585442,0.013902651342430107,13,86,0.9239366267796687,COMPLETE
14,1153.0088440920465,0.5137323704967198,0.3721425331751603,rmse,0.37423957259731044,0.0010328087294063208,0.006214158745401476,14,1,0.9243320014074663,COMPLETE
15,1141.0102874542401,0.001227334449632591,0.3961636118524761,rmse,0.399609319073816,0.005296892080622789,0.05455844742893406,10,105,0.7374131914429288,COMPLETE
16,1140.031186191617,0.034704058098438725,0.7045705829896565,rmse,0.00102553780892426,0.00527220204651355,0.010634477663397245,11,34,0.9249136698490282,COMPLETE
17,1171.5572984568569,0.07976615551453776,0.8630434197497625,rmse,0.13952305154271383,0.0010468012115504998,0.00346193830963516,16,108,0.6373174542545349,COMPLETE
18,1142.8588347283144,0.9443034918027731,0.3275332580716794,rmse,0.015634273952390438,0.007068588359567113,0.026421297310809774,6,57,0.8871641072890686,COMPLETE
19,1158.2791163870183,0.00944755545669782,0.414649889050301,rmse,0.7792055364922524,0.003227747133797466,0.0696397747126209,11,6,0.407350524662314,COMPLETE
20,1137.2293489623305,0.09465702066426862,0.3034406252486496,rmse,0.10732187026730623,0.012033590859766904,0.011724808866740362,18,105,0.9921922369245275,COMPLETE
21,1137.0216138830074,0.07309773613642527,0.30495238907129674,rmse,0.10824957341044528,0.013169953291886865,0.012097745657049205,17,105,0.9745845254173761,COMPLETE
22,1146.9267336443568,0.07750097513445471,0.4186555779513226,rmse,0.11412746749798561,0.012315346386403709,0.00554934470037261,17,107,0.9849974045106085,COMPLETE
23,1139.7644671053108,0.06598640297593565,0.3090496196466981,rmse,0.17452864977374924,0.016346134395147097,0.009019261933071902,18,175,0.9405240870124884,COMPLETE
24,1139.2823949167373,0.17539350475883378,0.3843515677656707,rmse,0.6094359001926666,0.19050604564927734,0.019919394596690877,13,116,0.99937727958072,COMPLETE
25,1159.784365932099,0.010049149841684138,0.6031572809355416,rmse,0.061605092081384726,0.007600203838558642,0.0041909646955029375,21,168,0.8861553101121031,COMPLETE
26,1142.7829277617088,0.043690488976997184,0.437120643126189,rmse,1.5896746531752337,0.033215428321574425,0.027905733434683357,16,86,0.7481994968100355,COMPLETE
27,1136.7007396687877,0.015745753480756138,0.3657732007482446,rmse,0.2795948741361293,0.0029034735083193724,0.014980472895296498,20,131,0.8462854948228506,COMPLETE
28,1137.203717133425,0.00519776204887012,0.5532911394504411,rmse,0.28884529106793727,0.0020173172043052457,0.015095620442822425,20,128,0.818112420539747,COMPLETE
29,1155.1012559984272,0.004506935732649832,0.6541916560652851,rmse,0.012541685660748574,0.0026514309630389092,0.03718451148425005,23,162,0.7776451592407434,COMPLETE
30,1144.1320278415367,0.014138471882169918,0.4509032023063416,rmse,0.6832883054114357,0.004035976696060108,0.007379357707642036,14,202,0.8478894027819096,COMPLETE
31,1136.7338609470944,0.0018865629004772373,0.35978494167741093,rmse,0.26943218519835893,0.0017851969490004153,0.015406392197523345,21,131,0.9071732768186501,COMPLETE
32,1138.9220979130125,0.0013006409000824851,0.3620115110619938,rmse,0.23071389740299952,0.0016227521056630602,0.02080388460578967,21,85,0.9077112636019177,COMPLETE
33,1138.8153898109085,0.0025347547860475085,0.5195928485571337,rmse,0.07776858112103437,0.0015261663987523328,0.015390561664342252,25,131,0.8578101047760787,COMPLETE
34,1152.9653155324668,0.016623640616942152,0.35291199154995817,rmse,0.03477047950052814,0.008427518451296072,0.04693201692285217,19,148,0.9099974314344974,COMPLETE
35,1142.048332693162,0.0068329769033468055,0.46241107700439954,rmse,1.4009263539797623,0.002892349051121093,0.022070080167610535,17,131,0.8466094206141683,COMPLETE
36,1138.857212252119,0.002895317645888265,0.348662902756727,rmse,0.46538242711230743,0.0035659828127213365,0.009768505322258415,22,91,0.9518353263145619,COMPLETE
37,1137.847108143355,0.021141202391911335,0.5288314263370862,rmse,0.02502568195720943,0.020820519123349448,0.01767862093683653,9,155,0.7900210957016007,COMPLETE
38,1422.0547348604653,0.047559255755625335,0.4009613856918891,rmse,1.0148564777555886,0.0422738214667349,0.0010125481820574373,13,123,0.8898820237919804,COMPLETE
39,1151.3884384791008,0.0020446390869852875,0.47076520614858036,rmse,0.15679148092393194,0.1459082774657522,0.0052289213701880105,20,187,0.837014860217254,COMPLETE
40,1153.9190096281104,0.010390025948486072,0.34978254635469563,rmse,2.1229810407731775,0.004764679997992888,0.007155251518899527,24,142,0.7036749168473134,COMPLETE
41,1137.3732619996858,0.004487808813748186,0.5756945163522282,rmse,0.3420463855939075,0.0016581668801347003,0.015347443593695291,20,125,0.8171394919152246,COMPLETE
42,1137.0421703940676,0.006222327984626794,0.5436182533785752,rmse,0.23028929895493744,0.0021581313971125197,0.013007358049725151,19,96,0.865013704270663,COMPLETE
43,1144.080141399495,0.0246085778022868,0.8031470245323271,rmse,0.07758371713925943,0.009740555797364474,0.01138468267802918,18,50,0.966267890403165,COMPLETE
44,1142.5217009450537,0.006577522308472454,0.6417440426368187,rmse,0.21366992173332136,0.0011333632887314561,0.02511963125028254,22,93,0.8720057239403181,COMPLETE
45,1148.0444366372362,0.0017659752276142147,0.43123200145965607,rmse,0.04397140079267138,0.002414928790643421,0.03544685464100493,16,74,0.9338429752738546,COMPLETE
46,1139.645981997331,9.198819261977816,0.48644537569403123,rmse,0.09369682855588679,0.0059068370691250155,0.013436301049737509,19,295,0.9096297913182504,COMPLETE
47,1142.8226835205069,0.0033964259237657863,0.38591606692522396,rmse,0.5262055964879369,0.00337136824610496,0.01770582321322639,22,43,0.9677875127875786,COMPLETE
48,1146.4537613404925,0.14581742564414601,0.936992119638141,rmse,0.26468795489378905,0.33328077188125543,0.008694523258101435,15,22,0.7676549535647499,COMPLETE
49,1140.5303157541236,0.0010040428478343113,0.34583428724996645,rmse,0.9682616826011364,0.018780839381315216,0.029697389663060157,17,75,0.8733493868239219,COMPLETE
50,1138.3129727302655,0.0527105649562175,0.3247111948715927,rmse,0.005661992954215766,0.0013683304740293042,0.012737379149062564,14,99,0.5878559934573335,COMPLETE
51,1138.013039718798,0.006110574487916791,0.5525112610450192,rmse,0.28682767677281135,0.001965860237734997,0.01718072808974263,20,117,0.8036115248309339,COMPLETE
52,1137.6026632250325,0.015583988748582543,0.626755344241103,rmse,0.15080999302927517,0.0022532589448890587,0.014612207379311353,20,143,0.912270164550459,COMPLETE
53,1137.6129978886331,0.003737197476935429,0.6966977667924399,rmse,0.373257535268852,0.004240524023829169,0.010172437954837259,19,137,0.8134838464670776,COMPLETE
54,1140.12583286066,0.03290352537688464,0.4102655769227051,rmse,0.229766314128663,1.2864641037904685,0.007463391962092539,23,118,0.8422691398679706,COMPLETE
55,1139.7214033548767,0.008778317271513604,0.5191527275934179,rmse,0.11975411670230725,0.002088596891583997,0.023257389742522314,18,99,0.9388142253312872,COMPLETE
56,1137.8048687908201,0.01960993508726702,0.37783400253433597,rmse,0.0519224300640989,0.0010357177912712814,0.011337024141852066,12,77,0.7092804122282858,COMPLETE
57,1138.4187154854321,0.01259701575544503,0.5470292405825394,rmse,0.5090834878876955,0.006676133528043597,0.020039259295680813,21,266,0.893745493456892,COMPLETE
58,1157.5903275928138,0.0018228529984427291,0.5840772104254226,rmse,4.7546023457051385,0.010872591158441355,0.013436800687183555,24,60,0.976751391828226,COMPLETE
59,1139.0591636434972,0.10817222294401833,0.3280400685782977,rmse,0.7874412184076696,0.0028126648763508568,0.016188549257525768,17,156,0.8255841984480177,COMPLETE
60,1215.7285755093951,0.005327368511578429,0.48979770329864625,rmse,0.16764230824980844,0.056942731787696294,0.009059707272539136,3,184,0.8605156145869238,COMPLETE
61,1137.128384942766,0.2453676016162849,0.310340971320773,rmse,0.09164963422056654,0.0250852635101078,0.011768435964846351,18,107,0.9928327741439067,COMPLETE
62,1136.8327680489642,0.3464491587724505,0.302175267550606,rmse,0.07856360949949791,0.02755860935721205,0.01198440957027418,15,109,0.9478407678506036,COMPLETE
63,1137.782322019685,0.67120547861718,0.3024920570198752,rmse,0.07564378139372689,0.02570191620639683,0.010877656426607648,15,109,0.9523649770029422,COMPLETE
64,1140.972752196055,0.2276288739724355,0.3310477668295712,rmse,0.09894390764937776,0.08642509859743673,0.007866371744734497,15,69,0.9797766314276307,COMPLETE
65,1143.860595809769,0.2812349983176693,0.36848312734973154,rmse,0.02202272886317888,0.014862735379256899,0.006613953723153657,16,112,0.9359881388726972,COMPLETE
66,1160.6198735338392,0.4045870423050136,0.3288366107712336,rmse,0.1912320546821342,0.032769810718239915,0.004659815673496362,13,97,0.9954271913659157,COMPLETE
67,1137.0203095543354,0.7532580129214004,0.394325592677331,rmse,0.04375232565374022,0.0455845283897299,0.01263470775653073,18,88,0.9547477579959538,COMPLETE
68,1136.1008752882062,1.9655177223960416,0.4364216762220482,rmse,0.036952705771902225,0.046029627598985524,0.01388333005215719,12,84,0.9223561719704669,COMPLETE
69,1135.1997551744464,2.505669826820517,0.4289384418923935,rmse,0.04208748837267979,0.08872320296365035,0.018237495887598765,12,84,0.9183536581671778,COMPLETE
70,1136.9743540297804,2.3395842848673754,0.4298372755870535,rmse,0.008496441956588288,0.08148143892075892,0.02511536617299421,12,83,0.9268928892030661,COMPLETE
71,1137.093848950953,2.323857411758929,0.42835733736830606,rmse,0.003996530769924911,0.14227040191453386,0.03296845329871473,10,83,0.9244817338350761,COMPLETE
72,1135.936745356801,2.1364745349513945,0.39707853189201037,rmse,0.008798330056244077,0.04798486423403086,0.018957645901381867,12,64,0.9484749906770097,COMPLETE
73,1136.7965605532197,1.7898333091411756,0.46251405867146195,rmse,0.006286457936516169,0.0811326684135915,0.019643343495417173,12,56,0.8982865930693381,COMPLETE
74,1139.0124209765956,1.5464098733014735,0.45829948377699853,rmse,0.0022100422502081877,0.2443298074364706,0.018717850890582057,12,22,0.8992778990209884,COMPLETE
75,1135.5486519083966,3.379283403066356,0.40504236040790864,rmse,0.01753503980697807,0.1298646731844248,0.022357036645205518,10,52,0.8843010442104885,COMPLETE
76,1142.0730939032044,3.452834839969284,0.44810476764050927,rmse,0.008950125257553327,0.13237906952089734,0.043139662380419504,10,49,0.8853753269380725,COMPLETE
77,1137.096381987101,6.381534023721604,0.40812103834048974,rmse,0.01865710339944193,0.7868130235969557,0.02125009369159755,8,31,0.9199102535031135,COMPLETE
78,1137.7551393289834,3.8847310907644537,0.46992754428539224,rmse,0.029279337532087533,0.11135213277189084,0.028362913001519698,11,60,0.8781377417750662,COMPLETE
79,1153.1116633449558,1.4173999695412218,0.3728890719617042,rmse,0.0027539277461159973,0.06850151864934284,0.019076069520098115,5,52,0.9045449812818116,COMPLETE
80,1139.1249816004147,2.722097903267669,0.5013728248020515,rmse,0.013586910624935087,0.20706165058654968,0.023804821865435793,9,66,0.44902960809820147,COMPLETE
81,1135.9860692942575,1.5836092723670723,0.3933630497738334,rmse,0.0062026498263690714,0.04917147985616234,0.016404182645381096,11,77,0.9488761275877652,COMPLETE
82,1136.94803661156,1.2793846774907143,0.3937387292039929,rmse,0.005975195384313878,0.046162403329173284,0.016378652503186673,11,41,0.8982891321555055,COMPLETE
83,1136.7106808471128,1.9066668671615083,0.41429717184762227,rmse,0.008123827361807024,0.06105721301716919,0.014458238656465337,12,70,0.6691247365101347,COMPLETE
84,1137.19007069638,1.0467004215073985,0.41259161858712623,rmse,0.008959292053780878,0.10733412956659334,0.015191713669524381,13,73,0.5984083540533361,COMPLETE
85,1139.0806493554512,3.6255916688939944,0.43858718048997636,rmse,0.017516037717192238,0.32061025076452254,0.014395018755089351,9,30,0.6709315144469438,COMPLETE
86,1146.5293257831154,6.639325721570581,0.3593898492210506,rmse,0.011284284130500538,0.05976135111090461,0.009741509247318933,10,80,0.6625486043831762,COMPLETE
87,1139.9199450769158,1.822647566368831,0.3833325974468085,rmse,0.03164356014922331,0.03750619551928107,0.022638183111083014,14,68,0.7281479260314708,COMPLETE
88,1135.490738890011,4.968904380211948,0.4255139149821295,rmse,0.020740071431887847,0.05580994489672845,0.0178431457603053,11,61,0.940506812986984,COMPLETE
89,1135.7341404132674,4.898560149693296,0.44576721476130465,rmse,0.004660678337156489,0.0512389455059366,0.017876807204115677,11,64,0.9607603439760054,COMPLETE
90,1247.3166447188848,5.211713127816857,0.4838387247851434,rmse,0.0011925657903254275,0.05214960085972911,0.0022137834274681347,11,62,0.9438192811277277,COMPLETE
91,1136.914007504355,3.0112320309994898,0.42010917358086897,rmse,0.02148466621439999,0.06734962075893944,0.01763287192630003,13,46,0.9238838962906095,COMPLETE
92,1136.9462807802604,9.304753487086243,0.43705722997391694,rmse,0.007436351356354847,0.1782999167977427,0.0264313425880248,12,37,0.9651200134265396,COMPLETE
93,1138.8237137659805,5.453572923101729,0.4019893801075143,rmse,0.004468803876258551,0.03749111112201949,0.01400493932820616,11,56,0.6373841978731798,COMPLETE
94,1135.2198982596924,4.302636724160351,0.4440447650390931,rmse,0.013555789334779392,0.07321796014016815,0.021440601026079996,10,91,0.9650917760473523,COMPLETE
95,1136.1812494333706,2.6876902570082093,0.4464045692958073,rmse,0.014616662978576493,0.10318810161773585,0.030257962331720963,10,90,0.9767052674784659,COMPLETE
96,1136.2840746716518,6.990055990324211,0.44719239401684546,rmse,0.010961617407666296,0.11196713774619237,0.04012994314462827,8,90,0.9825334615624033,COMPLETE
97,1136.6105246101095,4.502902115762321,0.47219488582342595,rmse,0.03586617367608748,0.09462750222374255,0.03210879705251346,10,83,0.9611488546476181,COMPLETE
98,1140.0839243426824,2.9034346278649843,0.4488837797308287,rmse,0.017496672418284825,5.426797082579021,0.021295835423266473,7,76,0.9731532725242563,COMPLETE
99,1140.2754056865701,4.2174263767775315,0.47813328401605876,rmse,0.01405494363473131,0.16029976082650127,0.05257948171359327,9,101,0.939624092953008,COMPLETE
100,1144.326417413861,1.165454589804716,0.5050848319825799,rmse,0.024470680689637904,0.29808490370238266,0.030290560949634893,11,15,0.9571808695003282,COMPLETE
101,1136.3185009848078,7.180530523228641,0.44610101074915554,rmse,0.011250632970849609,0.07308874792745108,0.04404071653367127,7,91,0.9856825355628127,COMPLETE
102,1140.7125600518423,8.036561071258593,0.39073683964615585,rmse,0.010568615031084715,0.12053689626344295,0.07024977641512005,8,93,0.9834285253515208,COMPLETE
103,1137.4533683822217,5.921773679228238,0.4261991231827339,rmse,0.0033486123057653748,0.09764862978560292,0.03892477660094889,10,63,0.9990802285699345,COMPLETE
104,1140.525291737559,2.501100072727104,0.4594754765607794,rmse,0.004909717189527783,0.23800301234707452,0.034446247225639465,11,53,0.9181001094267882,COMPLETE
105,1135.948778958118,3.1946793272321017,0.526791015909707,rmse,0.014706252577490902,0.05058599524867794,0.027312374889608842,9,77,0.9736948026090786,COMPLETE
106,1137.2802145982716,3.103510888202585,0.5309737369237936,rmse,0.014716089883670862,0.05066974973290587,0.017723659371137984,9,72,0.935025981513576,COMPLETE
107,1135.5364859354318,2.139774421270301,0.3825228982861107,rmse,0.026901377451717435,0.01990370140969713,0.022632479993869248,10,81,0.9689326335816707,COMPLETE
