number,value,params_alpha,params_colsample_bytree,params_eval_metric,params_lambda,params_learning_rate,params_max_depth,params_min_child_weight,params_subsample,state
0,,7.474115624759359,0.4357536897654929,rmse,0.0015675512866187191,0.06366356727688269,15,221,0.5722789138636392,FAIL
1,1173.931790280049,1.1512022187373891,0.3300744064290676,rmse,0.8735511665575837,0.029279986625702522,12,297,0.8024918981944043,COMPLETE
2,1221.5772258345808,0.027813453997174577,0.5874897155034424,rmse,0.0025878027927151302,0.01870706597134871,3,57,0.7080848554482884,COMPLETE
3,1176.7328625280966,5.312879127140188,0.5837198854137016,rmse,0.26229152878949996,0.02922926828485899,19,236,0.8002997883267083,COMPLETE
4,1179.0448013352905,1.3362784867529829,0.5433745143504394,rmse,7.162420812059604,0.02556404842986123,8,232,0.6313661180289057,COMPLETE
5,1194.3407541986644,0.0026065061784078646,0.6700001633325535,rmse,8.234250637224015,0.08719416231910707,13,258,0.7132754746090195,COMPLETE
6,1203.5450513069493,0.055663937349833666,0.7552702316983175,rmse,0.6915414084970867,0.017772535574255583,4,71,0.6568274354211749,COMPLETE
7,1275.8324221802372,0.5235573706853608,0.8870950477268118,rmse,0.0060415132862977035,0.0013074807466456335,24,40,0.8870971347437087,COMPLETE
8,1202.2462797671537,6.642866376537022,0.6935442746748968,rmse,0.10941753586304956,0.002667143465294732,9,26,0.4881297987396094,COMPLETE
9,1235.84164964466,0.044632022055676665,0.3844649961764941,rmse,0.05003093099843366,0.06316870828045328,20,4,0.8339353763995117,COMPLETE
10,1185.9644295297414,0.40127418819832644,0.8581284977440937,rmse,2.8623491514920083,0.006151029744942741,15,246,0.9012982990173979,COMPLETE
11,1180.715029011985,0.001225443668663059,0.3460690422622975,rmse,0.018844411558505546,0.006061330019600233,13,159,0.9920508301903521,COMPLETE
12,1179.9646460454492,8.772122395847989,0.4807345835638575,rmse,0.4039246604876527,0.039967615992288895,18,293,0.8027430066745344,COMPLETE
13,1189.058911220608,1.915243615902862,0.4563553187044732,rmse,0.6642727369969026,0.038106238961546905,25,185,0.5247551303507356,COMPLETE
14,1178.750815697688,2.4481494186131045,0.35495757405008266,rmse,0.1937608029721899,0.009424862236097866,19,299,0.7839011007682073,COMPLETE
15,1174.5777178808128,0.21675344413874864,0.7935417011461355,rmse,2.3290994373673115,0.01441108661929529,15,205,0.9515051438786943,COMPLETE
16,1179.5798361170523,0.2482649879025254,0.9830200149619803,rmse,1.8338398019310653,0.01196925734438041,10,114,0.9613076670444735,COMPLETE
17,1185.0474853092599,0.009216120798543151,0.7928512931337037,rmse,1.8756315645749642,0.004051478562997497,16,174,0.9108226027048992,COMPLETE
18,1181.1379709348982,0.12587272299925495,0.9451907606482037,rmse,1.2757827183828954,0.012949730884007658,11,204,0.5887816340165555,COMPLETE
19,1183.1043717306402,0.7686131544116361,0.7523649010843891,rmse,3.693202485551313,0.05704879771637965,7,124,0.40408409576640153,COMPLETE
20,1187.6159317656613,0.16977418419199025,0.83438763400134,rmse,0.035684418751368026,0.007407649173066458,12,274,0.7529797687035289,COMPLETE
21,1171.3982260345153,0.014407236416775576,0.4207527571614095,rmse,0.8372931203818452,0.017383667149054833,16,210,0.8641618340301136,COMPLETE
22,1171.29454208872,0.00992548874193978,0.3095298202714026,rmse,0.991534052839856,0.018750806799757172,16,210,0.8621440910181548,COMPLETE
23,1172.4811574149348,0.011446020793952481,0.30689775540760583,rmse,0.5820482157605052,0.023821289003172562,17,132,0.8486490083418499,COMPLETE
24,1173.2995131706653,0.010536897415883878,0.30255536970582,rmse,0.13601093037517328,0.020834778407359783,22,136,0.8628737469377716,COMPLETE
25,1185.8772217462129,0.005771560005165976,0.40685777311633897,rmse,0.45147055964644023,0.0433427326245438,17,91,0.8586798476439322,COMPLETE
26,1173.8291731856345,0.022707752895539696,0.43738851236782916,rmse,0.29395229984048715,0.02377558412867326,17,210,0.7459526260300204,COMPLETE
27,1171.0737560872294,0.004790041066368291,0.5022457851358597,rmse,0.055382187300795846,0.009597203380313418,20,144,0.9421799997378759,COMPLETE
28,1179.7558275767135,0.0041698292678444635,0.49959173222423425,rmse,0.04777791535313364,0.004105197011884266,21,159,0.9397750316394266,COMPLETE
29,1173.1042267896687,0.0014713129761446443,0.5158818858627691,rmse,0.013131381958170263,0.008362579714203185,23,187,0.9957387689832322,COMPLETE
30,1176.3497793070935,0.0025328883458812126,0.415410279974342,rmse,0.09382601920547211,0.004378108085867985,21,102,0.9167459178343058,COMPLETE
31,1196.665460281632,0.020007644931252146,0.6004067574656877,rmse,0.00102488255262297,0.0021344768805801797,14,147,0.8199435886991235,COMPLETE
32,1171.5426526794201,0.009774305447652913,0.34514267514094193,rmse,0.9265432091033857,0.015569620635305358,17,222,0.8574280052548608,COMPLETE
33,1171.4760515604569,0.005849708516078337,0.3667228247260975,rmse,1.1640516767536306,0.016238775283131956,19,211,0.8794951406059042,COMPLETE
34,1170.9868233506043,0.0045794011549166,0.3793831234156657,rmse,4.808093312140617,0.011703345913609586,19,173,0.9256461488334254,COMPLETE
35,1172.1587695083283,0.053171573390607955,0.5629222145953318,rmse,4.3942352306295716,0.010905766073686872,20,178,0.942984901725403,COMPLETE
36,1176.0674514154634,0.0029067091624183083,0.6256974867419655,rmse,5.08288291342343,0.03318794004257186,15,256,0.7723510971518289,COMPLETE
37,1177.9661795236043,0.016376559100122385,0.46243649456449304,rmse,9.116964062237901,0.006571904435987619,22,232,0.9711445774233858,COMPLETE
38,1171.6703493722134,0.0386795420452426,0.40737713311670254,rmse,0.20333840039559678,0.009451812113839877,18,167,0.9273779503225541,COMPLETE
39,1173.5481506907447,0.001977733251089042,0.5343032512232488,rmse,0.07341541392714414,0.02690219512360406,13,193,0.7178660574570519,COMPLETE
40,1170.8987210551552,0.085113442256388,0.3899209639279323,rmse,0.018566521628527868,0.018635387701250925,20,148,0.8866984650737613,COMPLETE
41,1172.9800819234063,0.07515504277069344,0.38032990449662035,rmse,0.005652548190256812,0.018946237476855296,24,147,0.8182495692870625,COMPLETE
42,1170.3326770028928,0.0050559721885853216,0.43043304394234777,rmse,0.021384904365845843,0.013055707491365748,20,77,0.8902180612199933,COMPLETE
43,1169.9136043005358,0.00461241865578986,0.30466869597262747,rmse,0.024389257218681012,0.011293850656650103,20,88,0.9008731515349537,COMPLETE
44,1174.4613543372204,0.005015446973946744,0.38024942389543975,rmse,0.023345475719853896,0.005122432132780886,20,73,0.9005573067202973,COMPLETE
45,1172.2901633580573,0.0038840778776716503,0.48531562282834867,rmse,0.007760180264086342,0.012333991031751666,22,50,0.887897732722103,COMPLETE
46,1169.7049763502537,0.0017978447675607925,0.44794335463494983,rmse,0.013056725915041282,0.010634840805475615,21,74,0.9676595849241707,COMPLETE
47,1183.1290418894741,0.0011257832248611828,0.3339797829374336,rmse,0.003371005712896888,0.003110345242601344,25,79,0.9814586428796123,COMPLETE
48,1173.2812430564188,0.02981784646877659,0.4482432870364848,rmse,0.011644953904724236,0.007493939443274247,23,31,0.9169775035462591,COMPLETE
49,1174.3928164668362,0.001756017760962764,0.6831252146523215,rmse,0.027482535034692234,0.01400740893630259,21,58,0.6698424461744609,COMPLETE
50,1182.9728151114327,0.007116874701979186,0.3359250600297621,rmse,0.01399540102124478,0.01092351404135083,19,10,0.9673975118721183,COMPLETE
51,1178.5972562891923,0.003154479043487048,0.3994405855831275,rmse,0.006875554833141186,0.031805890123422303,18,102,0.8222361393587019,COMPLETE
52,1169.928526464707,0.0023069360887966496,0.4683023358530314,rmse,0.05152701533716238,0.009033745978990067,20,85,0.94108658143587,COMPLETE
53,1170.259599345508,0.0020476379178447296,0.4685270005872182,rmse,0.019236328520616717,0.008302056127248833,23,87,0.8984020326675711,COMPLETE
54,1172.4831189642423,0.0010780623429344277,0.46766186391674747,rmse,0.03347905585550727,0.005422137394647126,23,59,0.8872664437472663,COMPLETE
55,1171.4349480119467,0.001975262472075683,0.5504971584130154,rmse,0.018307998872144075,0.008904678022012055,24,100,0.995970773998454,COMPLETE
56,1170.5872791383345,0.0019022684798849472,0.4360615804659238,rmse,0.009752812102657124,0.007587181725266891,21,84,0.965616120077139,COMPLETE
57,1170.8699682976396,0.0023905098240521116,0.521293990158123,rmse,0.0046337585478012635,0.007435516546558636,22,81,0.9674877460106257,COMPLETE
58,1224.83057325398,0.0013878462706188419,0.5756308483488665,rmse,0.00997894545845015,0.006382747756258341,5,116,0.9539262080576059,COMPLETE
59,1176.5175272486492,0.0075321742808743385,0.4349524277465739,rmse,0.03789584651916041,0.0032535147594930296,24,89,0.9064583728924865,COMPLETE
60,1175.7108857559317,0.0032169189773708826,0.6464108904341932,rmse,0.008795165366307017,0.013590608904423445,21,42,0.9360038153502361,COMPLETE
61,1170.5658343920475,0.0016170143180437781,0.48477952918708134,rmse,0.002011841302253994,0.008659804603093214,23,62,0.7919993455531348,COMPLETE
62,1170.4851912040244,0.0016577690856427012,0.47833145862044807,rmse,0.0019125961286211057,0.008362837523767932,25,67,0.8445449996567095,COMPLETE
63,1171.0657337481607,0.0014160873354146367,0.4802325023211297,rmse,0.0016998783278953373,0.010254293704089366,25,65,0.796631244711685,COMPLETE
64,1173.3967803196472,0.0010075330638038324,0.5931702906221151,rmse,0.00260374942237438,0.005090166604855208,23,46,0.851300684211298,COMPLETE
65,1170.918902009995,0.0024676119846975776,0.4959573976486718,rmse,0.001268273492480668,0.008573295056084658,24,68,0.5949295844557617,COMPLETE
66,1174.3641375976863,0.001593445906040774,0.5436565644644222,rmse,0.0020141741506360025,0.006014417594027755,25,29,0.8388414516434346,COMPLETE
67,1404.889674739686,0.0033963306211963057,0.46162601129506203,rmse,0.0532063776015834,0.0010101807409508357,23,112,0.7715884313011865,COMPLETE
68,1247.4192528528094,0.006837525110455186,0.5108960360610263,rmse,0.0038789852707195246,0.09657571996208182,22,96,0.8374035625405528,COMPLETE
69,1172.9469616798526,0.0023886731081958026,0.43244684399973565,rmse,0.077071495104911,0.012934866671118851,24,51,0.8760534949299674,COMPLETE
70,1170.564954176703,4.407514376922972,0.36563624724134786,rmse,0.13410309583277663,0.009856696195311416,22,74,0.8011854988141295,COMPLETE
71,1171.527768836968,1.2034771322314588,0.3598931659772842,rmse,0.17750182289784164,0.015100141514949532,21,75,0.9025330364164479,COMPLETE
72,1171.313303502356,4.506822099932811,0.3104591352645457,rmse,0.023898828383605294,0.010700425252299353,22,60,0.7261643988731493,COMPLETE
73,1173.2263713278974,0.6489232445636569,0.727432086441336,rmse,0.126818015093572,0.008244330014442367,19,108,0.8010414026891268,COMPLETE
74,1177.4200269369994,0.32032493107054755,0.4251102157616543,rmse,0.015496162396227125,0.009065869132512722,23,17,0.6859605566191648,COMPLETE
75,1174.9219711453575,2.77813141215945,0.3558509440148712,rmse,0.043165274108952864,0.006714846595977024,20,124,0.7460042855414997,COMPLETE
76,1172.8894612933923,0.0020935554904551483,0.3192178448580373,rmse,0.02792484022677059,0.011968623719889363,18,36,0.4027669792112741,COMPLETE
77,1170.905410276912,0.0014832186786666542,0.47819378313214556,rmse,0.08302123969148076,0.009861569830839993,25,90,0.7827065697259763,COMPLETE
78,1176.5774989286685,0.004011678257343438,0.4514047884800747,rmse,0.002292517699267519,0.0212127964882973,21,67,0.8722616140318805,COMPLETE
79,1171.997854711264,0.005321774653978513,0.40405729638865434,rmse,0.06685627268712095,0.015583995481786414,22,84,0.8242171444314543,COMPLETE
80,1173.6391023204824,0.0029354430366246294,0.5294180720160409,rmse,0.11287312160594437,0.004588970416029875,23,74,0.9212534522030722,COMPLETE
81,1173.1373634136864,0.0038073098079081237,0.37152808571431106,rmse,0.005544449612341386,0.005876779710984693,20,52,0.8964649096462144,COMPLETE
82,1170.5862509063713,0.0018076948374619105,0.45185128311803335,rmse,0.0029532122481447966,0.007478753735002024,21,82,0.9788160684912574,COMPLETE
83,1170.9357607227955,0.0013015155535568272,0.41315238638838775,rmse,0.0015700458433060296,0.007052816049203361,22,62,0.9832950593049739,COMPLETE
84,1170.4705901876946,0.0017749077179548822,0.4969409258457606,rmse,0.0031388075094428065,0.008082779998701566,19,94,0.9374430139748241,COMPLETE
85,1170.0000481870784,0.0024774089906056743,0.47010705333959124,rmse,0.3172751974441725,0.01118155517807437,19,92,0.9488409326735079,COMPLETE
86,1169.8205005630134,0.002645180885526312,0.5054430292517325,rmse,0.340968583694557,0.011460724901018224,18,97,0.9535077994383823,COMPLETE
87,1170.4418085122295,0.002457064053029823,0.5634785527842392,rmse,0.3317852541408541,0.011382166184109909,18,95,0.9336817993442721,COMPLETE
88,1171.2763826362218,0.002576462562953244,0.5718102590354832,rmse,0.33248213743226,0.01698744624094749,18,126,0.948995718119231,COMPLETE
89,1170.7906284219227,0.005906010796750568,0.6145035197547636,rmse,0.6096998230229563,0.011373028737542494,19,97,0.9318988729872778,COMPLETE
90,1170.329169861092,0.014287585108120478,0.5506118938080412,rmse,0.5011164200036071,0.013848376451319776,16,106,0.9538893285160974,COMPLETE
91,1171.716266383078,0.008627022051159883,0.5515667383579865,rmse,0.4374730856259218,0.020624983483146724,16,107,0.95400689084954,COMPLETE
92,1170.4582936124,0.004139197783006513,0.5058166273240849,rmse,0.24128208488366734,0.013812003752080245,17,117,0.9990136738567598,COMPLETE
93,1170.6839610420432,0.0047012300389414514,0.5153450054479974,rmse,0.34869791621723756,0.012900623758069208,17,119,0.9902346482282903,COMPLETE
94,1170.633030624287,0.015349090755804947,0.5308419830823357,rmse,0.23130712153983612,0.014537886539121424,15,89,0.9179084311357963,COMPLETE
95,1171.245828817085,0.011752425643640147,0.5620160699339498,rmse,0.4936682365237435,0.011966103433222975,16,137,0.9580248643765399,COMPLETE
96,1170.4513671732625,0.0036504538981400707,0.5031649713415376,rmse,0.17565722607110934,0.013460012775561445,18,104,0.9968091665285338,COMPLETE
97,1170.9434367253891,0.0031174216409138064,0.47016651394134384,rmse,0.7522221792817313,0.01769447012856817,18,105,0.9741543814546496,COMPLETE
98,1172.05470685815,0.00592393143349504,0.642735393534139,rmse,0.1818987545346497,0.01091234356774957,14,86,0.9303123883477136,COMPLETE
99,1170.1241389248573,0.0034784030643151185,0.4436764769257645,rmse,0.15274799882435283,0.015959638276002434,18,99,0.9456034889586683,COMPLETE
100,1171.2709724499077,0.0021400045914581048,0.3947931724466956,rmse,0.5222313207817627,0.01567613838483358,20,78,0.9116208103067744,COMPLETE
101,1177.3576435992009,0.002660069390969077,0.4423969103460109,rmse,1.6038446149807126,0.02199617378946464,20,97,0.4586544722967607,COMPLETE
102,1170.2673297062352,0.0034765077343883685,0.4880260075261668,rmse,0.26931709514595464,0.010148108315410834,19,109,0.9461840933404124,COMPLETE
103,1169.9402296796682,0.00841456958500932,0.4622405208821466,rmse,0.3011669881477024,0.01023622327740942,19,111,0.9466447451526808,COMPLETE
104,1170.045944584305,0.0077380417034622435,0.4238664263822979,rmse,0.2689283825340886,0.009876188722498158,19,126,0.9446627945637653,COMPLETE
105,1169.989914961763,0.007727881389565635,0.45250642455368983,rmse,0.25877713450469597,0.010661338342895973,19,109,0.9529940987081081,COMPLETE
106,1170.537692765811,0.008312103706752906,0.45844976132613235,rmse,0.27119649076628033,0.00936553004723867,19,133,0.946633214330601,COMPLETE
107,1170.879727160246,0.0066030510722545795,0.42283575638409077,rmse,0.15123000704041706,0.010239060817276007,19,157,0.9675718522278729,COMPLETE
108,1170.3547380223868,0.02198316261550698,0.48974035055951415,rmse,0.09501372913928155,0.009306961354416908,19,113,0.9807711305342928,COMPLETE
