Trial 984 finished with value: 0.9033333333333333 and parameters: {'tree_method': 'gpu_hist', 'lambda': 0.00021164987371654874, 'alpha': 0.00022843982167802503, 'colsample_bytree': 0.3367538862138499, 'subsample': 0.8509071416639193, 'learning_rate': 0.07962546508442656, 'max_depth': 3, 'min_child_weight': 1, 'eval_metric': 'logloss'}. Best is trial 478 with value: 0.91195.
start listen on 10.110.42.71:35119
@tracker All of 1 nodes getting started
@tracker All nodes finishes job
start listen on 10.110.42.71:50489
@tracker All of 1 nodes getting started
@tracker All nodes finishes job
start listen on 10.110.42.71:39013
@tracker All of 1 nodes getting started
@tracker All nodes finishes job
start listen on 10.110.42.71:33741
@tracker All of 1 nodes getting started
@tracker All nodes finishes job
start listen on 10.110.42.71:43677
@tracker All of 1 nodes getting started
@tracker All nodes finishes job
Trial 985 finished with value: 0.9099 and parameters: {'tree_method': 'gpu_hist', 'lambda': 0.0002683107663229519, 'alpha': 0.00015207341885002605, 'colsample_bytree': 0.3995520339824907, 'subsample': 0.8235982445152383, 'learning_rate': 0.07092407981816497, 'max_depth': 9, 'min_child_weight': 7, 'eval_metric': 'logloss'}. Best is trial 478 with value: 0.91195.
start listen on 10.110.42.71:49969
@tracker All of 1 nodes getting started
@tracker All nodes finishes job
start listen on 10.110.42.71:51905
@tracker All of 1 nodes getting started
@tracker All nodes finishes job
start listen on 10.110.42.71:45867
@tracker All of 1 nodes getting started
@tracker All nodes finishes job
start listen on 10.110.42.71:50921
@tracker All of 1 nodes getting started
@tracker All nodes finishes job
start listen on 10.110.42.71:49779
@tracker All of 1 nodes getting started
@tracker All nodes finishes job
Trial 986 finished with value: 0.9104 and parameters: {'tree_method': 'gpu_hist', 'lambda': 0.00021053554440892696, 'alpha': 0.0002579813342210934, 'colsample_bytree': 0.3480271752828575, 'subsample': 0.8793671633410404, 'learning_rate': 0.08161565129935192, 'max_depth': 7, 'min_child_weight': 12, 'eval_metric': 'logloss'}. Best is trial 478 with value: 0.91195.
start listen on 10.110.42.71:52931
@tracker All of 1 nodes getting started
@tracker All nodes finishes job
start listen on 10.110.42.71:42807
@tracker All of 1 nodes getting started
@tracker All nodes finishes job
start listen on 10.110.42.71:55845
@tracker All of 1 nodes getting started
@tracker All nodes finishes job
start listen on 10.110.42.71:50765
@tracker All of 1 nodes getting started
@tracker All nodes finishes job
start listen on 10.110.42.71:35653
@tracker All of 1 nodes getting started
@tracker All nodes finishes job
Trial 987 finished with value: 0.9106333333333333 and parameters: {'tree_method': 'gpu_hist', 'lambda': 0.00017225166007279216, 'alpha': 0.0002064499594232385, 'colsample_bytree': 0.4333847313582026, 'subsample': 0.8270029254712338, 'learning_rate': 0.08045162904823189, 'max_depth': 7, 'min_child_weight': 6, 'eval_metric': 'logloss'}. Best is trial 478 with value: 0.91195.
start listen on 10.110.42.71:55127
@tracker All of 1 nodes getting started
@tracker All nodes finishes job
start listen on 10.110.42.71:40321
@tracker All of 1 nodes getting started
@tracker All nodes finishes job
start listen on 10.110.42.71:42095
@tracker All of 1 nodes getting started
@tracker All nodes finishes job
start listen on 10.110.42.71:48439
@tracker All of 1 nodes getting started
@tracker All nodes finishes job
start listen on 10.110.42.71:41079
@tracker All of 1 nodes getting started
@tracker All nodes finishes job
Trial 988 finished with value: 0.91035 and parameters: {'tree_method': 'gpu_hist', 'lambda': 0.0003079692417522855, 'alpha': 0.00017049045968804352, 'colsample_bytree': 0.4162626238031829, 'subsample': 0.8375740228215623, 'learning_rate': 0.07386519725534821, 'max_depth': 7, 'min_child_weight': 6, 'eval_metric': 'logloss'}. Best is trial 478 with value: 0.91195.
start listen on 10.110.42.71:55663
@tracker All of 1 nodes getting started
@tracker All nodes finishes job
start listen on 10.110.42.71:40397
@tracker All of 1 nodes getting started
@tracker All nodes finishes job
start listen on 10.110.42.71:50595
@tracker All of 1 nodes getting started
@tracker All nodes finishes job
start listen on 10.110.42.71:38365
@tracker All of 1 nodes getting started
@tracker All nodes finishes job
start listen on 10.110.42.71:34153
@tracker All of 1 nodes getting started
@tracker All nodes finishes job
Trial 989 finished with value: 0.9111166666666667 and parameters: {'tree_method': 'gpu_hist', 'lambda': 0.00015902099397815394, 'alpha': 0.0001234910630887926, 'colsample_bytree': 0.38034274471952234, 'subsample': 0.8613672614238517, 'learning_rate': 0.08586384160083935, 'max_depth': 7, 'min_child_weight': 1, 'eval_metric': 'logloss'}. Best is trial 478 with value: 0.91195.
start listen on 10.110.42.71:42567
@tracker All of 1 nodes getting started
@tracker All nodes finishes job
start listen on 10.110.42.71:32925
@tracker All of 1 nodes getting started
@tracker All nodes finishes job
start listen on 10.110.42.71:40459
@tracker All of 1 nodes getting started
@tracker All nodes finishes job
start listen on 10.110.42.71:52553
@tracker All of 1 nodes getting started
@tracker All nodes finishes job
start listen on 10.110.42.71:38991
@tracker All of 1 nodes getting started
@tracker All nodes finishes job
Trial 990 finished with value: 0.9089666666666667 and parameters: {'tree_method': 'gpu_hist', 'lambda': 0.0002027075227230558, 'alpha': 0.00028072172496127867, 'colsample_bytree': 0.39391881151129166, 'subsample': 0.8428764662799746, 'learning_rate': 0.0859981437868279, 'max_depth': 7, 'min_child_weight': 17, 'eval_metric': 'logloss'}. Best is trial 478 with value: 0.91195.
start listen on 10.110.42.71:43901
@tracker All of 1 nodes getting started
@tracker All nodes finishes job
start listen on 10.110.42.71:58533
@tracker All of 1 nodes getting started
@tracker All nodes finishes job
start listen on 10.110.42.71:51811
@tracker All of 1 nodes getting started
@tracker All nodes finishes job
start listen on 10.110.42.71:41063
@tracker All of 1 nodes getting started
@tracker All nodes finishes job
start listen on 10.110.42.71:60097
@tracker All of 1 nodes getting started
@tracker All nodes finishes job
Trial 991 finished with value: 0.90935 and parameters: {'tree_method': 'gpu_hist', 'lambda': 0.0002779668549388586, 'alpha': 0.00019458185834056164, 'colsample_bytree': 0.4108705592327681, 'subsample': 0.8141603082238305, 'learning_rate': 0.06611142227222322, 'max_depth': 15, 'min_child_weight': 11, 'eval_metric': 'logloss'}. Best is trial 478 with value: 0.91195.
start listen on 10.110.42.71:57937
@tracker All of 1 nodes getting started
@tracker All nodes finishes job
start listen on 10.110.42.71:50941
@tracker All of 1 nodes getting started
@tracker All nodes finishes job
start listen on 10.110.42.71:60445
@tracker All of 1 nodes getting started
@tracker All nodes finishes job
start listen on 10.110.42.71:39601
@tracker All of 1 nodes getting started
@tracker All nodes finishes job
start listen on 10.110.42.71:41103
@tracker All of 1 nodes getting started
@tracker All nodes finishes job
Trial 992 finished with value: 0.9074833333333333 and parameters: {'tree_method': 'gpu_hist', 'lambda': 0.00015912236190816474, 'alpha': 0.0002739550839458614, 'colsample_bytree': 0.36149509975091, 'subsample': 0.851282787009648, 'learning_rate': 0.07710283352523042, 'max_depth': 7, 'min_child_weight': 30, 'eval_metric': 'logloss'}. Best is trial 478 with value: 0.91195.
start listen on 10.110.42.71:34177
@tracker All of 1 nodes getting started
@tracker All nodes finishes job
start listen on 10.110.42.71:54269
@tracker All of 1 nodes getting started
@tracker All nodes finishes job
start listen on 10.110.42.71:46957
@tracker All of 1 nodes getting started
@tracker All nodes finishes job
start listen on 10.110.42.71:41165
@tracker All of 1 nodes getting started
@tracker All nodes finishes job
start listen on 10.110.42.71:49775
@tracker All of 1 nodes getting started
@tracker All nodes finishes job
Trial 993 finished with value: 0.91105 and parameters: {'tree_method': 'gpu_hist', 'lambda': 0.00021477839272969837, 'alpha': 0.00014318847221525958, 'colsample_bytree': 0.7778717764756833, 'subsample': 0.8238813133312441, 'learning_rate': 0.08659725062132508, 'max_depth': 7, 'min_child_weight': 1, 'eval_metric': 'logloss'}. Best is trial 478 with value: 0.91195.
start listen on 10.110.42.71:59071
@tracker All of 1 nodes getting started
@tracker All nodes finishes job
start listen on 10.110.42.71:45677
@tracker All of 1 nodes getting started
@tracker All nodes finishes job
start listen on 10.110.42.71:41681
@tracker All of 1 nodes getting started
@tracker All nodes finishes job
start listen on 10.110.42.71:48773
@tracker All of 1 nodes getting started
@tracker All nodes finishes job
start listen on 10.110.42.71:39877
@tracker All of 1 nodes getting started
@tracker All nodes finishes job
Trial 994 finished with value: 0.90915 and parameters: {'tree_method': 'gpu_hist', 'lambda': 0.0001458566571454142, 'alpha': 0.0002400987908409726, 'colsample_bytree': 0.4365052943402641, 'subsample': 0.8387979193512757, 'learning_rate': 0.07255306375945446, 'max_depth': 7, 'min_child_weight': 14, 'eval_metric': 'logloss'}. Best is trial 478 with value: 0.91195.
start listen on 10.110.42.71:35381
@tracker All of 1 nodes getting started
@tracker All nodes finishes job
start listen on 10.110.42.71:52357
@tracker All of 1 nodes getting started
@tracker All nodes finishes job
start listen on 10.110.42.71:52927
@tracker All of 1 nodes getting started
@tracker All nodes finishes job
start listen on 10.110.42.71:55591
@tracker All of 1 nodes getting started
@tracker All nodes finishes job
start listen on 10.110.42.71:45843
@tracker All of 1 nodes getting started
@tracker All nodes finishes job
Trial 995 finished with value: 0.9092833333333333 and parameters: {'tree_method': 'gpu_hist', 'lambda': 0.0001934115742720597, 'alpha': 0.0003196734566721938, 'colsample_bytree': 0.4201149281726359, 'subsample': 0.8319488929871794, 'learning_rate': 0.08049733771513626, 'max_depth': 7, 'min_child_weight': 7, 'eval_metric': 'logloss'}. Best is trial 478 with value: 0.91195.
start listen on 10.110.42.71:55803
@tracker All of 1 nodes getting started
@tracker All nodes finishes job
start listen on 10.110.42.71:48661
@tracker All of 1 nodes getting started
@tracker All nodes finishes job
start listen on 10.110.42.71:60335
@tracker All of 1 nodes getting started
@tracker All nodes finishes job
start listen on 10.110.42.71:54409
@tracker All of 1 nodes getting started
@tracker All nodes finishes job
start listen on 10.110.42.71:56419
@tracker All of 1 nodes getting started
@tracker All nodes finishes job
Trial 996 finished with value: 0.9108833333333334 and parameters: {'tree_method': 'gpu_hist', 'lambda': 4.107784611562711, 'alpha': 0.0001864797867680602, 'colsample_bytree': 0.380110078439921, 'subsample': 0.8454572441856424, 'learning_rate': 0.08991739570973253, 'max_depth': 7, 'min_child_weight': 1, 'eval_metric': 'logloss'}. Best is trial 478 with value: 0.91195.
start listen on 10.110.42.71:54211
@tracker All of 1 nodes getting started
@tracker All nodes finishes job
start listen on 10.110.42.71:50159
@tracker All of 1 nodes getting started
@tracker All nodes finishes job
start listen on 10.110.42.71:45381
@tracker All of 1 nodes getting started
@tracker All nodes finishes job
start listen on 10.110.42.71:38565
@tracker All of 1 nodes getting started
@tracker All nodes finishes job
start listen on 10.110.42.71:51041
@tracker All of 1 nodes getting started
@tracker All nodes finishes job
Trial 997 finished with value: 0.9107 and parameters: {'tree_method': 'gpu_hist', 'lambda': 0.00032677925874719015, 'alpha': 0.00024666777006043404, 'colsample_bytree': 0.4006208470217138, 'subsample': 0.8700786751769458, 'learning_rate': 0.07962206012094447, 'max_depth': 7, 'min_child_weight': 7, 'eval_metric': 'logloss'}. Best is trial 478 with value: 0.91195.
start listen on 10.110.42.71:36265
@tracker All of 1 nodes getting started
@tracker All nodes finishes job
start listen on 10.110.42.71:34649
@tracker All of 1 nodes getting started
@tracker All nodes finishes job
start listen on 10.110.42.71:48691
@tracker All of 1 nodes getting started
@tracker All nodes finishes job
start listen on 10.110.42.71:60113
@tracker All of 1 nodes getting started
@tracker All nodes finishes job
start listen on 10.110.42.71:33983
@tracker All of 1 nodes getting started
@tracker All nodes finishes job
Trial 998 finished with value: 0.9078833333333334 and parameters: {'tree_method': 'gpu_hist', 'lambda': 0.007886998641048276, 'alpha': 0.00010025806169983116, 'colsample_bytree': 0.42460114063166654, 'subsample': 0.9028800350590165, 'learning_rate': 0.0647376057567382, 'max_depth': 7, 'min_child_weight': 22, 'eval_metric': 'logloss'}. Best is trial 478 with value: 0.91195.
start listen on 10.110.42.71:45515
@tracker All of 1 nodes getting started
@tracker All nodes finishes job
start listen on 10.110.42.71:38509
@tracker All of 1 nodes getting started
@tracker All nodes finishes job
start listen on 10.110.42.71:43953
@tracker All of 1 nodes getting started
@tracker All nodes finishes job
start listen on 10.110.42.71:34481
@tracker All of 1 nodes getting started
@tracker All nodes finishes job
start listen on 10.110.42.71:52291
@tracker All of 1 nodes getting started
@tracker All nodes finishes job
Trial 999 finished with value: 0.9082166666666667 and parameters: {'tree_method': 'gpu_hist', 'lambda': 0.0001656858939776091, 'alpha': 0.00015047420389105174, 'colsample_bytree': 0.4413155493941911, 'subsample': 0.825578232991978, 'learning_rate': 0.09182988087997923, 'max_depth': 13, 'min_child_weight': 11, 'eval_metric': 'logloss'}. Best is trial 478 with value: 0.91195.
start listen on 10.110.42.71:41063
@tracker All of 1 nodes getting started
@tracker All nodes finishes job
start listen on 10.110.42.71:41359
@tracker All of 1 nodes getting started
@tracker All nodes finishes job
start listen on 10.110.42.71:41359
@tracker All of 1 nodes getting started
@tracker All nodes finishes job
start listen on 10.110.42.71:35649
@tracker All of 1 nodes getting started
@tracker All nodes finishes job
start listen on 10.110.42.71:42045
@tracker All of 1 nodes getting started
@tracker All nodes finishes job
Trial 1000 finished with value: 0.9115333333333333 and parameters: {'tree_method': 'gpu_hist', 'lambda': 0.00024755871984583603, 'alpha': 0.00032256526948855655, 'colsample_bytree': 0.37020400117184427, 'subsample': 0.8173986958614569, 'learning_rate': 0.08681113982285521, 'max_depth': 7, 'min_child_weight': 1, 'eval_metric': 'logloss'}. Best is trial 478 with value: 0.91195.
start listen on 10.110.42.71:39457
@tracker All of 1 nodes getting started
@tracker All nodes finishes job
start listen on 10.110.42.71:37835
@tracker All of 1 nodes getting started
@tracker All nodes finishes job
start listen on 10.110.42.71:54251
@tracker All of 1 nodes getting started
@tracker All nodes finishes job
start listen on 10.110.42.71:45247
@tracker All of 1 nodes getting started
@tracker All nodes finishes job
start listen on 10.110.42.71:58857
@tracker All of 1 nodes getting started
@tracker All nodes finishes job
Trial 1001 finished with value: 0.9104 and parameters: {'tree_method': 'gpu_hist', 'lambda': 0.0003530181803748733, 'alpha': 0.0003079825932217587, 'colsample_bytree': 0.3178006213164445, 'subsample': 0.8175897268338856, 'learning_rate': 0.07012697695260552, 'max_depth': 7, 'min_child_weight': 6, 'eval_metric': 'logloss'}. Best is trial 478 with value: 0.91195.
start listen on 10.110.42.71:57773
@tracker All of 1 nodes getting started
@tracker All nodes finishes job
start listen on 10.110.42.71:53233
@tracker All of 1 nodes getting started
@tracker All nodes finishes job
start listen on 10.110.42.71:40257
@tracker All of 1 nodes getting started
@tracker All nodes finishes job
start listen on 10.110.42.71:58611
@tracker All of 1 nodes getting started
@tracker All nodes finishes job
start listen on 10.110.42.71:48807
@tracker All of 1 nodes getting started
@tracker All nodes finishes job
Trial 1002 finished with value: 0.9085833333333333 and parameters: {'tree_method': 'gpu_hist', 'lambda': 0.0002588858397999892, 'alpha': 0.2144819639326921, 'colsample_bytree': 0.35644920667786345, 'subsample': 0.8202288964041244, 'learning_rate': 0.07519791490374605, 'max_depth': 20, 'min_child_weight': 15, 'eval_metric': 'logloss'}. Best is trial 478 with value: 0.91195.
start listen on 10.110.42.71:37673
@tracker All of 1 nodes getting started
@tracker All nodes finishes job
start listen on 10.110.42.71:43419
@tracker All of 1 nodes getting started
@tracker All nodes finishes job
start listen on 10.110.42.71:48615
@tracker All of 1 nodes getting started
@tracker All nodes finishes job
start listen on 10.110.42.71:49329
@tracker All of 1 nodes getting started
@tracker All nodes finishes job
start listen on 10.110.42.71:34659
@tracker All of 1 nodes getting started
@tracker All nodes finishes job
Trial 1003 finished with value: 0.9111 and parameters: {'tree_method': 'gpu_hist', 'lambda': 0.00033000931035793236, 'alpha': 0.0002400312477384502, 'colsample_bytree': 0.3922624015937886, 'subsample': 0.8132947981058654, 'learning_rate': 0.0815428573180991, 'max_depth': 7, 'min_child_weight': 1, 'eval_metric': 'logloss'}. Best is trial 478 with value: 0.91195.
start listen on 10.110.42.71:42055
@tracker All of 1 nodes getting started
@tracker All nodes finishes job
start listen on 10.110.42.71:60251
@tracker All of 1 nodes getting started
@tracker All nodes finishes job
start listen on 10.110.42.71:60181
@tracker All of 1 nodes getting started
@tracker All nodes finishes job
start listen on 10.110.42.71:57089
@tracker All of 1 nodes getting started
@tracker All nodes finishes job
start listen on 10.110.42.71:49497
@tracker All of 1 nodes getting started
@tracker All nodes finishes job
Trial 1004 finished with value: 0.9105833333333333 and parameters: {'tree_method': 'gpu_hist', 'lambda': 0.0002848944417294734, 'alpha': 0.00020481512342213044, 'colsample_bytree': 0.33875050546558105, 'subsample': 0.9240423138336251, 'learning_rate': 0.0918299538035796, 'max_depth': 7, 'min_child_weight': 7, 'eval_metric': 'logloss'}. Best is trial 478 with value: 0.91195.
start listen on 10.110.42.71:60509
@tracker All of 1 nodes getting started
@tracker All nodes finishes job
start listen on 10.110.42.71:59215
@tracker All of 1 nodes getting started
@tracker All nodes finishes job
start listen on 10.110.42.71:58647
@tracker All of 1 nodes getting started
@tracker All nodes finishes job
start listen on 10.110.42.71:37493
@tracker All of 1 nodes getting started
@tracker All nodes finishes job
start listen on 10.110.42.71:56597
@tracker All of 1 nodes getting started
@tracker All nodes finishes job
Trial 1005 finished with value: 0.90055 and parameters: {'tree_method': 'gpu_hist', 'lambda': 0.0002605834325434426, 'alpha': 0.00026820231773755983, 'colsample_bytree': 0.41183757187323583, 'subsample': 0.8355605244686144, 'learning_rate': 0.013400466516330747, 'max_depth': 7, 'min_child_weight': 12, 'eval_metric': 'logloss'}. Best is trial 478 with value: 0.91195.
start listen on 10.110.42.71:47561
@tracker All of 1 nodes getting started
@tracker All nodes finishes job
start listen on 10.110.42.71:39491
@tracker All of 1 nodes getting started
@tracker All nodes finishes job
start listen on 10.110.42.71:54885
@tracker All of 1 nodes getting started
@tracker All nodes finishes job
start listen on 10.110.42.71:39983
@tracker All of 1 nodes getting started
@tracker All nodes finishes job
start listen on 10.110.42.71:45575
@tracker All of 1 nodes getting started
@tracker All nodes finishes job
Trial 1006 finished with value: 0.9098333333333334 and parameters: {'tree_method': 'gpu_hist', 'lambda': 0.0002300990289209957, 'alpha': 0.0003327854511599881, 'colsample_bytree': 0.4410674010082611, 'subsample': 0.8216328867218061, 'learning_rate': 0.06979727923349152, 'max_depth': 7, 'min_child_weight': 1, 'eval_metric': 'logloss'}. Best is trial 478 with value: 0.91195.
start listen on 10.110.42.71:48121
@tracker All of 1 nodes getting started
@tracker All nodes finishes job
start listen on 10.110.42.71:45039
@tracker All of 1 nodes getting started
@tracker All nodes finishes job
start listen on 10.110.42.71:53813
@tracker All of 1 nodes getting started
@tracker All nodes finishes job
start listen on 10.110.42.71:41907
@tracker All of 1 nodes getting started
@tracker All nodes finishes job
start listen on 10.110.42.71:47489
@tracker All of 1 nodes getting started
@tracker All nodes finishes job
Trial 1007 finished with value: 0.9104 and parameters: {'tree_method': 'gpu_hist', 'lambda': 0.0004483639882558627, 'alpha': 0.00033228184609900577, 'colsample_bytree': 0.3509061403889525, 'subsample': 0.9112983288810468, 'learning_rate': 0.09172802074530263, 'max_depth': 7, 'min_child_weight': 7, 'eval_metric': 'logloss'}. Best is trial 478 with value: 0.91195.
start listen on 10.110.42.71:36419
@tracker All of 1 nodes getting started
@tracker All nodes finishes job
start listen on 10.110.42.71:34107
@tracker All of 1 nodes getting started
@tracker All nodes finishes job
start listen on 10.110.42.71:49989
@tracker All of 1 nodes getting started
@tracker All nodes finishes job
start listen on 10.110.42.71:44673
@tracker All of 1 nodes getting started
@tracker All nodes finishes job
start listen on 10.110.42.71:50095
@tracker All of 1 nodes getting started
@tracker All nodes finishes job
