Trial 744 finished with value: 0.9081333333333333 and parameters: {'tree_method': 'gpu_hist', 'lambda': 0.0001234143973474167, 'alpha': 0.0004921341229872672, 'colsample_bytree': 0.3431793102423713, 'subsample': 0.7261656948410105, 'learning_rate': 0.06570710631280052, 'max_depth': 7, 'min_child_weight': 17, 'eval_metric': 'logloss'}. Best is trial 478 with value: 0.91195.
start listen on 10.110.42.71:57545
@tracker All of 1 nodes getting started
@tracker All nodes finishes job
start listen on 10.110.42.71:60245
@tracker All of 1 nodes getting started
@tracker All nodes finishes job
start listen on 10.110.42.71:59993
@tracker All of 1 nodes getting started
@tracker All nodes finishes job
start listen on 10.110.42.71:37105
@tracker All of 1 nodes getting started
@tracker All nodes finishes job
start listen on 10.110.42.71:52931
@tracker All of 1 nodes getting started
@tracker All nodes finishes job
Trial 745 finished with value: 0.91035 and parameters: {'tree_method': 'gpu_hist', 'lambda': 0.0002552091920899163, 'alpha': 0.00025257710755200856, 'colsample_bytree': 0.4401743109587805, 'subsample': 0.9736050865572904, 'learning_rate': 0.08703155369998453, 'max_depth': 7, 'min_child_weight': 6, 'eval_metric': 'logloss'}. Best is trial 478 with value: 0.91195.
start listen on 10.110.42.71:45463
@tracker All of 1 nodes getting started
@tracker All nodes finishes job
start listen on 10.110.42.71:50729
@tracker All of 1 nodes getting started
@tracker All nodes finishes job
start listen on 10.110.42.71:57451
@tracker All of 1 nodes getting started
@tracker All nodes finishes job
start listen on 10.110.42.71:52447
@tracker All of 1 nodes getting started
@tracker All nodes finishes job
start listen on 10.110.42.71:41209
@tracker All of 1 nodes getting started
@tracker All nodes finishes job
Trial 746 finished with value: 0.9108833333333334 and parameters: {'tree_method': 'gpu_hist', 'lambda': 0.00019933833042468332, 'alpha': 0.0003608566324122569, 'colsample_bytree': 0.39516816005593575, 'subsample': 0.7820402859849852, 'learning_rate': 0.09212401130013381, 'max_depth': 7, 'min_child_weight': 1, 'eval_metric': 'logloss'}. Best is trial 478 with value: 0.91195.
start listen on 10.110.42.71:51561
@tracker All of 1 nodes getting started
@tracker All nodes finishes job
start listen on 10.110.42.71:37511
@tracker All of 1 nodes getting started
@tracker All nodes finishes job
start listen on 10.110.42.71:36067
@tracker All of 1 nodes getting started
@tracker All nodes finishes job
start listen on 10.110.42.71:44691
@tracker All of 1 nodes getting started
@tracker All nodes finishes job
start listen on 10.110.42.71:50493
@tracker All of 1 nodes getting started
@tracker All nodes finishes job
Trial 747 finished with value: 0.9093666666666667 and parameters: {'tree_method': 'gpu_hist', 'lambda': 0.003245665731504671, 'alpha': 0.00023017193390648995, 'colsample_bytree': 0.4164280291455792, 'subsample': 0.7942263432996213, 'learning_rate': 0.08007913135943916, 'max_depth': 7, 'min_child_weight': 11, 'eval_metric': 'logloss'}. Best is trial 478 with value: 0.91195.
start listen on 10.110.42.71:55275
@tracker All of 1 nodes getting started
@tracker All nodes finishes job
start listen on 10.110.42.71:56645
@tracker All of 1 nodes getting started
@tracker All nodes finishes job
start listen on 10.110.42.71:56561
@tracker All of 1 nodes getting started
@tracker All nodes finishes job
start listen on 10.110.42.71:33057
@tracker All of 1 nodes getting started
@tracker All nodes finishes job
start listen on 10.110.42.71:55563
@tracker All of 1 nodes getting started
@tracker All nodes finishes job
Trial 748 finished with value: 0.8982833333333333 and parameters: {'tree_method': 'gpu_hist', 'lambda': 0.00025226499397405783, 'alpha': 0.00012218552918051215, 'colsample_bytree': 0.4532182205409121, 'subsample': 0.7159134224582544, 'learning_rate': 0.08636911527536531, 'max_depth': 7, 'min_child_weight': 120, 'eval_metric': 'logloss'}. Best is trial 478 with value: 0.91195.
start listen on 10.110.42.71:33037
@tracker All of 1 nodes getting started
@tracker All nodes finishes job
start listen on 10.110.42.71:58897
@tracker All of 1 nodes getting started
@tracker All nodes finishes job
start listen on 10.110.42.71:35049
@tracker All of 1 nodes getting started
@tracker All nodes finishes job
start listen on 10.110.42.71:40029
@tracker All of 1 nodes getting started
@tracker All nodes finishes job
start listen on 10.110.42.71:34357
@tracker All of 1 nodes getting started
@tracker All nodes finishes job
Trial 749 finished with value: 0.9082333333333333 and parameters: {'tree_method': 'gpu_hist', 'lambda': 0.0001719531951983009, 'alpha': 0.00030247034848482975, 'colsample_bytree': 0.3608258069589065, 'subsample': 0.9151011409495601, 'learning_rate': 0.09958218430152348, 'max_depth': 17, 'min_child_weight': 6, 'eval_metric': 'logloss'}. Best is trial 478 with value: 0.91195.
start listen on 10.110.42.71:41755
@tracker All of 1 nodes getting started
@tracker All nodes finishes job
start listen on 10.110.42.71:40181
@tracker All of 1 nodes getting started
@tracker All nodes finishes job
start listen on 10.110.42.71:50351
@tracker All of 1 nodes getting started
@tracker All nodes finishes job
start listen on 10.110.42.71:44467
@tracker All of 1 nodes getting started
@tracker All nodes finishes job
start listen on 10.110.42.71:57243
@tracker All of 1 nodes getting started
@tracker All nodes finishes job
Trial 750 finished with value: 0.9088166666666667 and parameters: {'tree_method': 'gpu_hist', 'lambda': 0.00012612874994433635, 'alpha': 0.000761743582126739, 'colsample_bytree': 0.40167109330427214, 'subsample': 0.7385481822181469, 'learning_rate': 0.0737629683750554, 'max_depth': 11, 'min_child_weight': 1, 'eval_metric': 'logloss'}. Best is trial 478 with value: 0.91195.
start listen on 10.110.42.71:58633
@tracker All of 1 nodes getting started
@tracker All nodes finishes job
start listen on 10.110.42.71:59397
@tracker All of 1 nodes getting started
@tracker All nodes finishes job
start listen on 10.110.42.71:39235
@tracker All of 1 nodes getting started
@tracker All nodes finishes job
start listen on 10.110.42.71:38349
@tracker All of 1 nodes getting started
@tracker All nodes finishes job
start listen on 10.110.42.71:57751
@tracker All of 1 nodes getting started
@tracker All nodes finishes job
Trial 751 finished with value: 0.9080666666666667 and parameters: {'tree_method': 'gpu_hist', 'lambda': 0.00017229470481714565, 'alpha': 0.00020069071828788187, 'colsample_bytree': 0.38706226804916033, 'subsample': 0.7667989401834657, 'learning_rate': 0.08074551635463166, 'max_depth': 7, 'min_child_weight': 22, 'eval_metric': 'logloss'}. Best is trial 478 with value: 0.91195.
start listen on 10.110.42.71:40043
@tracker All of 1 nodes getting started
@tracker All nodes finishes job
start listen on 10.110.42.71:58757
@tracker All of 1 nodes getting started
@tracker All nodes finishes job
start listen on 10.110.42.71:34313
@tracker All of 1 nodes getting started
@tracker All nodes finishes job
start listen on 10.110.42.71:55881
@tracker All of 1 nodes getting started
@tracker All nodes finishes job
start listen on 10.110.42.71:36985
@tracker All of 1 nodes getting started
@tracker All nodes finishes job
Trial 752 finished with value: 0.9078666666666667 and parameters: {'tree_method': 'gpu_hist', 'lambda': 0.00012227141241720005, 'alpha': 0.0005350667385614588, 'colsample_bytree': 0.37493618624812364, 'subsample': 0.7327619687952593, 'learning_rate': 0.05875640882651693, 'max_depth': 5, 'min_child_weight': 11, 'eval_metric': 'logloss'}. Best is trial 478 with value: 0.91195.
start listen on 10.110.42.71:49545
@tracker All of 1 nodes getting started
@tracker All nodes finishes job
start listen on 10.110.42.71:46613
@tracker All of 1 nodes getting started
@tracker All nodes finishes job
start listen on 10.110.42.71:36487
@tracker All of 1 nodes getting started
@tracker All nodes finishes job
start listen on 10.110.42.71:43409
@tracker All of 1 nodes getting started
@tracker All nodes finishes job
start listen on 10.110.42.71:45895
@tracker All of 1 nodes getting started
@tracker All nodes finishes job
Trial 753 finished with value: 0.91095 and parameters: {'tree_method': 'gpu_hist', 'lambda': 0.00017676535162178158, 'alpha': 0.00035426712101798395, 'colsample_bytree': 0.4308631110819565, 'subsample': 0.7823380772109286, 'learning_rate': 0.09973574615375043, 'max_depth': 7, 'min_child_weight': 1, 'eval_metric': 'logloss'}. Best is trial 478 with value: 0.91195.
start listen on 10.110.42.71:41311
@tracker All of 1 nodes getting started
@tracker All nodes finishes job
start listen on 10.110.42.71:36519
@tracker All of 1 nodes getting started
@tracker All nodes finishes job
start listen on 10.110.42.71:35877
@tracker All of 1 nodes getting started
@tracker All nodes finishes job
start listen on 10.110.42.71:54477
@tracker All of 1 nodes getting started
@tracker All nodes finishes job
start listen on 10.110.42.71:50205
@tracker All of 1 nodes getting started
@tracker All nodes finishes job
Trial 754 finished with value: 0.9082833333333333 and parameters: {'tree_method': 'gpu_hist', 'lambda': 0.00010090873263319218, 'alpha': 0.0006459582904754152, 'colsample_bytree': 0.4977498364716743, 'subsample': 0.7254326651708791, 'learning_rate': 0.06545779642930853, 'max_depth': 7, 'min_child_weight': 17, 'eval_metric': 'logloss'}. Best is trial 478 with value: 0.91195.
start listen on 10.110.42.71:36419
@tracker All of 1 nodes getting started
@tracker All nodes finishes job
start listen on 10.110.42.71:48551
@tracker All of 1 nodes getting started
@tracker All nodes finishes job
start listen on 10.110.42.71:42331
@tracker All of 1 nodes getting started
@tracker All nodes finishes job
start listen on 10.110.42.71:46845
@tracker All of 1 nodes getting started
@tracker All nodes finishes job
start listen on 10.110.42.71:38163
@tracker All of 1 nodes getting started
@tracker All nodes finishes job
Trial 755 finished with value: 0.9103333333333333 and parameters: {'tree_method': 'gpu_hist', 'lambda': 0.0001624770796277506, 'alpha': 0.00027316463278924847, 'colsample_bytree': 0.4631936401468947, 'subsample': 0.7670524520786737, 'learning_rate': 0.08616183039273331, 'max_depth': 7, 'min_child_weight': 7, 'eval_metric': 'logloss'}. Best is trial 478 with value: 0.91195.
start listen on 10.110.42.71:52201
@tracker All of 1 nodes getting started
@tracker All nodes finishes job
start listen on 10.110.42.71:45211
@tracker All of 1 nodes getting started
@tracker All nodes finishes job
start listen on 10.110.42.71:36413
@tracker All of 1 nodes getting started
@tracker All nodes finishes job
start listen on 10.110.42.71:52869
@tracker All of 1 nodes getting started
@tracker All nodes finishes job
start listen on 10.110.42.71:49885
@tracker All of 1 nodes getting started
@tracker All nodes finishes job
Trial 756 finished with value: 0.9095666666666666 and parameters: {'tree_method': 'gpu_hist', 'lambda': 0.00022551785165804, 'alpha': 0.00041636539579843464, 'colsample_bytree': 0.48626019770049844, 'subsample': 0.6960688369685994, 'learning_rate': 0.09173260593319005, 'max_depth': 7, 'min_child_weight': 7, 'eval_metric': 'logloss'}. Best is trial 478 with value: 0.91195.
start listen on 10.110.42.71:52425
@tracker All of 1 nodes getting started
@tracker All nodes finishes job
start listen on 10.110.42.71:41157
@tracker All of 1 nodes getting started
@tracker All nodes finishes job
start listen on 10.110.42.71:56223
@tracker All of 1 nodes getting started
@tracker All nodes finishes job
start listen on 10.110.42.71:40983
@tracker All of 1 nodes getting started
@tracker All nodes finishes job
start listen on 10.110.42.71:33569
@tracker All of 1 nodes getting started
@tracker All nodes finishes job
Trial 757 finished with value: 0.9073 and parameters: {'tree_method': 'gpu_hist', 'lambda': 0.00014483245774489856, 'alpha': 0.0005932849762836505, 'colsample_bytree': 0.4184665572508419, 'subsample': 0.7450729353515654, 'learning_rate': 0.029083341838857323, 'max_depth': 7, 'min_child_weight': 12, 'eval_metric': 'logloss'}. Best is trial 478 with value: 0.91195.
start listen on 10.110.42.71:34721
@tracker All of 1 nodes getting started
@tracker All nodes finishes job
start listen on 10.110.42.71:53693
@tracker All of 1 nodes getting started
@tracker All nodes finishes job
start listen on 10.110.42.71:46813
@tracker All of 1 nodes getting started
@tracker All nodes finishes job
start listen on 10.110.42.71:45961
@tracker All of 1 nodes getting started
@tracker All nodes finishes job
start listen on 10.110.42.71:36511
@tracker All of 1 nodes getting started
@tracker All nodes finishes job
Trial 758 finished with value: 0.9034333333333333 and parameters: {'tree_method': 'gpu_hist', 'lambda': 0.00018924042565646393, 'alpha': 0.00016672697655680796, 'colsample_bytree': 0.39556718317830647, 'subsample': 0.7541032104114875, 'learning_rate': 0.07823522139335923, 'max_depth': 3, 'min_child_weight': 1, 'eval_metric': 'logloss'}. Best is trial 478 with value: 0.91195.
start listen on 10.110.42.71:53829
@tracker All of 1 nodes getting started
@tracker All nodes finishes job
start listen on 10.110.42.71:57003
@tracker All of 1 nodes getting started
@tracker All nodes finishes job
start listen on 10.110.42.71:37239
@tracker All of 1 nodes getting started
@tracker All nodes finishes job
start listen on 10.110.42.71:48137
@tracker All of 1 nodes getting started
@tracker All nodes finishes job
start listen on 10.110.42.71:52271
@tracker All of 1 nodes getting started
@tracker All nodes finishes job
Trial 759 finished with value: 0.9089 and parameters: {'tree_method': 'gpu_hist', 'lambda': 0.0001491002113063142, 'alpha': 0.0003348298441087903, 'colsample_bytree': 0.4449224101563835, 'subsample': 0.7734064698771761, 'learning_rate': 0.04701712926662919, 'max_depth': 7, 'min_child_weight': 7, 'eval_metric': 'logloss'}. Best is trial 478 with value: 0.91195.
start listen on 10.110.42.71:35407
@tracker All of 1 nodes getting started
@tracker All nodes finishes job
start listen on 10.110.42.71:57415
@tracker All of 1 nodes getting started
@tracker All nodes finishes job
start listen on 10.110.42.71:45355
@tracker All of 1 nodes getting started
@tracker All nodes finishes job
start listen on 10.110.42.71:33407
@tracker All of 1 nodes getting started
@tracker All nodes finishes job
start listen on 10.110.42.71:41867
@tracker All of 1 nodes getting started
@tracker All nodes finishes job
Trial 760 finished with value: 0.90815 and parameters: {'tree_method': 'gpu_hist', 'lambda': 0.00012257055387723977, 'alpha': 0.00044309437250022115, 'colsample_bytree': 0.31756206134013376, 'subsample': 0.733267722719217, 'learning_rate': 0.09971577746482777, 'max_depth': 7, 'min_child_weight': 17, 'eval_metric': 'logloss'}. Best is trial 478 with value: 0.91195.
start listen on 10.110.42.71:57225
@tracker All of 1 nodes getting started
@tracker All nodes finishes job
start listen on 10.110.42.71:44197
@tracker All of 1 nodes getting started
@tracker All nodes finishes job
start listen on 10.110.42.71:45889
@tracker All of 1 nodes getting started
@tracker All nodes finishes job
start listen on 10.110.42.71:34443
@tracker All of 1 nodes getting started
@tracker All nodes finishes job
start listen on 10.110.42.71:50797
@tracker All of 1 nodes getting started
@tracker All nodes finishes job
Trial 761 finished with value: 0.88175 and parameters: {'tree_method': 'gpu_hist', 'lambda': 0.00018301335427179107, 'alpha': 0.0002879463428656389, 'colsample_bytree': 0.41062824161783407, 'subsample': 0.996069143051012, 'learning_rate': 0.0016067698025004394, 'max_depth': 9, 'min_child_weight': 1, 'eval_metric': 'logloss'}. Best is trial 478 with value: 0.91195.
start listen on 10.110.42.71:33507
@tracker All of 1 nodes getting started
@tracker All nodes finishes job
start listen on 10.110.42.71:56641
@tracker All of 1 nodes getting started
@tracker All nodes finishes job
start listen on 10.110.42.71:50551
@tracker All of 1 nodes getting started
@tracker All nodes finishes job
start listen on 10.110.42.71:59995
@tracker All of 1 nodes getting started
@tracker All nodes finishes job
start listen on 10.110.42.71:50795
@tracker All of 1 nodes getting started
@tracker All nodes finishes job
Trial 762 finished with value: 0.9099 and parameters: {'tree_method': 'gpu_hist', 'lambda': 0.026671755059972883, 'alpha': 0.0008640057533088922, 'colsample_bytree': 0.43560511558140236, 'subsample': 0.7552751384900123, 'learning_rate': 0.07362342021130056, 'max_depth': 7, 'min_child_weight': 11, 'eval_metric': 'logloss'}. Best is trial 478 with value: 0.91195.
start listen on 10.110.42.71:58335
@tracker All of 1 nodes getting started
@tracker All nodes finishes job
start listen on 10.110.42.71:54409
@tracker All of 1 nodes getting started
@tracker All nodes finishes job
start listen on 10.110.42.71:43353
@tracker All of 1 nodes getting started
@tracker All nodes finishes job
start listen on 10.110.42.71:60623
@tracker All of 1 nodes getting started
@tracker All nodes finishes job
start listen on 10.110.42.71:56825
@tracker All of 1 nodes getting started
@tracker All nodes finishes job
Trial 763 finished with value: 0.88915 and parameters: {'tree_method': 'gpu_hist', 'lambda': 0.00015079180137282395, 'alpha': 0.0002025303309708341, 'colsample_bytree': 0.38196489037290626, 'subsample': 0.715336053222363, 'learning_rate': 0.006008625391719435, 'max_depth': 7, 'min_child_weight': 6, 'eval_metric': 'logloss'}. Best is trial 478 with value: 0.91195.
start listen on 10.110.42.71:48043
@tracker All of 1 nodes getting started
@tracker All nodes finishes job
start listen on 10.110.42.71:52513
@tracker All of 1 nodes getting started
@tracker All nodes finishes job
start listen on 10.110.42.71:56057
@tracker All of 1 nodes getting started
@tracker All nodes finishes job
start listen on 10.110.42.71:50503
@tracker All of 1 nodes getting started
@tracker All nodes finishes job
start listen on 10.110.42.71:44325
@tracker All of 1 nodes getting started
@tracker All nodes finishes job
Trial 764 finished with value: 0.9086 and parameters: {'tree_method': 'gpu_hist', 'lambda': 0.00020639672698573034, 'alpha': 0.00012487530687190412, 'colsample_bytree': 0.35940037690373233, 'subsample': 0.7678465851134725, 'learning_rate': 0.08572789456177378, 'max_depth': 15, 'min_child_weight': 11, 'eval_metric': 'logloss'}. Best is trial 478 with value: 0.91195.
start listen on 10.110.42.71:53645
@tracker All of 1 nodes getting started
@tracker All nodes finishes job
start listen on 10.110.42.71:40999
@tracker All of 1 nodes getting started
@tracker All nodes finishes job
start listen on 10.110.42.71:56631
@tracker All of 1 nodes getting started
@tracker All nodes finishes job
start listen on 10.110.42.71:35071
@tracker All of 1 nodes getting started
@tracker All nodes finishes job
start listen on 10.110.42.71:44865
@tracker All of 1 nodes getting started
@tracker All nodes finishes job
Trial 765 finished with value: 0.8962333333333333 and parameters: {'tree_method': 'gpu_hist', 'lambda': 0.0002960100023438479, 'alpha': 0.00023401251558051312, 'colsample_bytree': 0.8719487421234839, 'subsample': 0.62620294904042, 'learning_rate': 0.0915392279958948, 'max_depth': 7, 'min_child_weight': 130, 'eval_metric': 'logloss'}. Best is trial 478 with value: 0.91195.
start listen on 10.110.42.71:39783
@tracker All of 1 nodes getting started
@tracker All nodes finishes job
start listen on 10.110.42.71:57435
@tracker All of 1 nodes getting started
@tracker All nodes finishes job
start listen on 10.110.42.71:58669
@tracker All of 1 nodes getting started
@tracker All nodes finishes job
start listen on 10.110.42.71:59759
@tracker All of 1 nodes getting started
@tracker All nodes finishes job
start listen on 10.110.42.71:36175
@tracker All of 1 nodes getting started
@tracker All nodes finishes job
Trial 766 finished with value: 0.9111333333333334 and parameters: {'tree_method': 'gpu_hist', 'lambda': 0.0001565010450491312, 'alpha': 0.00039138826446638456, 'colsample_bytree': 0.40370218637463423, 'subsample': 0.92252821375383, 'learning_rate': 0.07933001162194307, 'max_depth': 7, 'min_child_weight': 1, 'eval_metric': 'logloss'}. Best is trial 478 with value: 0.91195.
start listen on 10.110.42.71:53649
@tracker All of 1 nodes getting started
@tracker All nodes finishes job
start listen on 10.110.42.71:36049
@tracker All of 1 nodes getting started
@tracker All nodes finishes job
start listen on 10.110.42.71:51553
@tracker All of 1 nodes getting started
@tracker All nodes finishes job
start listen on 10.110.42.71:47841
@tracker All of 1 nodes getting started
@tracker All nodes finishes job
start listen on 10.110.42.71:50911
@tracker All of 1 nodes getting started
@tracker All nodes finishes job
Trial 767 finished with value: 0.9103 and parameters: {'tree_method': 'gpu_hist', 'lambda': 0.00020394073694019764, 'alpha': 0.00040128588979624355, 'colsample_bytree': 0.42696586151530513, 'subsample': 0.8023895323894189, 'learning_rate': 0.08827088990783898, 'max_depth': 7, 'min_child_weight': 6, 'eval_metric': 'logloss'}. Best is trial 478 with value: 0.91195.
start listen on 10.110.42.71:48033
@tracker All of 1 nodes getting started
@tracker All nodes finishes job
start listen on 10.110.42.71:52081
@tracker All of 1 nodes getting started
@tracker All nodes finishes job
start listen on 10.110.42.71:40525
@tracker All of 1 nodes getting started
@tracker All nodes finishes job
start listen on 10.110.42.71:39483
@tracker All of 1 nodes getting started
@tracker All nodes finishes job
start listen on 10.110.42.71:41359
@tracker All of 1 nodes getting started
@tracker All nodes finishes job
