Trial 150 finished with value: 0.9095833333333333 and parameters: {'tree_method': 'gpu_hist', 'lambda': 0.04935605457720767, 'alpha': 0.0030512570997941017, 'colsample_bytree': 0.6142910979044691, 'subsample': 0.8586062191448925, 'learning_rate': 0.09818628305909573, 'max_depth': 9, 'min_child_weight': 12, 'eval_metric': 'logloss'}. Best is trial 46 with value: 0.91095.
start listen on 10.110.42.71:55929
@tracker All of 1 nodes getting started
@tracker All nodes finishes job
start listen on 10.110.42.71:58021
@tracker All of 1 nodes getting started
@tracker All nodes finishes job
start listen on 10.110.42.71:57785
@tracker All of 1 nodes getting started
@tracker All nodes finishes job
start listen on 10.110.42.71:55637
@tracker All of 1 nodes getting started
@tracker All nodes finishes job
start listen on 10.110.42.71:47217
@tracker All of 1 nodes getting started
@tracker All nodes finishes job
Trial 151 finished with value: 0.90825 and parameters: {'tree_method': 'gpu_hist', 'lambda': 0.14505976233174636, 'alpha': 0.01830606001363057, 'colsample_bytree': 0.5155855229624511, 'subsample': 0.9129430697072778, 'learning_rate': 0.08832747703042364, 'max_depth': 15, 'min_child_weight': 6, 'eval_metric': 'logloss'}. Best is trial 46 with value: 0.91095.
start listen on 10.110.42.71:47791
@tracker All of 1 nodes getting started
@tracker All nodes finishes job
start listen on 10.110.42.71:57753
@tracker All of 1 nodes getting started
@tracker All nodes finishes job
start listen on 10.110.42.71:47245
@tracker All of 1 nodes getting started
@tracker All nodes finishes job
start listen on 10.110.42.71:34433
@tracker All of 1 nodes getting started
@tracker All nodes finishes job
start listen on 10.110.42.71:46467
@tracker All of 1 nodes getting started
@tracker All nodes finishes job
Trial 152 finished with value: 0.9055666666666666 and parameters: {'tree_method': 'gpu_hist', 'lambda': 0.5350216981619305, 'alpha': 0.00823789001903332, 'colsample_bytree': 0.6234081886353153, 'subsample': 0.8337107395610969, 'learning_rate': 0.06296991854721147, 'max_depth': 9, 'min_child_weight': 44, 'eval_metric': 'logloss'}. Best is trial 46 with value: 0.91095.
start listen on 10.110.42.71:51995
@tracker All of 1 nodes getting started
@tracker All nodes finishes job
start listen on 10.110.42.71:43229
@tracker All of 1 nodes getting started
@tracker All nodes finishes job
start listen on 10.110.42.71:55905
@tracker All of 1 nodes getting started
@tracker All nodes finishes job
start listen on 10.110.42.71:38703
@tracker All of 1 nodes getting started
@tracker All nodes finishes job
start listen on 10.110.42.71:39385
@tracker All of 1 nodes getting started
@tracker All nodes finishes job
Trial 153 finished with value: 0.9085333333333333 and parameters: {'tree_method': 'gpu_hist', 'lambda': 0.18918460912578375, 'alpha': 0.0021269815675173252, 'colsample_bytree': 0.5903265650005786, 'subsample': 0.8844796489510034, 'learning_rate': 0.07059028327644257, 'max_depth': 9, 'min_child_weight': 19, 'eval_metric': 'logloss'}. Best is trial 46 with value: 0.91095.
start listen on 10.110.42.71:53927
@tracker All of 1 nodes getting started
@tracker All nodes finishes job
start listen on 10.110.42.71:60117
@tracker All of 1 nodes getting started
@tracker All nodes finishes job
start listen on 10.110.42.71:50889
@tracker All of 1 nodes getting started
@tracker All nodes finishes job
start listen on 10.110.42.71:35679
@tracker All of 1 nodes getting started
@tracker All nodes finishes job
start listen on 10.110.42.71:35825
@tracker All of 1 nodes getting started
@tracker All nodes finishes job
Trial 154 finished with value: 0.9095833333333333 and parameters: {'tree_method': 'gpu_hist', 'lambda': 0.36974945008825183, 'alpha': 0.004832078635197832, 'colsample_bytree': 0.599000232813202, 'subsample': 0.8691706755226567, 'learning_rate': 0.08440436714553942, 'max_depth': 9, 'min_child_weight': 10, 'eval_metric': 'logloss'}. Best is trial 46 with value: 0.91095.
start listen on 10.110.42.71:50517
@tracker All of 1 nodes getting started
@tracker All nodes finishes job
start listen on 10.110.42.71:41863
@tracker All of 1 nodes getting started
@tracker All nodes finishes job
start listen on 10.110.42.71:34925
@tracker All of 1 nodes getting started
@tracker All nodes finishes job
start listen on 10.110.42.71:55709
@tracker All of 1 nodes getting started
@tracker All nodes finishes job
start listen on 10.110.42.71:34893
@tracker All of 1 nodes getting started
@tracker All nodes finishes job
Trial 155 finished with value: 0.9094 and parameters: {'tree_method': 'gpu_hist', 'lambda': 0.3626483871956811, 'alpha': 0.005933239991321242, 'colsample_bytree': 0.5609297509228295, 'subsample': 0.8598223588309467, 'learning_rate': 0.07831675554080007, 'max_depth': 9, 'min_child_weight': 1, 'eval_metric': 'logloss'}. Best is trial 46 with value: 0.91095.
start listen on 10.110.42.71:53915
@tracker All of 1 nodes getting started
@tracker All nodes finishes job
start listen on 10.110.42.71:33157
@tracker All of 1 nodes getting started
@tracker All nodes finishes job
start listen on 10.110.42.71:33719
@tracker All of 1 nodes getting started
@tracker All nodes finishes job
start listen on 10.110.42.71:34103
@tracker All of 1 nodes getting started
@tracker All nodes finishes job
start listen on 10.110.42.71:40701
@tracker All of 1 nodes getting started
@tracker All nodes finishes job
Trial 156 finished with value: 0.91065 and parameters: {'tree_method': 'gpu_hist', 'lambda': 0.26631055127277264, 'alpha': 0.003824109519103307, 'colsample_bytree': 0.5425482959530854, 'subsample': 0.843815427037783, 'learning_rate': 0.092285821893117, 'max_depth': 9, 'min_child_weight': 6, 'eval_metric': 'logloss'}. Best is trial 46 with value: 0.91095.
start listen on 10.110.42.71:56745
@tracker All of 1 nodes getting started
@tracker All nodes finishes job
start listen on 10.110.42.71:49357
@tracker All of 1 nodes getting started
@tracker All nodes finishes job
start listen on 10.110.42.71:57229
@tracker All of 1 nodes getting started
@tracker All nodes finishes job
start listen on 10.110.42.71:34085
@tracker All of 1 nodes getting started
@tracker All nodes finishes job
start listen on 10.110.42.71:50431
@tracker All of 1 nodes getting started
@tracker All nodes finishes job
Trial 157 finished with value: 0.9042166666666667 and parameters: {'tree_method': 'gpu_hist', 'lambda': 0.2285975474569095, 'alpha': 0.003834123405074282, 'colsample_bytree': 0.5501434146246202, 'subsample': 0.8439736071350656, 'learning_rate': 0.016347792910570827, 'max_depth': 9, 'min_child_weight': 16, 'eval_metric': 'logloss'}. Best is trial 46 with value: 0.91095.
start listen on 10.110.42.71:42501
@tracker All of 1 nodes getting started
@tracker All nodes finishes job
start listen on 10.110.42.71:51747
@tracker All of 1 nodes getting started
@tracker All nodes finishes job
start listen on 10.110.42.71:46321
@tracker All of 1 nodes getting started
@tracker All nodes finishes job
start listen on 10.110.42.71:34051
@tracker All of 1 nodes getting started
@tracker All nodes finishes job
start listen on 10.110.42.71:60617
@tracker All of 1 nodes getting started
@tracker All nodes finishes job
Trial 158 finished with value: 0.9099166666666667 and parameters: {'tree_method': 'gpu_hist', 'lambda': 0.0002512007798083668, 'alpha': 0.0025678570560001, 'colsample_bytree': 0.542563864114646, 'subsample': 0.8247905003958899, 'learning_rate': 0.09263057546407603, 'max_depth': 7, 'min_child_weight': 5, 'eval_metric': 'logloss'}. Best is trial 46 with value: 0.91095.
start listen on 10.110.42.71:46113
@tracker All of 1 nodes getting started
@tracker All nodes finishes job
start listen on 10.110.42.71:40475
@tracker All of 1 nodes getting started
@tracker All nodes finishes job
start listen on 10.110.42.71:47873
@tracker All of 1 nodes getting started
@tracker All nodes finishes job
start listen on 10.110.42.71:59845
@tracker All of 1 nodes getting started
@tracker All nodes finishes job
start listen on 10.110.42.71:39977
@tracker All of 1 nodes getting started
@tracker All nodes finishes job
Trial 159 finished with value: 0.9104166666666667 and parameters: {'tree_method': 'gpu_hist', 'lambda': 0.00023429125889910666, 'alpha': 0.002727601129193299, 'colsample_bytree': 0.5327710296227208, 'subsample': 0.8245109362969913, 'learning_rate': 0.09244040985286686, 'max_depth': 7, 'min_child_weight': 5, 'eval_metric': 'logloss'}. Best is trial 46 with value: 0.91095.
start listen on 10.110.42.71:60585
@tracker All of 1 nodes getting started
@tracker All nodes finishes job
start listen on 10.110.42.71:44943
@tracker All of 1 nodes getting started
@tracker All nodes finishes job
start listen on 10.110.42.71:45587
@tracker All of 1 nodes getting started
@tracker All nodes finishes job
start listen on 10.110.42.71:38251
@tracker All of 1 nodes getting started
@tracker All nodes finishes job
start listen on 10.110.42.71:49809
@tracker All of 1 nodes getting started
@tracker All nodes finishes job
Trial 160 finished with value: 0.9106833333333333 and parameters: {'tree_method': 'gpu_hist', 'lambda': 0.0002052885675470131, 'alpha': 0.0018662658199661097, 'colsample_bytree': 0.5290480110740834, 'subsample': 0.8107042723198211, 'learning_rate': 0.09902551328736145, 'max_depth': 7, 'min_child_weight': 4, 'eval_metric': 'logloss'}. Best is trial 46 with value: 0.91095.
start listen on 10.110.42.71:60243
@tracker All of 1 nodes getting started
@tracker All nodes finishes job
start listen on 10.110.42.71:51873
@tracker All of 1 nodes getting started
@tracker All nodes finishes job
start listen on 10.110.42.71:58765
@tracker All of 1 nodes getting started
@tracker All nodes finishes job
start listen on 10.110.42.71:54073
@tracker All of 1 nodes getting started
@tracker All nodes finishes job
start listen on 10.110.42.71:40961
@tracker All of 1 nodes getting started
@tracker All nodes finishes job
Trial 161 finished with value: 0.9102666666666667 and parameters: {'tree_method': 'gpu_hist', 'lambda': 0.00042464030216953744, 'alpha': 0.0007041216906925707, 'colsample_bytree': 0.5011419768346261, 'subsample': 0.7803961624726878, 'learning_rate': 0.09790216435115183, 'max_depth': 7, 'min_child_weight': 5, 'eval_metric': 'logloss'}. Best is trial 46 with value: 0.91095.
start listen on 10.110.42.71:47443
@tracker All of 1 nodes getting started
@tracker All nodes finishes job
start listen on 10.110.42.71:35459
@tracker All of 1 nodes getting started
@tracker All nodes finishes job
start listen on 10.110.42.71:55401
@tracker All of 1 nodes getting started
@tracker All nodes finishes job
start listen on 10.110.42.71:54359
@tracker All of 1 nodes getting started
@tracker All nodes finishes job
start listen on 10.110.42.71:43323
@tracker All of 1 nodes getting started
@tracker All nodes finishes job
Trial 162 finished with value: 0.9082666666666667 and parameters: {'tree_method': 'gpu_hist', 'lambda': 0.00021199505375355194, 'alpha': 0.0007693344150919737, 'colsample_bytree': 0.5026488386642004, 'subsample': 0.8040930290492355, 'learning_rate': 0.09302917453365923, 'max_depth': 7, 'min_child_weight': 24, 'eval_metric': 'logloss'}. Best is trial 46 with value: 0.91095.
start listen on 10.110.42.71:44111
@tracker All of 1 nodes getting started
@tracker All nodes finishes job
start listen on 10.110.42.71:53015
@tracker All of 1 nodes getting started
@tracker All nodes finishes job
start listen on 10.110.42.71:54221
@tracker All of 1 nodes getting started
@tracker All nodes finishes job
start listen on 10.110.42.71:35567
@tracker All of 1 nodes getting started
@tracker All nodes finishes job
start listen on 10.110.42.71:45069
@tracker All of 1 nodes getting started
@tracker All nodes finishes job
Trial 163 finished with value: 0.9112166666666667 and parameters: {'tree_method': 'gpu_hist', 'lambda': 0.0001898303670637627, 'alpha': 0.0012752443243975607, 'colsample_bytree': 0.4661069941660367, 'subsample': 0.7859119320318376, 'learning_rate': 0.0965711219583748, 'max_depth': 7, 'min_child_weight': 1, 'eval_metric': 'logloss'}. Best is trial 163 with value: 0.9112166666666667.
start listen on 10.110.42.71:50025
@tracker All of 1 nodes getting started
@tracker All nodes finishes job
start listen on 10.110.42.71:53629
@tracker All of 1 nodes getting started
@tracker All nodes finishes job
start listen on 10.110.42.71:48783
@tracker All of 1 nodes getting started
@tracker All nodes finishes job
start listen on 10.110.42.71:60877
@tracker All of 1 nodes getting started
@tracker All nodes finishes job
start listen on 10.110.42.71:53209
@tracker All of 1 nodes getting started
@tracker All nodes finishes job
Trial 164 finished with value: 0.9108166666666667 and parameters: {'tree_method': 'gpu_hist', 'lambda': 0.00017828448906484032, 'alpha': 0.0005835144716421094, 'colsample_bytree': 0.4827358536902816, 'subsample': 0.7801653722825973, 'learning_rate': 0.0994393327638359, 'max_depth': 7, 'min_child_weight': 2, 'eval_metric': 'logloss'}. Best is trial 163 with value: 0.9112166666666667.
start listen on 10.110.42.71:33337
@tracker All of 1 nodes getting started
@tracker All nodes finishes job
start listen on 10.110.42.71:50581
@tracker All of 1 nodes getting started
@tracker All nodes finishes job
start listen on 10.110.42.71:56615
@tracker All of 1 nodes getting started
@tracker All nodes finishes job
start listen on 10.110.42.71:56815
@tracker All of 1 nodes getting started
@tracker All nodes finishes job
start listen on 10.110.42.71:52839
@tracker All of 1 nodes getting started
@tracker All nodes finishes job
Trial 165 finished with value: 0.9103666666666667 and parameters: {'tree_method': 'gpu_hist', 'lambda': 0.00020331302465449684, 'alpha': 0.0006008831203913352, 'colsample_bytree': 0.45683178902257343, 'subsample': 0.7644234469373823, 'learning_rate': 0.09839146675237921, 'max_depth': 7, 'min_child_weight': 3, 'eval_metric': 'logloss'}. Best is trial 163 with value: 0.9112166666666667.
start listen on 10.110.42.71:38423
@tracker All of 1 nodes getting started
@tracker All nodes finishes job
start listen on 10.110.42.71:45511
@tracker All of 1 nodes getting started
@tracker All nodes finishes job
start listen on 10.110.42.71:42307
@tracker All of 1 nodes getting started
@tracker All nodes finishes job
start listen on 10.110.42.71:59743
@tracker All of 1 nodes getting started
@tracker All nodes finishes job
start listen on 10.110.42.71:55495
@tracker All of 1 nodes getting started
@tracker All nodes finishes job
Trial 166 finished with value: 0.9108 and parameters: {'tree_method': 'gpu_hist', 'lambda': 0.00019552148260514057, 'alpha': 0.00037683872479646297, 'colsample_bytree': 0.4605015338344133, 'subsample': 0.7665302350814636, 'learning_rate': 0.09838945584269941, 'max_depth': 7, 'min_child_weight': 1, 'eval_metric': 'logloss'}. Best is trial 163 with value: 0.9112166666666667.
start listen on 10.110.42.71:37731
@tracker All of 1 nodes getting started
@tracker All nodes finishes job
start listen on 10.110.42.71:33145
@tracker All of 1 nodes getting started
@tracker All nodes finishes job
start listen on 10.110.42.71:59605
@tracker All of 1 nodes getting started
@tracker All nodes finishes job
start listen on 10.110.42.71:33281
@tracker All of 1 nodes getting started
@tracker All nodes finishes job
start listen on 10.110.42.71:60547
@tracker All of 1 nodes getting started
@tracker All nodes finishes job
Trial 167 finished with value: 0.9002666666666667 and parameters: {'tree_method': 'gpu_hist', 'lambda': 0.0002115889666468715, 'alpha': 0.00035430521246587987, 'colsample_bytree': 0.4178302634391581, 'subsample': 0.7432552367481947, 'learning_rate': 0.09809688452673682, 'max_depth': 7, 'min_child_weight': 96, 'eval_metric': 'logloss'}. Best is trial 163 with value: 0.9112166666666667.
start listen on 10.110.42.71:46351
@tracker All of 1 nodes getting started
@tracker All nodes finishes job
start listen on 10.110.42.71:57801
@tracker All of 1 nodes getting started
@tracker All nodes finishes job
start listen on 10.110.42.71:52871
@tracker All of 1 nodes getting started
@tracker All nodes finishes job
start listen on 10.110.42.71:58965
@tracker All of 1 nodes getting started
@tracker All nodes finishes job
start listen on 10.110.42.71:42607
@tracker All of 1 nodes getting started
@tracker All nodes finishes job
Trial 168 finished with value: 0.9108333333333334 and parameters: {'tree_method': 'gpu_hist', 'lambda': 0.00037589739191194434, 'alpha': 0.0004140119967149267, 'colsample_bytree': 0.44902031239761914, 'subsample': 0.768155241899103, 'learning_rate': 0.09965124664971893, 'max_depth': 7, 'min_child_weight': 1, 'eval_metric': 'logloss'}. Best is trial 163 with value: 0.9112166666666667.
start listen on 10.110.42.71:54279
@tracker All of 1 nodes getting started
@tracker All nodes finishes job
start listen on 10.110.42.71:38157
@tracker All of 1 nodes getting started
@tracker All nodes finishes job
start listen on 10.110.42.71:49807
@tracker All of 1 nodes getting started
@tracker All nodes finishes job
start listen on 10.110.42.71:36369
@tracker All of 1 nodes getting started
@tracker All nodes finishes job
start listen on 10.110.42.71:57495
@tracker All of 1 nodes getting started
@tracker All nodes finishes job
Trial 169 finished with value: 0.9109666666666667 and parameters: {'tree_method': 'gpu_hist', 'lambda': 0.00034454376698480666, 'alpha': 0.00026982448570391014, 'colsample_bytree': 0.4444677691371417, 'subsample': 0.7679383260195936, 'learning_rate': 0.09807952313577206, 'max_depth': 7, 'min_child_weight': 1, 'eval_metric': 'logloss'}. Best is trial 163 with value: 0.9112166666666667.
start listen on 10.110.42.71:56637
@tracker All of 1 nodes getting started
@tracker All nodes finishes job
start listen on 10.110.42.71:51353
@tracker All of 1 nodes getting started
@tracker All nodes finishes job
start listen on 10.110.42.71:43447
@tracker All of 1 nodes getting started
@tracker All nodes finishes job
start listen on 10.110.42.71:43149
@tracker All of 1 nodes getting started
@tracker All nodes finishes job
start listen on 10.110.42.71:54493
@tracker All of 1 nodes getting started
@tracker All nodes finishes job
Trial 170 finished with value: 0.9110333333333334 and parameters: {'tree_method': 'gpu_hist', 'lambda': 0.000339526971093782, 'alpha': 0.00026346235491173683, 'colsample_bytree': 0.45587677619083883, 'subsample': 0.7701628401243042, 'learning_rate': 0.09937871511306375, 'max_depth': 7, 'min_child_weight': 1, 'eval_metric': 'logloss'}. Best is trial 163 with value: 0.9112166666666667.
start listen on 10.110.42.71:38135
@tracker All of 1 nodes getting started
@tracker All nodes finishes job
start listen on 10.110.42.71:41349
@tracker All of 1 nodes getting started
@tracker All nodes finishes job
start listen on 10.110.42.71:41061
@tracker All of 1 nodes getting started
@tracker All nodes finishes job
start listen on 10.110.42.71:45097
@tracker All of 1 nodes getting started
@tracker All nodes finishes job
start listen on 10.110.42.71:42963
@tracker All of 1 nodes getting started
@tracker All nodes finishes job
Trial 171 finished with value: 0.9110333333333334 and parameters: {'tree_method': 'gpu_hist', 'lambda': 0.000327131038077259, 'alpha': 0.0002801362885365135, 'colsample_bytree': 0.45808293604277733, 'subsample': 0.762421284693193, 'learning_rate': 0.09691199631268109, 'max_depth': 7, 'min_child_weight': 1, 'eval_metric': 'logloss'}. Best is trial 163 with value: 0.9112166666666667.
start listen on 10.110.42.71:38511
@tracker All of 1 nodes getting started
@tracker All nodes finishes job
start listen on 10.110.42.71:44287
@tracker All of 1 nodes getting started
@tracker All nodes finishes job
start listen on 10.110.42.71:41745
@tracker All of 1 nodes getting started
@tracker All nodes finishes job
start listen on 10.110.42.71:58647
@tracker All of 1 nodes getting started
@tracker All nodes finishes job
start listen on 10.110.42.71:43349
@tracker All of 1 nodes getting started
@tracker All nodes finishes job
Trial 172 finished with value: 0.91075 and parameters: {'tree_method': 'gpu_hist', 'lambda': 0.00033720555226701216, 'alpha': 0.00033157948056538, 'colsample_bytree': 0.4415022176966377, 'subsample': 0.761796975622224, 'learning_rate': 0.09844603727354338, 'max_depth': 7, 'min_child_weight': 2, 'eval_metric': 'logloss'}. Best is trial 163 with value: 0.9112166666666667.
start listen on 10.110.42.71:49767
@tracker All of 1 nodes getting started
@tracker All nodes finishes job
start listen on 10.110.42.71:55631
@tracker All of 1 nodes getting started
@tracker All nodes finishes job
start listen on 10.110.42.71:36089
@tracker All of 1 nodes getting started
@tracker All nodes finishes job
start listen on 10.110.42.71:54101
@tracker All of 1 nodes getting started
@tracker All nodes finishes job
start listen on 10.110.42.71:54347
@tracker All of 1 nodes getting started
@tracker All nodes finishes job
Trial 173 finished with value: 0.9097333333333333 and parameters: {'tree_method': 'gpu_hist', 'lambda': 0.0003842991495271358, 'alpha': 0.00023365757567502977, 'colsample_bytree': 0.43231048043278375, 'subsample': 0.7364407546505245, 'learning_rate': 0.09902504034819513, 'max_depth': 7, 'min_child_weight': 14, 'eval_metric': 'logloss'}. Best is trial 163 with value: 0.9112166666666667.
start listen on 10.110.42.71:50301
@tracker All of 1 nodes getting started
@tracker All nodes finishes job
start listen on 10.110.42.71:56727
@tracker All of 1 nodes getting started
@tracker All nodes finishes job
start listen on 10.110.42.71:40479
@tracker All of 1 nodes getting started
@tracker All nodes finishes job
start listen on 10.110.42.71:52045
@tracker All of 1 nodes getting started
@tracker All nodes finishes job
start listen on 10.110.42.71:43151
@tracker All of 1 nodes getting started
@tracker All nodes finishes job
