Trial 864 finished with value: 0.9109666666666667 and parameters: {'tree_method': 'gpu_hist', 'lambda': 0.0003323656992732741, 'alpha': 0.00015076691558104217, 'colsample_bytree': 0.3743906343808671, 'subsample': 0.9563931393362999, 'learning_rate': 0.07954023802598284, 'max_depth': 7, 'min_child_weight': 1, 'eval_metric': 'logloss'}. Best is trial 478 with value: 0.91195.
start listen on 10.110.42.71:56481
@tracker All of 1 nodes getting started
@tracker All nodes finishes job
start listen on 10.110.42.71:38265
@tracker All of 1 nodes getting started
@tracker All nodes finishes job
start listen on 10.110.42.71:40447
@tracker All of 1 nodes getting started
@tracker All nodes finishes job
start listen on 10.110.42.71:48031
@tracker All of 1 nodes getting started
@tracker All nodes finishes job
start listen on 10.110.42.71:45647
@tracker All of 1 nodes getting started
@tracker All nodes finishes job
Trial 865 finished with value: 0.9085 and parameters: {'tree_method': 'gpu_hist', 'lambda': 0.000440657988427775, 'alpha': 0.0001217098571243388, 'colsample_bytree': 0.3478376194286328, 'subsample': 0.9136823213292761, 'learning_rate': 0.08740143298213168, 'max_depth': 7, 'min_child_weight': 19, 'eval_metric': 'logloss'}. Best is trial 478 with value: 0.91195.
start listen on 10.110.42.71:41113
@tracker All of 1 nodes getting started
@tracker All nodes finishes job
start listen on 10.110.42.71:42239
@tracker All of 1 nodes getting started
@tracker All nodes finishes job
start listen on 10.110.42.71:42827
@tracker All of 1 nodes getting started
@tracker All nodes finishes job
start listen on 10.110.42.71:53981
@tracker All of 1 nodes getting started
@tracker All nodes finishes job
start listen on 10.110.42.71:57677
@tracker All of 1 nodes getting started
@tracker All nodes finishes job
Trial 866 finished with value: 0.9104 and parameters: {'tree_method': 'gpu_hist', 'lambda': 0.0003018925470801261, 'alpha': 0.0006526316908961, 'colsample_bytree': 0.4810793052349843, 'subsample': 0.9234801952926749, 'learning_rate': 0.07349762207416106, 'max_depth': 7, 'min_child_weight': 6, 'eval_metric': 'logloss'}. Best is trial 478 with value: 0.91195.
start listen on 10.110.42.71:45981
@tracker All of 1 nodes getting started
@tracker All nodes finishes job
start listen on 10.110.42.71:35529
@tracker All of 1 nodes getting started
@tracker All nodes finishes job
start listen on 10.110.42.71:45961
@tracker All of 1 nodes getting started
@tracker All nodes finishes job
start listen on 10.110.42.71:49691
@tracker All of 1 nodes getting started
@tracker All nodes finishes job
start listen on 10.110.42.71:47169
@tracker All of 1 nodes getting started
@tracker All nodes finishes job
Trial 867 finished with value: 0.9028166666666667 and parameters: {'tree_method': 'gpu_hist', 'lambda': 0.00036842226113228905, 'alpha': 0.00038059047689842417, 'colsample_bytree': 0.39794976802564686, 'subsample': 0.8999542019618538, 'learning_rate': 0.0865360083822924, 'max_depth': 7, 'min_child_weight': 85, 'eval_metric': 'logloss'}. Best is trial 478 with value: 0.91195.
start listen on 10.110.42.71:34495
@tracker All of 1 nodes getting started
@tracker All nodes finishes job
start listen on 10.110.42.71:55033
@tracker All of 1 nodes getting started
@tracker All nodes finishes job
start listen on 10.110.42.71:44223
@tracker All of 1 nodes getting started
@tracker All nodes finishes job
start listen on 10.110.42.71:40211
@tracker All of 1 nodes getting started
@tracker All nodes finishes job
start listen on 10.110.42.71:48225
@tracker All of 1 nodes getting started
@tracker All nodes finishes job
Trial 868 finished with value: 0.9111166666666667 and parameters: {'tree_method': 'gpu_hist', 'lambda': 0.00011754169350720719, 'alpha': 0.00024289075014315118, 'colsample_bytree': 0.5251999598040867, 'subsample': 0.9516685479341008, 'learning_rate': 0.08100082805484538, 'max_depth': 7, 'min_child_weight': 1, 'eval_metric': 'logloss'}. Best is trial 478 with value: 0.91195.
start listen on 10.110.42.71:58315
@tracker All of 1 nodes getting started
@tracker All nodes finishes job
start listen on 10.110.42.71:48469
@tracker All of 1 nodes getting started
@tracker All nodes finishes job
start listen on 10.110.42.71:46043
@tracker All of 1 nodes getting started
@tracker All nodes finishes job
start listen on 10.110.42.71:32853
@tracker All of 1 nodes getting started
@tracker All nodes finishes job
start listen on 10.110.42.71:37993
@tracker All of 1 nodes getting started
@tracker All nodes finishes job
Trial 869 finished with value: 0.9094 and parameters: {'tree_method': 'gpu_hist', 'lambda': 0.00028128556447539984, 'alpha': 0.0005310201770905978, 'colsample_bytree': 0.37354512355126107, 'subsample': 0.9454220763511324, 'learning_rate': 0.0923653218187334, 'max_depth': 13, 'min_child_weight': 11, 'eval_metric': 'logloss'}. Best is trial 478 with value: 0.91195.
start listen on 10.110.42.71:42709
@tracker All of 1 nodes getting started
@tracker All nodes finishes job
start listen on 10.110.42.71:38547
@tracker All of 1 nodes getting started
@tracker All nodes finishes job
start listen on 10.110.42.71:34365
@tracker All of 1 nodes getting started
@tracker All nodes finishes job
start listen on 10.110.42.71:34367
@tracker All of 1 nodes getting started
@tracker All nodes finishes job
start listen on 10.110.42.71:38693
@tracker All of 1 nodes getting started
@tracker All nodes finishes job
Trial 870 finished with value: 0.91015 and parameters: {'tree_method': 'gpu_hist', 'lambda': 0.0006327016698414882, 'alpha': 1.2488206165218638, 'colsample_bytree': 0.46273985839122056, 'subsample': 0.9288948969184498, 'learning_rate': 0.07934359138373588, 'max_depth': 7, 'min_child_weight': 7, 'eval_metric': 'logloss'}. Best is trial 478 with value: 0.91195.
start listen on 10.110.42.71:36687
@tracker All of 1 nodes getting started
@tracker All nodes finishes job
start listen on 10.110.42.71:35225
@tracker All of 1 nodes getting started
@tracker All nodes finishes job
start listen on 10.110.42.71:45445
@tracker All of 1 nodes getting started
@tracker All nodes finishes job
start listen on 10.110.42.71:53015
@tracker All of 1 nodes getting started
@tracker All nodes finishes job
start listen on 10.110.42.71:57493
@tracker All of 1 nodes getting started
@tracker All nodes finishes job
Trial 871 finished with value: 0.90575 and parameters: {'tree_method': 'gpu_hist', 'lambda': 0.00010012406557895446, 'alpha': 0.0008505399756613578, 'colsample_bytree': 0.9357256768686417, 'subsample': 0.9282474039186844, 'learning_rate': 0.09261542542198058, 'max_depth': 20, 'min_child_weight': 1, 'eval_metric': 'logloss'}. Best is trial 478 with value: 0.91195.
start listen on 10.110.42.71:56987
@tracker All of 1 nodes getting started
@tracker All nodes finishes job
start listen on 10.110.42.71:56879
@tracker All of 1 nodes getting started
@tracker All nodes finishes job
start listen on 10.110.42.71:50301
@tracker All of 1 nodes getting started
@tracker All nodes finishes job
start listen on 10.110.42.71:51529
@tracker All of 1 nodes getting started
@tracker All nodes finishes job
start listen on 10.110.42.71:46455
@tracker All of 1 nodes getting started
@tracker All nodes finishes job
Trial 872 finished with value: 0.9071333333333333 and parameters: {'tree_method': 'gpu_hist', 'lambda': 0.00042315421670049996, 'alpha': 0.00042516234548023224, 'colsample_bytree': 0.33189802704864024, 'subsample': 0.8932371400896364, 'learning_rate': 0.03463251651836743, 'max_depth': 7, 'min_child_weight': 16, 'eval_metric': 'logloss'}. Best is trial 478 with value: 0.91195.
start listen on 10.110.42.71:51781
@tracker All of 1 nodes getting started
@tracker All nodes finishes job
start listen on 10.110.42.71:58717
@tracker All of 1 nodes getting started
@tracker All nodes finishes job
start listen on 10.110.42.71:38917
@tracker All of 1 nodes getting started
@tracker All nodes finishes job
start listen on 10.110.42.71:42567
@tracker All of 1 nodes getting started
@tracker All nodes finishes job
start listen on 10.110.42.71:55259
@tracker All of 1 nodes getting started
@tracker All nodes finishes job
Trial 873 finished with value: 0.9091333333333333 and parameters: {'tree_method': 'gpu_hist', 'lambda': 0.00020020302906400747, 'alpha': 0.0002950416804265243, 'colsample_bytree': 0.7374672054573975, 'subsample': 0.9932011002401343, 'learning_rate': 0.06700289174442008, 'max_depth': 7, 'min_child_weight': 7, 'eval_metric': 'logloss'}. Best is trial 478 with value: 0.91195.
start listen on 10.110.42.71:55323
@tracker All of 1 nodes getting started
@tracker All nodes finishes job
start listen on 10.110.42.71:54587
@tracker All of 1 nodes getting started
@tracker All nodes finishes job
start listen on 10.110.42.71:52571
@tracker All of 1 nodes getting started
@tracker All nodes finishes job
start listen on 10.110.42.71:40719
@tracker All of 1 nodes getting started
@tracker All nodes finishes job
start listen on 10.110.42.71:37335
@tracker All of 1 nodes getting started
@tracker All nodes finishes job
Trial 874 finished with value: 0.8995333333333333 and parameters: {'tree_method': 'gpu_hist', 'lambda': 0.0001244324178032949, 'alpha': 0.001254682463313582, 'colsample_bytree': 0.4106404377066014, 'subsample': 0.7072908907761832, 'learning_rate': 0.08561320625695848, 'max_depth': 7, 'min_child_weight': 104, 'eval_metric': 'logloss'}. Best is trial 478 with value: 0.91195.
start listen on 10.110.42.71:43951
@tracker All of 1 nodes getting started
@tracker All nodes finishes job
start listen on 10.110.42.71:56505
@tracker All of 1 nodes getting started
@tracker All nodes finishes job
start listen on 10.110.42.71:43715
@tracker All of 1 nodes getting started
@tracker All nodes finishes job
start listen on 10.110.42.71:60923
@tracker All of 1 nodes getting started
@tracker All nodes finishes job
start listen on 10.110.42.71:36421
@tracker All of 1 nodes getting started
@tracker All nodes finishes job
Trial 875 finished with value: 0.9089 and parameters: {'tree_method': 'gpu_hist', 'lambda': 0.00027353797713223636, 'alpha': 0.0001908024731708858, 'colsample_bytree': 0.3545670704874001, 'subsample': 0.9200128673427969, 'learning_rate': 0.05443724201943593, 'max_depth': 17, 'min_child_weight': 12, 'eval_metric': 'logloss'}. Best is trial 478 with value: 0.91195.
start listen on 10.110.42.71:46797
@tracker All of 1 nodes getting started
@tracker All nodes finishes job
start listen on 10.110.42.71:56049
@tracker All of 1 nodes getting started
@tracker All nodes finishes job
start listen on 10.110.42.71:37173
@tracker All of 1 nodes getting started
@tracker All nodes finishes job
start listen on 10.110.42.71:55061
@tracker All of 1 nodes getting started
@tracker All nodes finishes job
start listen on 10.110.42.71:49297
@tracker All of 1 nodes getting started
@tracker All nodes finishes job
Trial 876 finished with value: 0.9108833333333334 and parameters: {'tree_method': 'gpu_hist', 'lambda': 0.000958730589744877, 'alpha': 0.0020392032077635315, 'colsample_bytree': 0.39249092206911124, 'subsample': 0.8907037386860233, 'learning_rate': 0.09995301924990826, 'max_depth': 7, 'min_child_weight': 1, 'eval_metric': 'logloss'}. Best is trial 478 with value: 0.91195.
start listen on 10.110.42.71:40131
@tracker All of 1 nodes getting started
@tracker All nodes finishes job
start listen on 10.110.42.71:50723
@tracker All of 1 nodes getting started
@tracker All nodes finishes job
start listen on 10.110.42.71:40077
@tracker All of 1 nodes getting started
@tracker All nodes finishes job
start listen on 10.110.42.71:43691
@tracker All of 1 nodes getting started
@tracker All nodes finishes job
start listen on 10.110.42.71:37947
@tracker All of 1 nodes getting started
@tracker All nodes finishes job
Trial 877 finished with value: 0.90755 and parameters: {'tree_method': 'gpu_hist', 'lambda': 0.00010108610856579902, 'alpha': 0.00010293948025835786, 'colsample_bytree': 0.49988513447467653, 'subsample': 0.7202050989006611, 'learning_rate': 0.0772997502293031, 'max_depth': 7, 'min_child_weight': 26, 'eval_metric': 'logloss'}. Best is trial 478 with value: 0.91195.
start listen on 10.110.42.71:60569
@tracker All of 1 nodes getting started
@tracker All nodes finishes job
start listen on 10.110.42.71:37011
@tracker All of 1 nodes getting started
@tracker All nodes finishes job
start listen on 10.110.42.71:49537
@tracker All of 1 nodes getting started
@tracker All nodes finishes job
start listen on 10.110.42.71:43927
@tracker All of 1 nodes getting started
@tracker All nodes finishes job
start listen on 10.110.42.71:52607
@tracker All of 1 nodes getting started
@tracker All nodes finishes job
Trial 878 finished with value: 0.9108666666666667 and parameters: {'tree_method': 'gpu_hist', 'lambda': 0.00014800397523938557, 'alpha': 0.0006739415057245629, 'colsample_bytree': 0.4682766971096197, 'subsample': 0.911983892548381, 'learning_rate': 0.08710695334307009, 'max_depth': 7, 'min_child_weight': 6, 'eval_metric': 'logloss'}. Best is trial 478 with value: 0.91195.
start listen on 10.110.42.71:56101
@tracker All of 1 nodes getting started
@tracker All nodes finishes job
start listen on 10.110.42.71:38263
@tracker All of 1 nodes getting started
@tracker All nodes finishes job
start listen on 10.110.42.71:40021
@tracker All of 1 nodes getting started
@tracker All nodes finishes job
start listen on 10.110.42.71:51805
@tracker All of 1 nodes getting started
@tracker All nodes finishes job
start listen on 10.110.42.71:36063
@tracker All of 1 nodes getting started
@tracker All nodes finishes job
Trial 879 finished with value: 0.9073333333333333 and parameters: {'tree_method': 'gpu_hist', 'lambda': 0.00023176499500001445, 'alpha': 0.0004062596694531521, 'colsample_bytree': 0.37928129415937667, 'subsample': 0.6970133246388649, 'learning_rate': 0.07351198864330087, 'max_depth': 7, 'min_child_weight': 20, 'eval_metric': 'logloss'}. Best is trial 478 with value: 0.91195.
start listen on 10.110.42.71:52707
@tracker All of 1 nodes getting started
@tracker All nodes finishes job
start listen on 10.110.42.71:34081
@tracker All of 1 nodes getting started
@tracker All nodes finishes job
start listen on 10.110.42.71:43911
@tracker All of 1 nodes getting started
@tracker All nodes finishes job
start listen on 10.110.42.71:56391
@tracker All of 1 nodes getting started
@tracker All nodes finishes job
start listen on 10.110.42.71:44077
@tracker All of 1 nodes getting started
@tracker All nodes finishes job
Trial 880 finished with value: 0.91055 and parameters: {'tree_method': 'gpu_hist', 'lambda': 0.00016094864989761546, 'alpha': 0.00021650242383007665, 'colsample_bytree': 0.4087180257751959, 'subsample': 0.865491452482474, 'learning_rate': 0.08973551630417978, 'max_depth': 7, 'min_child_weight': 11, 'eval_metric': 'logloss'}. Best is trial 478 with value: 0.91195.
start listen on 10.110.42.71:38703
@tracker All of 1 nodes getting started
@tracker All nodes finishes job
start listen on 10.110.42.71:50347
@tracker All of 1 nodes getting started
@tracker All nodes finishes job
start listen on 10.110.42.71:33917
@tracker All of 1 nodes getting started
@tracker All nodes finishes job
start listen on 10.110.42.71:50649
@tracker All of 1 nodes getting started
@tracker All nodes finishes job
start listen on 10.110.42.71:34041
@tracker All of 1 nodes getting started
@tracker All nodes finishes job
Trial 881 finished with value: 0.9100833333333334 and parameters: {'tree_method': 'gpu_hist', 'lambda': 0.00035901961446512746, 'alpha': 0.00013773364074011943, 'colsample_bytree': 0.4299689443516774, 'subsample': 0.9594337913284663, 'learning_rate': 0.08112632268265438, 'max_depth': 5, 'min_child_weight': 1, 'eval_metric': 'logloss'}. Best is trial 478 with value: 0.91195.
start listen on 10.110.42.71:39961
@tracker All of 1 nodes getting started
@tracker All nodes finishes job
start listen on 10.110.42.71:49541
@tracker All of 1 nodes getting started
@tracker All nodes finishes job
start listen on 10.110.42.71:51061
@tracker All of 1 nodes getting started
@tracker All nodes finishes job
start listen on 10.110.42.71:45777
@tracker All of 1 nodes getting started
@tracker All nodes finishes job
start listen on 10.110.42.71:51325
@tracker All of 1 nodes getting started
@tracker All nodes finishes job
Trial 882 finished with value: 0.9090833333333334 and parameters: {'tree_method': 'gpu_hist', 'lambda': 0.0001254275356420632, 'alpha': 0.0005507287252461442, 'colsample_bytree': 0.4524202134959902, 'subsample': 0.8872733789467663, 'learning_rate': 0.09995222311707382, 'max_depth': 11, 'min_child_weight': 7, 'eval_metric': 'logloss'}. Best is trial 478 with value: 0.91195.
start listen on 10.110.42.71:38029
@tracker All of 1 nodes getting started
@tracker All nodes finishes job
start listen on 10.110.42.71:50035
@tracker All of 1 nodes getting started
@tracker All nodes finishes job
start listen on 10.110.42.71:59083
@tracker All of 1 nodes getting started
@tracker All nodes finishes job
start listen on 10.110.42.71:34689
@tracker All of 1 nodes getting started
@tracker All nodes finishes job
start listen on 10.110.42.71:50675
@tracker All of 1 nodes getting started
@tracker All nodes finishes job
Trial 883 finished with value: 0.9088666666666667 and parameters: {'tree_method': 'gpu_hist', 'lambda': 0.0001916636300783583, 'alpha': 0.0003055049761813723, 'colsample_bytree': 0.39355488618741813, 'subsample': 0.7157588095992646, 'learning_rate': 0.06715268783438481, 'max_depth': 7, 'min_child_weight': 15, 'eval_metric': 'logloss'}. Best is trial 478 with value: 0.91195.
start listen on 10.110.42.71:51523
@tracker All of 1 nodes getting started
@tracker All nodes finishes job
start listen on 10.110.42.71:58543
@tracker All of 1 nodes getting started
@tracker All nodes finishes job
start listen on 10.110.42.71:56191
@tracker All of 1 nodes getting started
@tracker All nodes finishes job
start listen on 10.110.42.71:53323
@tracker All of 1 nodes getting started
@tracker All nodes finishes job
start listen on 10.110.42.71:43213
@tracker All of 1 nodes getting started
@tracker All nodes finishes job
Trial 884 finished with value: 0.9101666666666667 and parameters: {'tree_method': 'gpu_hist', 'lambda': 0.00014861676501726784, 'alpha': 0.0004347835041183664, 'colsample_bytree': 0.418599147039862, 'subsample': 0.9333785990478785, 'learning_rate': 0.09125414691181814, 'max_depth': 7, 'min_child_weight': 6, 'eval_metric': 'logloss'}. Best is trial 478 with value: 0.91195.
start listen on 10.110.42.71:50403
@tracker All of 1 nodes getting started
@tracker All nodes finishes job
start listen on 10.110.42.71:34413
@tracker All of 1 nodes getting started
@tracker All nodes finishes job
start listen on 10.110.42.71:54463
@tracker All of 1 nodes getting started
@tracker All nodes finishes job
start listen on 10.110.42.71:54611
@tracker All of 1 nodes getting started
@tracker All nodes finishes job
start listen on 10.110.42.71:48521
@tracker All of 1 nodes getting started
@tracker All nodes finishes job
Trial 885 finished with value: 0.9052333333333333 and parameters: {'tree_method': 'gpu_hist', 'lambda': 0.0005725301651718358, 'alpha': 8.997053627624306, 'colsample_bytree': 0.4392417930248292, 'subsample': 0.8536064755591363, 'learning_rate': 0.07333898569732648, 'max_depth': 7, 'min_child_weight': 1, 'eval_metric': 'logloss'}. Best is trial 478 with value: 0.91195.
start listen on 10.110.42.71:40913
@tracker All of 1 nodes getting started
@tracker All nodes finishes job
start listen on 10.110.42.71:39623
@tracker All of 1 nodes getting started
@tracker All nodes finishes job
start listen on 10.110.42.71:58025
@tracker All of 1 nodes getting started
@tracker All nodes finishes job
start listen on 10.110.42.71:39479
@tracker All of 1 nodes getting started
@tracker All nodes finishes job
start listen on 10.110.42.71:46417
@tracker All of 1 nodes getting started
@tracker All nodes finishes job
Trial 886 finished with value: 0.8993833333333333 and parameters: {'tree_method': 'gpu_hist', 'lambda': 0.00012354514992265607, 'alpha': 0.00024981068234173546, 'colsample_bytree': 0.370868335457865, 'subsample': 0.7272116863291507, 'learning_rate': 0.08435561827599665, 'max_depth': 3, 'min_child_weight': 43, 'eval_metric': 'logloss'}. Best is trial 478 with value: 0.91195.
start listen on 10.110.42.71:48531
@tracker All of 1 nodes getting started
@tracker All nodes finishes job
start listen on 10.110.42.71:46045
@tracker All of 1 nodes getting started
@tracker All nodes finishes job
start listen on 10.110.42.71:59305
@tracker All of 1 nodes getting started
@tracker All nodes finishes job
start listen on 10.110.42.71:40779
@tracker All of 1 nodes getting started
@tracker All nodes finishes job
start listen on 10.110.42.71:49517
@tracker All of 1 nodes getting started
@tracker All nodes finishes job
Trial 887 finished with value: 0.9096166666666666 and parameters: {'tree_method': 'gpu_hist', 'lambda': 0.0002687598402949852, 'alpha': 0.0003446086861226957, 'colsample_bytree': 0.4825380723171314, 'subsample': 0.7113281838332743, 'learning_rate': 0.09221816681497437, 'max_depth': 7, 'min_child_weight': 11, 'eval_metric': 'logloss'}. Best is trial 478 with value: 0.91195.
start listen on 10.110.42.71:52105
@tracker All of 1 nodes getting started
@tracker All nodes finishes job
start listen on 10.110.42.71:54151
@tracker All of 1 nodes getting started
@tracker All nodes finishes job
start listen on 10.110.42.71:44081
@tracker All of 1 nodes getting started
@tracker All nodes finishes job
start listen on 10.110.42.71:53109
@tracker All of 1 nodes getting started
@tracker All nodes finishes job
start listen on 10.110.42.71:52179
@tracker All of 1 nodes getting started
@tracker All nodes finishes job
