Trial 410 finished with value: 0.9020166666666667 and parameters: {'tree_method': 'gpu_hist', 'lambda': 0.000152419991697149, 'alpha': 0.0007133580352440258, 'colsample_bytree': 0.4309315469432954, 'subsample': 0.8190905758015542, 'learning_rate': 0.0794481662765596, 'max_depth': 3, 'min_child_weight': 6, 'eval_metric': 'logloss'}. Best is trial 355 with value: 0.9115833333333333.
start listen on 10.110.42.71:57871
@tracker All of 1 nodes getting started
@tracker All nodes finishes job
start listen on 10.110.42.71:60501
@tracker All of 1 nodes getting started
@tracker All nodes finishes job
start listen on 10.110.42.71:48545
@tracker All of 1 nodes getting started
@tracker All nodes finishes job
start listen on 10.110.42.71:46135
@tracker All of 1 nodes getting started
@tracker All nodes finishes job
start listen on 10.110.42.71:57335
@tracker All of 1 nodes getting started
@tracker All nodes finishes job
Trial 411 finished with value: 0.9110666666666667 and parameters: {'tree_method': 'gpu_hist', 'lambda': 0.00021053079710356382, 'alpha': 0.0002931527971351194, 'colsample_bytree': 0.4165261994713304, 'subsample': 0.7064931332514262, 'learning_rate': 0.09226751860943025, 'max_depth': 7, 'min_child_weight': 1, 'eval_metric': 'logloss'}. Best is trial 355 with value: 0.9115833333333333.
start listen on 10.110.42.71:39719
@tracker All of 1 nodes getting started
@tracker All nodes finishes job
start listen on 10.110.42.71:33045
@tracker All of 1 nodes getting started
@tracker All nodes finishes job
start listen on 10.110.42.71:49879
@tracker All of 1 nodes getting started
@tracker All nodes finishes job
start listen on 10.110.42.71:36997
@tracker All of 1 nodes getting started
@tracker All nodes finishes job
start listen on 10.110.42.71:48475
@tracker All of 1 nodes getting started
@tracker All nodes finishes job
Trial 412 finished with value: 0.9068 and parameters: {'tree_method': 'gpu_hist', 'lambda': 0.00012096859543372862, 'alpha': 0.0003907927844799023, 'colsample_bytree': 0.34970934891596084, 'subsample': 0.7293404472223728, 'learning_rate': 0.08308955421535442, 'max_depth': 7, 'min_child_weight': 31, 'eval_metric': 'logloss'}. Best is trial 355 with value: 0.9115833333333333.
start listen on 10.110.42.71:37277
@tracker All of 1 nodes getting started
@tracker All nodes finishes job
start listen on 10.110.42.71:38179
@tracker All of 1 nodes getting started
@tracker All nodes finishes job
start listen on 10.110.42.71:34451
@tracker All of 1 nodes getting started
@tracker All nodes finishes job
start listen on 10.110.42.71:40525
@tracker All of 1 nodes getting started
@tracker All nodes finishes job
start listen on 10.110.42.71:47515
@tracker All of 1 nodes getting started
@tracker All nodes finishes job
Trial 413 finished with value: 0.9097333333333333 and parameters: {'tree_method': 'gpu_hist', 'lambda': 0.00016927007834322339, 'alpha': 0.0002487314864399013, 'colsample_bytree': 0.39119848203952157, 'subsample': 0.7993564478330194, 'learning_rate': 0.09337841172413111, 'max_depth': 7, 'min_child_weight': 12, 'eval_metric': 'logloss'}. Best is trial 355 with value: 0.9115833333333333.
start listen on 10.110.42.71:41925
@tracker All of 1 nodes getting started
@tracker All nodes finishes job
start listen on 10.110.42.71:38207
@tracker All of 1 nodes getting started
@tracker All nodes finishes job
start listen on 10.110.42.71:36239
@tracker All of 1 nodes getting started
@tracker All nodes finishes job
start listen on 10.110.42.71:53815
@tracker All of 1 nodes getting started
@tracker All nodes finishes job
start listen on 10.110.42.71:45745
@tracker All of 1 nodes getting started
@tracker All nodes finishes job
Trial 414 finished with value: 0.90855 and parameters: {'tree_method': 'gpu_hist', 'lambda': 0.0002220397625725036, 'alpha': 0.0005538126664774718, 'colsample_bytree': 0.43558676115863354, 'subsample': 0.6957444213148667, 'learning_rate': 0.07424011293521506, 'max_depth': 15, 'min_child_weight': 7, 'eval_metric': 'logloss'}. Best is trial 355 with value: 0.9115833333333333.
start listen on 10.110.42.71:36279
@tracker All of 1 nodes getting started
@tracker All nodes finishes job
start listen on 10.110.42.71:58671
@tracker All of 1 nodes getting started
@tracker All nodes finishes job
start listen on 10.110.42.71:41325
@tracker All of 1 nodes getting started
@tracker All nodes finishes job
start listen on 10.110.42.71:40563
@tracker All of 1 nodes getting started
@tracker All nodes finishes job
start listen on 10.110.42.71:58949
@tracker All of 1 nodes getting started
@tracker All nodes finishes job
Trial 415 finished with value: 0.9084833333333333 and parameters: {'tree_method': 'gpu_hist', 'lambda': 0.00013469562054899828, 'alpha': 0.0010874346983347186, 'colsample_bytree': 0.4049932221755851, 'subsample': 0.7409105429241084, 'learning_rate': 0.09994023907177499, 'max_depth': 7, 'min_child_weight': 16, 'eval_metric': 'logloss'}. Best is trial 355 with value: 0.9115833333333333.
start listen on 10.110.42.71:39753
@tracker All of 1 nodes getting started
@tracker All nodes finishes job
start listen on 10.110.42.71:41039
@tracker All of 1 nodes getting started
@tracker All nodes finishes job
start listen on 10.110.42.71:34905
@tracker All of 1 nodes getting started
@tracker All nodes finishes job
start listen on 10.110.42.71:49353
@tracker All of 1 nodes getting started
@tracker All nodes finishes job
start listen on 10.110.42.71:37385
@tracker All of 1 nodes getting started
@tracker All nodes finishes job
Trial 416 finished with value: 0.9022833333333333 and parameters: {'tree_method': 'gpu_hist', 'lambda': 0.00018617985887389737, 'alpha': 0.00033148505079935947, 'colsample_bytree': 0.37938347485900875, 'subsample': 0.7252045848805369, 'learning_rate': 0.0851763840501975, 'max_depth': 7, 'min_child_weight': 77, 'eval_metric': 'logloss'}. Best is trial 355 with value: 0.9115833333333333.
start listen on 10.110.42.71:54837
@tracker All of 1 nodes getting started
@tracker All nodes finishes job
start listen on 10.110.42.71:48807
@tracker All of 1 nodes getting started
@tracker All nodes finishes job
start listen on 10.110.42.71:55565
@tracker All of 1 nodes getting started
@tracker All nodes finishes job
start listen on 10.110.42.71:34217
@tracker All of 1 nodes getting started
@tracker All nodes finishes job
start listen on 10.110.42.71:34955
@tracker All of 1 nodes getting started
@tracker All nodes finishes job
Trial 417 finished with value: 0.91055 and parameters: {'tree_method': 'gpu_hist', 'lambda': 0.0096010880551162, 'alpha': 0.00044470269221695146, 'colsample_bytree': 0.8103087415562519, 'subsample': 0.7159643677083454, 'learning_rate': 0.058418791028388144, 'max_depth': 7, 'min_child_weight': 1, 'eval_metric': 'logloss'}. Best is trial 355 with value: 0.9115833333333333.
start listen on 10.110.42.71:51839
@tracker All of 1 nodes getting started
@tracker All nodes finishes job
start listen on 10.110.42.71:55303
@tracker All of 1 nodes getting started
@tracker All nodes finishes job
start listen on 10.110.42.71:34073
@tracker All of 1 nodes getting started
@tracker All nodes finishes job
start listen on 10.110.42.71:52851
@tracker All of 1 nodes getting started
@tracker All nodes finishes job
start listen on 10.110.42.71:42363
@tracker All of 1 nodes getting started
@tracker All nodes finishes job
Trial 418 finished with value: 0.9078166666666667 and parameters: {'tree_method': 'gpu_hist', 'lambda': 0.00011764781734220206, 'alpha': 4.014351877031257, 'colsample_bytree': 0.42156413003556703, 'subsample': 0.7884174536830314, 'learning_rate': 0.08123752902041956, 'max_depth': 7, 'min_child_weight': 11, 'eval_metric': 'logloss'}. Best is trial 355 with value: 0.9115833333333333.
start listen on 10.110.42.71:60703
@tracker All of 1 nodes getting started
@tracker All nodes finishes job
start listen on 10.110.42.71:43369
@tracker All of 1 nodes getting started
@tracker All nodes finishes job
start listen on 10.110.42.71:51043
@tracker All of 1 nodes getting started
@tracker All nodes finishes job
start listen on 10.110.42.71:34161
@tracker All of 1 nodes getting started
@tracker All nodes finishes job
start listen on 10.110.42.71:42713
@tracker All of 1 nodes getting started
@tracker All nodes finishes job
Trial 419 finished with value: 0.9102166666666667 and parameters: {'tree_method': 'gpu_hist', 'lambda': 0.0001563557936495437, 'alpha': 0.00025663509398825735, 'colsample_bytree': 0.4413884529031612, 'subsample': 0.7392060625138687, 'learning_rate': 0.09211773384658169, 'max_depth': 7, 'min_child_weight': 6, 'eval_metric': 'logloss'}. Best is trial 355 with value: 0.9115833333333333.
start listen on 10.110.42.71:59755
@tracker All of 1 nodes getting started
@tracker All nodes finishes job
start listen on 10.110.42.71:46563
@tracker All of 1 nodes getting started
@tracker All nodes finishes job
start listen on 10.110.42.71:44605
@tracker All of 1 nodes getting started
@tracker All nodes finishes job
start listen on 10.110.42.71:60223
@tracker All of 1 nodes getting started
@tracker All nodes finishes job
start listen on 10.110.42.71:58007
@tracker All of 1 nodes getting started
@tracker All nodes finishes job
Trial 420 finished with value: 0.9105166666666666 and parameters: {'tree_method': 'gpu_hist', 'lambda': 0.0002542821450143534, 'alpha': 0.0008085984180489245, 'colsample_bytree': 0.401032225714951, 'subsample': 0.704635665951907, 'learning_rate': 0.07278448128774938, 'max_depth': 7, 'min_child_weight': 1, 'eval_metric': 'logloss'}. Best is trial 355 with value: 0.9115833333333333.
start listen on 10.110.42.71:57611
@tracker All of 1 nodes getting started
@tracker All nodes finishes job
start listen on 10.110.42.71:44873
@tracker All of 1 nodes getting started
@tracker All nodes finishes job
start listen on 10.110.42.71:39813
@tracker All of 1 nodes getting started
@tracker All nodes finishes job
start listen on 10.110.42.71:52727
@tracker All of 1 nodes getting started
@tracker All nodes finishes job
start listen on 10.110.42.71:58579
@tracker All of 1 nodes getting started
@tracker All nodes finishes job
Trial 421 finished with value: 0.9094666666666666 and parameters: {'tree_method': 'gpu_hist', 'lambda': 0.00010040909294285668, 'alpha': 0.00034130932047736864, 'colsample_bytree': 0.3590278538407081, 'subsample': 0.8120478005683439, 'learning_rate': 0.06649461669966832, 'max_depth': 7, 'min_child_weight': 10, 'eval_metric': 'logloss'}. Best is trial 355 with value: 0.9115833333333333.
start listen on 10.110.42.71:55739
@tracker All of 1 nodes getting started
@tracker All nodes finishes job
start listen on 10.110.42.71:55357
@tracker All of 1 nodes getting started
@tracker All nodes finishes job
start listen on 10.110.42.71:35525
@tracker All of 1 nodes getting started
@tracker All nodes finishes job
start listen on 10.110.42.71:47659
@tracker All of 1 nodes getting started
@tracker All nodes finishes job
start listen on 10.110.42.71:41741
@tracker All of 1 nodes getting started
@tracker All nodes finishes job
Trial 422 finished with value: 0.909 and parameters: {'tree_method': 'gpu_hist', 'lambda': 0.00018502194116175265, 'alpha': 0.0006139568940482209, 'colsample_bytree': 0.386657451233219, 'subsample': 0.7508494522464022, 'learning_rate': 0.08691480875776127, 'max_depth': 7, 'min_child_weight': 19, 'eval_metric': 'logloss'}. Best is trial 355 with value: 0.9115833333333333.
start listen on 10.110.42.71:48923
@tracker All of 1 nodes getting started
@tracker All nodes finishes job
start listen on 10.110.42.71:59787
@tracker All of 1 nodes getting started
@tracker All nodes finishes job
start listen on 10.110.42.71:51403
@tracker All of 1 nodes getting started
@tracker All nodes finishes job
start listen on 10.110.42.71:36519
@tracker All of 1 nodes getting started
@tracker All nodes finishes job
start listen on 10.110.42.71:41339
@tracker All of 1 nodes getting started
@tracker All nodes finishes job
Trial 423 finished with value: 0.9099833333333334 and parameters: {'tree_method': 'gpu_hist', 'lambda': 0.0003051543993685517, 'alpha': 0.00044536194869576644, 'colsample_bytree': 0.4215194251693484, 'subsample': 0.7297981951352012, 'learning_rate': 0.08037952025018273, 'max_depth': 7, 'min_child_weight': 6, 'eval_metric': 'logloss'}. Best is trial 355 with value: 0.9115833333333333.
start listen on 10.110.42.71:50325
@tracker All of 1 nodes getting started
@tracker All nodes finishes job
start listen on 10.110.42.71:55397
@tracker All of 1 nodes getting started
@tracker All nodes finishes job
start listen on 10.110.42.71:60119
@tracker All of 1 nodes getting started
@tracker All nodes finishes job
start listen on 10.110.42.71:54469
@tracker All of 1 nodes getting started
@tracker All nodes finishes job
start listen on 10.110.42.71:59711
@tracker All of 1 nodes getting started
@tracker All nodes finishes job
Trial 424 finished with value: 0.9113166666666667 and parameters: {'tree_method': 'gpu_hist', 'lambda': 0.00021933520851490237, 'alpha': 0.0002939237509367956, 'colsample_bytree': 0.4095589962099089, 'subsample': 0.794491471881571, 'learning_rate': 0.09167571446382344, 'max_depth': 7, 'min_child_weight': 1, 'eval_metric': 'logloss'}. Best is trial 355 with value: 0.9115833333333333.
start listen on 10.110.42.71:46073
@tracker All of 1 nodes getting started
@tracker All nodes finishes job
start listen on 10.110.42.71:45699
@tracker All of 1 nodes getting started
@tracker All nodes finishes job
start listen on 10.110.42.71:51373
@tracker All of 1 nodes getting started
@tracker All nodes finishes job
start listen on 10.110.42.71:52799
@tracker All of 1 nodes getting started
@tracker All nodes finishes job
start listen on 10.110.42.71:50273
@tracker All of 1 nodes getting started
@tracker All nodes finishes job
Trial 425 finished with value: 0.90925 and parameters: {'tree_method': 'gpu_hist', 'lambda': 0.00041052404965906945, 'alpha': 0.00031161446025714076, 'colsample_bytree': 0.43563792586551175, 'subsample': 0.7971426806134808, 'learning_rate': 0.09984335514914211, 'max_depth': 7, 'min_child_weight': 14, 'eval_metric': 'logloss'}. Best is trial 355 with value: 0.9115833333333333.
start listen on 10.110.42.71:60279
@tracker All of 1 nodes getting started
@tracker All nodes finishes job
start listen on 10.110.42.71:55491
@tracker All of 1 nodes getting started
@tracker All nodes finishes job
start listen on 10.110.42.71:42493
@tracker All of 1 nodes getting started
@tracker All nodes finishes job
start listen on 10.110.42.71:47925
@tracker All of 1 nodes getting started
@tracker All nodes finishes job
start listen on 10.110.42.71:60801
@tracker All of 1 nodes getting started
@tracker All nodes finishes job
Trial 426 finished with value: 0.9088 and parameters: {'tree_method': 'gpu_hist', 'lambda': 0.0002456234965543741, 'alpha': 0.0005048520862229851, 'colsample_bytree': 0.4115653278738328, 'subsample': 0.7830093784131924, 'learning_rate': 0.09099697004191565, 'max_depth': 13, 'min_child_weight': 7, 'eval_metric': 'logloss'}. Best is trial 355 with value: 0.9115833333333333.
start listen on 10.110.42.71:38723
@tracker All of 1 nodes getting started
@tracker All nodes finishes job
start listen on 10.110.42.71:48905
@tracker All of 1 nodes getting started
@tracker All nodes finishes job
start listen on 10.110.42.71:36805
@tracker All of 1 nodes getting started
@tracker All nodes finishes job
start listen on 10.110.42.71:41773
@tracker All of 1 nodes getting started
@tracker All nodes finishes job
start listen on 10.110.42.71:39197
@tracker All of 1 nodes getting started
@tracker All nodes finishes job
Trial 427 finished with value: 0.91085 and parameters: {'tree_method': 'gpu_hist', 'lambda': 0.00036570342511113465, 'alpha': 0.0003874020526496965, 'colsample_bytree': 0.42650905860681676, 'subsample': 0.8136773345318289, 'learning_rate': 0.07702763401727018, 'max_depth': 7, 'min_child_weight': 1, 'eval_metric': 'logloss'}. Best is trial 355 with value: 0.9115833333333333.
start listen on 10.110.42.71:52181
@tracker All of 1 nodes getting started
@tracker All nodes finishes job
start listen on 10.110.42.71:39167
@tracker All of 1 nodes getting started
@tracker All nodes finishes job
start listen on 10.110.42.71:35991
@tracker All of 1 nodes getting started
@tracker All nodes finishes job
start listen on 10.110.42.71:57809
@tracker All of 1 nodes getting started
@tracker All nodes finishes job
start listen on 10.110.42.71:38535
@tracker All of 1 nodes getting started
@tracker All nodes finishes job
Trial 428 finished with value: 0.9082333333333333 and parameters: {'tree_method': 'gpu_hist', 'lambda': 0.0002055981834314873, 'alpha': 0.00028670593516292876, 'colsample_bytree': 0.4018112106735146, 'subsample': 0.7993186557308956, 'learning_rate': 0.08554485962701319, 'max_depth': 7, 'min_child_weight': 24, 'eval_metric': 'logloss'}. Best is trial 355 with value: 0.9115833333333333.
start listen on 10.110.42.71:41907
@tracker All of 1 nodes getting started
@tracker All nodes finishes job
start listen on 10.110.42.71:56823
@tracker All of 1 nodes getting started
@tracker All nodes finishes job
start listen on 10.110.42.71:33369
@tracker All of 1 nodes getting started
@tracker All nodes finishes job
start listen on 10.110.42.71:40027
@tracker All of 1 nodes getting started
@tracker All nodes finishes job
start listen on 10.110.42.71:48265
@tracker All of 1 nodes getting started
@tracker All nodes finishes job
Trial 429 finished with value: 0.8829833333333333 and parameters: {'tree_method': 'gpu_hist', 'lambda': 0.0002677388182716244, 'alpha': 0.001486323247837993, 'colsample_bytree': 0.4434749133375908, 'subsample': 0.7825451744521718, 'learning_rate': 0.028465203205866797, 'max_depth': 20, 'min_child_weight': 237, 'eval_metric': 'logloss'}. Best is trial 355 with value: 0.9115833333333333.
start listen on 10.110.42.71:44579
@tracker All of 1 nodes getting started
@tracker All nodes finishes job
start listen on 10.110.42.71:56237
@tracker All of 1 nodes getting started
@tracker All nodes finishes job
start listen on 10.110.42.71:34879
@tracker All of 1 nodes getting started
@tracker All nodes finishes job
start listen on 10.110.42.71:35707
@tracker All of 1 nodes getting started
@tracker All nodes finishes job
start listen on 10.110.42.71:35011
@tracker All of 1 nodes getting started
@tracker All nodes finishes job
Trial 430 finished with value: 0.8982833333333333 and parameters: {'tree_method': 'gpu_hist', 'lambda': 0.0002114329005100976, 'alpha': 0.0003877706077183261, 'colsample_bytree': 0.4169530142911955, 'subsample': 0.7750192088791698, 'learning_rate': 0.09179927832234083, 'max_depth': 7, 'min_child_weight': 133, 'eval_metric': 'logloss'}. Best is trial 355 with value: 0.9115833333333333.
start listen on 10.110.42.71:44605
@tracker All of 1 nodes getting started
@tracker All nodes finishes job
start listen on 10.110.42.71:32951
@tracker All of 1 nodes getting started
@tracker All nodes finishes job
start listen on 10.110.42.71:57911
@tracker All of 1 nodes getting started
@tracker All nodes finishes job
start listen on 10.110.42.71:51509
@tracker All of 1 nodes getting started
@tracker All nodes finishes job
start listen on 10.110.42.71:40721
@tracker All of 1 nodes getting started
@tracker All nodes finishes job
Trial 431 finished with value: 0.89215 and parameters: {'tree_method': 'gpu_hist', 'lambda': 0.00014550929114363152, 'alpha': 0.0006668370170751658, 'colsample_bytree': 0.43465425239465655, 'subsample': 0.793977494985939, 'learning_rate': 0.07147120898713172, 'max_depth': 7, 'min_child_weight': 205, 'eval_metric': 'logloss'}. Best is trial 355 with value: 0.9115833333333333.
start listen on 10.110.42.71:59313
@tracker All of 1 nodes getting started
@tracker All nodes finishes job
start listen on 10.110.42.71:34023
@tracker All of 1 nodes getting started
@tracker All nodes finishes job
start listen on 10.110.42.71:60707
@tracker All of 1 nodes getting started
@tracker All nodes finishes job
start listen on 10.110.42.71:45801
@tracker All of 1 nodes getting started
@tracker All nodes finishes job
start listen on 10.110.42.71:48925
@tracker All of 1 nodes getting started
@tracker All nodes finishes job
Trial 432 finished with value: 0.9085333333333333 and parameters: {'tree_method': 'gpu_hist', 'lambda': 0.000330473441596822, 'alpha': 0.00022217671038869867, 'colsample_bytree': 0.39642842036518916, 'subsample': 0.7679354537165011, 'learning_rate': 0.07880644294787054, 'max_depth': 17, 'min_child_weight': 10, 'eval_metric': 'logloss'}. Best is trial 355 with value: 0.9115833333333333.
start listen on 10.110.42.71:49741
@tracker All of 1 nodes getting started
@tracker All nodes finishes job
start listen on 10.110.42.71:54873
@tracker All of 1 nodes getting started
@tracker All nodes finishes job
start listen on 10.110.42.71:42779
@tracker All of 1 nodes getting started
@tracker All nodes finishes job
start listen on 10.110.42.71:39549
@tracker All of 1 nodes getting started
@tracker All nodes finishes job
start listen on 10.110.42.71:59487
@tracker All of 1 nodes getting started
@tracker All nodes finishes job
