Trial 174 finished with value: 0.9110333333333334 and parameters: {'tree_method': 'gpu_hist', 'lambda': 0.00032773345839816505, 'alpha': 0.00026201413518198825, 'colsample_bytree': 0.4534906531101157, 'subsample': 0.7651604717366197, 'learning_rate': 0.09936683432991006, 'max_depth': 7, 'min_child_weight': 2, 'eval_metric': 'logloss'}. Best is trial 163 with value: 0.9112166666666667.
start listen on 10.110.42.71:58199
@tracker All of 1 nodes getting started
@tracker All nodes finishes job
start listen on 10.110.42.71:52677
@tracker All of 1 nodes getting started
@tracker All nodes finishes job
start listen on 10.110.42.71:40677
@tracker All of 1 nodes getting started
@tracker All nodes finishes job
start listen on 10.110.42.71:50645
@tracker All of 1 nodes getting started
@tracker All nodes finishes job
start listen on 10.110.42.71:38553
@tracker All of 1 nodes getting started
@tracker All nodes finishes job
Trial 175 finished with value: 0.9109333333333334 and parameters: {'tree_method': 'gpu_hist', 'lambda': 0.0005374984029343741, 'alpha': 0.0002428191480436107, 'colsample_bytree': 0.44741076027288357, 'subsample': 0.7729907455600254, 'learning_rate': 0.09964666772430719, 'max_depth': 7, 'min_child_weight': 1, 'eval_metric': 'logloss'}. Best is trial 163 with value: 0.9112166666666667.
start listen on 10.110.42.71:38375
@tracker All of 1 nodes getting started
@tracker All nodes finishes job
start listen on 10.110.42.71:59291
@tracker All of 1 nodes getting started
@tracker All nodes finishes job
start listen on 10.110.42.71:59201
@tracker All of 1 nodes getting started
@tracker All nodes finishes job
start listen on 10.110.42.71:50963
@tracker All of 1 nodes getting started
@tracker All nodes finishes job
start listen on 10.110.42.71:59857
@tracker All of 1 nodes getting started
@tracker All nodes finishes job
Trial 176 finished with value: 0.9104 and parameters: {'tree_method': 'gpu_hist', 'lambda': 0.000320619131391793, 'alpha': 0.0002149965467995736, 'colsample_bytree': 0.4482771036847844, 'subsample': 0.7569710077343905, 'learning_rate': 0.09933644632735472, 'max_depth': 7, 'min_child_weight': 2, 'eval_metric': 'logloss'}. Best is trial 163 with value: 0.9112166666666667.
start listen on 10.110.42.71:45629
@tracker All of 1 nodes getting started
@tracker All nodes finishes job
start listen on 10.110.42.71:42593
@tracker All of 1 nodes getting started
@tracker All nodes finishes job
start listen on 10.110.42.71:52463
@tracker All of 1 nodes getting started
@tracker All nodes finishes job
start listen on 10.110.42.71:42249
@tracker All of 1 nodes getting started
@tracker All nodes finishes job
start listen on 10.110.42.71:48645
@tracker All of 1 nodes getting started
@tracker All nodes finishes job
Trial 177 finished with value: 0.91085 and parameters: {'tree_method': 'gpu_hist', 'lambda': 0.0006242434736725163, 'alpha': 0.00029999759330780846, 'colsample_bytree': 0.3896026060529633, 'subsample': 0.7743936060337399, 'learning_rate': 0.09120982401724145, 'max_depth': 7, 'min_child_weight': 1, 'eval_metric': 'logloss'}. Best is trial 163 with value: 0.9112166666666667.
start listen on 10.110.42.71:44245
@tracker All of 1 nodes getting started
@tracker All nodes finishes job
start listen on 10.110.42.71:51903
@tracker All of 1 nodes getting started
@tracker All nodes finishes job
start listen on 10.110.42.71:53279
@tracker All of 1 nodes getting started
@tracker All nodes finishes job
start listen on 10.110.42.71:33563
@tracker All of 1 nodes getting started
@tracker All nodes finishes job
start listen on 10.110.42.71:42855
@tracker All of 1 nodes getting started
@tracker All nodes finishes job
Trial 178 finished with value: 0.9096666666666666 and parameters: {'tree_method': 'gpu_hist', 'lambda': 0.0006090720058867273, 'alpha': 0.00034357189247441575, 'colsample_bytree': 0.38033271182492506, 'subsample': 0.7708042796412373, 'learning_rate': 0.09231729036713719, 'max_depth': 7, 'min_child_weight': 10, 'eval_metric': 'logloss'}. Best is trial 163 with value: 0.9112166666666667.
start listen on 10.110.42.71:43755
@tracker All of 1 nodes getting started
@tracker All nodes finishes job
start listen on 10.110.42.71:38929
@tracker All of 1 nodes getting started
@tracker All nodes finishes job
start listen on 10.110.42.71:40135
@tracker All of 1 nodes getting started
@tracker All nodes finishes job
start listen on 10.110.42.71:54981
@tracker All of 1 nodes getting started
@tracker All nodes finishes job
start listen on 10.110.42.71:50385
@tracker All of 1 nodes getting started
@tracker All nodes finishes job
Trial 179 finished with value: 0.9108833333333334 and parameters: {'tree_method': 'gpu_hist', 'lambda': 0.00013755134989837243, 'alpha': 0.00019610105756791984, 'colsample_bytree': 0.4679002298448555, 'subsample': 0.7742690782263209, 'learning_rate': 0.09025305527304321, 'max_depth': 7, 'min_child_weight': 2, 'eval_metric': 'logloss'}. Best is trial 163 with value: 0.9112166666666667.
start listen on 10.110.42.71:46267
@tracker All of 1 nodes getting started
@tracker All nodes finishes job
start listen on 10.110.42.71:59539
@tracker All of 1 nodes getting started
@tracker All nodes finishes job
start listen on 10.110.42.71:36727
@tracker All of 1 nodes getting started
@tracker All nodes finishes job
start listen on 10.110.42.71:38581
@tracker All of 1 nodes getting started
@tracker All nodes finishes job
start listen on 10.110.42.71:49033
@tracker All of 1 nodes getting started
@tracker All nodes finishes job
Trial 180 finished with value: 0.91105 and parameters: {'tree_method': 'gpu_hist', 'lambda': 0.00014749014212485882, 'alpha': 0.00018108614526291499, 'colsample_bytree': 0.40826633469831175, 'subsample': 0.7248139854416957, 'learning_rate': 0.09895182455020082, 'max_depth': 7, 'min_child_weight': 1, 'eval_metric': 'logloss'}. Best is trial 163 with value: 0.9112166666666667.
start listen on 10.110.42.71:59949
@tracker All of 1 nodes getting started
@tracker All nodes finishes job
start listen on 10.110.42.71:42783
@tracker All of 1 nodes getting started
@tracker All nodes finishes job
start listen on 10.110.42.71:44635
@tracker All of 1 nodes getting started
@tracker All nodes finishes job
start listen on 10.110.42.71:48911
@tracker All of 1 nodes getting started
@tracker All nodes finishes job
start listen on 10.110.42.71:51539
@tracker All of 1 nodes getting started
@tracker All nodes finishes job
Trial 181 finished with value: 0.9102 and parameters: {'tree_method': 'gpu_hist', 'lambda': 0.00016358027835495492, 'alpha': 0.00016583304098870277, 'colsample_bytree': 0.4146756321632106, 'subsample': 0.7118342845041361, 'learning_rate': 0.09942653170898519, 'max_depth': 7, 'min_child_weight': 1, 'eval_metric': 'logloss'}. Best is trial 163 with value: 0.9112166666666667.
start listen on 10.110.42.71:58821
@tracker All of 1 nodes getting started
@tracker All nodes finishes job
start listen on 10.110.42.71:52407
@tracker All of 1 nodes getting started
@tracker All nodes finishes job
start listen on 10.110.42.71:50501
@tracker All of 1 nodes getting started
@tracker All nodes finishes job
start listen on 10.110.42.71:48205
@tracker All of 1 nodes getting started
@tracker All nodes finishes job
start listen on 10.110.42.71:44709
@tracker All of 1 nodes getting started
@tracker All nodes finishes job
Trial 182 finished with value: 0.9111666666666667 and parameters: {'tree_method': 'gpu_hist', 'lambda': 0.00030503592024391573, 'alpha': 0.0003607725679879785, 'colsample_bytree': 0.4687046987250541, 'subsample': 0.7507789880271469, 'learning_rate': 0.09042299306744185, 'max_depth': 7, 'min_child_weight': 1, 'eval_metric': 'logloss'}. Best is trial 163 with value: 0.9112166666666667.
start listen on 10.110.42.71:34989
@tracker All of 1 nodes getting started
@tracker All nodes finishes job
start listen on 10.110.42.71:38945
@tracker All of 1 nodes getting started
@tracker All nodes finishes job
start listen on 10.110.42.71:43499
@tracker All of 1 nodes getting started
@tracker All nodes finishes job
start listen on 10.110.42.71:53947
@tracker All of 1 nodes getting started
@tracker All nodes finishes job
start listen on 10.110.42.71:42565
@tracker All of 1 nodes getting started
@tracker All nodes finishes job
Trial 183 finished with value: 0.9096166666666666 and parameters: {'tree_method': 'gpu_hist', 'lambda': 0.0003069150149165683, 'alpha': 0.000339994647971243, 'colsample_bytree': 0.34837822057432605, 'subsample': 0.7585477906005896, 'learning_rate': 0.09124946979110798, 'max_depth': 7, 'min_child_weight': 11, 'eval_metric': 'logloss'}. Best is trial 163 with value: 0.9112166666666667.
start listen on 10.110.42.71:59123
@tracker All of 1 nodes getting started
@tracker All nodes finishes job
start listen on 10.110.42.71:35997
@tracker All of 1 nodes getting started
@tracker All nodes finishes job
start listen on 10.110.42.71:44957
@tracker All of 1 nodes getting started
@tracker All nodes finishes job
start listen on 10.110.42.71:50725
@tracker All of 1 nodes getting started
@tracker All nodes finishes job
start listen on 10.110.42.71:47183
@tracker All of 1 nodes getting started
@tracker All nodes finishes job
Trial 184 finished with value: 0.9115333333333333 and parameters: {'tree_method': 'gpu_hist', 'lambda': 0.00010455712301127568, 'alpha': 0.0004467430158427378, 'colsample_bytree': 0.39865735420043863, 'subsample': 0.7758086810572931, 'learning_rate': 0.09956099707131556, 'max_depth': 7, 'min_child_weight': 1, 'eval_metric': 'logloss'}. Best is trial 184 with value: 0.9115333333333333.
start listen on 10.110.42.71:55239
@tracker All of 1 nodes getting started
@tracker All nodes finishes job
start listen on 10.110.42.71:41043
@tracker All of 1 nodes getting started
@tracker All nodes finishes job
start listen on 10.110.42.71:54295
@tracker All of 1 nodes getting started
@tracker All nodes finishes job
start listen on 10.110.42.71:60047
@tracker All of 1 nodes getting started
@tracker All nodes finishes job
start listen on 10.110.42.71:35795
@tracker All of 1 nodes getting started
@tracker All nodes finishes job
Trial 185 finished with value: 0.9111833333333333 and parameters: {'tree_method': 'gpu_hist', 'lambda': 0.00015239246543482352, 'alpha': 0.00024123350785058178, 'colsample_bytree': 0.38424960899992405, 'subsample': 0.7293310336629829, 'learning_rate': 0.09165361569347089, 'max_depth': 7, 'min_child_weight': 1, 'eval_metric': 'logloss'}. Best is trial 184 with value: 0.9115333333333333.
start listen on 10.110.42.71:39307
@tracker All of 1 nodes getting started
@tracker All nodes finishes job
start listen on 10.110.42.71:50063
@tracker All of 1 nodes getting started
@tracker All nodes finishes job
start listen on 10.110.42.71:46537
@tracker All of 1 nodes getting started
@tracker All nodes finishes job
start listen on 10.110.42.71:43465
@tracker All of 1 nodes getting started
@tracker All nodes finishes job
start listen on 10.110.42.71:60499
@tracker All of 1 nodes getting started
@tracker All nodes finishes job
Trial 186 finished with value: 0.9112333333333333 and parameters: {'tree_method': 'gpu_hist', 'lambda': 0.00015706014301734126, 'alpha': 0.0004349063498944398, 'colsample_bytree': 0.39608481663197925, 'subsample': 0.731171679188118, 'learning_rate': 0.09921071655214633, 'max_depth': 7, 'min_child_weight': 2, 'eval_metric': 'logloss'}. Best is trial 184 with value: 0.9115333333333333.
start listen on 10.110.42.71:38747
@tracker All of 1 nodes getting started
@tracker All nodes finishes job
start listen on 10.110.42.71:38503
@tracker All of 1 nodes getting started
@tracker All nodes finishes job
start listen on 10.110.42.71:38211
@tracker All of 1 nodes getting started
@tracker All nodes finishes job
start listen on 10.110.42.71:59733
@tracker All of 1 nodes getting started
@tracker All nodes finishes job
start listen on 10.110.42.71:56557
@tracker All of 1 nodes getting started
@tracker All nodes finishes job
Trial 187 finished with value: 0.9108833333333334 and parameters: {'tree_method': 'gpu_hist', 'lambda': 0.00016005235932292763, 'alpha': 0.00026241677754579464, 'colsample_bytree': 0.39171897035917413, 'subsample': 0.6968665066390817, 'learning_rate': 0.08869216755992405, 'max_depth': 7, 'min_child_weight': 1, 'eval_metric': 'logloss'}. Best is trial 184 with value: 0.9115333333333333.
start listen on 10.110.42.71:34397
@tracker All of 1 nodes getting started
@tracker All nodes finishes job
start listen on 10.110.42.71:45759
@tracker All of 1 nodes getting started
@tracker All nodes finishes job
start listen on 10.110.42.71:45537
@tracker All of 1 nodes getting started
@tracker All nodes finishes job
start listen on 10.110.42.71:53385
@tracker All of 1 nodes getting started
@tracker All nodes finishes job
start listen on 10.110.42.71:33545
@tracker All of 1 nodes getting started
@tracker All nodes finishes job
Trial 188 finished with value: 0.9113 and parameters: {'tree_method': 'gpu_hist', 'lambda': 0.0005691846376457524, 'alpha': 0.00026527487689946496, 'colsample_bytree': 0.39737052658681793, 'subsample': 0.7230824944353184, 'learning_rate': 0.09937308234518512, 'max_depth': 7, 'min_child_weight': 1, 'eval_metric': 'logloss'}. Best is trial 184 with value: 0.9115333333333333.
start listen on 10.110.42.71:44857
@tracker All of 1 nodes getting started
@tracker All nodes finishes job
start listen on 10.110.42.71:40017
@tracker All of 1 nodes getting started
@tracker All nodes finishes job
start listen on 10.110.42.71:49747
@tracker All of 1 nodes getting started
@tracker All nodes finishes job
start listen on 10.110.42.71:34231
@tracker All of 1 nodes getting started
@tracker All nodes finishes job
start listen on 10.110.42.71:44869
@tracker All of 1 nodes getting started
@tracker All nodes finishes job
Trial 189 finished with value: 0.9109333333333334 and parameters: {'tree_method': 'gpu_hist', 'lambda': 0.00015136096380406194, 'alpha': 0.0004777610773885091, 'colsample_bytree': 0.39135856530528346, 'subsample': 0.7000565628088802, 'learning_rate': 0.08964509360741091, 'max_depth': 7, 'min_child_weight': 1, 'eval_metric': 'logloss'}. Best is trial 184 with value: 0.9115333333333333.
start listen on 10.110.42.71:56427
@tracker All of 1 nodes getting started
@tracker All nodes finishes job
start listen on 10.110.42.71:40193
@tracker All of 1 nodes getting started
@tracker All nodes finishes job
start listen on 10.110.42.71:51753
@tracker All of 1 nodes getting started
@tracker All nodes finishes job
start listen on 10.110.42.71:33227
@tracker All of 1 nodes getting started
@tracker All nodes finishes job
start listen on 10.110.42.71:39339
@tracker All of 1 nodes getting started
@tracker All nodes finishes job
Trial 190 finished with value: 0.9098166666666667 and parameters: {'tree_method': 'gpu_hist', 'lambda': 0.0005554344643138465, 'alpha': 0.00024288385667261037, 'colsample_bytree': 0.3925865210723045, 'subsample': 0.6886153276428818, 'learning_rate': 0.08906224860947291, 'max_depth': 7, 'min_child_weight': 12, 'eval_metric': 'logloss'}. Best is trial 184 with value: 0.9115333333333333.
start listen on 10.110.42.71:40221
@tracker All of 1 nodes getting started
@tracker All nodes finishes job
start listen on 10.110.42.71:56733
@tracker All of 1 nodes getting started
@tracker All nodes finishes job
start listen on 10.110.42.71:40589
@tracker All of 1 nodes getting started
@tracker All nodes finishes job
start listen on 10.110.42.71:42281
@tracker All of 1 nodes getting started
@tracker All nodes finishes job
start listen on 10.110.42.71:57383
@tracker All of 1 nodes getting started
@tracker All nodes finishes job
Trial 191 finished with value: 0.9082666666666667 and parameters: {'tree_method': 'gpu_hist', 'lambda': 0.000150189457532299, 'alpha': 0.00015156238775024085, 'colsample_bytree': 0.37557747479405107, 'subsample': 0.7184957031563025, 'learning_rate': 0.08968995461880593, 'max_depth': 7, 'min_child_weight': 15, 'eval_metric': 'logloss'}. Best is trial 184 with value: 0.9115333333333333.
start listen on 10.110.42.71:56953
@tracker All of 1 nodes getting started
@tracker All nodes finishes job
start listen on 10.110.42.71:55117
@tracker All of 1 nodes getting started
@tracker All nodes finishes job
start listen on 10.110.42.71:47921
@tracker All of 1 nodes getting started
@tracker All nodes finishes job
start listen on 10.110.42.71:48887
@tracker All of 1 nodes getting started
@tracker All nodes finishes job
start listen on 10.110.42.71:44837
@tracker All of 1 nodes getting started
@tracker All nodes finishes job
Trial 192 finished with value: 0.9113166666666667 and parameters: {'tree_method': 'gpu_hist', 'lambda': 0.00010257000829544649, 'alpha': 0.0004906084839300829, 'colsample_bytree': 0.3987286319323022, 'subsample': 0.7370226373312077, 'learning_rate': 0.07715532346981382, 'max_depth': 7, 'min_child_weight': 1, 'eval_metric': 'logloss'}. Best is trial 184 with value: 0.9115333333333333.
start listen on 10.110.42.71:36429
@tracker All of 1 nodes getting started
@tracker All nodes finishes job
start listen on 10.110.42.71:59931
@tracker All of 1 nodes getting started
@tracker All nodes finishes job
start listen on 10.110.42.71:58545
@tracker All of 1 nodes getting started
@tracker All nodes finishes job
start listen on 10.110.42.71:52997
@tracker All of 1 nodes getting started
@tracker All nodes finishes job
start listen on 10.110.42.71:50049
@tracker All of 1 nodes getting started
@tracker All nodes finishes job
Trial 193 finished with value: 0.90955 and parameters: {'tree_method': 'gpu_hist', 'lambda': 0.00011502416566877398, 'alpha': 0.0004428403971753389, 'colsample_bytree': 0.4115761179105992, 'subsample': 0.700347552255217, 'learning_rate': 0.07529033918646964, 'max_depth': 7, 'min_child_weight': 11, 'eval_metric': 'logloss'}. Best is trial 184 with value: 0.9115333333333333.
start listen on 10.110.42.71:51913
@tracker All of 1 nodes getting started
@tracker All nodes finishes job
start listen on 10.110.42.71:32945
@tracker All of 1 nodes getting started
@tracker All nodes finishes job
start listen on 10.110.42.71:49965
@tracker All of 1 nodes getting started
@tracker All nodes finishes job
start listen on 10.110.42.71:52595
@tracker All of 1 nodes getting started
@tracker All nodes finishes job
start listen on 10.110.42.71:36193
@tracker All of 1 nodes getting started
@tracker All nodes finishes job
Trial 194 finished with value: 0.9112666666666667 and parameters: {'tree_method': 'gpu_hist', 'lambda': 0.0001496966144613173, 'alpha': 0.0002644631484152495, 'colsample_bytree': 0.4007735981988749, 'subsample': 0.7295661354999302, 'learning_rate': 0.08851991087649794, 'max_depth': 7, 'min_child_weight': 1, 'eval_metric': 'logloss'}. Best is trial 184 with value: 0.9115333333333333.
start listen on 10.110.42.71:37575
@tracker All of 1 nodes getting started
@tracker All nodes finishes job
start listen on 10.110.42.71:50431
@tracker All of 1 nodes getting started
@tracker All nodes finishes job
start listen on 10.110.42.71:50545
@tracker All of 1 nodes getting started
@tracker All nodes finishes job
start listen on 10.110.42.71:59287
@tracker All of 1 nodes getting started
@tracker All nodes finishes job
start listen on 10.110.42.71:58485
@tracker All of 1 nodes getting started
@tracker All nodes finishes job
Trial 195 finished with value: 0.9112166666666667 and parameters: {'tree_method': 'gpu_hist', 'lambda': 0.0002679285992585978, 'alpha': 0.00025819309183802843, 'colsample_bytree': 0.3609892515626984, 'subsample': 0.7434357966692612, 'learning_rate': 0.08731026193319773, 'max_depth': 7, 'min_child_weight': 1, 'eval_metric': 'logloss'}. Best is trial 184 with value: 0.9115333333333333.
start listen on 10.110.42.71:55219
@tracker All of 1 nodes getting started
@tracker All nodes finishes job
start listen on 10.110.42.71:35845
@tracker All of 1 nodes getting started
@tracker All nodes finishes job
start listen on 10.110.42.71:35437
@tracker All of 1 nodes getting started
@tracker All nodes finishes job
start listen on 10.110.42.71:40187
@tracker All of 1 nodes getting started
@tracker All nodes finishes job
start listen on 10.110.42.71:50451
@tracker All of 1 nodes getting started
@tracker All nodes finishes job
Trial 196 finished with value: 0.9093833333333333 and parameters: {'tree_method': 'gpu_hist', 'lambda': 0.0001427963503271224, 'alpha': 0.00027233205599453265, 'colsample_bytree': 0.35922049220354, 'subsample': 0.7274565381217213, 'learning_rate': 0.0863026731367221, 'max_depth': 7, 'min_child_weight': 9, 'eval_metric': 'logloss'}. Best is trial 184 with value: 0.9115333333333333.
start listen on 10.110.42.71:51749
@tracker All of 1 nodes getting started
@tracker All nodes finishes job
start listen on 10.110.42.71:49525
@tracker All of 1 nodes getting started
@tracker All nodes finishes job
start listen on 10.110.42.71:44971
@tracker All of 1 nodes getting started
@tracker All nodes finishes job
start listen on 10.110.42.71:53971
@tracker All of 1 nodes getting started
@tracker All nodes finishes job
start listen on 10.110.42.71:59913
@tracker All of 1 nodes getting started
@tracker All nodes finishes job
