Trial 480 finished with value: 0.9096333333333333 and parameters: {'tree_method': 'gpu_hist', 'lambda': 0.0001249487797124426, 'alpha': 0.000994305601883165, 'colsample_bytree': 0.43973052750295555, 'subsample': 0.7865529045247582, 'learning_rate': 0.08621880229968322, 'max_depth': 7, 'min_child_weight': 10, 'eval_metric': 'logloss'}. Best is trial 478 with value: 0.91195.
start listen on 10.110.42.71:46175
@tracker All of 1 nodes getting started
@tracker All nodes finishes job
start listen on 10.110.42.71:45183
@tracker All of 1 nodes getting started
@tracker All nodes finishes job
start listen on 10.110.42.71:45307
@tracker All of 1 nodes getting started
@tracker All nodes finishes job
start listen on 10.110.42.71:53815
@tracker All of 1 nodes getting started
@tracker All nodes finishes job
start listen on 10.110.42.71:59433
@tracker All of 1 nodes getting started
@tracker All nodes finishes job
Trial 481 finished with value: 0.9114166666666667 and parameters: {'tree_method': 'gpu_hist', 'lambda': 0.00012141282376445973, 'alpha': 0.0005084572854529261, 'colsample_bytree': 0.43844175472941915, 'subsample': 0.7780630364364302, 'learning_rate': 0.09946733559864498, 'max_depth': 7, 'min_child_weight': 1, 'eval_metric': 'logloss'}. Best is trial 478 with value: 0.91195.
start listen on 10.110.42.71:48393
@tracker All of 1 nodes getting started
@tracker All nodes finishes job
start listen on 10.110.42.71:52967
@tracker All of 1 nodes getting started
@tracker All nodes finishes job
start listen on 10.110.42.71:49299
@tracker All of 1 nodes getting started
@tracker All nodes finishes job
start listen on 10.110.42.71:48085
@tracker All of 1 nodes getting started
@tracker All nodes finishes job
start listen on 10.110.42.71:58751
@tracker All of 1 nodes getting started
@tracker All nodes finishes job
Trial 482 finished with value: 0.91125 and parameters: {'tree_method': 'gpu_hist', 'lambda': 0.00010325428981382506, 'alpha': 0.0005321273220203717, 'colsample_bytree': 0.42879983871923005, 'subsample': 0.7734752374016776, 'learning_rate': 0.07163343380077085, 'max_depth': 7, 'min_child_weight': 1, 'eval_metric': 'logloss'}. Best is trial 478 with value: 0.91195.
start listen on 10.110.42.71:50409
@tracker All of 1 nodes getting started
@tracker All nodes finishes job
start listen on 10.110.42.71:38617
@tracker All of 1 nodes getting started
@tracker All nodes finishes job
start listen on 10.110.42.71:41635
@tracker All of 1 nodes getting started
@tracker All nodes finishes job
start listen on 10.110.42.71:55293
@tracker All of 1 nodes getting started
@tracker All nodes finishes job
start listen on 10.110.42.71:39835
@tracker All of 1 nodes getting started
@tracker All nodes finishes job
Trial 483 finished with value: 0.90965 and parameters: {'tree_method': 'gpu_hist', 'lambda': 0.00010099143127137592, 'alpha': 0.0006905486646203479, 'colsample_bytree': 0.4294003194062429, 'subsample': 0.7699853659600143, 'learning_rate': 0.07056046571425328, 'max_depth': 7, 'min_child_weight': 11, 'eval_metric': 'logloss'}. Best is trial 478 with value: 0.91195.
start listen on 10.110.42.71:51769
@tracker All of 1 nodes getting started
@tracker All nodes finishes job
start listen on 10.110.42.71:41629
@tracker All of 1 nodes getting started
@tracker All nodes finishes job
start listen on 10.110.42.71:60399
@tracker All of 1 nodes getting started
@tracker All nodes finishes job
start listen on 10.110.42.71:38327
@tracker All of 1 nodes getting started
@tracker All nodes finishes job
start listen on 10.110.42.71:59277
@tracker All of 1 nodes getting started
@tracker All nodes finishes job
Trial 484 finished with value: 0.9101666666666667 and parameters: {'tree_method': 'gpu_hist', 'lambda': 0.00013081375531198637, 'alpha': 0.0005499999426575689, 'colsample_bytree': 0.43172964629220417, 'subsample': 0.7901622051913034, 'learning_rate': 0.07483205526039549, 'max_depth': 7, 'min_child_weight': 6, 'eval_metric': 'logloss'}. Best is trial 478 with value: 0.91195.
start listen on 10.110.42.71:47495
@tracker All of 1 nodes getting started
@tracker All nodes finishes job
start listen on 10.110.42.71:34131
@tracker All of 1 nodes getting started
@tracker All nodes finishes job
start listen on 10.110.42.71:59493
@tracker All of 1 nodes getting started
@tracker All nodes finishes job
start listen on 10.110.42.71:43877
@tracker All of 1 nodes getting started
@tracker All nodes finishes job
start listen on 10.110.42.71:37365
@tracker All of 1 nodes getting started
@tracker All nodes finishes job
Trial 485 finished with value: 0.88245 and parameters: {'tree_method': 'gpu_hist', 'lambda': 0.00011862610334805671, 'alpha': 0.0005350668135994754, 'colsample_bytree': 0.4458168849438173, 'subsample': 0.7778595483299728, 'learning_rate': 0.004051602029049414, 'max_depth': 7, 'min_child_weight': 1, 'eval_metric': 'logloss'}. Best is trial 478 with value: 0.91195.
start listen on 10.110.42.71:37539
@tracker All of 1 nodes getting started
@tracker All nodes finishes job
start listen on 10.110.42.71:58267
@tracker All of 1 nodes getting started
@tracker All nodes finishes job
start listen on 10.110.42.71:47615
@tracker All of 1 nodes getting started
@tracker All nodes finishes job
start listen on 10.110.42.71:53653
@tracker All of 1 nodes getting started
@tracker All nodes finishes job
start listen on 10.110.42.71:56513
@tracker All of 1 nodes getting started
@tracker All nodes finishes job
Trial 486 finished with value: 0.9032833333333333 and parameters: {'tree_method': 'gpu_hist', 'lambda': 0.00011173133215375724, 'alpha': 0.0008178785279110397, 'colsample_bytree': 0.42010056728899964, 'subsample': 0.7738565629912606, 'learning_rate': 0.06044401539999426, 'max_depth': 7, 'min_child_weight': 67, 'eval_metric': 'logloss'}. Best is trial 478 with value: 0.91195.
start listen on 10.110.42.71:33187
@tracker All of 1 nodes getting started
@tracker All nodes finishes job
start listen on 10.110.42.71:43441
@tracker All of 1 nodes getting started
@tracker All nodes finishes job
start listen on 10.110.42.71:57605
@tracker All of 1 nodes getting started
@tracker All nodes finishes job
start listen on 10.110.42.71:41869
@tracker All of 1 nodes getting started
@tracker All nodes finishes job
start listen on 10.110.42.71:49335
@tracker All of 1 nodes getting started
@tracker All nodes finishes job
Trial 487 finished with value: 0.90935 and parameters: {'tree_method': 'gpu_hist', 'lambda': 0.00012232569766717734, 'alpha': 0.0004931446617559526, 'colsample_bytree': 0.41049296603082736, 'subsample': 0.8326247165888571, 'learning_rate': 0.07980074843524416, 'max_depth': 7, 'min_child_weight': 16, 'eval_metric': 'logloss'}. Best is trial 478 with value: 0.91195.
start listen on 10.110.42.71:59527
@tracker All of 1 nodes getting started
@tracker All nodes finishes job
start listen on 10.110.42.71:33447
@tracker All of 1 nodes getting started
@tracker All nodes finishes job
start listen on 10.110.42.71:41103
@tracker All of 1 nodes getting started
@tracker All nodes finishes job
start listen on 10.110.42.71:40117
@tracker All of 1 nodes getting started
@tracker All nodes finishes job
start listen on 10.110.42.71:38759
@tracker All of 1 nodes getting started
@tracker All nodes finishes job
Trial 488 finished with value: 0.9096 and parameters: {'tree_method': 'gpu_hist', 'lambda': 0.0001038502476437271, 'alpha': 0.0006304424156824292, 'colsample_bytree': 0.437942107219082, 'subsample': 0.8065430839005325, 'learning_rate': 0.05256387296888961, 'max_depth': 7, 'min_child_weight': 8, 'eval_metric': 'logloss'}. Best is trial 478 with value: 0.91195.
start listen on 10.110.42.71:37681
@tracker All of 1 nodes getting started
@tracker All nodes finishes job
start listen on 10.110.42.71:48283
@tracker All of 1 nodes getting started
@tracker All nodes finishes job
start listen on 10.110.42.71:33951
@tracker All of 1 nodes getting started
@tracker All nodes finishes job
start listen on 10.110.42.71:47777
@tracker All of 1 nodes getting started
@tracker All nodes finishes job
start listen on 10.110.42.71:59991
@tracker All of 1 nodes getting started
@tracker All nodes finishes job
Trial 489 finished with value: 0.9000666666666667 and parameters: {'tree_method': 'gpu_hist', 'lambda': 0.0001409704891462125, 'alpha': 0.00045448445525078093, 'colsample_bytree': 0.4207842887519612, 'subsample': 0.7631554990721053, 'learning_rate': 0.09966859538712954, 'max_depth': 7, 'min_child_weight': 109, 'eval_metric': 'logloss'}. Best is trial 478 with value: 0.91195.
start listen on 10.110.42.71:57513
@tracker All of 1 nodes getting started
@tracker All nodes finishes job
start listen on 10.110.42.71:53955
@tracker All of 1 nodes getting started
@tracker All nodes finishes job
start listen on 10.110.42.71:53135
@tracker All of 1 nodes getting started
@tracker All nodes finishes job
start listen on 10.110.42.71:49457
@tracker All of 1 nodes getting started
@tracker All nodes finishes job
start listen on 10.110.42.71:40685
@tracker All of 1 nodes getting started
@tracker All nodes finishes job
Trial 490 finished with value: 0.9113833333333333 and parameters: {'tree_method': 'gpu_hist', 'lambda': 0.00014739831294885186, 'alpha': 0.0004422982964516718, 'colsample_bytree': 0.45164135032540953, 'subsample': 0.795860534431075, 'learning_rate': 0.08665967840890108, 'max_depth': 7, 'min_child_weight': 1, 'eval_metric': 'logloss'}. Best is trial 478 with value: 0.91195.
start listen on 10.110.42.71:42079
@tracker All of 1 nodes getting started
@tracker All nodes finishes job
start listen on 10.110.42.71:58315
@tracker All of 1 nodes getting started
@tracker All nodes finishes job
start listen on 10.110.42.71:39997
@tracker All of 1 nodes getting started
@tracker All nodes finishes job
start listen on 10.110.42.71:57707
@tracker All of 1 nodes getting started
@tracker All nodes finishes job
start listen on 10.110.42.71:45291
@tracker All of 1 nodes getting started
@tracker All nodes finishes job
Trial 491 finished with value: 0.9086833333333333 and parameters: {'tree_method': 'gpu_hist', 'lambda': 0.00012336754583405906, 'alpha': 0.00041155841524731355, 'colsample_bytree': 0.45367989319335283, 'subsample': 0.7944260609790436, 'learning_rate': 0.06574879519885007, 'max_depth': 20, 'min_child_weight': 6, 'eval_metric': 'logloss'}. Best is trial 478 with value: 0.91195.
start listen on 10.110.42.71:57683
@tracker All of 1 nodes getting started
@tracker All nodes finishes job
start listen on 10.110.42.71:45827
@tracker All of 1 nodes getting started
@tracker All nodes finishes job
start listen on 10.110.42.71:53481
@tracker All of 1 nodes getting started
@tracker All nodes finishes job
start listen on 10.110.42.71:46643
@tracker All of 1 nodes getting started
@tracker All nodes finishes job
start listen on 10.110.42.71:36397
@tracker All of 1 nodes getting started
@tracker All nodes finishes job
Trial 492 finished with value: 0.9107333333333333 and parameters: {'tree_method': 'gpu_hist', 'lambda': 0.00014812423870234575, 'alpha': 0.0007123590220672093, 'colsample_bytree': 0.4542687396127827, 'subsample': 0.7993837798487353, 'learning_rate': 0.07413615286828158, 'max_depth': 7, 'min_child_weight': 1, 'eval_metric': 'logloss'}. Best is trial 478 with value: 0.91195.
start listen on 10.110.42.71:55879
@tracker All of 1 nodes getting started
@tracker All nodes finishes job
start listen on 10.110.42.71:46891
@tracker All of 1 nodes getting started
@tracker All nodes finishes job
start listen on 10.110.42.71:56459
@tracker All of 1 nodes getting started
@tracker All nodes finishes job
start listen on 10.110.42.71:54755
@tracker All of 1 nodes getting started
@tracker All nodes finishes job
start listen on 10.110.42.71:51789
@tracker All of 1 nodes getting started
@tracker All nodes finishes job
Trial 493 finished with value: 0.90785 and parameters: {'tree_method': 'gpu_hist', 'lambda': 0.00010041171581709429, 'alpha': 0.000543342372848008, 'colsample_bytree': 0.44389487962471336, 'subsample': 0.7822002077530328, 'learning_rate': 0.08441070913225893, 'max_depth': 13, 'min_child_weight': 21, 'eval_metric': 'logloss'}. Best is trial 478 with value: 0.91195.
start listen on 10.110.42.71:38769
@tracker All of 1 nodes getting started
@tracker All nodes finishes job
start listen on 10.110.42.71:49253
@tracker All of 1 nodes getting started
@tracker All nodes finishes job
start listen on 10.110.42.71:50347
@tracker All of 1 nodes getting started
@tracker All nodes finishes job
start listen on 10.110.42.71:58485
@tracker All of 1 nodes getting started
@tracker All nodes finishes job
start listen on 10.110.42.71:60127
@tracker All of 1 nodes getting started
@tracker All nodes finishes job
Trial 494 finished with value: 0.9090833333333334 and parameters: {'tree_method': 'gpu_hist', 'lambda': 0.00014851992452397618, 'alpha': 0.0004359091374276723, 'colsample_bytree': 0.47983660750676427, 'subsample': 0.8134590240864003, 'learning_rate': 0.07055399181614472, 'max_depth': 7, 'min_child_weight': 13, 'eval_metric': 'logloss'}. Best is trial 478 with value: 0.91195.
start listen on 10.110.42.71:39999
@tracker All of 1 nodes getting started
@tracker All nodes finishes job
start listen on 10.110.42.71:55819
@tracker All of 1 nodes getting started
@tracker All nodes finishes job
start listen on 10.110.42.71:60027
@tracker All of 1 nodes getting started
@tracker All nodes finishes job
start listen on 10.110.42.71:41639
@tracker All of 1 nodes getting started
@tracker All nodes finishes job
start listen on 10.110.42.71:41127
@tracker All of 1 nodes getting started
@tracker All nodes finishes job
Trial 495 finished with value: 0.9081 and parameters: {'tree_method': 'gpu_hist', 'lambda': 0.00012380195889055001, 'alpha': 0.000309037080275579, 'colsample_bytree': 0.4666288104255972, 'subsample': 0.7786131583980868, 'learning_rate': 0.08517625675458382, 'max_depth': 7, 'min_child_weight': 27, 'eval_metric': 'logloss'}. Best is trial 478 with value: 0.91195.
start listen on 10.110.42.71:53825
@tracker All of 1 nodes getting started
@tracker All nodes finishes job
start listen on 10.110.42.71:39025
@tracker All of 1 nodes getting started
@tracker All nodes finishes job
start listen on 10.110.42.71:46695
@tracker All of 1 nodes getting started
@tracker All nodes finishes job
start listen on 10.110.42.71:41933
@tracker All of 1 nodes getting started
@tracker All nodes finishes job
start listen on 10.110.42.71:37077
@tracker All of 1 nodes getting started
@tracker All nodes finishes job
Trial 496 finished with value: 0.9090166666666667 and parameters: {'tree_method': 'gpu_hist', 'lambda': 0.00010078612342897073, 'alpha': 0.0005584143471997794, 'colsample_bytree': 0.43279523112393764, 'subsample': 0.7995644746709185, 'learning_rate': 0.07666044377266865, 'max_depth': 17, 'min_child_weight': 7, 'eval_metric': 'logloss'}. Best is trial 478 with value: 0.91195.
start listen on 10.110.42.71:35945
@tracker All of 1 nodes getting started
@tracker All nodes finishes job
start listen on 10.110.42.71:55419
@tracker All of 1 nodes getting started
@tracker All nodes finishes job
start listen on 10.110.42.71:49617
@tracker All of 1 nodes getting started
@tracker All nodes finishes job
start listen on 10.110.42.71:52389
@tracker All of 1 nodes getting started
@tracker All nodes finishes job
start listen on 10.110.42.71:42511
@tracker All of 1 nodes getting started
@tracker All nodes finishes job
Trial 497 finished with value: 0.8885833333333333 and parameters: {'tree_method': 'gpu_hist', 'lambda': 0.0001666684494056275, 'alpha': 0.0008679208939275929, 'colsample_bytree': 0.4302468783428004, 'subsample': 0.82105874414007, 'learning_rate': 0.006309298272151544, 'max_depth': 7, 'min_child_weight': 13, 'eval_metric': 'logloss'}. Best is trial 478 with value: 0.91195.
start listen on 10.110.42.71:60467
@tracker All of 1 nodes getting started
@tracker All nodes finishes job
start listen on 10.110.42.71:49717
@tracker All of 1 nodes getting started
@tracker All nodes finishes job
start listen on 10.110.42.71:37641
@tracker All of 1 nodes getting started
@tracker All nodes finishes job
start listen on 10.110.42.71:54653
@tracker All of 1 nodes getting started
@tracker All nodes finishes job
start listen on 10.110.42.71:34813
@tracker All of 1 nodes getting started
@tracker All nodes finishes job
Trial 498 finished with value: 0.9095 and parameters: {'tree_method': 'gpu_hist', 'lambda': 0.0001304427701105554, 'alpha': 0.00034203712533223125, 'colsample_bytree': 0.4099646340739677, 'subsample': 0.7647952869739532, 'learning_rate': 0.0879014061224524, 'max_depth': 7, 'min_child_weight': 6, 'eval_metric': 'logloss'}. Best is trial 478 with value: 0.91195.
start listen on 10.110.42.71:51185
@tracker All of 1 nodes getting started
@tracker All nodes finishes job
start listen on 10.110.42.71:44445
@tracker All of 1 nodes getting started
@tracker All nodes finishes job
start listen on 10.110.42.71:46265
@tracker All of 1 nodes getting started
@tracker All nodes finishes job
start listen on 10.110.42.71:34493
@tracker All of 1 nodes getting started
@tracker All nodes finishes job
start listen on 10.110.42.71:37257
@tracker All of 1 nodes getting started
@tracker All nodes finishes job
Trial 499 finished with value: 0.9104833333333333 and parameters: {'tree_method': 'gpu_hist', 'lambda': 0.00016222033994718417, 'alpha': 0.00044856488510686897, 'colsample_bytree': 0.4466334410820586, 'subsample': 0.7897574467577451, 'learning_rate': 0.06330888360549039, 'max_depth': 7, 'min_child_weight': 1, 'eval_metric': 'logloss'}. Best is trial 478 with value: 0.91195.
start listen on 10.110.42.71:33659
@tracker All of 1 nodes getting started
@tracker All nodes finishes job
start listen on 10.110.42.71:40705
@tracker All of 1 nodes getting started
@tracker All nodes finishes job
start listen on 10.110.42.71:50929
@tracker All of 1 nodes getting started
@tracker All nodes finishes job
start listen on 10.110.42.71:53331
@tracker All of 1 nodes getting started
@tracker All nodes finishes job
start listen on 10.110.42.71:58479
@tracker All of 1 nodes getting started
@tracker All nodes finishes job
Trial 500 finished with value: 0.9085333333333333 and parameters: {'tree_method': 'gpu_hist', 'lambda': 0.00010007758647056415, 'alpha': 0.0002286300231187978, 'colsample_bytree': 0.46384527423441585, 'subsample': 0.7567861815012994, 'learning_rate': 0.08048239139602781, 'max_depth': 5, 'min_child_weight': 11, 'eval_metric': 'logloss'}. Best is trial 478 with value: 0.91195.
start listen on 10.110.42.71:36741
@tracker All of 1 nodes getting started
@tracker All nodes finishes job
start listen on 10.110.42.71:51211
@tracker All of 1 nodes getting started
@tracker All nodes finishes job
start listen on 10.110.42.71:49345
@tracker All of 1 nodes getting started
@tracker All nodes finishes job
start listen on 10.110.42.71:39461
@tracker All of 1 nodes getting started
@tracker All nodes finishes job
start listen on 10.110.42.71:38721
@tracker All of 1 nodes getting started
@tracker All nodes finishes job
Trial 501 finished with value: 0.9093666666666667 and parameters: {'tree_method': 'gpu_hist', 'lambda': 0.0001391041809192679, 'alpha': 0.00026843620342649943, 'colsample_bytree': 0.40919474030111136, 'subsample': 0.7745850093730612, 'learning_rate': 0.09267617952420319, 'max_depth': 11, 'min_child_weight': 6, 'eval_metric': 'logloss'}. Best is trial 478 with value: 0.91195.
start listen on 10.110.42.71:51763
@tracker All of 1 nodes getting started
@tracker All nodes finishes job
start listen on 10.110.42.71:54403
@tracker All of 1 nodes getting started
@tracker All nodes finishes job
start listen on 10.110.42.71:60669
@tracker All of 1 nodes getting started
@tracker All nodes finishes job
start listen on 10.110.42.71:33345
@tracker All of 1 nodes getting started
@tracker All nodes finishes job
start listen on 10.110.42.71:49595
@tracker All of 1 nodes getting started
@tracker All nodes finishes job
Trial 502 finished with value: 0.9096833333333333 and parameters: {'tree_method': 'gpu_hist', 'lambda': 0.00017819398335812414, 'alpha': 0.0006474019246033303, 'colsample_bytree': 0.42902387537984044, 'subsample': 0.6597386996281636, 'learning_rate': 0.042764471065527256, 'max_depth': 7, 'min_child_weight': 1, 'eval_metric': 'logloss'}. Best is trial 478 with value: 0.91195.
start listen on 10.110.42.71:60771
@tracker All of 1 nodes getting started
@tracker All nodes finishes job
start listen on 10.110.42.71:57849
@tracker All of 1 nodes getting started
@tracker All nodes finishes job
start listen on 10.110.42.71:50175
@tracker All of 1 nodes getting started
@tracker All nodes finishes job
start listen on 10.110.42.71:42273
@tracker All of 1 nodes getting started
@tracker All nodes finishes job
start listen on 10.110.42.71:51467
@tracker All of 1 nodes getting started
@tracker All nodes finishes job
Trial 503 finished with value: 0.9084333333333333 and parameters: {'tree_method': 'gpu_hist', 'lambda': 0.0001226087390397349, 'alpha': 0.0003582086885274309, 'colsample_bytree': 0.4035409355536437, 'subsample': 0.7104869021888071, 'learning_rate': 0.09253162419454189, 'max_depth': 7, 'min_child_weight': 17, 'eval_metric': 'logloss'}. Best is trial 478 with value: 0.91195.
start listen on 10.110.42.71:36863
@tracker All of 1 nodes getting started
@tracker All nodes finishes job
start listen on 10.110.42.71:33839
@tracker All of 1 nodes getting started
@tracker All nodes finishes job
start listen on 10.110.42.71:50361
@tracker All of 1 nodes getting started
@tracker All nodes finishes job
start listen on 10.110.42.71:50565
@tracker All of 1 nodes getting started
@tracker All nodes finishes job
start listen on 10.110.42.71:47429
@tracker All of 1 nodes getting started
@tracker All nodes finishes job
