Trial 1032 finished with value: 0.9080833333333334 and parameters: {'tree_method': 'gpu_hist', 'lambda': 0.00019664787766068693, 'alpha': 0.5680791168087974, 'colsample_bytree': 0.4237242859121178, 'subsample': 0.8796414324381752, 'learning_rate': 0.0669488117987032, 'max_depth': 13, 'min_child_weight': 6, 'eval_metric': 'logloss'}. Best is trial 478 with value: 0.91195.
start listen on 10.110.42.71:60715
@tracker All of 1 nodes getting started
@tracker All nodes finishes job
start listen on 10.110.42.71:45475
@tracker All of 1 nodes getting started
@tracker All nodes finishes job
start listen on 10.110.42.71:42185
@tracker All of 1 nodes getting started
@tracker All nodes finishes job
start listen on 10.110.42.71:41395
@tracker All of 1 nodes getting started
@tracker All nodes finishes job
start listen on 10.110.42.71:43505
@tracker All of 1 nodes getting started
@tracker All nodes finishes job
Trial 1033 finished with value: 0.9067333333333333 and parameters: {'tree_method': 'gpu_hist', 'lambda': 0.0002662637067341013, 'alpha': 0.0002406973903096534, 'colsample_bytree': 0.44626408167531373, 'subsample': 0.5390471382829991, 'learning_rate': 0.09992818850749483, 'max_depth': 7, 'min_child_weight': 22, 'eval_metric': 'logloss'}. Best is trial 478 with value: 0.91195.
start listen on 10.110.42.71:35055
@tracker All of 1 nodes getting started
@tracker All nodes finishes job
start listen on 10.110.42.71:60089
@tracker All of 1 nodes getting started
@tracker All nodes finishes job
start listen on 10.110.42.71:53707
@tracker All of 1 nodes getting started
@tracker All nodes finishes job
start listen on 10.110.42.71:35081
@tracker All of 1 nodes getting started
@tracker All nodes finishes job
start listen on 10.110.42.71:32965
@tracker All of 1 nodes getting started
@tracker All nodes finishes job
Trial 1034 finished with value: 0.9114333333333333 and parameters: {'tree_method': 'gpu_hist', 'lambda': 0.00013236701859383035, 'alpha': 0.0003609763093227653, 'colsample_bytree': 0.3873327327930466, 'subsample': 0.821395604578914, 'learning_rate': 0.08431668197191883, 'max_depth': 7, 'min_child_weight': 1, 'eval_metric': 'logloss'}. Best is trial 478 with value: 0.91195.
start listen on 10.110.42.71:49791
@tracker All of 1 nodes getting started
@tracker All nodes finishes job
start listen on 10.110.42.71:36193
@tracker All of 1 nodes getting started
@tracker All nodes finishes job
start listen on 10.110.42.71:39377
@tracker All of 1 nodes getting started
@tracker All nodes finishes job
start listen on 10.110.42.71:36879
@tracker All of 1 nodes getting started
@tracker All nodes finishes job
start listen on 10.110.42.71:51037
@tracker All of 1 nodes getting started
@tracker All nodes finishes job
Trial 1035 finished with value: 0.90785 and parameters: {'tree_method': 'gpu_hist', 'lambda': 0.00018600725362680304, 'alpha': 0.00011808836789863427, 'colsample_bytree': 0.35627082566778573, 'subsample': 0.8917084113102481, 'learning_rate': 0.09273799613650568, 'max_depth': 20, 'min_child_weight': 14, 'eval_metric': 'logloss'}. Best is trial 478 with value: 0.91195.
start listen on 10.110.42.71:36389
@tracker All of 1 nodes getting started
@tracker All nodes finishes job
start listen on 10.110.42.71:46251
@tracker All of 1 nodes getting started
@tracker All nodes finishes job
start listen on 10.110.42.71:51235
@tracker All of 1 nodes getting started
@tracker All nodes finishes job
start listen on 10.110.42.71:37337
@tracker All of 1 nodes getting started
@tracker All nodes finishes job
start listen on 10.110.42.71:57865
@tracker All of 1 nodes getting started
@tracker All nodes finishes job
Trial 1036 finished with value: 0.9104333333333333 and parameters: {'tree_method': 'gpu_hist', 'lambda': 0.00014663056678022372, 'alpha': 0.000154345540160403, 'colsample_bytree': 0.4313258296046093, 'subsample': 0.9214340408650693, 'learning_rate': 0.08267952918846508, 'max_depth': 7, 'min_child_weight': 6, 'eval_metric': 'logloss'}. Best is trial 478 with value: 0.91195.
start listen on 10.110.42.71:41461
@tracker All of 1 nodes getting started
@tracker All nodes finishes job
start listen on 10.110.42.71:40677
@tracker All of 1 nodes getting started
@tracker All nodes finishes job
start listen on 10.110.42.71:50183
@tracker All of 1 nodes getting started
@tracker All nodes finishes job
start listen on 10.110.42.71:51469
@tracker All of 1 nodes getting started
@tracker All nodes finishes job
start listen on 10.110.42.71:48593
@tracker All of 1 nodes getting started
@tracker All nodes finishes job
Trial 1037 finished with value: 0.90665 and parameters: {'tree_method': 'gpu_hist', 'lambda': 0.00022079517783701337, 'alpha': 0.0002956171458105215, 'colsample_bytree': 0.4127753953260007, 'subsample': 0.8026816429944275, 'learning_rate': 0.08689735005950314, 'max_depth': 17, 'min_child_weight': 1, 'eval_metric': 'logloss'}. Best is trial 478 with value: 0.91195.
start listen on 10.110.42.71:59963
@tracker All of 1 nodes getting started
@tracker All nodes finishes job
start listen on 10.110.42.71:41575
@tracker All of 1 nodes getting started
@tracker All nodes finishes job
start listen on 10.110.42.71:35703
@tracker All of 1 nodes getting started
@tracker All nodes finishes job
start listen on 10.110.42.71:51093
@tracker All of 1 nodes getting started
@tracker All nodes finishes job
start listen on 10.110.42.71:41669
@tracker All of 1 nodes getting started
@tracker All nodes finishes job
Trial 1038 finished with value: 0.9091166666666667 and parameters: {'tree_method': 'gpu_hist', 'lambda': 0.005499144607972995, 'alpha': 0.00020800750623323956, 'colsample_bytree': 0.3971324002899278, 'subsample': 0.8346381683908942, 'learning_rate': 0.07476459552280428, 'max_depth': 7, 'min_child_weight': 11, 'eval_metric': 'logloss'}. Best is trial 478 with value: 0.91195.
start listen on 10.110.42.71:40021
@tracker All of 1 nodes getting started
@tracker All nodes finishes job
start listen on 10.110.42.71:51553
@tracker All of 1 nodes getting started
@tracker All nodes finishes job
start listen on 10.110.42.71:33959
@tracker All of 1 nodes getting started
@tracker All nodes finishes job
start listen on 10.110.42.71:42151
@tracker All of 1 nodes getting started
@tracker All nodes finishes job
start listen on 10.110.42.71:58077
@tracker All of 1 nodes getting started
@tracker All nodes finishes job
Trial 1039 finished with value: 0.9102833333333333 and parameters: {'tree_method': 'gpu_hist', 'lambda': 0.00029710413882073005, 'alpha': 0.00038116123462041937, 'colsample_bytree': 0.41278281612288614, 'subsample': 0.8483567212761769, 'learning_rate': 0.07148723637473339, 'max_depth': 7, 'min_child_weight': 6, 'eval_metric': 'logloss'}. Best is trial 478 with value: 0.91195.
start listen on 10.110.42.71:37697
@tracker All of 1 nodes getting started
@tracker All nodes finishes job
start listen on 10.110.42.71:60953
@tracker All of 1 nodes getting started
@tracker All nodes finishes job
start listen on 10.110.42.71:57561
@tracker All of 1 nodes getting started
@tracker All nodes finishes job
start listen on 10.110.42.71:41677
@tracker All of 1 nodes getting started
@tracker All nodes finishes job
start listen on 10.110.42.71:33523
@tracker All of 1 nodes getting started
@tracker All nodes finishes job
Trial 1040 finished with value: 0.9089166666666667 and parameters: {'tree_method': 'gpu_hist', 'lambda': 0.00017169073149758834, 'alpha': 0.00025684899534581977, 'colsample_bytree': 0.42761625017061133, 'subsample': 0.8599047755275716, 'learning_rate': 0.061540913588804765, 'max_depth': 7, 'min_child_weight': 19, 'eval_metric': 'logloss'}. Best is trial 478 with value: 0.91195.
start listen on 10.110.42.71:42535
@tracker All of 1 nodes getting started
@tracker All nodes finishes job
start listen on 10.110.42.71:36843
@tracker All of 1 nodes getting started
@tracker All nodes finishes job
start listen on 10.110.42.71:33221
@tracker All of 1 nodes getting started
@tracker All nodes finishes job
start listen on 10.110.42.71:33627
@tracker All of 1 nodes getting started
@tracker All nodes finishes job
start listen on 10.110.42.71:55547
@tracker All of 1 nodes getting started
@tracker All nodes finishes job
Trial 1041 finished with value: 0.9101666666666667 and parameters: {'tree_method': 'gpu_hist', 'lambda': 0.00013001020482224766, 'alpha': 0.00016633061655571584, 'colsample_bytree': 0.38458131835523474, 'subsample': 0.8211594416652738, 'learning_rate': 0.09287493515653616, 'max_depth': 7, 'min_child_weight': 6, 'eval_metric': 'logloss'}. Best is trial 478 with value: 0.91195.
start listen on 10.110.42.71:41247
@tracker All of 1 nodes getting started
@tracker All nodes finishes job
start listen on 10.110.42.71:51949
@tracker All of 1 nodes getting started
@tracker All nodes finishes job
start listen on 10.110.42.71:54611
@tracker All of 1 nodes getting started
@tracker All nodes finishes job
start listen on 10.110.42.71:50943
@tracker All of 1 nodes getting started
@tracker All nodes finishes job
start listen on 10.110.42.71:51553
@tracker All of 1 nodes getting started
@tracker All nodes finishes job
Trial 1042 finished with value: 0.9091 and parameters: {'tree_method': 'gpu_hist', 'lambda': 0.00012268482913104528, 'alpha': 0.00029509023696638924, 'colsample_bytree': 0.36887218847221703, 'subsample': 0.7485830688699769, 'learning_rate': 0.08425640619328433, 'max_depth': 11, 'min_child_weight': 1, 'eval_metric': 'logloss'}. Best is trial 478 with value: 0.91195.
start listen on 10.110.42.71:35573
@tracker All of 1 nodes getting started
@tracker All nodes finishes job
start listen on 10.110.42.71:53139
@tracker All of 1 nodes getting started
@tracker All nodes finishes job
start listen on 10.110.42.71:53801
@tracker All of 1 nodes getting started
@tracker All nodes finishes job
start listen on 10.110.42.71:60513
@tracker All of 1 nodes getting started
@tracker All nodes finishes job
start listen on 10.110.42.71:47621
@tracker All of 1 nodes getting started
@tracker All nodes finishes job
Trial 1043 finished with value: 0.90875 and parameters: {'tree_method': 'gpu_hist', 'lambda': 0.0002252391268325547, 'alpha': 0.0002020316655840615, 'colsample_bytree': 0.675556532914985, 'subsample': 0.739004300542606, 'learning_rate': 0.0936948772677934, 'max_depth': 7, 'min_child_weight': 12, 'eval_metric': 'logloss'}. Best is trial 478 with value: 0.91195.
start listen on 10.110.42.71:51283
@tracker All of 1 nodes getting started
@tracker All nodes finishes job
start listen on 10.110.42.71:36717
@tracker All of 1 nodes getting started
@tracker All nodes finishes job
start listen on 10.110.42.71:52323
@tracker All of 1 nodes getting started
@tracker All nodes finishes job
start listen on 10.110.42.71:43559
@tracker All of 1 nodes getting started
@tracker All nodes finishes job
start listen on 10.110.42.71:53411
@tracker All of 1 nodes getting started
@tracker All nodes finishes job
Trial 1044 finished with value: 0.9107333333333333 and parameters: {'tree_method': 'gpu_hist', 'lambda': 0.00036014409724660407, 'alpha': 0.0003496314378928465, 'colsample_bytree': 0.4050417796356048, 'subsample': 0.8707967825985076, 'learning_rate': 0.07727655993832017, 'max_depth': 5, 'min_child_weight': 1, 'eval_metric': 'logloss'}. Best is trial 478 with value: 0.91195.
start listen on 10.110.42.71:47563
@tracker All of 1 nodes getting started
@tracker All nodes finishes job
start listen on 10.110.42.71:53783
@tracker All of 1 nodes getting started
@tracker All nodes finishes job
start listen on 10.110.42.71:36447
@tracker All of 1 nodes getting started
@tracker All nodes finishes job
start listen on 10.110.42.71:34893
@tracker All of 1 nodes getting started
@tracker All nodes finishes job
start listen on 10.110.42.71:36651
@tracker All of 1 nodes getting started
@tracker All nodes finishes job
Trial 1045 finished with value: 0.9093666666666667 and parameters: {'tree_method': 'gpu_hist', 'lambda': 0.00017151653865220474, 'alpha': 0.00024422272025446294, 'colsample_bytree': 0.4482705946686878, 'subsample': 0.731654947721197, 'learning_rate': 0.09991324973798468, 'max_depth': 7, 'min_child_weight': 11, 'eval_metric': 'logloss'}. Best is trial 478 with value: 0.91195.
start listen on 10.110.42.71:44139
@tracker All of 1 nodes getting started
@tracker All nodes finishes job
start listen on 10.110.42.71:59159
@tracker All of 1 nodes getting started
@tracker All nodes finishes job
start listen on 10.110.42.71:41891
@tracker All of 1 nodes getting started
@tracker All nodes finishes job
start listen on 10.110.42.71:38969
@tracker All of 1 nodes getting started
@tracker All nodes finishes job
start listen on 10.110.42.71:37001
@tracker All of 1 nodes getting started
@tracker All nodes finishes job
Trial 1046 finished with value: 0.9079666666666667 and parameters: {'tree_method': 'gpu_hist', 'lambda': 0.00025864961468803036, 'alpha': 0.0001206094960648938, 'colsample_bytree': 0.35105675347978504, 'subsample': 0.8099775494558259, 'learning_rate': 0.09966908535772374, 'max_depth': 7, 'min_child_weight': 27, 'eval_metric': 'logloss'}. Best is trial 478 with value: 0.91195.
start listen on 10.110.42.71:38417
@tracker All of 1 nodes getting started
@tracker All nodes finishes job
start listen on 10.110.42.71:59971
@tracker All of 1 nodes getting started
@tracker All nodes finishes job
start listen on 10.110.42.71:40065
@tracker All of 1 nodes getting started
@tracker All nodes finishes job
start listen on 10.110.42.71:56415
@tracker All of 1 nodes getting started
@tracker All nodes finishes job
start listen on 10.110.42.71:50789
@tracker All of 1 nodes getting started
@tracker All nodes finishes job
Trial 1047 finished with value: 0.9109166666666667 and parameters: {'tree_method': 'gpu_hist', 'lambda': 0.0006337021913904989, 'alpha': 0.0003777507808590079, 'colsample_bytree': 0.43595496892094304, 'subsample': 0.8311245506435853, 'learning_rate': 0.08384208777031424, 'max_depth': 7, 'min_child_weight': 7, 'eval_metric': 'logloss'}. Best is trial 478 with value: 0.91195.
start listen on 10.110.42.71:46221
@tracker All of 1 nodes getting started
@tracker All nodes finishes job
start listen on 10.110.42.71:34663
@tracker All of 1 nodes getting started
@tracker All nodes finishes job
start listen on 10.110.42.71:56265
@tracker All of 1 nodes getting started
@tracker All nodes finishes job
start listen on 10.110.42.71:59985
@tracker All of 1 nodes getting started
@tracker All nodes finishes job
start listen on 10.110.42.71:45473
@tracker All of 1 nodes getting started
@tracker All nodes finishes job
Trial 1048 finished with value: 0.9023166666666667 and parameters: {'tree_method': 'gpu_hist', 'lambda': 0.00012719850277179782, 'alpha': 0.00017767375631680583, 'colsample_bytree': 0.38660815515380775, 'subsample': 0.9113817666385507, 'learning_rate': 0.08930045928299502, 'max_depth': 3, 'min_child_weight': 17, 'eval_metric': 'logloss'}. Best is trial 478 with value: 0.91195.
start listen on 10.110.42.71:60595
@tracker All of 1 nodes getting started
@tracker All nodes finishes job
start listen on 10.110.42.71:36521
@tracker All of 1 nodes getting started
@tracker All nodes finishes job
start listen on 10.110.42.71:43355
@tracker All of 1 nodes getting started
@tracker All nodes finishes job
start listen on 10.110.42.71:37715
@tracker All of 1 nodes getting started
@tracker All nodes finishes job
start listen on 10.110.42.71:57489
@tracker All of 1 nodes getting started
@tracker All nodes finishes job
Trial 1049 finished with value: 0.91035 and parameters: {'tree_method': 'gpu_hist', 'lambda': 0.0001710125357435868, 'alpha': 0.00027422693545999487, 'colsample_bytree': 0.4160579939495139, 'subsample': 0.8515780063567346, 'learning_rate': 0.07017452462984666, 'max_depth': 7, 'min_child_weight': 6, 'eval_metric': 'logloss'}. Best is trial 478 with value: 0.91195.
start listen on 10.110.42.71:47621
@tracker All of 1 nodes getting started
@tracker All nodes finishes job
start listen on 10.110.42.71:55447
@tracker All of 1 nodes getting started
@tracker All nodes finishes job
start listen on 10.110.42.71:53889
@tracker All of 1 nodes getting started
@tracker All nodes finishes job
start listen on 10.110.42.71:48267
@tracker All of 1 nodes getting started
@tracker All nodes finishes job
start listen on 10.110.42.71:56123
@tracker All of 1 nodes getting started
@tracker All nodes finishes job
Trial 1050 finished with value: 0.91005 and parameters: {'tree_method': 'gpu_hist', 'lambda': 0.0002107297967532992, 'alpha': 0.019866284060510313, 'colsample_bytree': 0.45102198545427863, 'subsample': 0.7473538360308885, 'learning_rate': 0.08241695864058546, 'max_depth': 9, 'min_child_weight': 1, 'eval_metric': 'logloss'}. Best is trial 478 with value: 0.91195.
start listen on 10.110.42.71:57069
@tracker All of 1 nodes getting started
@tracker All nodes finishes job
start listen on 10.110.42.71:33797
@tracker All of 1 nodes getting started
@tracker All nodes finishes job
start listen on 10.110.42.71:48151
@tracker All of 1 nodes getting started
@tracker All nodes finishes job
start listen on 10.110.42.71:53819
@tracker All of 1 nodes getting started
@tracker All nodes finishes job
start listen on 10.110.42.71:42269
@tracker All of 1 nodes getting started
@tracker All nodes finishes job
Trial 1051 finished with value: 0.90965 and parameters: {'tree_method': 'gpu_hist', 'lambda': 0.0778828757185402, 'alpha': 0.0004091160143640407, 'colsample_bytree': 0.36515833264684994, 'subsample': 0.7342981388531399, 'learning_rate': 0.0997630284931007, 'max_depth': 7, 'min_child_weight': 11, 'eval_metric': 'logloss'}. Best is trial 478 with value: 0.91195.
start listen on 10.110.42.71:39163
@tracker All of 1 nodes getting started
@tracker All nodes finishes job
start listen on 10.110.42.71:55599
@tracker All of 1 nodes getting started
@tracker All nodes finishes job
start listen on 10.110.42.71:52657
@tracker All of 1 nodes getting started
@tracker All nodes finishes job
start listen on 10.110.42.71:54573
@tracker All of 1 nodes getting started
@tracker All nodes finishes job
start listen on 10.110.42.71:37297
@tracker All of 1 nodes getting started
@tracker All nodes finishes job
Trial 1052 finished with value: 0.9092166666666667 and parameters: {'tree_method': 'gpu_hist', 'lambda': 2.5446615923257676, 'alpha': 0.0002191303513350648, 'colsample_bytree': 0.42970021804531167, 'subsample': 0.8031977596489979, 'learning_rate': 0.08770966954656648, 'max_depth': 7, 'min_child_weight': 17, 'eval_metric': 'logloss'}. Best is trial 478 with value: 0.91195.
start listen on 10.110.42.71:54737
@tracker All of 1 nodes getting started
@tracker All nodes finishes job
start listen on 10.110.42.71:34465
@tracker All of 1 nodes getting started
@tracker All nodes finishes job
start listen on 10.110.42.71:34921
@tracker All of 1 nodes getting started
@tracker All nodes finishes job
start listen on 10.110.42.71:58223
@tracker All of 1 nodes getting started
@tracker All nodes finishes job
start listen on 10.110.42.71:58871
@tracker All of 1 nodes getting started
@tracker All nodes finishes job
Trial 1053 finished with value: 0.9083666666666667 and parameters: {'tree_method': 'gpu_hist', 'lambda': 0.00031993938033322215, 'alpha': 0.00014785821486814666, 'colsample_bytree': 0.39862362021082737, 'subsample': 0.8350227862098293, 'learning_rate': 0.07505137586811801, 'max_depth': 15, 'min_child_weight': 7, 'eval_metric': 'logloss'}. Best is trial 478 with value: 0.91195.
start listen on 10.110.42.71:36017
@tracker All of 1 nodes getting started
@tracker All nodes finishes job
start listen on 10.110.42.71:54767
@tracker All of 1 nodes getting started
@tracker All nodes finishes job
start listen on 10.110.42.71:36313
@tracker All of 1 nodes getting started
@tracker All nodes finishes job
start listen on 10.110.42.71:55279
@tracker All of 1 nodes getting started
@tracker All nodes finishes job
start listen on 10.110.42.71:34367
@tracker All of 1 nodes getting started
@tracker All nodes finishes job
Trial 1054 finished with value: 0.91085 and parameters: {'tree_method': 'gpu_hist', 'lambda': 0.000149989822877421, 'alpha': 0.007240781452567958, 'colsample_bytree': 0.41157304260379024, 'subsample': 0.8613604729842355, 'learning_rate': 0.06636307981972335, 'max_depth': 7, 'min_child_weight': 1, 'eval_metric': 'logloss'}. Best is trial 478 with value: 0.91195.
start listen on 10.110.42.71:36025
@tracker All of 1 nodes getting started
@tracker All nodes finishes job
start listen on 10.110.42.71:60093
@tracker All of 1 nodes getting started
@tracker All nodes finishes job
start listen on 10.110.42.71:55989
@tracker All of 1 nodes getting started
@tracker All nodes finishes job
start listen on 10.110.42.71:41693
@tracker All of 1 nodes getting started
@tracker All nodes finishes job
start listen on 10.110.42.71:60155
@tracker All of 1 nodes getting started
@tracker All nodes finishes job
Trial 1055 finished with value: 0.9096833333333333 and parameters: {'tree_method': 'gpu_hist', 'lambda': 0.00022903620834194814, 'alpha': 0.0002966821638877439, 'colsample_bytree': 0.39609981001609534, 'subsample': 0.9507027152797025, 'learning_rate': 0.07665190642709634, 'max_depth': 7, 'min_child_weight': 11, 'eval_metric': 'logloss'}. Best is trial 478 with value: 0.91195.
start listen on 10.110.42.71:59747
@tracker All of 1 nodes getting started
@tracker All nodes finishes job
start listen on 10.110.42.71:45283
@tracker All of 1 nodes getting started
@tracker All nodes finishes job
start listen on 10.110.42.71:53075
@tracker All of 1 nodes getting started
@tracker All nodes finishes job
start listen on 10.110.42.71:38827
@tracker All of 1 nodes getting started
@tracker All nodes finishes job
start listen on 10.110.42.71:56355
@tracker All of 1 nodes getting started
@tracker All nodes finishes job
