Trial 340 finished with value: 0.9086333333333333 and parameters: {'tree_method': 'gpu_hist', 'lambda': 0.00023898181548374174, 'alpha': 0.00039127087305533873, 'colsample_bytree': 0.37417665101008885, 'subsample': 0.7499374470824516, 'learning_rate': 0.055064541766395116, 'max_depth': 7, 'min_child_weight': 16, 'eval_metric': 'logloss'}. Best is trial 237 with value: 0.91155.
start listen on 10.110.42.71:54749
@tracker All of 1 nodes getting started
@tracker All nodes finishes job
start listen on 10.110.42.71:36299
@tracker All of 1 nodes getting started
@tracker All nodes finishes job
start listen on 10.110.42.71:45445
@tracker All of 1 nodes getting started
@tracker All nodes finishes job
start listen on 10.110.42.71:35003
@tracker All of 1 nodes getting started
@tracker All nodes finishes job
start listen on 10.110.42.71:57395
@tracker All of 1 nodes getting started
@tracker All nodes finishes job
Trial 341 finished with value: 0.9090333333333334 and parameters: {'tree_method': 'gpu_hist', 'lambda': 0.00018763976072902139, 'alpha': 0.00021304899443484252, 'colsample_bytree': 0.40971180068224716, 'subsample': 0.7268916631341839, 'learning_rate': 0.09191977972312596, 'max_depth': 7, 'min_child_weight': 11, 'eval_metric': 'logloss'}. Best is trial 237 with value: 0.91155.
start listen on 10.110.42.71:50797
@tracker All of 1 nodes getting started
@tracker All nodes finishes job
start listen on 10.110.42.71:39263
@tracker All of 1 nodes getting started
@tracker All nodes finishes job
start listen on 10.110.42.71:52167
@tracker All of 1 nodes getting started
@tracker All nodes finishes job
start listen on 10.110.42.71:49859
@tracker All of 1 nodes getting started
@tracker All nodes finishes job
start listen on 10.110.42.71:60683
@tracker All of 1 nodes getting started
@tracker All nodes finishes job
Trial 342 finished with value: 0.8974 and parameters: {'tree_method': 'gpu_hist', 'lambda': 0.0012830592967545192, 'alpha': 0.0005363155796698978, 'colsample_bytree': 0.3475483060758324, 'subsample': 0.6763155220848253, 'learning_rate': 0.07803783957463538, 'max_depth': 5, 'min_child_weight': 117, 'eval_metric': 'logloss'}. Best is trial 237 with value: 0.91155.
start listen on 10.110.42.71:36021
@tracker All of 1 nodes getting started
@tracker All nodes finishes job
start listen on 10.110.42.71:53221
@tracker All of 1 nodes getting started
@tracker All nodes finishes job
start listen on 10.110.42.71:50511
@tracker All of 1 nodes getting started
@tracker All nodes finishes job
start listen on 10.110.42.71:43299
@tracker All of 1 nodes getting started
@tracker All nodes finishes job
start listen on 10.110.42.71:47133
@tracker All of 1 nodes getting started
@tracker All nodes finishes job
Trial 343 finished with value: 0.91035 and parameters: {'tree_method': 'gpu_hist', 'lambda': 0.00013881418884198715, 'alpha': 0.0002234044071470695, 'colsample_bytree': 0.4203947174596315, 'subsample': 0.7073892112202395, 'learning_rate': 0.08382870143191316, 'max_depth': 7, 'min_child_weight': 6, 'eval_metric': 'logloss'}. Best is trial 237 with value: 0.91155.
start listen on 10.110.42.71:44709
@tracker All of 1 nodes getting started
@tracker All nodes finishes job
start listen on 10.110.42.71:48067
@tracker All of 1 nodes getting started
@tracker All nodes finishes job
start listen on 10.110.42.71:37277
@tracker All of 1 nodes getting started
@tracker All nodes finishes job
start listen on 10.110.42.71:46531
@tracker All of 1 nodes getting started
@tracker All nodes finishes job
start listen on 10.110.42.71:58963
@tracker All of 1 nodes getting started
@tracker All nodes finishes job
Trial 344 finished with value: 0.9107833333333333 and parameters: {'tree_method': 'gpu_hist', 'lambda': 0.0005128244651986954, 'alpha': 0.00031651030599049205, 'colsample_bytree': 0.3934372759627638, 'subsample': 0.8041707639081972, 'learning_rate': 0.06795411806468242, 'max_depth': 7, 'min_child_weight': 1, 'eval_metric': 'logloss'}. Best is trial 237 with value: 0.91155.
start listen on 10.110.42.71:37493
@tracker All of 1 nodes getting started
@tracker All nodes finishes job
start listen on 10.110.42.71:34463
@tracker All of 1 nodes getting started
@tracker All nodes finishes job
start listen on 10.110.42.71:51417
@tracker All of 1 nodes getting started
@tracker All nodes finishes job
start listen on 10.110.42.71:50353
@tracker All of 1 nodes getting started
@tracker All nodes finishes job
start listen on 10.110.42.71:52449
@tracker All of 1 nodes getting started
@tracker All nodes finishes job
Trial 345 finished with value: 0.9093333333333333 and parameters: {'tree_method': 'gpu_hist', 'lambda': 0.00010019946964890446, 'alpha': 0.0001481042805217424, 'colsample_bytree': 0.43980755056740706, 'subsample': 0.737954819281834, 'learning_rate': 0.0919162596152288, 'max_depth': 7, 'min_child_weight': 11, 'eval_metric': 'logloss'}. Best is trial 237 with value: 0.91155.
start listen on 10.110.42.71:36945
@tracker All of 1 nodes getting started
@tracker All nodes finishes job
start listen on 10.110.42.71:48725
@tracker All of 1 nodes getting started
@tracker All nodes finishes job
start listen on 10.110.42.71:55617
@tracker All of 1 nodes getting started
@tracker All nodes finishes job
start listen on 10.110.42.71:55231
@tracker All of 1 nodes getting started
@tracker All nodes finishes job
start listen on 10.110.42.71:51897
@tracker All of 1 nodes getting started
@tracker All nodes finishes job
Trial 346 finished with value: 0.9013166666666667 and parameters: {'tree_method': 'gpu_hist', 'lambda': 0.00020176055012929292, 'alpha': 0.0002444029749246918, 'colsample_bytree': 0.40660058941324845, 'subsample': 0.7208345721398896, 'learning_rate': 0.08533482262987763, 'max_depth': 3, 'min_child_weight': 25, 'eval_metric': 'logloss'}. Best is trial 237 with value: 0.91155.
start listen on 10.110.42.71:51171
@tracker All of 1 nodes getting started
@tracker All nodes finishes job
start listen on 10.110.42.71:37991
@tracker All of 1 nodes getting started
@tracker All nodes finishes job
start listen on 10.110.42.71:49787
@tracker All of 1 nodes getting started
@tracker All nodes finishes job
start listen on 10.110.42.71:44761
@tracker All of 1 nodes getting started
@tracker All nodes finishes job
start listen on 10.110.42.71:58227
@tracker All of 1 nodes getting started
@tracker All nodes finishes job
Trial 347 finished with value: 0.9096666666666666 and parameters: {'tree_method': 'gpu_hist', 'lambda': 0.0002730018374046792, 'alpha': 0.00040874679774999023, 'colsample_bytree': 0.37558054747533565, 'subsample': 0.7669811244530167, 'learning_rate': 0.0709574710561357, 'max_depth': 7, 'min_child_weight': 7, 'eval_metric': 'logloss'}. Best is trial 237 with value: 0.91155.
start listen on 10.110.42.71:41959
@tracker All of 1 nodes getting started
@tracker All nodes finishes job
start listen on 10.110.42.71:60369
@tracker All of 1 nodes getting started
@tracker All nodes finishes job
start listen on 10.110.42.71:48681
@tracker All of 1 nodes getting started
@tracker All nodes finishes job
start listen on 10.110.42.71:45597
@tracker All of 1 nodes getting started
@tracker All nodes finishes job
start listen on 10.110.42.71:35527
@tracker All of 1 nodes getting started
@tracker All nodes finishes job
Trial 348 finished with value: 0.90785 and parameters: {'tree_method': 'gpu_hist', 'lambda': 0.0025613757869251685, 'alpha': 0.00030182496128476247, 'colsample_bytree': 0.36446235897353596, 'subsample': 0.7840823497112621, 'learning_rate': 0.07697018394393236, 'max_depth': 11, 'min_child_weight': 1, 'eval_metric': 'logloss'}. Best is trial 237 with value: 0.91155.
start listen on 10.110.42.71:37787
@tracker All of 1 nodes getting started
@tracker All nodes finishes job
start listen on 10.110.42.71:41271
@tracker All of 1 nodes getting started
@tracker All nodes finishes job
start listen on 10.110.42.71:48265
@tracker All of 1 nodes getting started
@tracker All nodes finishes job
start listen on 10.110.42.71:52593
@tracker All of 1 nodes getting started
@tracker All nodes finishes job
start listen on 10.110.42.71:37075
@tracker All of 1 nodes getting started
@tracker All nodes finishes job
Trial 349 finished with value: 0.9084833333333333 and parameters: {'tree_method': 'gpu_hist', 'lambda': 0.00014493871921142045, 'alpha': 0.00017854604590492295, 'colsample_bytree': 0.42163867380094294, 'subsample': 0.7349449759846239, 'learning_rate': 0.09953497068095463, 'max_depth': 7, 'min_child_weight': 17, 'eval_metric': 'logloss'}. Best is trial 237 with value: 0.91155.
start listen on 10.110.42.71:49461
@tracker All of 1 nodes getting started
@tracker All nodes finishes job
start listen on 10.110.42.71:48635
@tracker All of 1 nodes getting started
@tracker All nodes finishes job
start listen on 10.110.42.71:48275
@tracker All of 1 nodes getting started
@tracker All nodes finishes job
start listen on 10.110.42.71:33919
@tracker All of 1 nodes getting started
@tracker All nodes finishes job
start listen on 10.110.42.71:40063
@tracker All of 1 nodes getting started
@tracker All nodes finishes job
Trial 350 finished with value: 0.90925 and parameters: {'tree_method': 'gpu_hist', 'lambda': 0.0002525801277775588, 'alpha': 0.0005801292629342305, 'colsample_bytree': 0.3896923010764418, 'subsample': 0.7605425621998412, 'learning_rate': 0.07746369828051738, 'max_depth': 7, 'min_child_weight': 7, 'eval_metric': 'logloss'}. Best is trial 237 with value: 0.91155.
start listen on 10.110.42.71:57479
@tracker All of 1 nodes getting started
@tracker All nodes finishes job
start listen on 10.110.42.71:36665
@tracker All of 1 nodes getting started
@tracker All nodes finishes job
start listen on 10.110.42.71:35263
@tracker All of 1 nodes getting started
@tracker All nodes finishes job
start listen on 10.110.42.71:33847
@tracker All of 1 nodes getting started
@tracker All nodes finishes job
start listen on 10.110.42.71:38455
@tracker All of 1 nodes getting started
@tracker All nodes finishes job
Trial 351 finished with value: 0.9085 and parameters: {'tree_method': 'gpu_hist', 'lambda': 0.00016715221632781132, 'alpha': 0.00013264234171033536, 'colsample_bytree': 0.43590492211339216, 'subsample': 0.7021595816209822, 'learning_rate': 0.0911233674879802, 'max_depth': 15, 'min_child_weight': 12, 'eval_metric': 'logloss'}. Best is trial 237 with value: 0.91155.
start listen on 10.110.42.71:47985
@tracker All of 1 nodes getting started
@tracker All nodes finishes job
start listen on 10.110.42.71:45119
@tracker All of 1 nodes getting started
@tracker All nodes finishes job
start listen on 10.110.42.71:48829
@tracker All of 1 nodes getting started
@tracker All nodes finishes job
start listen on 10.110.42.71:33601
@tracker All of 1 nodes getting started
@tracker All nodes finishes job
start listen on 10.110.42.71:41329
@tracker All of 1 nodes getting started
@tracker All nodes finishes job
Trial 352 finished with value: 0.91065 and parameters: {'tree_method': 'gpu_hist', 'lambda': 0.00044183940063008496, 'alpha': 0.00038976189704702864, 'colsample_bytree': 0.46750900557636305, 'subsample': 0.7470384977141377, 'learning_rate': 0.08210515130462138, 'max_depth': 7, 'min_child_weight': 1, 'eval_metric': 'logloss'}. Best is trial 237 with value: 0.91155.
start listen on 10.110.42.71:45737
@tracker All of 1 nodes getting started
@tracker All nodes finishes job
start listen on 10.110.42.71:36753
@tracker All of 1 nodes getting started
@tracker All nodes finishes job
start listen on 10.110.42.71:57371
@tracker All of 1 nodes getting started
@tracker All nodes finishes job
start listen on 10.110.42.71:58673
@tracker All of 1 nodes getting started
@tracker All nodes finishes job
start listen on 10.110.42.71:60545
@tracker All of 1 nodes getting started
@tracker All nodes finishes job
Trial 353 finished with value: 0.9096666666666666 and parameters: {'tree_method': 'gpu_hist', 'lambda': 0.00033002809947934333, 'alpha': 0.0004817338615160798, 'colsample_bytree': 0.3944712541260204, 'subsample': 0.7885107515414241, 'learning_rate': 0.07137912883144167, 'max_depth': 7, 'min_child_weight': 6, 'eval_metric': 'logloss'}. Best is trial 237 with value: 0.91155.
start listen on 10.110.42.71:41791
@tracker All of 1 nodes getting started
@tracker All nodes finishes job
start listen on 10.110.42.71:51215
@tracker All of 1 nodes getting started
@tracker All nodes finishes job
start listen on 10.110.42.71:33531
@tracker All of 1 nodes getting started
@tracker All nodes finishes job
start listen on 10.110.42.71:49649
@tracker All of 1 nodes getting started
@tracker All nodes finishes job
start listen on 10.110.42.71:44303
@tracker All of 1 nodes getting started
@tracker All nodes finishes job
Trial 354 finished with value: 0.9097166666666666 and parameters: {'tree_method': 'gpu_hist', 'lambda': 0.00021304139044899719, 'alpha': 0.00029451368747041403, 'colsample_bytree': 0.4953487385945364, 'subsample': 0.7750918680981536, 'learning_rate': 0.08323415753953521, 'max_depth': 7, 'min_child_weight': 11, 'eval_metric': 'logloss'}. Best is trial 237 with value: 0.91155.
start listen on 10.110.42.71:39407
@tracker All of 1 nodes getting started
@tracker All nodes finishes job
start listen on 10.110.42.71:58615
@tracker All of 1 nodes getting started
@tracker All nodes finishes job
start listen on 10.110.42.71:49953
@tracker All of 1 nodes getting started
@tracker All nodes finishes job
start listen on 10.110.42.71:47145
@tracker All of 1 nodes getting started
@tracker All nodes finishes job
start listen on 10.110.42.71:44665
@tracker All of 1 nodes getting started
@tracker All nodes finishes job
Trial 355 finished with value: 0.9115833333333333 and parameters: {'tree_method': 'gpu_hist', 'lambda': 0.0001242283364672897, 'alpha': 0.000185675064807438, 'colsample_bytree': 0.4461907033792477, 'subsample': 0.7201589839590177, 'learning_rate': 0.09371160809132904, 'max_depth': 7, 'min_child_weight': 1, 'eval_metric': 'logloss'}. Best is trial 355 with value: 0.9115833333333333.
start listen on 10.110.42.71:41807
@tracker All of 1 nodes getting started
@tracker All nodes finishes job
start listen on 10.110.42.71:50217
@tracker All of 1 nodes getting started
@tracker All nodes finishes job
start listen on 10.110.42.71:37015
@tracker All of 1 nodes getting started
@tracker All nodes finishes job
start listen on 10.110.42.71:33519
@tracker All of 1 nodes getting started
@tracker All nodes finishes job
start listen on 10.110.42.71:37825
@tracker All of 1 nodes getting started
@tracker All nodes finishes job
Trial 356 finished with value: 0.9079666666666667 and parameters: {'tree_method': 'gpu_hist', 'lambda': 0.00012329007653389133, 'alpha': 0.00024059380090845438, 'colsample_bytree': 0.45598743783186807, 'subsample': 0.6900850551013264, 'learning_rate': 0.09124602148883322, 'max_depth': 7, 'min_child_weight': 19, 'eval_metric': 'logloss'}. Best is trial 355 with value: 0.9115833333333333.
start listen on 10.110.42.71:38331
@tracker All of 1 nodes getting started
@tracker All nodes finishes job
start listen on 10.110.42.71:40385
@tracker All of 1 nodes getting started
@tracker All nodes finishes job
start listen on 10.110.42.71:34305
@tracker All of 1 nodes getting started
@tracker All nodes finishes job
start listen on 10.110.42.71:51573
@tracker All of 1 nodes getting started
@tracker All nodes finishes job
start listen on 10.110.42.71:39399
@tracker All of 1 nodes getting started
@tracker All nodes finishes job
Trial 357 finished with value: 0.9101 and parameters: {'tree_method': 'gpu_hist', 'lambda': 0.00012096670816526763, 'alpha': 0.0002005153231402279, 'colsample_bytree': 0.43798704038359604, 'subsample': 0.7154529210533033, 'learning_rate': 0.08801380609420227, 'max_depth': 7, 'min_child_weight': 6, 'eval_metric': 'logloss'}. Best is trial 355 with value: 0.9115833333333333.
start listen on 10.110.42.71:58985
@tracker All of 1 nodes getting started
@tracker All nodes finishes job
start listen on 10.110.42.71:57293
@tracker All of 1 nodes getting started
@tracker All nodes finishes job
start listen on 10.110.42.71:53329
@tracker All of 1 nodes getting started
@tracker All nodes finishes job
start listen on 10.110.42.71:33739
@tracker All of 1 nodes getting started
@tracker All nodes finishes job
start listen on 10.110.42.71:34989
@tracker All of 1 nodes getting started
@tracker All nodes finishes job
Trial 358 finished with value: 0.90915 and parameters: {'tree_method': 'gpu_hist', 'lambda': 0.00018043293613594864, 'alpha': 0.00025356478088214385, 'colsample_bytree': 0.47783944754867724, 'subsample': 0.7315459190964828, 'learning_rate': 0.09244401869006143, 'max_depth': 7, 'min_child_weight': 12, 'eval_metric': 'logloss'}. Best is trial 355 with value: 0.9115833333333333.
start listen on 10.110.42.71:43927
@tracker All of 1 nodes getting started
@tracker All nodes finishes job
start listen on 10.110.42.71:57627
@tracker All of 1 nodes getting started
@tracker All nodes finishes job
start listen on 10.110.42.71:60213
@tracker All of 1 nodes getting started
@tracker All nodes finishes job
start listen on 10.110.42.71:47045
@tracker All of 1 nodes getting started
@tracker All nodes finishes job
start listen on 10.110.42.71:59745
@tracker All of 1 nodes getting started
@tracker All nodes finishes job
Trial 359 finished with value: 0.9097333333333333 and parameters: {'tree_method': 'gpu_hist', 'lambda': 0.00022774712004438916, 'alpha': 0.0007551079681749991, 'colsample_bytree': 0.4453853022873358, 'subsample': 0.5692114831167454, 'learning_rate': 0.09939329919190829, 'max_depth': 7, 'min_child_weight': 6, 'eval_metric': 'logloss'}. Best is trial 355 with value: 0.9115833333333333.
start listen on 10.110.42.71:43695
@tracker All of 1 nodes getting started
@tracker All nodes finishes job
start listen on 10.110.42.71:59827
@tracker All of 1 nodes getting started
@tracker All nodes finishes job
start listen on 10.110.42.71:41665
@tracker All of 1 nodes getting started
@tracker All nodes finishes job
start listen on 10.110.42.71:43253
@tracker All of 1 nodes getting started
@tracker All nodes finishes job
start listen on 10.110.42.71:33177
@tracker All of 1 nodes getting started
@tracker All nodes finishes job
Trial 360 finished with value: 0.9111 and parameters: {'tree_method': 'gpu_hist', 'lambda': 0.00010070845155347061, 'alpha': 0.0003152551179870836, 'colsample_bytree': 0.41926102595786185, 'subsample': 0.739920402422873, 'learning_rate': 0.08281980808428481, 'max_depth': 7, 'min_child_weight': 1, 'eval_metric': 'logloss'}. Best is trial 355 with value: 0.9115833333333333.
start listen on 10.110.42.71:43807
@tracker All of 1 nodes getting started
@tracker All nodes finishes job
start listen on 10.110.42.71:39627
@tracker All of 1 nodes getting started
@tracker All nodes finishes job
start listen on 10.110.42.71:57917
@tracker All of 1 nodes getting started
@tracker All nodes finishes job
start listen on 10.110.42.71:43497
@tracker All of 1 nodes getting started
@tracker All nodes finishes job
start listen on 10.110.42.71:41431
@tracker All of 1 nodes getting started
@tracker All nodes finishes job
Trial 361 finished with value: 0.9107333333333333 and parameters: {'tree_method': 'gpu_hist', 'lambda': 0.00010366043388694908, 'alpha': 0.00034642576740911567, 'colsample_bytree': 0.427157974297971, 'subsample': 0.7397441641696819, 'learning_rate': 0.0823330133072208, 'max_depth': 7, 'min_child_weight': 1, 'eval_metric': 'logloss'}. Best is trial 355 with value: 0.9115833333333333.
start listen on 10.110.42.71:33445
@tracker All of 1 nodes getting started
@tracker All nodes finishes job
start listen on 10.110.42.71:55997
@tracker All of 1 nodes getting started
@tracker All nodes finishes job
start listen on 10.110.42.71:53907
@tracker All of 1 nodes getting started
@tracker All nodes finishes job
start listen on 10.110.42.71:42671
@tracker All of 1 nodes getting started
@tracker All nodes finishes job
start listen on 10.110.42.71:53301
@tracker All of 1 nodes getting started
@tracker All nodes finishes job
Trial 362 finished with value: 0.9094166666666667 and parameters: {'tree_method': 'gpu_hist', 'lambda': 0.00012570106175138066, 'alpha': 0.0004640872047411983, 'colsample_bytree': 0.44540530621356667, 'subsample': 0.75377842679456, 'learning_rate': 0.09996832958545676, 'max_depth': 7, 'min_child_weight': 15, 'eval_metric': 'logloss'}. Best is trial 355 with value: 0.9115833333333333.
start listen on 10.110.42.71:47439
@tracker All of 1 nodes getting started
@tracker All nodes finishes job
start listen on 10.110.42.71:42475
@tracker All of 1 nodes getting started
@tracker All nodes finishes job
start listen on 10.110.42.71:41829
@tracker All of 1 nodes getting started
@tracker All nodes finishes job
start listen on 10.110.42.71:40697
@tracker All of 1 nodes getting started
@tracker All nodes finishes job
start listen on 10.110.42.71:56353
@tracker All of 1 nodes getting started
@tracker All nodes finishes job
Trial 363 finished with value: 0.89625 and parameters: {'tree_method': 'gpu_hist', 'lambda': 0.0001571478744960539, 'alpha': 0.00018126997986420604, 'colsample_bytree': 0.4657676260097371, 'subsample': 0.7465055241376054, 'learning_rate': 0.07507411535858305, 'max_depth': 13, 'min_child_weight': 154, 'eval_metric': 'logloss'}. Best is trial 355 with value: 0.9115833333333333.
start listen on 10.110.42.71:44563
@tracker All of 1 nodes getting started
@tracker All nodes finishes job
start listen on 10.110.42.71:59003
@tracker All of 1 nodes getting started
@tracker All nodes finishes job
start listen on 10.110.42.71:53789
@tracker All of 1 nodes getting started
@tracker All nodes finishes job
start listen on 10.110.42.71:40429
@tracker All of 1 nodes getting started
@tracker All nodes finishes job
start listen on 10.110.42.71:40065
@tracker All of 1 nodes getting started
@tracker All nodes finishes job
