Trial 768 finished with value: 0.8903833333333333 and parameters: {'tree_method': 'gpu_hist', 'lambda': 0.00024253039255852084, 'alpha': 0.0003094004018849733, 'colsample_bytree': 0.4532098282714114, 'subsample': 0.7776080859712992, 'learning_rate': 0.09978764406402071, 'max_depth': 7, 'min_child_weight': 246, 'eval_metric': 'logloss'}. Best is trial 478 with value: 0.91195.
start listen on 10.110.42.71:46489
@tracker All of 1 nodes getting started
@tracker All nodes finishes job
start listen on 10.110.42.71:50677
@tracker All of 1 nodes getting started
@tracker All nodes finishes job
start listen on 10.110.42.71:43917
@tracker All of 1 nodes getting started
@tracker All nodes finishes job
start listen on 10.110.42.71:44137
@tracker All of 1 nodes getting started
@tracker All nodes finishes job
start listen on 10.110.42.71:38619
@tracker All of 1 nodes getting started
@tracker All nodes finishes job
Trial 769 finished with value: 0.90825 and parameters: {'tree_method': 'gpu_hist', 'lambda': 0.0001407208691676348, 'alpha': 0.0001980166302083173, 'colsample_bytree': 0.47273700436654287, 'subsample': 0.6733624486121133, 'learning_rate': 0.07309359430524565, 'max_depth': 7, 'min_child_weight': 19, 'eval_metric': 'logloss'}. Best is trial 478 with value: 0.91195.
start listen on 10.110.42.71:41435
@tracker All of 1 nodes getting started
@tracker All nodes finishes job
start listen on 10.110.42.71:38033
@tracker All of 1 nodes getting started
@tracker All nodes finishes job
start listen on 10.110.42.71:50607
@tracker All of 1 nodes getting started
@tracker All nodes finishes job
start listen on 10.110.42.71:56671
@tracker All of 1 nodes getting started
@tracker All nodes finishes job
start listen on 10.110.42.71:57497
@tracker All of 1 nodes getting started
@tracker All nodes finishes job
Trial 770 finished with value: 0.9096166666666666 and parameters: {'tree_method': 'gpu_hist', 'lambda': 0.00017509948293732954, 'alpha': 0.0004927114087541711, 'colsample_bytree': 0.39308825292242655, 'subsample': 0.7082426456661166, 'learning_rate': 0.0831033167289392, 'max_depth': 7, 'min_child_weight': 12, 'eval_metric': 'logloss'}. Best is trial 478 with value: 0.91195.
start listen on 10.110.42.71:58707
@tracker All of 1 nodes getting started
@tracker All nodes finishes job
start listen on 10.110.42.71:35027
@tracker All of 1 nodes getting started
@tracker All nodes finishes job
start listen on 10.110.42.71:53009
@tracker All of 1 nodes getting started
@tracker All nodes finishes job
start listen on 10.110.42.71:54349
@tracker All of 1 nodes getting started
@tracker All nodes finishes job
start listen on 10.110.42.71:50917
@tracker All of 1 nodes getting started
@tracker All nodes finishes job
Trial 771 finished with value: 0.9075166666666666 and parameters: {'tree_method': 'gpu_hist', 'lambda': 0.00032764641255510825, 'alpha': 0.0002467127421885425, 'colsample_bytree': 0.4152614915328267, 'subsample': 0.7995520134534511, 'learning_rate': 0.09984082110302919, 'max_depth': 7, 'min_child_weight': 27, 'eval_metric': 'logloss'}. Best is trial 478 with value: 0.91195.
start listen on 10.110.42.71:49419
@tracker All of 1 nodes getting started
@tracker All nodes finishes job
start listen on 10.110.42.71:38611
@tracker All of 1 nodes getting started
@tracker All nodes finishes job
start listen on 10.110.42.71:53611
@tracker All of 1 nodes getting started
@tracker All nodes finishes job
start listen on 10.110.42.71:42109
@tracker All of 1 nodes getting started
@tracker All nodes finishes job
start listen on 10.110.42.71:47287
@tracker All of 1 nodes getting started
@tracker All nodes finishes job
Trial 772 finished with value: 0.9089833333333334 and parameters: {'tree_method': 'gpu_hist', 'lambda': 0.00011694694250730112, 'alpha': 0.0007010138311856147, 'colsample_bytree': 0.37301305582755173, 'subsample': 0.7242584714228546, 'learning_rate': 0.06483717385811753, 'max_depth': 13, 'min_child_weight': 6, 'eval_metric': 'logloss'}. Best is trial 478 with value: 0.91195.
start listen on 10.110.42.71:44423
@tracker All of 1 nodes getting started
@tracker All nodes finishes job
start listen on 10.110.42.71:43319
@tracker All of 1 nodes getting started
@tracker All nodes finishes job
start listen on 10.110.42.71:37131
@tracker All of 1 nodes getting started
@tracker All nodes finishes job
start listen on 10.110.42.71:48049
@tracker All of 1 nodes getting started
@tracker All nodes finishes job
start listen on 10.110.42.71:51803
@tracker All of 1 nodes getting started
@tracker All nodes finishes job
Trial 773 finished with value: 0.9098666666666667 and parameters: {'tree_method': 'gpu_hist', 'lambda': 0.00011858517598335453, 'alpha': 0.0006046276753303487, 'colsample_bytree': 0.4368251296099228, 'subsample': 0.4608757326000485, 'learning_rate': 0.0907224313918537, 'max_depth': 7, 'min_child_weight': 1, 'eval_metric': 'logloss'}. Best is trial 478 with value: 0.91195.
start listen on 10.110.42.71:34101
@tracker All of 1 nodes getting started
@tracker All nodes finishes job
start listen on 10.110.42.71:49295
@tracker All of 1 nodes getting started
@tracker All nodes finishes job
start listen on 10.110.42.71:34367
@tracker All of 1 nodes getting started
@tracker All nodes finishes job
start listen on 10.110.42.71:36009
@tracker All of 1 nodes getting started
@tracker All nodes finishes job
start listen on 10.110.42.71:43583
@tracker All of 1 nodes getting started
@tracker All nodes finishes job
Trial 774 finished with value: 0.90605 and parameters: {'tree_method': 'gpu_hist', 'lambda': 0.00012097320644579318, 'alpha': 0.0005677565707375134, 'colsample_bytree': 0.4076518193951108, 'subsample': 0.7443340276070474, 'learning_rate': 0.01931329420890447, 'max_depth': 20, 'min_child_weight': 15, 'eval_metric': 'logloss'}. Best is trial 478 with value: 0.91195.
start listen on 10.110.42.71:55559
@tracker All of 1 nodes getting started
@tracker All nodes finishes job
start listen on 10.110.42.71:35507
@tracker All of 1 nodes getting started
@tracker All nodes finishes job
start listen on 10.110.42.71:46057
@tracker All of 1 nodes getting started
@tracker All nodes finishes job
start listen on 10.110.42.71:54745
@tracker All of 1 nodes getting started
@tracker All nodes finishes job
start listen on 10.110.42.71:58425
@tracker All of 1 nodes getting started
@tracker All nodes finishes job
Trial 775 finished with value: 0.9102666666666667 and parameters: {'tree_method': 'gpu_hist', 'lambda': 0.00010037933998569004, 'alpha': 0.0017454840857877199, 'colsample_bytree': 0.4254448176649693, 'subsample': 0.7392465384259101, 'learning_rate': 0.07135461479314778, 'max_depth': 7, 'min_child_weight': 6, 'eval_metric': 'logloss'}. Best is trial 478 with value: 0.91195.
start listen on 10.110.42.71:36725
@tracker All of 1 nodes getting started
@tracker All nodes finishes job
start listen on 10.110.42.71:58719
@tracker All of 1 nodes getting started
@tracker All nodes finishes job
start listen on 10.110.42.71:47317
@tracker All of 1 nodes getting started
@tracker All nodes finishes job
start listen on 10.110.42.71:59943
@tracker All of 1 nodes getting started
@tracker All nodes finishes job
start listen on 10.110.42.71:40731
@tracker All of 1 nodes getting started
@tracker All nodes finishes job
Trial 776 finished with value: 0.8920166666666667 and parameters: {'tree_method': 'gpu_hist', 'lambda': 0.00021219963038541769, 'alpha': 0.00034358981170596394, 'colsample_bytree': 0.459637347708887, 'subsample': 0.7927004267893708, 'learning_rate': 0.09016472762882426, 'max_depth': 7, 'min_child_weight': 212, 'eval_metric': 'logloss'}. Best is trial 478 with value: 0.91195.
start listen on 10.110.42.71:48585
@tracker All of 1 nodes getting started
@tracker All nodes finishes job
start listen on 10.110.42.71:46809
@tracker All of 1 nodes getting started
@tracker All nodes finishes job
start listen on 10.110.42.71:47137
@tracker All of 1 nodes getting started
@tracker All nodes finishes job
start listen on 10.110.42.71:32963
@tracker All of 1 nodes getting started
@tracker All nodes finishes job
start listen on 10.110.42.71:53517
@tracker All of 1 nodes getting started
@tracker All nodes finishes job
Trial 777 finished with value: 0.9095166666666666 and parameters: {'tree_method': 'gpu_hist', 'lambda': 0.00010064659299404461, 'alpha': 0.0004580426576726746, 'colsample_bytree': 0.44566497150553974, 'subsample': 0.7311389905411728, 'learning_rate': 0.08004023420737014, 'max_depth': 7, 'min_child_weight': 11, 'eval_metric': 'logloss'}. Best is trial 478 with value: 0.91195.
start listen on 10.110.42.71:52057
@tracker All of 1 nodes getting started
@tracker All nodes finishes job
start listen on 10.110.42.71:41155
@tracker All of 1 nodes getting started
@tracker All nodes finishes job
start listen on 10.110.42.71:34247
@tracker All of 1 nodes getting started
@tracker All nodes finishes job
start listen on 10.110.42.71:60729
@tracker All of 1 nodes getting started
@tracker All nodes finishes job
start listen on 10.110.42.71:48389
@tracker All of 1 nodes getting started
@tracker All nodes finishes job
Trial 778 finished with value: 0.9113166666666667 and parameters: {'tree_method': 'gpu_hist', 'lambda': 0.00015634224809704748, 'alpha': 0.00014733662487551217, 'colsample_bytree': 0.4255146930102598, 'subsample': 0.7834869723112148, 'learning_rate': 0.09133090517234776, 'max_depth': 7, 'min_child_weight': 1, 'eval_metric': 'logloss'}. Best is trial 478 with value: 0.91195.
start listen on 10.110.42.71:55547
@tracker All of 1 nodes getting started
@tracker All nodes finishes job
start listen on 10.110.42.71:51041
@tracker All of 1 nodes getting started
@tracker All nodes finishes job
start listen on 10.110.42.71:46847
@tracker All of 1 nodes getting started
@tracker All nodes finishes job
start listen on 10.110.42.71:44445
@tracker All of 1 nodes getting started
@tracker All nodes finishes job
start listen on 10.110.42.71:51573
@tracker All of 1 nodes getting started
@tracker All nodes finishes job
Trial 779 finished with value: 0.9067666666666667 and parameters: {'tree_method': 'gpu_hist', 'lambda': 0.00026543183611231507, 'alpha': 0.00011371522399233123, 'colsample_bytree': 0.4498272471308965, 'subsample': 0.5808778199314041, 'learning_rate': 0.0999689934919112, 'max_depth': 17, 'min_child_weight': 1, 'eval_metric': 'logloss'}. Best is trial 478 with value: 0.91195.
start listen on 10.110.42.71:53307
@tracker All of 1 nodes getting started
@tracker All nodes finishes job
start listen on 10.110.42.71:44913
@tracker All of 1 nodes getting started
@tracker All nodes finishes job
start listen on 10.110.42.71:34177
@tracker All of 1 nodes getting started
@tracker All nodes finishes job
start listen on 10.110.42.71:40307
@tracker All of 1 nodes getting started
@tracker All nodes finishes job
start listen on 10.110.42.71:45347
@tracker All of 1 nodes getting started
@tracker All nodes finishes job
Trial 780 finished with value: 0.9100833333333334 and parameters: {'tree_method': 'gpu_hist', 'lambda': 0.11024619649868586, 'alpha': 0.0002735292953952087, 'colsample_bytree': 0.3866024426455666, 'subsample': 0.6966026353597223, 'learning_rate': 0.08182877237663834, 'max_depth': 7, 'min_child_weight': 7, 'eval_metric': 'logloss'}. Best is trial 478 with value: 0.91195.
start listen on 10.110.42.71:38581
@tracker All of 1 nodes getting started
@tracker All nodes finishes job
start listen on 10.110.42.71:54081
@tracker All of 1 nodes getting started
@tracker All nodes finishes job
start listen on 10.110.42.71:52531
@tracker All of 1 nodes getting started
@tracker All nodes finishes job
start listen on 10.110.42.71:59865
@tracker All of 1 nodes getting started
@tracker All nodes finishes job
start listen on 10.110.42.71:42961
@tracker All of 1 nodes getting started
@tracker All nodes finishes job
Trial 781 finished with value: 0.9083166666666667 and parameters: {'tree_method': 'gpu_hist', 'lambda': 0.00017755942035037849, 'alpha': 0.00039655275764064737, 'colsample_bytree': 0.3649663479430773, 'subsample': 0.75929036179631, 'learning_rate': 0.0755309226614998, 'max_depth': 7, 'min_child_weight': 16, 'eval_metric': 'logloss'}. Best is trial 478 with value: 0.91195.
start listen on 10.110.42.71:35855
@tracker All of 1 nodes getting started
@tracker All nodes finishes job
start listen on 10.110.42.71:48247
@tracker All of 1 nodes getting started
@tracker All nodes finishes job
start listen on 10.110.42.71:48783
@tracker All of 1 nodes getting started
@tracker All nodes finishes job
start listen on 10.110.42.71:51235
@tracker All of 1 nodes getting started
@tracker All nodes finishes job
start listen on 10.110.42.71:45883
@tracker All of 1 nodes getting started
@tracker All nodes finishes job
Trial 782 finished with value: 0.8645 and parameters: {'tree_method': 'gpu_hist', 'lambda': 0.00014726389869781142, 'alpha': 0.00015136542286305781, 'colsample_bytree': 0.4285491126080298, 'subsample': 0.7744440311816263, 'learning_rate': 0.007793418501052188, 'max_depth': 7, 'min_child_weight': 231, 'eval_metric': 'logloss'}. Best is trial 478 with value: 0.91195.
start listen on 10.110.42.71:34873
@tracker All of 1 nodes getting started
@tracker All nodes finishes job
start listen on 10.110.42.71:43529
@tracker All of 1 nodes getting started
@tracker All nodes finishes job
start listen on 10.110.42.71:35103
@tracker All of 1 nodes getting started
@tracker All nodes finishes job
start listen on 10.110.42.71:51705
@tracker All of 1 nodes getting started
@tracker All nodes finishes job
start listen on 10.110.42.71:38323
@tracker All of 1 nodes getting started
@tracker All nodes finishes job
Trial 783 finished with value: 0.9090666666666667 and parameters: {'tree_method': 'gpu_hist', 'lambda': 0.00014439139679462475, 'alpha': 0.00013226992525615863, 'colsample_bytree': 0.4824358648364252, 'subsample': 0.9491145874000693, 'learning_rate': 0.08955272072155006, 'max_depth': 11, 'min_child_weight': 7, 'eval_metric': 'logloss'}. Best is trial 478 with value: 0.91195.
start listen on 10.110.42.71:46299
@tracker All of 1 nodes getting started
@tracker All nodes finishes job
start listen on 10.110.42.71:52075
@tracker All of 1 nodes getting started
@tracker All nodes finishes job
start listen on 10.110.42.71:50721
@tracker All of 1 nodes getting started
@tracker All nodes finishes job
start listen on 10.110.42.71:39129
@tracker All of 1 nodes getting started
@tracker All nodes finishes job
start listen on 10.110.42.71:58867
@tracker All of 1 nodes getting started
@tracker All nodes finishes job
Trial 784 finished with value: 0.90655 and parameters: {'tree_method': 'gpu_hist', 'lambda': 0.00022037845725536703, 'alpha': 0.00016493491941005426, 'colsample_bytree': 0.4373384941730244, 'subsample': 0.788001938914044, 'learning_rate': 0.02286404606309306, 'max_depth': 7, 'min_child_weight': 1, 'eval_metric': 'logloss'}. Best is trial 478 with value: 0.91195.
start listen on 10.110.42.71:49857
@tracker All of 1 nodes getting started
@tracker All nodes finishes job
start listen on 10.110.42.71:37297
@tracker All of 1 nodes getting started
@tracker All nodes finishes job
start listen on 10.110.42.71:36089
@tracker All of 1 nodes getting started
@tracker All nodes finishes job
start listen on 10.110.42.71:53689
@tracker All of 1 nodes getting started
@tracker All nodes finishes job
start listen on 10.110.42.71:60101
@tracker All of 1 nodes getting started
@tracker All nodes finishes job
Trial 785 finished with value: 0.9063333333333333 and parameters: {'tree_method': 'gpu_hist', 'lambda': 0.00012570428914110296, 'alpha': 0.0010375964818283372, 'colsample_bytree': 0.3819818062090317, 'subsample': 0.7217019222194216, 'learning_rate': 0.0670328899624256, 'max_depth': 5, 'min_child_weight': 22, 'eval_metric': 'logloss'}. Best is trial 478 with value: 0.91195.
start listen on 10.110.42.71:39369
@tracker All of 1 nodes getting started
@tracker All nodes finishes job
start listen on 10.110.42.71:45113
@tracker All of 1 nodes getting started
@tracker All nodes finishes job
start listen on 10.110.42.71:49041
@tracker All of 1 nodes getting started
@tracker All nodes finishes job
start listen on 10.110.42.71:56501
@tracker All of 1 nodes getting started
@tracker All nodes finishes job
start listen on 10.110.42.71:37441
@tracker All of 1 nodes getting started
@tracker All nodes finishes job
Trial 786 finished with value: 0.9028166666666667 and parameters: {'tree_method': 'gpu_hist', 'lambda': 0.00012142895375900305, 'alpha': 0.0008429136619119402, 'colsample_bytree': 0.4029161110991653, 'subsample': 0.743413268215691, 'learning_rate': 0.016756864055952152, 'max_depth': 7, 'min_child_weight': 12, 'eval_metric': 'logloss'}. Best is trial 478 with value: 0.91195.
start listen on 10.110.42.71:41759
@tracker All of 1 nodes getting started
@tracker All nodes finishes job
start listen on 10.110.42.71:50893
@tracker All of 1 nodes getting started
@tracker All nodes finishes job
start listen on 10.110.42.71:58109
@tracker All of 1 nodes getting started
@tracker All nodes finishes job
start listen on 10.110.42.71:33387
@tracker All of 1 nodes getting started
@tracker All nodes finishes job
start listen on 10.110.42.71:41001
@tracker All of 1 nodes getting started
@tracker All nodes finishes job
Trial 787 finished with value: 0.8999833333333334 and parameters: {'tree_method': 'gpu_hist', 'lambda': 0.0001006420458260971, 'alpha': 0.0005412226257441547, 'colsample_bytree': 0.39714545633120224, 'subsample': 0.7532357043780902, 'learning_rate': 0.0835335942730458, 'max_depth': 7, 'min_child_weight': 112, 'eval_metric': 'logloss'}. Best is trial 478 with value: 0.91195.
start listen on 10.110.42.71:37225
@tracker All of 1 nodes getting started
@tracker All nodes finishes job
start listen on 10.110.42.71:59601
@tracker All of 1 nodes getting started
@tracker All nodes finishes job
start listen on 10.110.42.71:57377
@tracker All of 1 nodes getting started
@tracker All nodes finishes job
start listen on 10.110.42.71:39505
@tracker All of 1 nodes getting started
@tracker All nodes finishes job
start listen on 10.110.42.71:51101
@tracker All of 1 nodes getting started
@tracker All nodes finishes job
Trial 788 finished with value: 0.9105 and parameters: {'tree_method': 'gpu_hist', 'lambda': 0.00016590454595074645, 'alpha': 0.00012159688936950821, 'colsample_bytree': 0.465022738384902, 'subsample': 0.7783047586963451, 'learning_rate': 0.09994103671063256, 'max_depth': 7, 'min_child_weight': 7, 'eval_metric': 'logloss'}. Best is trial 478 with value: 0.91195.
start listen on 10.110.42.71:44323
@tracker All of 1 nodes getting started
@tracker All nodes finishes job
start listen on 10.110.42.71:51055
@tracker All of 1 nodes getting started
@tracker All nodes finishes job
start listen on 10.110.42.71:46113
@tracker All of 1 nodes getting started
@tracker All nodes finishes job
start listen on 10.110.42.71:45677
@tracker All of 1 nodes getting started
@tracker All nodes finishes job
start listen on 10.110.42.71:41509
@tracker All of 1 nodes getting started
@tracker All nodes finishes job
Trial 789 finished with value: 0.9033166666666667 and parameters: {'tree_method': 'gpu_hist', 'lambda': 0.0002510054132143884, 'alpha': 0.0003155428440123911, 'colsample_bytree': 0.41207929888210515, 'subsample': 0.8135113303344533, 'learning_rate': 0.09161065664009047, 'max_depth': 3, 'min_child_weight': 1, 'eval_metric': 'logloss'}. Best is trial 478 with value: 0.91195.
start listen on 10.110.42.71:47203
@tracker All of 1 nodes getting started
@tracker All nodes finishes job
start listen on 10.110.42.71:55511
@tracker All of 1 nodes getting started
@tracker All nodes finishes job
start listen on 10.110.42.71:32775
@tracker All of 1 nodes getting started
@tracker All nodes finishes job
start listen on 10.110.42.71:40499
@tracker All of 1 nodes getting started
@tracker All nodes finishes job
start listen on 10.110.42.71:52525
@tracker All of 1 nodes getting started
@tracker All nodes finishes job
Trial 790 finished with value: 0.9097 and parameters: {'tree_method': 'gpu_hist', 'lambda': 0.00010127722791903836, 'alpha': 0.0006243064092527099, 'colsample_bytree': 0.420884427162291, 'subsample': 0.7324989355377037, 'learning_rate': 0.07522484384120305, 'max_depth': 7, 'min_child_weight': 11, 'eval_metric': 'logloss'}. Best is trial 478 with value: 0.91195.
start listen on 10.110.42.71:37709
@tracker All of 1 nodes getting started
@tracker All nodes finishes job
start listen on 10.110.42.71:47503
@tracker All of 1 nodes getting started
@tracker All nodes finishes job
start listen on 10.110.42.71:52927
@tracker All of 1 nodes getting started
@tracker All nodes finishes job
start listen on 10.110.42.71:35085
@tracker All of 1 nodes getting started
@tracker All nodes finishes job
start listen on 10.110.42.71:44281
@tracker All of 1 nodes getting started
@tracker All nodes finishes job
Trial 791 finished with value: 0.9103666666666667 and parameters: {'tree_method': 'gpu_hist', 'lambda': 0.00013374225137324395, 'alpha': 0.00010420583346151782, 'colsample_bytree': 0.4442435859693918, 'subsample': 0.7652053148383671, 'learning_rate': 0.08486242775072339, 'max_depth': 7, 'min_child_weight': 8, 'eval_metric': 'logloss'}. Best is trial 478 with value: 0.91195.
start listen on 10.110.42.71:35697
@tracker All of 1 nodes getting started
@tracker All nodes finishes job
start listen on 10.110.42.71:48189
@tracker All of 1 nodes getting started
@tracker All nodes finishes job
start listen on 10.110.42.71:39929
@tracker All of 1 nodes getting started
@tracker All nodes finishes job
start listen on 10.110.42.71:56539
@tracker All of 1 nodes getting started
@tracker All nodes finishes job
start listen on 10.110.42.71:56237
@tracker All of 1 nodes getting started
@tracker All nodes finishes job
