Trial 552 finished with value: 0.9074833333333333 and parameters: {'tree_method': 'gpu_hist', 'lambda': 0.0002921431223404612, 'alpha': 0.00023508782103812367, 'colsample_bytree': 0.43414972989457906, 'subsample': 0.7781385672756826, 'learning_rate': 0.07929091679880002, 'max_depth': 13, 'min_child_weight': 1, 'eval_metric': 'logloss'}. Best is trial 478 with value: 0.91195.
start listen on 10.110.42.71:56689
@tracker All of 1 nodes getting started
@tracker All nodes finishes job
start listen on 10.110.42.71:49561
@tracker All of 1 nodes getting started
@tracker All nodes finishes job
start listen on 10.110.42.71:36705
@tracker All of 1 nodes getting started
@tracker All nodes finishes job
start listen on 10.110.42.71:56645
@tracker All of 1 nodes getting started
@tracker All nodes finishes job
start listen on 10.110.42.71:37593
@tracker All of 1 nodes getting started
@tracker All nodes finishes job
Trial 553 finished with value: 0.9096 and parameters: {'tree_method': 'gpu_hist', 'lambda': 0.00015882845390974341, 'alpha': 0.0007970597275983392, 'colsample_bytree': 0.49741213445236865, 'subsample': 0.7723574680257955, 'learning_rate': 0.09207040935069459, 'max_depth': 7, 'min_child_weight': 12, 'eval_metric': 'logloss'}. Best is trial 478 with value: 0.91195.
start listen on 10.110.42.71:43495
@tracker All of 1 nodes getting started
@tracker All nodes finishes job
start listen on 10.110.42.71:38951
@tracker All of 1 nodes getting started
@tracker All nodes finishes job
start listen on 10.110.42.71:57703
@tracker All of 1 nodes getting started
@tracker All nodes finishes job
start listen on 10.110.42.71:37551
@tracker All of 1 nodes getting started
@tracker All nodes finishes job
start listen on 10.110.42.71:33747
@tracker All of 1 nodes getting started
@tracker All nodes finishes job
Trial 554 finished with value: 0.9080333333333334 and parameters: {'tree_method': 'gpu_hist', 'lambda': 0.00010069286791641799, 'alpha': 0.0003402360461332033, 'colsample_bytree': 0.45744525169977207, 'subsample': 0.6973132189597179, 'learning_rate': 0.08521776823618485, 'max_depth': 20, 'min_child_weight': 6, 'eval_metric': 'logloss'}. Best is trial 478 with value: 0.91195.
start listen on 10.110.42.71:53373
@tracker All of 1 nodes getting started
@tracker All nodes finishes job
start listen on 10.110.42.71:43169
@tracker All of 1 nodes getting started
@tracker All nodes finishes job
start listen on 10.110.42.71:55673
@tracker All of 1 nodes getting started
@tracker All nodes finishes job
start listen on 10.110.42.71:53219
@tracker All of 1 nodes getting started
@tracker All nodes finishes job
start listen on 10.110.42.71:50515
@tracker All of 1 nodes getting started
@tracker All nodes finishes job
Trial 555 finished with value: 0.9113333333333333 and parameters: {'tree_method': 'gpu_hist', 'lambda': 0.00022956420493011557, 'alpha': 0.00015871402801110845, 'colsample_bytree': 0.3838798326651938, 'subsample': 0.7531471724208939, 'learning_rate': 0.0998160210802527, 'max_depth': 7, 'min_child_weight': 1, 'eval_metric': 'logloss'}. Best is trial 478 with value: 0.91195.
start listen on 10.110.42.71:56031
@tracker All of 1 nodes getting started
@tracker All nodes finishes job
start listen on 10.110.42.71:33281
@tracker All of 1 nodes getting started
@tracker All nodes finishes job
start listen on 10.110.42.71:33993
@tracker All of 1 nodes getting started
@tracker All nodes finishes job
start listen on 10.110.42.71:41951
@tracker All of 1 nodes getting started
@tracker All nodes finishes job
start listen on 10.110.42.71:43139
@tracker All of 1 nodes getting started
@tracker All nodes finishes job
Trial 556 finished with value: 0.9085333333333333 and parameters: {'tree_method': 'gpu_hist', 'lambda': 0.00021723480959164696, 'alpha': 0.00015447154202712012, 'colsample_bytree': 0.3757357893257764, 'subsample': 0.744318174146967, 'learning_rate': 0.07512082139028539, 'max_depth': 7, 'min_child_weight': 15, 'eval_metric': 'logloss'}. Best is trial 478 with value: 0.91195.
start listen on 10.110.42.71:57715
@tracker All of 1 nodes getting started
@tracker All nodes finishes job
start listen on 10.110.42.71:37601
@tracker All of 1 nodes getting started
@tracker All nodes finishes job
start listen on 10.110.42.71:43089
@tracker All of 1 nodes getting started
@tracker All nodes finishes job
start listen on 10.110.42.71:58753
@tracker All of 1 nodes getting started
@tracker All nodes finishes job
start listen on 10.110.42.71:35123
@tracker All of 1 nodes getting started
@tracker All nodes finishes job
Trial 557 finished with value: 0.9084166666666667 and parameters: {'tree_method': 'gpu_hist', 'lambda': 0.00014147529087708006, 'alpha': 0.00010876188606060882, 'colsample_bytree': 0.7407504817502216, 'subsample': 0.5463151776459729, 'learning_rate': 0.06429096275301531, 'max_depth': 7, 'min_child_weight': 8, 'eval_metric': 'logloss'}. Best is trial 478 with value: 0.91195.
start listen on 10.110.42.71:46793
@tracker All of 1 nodes getting started
@tracker All nodes finishes job
start listen on 10.110.42.71:36653
@tracker All of 1 nodes getting started
@tracker All nodes finishes job
start listen on 10.110.42.71:54517
@tracker All of 1 nodes getting started
@tracker All nodes finishes job
start listen on 10.110.42.71:55953
@tracker All of 1 nodes getting started
@tracker All nodes finishes job
start listen on 10.110.42.71:40545
@tracker All of 1 nodes getting started
@tracker All nodes finishes job
Trial 558 finished with value: 0.8857666666666667 and parameters: {'tree_method': 'gpu_hist', 'lambda': 0.00031166790471554283, 'alpha': 0.00016848602694669759, 'colsample_bytree': 0.36568109056206055, 'subsample': 0.735185410135833, 'learning_rate': 0.09332848299185699, 'max_depth': 17, 'min_child_weight': 290, 'eval_metric': 'logloss'}. Best is trial 478 with value: 0.91195.
start listen on 10.110.42.71:45851
@tracker All of 1 nodes getting started
@tracker All nodes finishes job
start listen on 10.110.42.71:49993
@tracker All of 1 nodes getting started
@tracker All nodes finishes job
start listen on 10.110.42.71:42257
@tracker All of 1 nodes getting started
@tracker All nodes finishes job
start listen on 10.110.42.71:35385
@tracker All of 1 nodes getting started
@tracker All nodes finishes job
start listen on 10.110.42.71:39071
@tracker All of 1 nodes getting started
@tracker All nodes finishes job
Trial 559 finished with value: 0.9081166666666667 and parameters: {'tree_method': 'gpu_hist', 'lambda': 0.00019245524665332885, 'alpha': 0.00013834060247957332, 'colsample_bytree': 0.3879560404972997, 'subsample': 0.7488577755396894, 'learning_rate': 0.08733124932310182, 'max_depth': 7, 'min_child_weight': 23, 'eval_metric': 'logloss'}. Best is trial 478 with value: 0.91195.
start listen on 10.110.42.71:54971
@tracker All of 1 nodes getting started
@tracker All nodes finishes job
start listen on 10.110.42.71:38223
@tracker All of 1 nodes getting started
@tracker All nodes finishes job
start listen on 10.110.42.71:35971
@tracker All of 1 nodes getting started
@tracker All nodes finishes job
start listen on 10.110.42.71:46115
@tracker All of 1 nodes getting started
@tracker All nodes finishes job
start listen on 10.110.42.71:60525
@tracker All of 1 nodes getting started
@tracker All nodes finishes job
Trial 560 finished with value: 0.91015 and parameters: {'tree_method': 'gpu_hist', 'lambda': 0.00024765352403785453, 'alpha': 0.0001913151842504732, 'colsample_bytree': 0.7650693068448521, 'subsample': 0.7212335963124781, 'learning_rate': 0.09625274241876627, 'max_depth': 7, 'min_child_weight': 6, 'eval_metric': 'logloss'}. Best is trial 478 with value: 0.91195.
start listen on 10.110.42.71:36909
@tracker All of 1 nodes getting started
@tracker All nodes finishes job
start listen on 10.110.42.71:33557
@tracker All of 1 nodes getting started
@tracker All nodes finishes job
start listen on 10.110.42.71:37143
@tracker All of 1 nodes getting started
@tracker All nodes finishes job
start listen on 10.110.42.71:54689
@tracker All of 1 nodes getting started
@tracker All nodes finishes job
start listen on 10.110.42.71:52905
@tracker All of 1 nodes getting started
@tracker All nodes finishes job
Trial 561 finished with value: 0.9092333333333333 and parameters: {'tree_method': 'gpu_hist', 'lambda': 0.00012453001378261465, 'alpha': 0.00012484411132474525, 'colsample_bytree': 0.38691586087702595, 'subsample': 0.7548704770296281, 'learning_rate': 0.07964190265379315, 'max_depth': 7, 'min_child_weight': 12, 'eval_metric': 'logloss'}. Best is trial 478 with value: 0.91195.
start listen on 10.110.42.71:51071
@tracker All of 1 nodes getting started
@tracker All nodes finishes job
start listen on 10.110.42.71:36713
@tracker All of 1 nodes getting started
@tracker All nodes finishes job
start listen on 10.110.42.71:39185
@tracker All of 1 nodes getting started
@tracker All nodes finishes job
start listen on 10.110.42.71:54121
@tracker All of 1 nodes getting started
@tracker All nodes finishes job
start listen on 10.110.42.71:57347
@tracker All of 1 nodes getting started
@tracker All nodes finishes job
Trial 562 finished with value: 0.9091 and parameters: {'tree_method': 'gpu_hist', 'lambda': 0.012394554453988847, 'alpha': 0.0001624207157388152, 'colsample_bytree': 0.377304355086611, 'subsample': 0.7952146860763412, 'learning_rate': 0.055035788157050534, 'max_depth': 11, 'min_child_weight': 6, 'eval_metric': 'logloss'}. Best is trial 478 with value: 0.91195.
start listen on 10.110.42.71:37921
@tracker All of 1 nodes getting started
@tracker All nodes finishes job
start listen on 10.110.42.71:54747
@tracker All of 1 nodes getting started
@tracker All nodes finishes job
start listen on 10.110.42.71:42631
@tracker All of 1 nodes getting started
@tracker All nodes finishes job
start listen on 10.110.42.71:38619
@tracker All of 1 nodes getting started
@tracker All nodes finishes job
start listen on 10.110.42.71:37865
@tracker All of 1 nodes getting started
@tracker All nodes finishes job
Trial 563 finished with value: 0.9082166666666667 and parameters: {'tree_method': 'gpu_hist', 'lambda': 0.00015634695018785328, 'alpha': 2.746936257775821, 'colsample_bytree': 0.36024270903061634, 'subsample': 0.7392287991733849, 'learning_rate': 0.08525509635234645, 'max_depth': 5, 'min_child_weight': 1, 'eval_metric': 'logloss'}. Best is trial 478 with value: 0.91195.
start listen on 10.110.42.71:40161
@tracker All of 1 nodes getting started
@tracker All nodes finishes job
start listen on 10.110.42.71:36625
@tracker All of 1 nodes getting started
@tracker All nodes finishes job
start listen on 10.110.42.71:35799
@tracker All of 1 nodes getting started
@tracker All nodes finishes job
start listen on 10.110.42.71:50635
@tracker All of 1 nodes getting started
@tracker All nodes finishes job
start listen on 10.110.42.71:53697
@tracker All of 1 nodes getting started
@tracker All nodes finishes job
Trial 564 finished with value: 0.9107833333333333 and parameters: {'tree_method': 'gpu_hist', 'lambda': 0.03175629815374126, 'alpha': 0.00023579334115435703, 'colsample_bytree': 0.3972323606431641, 'subsample': 0.7088752409628214, 'learning_rate': 0.0695195768129664, 'max_depth': 7, 'min_child_weight': 1, 'eval_metric': 'logloss'}. Best is trial 478 with value: 0.91195.
start listen on 10.110.42.71:33163
@tracker All of 1 nodes getting started
@tracker All nodes finishes job
start listen on 10.110.42.71:44971
@tracker All of 1 nodes getting started
@tracker All nodes finishes job
start listen on 10.110.42.71:40879
@tracker All of 1 nodes getting started
@tracker All nodes finishes job
start listen on 10.110.42.71:33005
@tracker All of 1 nodes getting started
@tracker All nodes finishes job
start listen on 10.110.42.71:48863
@tracker All of 1 nodes getting started
@tracker All nodes finishes job
Trial 565 finished with value: 0.9079166666666667 and parameters: {'tree_method': 'gpu_hist', 'lambda': 0.00012190408238646632, 'alpha': 0.00017573554282959158, 'colsample_bytree': 0.9975157860992301, 'subsample': 0.762906500941889, 'learning_rate': 0.07816249896332804, 'max_depth': 7, 'min_child_weight': 16, 'eval_metric': 'logloss'}. Best is trial 478 with value: 0.91195.
start listen on 10.110.42.71:50415
@tracker All of 1 nodes getting started
@tracker All nodes finishes job
start listen on 10.110.42.71:39019
@tracker All of 1 nodes getting started
@tracker All nodes finishes job
start listen on 10.110.42.71:56053
@tracker All of 1 nodes getting started
@tracker All nodes finishes job
start listen on 10.110.42.71:36985
@tracker All of 1 nodes getting started
@tracker All nodes finishes job
start listen on 10.110.42.71:48763
@tracker All of 1 nodes getting started
@tracker All nodes finishes job
Trial 566 finished with value: 0.90395 and parameters: {'tree_method': 'gpu_hist', 'lambda': 0.0001778197400920898, 'alpha': 0.00021893974431043804, 'colsample_bytree': 0.4058806401773857, 'subsample': 0.7232142815412285, 'learning_rate': 0.018677407360609785, 'max_depth': 7, 'min_child_weight': 11, 'eval_metric': 'logloss'}. Best is trial 478 with value: 0.91195.
start listen on 10.110.42.71:47287
@tracker All of 1 nodes getting started
@tracker All nodes finishes job
start listen on 10.110.42.71:54979
@tracker All of 1 nodes getting started
@tracker All nodes finishes job
start listen on 10.110.42.71:56125
@tracker All of 1 nodes getting started
@tracker All nodes finishes job
start listen on 10.110.42.71:56423
@tracker All of 1 nodes getting started
@tracker All nodes finishes job
start listen on 10.110.42.71:47413
@tracker All of 1 nodes getting started
@tracker All nodes finishes job
Trial 567 finished with value: 0.9118333333333334 and parameters: {'tree_method': 'gpu_hist', 'lambda': 0.00021722864997707572, 'alpha': 0.00026115585850661937, 'colsample_bytree': 0.38590909718130584, 'subsample': 0.733917638839084, 'learning_rate': 0.08756978127983754, 'max_depth': 7, 'min_child_weight': 1, 'eval_metric': 'logloss'}. Best is trial 478 with value: 0.91195.
start listen on 10.110.42.71:45495
@tracker All of 1 nodes getting started
@tracker All nodes finishes job
start listen on 10.110.42.71:53001
@tracker All of 1 nodes getting started
@tracker All nodes finishes job
start listen on 10.110.42.71:39921
@tracker All of 1 nodes getting started
@tracker All nodes finishes job
start listen on 10.110.42.71:48305
@tracker All of 1 nodes getting started
@tracker All nodes finishes job
start listen on 10.110.42.71:56457
@tracker All of 1 nodes getting started
@tracker All nodes finishes job
Trial 568 finished with value: 0.9105333333333333 and parameters: {'tree_method': 'gpu_hist', 'lambda': 0.00024748797428438246, 'alpha': 0.00026597851487312443, 'colsample_bytree': 0.38155400417672547, 'subsample': 0.7326666888682687, 'learning_rate': 0.09015730771389135, 'max_depth': 7, 'min_child_weight': 7, 'eval_metric': 'logloss'}. Best is trial 478 with value: 0.91195.
start listen on 10.110.42.71:58841
@tracker All of 1 nodes getting started
@tracker All nodes finishes job
start listen on 10.110.42.71:59967
@tracker All of 1 nodes getting started
@tracker All nodes finishes job
start listen on 10.110.42.71:47717
@tracker All of 1 nodes getting started
@tracker All nodes finishes job
start listen on 10.110.42.71:43651
@tracker All of 1 nodes getting started
@tracker All nodes finishes job
start listen on 10.110.42.71:55113
@tracker All of 1 nodes getting started
@tracker All nodes finishes job
Trial 569 finished with value: 0.90925 and parameters: {'tree_method': 'gpu_hist', 'lambda': 0.00022473573461291222, 'alpha': 0.00019783731857638456, 'colsample_bytree': 0.34262766474002493, 'subsample': 0.7094980603597176, 'learning_rate': 0.09094948217234936, 'max_depth': 7, 'min_child_weight': 11, 'eval_metric': 'logloss'}. Best is trial 478 with value: 0.91195.
start listen on 10.110.42.71:49879
@tracker All of 1 nodes getting started
@tracker All nodes finishes job
start listen on 10.110.42.71:53413
@tracker All of 1 nodes getting started
@tracker All nodes finishes job
start listen on 10.110.42.71:60987
@tracker All of 1 nodes getting started
@tracker All nodes finishes job
start listen on 10.110.42.71:58281
@tracker All of 1 nodes getting started
@tracker All nodes finishes job
start listen on 10.110.42.71:53261
@tracker All of 1 nodes getting started
@tracker All nodes finishes job
Trial 570 finished with value: 0.9074333333333333 and parameters: {'tree_method': 'gpu_hist', 'lambda': 0.00020833672195989862, 'alpha': 0.9115364990704308, 'colsample_bytree': 0.36448886539439457, 'subsample': 0.7309325263372343, 'learning_rate': 0.09991763182991059, 'max_depth': 7, 'min_child_weight': 18, 'eval_metric': 'logloss'}. Best is trial 478 with value: 0.91195.
start listen on 10.110.42.71:32927
@tracker All of 1 nodes getting started
@tracker All nodes finishes job
start listen on 10.110.42.71:44263
@tracker All of 1 nodes getting started
@tracker All nodes finishes job
start listen on 10.110.42.71:55911
@tracker All of 1 nodes getting started
@tracker All nodes finishes job
start listen on 10.110.42.71:37347
@tracker All of 1 nodes getting started
@tracker All nodes finishes job
start listen on 10.110.42.71:58415
@tracker All of 1 nodes getting started
@tracker All nodes finishes job
Trial 571 finished with value: 0.9026333333333333 and parameters: {'tree_method': 'gpu_hist', 'lambda': 0.0002669807048127638, 'alpha': 0.000125869133306334, 'colsample_bytree': 0.3519412501883759, 'subsample': 0.717251527378865, 'learning_rate': 0.08484968638345203, 'max_depth': 3, 'min_child_weight': 1, 'eval_metric': 'logloss'}. Best is trial 478 with value: 0.91195.
start listen on 10.110.42.71:50491
@tracker All of 1 nodes getting started
@tracker All nodes finishes job
start listen on 10.110.42.71:57083
@tracker All of 1 nodes getting started
@tracker All nodes finishes job
start listen on 10.110.42.71:44847
@tracker All of 1 nodes getting started
@tracker All nodes finishes job
start listen on 10.110.42.71:51931
@tracker All of 1 nodes getting started
@tracker All nodes finishes job
start listen on 10.110.42.71:55917
@tracker All of 1 nodes getting started
@tracker All nodes finishes job
Trial 572 finished with value: 0.91015 and parameters: {'tree_method': 'gpu_hist', 'lambda': 0.0001779690594639304, 'alpha': 0.0002583683411584087, 'colsample_bytree': 0.3749307553639896, 'subsample': 0.6943277488617329, 'learning_rate': 0.09320981825933614, 'max_depth': 7, 'min_child_weight': 6, 'eval_metric': 'logloss'}. Best is trial 478 with value: 0.91195.
start listen on 10.110.42.71:52925
@tracker All of 1 nodes getting started
@tracker All nodes finishes job
start listen on 10.110.42.71:55437
@tracker All of 1 nodes getting started
@tracker All nodes finishes job
start listen on 10.110.42.71:32935
@tracker All of 1 nodes getting started
@tracker All nodes finishes job
start listen on 10.110.42.71:56751
@tracker All of 1 nodes getting started
@tracker All nodes finishes job
start listen on 10.110.42.71:53249
@tracker All of 1 nodes getting started
@tracker All nodes finishes job
Trial 573 finished with value: 0.90955 and parameters: {'tree_method': 'gpu_hist', 'lambda': 0.00021701011530423798, 'alpha': 0.00021035812327885827, 'colsample_bytree': 0.38621973435515444, 'subsample': 0.7446271488757003, 'learning_rate': 0.08398129981679611, 'max_depth': 7, 'min_child_weight': 7, 'eval_metric': 'logloss'}. Best is trial 478 with value: 0.91195.
start listen on 10.110.42.71:54521
@tracker All of 1 nodes getting started
@tracker All nodes finishes job
start listen on 10.110.42.71:39421
@tracker All of 1 nodes getting started
@tracker All nodes finishes job
start listen on 10.110.42.71:44347
@tracker All of 1 nodes getting started
@tracker All nodes finishes job
start listen on 10.110.42.71:52913
@tracker All of 1 nodes getting started
@tracker All nodes finishes job
start listen on 10.110.42.71:50501
@tracker All of 1 nodes getting started
@tracker All nodes finishes job
Trial 574 finished with value: 0.90675 and parameters: {'tree_method': 'gpu_hist', 'lambda': 0.00033513856907428007, 'alpha': 0.00014846122060574793, 'colsample_bytree': 0.39255177402234015, 'subsample': 0.7317803036732313, 'learning_rate': 0.09919252183683931, 'max_depth': 15, 'min_child_weight': 1, 'eval_metric': 'logloss'}. Best is trial 478 with value: 0.91195.
start listen on 10.110.42.71:36213
@tracker All of 1 nodes getting started
@tracker All nodes finishes job
start listen on 10.110.42.71:49127
@tracker All of 1 nodes getting started
@tracker All nodes finishes job
start listen on 10.110.42.71:49955
@tracker All of 1 nodes getting started
@tracker All nodes finishes job
start listen on 10.110.42.71:38035
@tracker All of 1 nodes getting started
@tracker All nodes finishes job
start listen on 10.110.42.71:51681
@tracker All of 1 nodes getting started
@tracker All nodes finishes job
Trial 575 finished with value: 0.90975 and parameters: {'tree_method': 'gpu_hist', 'lambda': 0.0001556376991406837, 'alpha': 0.00028925215712388204, 'colsample_bytree': 0.40100758061881875, 'subsample': 0.7182265721156305, 'learning_rate': 0.07984967896865953, 'max_depth': 7, 'min_child_weight': 11, 'eval_metric': 'logloss'}. Best is trial 478 with value: 0.91195.
start listen on 10.110.42.71:45519
@tracker All of 1 nodes getting started
@tracker All nodes finishes job
start listen on 10.110.42.71:35761
@tracker All of 1 nodes getting started
@tracker All nodes finishes job
start listen on 10.110.42.71:34029
@tracker All of 1 nodes getting started
@tracker All nodes finishes job
start listen on 10.110.42.71:47045
@tracker All of 1 nodes getting started
@tracker All nodes finishes job
start listen on 10.110.42.71:39853
@tracker All of 1 nodes getting started
@tracker All nodes finishes job
