Trial 364 finished with value: 0.9099833333333334 and parameters: {'tree_method': 'gpu_hist', 'lambda': 0.00010129987009612463, 'alpha': 0.0006269524022876389, 'colsample_bytree': 0.4180900759771201, 'subsample': 0.7962156216728782, 'learning_rate': 0.08824475131272921, 'max_depth': 7, 'min_child_weight': 8, 'eval_metric': 'logloss'}. Best is trial 355 with value: 0.9115833333333333.
start listen on 10.110.42.71:45103
@tracker All of 1 nodes getting started
@tracker All nodes finishes job
start listen on 10.110.42.71:52983
@tracker All of 1 nodes getting started
@tracker All nodes finishes job
start listen on 10.110.42.71:49917
@tracker All of 1 nodes getting started
@tracker All nodes finishes job
start listen on 10.110.42.71:59327
@tracker All of 1 nodes getting started
@tracker All nodes finishes job
start listen on 10.110.42.71:43903
@tracker All of 1 nodes getting started
@tracker All nodes finishes job
Trial 365 finished with value: 0.9082166666666667 and parameters: {'tree_method': 'gpu_hist', 'lambda': 0.0001469500077830392, 'alpha': 0.00012610362838426394, 'colsample_bytree': 0.4334069854868267, 'subsample': 0.8106326636081519, 'learning_rate': 0.08051893116775029, 'max_depth': 7, 'min_child_weight': 22, 'eval_metric': 'logloss'}. Best is trial 355 with value: 0.9115833333333333.
start listen on 10.110.42.71:42791
@tracker All of 1 nodes getting started
@tracker All nodes finishes job
start listen on 10.110.42.71:38543
@tracker All of 1 nodes getting started
@tracker All nodes finishes job
start listen on 10.110.42.71:47025
@tracker All of 1 nodes getting started
@tracker All nodes finishes job
start listen on 10.110.42.71:49115
@tracker All of 1 nodes getting started
@tracker All nodes finishes job
start listen on 10.110.42.71:36169
@tracker All of 1 nodes getting started
@tracker All nodes finishes job
Trial 366 finished with value: 0.9056166666666666 and parameters: {'tree_method': 'gpu_hist', 'lambda': 0.0001259399867596664, 'alpha': 0.00034304400056523046, 'colsample_bytree': 0.45600194086558277, 'subsample': 0.7329456538025456, 'learning_rate': 0.06149593296742245, 'max_depth': 20, 'min_child_weight': 1, 'eval_metric': 'logloss'}. Best is trial 355 with value: 0.9115833333333333.
start listen on 10.110.42.71:37207
@tracker All of 1 nodes getting started
@tracker All nodes finishes job
start listen on 10.110.42.71:54335
@tracker All of 1 nodes getting started
@tracker All nodes finishes job
start listen on 10.110.42.71:34553
@tracker All of 1 nodes getting started
@tracker All nodes finishes job
start listen on 10.110.42.71:52965
@tracker All of 1 nodes getting started
@tracker All nodes finishes job
start listen on 10.110.42.71:36957
@tracker All of 1 nodes getting started
@tracker All nodes finishes job
Trial 367 finished with value: 0.9094166666666667 and parameters: {'tree_method': 'gpu_hist', 'lambda': 0.00018194837566540525, 'alpha': 0.000250623824761535, 'colsample_bytree': 0.4140337383315474, 'subsample': 0.7585334735280072, 'learning_rate': 0.0922201765794843, 'max_depth': 7, 'min_child_weight': 11, 'eval_metric': 'logloss'}. Best is trial 355 with value: 0.9115833333333333.
start listen on 10.110.42.71:38115
@tracker All of 1 nodes getting started
@tracker All nodes finishes job
start listen on 10.110.42.71:50659
@tracker All of 1 nodes getting started
@tracker All nodes finishes job
start listen on 10.110.42.71:47277
@tracker All of 1 nodes getting started
@tracker All nodes finishes job
start listen on 10.110.42.71:35093
@tracker All of 1 nodes getting started
@tracker All nodes finishes job
start listen on 10.110.42.71:57463
@tracker All of 1 nodes getting started
@tracker All nodes finishes job
Trial 368 finished with value: 0.9107 and parameters: {'tree_method': 'gpu_hist', 'lambda': 0.015151584884509638, 'alpha': 0.0004353974144495982, 'colsample_bytree': 0.42946707506711285, 'subsample': 0.7047655413703389, 'learning_rate': 0.06977297112238641, 'max_depth': 7, 'min_child_weight': 7, 'eval_metric': 'logloss'}. Best is trial 355 with value: 0.9115833333333333.
start listen on 10.110.42.71:54117
@tracker All of 1 nodes getting started
@tracker All nodes finishes job
start listen on 10.110.42.71:48473
@tracker All of 1 nodes getting started
@tracker All nodes finishes job
start listen on 10.110.42.71:37401
@tracker All of 1 nodes getting started
@tracker All nodes finishes job
start listen on 10.110.42.71:45397
@tracker All of 1 nodes getting started
@tracker All nodes finishes job
start listen on 10.110.42.71:38275
@tracker All of 1 nodes getting started
@tracker All nodes finishes job
Trial 369 finished with value: 0.9080166666666667 and parameters: {'tree_method': 'gpu_hist', 'lambda': 0.00010011751644937357, 'alpha': 0.0009150182070777808, 'colsample_bytree': 0.7060577307659092, 'subsample': 0.7378071593136271, 'learning_rate': 0.0874524392366605, 'max_depth': 17, 'min_child_weight': 17, 'eval_metric': 'logloss'}. Best is trial 355 with value: 0.9115833333333333.
start listen on 10.110.42.71:38679
@tracker All of 1 nodes getting started
@tracker All nodes finishes job
start listen on 10.110.42.71:54835
@tracker All of 1 nodes getting started
@tracker All nodes finishes job
start listen on 10.110.42.71:34397
@tracker All of 1 nodes getting started
@tracker All nodes finishes job
start listen on 10.110.42.71:45891
@tracker All of 1 nodes getting started
@tracker All nodes finishes job
start listen on 10.110.42.71:48897
@tracker All of 1 nodes getting started
@tracker All nodes finishes job
Trial 370 finished with value: 0.9115166666666666 and parameters: {'tree_method': 'gpu_hist', 'lambda': 0.00021796977667342998, 'alpha': 0.0003113674088272696, 'colsample_bytree': 0.44448022219577993, 'subsample': 0.7225463116544086, 'learning_rate': 0.09990297462101322, 'max_depth': 7, 'min_child_weight': 1, 'eval_metric': 'logloss'}. Best is trial 355 with value: 0.9115833333333333.
start listen on 10.110.42.71:46463
@tracker All of 1 nodes getting started
@tracker All nodes finishes job
start listen on 10.110.42.71:53581
@tracker All of 1 nodes getting started
@tracker All nodes finishes job
start listen on 10.110.42.71:43981
@tracker All of 1 nodes getting started
@tracker All nodes finishes job
start listen on 10.110.42.71:58273
@tracker All of 1 nodes getting started
@tracker All nodes finishes job
start listen on 10.110.42.71:54971
@tracker All of 1 nodes getting started
@tracker All nodes finishes job
Trial 371 finished with value: 0.9104333333333333 and parameters: {'tree_method': 'gpu_hist', 'lambda': 0.00025143730405461566, 'alpha': 0.00020888845534497476, 'colsample_bytree': 0.4504530628510074, 'subsample': 0.7156116808344755, 'learning_rate': 0.0990606311551424, 'max_depth': 7, 'min_child_weight': 7, 'eval_metric': 'logloss'}. Best is trial 355 with value: 0.9115833333333333.
start listen on 10.110.42.71:48299
@tracker All of 1 nodes getting started
@tracker All nodes finishes job
start listen on 10.110.42.71:53261
@tracker All of 1 nodes getting started
@tracker All nodes finishes job
start listen on 10.110.42.71:41025
@tracker All of 1 nodes getting started
@tracker All nodes finishes job
start listen on 10.110.42.71:39563
@tracker All of 1 nodes getting started
@tracker All nodes finishes job
start listen on 10.110.42.71:48319
@tracker All of 1 nodes getting started
@tracker All nodes finishes job
Trial 372 finished with value: 0.9093666666666667 and parameters: {'tree_method': 'gpu_hist', 'lambda': 0.0002015364124959082, 'alpha': 0.0005566462392952926, 'colsample_bytree': 0.47511065370257016, 'subsample': 0.6944042504565168, 'learning_rate': 0.09259106412139882, 'max_depth': 7, 'min_child_weight': 12, 'eval_metric': 'logloss'}. Best is trial 355 with value: 0.9115833333333333.
start listen on 10.110.42.71:41887
@tracker All of 1 nodes getting started
@tracker All nodes finishes job
start listen on 10.110.42.71:57285
@tracker All of 1 nodes getting started
@tracker All nodes finishes job
start listen on 10.110.42.71:37369
@tracker All of 1 nodes getting started
@tracker All nodes finishes job
start listen on 10.110.42.71:34779
@tracker All of 1 nodes getting started
@tracker All nodes finishes job
start listen on 10.110.42.71:60319
@tracker All of 1 nodes getting started
@tracker All nodes finishes job
Trial 373 finished with value: 0.9095 and parameters: {'tree_method': 'gpu_hist', 'lambda': 0.0002672151286670554, 'alpha': 0.0003920235053216546, 'colsample_bytree': 0.44518084634317806, 'subsample': 0.7209819837912204, 'learning_rate': 0.09116611356878593, 'max_depth': 11, 'min_child_weight': 6, 'eval_metric': 'logloss'}. Best is trial 355 with value: 0.9115833333333333.
start listen on 10.110.42.71:32915
@tracker All of 1 nodes getting started
@tracker All nodes finishes job
start listen on 10.110.42.71:45505
@tracker All of 1 nodes getting started
@tracker All nodes finishes job
start listen on 10.110.42.71:45347
@tracker All of 1 nodes getting started
@tracker All nodes finishes job
start listen on 10.110.42.71:37277
@tracker All of 1 nodes getting started
@tracker All nodes finishes job
start listen on 10.110.42.71:50129
@tracker All of 1 nodes getting started
@tracker All nodes finishes job
Trial 374 finished with value: 0.89905 and parameters: {'tree_method': 'gpu_hist', 'lambda': 0.00016948899522139436, 'alpha': 0.0002840646503928638, 'colsample_bytree': 0.4626321421950114, 'subsample': 0.7752051348428339, 'learning_rate': 0.010529626588842367, 'max_depth': 7, 'min_child_weight': 1, 'eval_metric': 'logloss'}. Best is trial 355 with value: 0.9115833333333333.
start listen on 10.110.42.71:40579
@tracker All of 1 nodes getting started
@tracker All nodes finishes job
start listen on 10.110.42.71:35155
@tracker All of 1 nodes getting started
@tracker All nodes finishes job
start listen on 10.110.42.71:35951
@tracker All of 1 nodes getting started
@tracker All nodes finishes job
start listen on 10.110.42.71:53971
@tracker All of 1 nodes getting started
@tracker All nodes finishes job
start listen on 10.110.42.71:49207
@tracker All of 1 nodes getting started
@tracker All nodes finishes job
Trial 375 finished with value: 0.9093333333333333 and parameters: {'tree_method': 'gpu_hist', 'lambda': 0.0002143054399883021, 'alpha': 0.00021739245329282207, 'colsample_bytree': 0.4033131947923844, 'subsample': 0.6829672476113996, 'learning_rate': 0.09317122028014513, 'max_depth': 7, 'min_child_weight': 15, 'eval_metric': 'logloss'}. Best is trial 355 with value: 0.9115833333333333.
start listen on 10.110.42.71:52717
@tracker All of 1 nodes getting started
@tracker All nodes finishes job
start listen on 10.110.42.71:56321
@tracker All of 1 nodes getting started
@tracker All nodes finishes job
start listen on 10.110.42.71:50861
@tracker All of 1 nodes getting started
@tracker All nodes finishes job
start listen on 10.110.42.71:43739
@tracker All of 1 nodes getting started
@tracker All nodes finishes job
start listen on 10.110.42.71:40971
@tracker All of 1 nodes getting started
@tracker All nodes finishes job
Trial 376 finished with value: 0.9100166666666667 and parameters: {'tree_method': 'gpu_hist', 'lambda': 0.0003014702521695455, 'alpha': 0.0004929284574093343, 'colsample_bytree': 0.4912178577544731, 'subsample': 0.7039909109751973, 'learning_rate': 0.0999669522439396, 'max_depth': 5, 'min_child_weight': 7, 'eval_metric': 'logloss'}. Best is trial 355 with value: 0.9115833333333333.
start listen on 10.110.42.71:42927
@tracker All of 1 nodes getting started
@tracker All nodes finishes job
start listen on 10.110.42.71:41723
@tracker All of 1 nodes getting started
@tracker All nodes finishes job
start listen on 10.110.42.71:40219
@tracker All of 1 nodes getting started
@tracker All nodes finishes job
start listen on 10.110.42.71:54977
@tracker All of 1 nodes getting started
@tracker All nodes finishes job
start listen on 10.110.42.71:38107
@tracker All of 1 nodes getting started
@tracker All nodes finishes job
Trial 377 finished with value: 0.9109666666666667 and parameters: {'tree_method': 'gpu_hist', 'lambda': 0.00015871012334120412, 'alpha': 0.00015362816824409587, 'colsample_bytree': 0.8283632186832449, 'subsample': 0.7245540536394444, 'learning_rate': 0.09964772050913502, 'max_depth': 7, 'min_child_weight': 1, 'eval_metric': 'logloss'}. Best is trial 355 with value: 0.9115833333333333.
start listen on 10.110.42.71:34279
@tracker All of 1 nodes getting started
@tracker All nodes finishes job
start listen on 10.110.42.71:53687
@tracker All of 1 nodes getting started
@tracker All nodes finishes job
start listen on 10.110.42.71:48487
@tracker All of 1 nodes getting started
@tracker All nodes finishes job
start listen on 10.110.42.71:41423
@tracker All of 1 nodes getting started
@tracker All nodes finishes job
start listen on 10.110.42.71:45069
@tracker All of 1 nodes getting started
@tracker All nodes finishes job
Trial 378 finished with value: 0.9096666666666666 and parameters: {'tree_method': 'gpu_hist', 'lambda': 0.00020691717063304462, 'alpha': 0.0007306086632374765, 'colsample_bytree': 0.4403937489303215, 'subsample': 0.7985331110303746, 'learning_rate': 0.07682707171087712, 'max_depth': 7, 'min_child_weight': 11, 'eval_metric': 'logloss'}. Best is trial 355 with value: 0.9115833333333333.
start listen on 10.110.42.71:44119
@tracker All of 1 nodes getting started
@tracker All nodes finishes job
start listen on 10.110.42.71:57463
@tracker All of 1 nodes getting started
@tracker All nodes finishes job
start listen on 10.110.42.71:38375
@tracker All of 1 nodes getting started
@tracker All nodes finishes job
start listen on 10.110.42.71:60745
@tracker All of 1 nodes getting started
@tracker All nodes finishes job
start listen on 10.110.42.71:49007
@tracker All of 1 nodes getting started
@tracker All nodes finishes job
Trial 379 finished with value: 0.9024833333333333 and parameters: {'tree_method': 'gpu_hist', 'lambda': 0.0003134300890593167, 'alpha': 0.00035009520047573164, 'colsample_bytree': 0.3843577894460419, 'subsample': 0.7558455134003023, 'learning_rate': 0.0850728226172724, 'max_depth': 3, 'min_child_weight': 6, 'eval_metric': 'logloss'}. Best is trial 355 with value: 0.9115833333333333.
start listen on 10.110.42.71:40507
@tracker All of 1 nodes getting started
@tracker All nodes finishes job
start listen on 10.110.42.71:50133
@tracker All of 1 nodes getting started
@tracker All nodes finishes job
start listen on 10.110.42.71:46505
@tracker All of 1 nodes getting started
@tracker All nodes finishes job
start listen on 10.110.42.71:60375
@tracker All of 1 nodes getting started
@tracker All nodes finishes job
start listen on 10.110.42.71:44847
@tracker All of 1 nodes getting started
@tracker All nodes finishes job
Trial 380 finished with value: 0.9083666666666667 and parameters: {'tree_method': 'gpu_hist', 'lambda': 0.0001463023346325075, 'alpha': 0.00027208894715124906, 'colsample_bytree': 0.47081312513686985, 'subsample': 0.7813430767490179, 'learning_rate': 0.0999751330235802, 'max_depth': 7, 'min_child_weight': 19, 'eval_metric': 'logloss'}. Best is trial 355 with value: 0.9115833333333333.
start listen on 10.110.42.71:40591
@tracker All of 1 nodes getting started
@tracker All nodes finishes job
start listen on 10.110.42.71:45583
@tracker All of 1 nodes getting started
@tracker All nodes finishes job
start listen on 10.110.42.71:36183
@tracker All of 1 nodes getting started
@tracker All nodes finishes job
start listen on 10.110.42.71:35385
@tracker All of 1 nodes getting started
@tracker All nodes finishes job
start listen on 10.110.42.71:45221
@tracker All of 1 nodes getting started
@tracker All nodes finishes job
Trial 381 finished with value: 0.9111666666666667 and parameters: {'tree_method': 'gpu_hist', 'lambda': 0.0002350305168323061, 'alpha': 0.00018325426695234198, 'colsample_bytree': 0.45206593632697545, 'subsample': 0.7650040617081122, 'learning_rate': 0.08624259600551079, 'max_depth': 7, 'min_child_weight': 1, 'eval_metric': 'logloss'}. Best is trial 355 with value: 0.9115833333333333.
start listen on 10.110.42.71:60233
@tracker All of 1 nodes getting started
@tracker All nodes finishes job
start listen on 10.110.42.71:45135
@tracker All of 1 nodes getting started
@tracker All nodes finishes job
start listen on 10.110.42.71:55487
@tracker All of 1 nodes getting started
@tracker All nodes finishes job
start listen on 10.110.42.71:55875
@tracker All of 1 nodes getting started
@tracker All nodes finishes job
start listen on 10.110.42.71:56311
@tracker All of 1 nodes getting started
@tracker All nodes finishes job
Trial 382 finished with value: 0.9100333333333334 and parameters: {'tree_method': 'gpu_hist', 'lambda': 0.0002672844522259012, 'alpha': 0.00017978554953917443, 'colsample_bytree': 0.4561069351175699, 'subsample': 0.7505401214510637, 'learning_rate': 0.08636793014681804, 'max_depth': 7, 'min_child_weight': 10, 'eval_metric': 'logloss'}. Best is trial 355 with value: 0.9115833333333333.
start listen on 10.110.42.71:44433
@tracker All of 1 nodes getting started
@tracker All nodes finishes job
start listen on 10.110.42.71:46163
@tracker All of 1 nodes getting started
@tracker All nodes finishes job
start listen on 10.110.42.71:45785
@tracker All of 1 nodes getting started
@tracker All nodes finishes job
start listen on 10.110.42.71:60787
@tracker All of 1 nodes getting started
@tracker All nodes finishes job
start listen on 10.110.42.71:57573
@tracker All of 1 nodes getting started
@tracker All nodes finishes job
Trial 383 finished with value: 0.9075166666666666 and parameters: {'tree_method': 'gpu_hist', 'lambda': 0.00036016826290623195, 'alpha': 0.00010781144078936856, 'colsample_bytree': 0.4720864918413998, 'subsample': 0.7286836855655149, 'learning_rate': 0.09053962536123908, 'max_depth': 7, 'min_child_weight': 26, 'eval_metric': 'logloss'}. Best is trial 355 with value: 0.9115833333333333.
start listen on 10.110.42.71:47249
@tracker All of 1 nodes getting started
@tracker All nodes finishes job
start listen on 10.110.42.71:33473
@tracker All of 1 nodes getting started
@tracker All nodes finishes job
start listen on 10.110.42.71:38397
@tracker All of 1 nodes getting started
@tracker All nodes finishes job
start listen on 10.110.42.71:49563
@tracker All of 1 nodes getting started
@tracker All nodes finishes job
start listen on 10.110.42.71:39991
@tracker All of 1 nodes getting started
@tracker All nodes finishes job
Trial 384 finished with value: 0.9048333333333334 and parameters: {'tree_method': 'gpu_hist', 'lambda': 0.00018019491886664285, 'alpha': 0.00013933630568753596, 'colsample_bytree': 0.4845825174136662, 'subsample': 0.7674717533339299, 'learning_rate': 0.017373727056495175, 'max_depth': 7, 'min_child_weight': 6, 'eval_metric': 'logloss'}. Best is trial 355 with value: 0.9115833333333333.
start listen on 10.110.42.71:35977
@tracker All of 1 nodes getting started
@tracker All nodes finishes job
start listen on 10.110.42.71:33701
@tracker All of 1 nodes getting started
@tracker All nodes finishes job
start listen on 10.110.42.71:56149
@tracker All of 1 nodes getting started
@tracker All nodes finishes job
start listen on 10.110.42.71:44277
@tracker All of 1 nodes getting started
@tracker All nodes finishes job
start listen on 10.110.42.71:56307
@tracker All of 1 nodes getting started
@tracker All nodes finishes job
Trial 385 finished with value: 0.90735 and parameters: {'tree_method': 'gpu_hist', 'lambda': 0.000134517594237678, 'alpha': 0.00022183170861697198, 'colsample_bytree': 0.4532427946446307, 'subsample': 0.711615551045753, 'learning_rate': 0.08127673994197451, 'max_depth': 15, 'min_child_weight': 1, 'eval_metric': 'logloss'}. Best is trial 355 with value: 0.9115833333333333.
start listen on 10.110.42.71:49201
@tracker All of 1 nodes getting started
@tracker All nodes finishes job
start listen on 10.110.42.71:55059
@tracker All of 1 nodes getting started
@tracker All nodes finishes job
start listen on 10.110.42.71:52009
@tracker All of 1 nodes getting started
@tracker All nodes finishes job
start listen on 10.110.42.71:58387
@tracker All of 1 nodes getting started
@tracker All nodes finishes job
start listen on 10.110.42.71:39691
@tracker All of 1 nodes getting started
@tracker All nodes finishes job
Trial 386 finished with value: 0.9093 and parameters: {'tree_method': 'gpu_hist', 'lambda': 0.00023312493466127066, 'alpha': 0.0001582898153058332, 'colsample_bytree': 0.343160958376931, 'subsample': 0.7420225432048518, 'learning_rate': 0.08727000109138727, 'max_depth': 7, 'min_child_weight': 14, 'eval_metric': 'logloss'}. Best is trial 355 with value: 0.9115833333333333.
start listen on 10.110.42.71:40981
@tracker All of 1 nodes getting started
@tracker All nodes finishes job
start listen on 10.110.42.71:41829
@tracker All of 1 nodes getting started
@tracker All nodes finishes job
start listen on 10.110.42.71:53149
@tracker All of 1 nodes getting started
@tracker All nodes finishes job
start listen on 10.110.42.71:33517
@tracker All of 1 nodes getting started
@tracker All nodes finishes job
start listen on 10.110.42.71:51159
@tracker All of 1 nodes getting started
@tracker All nodes finishes job
