Trial 600 finished with value: 0.8953 and parameters: {'tree_method': 'gpu_hist', 'lambda': 0.00027417444452225486, 'alpha': 0.00018620789050548053, 'colsample_bytree': 0.3813143326011017, 'subsample': 0.747716594753767, 'learning_rate': 0.09991923656246948, 'max_depth': 3, 'min_child_weight': 123, 'eval_metric': 'logloss'}. Best is trial 478 with value: 0.91195.
start listen on 10.110.42.71:47813
@tracker All of 1 nodes getting started
@tracker All nodes finishes job
start listen on 10.110.42.71:53517
@tracker All of 1 nodes getting started
@tracker All nodes finishes job
start listen on 10.110.42.71:35479
@tracker All of 1 nodes getting started
@tracker All nodes finishes job
start listen on 10.110.42.71:34239
@tracker All of 1 nodes getting started
@tracker All nodes finishes job
start listen on 10.110.42.71:54133
@tracker All of 1 nodes getting started
@tracker All nodes finishes job
Trial 601 finished with value: 0.8648833333333333 and parameters: {'tree_method': 'gpu_hist', 'lambda': 0.0001678044759634496, 'alpha': 0.000363495811200924, 'colsample_bytree': 0.30373898983405506, 'subsample': 0.7061668545323964, 'learning_rate': 0.002054117566850864, 'max_depth': 7, 'min_child_weight': 23, 'eval_metric': 'logloss'}. Best is trial 478 with value: 0.91195.
start listen on 10.110.42.71:48565
@tracker All of 1 nodes getting started
@tracker All nodes finishes job
start listen on 10.110.42.71:57349
@tracker All of 1 nodes getting started
@tracker All nodes finishes job
start listen on 10.110.42.71:49529
@tracker All of 1 nodes getting started
@tracker All nodes finishes job
start listen on 10.110.42.71:41887
@tracker All of 1 nodes getting started
@tracker All nodes finishes job
start listen on 10.110.42.71:45007
@tracker All of 1 nodes getting started
@tracker All nodes finishes job
Trial 602 finished with value: 0.9109 and parameters: {'tree_method': 'gpu_hist', 'lambda': 0.0001208944718442355, 'alpha': 0.00014727240468149355, 'colsample_bytree': 0.8556829487979283, 'subsample': 0.794182807513162, 'learning_rate': 0.08541652763313153, 'max_depth': 7, 'min_child_weight': 1, 'eval_metric': 'logloss'}. Best is trial 478 with value: 0.91195.
start listen on 10.110.42.71:36183
@tracker All of 1 nodes getting started
@tracker All nodes finishes job
start listen on 10.110.42.71:44761
@tracker All of 1 nodes getting started
@tracker All nodes finishes job
start listen on 10.110.42.71:60389
@tracker All of 1 nodes getting started
@tracker All nodes finishes job
start listen on 10.110.42.71:58415
@tracker All of 1 nodes getting started
@tracker All nodes finishes job
start listen on 10.110.42.71:51775
@tracker All of 1 nodes getting started
@tracker All nodes finishes job
Trial 603 finished with value: 0.9094833333333333 and parameters: {'tree_method': 'gpu_hist', 'lambda': 0.00022018604013120165, 'alpha': 0.00048045486259424213, 'colsample_bytree': 0.35749213331507124, 'subsample': 0.7634701196148185, 'learning_rate': 0.09955723977992208, 'max_depth': 7, 'min_child_weight': 11, 'eval_metric': 'logloss'}. Best is trial 478 with value: 0.91195.
start listen on 10.110.42.71:51343
@tracker All of 1 nodes getting started
@tracker All nodes finishes job
start listen on 10.110.42.71:59261
@tracker All of 1 nodes getting started
@tracker All nodes finishes job
start listen on 10.110.42.71:45721
@tracker All of 1 nodes getting started
@tracker All nodes finishes job
start listen on 10.110.42.71:34975
@tracker All of 1 nodes getting started
@tracker All nodes finishes job
start listen on 10.110.42.71:38503
@tracker All of 1 nodes getting started
@tracker All nodes finishes job
Trial 604 finished with value: 0.9085166666666666 and parameters: {'tree_method': 'gpu_hist', 'lambda': 0.00037838459599097315, 'alpha': 0.0002866386789867208, 'colsample_bytree': 0.39631500602920655, 'subsample': 0.7361740881005358, 'learning_rate': 0.06775475252597837, 'max_depth': 7, 'min_child_weight': 16, 'eval_metric': 'logloss'}. Best is trial 478 with value: 0.91195.
start listen on 10.110.42.71:43211
@tracker All of 1 nodes getting started
@tracker All nodes finishes job
start listen on 10.110.42.71:44555
@tracker All of 1 nodes getting started
@tracker All nodes finishes job
start listen on 10.110.42.71:36689
@tracker All of 1 nodes getting started
@tracker All nodes finishes job
start listen on 10.110.42.71:41375
@tracker All of 1 nodes getting started
@tracker All nodes finishes job
start listen on 10.110.42.71:49537
@tracker All of 1 nodes getting started
@tracker All nodes finishes job
Trial 605 finished with value: 0.9080833333333334 and parameters: {'tree_method': 'gpu_hist', 'lambda': 0.00010020803319542274, 'alpha': 0.0006549918074451274, 'colsample_bytree': 0.44673808916280033, 'subsample': 0.7189823392919501, 'learning_rate': 0.08009480427111351, 'max_depth': 15, 'min_child_weight': 7, 'eval_metric': 'logloss'}. Best is trial 478 with value: 0.91195.
start listen on 10.110.42.71:55001
@tracker All of 1 nodes getting started
@tracker All nodes finishes job
start listen on 10.110.42.71:39397
@tracker All of 1 nodes getting started
@tracker All nodes finishes job
start listen on 10.110.42.71:53933
@tracker All of 1 nodes getting started
@tracker All nodes finishes job
start listen on 10.110.42.71:51211
@tracker All of 1 nodes getting started
@tracker All nodes finishes job
start listen on 10.110.42.71:60255
@tracker All of 1 nodes getting started
@tracker All nodes finishes job
Trial 606 finished with value: 0.91085 and parameters: {'tree_method': 'gpu_hist', 'lambda': 0.0011595089333762164, 'alpha': 0.00040374515483016416, 'colsample_bytree': 0.42152059602475805, 'subsample': 0.7831370607137961, 'learning_rate': 0.09018039999237996, 'max_depth': 7, 'min_child_weight': 1, 'eval_metric': 'logloss'}. Best is trial 478 with value: 0.91195.
start listen on 10.110.42.71:36687
@tracker All of 1 nodes getting started
@tracker All nodes finishes job
start listen on 10.110.42.71:59957
@tracker All of 1 nodes getting started
@tracker All nodes finishes job
start listen on 10.110.42.71:50063
@tracker All of 1 nodes getting started
@tracker All nodes finishes job
start listen on 10.110.42.71:34449
@tracker All of 1 nodes getting started
@tracker All nodes finishes job
start listen on 10.110.42.71:43229
@tracker All of 1 nodes getting started
@tracker All nodes finishes job
Trial 607 finished with value: 0.8903333333333333 and parameters: {'tree_method': 'gpu_hist', 'lambda': 0.00015203670844139545, 'alpha': 0.0002236012976330577, 'colsample_bytree': 0.40576869275813277, 'subsample': 0.750179074769515, 'learning_rate': 0.07852102190981043, 'max_depth': 7, 'min_child_weight': 220, 'eval_metric': 'logloss'}. Best is trial 478 with value: 0.91195.
start listen on 10.110.42.71:56247
@tracker All of 1 nodes getting started
@tracker All nodes finishes job
start listen on 10.110.42.71:60159
@tracker All of 1 nodes getting started
@tracker All nodes finishes job
start listen on 10.110.42.71:35375
@tracker All of 1 nodes getting started
@tracker All nodes finishes job
start listen on 10.110.42.71:55635
@tracker All of 1 nodes getting started
@tracker All nodes finishes job
start listen on 10.110.42.71:40151
@tracker All of 1 nodes getting started
@tracker All nodes finishes job
Trial 608 finished with value: 0.9103666666666667 and parameters: {'tree_method': 'gpu_hist', 'lambda': 0.0016019023131120457, 'alpha': 0.00032589553922482444, 'colsample_bytree': 0.4364189614742936, 'subsample': 0.8120249708099451, 'learning_rate': 0.08864577190525162, 'max_depth': 7, 'min_child_weight': 7, 'eval_metric': 'logloss'}. Best is trial 478 with value: 0.91195.
start listen on 10.110.42.71:35609
@tracker All of 1 nodes getting started
@tracker All nodes finishes job
start listen on 10.110.42.71:40077
@tracker All of 1 nodes getting started
@tracker All nodes finishes job
start listen on 10.110.42.71:44347
@tracker All of 1 nodes getting started
@tracker All nodes finishes job
start listen on 10.110.42.71:33545
@tracker All of 1 nodes getting started
@tracker All nodes finishes job
start listen on 10.110.42.71:43731
@tracker All of 1 nodes getting started
@tracker All nodes finishes job
Trial 609 finished with value: 0.909 and parameters: {'tree_method': 'gpu_hist', 'lambda': 0.00017372809890365184, 'alpha': 0.0004695998513795167, 'colsample_bytree': 0.37507601752755027, 'subsample': 0.7692067769151548, 'learning_rate': 0.07319851667144876, 'max_depth': 7, 'min_child_weight': 16, 'eval_metric': 'logloss'}. Best is trial 478 with value: 0.91195.
start listen on 10.110.42.71:38915
@tracker All of 1 nodes getting started
@tracker All nodes finishes job
start listen on 10.110.42.71:34805
@tracker All of 1 nodes getting started
@tracker All nodes finishes job
start listen on 10.110.42.71:36845
@tracker All of 1 nodes getting started
@tracker All nodes finishes job
start listen on 10.110.42.71:53501
@tracker All of 1 nodes getting started
@tracker All nodes finishes job
start listen on 10.110.42.71:36789
@tracker All of 1 nodes getting started
@tracker All nodes finishes job
Trial 610 finished with value: 0.9098333333333334 and parameters: {'tree_method': 'gpu_hist', 'lambda': 0.00024796065420434855, 'alpha': 0.00025346213695042136, 'colsample_bytree': 0.4556717267713345, 'subsample': 0.7374724594623213, 'learning_rate': 0.09210921026761017, 'max_depth': 7, 'min_child_weight': 6, 'eval_metric': 'logloss'}. Best is trial 478 with value: 0.91195.
start listen on 10.110.42.71:42503
@tracker All of 1 nodes getting started
@tracker All nodes finishes job
start listen on 10.110.42.71:32951
@tracker All of 1 nodes getting started
@tracker All nodes finishes job
start listen on 10.110.42.71:33003
@tracker All of 1 nodes getting started
@tracker All nodes finishes job
start listen on 10.110.42.71:49077
@tracker All of 1 nodes getting started
@tracker All nodes finishes job
start listen on 10.110.42.71:33939
@tracker All of 1 nodes getting started
@tracker All nodes finishes job
Trial 611 finished with value: 0.9109 and parameters: {'tree_method': 'gpu_hist', 'lambda': 0.00013137353420140696, 'alpha': 0.00018538527309243545, 'colsample_bytree': 0.39192508380679675, 'subsample': 0.7116509156604565, 'learning_rate': 0.08322613017046591, 'max_depth': 7, 'min_child_weight': 1, 'eval_metric': 'logloss'}. Best is trial 478 with value: 0.91195.
start listen on 10.110.42.71:41111
@tracker All of 1 nodes getting started
@tracker All nodes finishes job
start listen on 10.110.42.71:44345
@tracker All of 1 nodes getting started
@tracker All nodes finishes job
start listen on 10.110.42.71:47909
@tracker All of 1 nodes getting started
@tracker All nodes finishes job
start listen on 10.110.42.71:55371
@tracker All of 1 nodes getting started
@tracker All nodes finishes job
start listen on 10.110.42.71:55833
@tracker All of 1 nodes getting started
@tracker All nodes finishes job
Trial 612 finished with value: 0.9095 and parameters: {'tree_method': 'gpu_hist', 'lambda': 0.00029971181307199155, 'alpha': 0.0005880079915005882, 'colsample_bytree': 0.48223228196052237, 'subsample': 0.7883275372533534, 'learning_rate': 0.061003830319342346, 'max_depth': 7, 'min_child_weight': 12, 'eval_metric': 'logloss'}. Best is trial 478 with value: 0.91195.
start listen on 10.110.42.71:51229
@tracker All of 1 nodes getting started
@tracker All nodes finishes job
start listen on 10.110.42.71:50307
@tracker All of 1 nodes getting started
@tracker All nodes finishes job
start listen on 10.110.42.71:35431
@tracker All of 1 nodes getting started
@tracker All nodes finishes job
start listen on 10.110.42.71:37779
@tracker All of 1 nodes getting started
@tracker All nodes finishes job
start listen on 10.110.42.71:38867
@tracker All of 1 nodes getting started
@tracker All nodes finishes job
Trial 613 finished with value: 0.9102666666666667 and parameters: {'tree_method': 'gpu_hist', 'lambda': 0.00019782582955604405, 'alpha': 0.0003544594250772886, 'colsample_bytree': 0.3329680224733578, 'subsample': 0.7282756172668623, 'learning_rate': 0.09199070027038875, 'max_depth': 7, 'min_child_weight': 7, 'eval_metric': 'logloss'}. Best is trial 478 with value: 0.91195.
start listen on 10.110.42.71:35263
@tracker All of 1 nodes getting started
@tracker All nodes finishes job
start listen on 10.110.42.71:40435
@tracker All of 1 nodes getting started
@tracker All nodes finishes job
start listen on 10.110.42.71:44709
@tracker All of 1 nodes getting started
@tracker All nodes finishes job
start listen on 10.110.42.71:45699
@tracker All of 1 nodes getting started
@tracker All nodes finishes job
start listen on 10.110.42.71:37663
@tracker All of 1 nodes getting started
@tracker All nodes finishes job
Trial 614 finished with value: 0.9110166666666667 and parameters: {'tree_method': 'gpu_hist', 'lambda': 0.00014209198607029197, 'alpha': 0.00012121722690012586, 'colsample_bytree': 0.4168305912186262, 'subsample': 0.7597811592248205, 'learning_rate': 0.0802191158653455, 'max_depth': 7, 'min_child_weight': 1, 'eval_metric': 'logloss'}. Best is trial 478 with value: 0.91195.
start listen on 10.110.42.71:34207
@tracker All of 1 nodes getting started
@tracker All nodes finishes job
start listen on 10.110.42.71:55427
@tracker All of 1 nodes getting started
@tracker All nodes finishes job
start listen on 10.110.42.71:57299
@tracker All of 1 nodes getting started
@tracker All nodes finishes job
start listen on 10.110.42.71:59797
@tracker All of 1 nodes getting started
@tracker All nodes finishes job
start listen on 10.110.42.71:51539
@tracker All of 1 nodes getting started
@tracker All nodes finishes job
Trial 615 finished with value: 0.9085666666666666 and parameters: {'tree_method': 'gpu_hist', 'lambda': 0.00018318885058848198, 'alpha': 0.0007542763586035773, 'colsample_bytree': 0.40097309489122646, 'subsample': 0.7471122197008768, 'learning_rate': 0.06694853360499582, 'max_depth': 7, 'min_child_weight': 11, 'eval_metric': 'logloss'}. Best is trial 478 with value: 0.91195.
start listen on 10.110.42.71:48299
@tracker All of 1 nodes getting started
@tracker All nodes finishes job
start listen on 10.110.42.71:47529
@tracker All of 1 nodes getting started
@tracker All nodes finishes job
start listen on 10.110.42.71:38795
@tracker All of 1 nodes getting started
@tracker All nodes finishes job
start listen on 10.110.42.71:34825
@tracker All of 1 nodes getting started
@tracker All nodes finishes job
start listen on 10.110.42.71:49611
@tracker All of 1 nodes getting started
@tracker All nodes finishes job
Trial 616 finished with value: 0.9073666666666667 and parameters: {'tree_method': 'gpu_hist', 'lambda': 0.00012009343004581565, 'alpha': 0.0001594526715397008, 'colsample_bytree': 0.44462695966426974, 'subsample': 0.6873514100471556, 'learning_rate': 0.09981904874659017, 'max_depth': 20, 'min_child_weight': 19, 'eval_metric': 'logloss'}. Best is trial 478 with value: 0.91195.
start listen on 10.110.42.71:57719
@tracker All of 1 nodes getting started
@tracker All nodes finishes job
start listen on 10.110.42.71:45111
@tracker All of 1 nodes getting started
@tracker All nodes finishes job
start listen on 10.110.42.71:51917
@tracker All of 1 nodes getting started
@tracker All nodes finishes job
start listen on 10.110.42.71:35617
@tracker All of 1 nodes getting started
@tracker All nodes finishes job
start listen on 10.110.42.71:36225
@tracker All of 1 nodes getting started
@tracker All nodes finishes job
Trial 617 finished with value: 0.9098 and parameters: {'tree_method': 'gpu_hist', 'lambda': 0.00026143487077468094, 'alpha': 0.0002751938938552333, 'colsample_bytree': 0.4283602159231385, 'subsample': 0.807206423103789, 'learning_rate': 0.08703189645136371, 'max_depth': 13, 'min_child_weight': 6, 'eval_metric': 'logloss'}. Best is trial 478 with value: 0.91195.
start listen on 10.110.42.71:40325
@tracker All of 1 nodes getting started
@tracker All nodes finishes job
start listen on 10.110.42.71:51655
@tracker All of 1 nodes getting started
@tracker All nodes finishes job
start listen on 10.110.42.71:39043
@tracker All of 1 nodes getting started
@tracker All nodes finishes job
start listen on 10.110.42.71:34263
@tracker All of 1 nodes getting started
@tracker All nodes finishes job
start listen on 10.110.42.71:36357
@tracker All of 1 nodes getting started
@tracker All nodes finishes job
Trial 618 finished with value: 0.9103 and parameters: {'tree_method': 'gpu_hist', 'lambda': 0.00015492558608579221, 'alpha': 0.0004212321045723441, 'colsample_bytree': 0.3867745899088108, 'subsample': 0.7799615980908045, 'learning_rate': 0.07440545995670272, 'max_depth': 7, 'min_child_weight': 1, 'eval_metric': 'logloss'}. Best is trial 478 with value: 0.91195.
start listen on 10.110.42.71:38771
@tracker All of 1 nodes getting started
@tracker All nodes finishes job
start listen on 10.110.42.71:39795
@tracker All of 1 nodes getting started
@tracker All nodes finishes job
start listen on 10.110.42.71:47567
@tracker All of 1 nodes getting started
@tracker All nodes finishes job
start listen on 10.110.42.71:52189
@tracker All of 1 nodes getting started
@tracker All nodes finishes job
start listen on 10.110.42.71:48171
@tracker All of 1 nodes getting started
@tracker All nodes finishes job
Trial 619 finished with value: 0.90885 and parameters: {'tree_method': 'gpu_hist', 'lambda': 0.0004277682056234546, 'alpha': 0.00022414419086790299, 'colsample_bytree': 0.41239227191086925, 'subsample': 0.7192737765248284, 'learning_rate': 0.09958791183285758, 'max_depth': 7, 'min_child_weight': 11, 'eval_metric': 'logloss'}. Best is trial 478 with value: 0.91195.
start listen on 10.110.42.71:58487
@tracker All of 1 nodes getting started
@tracker All nodes finishes job
start listen on 10.110.42.71:60887
@tracker All of 1 nodes getting started
@tracker All nodes finishes job
start listen on 10.110.42.71:45643
@tracker All of 1 nodes getting started
@tracker All nodes finishes job
start listen on 10.110.42.71:43705
@tracker All of 1 nodes getting started
@tracker All nodes finishes job
start listen on 10.110.42.71:47593
@tracker All of 1 nodes getting started
@tracker All nodes finishes job
Trial 620 finished with value: 0.90835 and parameters: {'tree_method': 'gpu_hist', 'lambda': 0.00021688464203079531, 'alpha': 0.00030287753547010674, 'colsample_bytree': 0.4724920693237999, 'subsample': 0.7664264005725264, 'learning_rate': 0.09998709193755839, 'max_depth': 7, 'min_child_weight': 23, 'eval_metric': 'logloss'}. Best is trial 478 with value: 0.91195.
start listen on 10.110.42.71:35911
@tracker All of 1 nodes getting started
@tracker All nodes finishes job
start listen on 10.110.42.71:50475
@tracker All of 1 nodes getting started
@tracker All nodes finishes job
start listen on 10.110.42.71:51945
@tracker All of 1 nodes getting started
@tracker All nodes finishes job
start listen on 10.110.42.71:47551
@tracker All of 1 nodes getting started
@tracker All nodes finishes job
start listen on 10.110.42.71:36609
@tracker All of 1 nodes getting started
@tracker All nodes finishes job
Trial 621 finished with value: 0.9103333333333333 and parameters: {'tree_method': 'gpu_hist', 'lambda': 0.00012426256760350373, 'alpha': 0.0005086619208428963, 'colsample_bytree': 0.35713629304498684, 'subsample': 0.7361861119685936, 'learning_rate': 0.08708660430978342, 'max_depth': 7, 'min_child_weight': 7, 'eval_metric': 'logloss'}. Best is trial 478 with value: 0.91195.
start listen on 10.110.42.71:39441
@tracker All of 1 nodes getting started
@tracker All nodes finishes job
start listen on 10.110.42.71:35853
@tracker All of 1 nodes getting started
@tracker All nodes finishes job
start listen on 10.110.42.71:32807
@tracker All of 1 nodes getting started
@tracker All nodes finishes job
start listen on 10.110.42.71:45203
@tracker All of 1 nodes getting started
@tracker All nodes finishes job
start listen on 10.110.42.71:52751
@tracker All of 1 nodes getting started
@tracker All nodes finishes job
Trial 622 finished with value: 0.88795 and parameters: {'tree_method': 'gpu_hist', 'lambda': 0.0003191022980376197, 'alpha': 0.0009988322415193426, 'colsample_bytree': 0.37501800849478434, 'subsample': 0.7951218609914487, 'learning_rate': 0.07921704409829967, 'max_depth': 7, 'min_child_weight': 279, 'eval_metric': 'logloss'}. Best is trial 478 with value: 0.91195.
start listen on 10.110.42.71:41741
@tracker All of 1 nodes getting started
@tracker All nodes finishes job
start listen on 10.110.42.71:54943
@tracker All of 1 nodes getting started
@tracker All nodes finishes job
start listen on 10.110.42.71:42661
@tracker All of 1 nodes getting started
@tracker All nodes finishes job
start listen on 10.110.42.71:44877
@tracker All of 1 nodes getting started
@tracker All nodes finishes job
start listen on 10.110.42.71:59745
@tracker All of 1 nodes getting started
@tracker All nodes finishes job
Trial 623 finished with value: 0.9079 and parameters: {'tree_method': 'gpu_hist', 'lambda': 0.00018507106571842758, 'alpha': 0.0002033480522169107, 'colsample_bytree': 0.4568138001205013, 'subsample': 0.6982645320426664, 'learning_rate': 0.08789002700310851, 'max_depth': 17, 'min_child_weight': 16, 'eval_metric': 'logloss'}. Best is trial 478 with value: 0.91195.
start listen on 10.110.42.71:46311
@tracker All of 1 nodes getting started
@tracker All nodes finishes job
start listen on 10.110.42.71:36743
@tracker All of 1 nodes getting started
@tracker All nodes finishes job
start listen on 10.110.42.71:48107
@tracker All of 1 nodes getting started
@tracker All nodes finishes job
start listen on 10.110.42.71:44663
@tracker All of 1 nodes getting started
@tracker All nodes finishes job
start listen on 10.110.42.71:35679
@tracker All of 1 nodes getting started
@tracker All nodes finishes job
