number,value,params_alpha,params_colsample_bytree,params_eval_metric,params_lambda,params_learning_rate,params_max_depth,params_min_child_weight,params_subsample,params_tree_method,state
0,0.8667166666666667,3.5661089668557953,0.33699048774008183,logloss,0.11066254228784372,0.08094053740161382,17,289,0.40089357480943455,gpu_hist,COMPLETE
1,0.8857166666666667,0.003674822893957803,0.47038723537435434,logloss,0.004926263237024503,0.08782406943129087,13,294,0.7593162373432532,gpu_hist,COMPLETE
2,0.8871,0.732165045818081,0.9571750958347647,logloss,0.001125324438267574,0.04588018228123344,9,286,0.9479767904629464,gpu_hist,COMPLETE
3,0.88085,0.0973288349852296,0.3574655810762906,logloss,1.2062996197800522,0.004286254608126841,17,38,0.671189986120044,gpu_hist,COMPLETE
4,0.8662,0.008396866327037893,0.5737456229253942,logloss,0.2026152717193832,0.00619971453219185,9,205,0.9326613747841973,gpu_hist,COMPLETE
5,0.8785833333333334,0.4393009253918123,0.9269727821685145,logloss,0.10005725189846237,0.00302380859122125,13,30,0.9978717811207232,gpu_hist,COMPLETE
6,0.9084833333333333,0.058915246150915764,0.9255057877338104,logloss,0.0020404130225519473,0.09726826777826092,11,3,0.530539669859351,gpu_hist,COMPLETE
7,0.8878833333333334,0.004996064063457087,0.7724045419661776,logloss,0.0027322742445952974,0.056463743227269526,13,229,0.7215468549740307,gpu_hist,COMPLETE
8,0.8740166666666667,1.1929058775569477,0.4613779197903519,logloss,0.0014430310274647627,0.008741970561507838,11,173,0.8036066588726452,gpu_hist,COMPLETE
9,0.8999833333333334,4.063835162075031,0.4455564910603634,logloss,0.001599212348763449,0.03952882235269836,13,78,0.6816657331737463,gpu_hist,COMPLETE
10,0.8008,0.06636071555401969,0.757264229500718,logloss,0.014281713943070429,0.0014851474440959803,3,107,0.4712930956082511,gpu_hist,COMPLETE
11,0.8914666666666666,9.259881417023688,0.6727679846832946,logloss,0.016951527752031438,0.027331923012778186,20,90,0.5891362319604005,gpu_hist,COMPLETE
12,0.9057333333333333,0.035347044626687904,0.8350191010329084,logloss,0.010385187061750675,0.01828134362370032,11,2,0.5735973980977219,gpu_hist,COMPLETE
13,0.9048333333333334,0.0290303818464665,0.855037198628094,logloss,0.01573074436379227,0.016077057325115874,11,2,0.5488148869379356,gpu_hist,COMPLETE
14,0.9063333333333333,0.021518611535045563,0.8516016254901932,logloss,0.007110117904124381,0.018549232610839708,11,6,0.5696374221077656,gpu_hist,COMPLETE
15,0.8770166666666667,0.014999682624368424,0.9989449354450617,logloss,0.5899720300282584,0.015793205066207357,5,136,0.4856813452587038,gpu_hist,COMPLETE
16,0.8992166666666667,0.0017553763414046525,0.8782603694168026,logloss,6.624133080764633,0.027525693073476343,7,55,0.6221939115642059,gpu_hist,COMPLETE
17,0.8481333333333333,0.21562236953305355,0.6864758294904946,logloss,0.03835444529434436,0.0016199394771947752,15,58,0.5028636236986549,gpu_hist,COMPLETE
18,0.87235,0.20864861443856048,0.7545483385514797,logloss,0.004395955996032812,0.01037794673465232,11,124,0.44238324132229356,gpu_hist,COMPLETE
19,0.8410166666666666,0.0010434195459281296,0.6162280903689746,logloss,0.03380881566670577,0.002778864256707095,11,165,0.6335604783654065,gpu_hist,COMPLETE
20,0.9076333333333333,0.01615020679784759,0.9089377991214106,logloss,0.005353411377524416,0.09979900222577166,20,25,0.8358495789433027,gpu_hist,COMPLETE
21,0.9069333333333334,0.020460232026941284,0.9116782431618947,logloss,0.004979852797945477,0.08770198792989785,20,26,0.8237036486616102,gpu_hist,COMPLETE
22,0.9064,0.05198973308364026,0.9233714594532081,logloss,0.0029720536424413333,0.098590351136552,20,33,0.8412872353163943,gpu_hist,COMPLETE
23,0.90395,0.011088428528016891,0.9884968165044159,logloss,0.0025330516947224577,0.06234413478899539,20,64,0.8618434938860359,gpu_hist,COMPLETE
24,0.9063666666666667,0.1647047927223874,0.9309831333188796,logloss,0.038505297165664844,0.03376765036275951,20,28,0.7726178990985522,gpu_hist,COMPLETE
25,0.9022833333333333,0.006086246980283581,0.7904352891827651,logloss,0.001008851979192176,0.06335999950833175,20,90,0.8737833934094994,gpu_hist,COMPLETE
26,0.9088833333333334,0.0026141803941764174,0.891655638706007,logloss,0.005595903491483491,0.09912032491586584,7,20,0.9061496862902353,gpu_hist,COMPLETE
27,0.9051,0.002682048510237891,0.8195760711026612,logloss,0.02601548033155278,0.05100114846725259,7,47,0.9341214390843889,gpu_hist,COMPLETE
28,0.9027166666666666,0.0011049506812340112,0.8907455453120341,logloss,0.0075841653791977786,0.06603556299880102,7,76,0.9049714354915628,gpu_hist,COMPLETE
29,0.9079,0.0024871999059746784,0.7246947325580292,logloss,0.22628512205869553,0.09535172923415619,15,18,0.9939734789536707,gpu_hist,COMPLETE
30,0.8999166666666667,0.0023504328345439803,0.7191041467886786,logloss,0.29029437558147064,0.03499175150435974,15,107,0.9829306914762147,gpu_hist,COMPLETE
31,0.90825,0.008245929314617885,0.6119518535778811,logloss,0.06360542889936442,0.09774998300921234,15,14,0.9648441050643431,gpu_hist,COMPLETE
32,0.9077333333333333,0.003717244095651631,0.6131934155646256,logloss,0.0734001358707032,0.06674068702929731,15,20,0.9609225517141072,gpu_hist,COMPLETE
33,0.9090333333333334,0.008480505341627495,0.5548345963982277,logloss,0.8777221216992557,0.07481312176497036,15,13,0.8962906692251233,gpu_hist,COMPLETE
34,0.9061333333333333,0.006774808414709937,0.5284867126720504,logloss,2.6447089429801958,0.07495110643800022,15,49,0.8935359093447834,gpu_hist,COMPLETE
35,0.8695833333333334,0.04326198493589827,0.5244131963615871,logloss,0.6110859207186577,0.0492444039575973,17,253,0.4017235760708226,gpu_hist,COMPLETE
36,0.9090166666666667,0.011420774408941427,0.5487088527136017,logloss,1.7654014593372507,0.07860147748934529,5,11,0.722968796580801,gpu_hist,COMPLETE
37,0.9022333333333333,0.09302540787702535,0.365684139329565,logloss,2.4789029160608296,0.04317523741977904,5,42,0.7292188652836753,gpu_hist,COMPLETE
38,0.9026833333333333,0.004470515578588389,0.5095714350675682,logloss,7.9318173395192435,0.07374580984537721,5,70,0.7737974011086446,gpu_hist,COMPLETE
39,0.8696833333333334,0.012901907747826269,0.5646600558295147,logloss,1.5151153640228097,0.028203583523743924,3,276,0.6480594264272648,gpu_hist,COMPLETE
40,0.8898333333333334,0.009625018508112822,0.38737188703290504,logloss,0.4994967359962043,0.05293739272171345,9,197,0.7128351447169543,gpu_hist,COMPLETE
41,0.9104166666666667,0.007437095848602173,0.5936499341100359,logloss,4.149355777946229,0.07985218543589395,7,8,0.9050748199651784,gpu_hist,COMPLETE
42,0.9094333333333333,0.0016866855968231671,0.42850953238038775,logloss,3.242647216721308,0.07789713800571407,7,12,0.9247055203309544,gpu_hist,COMPLETE
43,0.9075166666666666,0.001964221851628145,0.43019563076434103,logloss,3.884933627551895,0.07852385863451035,7,33,0.9094755270978672,gpu_hist,COMPLETE
44,0.9079166666666667,0.004131803267561724,0.48542834135203966,logloss,1.348057003974306,0.04050529553196025,7,13,0.9287038336178539,gpu_hist,COMPLETE
45,0.90575,0.0014886336319843143,0.4128722980269364,logloss,4.311023492568444,0.05437425989342766,7,39,0.7929172314314381,gpu_hist,COMPLETE
46,0.91095,0.0036841880149622863,0.5607462299717448,logloss,0.8717869987614283,0.0755713022642854,7,3,0.8695485434133218,gpu_hist,COMPLETE
47,0.84495,0.006544392579040868,0.3168199438673802,logloss,0.8601238887278618,0.0010075801029301216,5,1,0.8666255293578946,gpu_hist,COMPLETE
48,0.9059833333333334,0.003460566684537136,0.5736576775250168,logloss,2.7371526314658805,0.07539875864586794,7,44,0.8054684579355681,gpu_hist,COMPLETE
49,0.8757,0.025104987859638814,0.6429598275392939,logloss,9.579981200809746,0.005094828375838733,17,87,0.9371184564291483,gpu_hist,COMPLETE
50,0.9072,0.004697310378493087,0.5381047599404598,logloss,1.9859505954039158,0.03247465957233857,13,11,0.7464411266691686,gpu_hist,COMPLETE
51,0.9104,0.0014983013407271848,0.48990480329393726,logloss,5.427240861834663,0.07952960030319857,7,1,0.8691982736480125,gpu_hist,COMPLETE
52,0.9094833333333333,0.0014820144955808114,0.4644391586107274,logloss,4.93015324945757,0.0436245900686064,7,5,0.8845760545900662,gpu_hist,COMPLETE
53,0.909,0.0013819889736804189,0.4801160259800949,logloss,5.213398688638375,0.04674828965136733,7,5,0.8821549261548172,gpu_hist,COMPLETE
54,0.90705,0.0015913217249090947,0.4551464109465675,logloss,1.0240626986558972,0.06349673727178509,7,33,0.8467063164439833,gpu_hist,COMPLETE
55,0.8995333333333333,0.0010205154631465635,0.5035681653711782,logloss,5.679056296143077,0.021860745313825064,7,54,0.9601804165439659,gpu_hist,COMPLETE
56,0.908,1.8725897937510267,0.39985405711628985,logloss,3.4358867507961106,0.05710390826322535,7,20,0.9094002613529508,gpu_hist,COMPLETE
57,0.9102166666666667,0.0031456257596193943,0.5855219471524903,logloss,0.37529077201165445,0.08249090165407606,9,1,0.8533794360999534,gpu_hist,COMPLETE
58,0.9099666666666667,0.0029471359827134224,0.5946641543964668,logloss,0.40988784836609443,0.039628875528112756,9,5,0.8118707634697087,gpu_hist,COMPLETE
59,0.9016666666666666,0.0030515900652635826,0.5981563263686025,logloss,0.39425065633047246,0.011232577136947747,9,1,0.8226524528995346,gpu_hist,COMPLETE
60,0.9048833333333334,0.0021119732564980876,0.6585753908558912,logloss,0.13245611866303234,0.023783776707759476,9,29,0.8525902717904484,gpu_hist,COMPLETE
61,0.90705,0.001574251776492836,0.5888424473775123,logloss,7.080278742946106,0.03890348779300221,9,23,0.8702420728115774,gpu_hist,COMPLETE
62,0.9104166666666667,0.005624416806651214,0.49497273718256213,logloss,0.13634059244166963,0.08647039020026742,9,2,0.8256816120165952,gpu_hist,COMPLETE
63,0.9095166666666666,0.005602933566069316,0.6304950239520556,logloss,0.2002004202907773,0.08566121763118599,9,1,0.8190339407426783,gpu_hist,COMPLETE
64,0.9064333333333333,0.005152625687769058,0.6319706549491705,logloss,0.22742043527761407,0.08769311022950099,9,36,0.8150369546374662,gpu_hist,COMPLETE
65,0.90945,0.0032129253079016557,0.6695170682624125,logloss,0.1607041528931442,0.060635855503103415,9,1,0.7874882591025866,gpu_hist,COMPLETE
66,0.9049,0.0062398937854542535,0.5803712981867082,logloss,0.28316609645655033,0.08932780005397516,9,60,0.8277947728081291,gpu_hist,COMPLETE
67,0.8934333333333333,0.01525510368829425,0.6970279879270855,logloss,0.40603506073024265,0.007674413219542208,9,25,0.7658104653576134,gpu_hist,COMPLETE
68,0.908,0.45881947002726536,0.6308825501500444,logloss,0.09043973679805961,0.06773449282694968,9,18,0.6805983009085939,gpu_hist,COMPLETE
69,0.8936166666666666,0.0076644995641775085,0.4951265945181051,logloss,0.1559917779266719,0.08515272605077884,3,154,0.8403637926743519,gpu_hist,COMPLETE
70,0.8914166666666666,0.002795794234027543,0.5993181196662383,logloss,0.6186791796982924,0.050975992891992075,9,199,0.7528171184967429,gpu_hist,COMPLETE
71,0.90955,0.0012482853004683807,0.517217875927936,logloss,0.34379191803733444,0.044764118970720954,9,8,0.8599871718116242,gpu_hist,COMPLETE
72,0.9092833333333333,0.005296908981362551,0.5299887003377353,logloss,0.31975232637955336,0.05953614901021819,9,11,0.8580936073052199,gpu_hist,COMPLETE
73,0.9088,0.0012227361753827206,0.5582496750114666,logloss,0.19157319329272776,0.0691994550276659,9,22,0.7980685759420193,gpu_hist,COMPLETE
74,0.9037,0.0024110343863592057,0.5133425327946118,logloss,0.10937817846917659,0.013072323933202526,9,9,0.8161392732811253,gpu_hist,COMPLETE
75,0.8775833333333334,0.0019340118813402074,0.6200186382567702,logloss,0.7836494200964114,0.0032104923021319945,13,38,0.8380044589839977,gpu_hist,COMPLETE
76,0.9100333333333334,0.003798481431476607,0.5458049203337114,logloss,0.049182979959267834,0.08360626552777845,9,1,0.8873047863481105,gpu_hist,COMPLETE
77,0.9042833333333333,0.00359122802781233,0.5465932841161758,logloss,0.053744332346988305,0.03478193589688905,9,48,0.9183595015399437,gpu_hist,COMPLETE
