Trial 1056 finished with value: 0.91015 and parameters: {'tree_method': 'gpu_hist', 'lambda': 0.000168110139717751, 'alpha': 0.00039786567652405586, 'colsample_bytree': 0.7602564441866029, 'subsample': 0.8146535586048037, 'learning_rate': 0.07888666538142207, 'max_depth': 7, 'min_child_weight': 6, 'eval_metric': 'logloss'}. Best is trial 478 with value: 0.91195.
start listen on 10.110.42.71:37375
@tracker All of 1 nodes getting started
@tracker All nodes finishes job
start listen on 10.110.42.71:34813
@tracker All of 1 nodes getting started
@tracker All nodes finishes job
start listen on 10.110.42.71:35011
@tracker All of 1 nodes getting started
@tracker All nodes finishes job
start listen on 10.110.42.71:40171
@tracker All of 1 nodes getting started
@tracker All nodes finishes job
start listen on 10.110.42.71:60325
@tracker All of 1 nodes getting started
@tracker All nodes finishes job
Trial 1057 finished with value: 0.9103 and parameters: {'tree_method': 'gpu_hist', 'lambda': 0.00010031599336887467, 'alpha': 0.009841638291708872, 'colsample_bytree': 0.42165527221449633, 'subsample': 0.8442609762002149, 'learning_rate': 0.07272254369564624, 'max_depth': 7, 'min_child_weight': 1, 'eval_metric': 'logloss'}. Best is trial 478 with value: 0.91195.
start listen on 10.110.42.71:45861
@tracker All of 1 nodes getting started
@tracker All nodes finishes job
start listen on 10.110.42.71:38869
@tracker All of 1 nodes getting started
@tracker All nodes finishes job
start listen on 10.110.42.71:57959
@tracker All of 1 nodes getting started
@tracker All nodes finishes job
start listen on 10.110.42.71:33921
@tracker All of 1 nodes getting started
@tracker All nodes finishes job
start listen on 10.110.42.71:50051
@tracker All of 1 nodes getting started
@tracker All nodes finishes job
Trial 1058 finished with value: 0.9094666666666666 and parameters: {'tree_method': 'gpu_hist', 'lambda': 0.00012252595989805588, 'alpha': 0.00023441663856280052, 'colsample_bytree': 0.38074488343739143, 'subsample': 0.8952482118450799, 'learning_rate': 0.09257645868371057, 'max_depth': 7, 'min_child_weight': 15, 'eval_metric': 'logloss'}. Best is trial 478 with value: 0.91195.
start listen on 10.110.42.71:47981
@tracker All of 1 nodes getting started
@tracker All nodes finishes job
start listen on 10.110.42.71:51527
@tracker All of 1 nodes getting started
@tracker All nodes finishes job
start listen on 10.110.42.71:37259
@tracker All of 1 nodes getting started
@tracker All nodes finishes job
start listen on 10.110.42.71:51509
@tracker All of 1 nodes getting started
@tracker All nodes finishes job
start listen on 10.110.42.71:49425
@tracker All of 1 nodes getting started
@tracker All nodes finishes job
Trial 1059 finished with value: 0.8869 and parameters: {'tree_method': 'gpu_hist', 'lambda': 0.00043212716251071493, 'alpha': 0.00010130770639976205, 'colsample_bytree': 0.44086511630042363, 'subsample': 0.8670406184487894, 'learning_rate': 0.02153279972640853, 'max_depth': 7, 'min_child_weight': 188, 'eval_metric': 'logloss'}. Best is trial 478 with value: 0.91195.
start listen on 10.110.42.71:36135
@tracker All of 1 nodes getting started
@tracker All nodes finishes job
start listen on 10.110.42.71:60565
@tracker All of 1 nodes getting started
@tracker All nodes finishes job
start listen on 10.110.42.71:60803
@tracker All of 1 nodes getting started
@tracker All nodes finishes job
start listen on 10.110.42.71:46733
@tracker All of 1 nodes getting started
@tracker All nodes finishes job
start listen on 10.110.42.71:33591
@tracker All of 1 nodes getting started
@tracker All nodes finishes job
Trial 1060 finished with value: 0.9098166666666667 and parameters: {'tree_method': 'gpu_hist', 'lambda': 0.0001462827292499115, 'alpha': 0.00017620160902167303, 'colsample_bytree': 0.36725787699778, 'subsample': 0.7420590773749568, 'learning_rate': 0.0864849012677288, 'max_depth': 7, 'min_child_weight': 7, 'eval_metric': 'logloss'}. Best is trial 478 with value: 0.91195.
start listen on 10.110.42.71:48899
@tracker All of 1 nodes getting started
@tracker All nodes finishes job
start listen on 10.110.42.71:51033
@tracker All of 1 nodes getting started
@tracker All nodes finishes job
start listen on 10.110.42.71:38099
@tracker All of 1 nodes getting started
@tracker All nodes finishes job
start listen on 10.110.42.71:35765
@tracker All of 1 nodes getting started
@tracker All nodes finishes job
start listen on 10.110.42.71:57087
@tracker All of 1 nodes getting started
@tracker All nodes finishes job
Trial 1061 finished with value: 0.9078166666666667 and parameters: {'tree_method': 'gpu_hist', 'lambda': 0.00026269986793014163, 'alpha': 0.00032258839487118204, 'colsample_bytree': 0.40516585372360103, 'subsample': 0.824309739071361, 'learning_rate': 0.05621393955564176, 'max_depth': 7, 'min_child_weight': 22, 'eval_metric': 'logloss'}. Best is trial 478 with value: 0.91195.
start listen on 10.110.42.71:44395
@tracker All of 1 nodes getting started
@tracker All nodes finishes job
start listen on 10.110.42.71:48547
@tracker All of 1 nodes getting started
@tracker All nodes finishes job
start listen on 10.110.42.71:40757
@tracker All of 1 nodes getting started
@tracker All nodes finishes job
start listen on 10.110.42.71:47967
@tracker All of 1 nodes getting started
@tracker All nodes finishes job
start listen on 10.110.42.71:33451
@tracker All of 1 nodes getting started
@tracker All nodes finishes job
Trial 1062 finished with value: 0.9094333333333333 and parameters: {'tree_method': 'gpu_hist', 'lambda': 0.0001857717959356152, 'alpha': 0.00040416052619575665, 'colsample_bytree': 0.4538161388016853, 'subsample': 0.7556757637899894, 'learning_rate': 0.09990865089416323, 'max_depth': 7, 'min_child_weight': 11, 'eval_metric': 'logloss'}. Best is trial 478 with value: 0.91195.
start listen on 10.110.42.71:59227
@tracker All of 1 nodes getting started
@tracker All nodes finishes job
start listen on 10.110.42.71:57845
@tracker All of 1 nodes getting started
@tracker All nodes finishes job
start listen on 10.110.42.71:34305
@tracker All of 1 nodes getting started
@tracker All nodes finishes job
start listen on 10.110.42.71:57623
@tracker All of 1 nodes getting started
@tracker All nodes finishes job
start listen on 10.110.42.71:40451
@tracker All of 1 nodes getting started
@tracker All nodes finishes job
Trial 1063 finished with value: 0.9084833333333333 and parameters: {'tree_method': 'gpu_hist', 'lambda': 0.0002086824545225389, 'alpha': 0.00014064298034478407, 'colsample_bytree': 0.4296085508319279, 'subsample': 0.8015655615970294, 'learning_rate': 0.0301318866157198, 'max_depth': 7, 'min_child_weight': 1, 'eval_metric': 'logloss'}. Best is trial 478 with value: 0.91195.
start listen on 10.110.42.71:60953
@tracker All of 1 nodes getting started
@tracker All nodes finishes job
start listen on 10.110.42.71:55507
@tracker All of 1 nodes getting started
@tracker All nodes finishes job
start listen on 10.110.42.71:38063
@tracker All of 1 nodes getting started
@tracker All nodes finishes job
start listen on 10.110.42.71:52447
@tracker All of 1 nodes getting started
@tracker All nodes finishes job
start listen on 10.110.42.71:48513
@tracker All of 1 nodes getting started
@tracker All nodes finishes job
Trial 1064 finished with value: 0.9087833333333334 and parameters: {'tree_method': 'gpu_hist', 'lambda': 0.0009403767496328151, 'alpha': 0.00025692987174003094, 'colsample_bytree': 0.39115611941377226, 'subsample': 0.9381709395056241, 'learning_rate': 0.07975882220286602, 'max_depth': 13, 'min_child_weight': 6, 'eval_metric': 'logloss'}. Best is trial 478 with value: 0.91195.
start listen on 10.110.42.71:41053
@tracker All of 1 nodes getting started
@tracker All nodes finishes job
start listen on 10.110.42.71:56543
@tracker All of 1 nodes getting started
@tracker All nodes finishes job
start listen on 10.110.42.71:37845
@tracker All of 1 nodes getting started
@tracker All nodes finishes job
start listen on 10.110.42.71:54865
@tracker All of 1 nodes getting started
@tracker All nodes finishes job
start listen on 10.110.42.71:50719
@tracker All of 1 nodes getting started
@tracker All nodes finishes job
Trial 1065 finished with value: 0.9057666666666667 and parameters: {'tree_method': 'gpu_hist', 'lambda': 0.000328778194645894, 'alpha': 0.0001869076550448528, 'colsample_bytree': 0.40718150263831676, 'subsample': 0.8184049470478489, 'learning_rate': 0.06643049207845375, 'max_depth': 20, 'min_child_weight': 1, 'eval_metric': 'logloss'}. Best is trial 478 with value: 0.91195.
start listen on 10.110.42.71:56051
@tracker All of 1 nodes getting started
@tracker All nodes finishes job
start listen on 10.110.42.71:59397
@tracker All of 1 nodes getting started
@tracker All nodes finishes job
start listen on 10.110.42.71:38675
@tracker All of 1 nodes getting started
@tracker All nodes finishes job
start listen on 10.110.42.71:58139
@tracker All of 1 nodes getting started
@tracker All nodes finishes job
start listen on 10.110.42.71:60417
@tracker All of 1 nodes getting started
@tracker All nodes finishes job
Trial 1066 finished with value: 0.9092166666666667 and parameters: {'tree_method': 'gpu_hist', 'lambda': 0.00015003827825509902, 'alpha': 0.00032308531644636664, 'colsample_bytree': 0.43645948083574687, 'subsample': 0.8815012262173986, 'learning_rate': 0.07644855147495863, 'max_depth': 7, 'min_child_weight': 15, 'eval_metric': 'logloss'}. Best is trial 478 with value: 0.91195.
start listen on 10.110.42.71:37329
@tracker All of 1 nodes getting started
@tracker All nodes finishes job
start listen on 10.110.42.71:33573
@tracker All of 1 nodes getting started
@tracker All nodes finishes job
start listen on 10.110.42.71:36303
@tracker All of 1 nodes getting started
@tracker All nodes finishes job
start listen on 10.110.42.71:51477
@tracker All of 1 nodes getting started
@tracker All nodes finishes job
start listen on 10.110.42.71:55591
@tracker All of 1 nodes getting started
@tracker All nodes finishes job
Trial 1067 finished with value: 0.88895 and parameters: {'tree_method': 'gpu_hist', 'lambda': 0.00026074829448924033, 'alpha': 0.00022228323441706338, 'colsample_bytree': 0.9772948673761046, 'subsample': 0.8454833530613665, 'learning_rate': 0.06069423791207429, 'max_depth': 7, 'min_child_weight': 254, 'eval_metric': 'logloss'}. Best is trial 478 with value: 0.91195.
start listen on 10.110.42.71:57849
@tracker All of 1 nodes getting started
@tracker All nodes finishes job
start listen on 10.110.42.71:37927
@tracker All of 1 nodes getting started
@tracker All nodes finishes job
start listen on 10.110.42.71:40575
@tracker All of 1 nodes getting started
@tracker All nodes finishes job
start listen on 10.110.42.71:51663
@tracker All of 1 nodes getting started
@tracker All nodes finishes job
start listen on 10.110.42.71:38611
@tracker All of 1 nodes getting started
@tracker All nodes finishes job
Trial 1068 finished with value: 0.9110666666666667 and parameters: {'tree_method': 'gpu_hist', 'lambda': 0.00010063466070355239, 'alpha': 0.00040685547443177904, 'colsample_bytree': 0.3769512842826517, 'subsample': 0.7227602247210677, 'learning_rate': 0.0916222569373319, 'max_depth': 7, 'min_child_weight': 7, 'eval_metric': 'logloss'}. Best is trial 478 with value: 0.91195.
start listen on 10.110.42.71:51009
@tracker All of 1 nodes getting started
@tracker All nodes finishes job
start listen on 10.110.42.71:43403
@tracker All of 1 nodes getting started
@tracker All nodes finishes job
start listen on 10.110.42.71:53647
@tracker All of 1 nodes getting started
@tracker All nodes finishes job
start listen on 10.110.42.71:45459
@tracker All of 1 nodes getting started
@tracker All nodes finishes job
start listen on 10.110.42.71:34201
@tracker All of 1 nodes getting started
@tracker All nodes finishes job
Trial 1069 finished with value: 0.8976666666666666 and parameters: {'tree_method': 'gpu_hist', 'lambda': 0.0001876567085489331, 'alpha': 0.000286169592848117, 'colsample_bytree': 0.41844775096283904, 'subsample': 0.8348782403290868, 'learning_rate': 0.08105083075857833, 'max_depth': 17, 'min_child_weight': 157, 'eval_metric': 'logloss'}. Best is trial 478 with value: 0.91195.
start listen on 10.110.42.71:57991
@tracker All of 1 nodes getting started
@tracker All nodes finishes job
start listen on 10.110.42.71:39361
@tracker All of 1 nodes getting started
@tracker All nodes finishes job
start listen on 10.110.42.71:34709
@tracker All of 1 nodes getting started
@tracker All nodes finishes job
start listen on 10.110.42.71:44907
@tracker All of 1 nodes getting started
@tracker All nodes finishes job
start listen on 10.110.42.71:60673
@tracker All of 1 nodes getting started
@tracker All nodes finishes job
Trial 1070 finished with value: 0.9045166666666666 and parameters: {'tree_method': 'gpu_hist', 'lambda': 0.00012489075736813246, 'alpha': 0.00012164375662792199, 'colsample_bytree': 0.34425044480382483, 'subsample': 0.7365590953057146, 'learning_rate': 0.08636777807215165, 'max_depth': 7, 'min_child_weight': 61, 'eval_metric': 'logloss'}. Best is trial 478 with value: 0.91195.
start listen on 10.110.42.71:50469
@tracker All of 1 nodes getting started
@tracker All nodes finishes job
start listen on 10.110.42.71:48757
@tracker All of 1 nodes getting started
@tracker All nodes finishes job
start listen on 10.110.42.71:48841
@tracker All of 1 nodes getting started
@tracker All nodes finishes job
start listen on 10.110.42.71:40701
@tracker All of 1 nodes getting started
@tracker All nodes finishes job
start listen on 10.110.42.71:39013
@tracker All of 1 nodes getting started
@tracker All nodes finishes job
Trial 1071 finished with value: 0.9096333333333333 and parameters: {'tree_method': 'gpu_hist', 'lambda': 0.00014918417127052604, 'alpha': 0.00015650749231709026, 'colsample_bytree': 0.39224173521122574, 'subsample': 0.9348013574874917, 'learning_rate': 0.07351041250224541, 'max_depth': 7, 'min_child_weight': 11, 'eval_metric': 'logloss'}. Best is trial 478 with value: 0.91195.
start listen on 10.110.42.71:43103
@tracker All of 1 nodes getting started
@tracker All nodes finishes job
start listen on 10.110.42.71:39713
@tracker All of 1 nodes getting started
@tracker All nodes finishes job
start listen on 10.110.42.71:59219
@tracker All of 1 nodes getting started
@tracker All nodes finishes job
start listen on 10.110.42.71:55949
@tracker All of 1 nodes getting started
@tracker All nodes finishes job
start listen on 10.110.42.71:41843
@tracker All of 1 nodes getting started
@tracker All nodes finishes job
Trial 1072 finished with value: 0.9099666666666667 and parameters: {'tree_method': 'gpu_hist', 'lambda': 0.00020247723320275374, 'alpha': 0.00020902799002412264, 'colsample_bytree': 0.44158039278732214, 'subsample': 0.7550867362768764, 'learning_rate': 0.09171078827027311, 'max_depth': 7, 'min_child_weight': 8, 'eval_metric': 'logloss'}. Best is trial 478 with value: 0.91195.
start listen on 10.110.42.71:58011
@tracker All of 1 nodes getting started
@tracker All nodes finishes job
start listen on 10.110.42.71:48195
@tracker All of 1 nodes getting started
@tracker All nodes finishes job
start listen on 10.110.42.71:59307
@tracker All of 1 nodes getting started
@tracker All nodes finishes job
start listen on 10.110.42.71:42571
@tracker All of 1 nodes getting started
@tracker All nodes finishes job
start listen on 10.110.42.71:57093
@tracker All of 1 nodes getting started
@tracker All nodes finishes job
Trial 1073 finished with value: 0.9107833333333333 and parameters: {'tree_method': 'gpu_hist', 'lambda': 0.00024919737580619914, 'alpha': 0.00034532779096232584, 'colsample_bytree': 0.42165627232001573, 'subsample': 0.8242562545976568, 'learning_rate': 0.08020930827662387, 'max_depth': 7, 'min_child_weight': 6, 'eval_metric': 'logloss'}. Best is trial 478 with value: 0.91195.
start listen on 10.110.42.71:52899
@tracker All of 1 nodes getting started
@tracker All nodes finishes job
start listen on 10.110.42.71:44265
@tracker All of 1 nodes getting started
@tracker All nodes finishes job
start listen on 10.110.42.71:49393
@tracker All of 1 nodes getting started
@tracker All nodes finishes job
start listen on 10.110.42.71:38985
@tracker All of 1 nodes getting started
@tracker All nodes finishes job
start listen on 10.110.42.71:45433
@tracker All of 1 nodes getting started
@tracker All nodes finishes job
Trial 1074 finished with value: 0.9090833333333334 and parameters: {'tree_method': 'gpu_hist', 'lambda': 0.00013733888184550968, 'alpha': 0.00044232938574712433, 'colsample_bytree': 0.35549479812079066, 'subsample': 0.9245394081730199, 'learning_rate': 0.09206985871579265, 'max_depth': 11, 'min_child_weight': 16, 'eval_metric': 'logloss'}. Best is trial 478 with value: 0.91195.
start listen on 10.110.42.71:48671
@tracker All of 1 nodes getting started
@tracker All nodes finishes job
start listen on 10.110.42.71:33573
@tracker All of 1 nodes getting started
@tracker All nodes finishes job
start listen on 10.110.42.71:55387
@tracker All of 1 nodes getting started
@tracker All nodes finishes job
start listen on 10.110.42.71:52191
@tracker All of 1 nodes getting started
@tracker All nodes finishes job
start listen on 10.110.42.71:54397
@tracker All of 1 nodes getting started
@tracker All nodes finishes job
Trial 1075 finished with value: 0.9108333333333334 and parameters: {'tree_method': 'gpu_hist', 'lambda': 0.00012482194724548081, 'alpha': 0.0002865075979970255, 'colsample_bytree': 0.45622462849034173, 'subsample': 0.7266070997648598, 'learning_rate': 0.08606802362601523, 'max_depth': 5, 'min_child_weight': 1, 'eval_metric': 'logloss'}. Best is trial 478 with value: 0.91195.
start listen on 10.110.42.71:38975
@tracker All of 1 nodes getting started
@tracker All nodes finishes job
start listen on 10.110.42.71:34583
@tracker All of 1 nodes getting started
@tracker All nodes finishes job
start listen on 10.110.42.71:35895
@tracker All of 1 nodes getting started
@tracker All nodes finishes job
start listen on 10.110.42.71:57107
@tracker All of 1 nodes getting started
@tracker All nodes finishes job
start listen on 10.110.42.71:39905
@tracker All of 1 nodes getting started
@tracker All nodes finishes job
Trial 1076 finished with value: 0.8961 and parameters: {'tree_method': 'gpu_hist', 'lambda': 0.0003774519704920919, 'alpha': 0.00023562612161330123, 'colsample_bytree': 0.33184893276851835, 'subsample': 0.9071685231493092, 'learning_rate': 0.09233774756871868, 'max_depth': 7, 'min_child_weight': 181, 'eval_metric': 'logloss'}. Best is trial 478 with value: 0.91195.
start listen on 10.110.42.71:36911
@tracker All of 1 nodes getting started
@tracker All nodes finishes job
start listen on 10.110.42.71:39277
@tracker All of 1 nodes getting started
@tracker All nodes finishes job
start listen on 10.110.42.71:38951
@tracker All of 1 nodes getting started
@tracker All nodes finishes job
start listen on 10.110.42.71:34247
@tracker All of 1 nodes getting started
@tracker All nodes finishes job
start listen on 10.110.42.71:60329
@tracker All of 1 nodes getting started
@tracker All nodes finishes job
Trial 1077 finished with value: 0.9108666666666667 and parameters: {'tree_method': 'gpu_hist', 'lambda': 0.0001724158598261899, 'alpha': 0.0001690308662976546, 'colsample_bytree': 0.4019755805716101, 'subsample': 0.8532477502920021, 'learning_rate': 0.06954034954523601, 'max_depth': 7, 'min_child_weight': 1, 'eval_metric': 'logloss'}. Best is trial 478 with value: 0.91195.
start listen on 10.110.42.71:59009
@tracker All of 1 nodes getting started
@tracker All nodes finishes job
start listen on 10.110.42.71:34605
@tracker All of 1 nodes getting started
@tracker All nodes finishes job
start listen on 10.110.42.71:56323
@tracker All of 1 nodes getting started
@tracker All nodes finishes job
start listen on 10.110.42.71:38907
@tracker All of 1 nodes getting started
@tracker All nodes finishes job
start listen on 10.110.42.71:49025
@tracker All of 1 nodes getting started
@tracker All nodes finishes job
Trial 1078 finished with value: 0.90925 and parameters: {'tree_method': 'gpu_hist', 'lambda': 0.0001232798488909255, 'alpha': 0.00041862565773711276, 'colsample_bytree': 0.37733859675043785, 'subsample': 0.7469005475436141, 'learning_rate': 0.085041646727665, 'max_depth': 7, 'min_child_weight': 12, 'eval_metric': 'logloss'}. Best is trial 478 with value: 0.91195.
start listen on 10.110.42.71:37333
@tracker All of 1 nodes getting started
@tracker All nodes finishes job
start listen on 10.110.42.71:35257
@tracker All of 1 nodes getting started
@tracker All nodes finishes job
start listen on 10.110.42.71:43835
@tracker All of 1 nodes getting started
@tracker All nodes finishes job
start listen on 10.110.42.71:45035
@tracker All of 1 nodes getting started
@tracker All nodes finishes job
start listen on 10.110.42.71:44863
@tracker All of 1 nodes getting started
@tracker All nodes finishes job
Trial 1079 finished with value: 0.9101 and parameters: {'tree_method': 'gpu_hist', 'lambda': 0.00010119356691878732, 'alpha': 0.0003513041623967932, 'colsample_bytree': 0.3868397952219606, 'subsample': 0.7229879447859402, 'learning_rate': 0.09997320307150644, 'max_depth': 7, 'min_child_weight': 6, 'eval_metric': 'logloss'}. Best is trial 478 with value: 0.91195.
start listen on 10.110.42.71:52065
@tracker All of 1 nodes getting started
@tracker All nodes finishes job
start listen on 10.110.42.71:58431
@tracker All of 1 nodes getting started
@tracker All nodes finishes job
start listen on 10.110.42.71:33787
@tracker All of 1 nodes getting started
@tracker All nodes finishes job
start listen on 10.110.42.71:50781
@tracker All of 1 nodes getting started
@tracker All nodes finishes job
start listen on 10.110.42.71:37603
@tracker All of 1 nodes getting started
@tracker All nodes finishes job
