Trial 292 finished with value: 0.8855 and parameters: {'tree_method': 'gpu_hist', 'lambda': 0.00012057393306959873, 'alpha': 0.00010110039922772693, 'colsample_bytree': 0.37025579342376835, 'subsample': 0.7030841402393292, 'learning_rate': 0.0854677579627645, 'max_depth': 7, 'min_child_weight': 286, 'eval_metric': 'logloss'}. Best is trial 237 with value: 0.91155.
start listen on 10.110.42.71:37815
@tracker All of 1 nodes getting started
@tracker All nodes finishes job
start listen on 10.110.42.71:54851
@tracker All of 1 nodes getting started
@tracker All nodes finishes job
start listen on 10.110.42.71:36687
@tracker All of 1 nodes getting started
@tracker All nodes finishes job
start listen on 10.110.42.71:37719
@tracker All of 1 nodes getting started
@tracker All nodes finishes job
start listen on 10.110.42.71:59163
@tracker All of 1 nodes getting started
@tracker All nodes finishes job
Trial 293 finished with value: 0.9111166666666667 and parameters: {'tree_method': 'gpu_hist', 'lambda': 0.00022454166306725204, 'alpha': 0.00030852325662310975, 'colsample_bytree': 0.4162567962433979, 'subsample': 0.7797184032170428, 'learning_rate': 0.0739074979855594, 'max_depth': 7, 'min_child_weight': 1, 'eval_metric': 'logloss'}. Best is trial 237 with value: 0.91155.
start listen on 10.110.42.71:35505
@tracker All of 1 nodes getting started
@tracker All nodes finishes job
start listen on 10.110.42.71:56165
@tracker All of 1 nodes getting started
@tracker All nodes finishes job
start listen on 10.110.42.71:55045
@tracker All of 1 nodes getting started
@tracker All nodes finishes job
start listen on 10.110.42.71:59701
@tracker All of 1 nodes getting started
@tracker All nodes finishes job
start listen on 10.110.42.71:35987
@tracker All of 1 nodes getting started
@tracker All nodes finishes job
Trial 294 finished with value: 0.9095166666666666 and parameters: {'tree_method': 'gpu_hist', 'lambda': 0.0001973929566809075, 'alpha': 0.0004401767495668032, 'colsample_bytree': 0.4146336005855575, 'subsample': 0.7851240130328413, 'learning_rate': 0.07484096822732986, 'max_depth': 7, 'min_child_weight': 11, 'eval_metric': 'logloss'}. Best is trial 237 with value: 0.91155.
start listen on 10.110.42.71:48521
@tracker All of 1 nodes getting started
@tracker All nodes finishes job
start listen on 10.110.42.71:60835
@tracker All of 1 nodes getting started
@tracker All nodes finishes job
start listen on 10.110.42.71:33245
@tracker All of 1 nodes getting started
@tracker All nodes finishes job
start listen on 10.110.42.71:42945
@tracker All of 1 nodes getting started
@tracker All nodes finishes job
start listen on 10.110.42.71:41483
@tracker All of 1 nodes getting started
@tracker All nodes finishes job
Trial 295 finished with value: 0.9103833333333333 and parameters: {'tree_method': 'gpu_hist', 'lambda': 0.0002314245123353882, 'alpha': 0.00033717538380261805, 'colsample_bytree': 0.4036057682273057, 'subsample': 0.7695403970417202, 'learning_rate': 0.07319609193609057, 'max_depth': 7, 'min_child_weight': 1, 'eval_metric': 'logloss'}. Best is trial 237 with value: 0.91155.
start listen on 10.110.42.71:37489
@tracker All of 1 nodes getting started
@tracker All nodes finishes job
start listen on 10.110.42.71:38761
@tracker All of 1 nodes getting started
@tracker All nodes finishes job
start listen on 10.110.42.71:33761
@tracker All of 1 nodes getting started
@tracker All nodes finishes job
start listen on 10.110.42.71:56535
@tracker All of 1 nodes getting started
@tracker All nodes finishes job
start listen on 10.110.42.71:59555
@tracker All of 1 nodes getting started
@tracker All nodes finishes job
Trial 296 finished with value: 0.9097 and parameters: {'tree_method': 'gpu_hist', 'lambda': 0.0001629003390305331, 'alpha': 0.0003022245187722563, 'colsample_bytree': 0.3904243242609587, 'subsample': 0.79339370208561, 'learning_rate': 0.06624922592694092, 'max_depth': 7, 'min_child_weight': 7, 'eval_metric': 'logloss'}. Best is trial 237 with value: 0.91155.
start listen on 10.110.42.71:52395
@tracker All of 1 nodes getting started
@tracker All nodes finishes job
start listen on 10.110.42.71:49167
@tracker All of 1 nodes getting started
@tracker All nodes finishes job
start listen on 10.110.42.71:51081
@tracker All of 1 nodes getting started
@tracker All nodes finishes job
start listen on 10.110.42.71:33153
@tracker All of 1 nodes getting started
@tracker All nodes finishes job
start listen on 10.110.42.71:51317
@tracker All of 1 nodes getting started
@tracker All nodes finishes job
Trial 297 finished with value: 0.90915 and parameters: {'tree_method': 'gpu_hist', 'lambda': 0.00010093068925575239, 'alpha': 0.00043183337215683374, 'colsample_bytree': 0.4252781531234342, 'subsample': 0.6813368609447905, 'learning_rate': 0.08021106663090356, 'max_depth': 7, 'min_child_weight': 15, 'eval_metric': 'logloss'}. Best is trial 237 with value: 0.91155.
start listen on 10.110.42.71:57447
@tracker All of 1 nodes getting started
@tracker All nodes finishes job
start listen on 10.110.42.71:58193
@tracker All of 1 nodes getting started
@tracker All nodes finishes job
start listen on 10.110.42.71:37941
@tracker All of 1 nodes getting started
@tracker All nodes finishes job
start listen on 10.110.42.71:43535
@tracker All of 1 nodes getting started
@tracker All nodes finishes job
start listen on 10.110.42.71:50755
@tracker All of 1 nodes getting started
@tracker All nodes finishes job
Trial 298 finished with value: 0.91015 and parameters: {'tree_method': 'gpu_hist', 'lambda': 0.00018835504413292127, 'alpha': 0.6799547822480746, 'colsample_bytree': 0.3770792157447241, 'subsample': 0.7361911826936178, 'learning_rate': 0.08511784463103358, 'max_depth': 7, 'min_child_weight': 1, 'eval_metric': 'logloss'}. Best is trial 237 with value: 0.91155.
start listen on 10.110.42.71:35953
@tracker All of 1 nodes getting started
@tracker All nodes finishes job
start listen on 10.110.42.71:40187
@tracker All of 1 nodes getting started
@tracker All nodes finishes job
start listen on 10.110.42.71:59039
@tracker All of 1 nodes getting started
@tracker All nodes finishes job
start listen on 10.110.42.71:37185
@tracker All of 1 nodes getting started
@tracker All nodes finishes job
start listen on 10.110.42.71:49535
@tracker All of 1 nodes getting started
@tracker All nodes finishes job
Trial 299 finished with value: 0.9106333333333333 and parameters: {'tree_method': 'gpu_hist', 'lambda': 0.00014021634457954675, 'alpha': 0.0002273015408097441, 'colsample_bytree': 0.41502445531237936, 'subsample': 0.7253925968789808, 'learning_rate': 0.07444899548544623, 'max_depth': 7, 'min_child_weight': 7, 'eval_metric': 'logloss'}. Best is trial 237 with value: 0.91155.
start listen on 10.110.42.71:48777
@tracker All of 1 nodes getting started
@tracker All nodes finishes job
start listen on 10.110.42.71:34737
@tracker All of 1 nodes getting started
@tracker All nodes finishes job
start listen on 10.110.42.71:52767
@tracker All of 1 nodes getting started
@tracker All nodes finishes job
start listen on 10.110.42.71:56065
@tracker All of 1 nodes getting started
@tracker All nodes finishes job
start listen on 10.110.42.71:42861
@tracker All of 1 nodes getting started
@tracker All nodes finishes job
Trial 300 finished with value: 0.9090333333333334 and parameters: {'tree_method': 'gpu_hist', 'lambda': 0.0002532245325538868, 'alpha': 0.0005505996129979141, 'colsample_bytree': 0.39882629243709417, 'subsample': 0.7481629546027124, 'learning_rate': 0.09066461350991445, 'max_depth': 7, 'min_child_weight': 11, 'eval_metric': 'logloss'}. Best is trial 237 with value: 0.91155.
start listen on 10.110.42.71:58177
@tracker All of 1 nodes getting started
@tracker All nodes finishes job
start listen on 10.110.42.71:35421
@tracker All of 1 nodes getting started
@tracker All nodes finishes job
start listen on 10.110.42.71:35059
@tracker All of 1 nodes getting started
@tracker All nodes finishes job
start listen on 10.110.42.71:49155
@tracker All of 1 nodes getting started
@tracker All nodes finishes job
start listen on 10.110.42.71:39435
@tracker All of 1 nodes getting started
@tracker All nodes finishes job
Trial 301 finished with value: 0.9077666666666667 and parameters: {'tree_method': 'gpu_hist', 'lambda': 0.00038151978757669844, 'alpha': 0.00033136927231125187, 'colsample_bytree': 0.8585434198672915, 'subsample': 0.6565604956283142, 'learning_rate': 0.06926823121009831, 'max_depth': 13, 'min_child_weight': 21, 'eval_metric': 'logloss'}. Best is trial 237 with value: 0.91155.
start listen on 10.110.42.71:59533
@tracker All of 1 nodes getting started
@tracker All nodes finishes job
start listen on 10.110.42.71:56149
@tracker All of 1 nodes getting started
@tracker All nodes finishes job
start listen on 10.110.42.71:44809
@tracker All of 1 nodes getting started
@tracker All nodes finishes job
start listen on 10.110.42.71:38667
@tracker All of 1 nodes getting started
@tracker All nodes finishes job
start listen on 10.110.42.71:60931
@tracker All of 1 nodes getting started
@tracker All nodes finishes job
Trial 302 finished with value: 0.9104 and parameters: {'tree_method': 'gpu_hist', 'lambda': 0.00023035892081758533, 'alpha': 0.00017997649206924683, 'colsample_bytree': 0.4390527821420088, 'subsample': 0.779248420458554, 'learning_rate': 0.08237738450740612, 'max_depth': 7, 'min_child_weight': 6, 'eval_metric': 'logloss'}. Best is trial 237 with value: 0.91155.
start listen on 10.110.42.71:53421
@tracker All of 1 nodes getting started
@tracker All nodes finishes job
start listen on 10.110.42.71:58087
@tracker All of 1 nodes getting started
@tracker All nodes finishes job
start listen on 10.110.42.71:33647
@tracker All of 1 nodes getting started
@tracker All nodes finishes job
start listen on 10.110.42.71:33803
@tracker All of 1 nodes getting started
@tracker All nodes finishes job
start listen on 10.110.42.71:40313
@tracker All of 1 nodes getting started
@tracker All nodes finishes job
Trial 303 finished with value: 0.8927833333333334 and parameters: {'tree_method': 'gpu_hist', 'lambda': 0.0001294502193682712, 'alpha': 0.0002798958827223257, 'colsample_bytree': 0.3399905927481459, 'subsample': 0.7556714944775653, 'learning_rate': 0.06132127130189036, 'max_depth': 20, 'min_child_weight': 186, 'eval_metric': 'logloss'}. Best is trial 237 with value: 0.91155.
start listen on 10.110.42.71:57269
@tracker All of 1 nodes getting started
@tracker All nodes finishes job
start listen on 10.110.42.71:35305
@tracker All of 1 nodes getting started
@tracker All nodes finishes job
start listen on 10.110.42.71:53101
@tracker All of 1 nodes getting started
@tracker All nodes finishes job
start listen on 10.110.42.71:48635
@tracker All of 1 nodes getting started
@tracker All nodes finishes job
start listen on 10.110.42.71:57055
@tracker All of 1 nodes getting started
@tracker All nodes finishes job
Trial 304 finished with value: 0.9107166666666666 and parameters: {'tree_method': 'gpu_hist', 'lambda': 0.0001797353336860092, 'alpha': 0.000956854894546935, 'colsample_bytree': 0.36200909540661685, 'subsample': 0.711796401912237, 'learning_rate': 0.09146059959338236, 'max_depth': 7, 'min_child_weight': 1, 'eval_metric': 'logloss'}. Best is trial 237 with value: 0.91155.
start listen on 10.110.42.71:44549
@tracker All of 1 nodes getting started
@tracker All nodes finishes job
start listen on 10.110.42.71:48055
@tracker All of 1 nodes getting started
@tracker All nodes finishes job
start listen on 10.110.42.71:47645
@tracker All of 1 nodes getting started
@tracker All nodes finishes job
start listen on 10.110.42.71:50561
@tracker All of 1 nodes getting started
@tracker All nodes finishes job
start listen on 10.110.42.71:55753
@tracker All of 1 nodes getting started
@tracker All nodes finishes job
Trial 305 finished with value: 0.9089833333333334 and parameters: {'tree_method': 'gpu_hist', 'lambda': 0.00028713593647817576, 'alpha': 0.0003998055759143106, 'colsample_bytree': 0.38412562521521826, 'subsample': 0.7345056132578037, 'learning_rate': 0.09998755160365662, 'max_depth': 7, 'min_child_weight': 15, 'eval_metric': 'logloss'}. Best is trial 237 with value: 0.91155.
start listen on 10.110.42.71:54149
@tracker All of 1 nodes getting started
@tracker All nodes finishes job
start listen on 10.110.42.71:36699
@tracker All of 1 nodes getting started
@tracker All nodes finishes job
start listen on 10.110.42.71:59251
@tracker All of 1 nodes getting started
@tracker All nodes finishes job
start listen on 10.110.42.71:37141
@tracker All of 1 nodes getting started
@tracker All nodes finishes job
start listen on 10.110.42.71:51377
@tracker All of 1 nodes getting started
@tracker All nodes finishes job
Trial 306 finished with value: 0.9103333333333333 and parameters: {'tree_method': 'gpu_hist', 'lambda': 0.000508590861400095, 'alpha': 0.00023099301986662574, 'colsample_bytree': 0.42547280357390566, 'subsample': 0.6970013320117215, 'learning_rate': 0.07982524427464366, 'max_depth': 7, 'min_child_weight': 7, 'eval_metric': 'logloss'}. Best is trial 237 with value: 0.91155.
start listen on 10.110.42.71:41699
@tracker All of 1 nodes getting started
@tracker All nodes finishes job
start listen on 10.110.42.71:51667
@tracker All of 1 nodes getting started
@tracker All nodes finishes job
start listen on 10.110.42.71:49519
@tracker All of 1 nodes getting started
@tracker All nodes finishes job
start listen on 10.110.42.71:56009
@tracker All of 1 nodes getting started
@tracker All nodes finishes job
start listen on 10.110.42.71:41413
@tracker All of 1 nodes getting started
@tracker All nodes finishes job
Trial 307 finished with value: 0.9067 and parameters: {'tree_method': 'gpu_hist', 'lambda': 0.00015306067816439254, 'alpha': 0.0006927406547693097, 'colsample_bytree': 0.40848050551372383, 'subsample': 0.7670702448014591, 'learning_rate': 0.08724706338084412, 'max_depth': 17, 'min_child_weight': 1, 'eval_metric': 'logloss'}. Best is trial 237 with value: 0.91155.
start listen on 10.110.42.71:36653
@tracker All of 1 nodes getting started
@tracker All nodes finishes job
start listen on 10.110.42.71:34507
@tracker All of 1 nodes getting started
@tracker All nodes finishes job
start listen on 10.110.42.71:54873
@tracker All of 1 nodes getting started
@tracker All nodes finishes job
start listen on 10.110.42.71:59707
@tracker All of 1 nodes getting started
@tracker All nodes finishes job
start listen on 10.110.42.71:52351
@tracker All of 1 nodes getting started
@tracker All nodes finishes job
Trial 308 finished with value: 0.9089 and parameters: {'tree_method': 'gpu_hist', 'lambda': 0.0007938923560197693, 'alpha': 0.00013290397821262735, 'colsample_bytree': 0.44182370759250617, 'subsample': 0.7232241271532593, 'learning_rate': 0.07554544571863127, 'max_depth': 11, 'min_child_weight': 11, 'eval_metric': 'logloss'}. Best is trial 237 with value: 0.91155.
start listen on 10.110.42.71:37037
@tracker All of 1 nodes getting started
@tracker All nodes finishes job
start listen on 10.110.42.71:42165
@tracker All of 1 nodes getting started
@tracker All nodes finishes job
start listen on 10.110.42.71:54567
@tracker All of 1 nodes getting started
@tracker All nodes finishes job
start listen on 10.110.42.71:33121
@tracker All of 1 nodes getting started
@tracker All nodes finishes job
start listen on 10.110.42.71:38353
@tracker All of 1 nodes getting started
@tracker All nodes finishes job
Trial 309 finished with value: 0.9105333333333333 and parameters: {'tree_method': 'gpu_hist', 'lambda': 0.00032453252279438194, 'alpha': 0.0005171612542042924, 'colsample_bytree': 0.3865148226629475, 'subsample': 0.7452339937448282, 'learning_rate': 0.09158097883440024, 'max_depth': 7, 'min_child_weight': 6, 'eval_metric': 'logloss'}. Best is trial 237 with value: 0.91155.
start listen on 10.110.42.71:58725
@tracker All of 1 nodes getting started
@tracker All nodes finishes job
start listen on 10.110.42.71:56505
@tracker All of 1 nodes getting started
@tracker All nodes finishes job
start listen on 10.110.42.71:43131
@tracker All of 1 nodes getting started
@tracker All nodes finishes job
start listen on 10.110.42.71:53551
@tracker All of 1 nodes getting started
@tracker All nodes finishes job
start listen on 10.110.42.71:44013
@tracker All of 1 nodes getting started
@tracker All nodes finishes job
Trial 310 finished with value: 0.8918166666666667 and parameters: {'tree_method': 'gpu_hist', 'lambda': 0.00022705347752427878, 'alpha': 0.0003109051369474094, 'colsample_bytree': 0.461478236224814, 'subsample': 0.7739793051172339, 'learning_rate': 0.08351053187555527, 'max_depth': 7, 'min_child_weight': 216, 'eval_metric': 'logloss'}. Best is trial 237 with value: 0.91155.
start listen on 10.110.42.71:34283
@tracker All of 1 nodes getting started
@tracker All nodes finishes job
start listen on 10.110.42.71:53983
@tracker All of 1 nodes getting started
@tracker All nodes finishes job
start listen on 10.110.42.71:46713
@tracker All of 1 nodes getting started
@tracker All nodes finishes job
start listen on 10.110.42.71:59297
@tracker All of 1 nodes getting started
@tracker All nodes finishes job
start listen on 10.110.42.71:37273
@tracker All of 1 nodes getting started
@tracker All nodes finishes job
Trial 311 finished with value: 0.9073333333333333 and parameters: {'tree_method': 'gpu_hist', 'lambda': 0.0001016936497710434, 'alpha': 0.00019472413089311193, 'colsample_bytree': 0.4026783883142047, 'subsample': 0.7962003773954301, 'learning_rate': 0.06880559575698544, 'max_depth': 5, 'min_child_weight': 18, 'eval_metric': 'logloss'}. Best is trial 237 with value: 0.91155.
start listen on 10.110.42.71:45427
@tracker All of 1 nodes getting started
@tracker All nodes finishes job
start listen on 10.110.42.71:35241
@tracker All of 1 nodes getting started
@tracker All nodes finishes job
start listen on 10.110.42.71:53713
@tracker All of 1 nodes getting started
@tracker All nodes finishes job
start listen on 10.110.42.71:45521
@tracker All of 1 nodes getting started
@tracker All nodes finishes job
start listen on 10.110.42.71:60119
@tracker All of 1 nodes getting started
@tracker All nodes finishes job
Trial 312 finished with value: 0.9098333333333334 and parameters: {'tree_method': 'gpu_hist', 'lambda': 0.0003860612241284251, 'alpha': 0.00040409765485110934, 'colsample_bytree': 0.3526721764734697, 'subsample': 0.7574889597792849, 'learning_rate': 0.09008350747035428, 'max_depth': 7, 'min_child_weight': 11, 'eval_metric': 'logloss'}. Best is trial 237 with value: 0.91155.
start listen on 10.110.42.71:42987
@tracker All of 1 nodes getting started
@tracker All nodes finishes job
start listen on 10.110.42.71:55965
@tracker All of 1 nodes getting started
@tracker All nodes finishes job
start listen on 10.110.42.71:55547
@tracker All of 1 nodes getting started
@tracker All nodes finishes job
start listen on 10.110.42.71:41601
@tracker All of 1 nodes getting started
@tracker All nodes finishes job
start listen on 10.110.42.71:60471
@tracker All of 1 nodes getting started
@tracker All nodes finishes job
Trial 313 finished with value: 0.9104 and parameters: {'tree_method': 'gpu_hist', 'lambda': 0.0001879882693469926, 'alpha': 0.0002498670705128172, 'colsample_bytree': 0.41964271966510536, 'subsample': 0.7367876605540735, 'learning_rate': 0.07865953902120264, 'max_depth': 7, 'min_child_weight': 1, 'eval_metric': 'logloss'}. Best is trial 237 with value: 0.91155.
start listen on 10.110.42.71:43177
@tracker All of 1 nodes getting started
@tracker All nodes finishes job
start listen on 10.110.42.71:54495
@tracker All of 1 nodes getting started
@tracker All nodes finishes job
start listen on 10.110.42.71:48621
@tracker All of 1 nodes getting started
@tracker All nodes finishes job
start listen on 10.110.42.71:60185
@tracker All of 1 nodes getting started
@tracker All nodes finishes job
start listen on 10.110.42.71:55841
@tracker All of 1 nodes getting started
@tracker All nodes finishes job
Trial 314 finished with value: 0.9095666666666666 and parameters: {'tree_method': 'gpu_hist', 'lambda': 0.00012990542580630405, 'alpha': 0.00034087200595615445, 'colsample_bytree': 0.3702374040179178, 'subsample': 0.783550854511363, 'learning_rate': 0.09233685716667768, 'max_depth': 7, 'min_child_weight': 7, 'eval_metric': 'logloss'}. Best is trial 237 with value: 0.91155.
start listen on 10.110.42.71:33441
@tracker All of 1 nodes getting started
@tracker All nodes finishes job
start listen on 10.110.42.71:48641
@tracker All of 1 nodes getting started
@tracker All nodes finishes job
start listen on 10.110.42.71:52367
@tracker All of 1 nodes getting started
@tracker All nodes finishes job
start listen on 10.110.42.71:46547
@tracker All of 1 nodes getting started
@tracker All nodes finishes job
start listen on 10.110.42.71:60581
@tracker All of 1 nodes getting started
@tracker All nodes finishes job
Trial 315 finished with value: 0.9099333333333334 and parameters: {'tree_method': 'gpu_hist', 'lambda': 0.0002531638421363589, 'alpha': 0.0004987648096979363, 'colsample_bytree': 0.4334901633916379, 'subsample': 0.7153039869436195, 'learning_rate': 0.07224806706021818, 'max_depth': 7, 'min_child_weight': 6, 'eval_metric': 'logloss'}. Best is trial 237 with value: 0.91155.
start listen on 10.110.42.71:42069
@tracker All of 1 nodes getting started
@tracker All nodes finishes job
start listen on 10.110.42.71:34373
@tracker All of 1 nodes getting started
@tracker All nodes finishes job
start listen on 10.110.42.71:39043
@tracker All of 1 nodes getting started
@tracker All nodes finishes job
start listen on 10.110.42.71:40699
@tracker All of 1 nodes getting started
@tracker All nodes finishes job
start listen on 10.110.42.71:37667
@tracker All of 1 nodes getting started
@tracker All nodes finishes job
