Trial 936 finished with value: 0.9089833333333334 and parameters: {'tree_method': 'gpu_hist', 'lambda': 0.00023545676345034183, 'alpha': 0.00022231378836137848, 'colsample_bytree': 0.37884345855156815, 'subsample': 0.7620094080918423, 'learning_rate': 0.08100020340970955, 'max_depth': 7, 'min_child_weight': 15, 'eval_metric': 'logloss'}. Best is trial 478 with value: 0.91195.
start listen on 10.110.42.71:45509
@tracker All of 1 nodes getting started
@tracker All nodes finishes job
start listen on 10.110.42.71:39587
@tracker All of 1 nodes getting started
@tracker All nodes finishes job
start listen on 10.110.42.71:36405
@tracker All of 1 nodes getting started
@tracker All nodes finishes job
start listen on 10.110.42.71:55015
@tracker All of 1 nodes getting started
@tracker All nodes finishes job
start listen on 10.110.42.71:44515
@tracker All of 1 nodes getting started
@tracker All nodes finishes job
Trial 937 finished with value: 0.9087666666666666 and parameters: {'tree_method': 'gpu_hist', 'lambda': 0.00012467871441104457, 'alpha': 0.0005041691261868666, 'colsample_bytree': 0.40044676703609633, 'subsample': 0.792684984740716, 'learning_rate': 0.0916494338508202, 'max_depth': 7, 'min_child_weight': 28, 'eval_metric': 'logloss'}. Best is trial 478 with value: 0.91195.
start listen on 10.110.42.71:32853
@tracker All of 1 nodes getting started
@tracker All nodes finishes job
start listen on 10.110.42.71:36329
@tracker All of 1 nodes getting started
@tracker All nodes finishes job
start listen on 10.110.42.71:51643
@tracker All of 1 nodes getting started
@tracker All nodes finishes job
start listen on 10.110.42.71:52237
@tracker All of 1 nodes getting started
@tracker All nodes finishes job
start listen on 10.110.42.71:35683
@tracker All of 1 nodes getting started
@tracker All nodes finishes job
Trial 938 finished with value: 0.9118333333333334 and parameters: {'tree_method': 'gpu_hist', 'lambda': 0.00018780233972240192, 'alpha': 0.00033935167298599527, 'colsample_bytree': 0.43217286626836054, 'subsample': 0.7360361378897585, 'learning_rate': 0.08632834880287077, 'max_depth': 7, 'min_child_weight': 1, 'eval_metric': 'logloss'}. Best is trial 478 with value: 0.91195.
start listen on 10.110.42.71:55645
@tracker All of 1 nodes getting started
@tracker All nodes finishes job
start listen on 10.110.42.71:37167
@tracker All of 1 nodes getting started
@tracker All nodes finishes job
start listen on 10.110.42.71:54087
@tracker All of 1 nodes getting started
@tracker All nodes finishes job
start listen on 10.110.42.71:44315
@tracker All of 1 nodes getting started
@tracker All nodes finishes job
start listen on 10.110.42.71:57567
@tracker All of 1 nodes getting started
@tracker All nodes finishes job
Trial 939 finished with value: 0.9104333333333333 and parameters: {'tree_method': 'gpu_hist', 'lambda': 0.00017910012101115963, 'alpha': 0.0002585410924349258, 'colsample_bytree': 0.4270407348146045, 'subsample': 0.8875982548357997, 'learning_rate': 0.09275412817799604, 'max_depth': 7, 'min_child_weight': 7, 'eval_metric': 'logloss'}. Best is trial 478 with value: 0.91195.
start listen on 10.110.42.71:47901
@tracker All of 1 nodes getting started
@tracker All nodes finishes job
start listen on 10.110.42.71:58181
@tracker All of 1 nodes getting started
@tracker All nodes finishes job
start listen on 10.110.42.71:44351
@tracker All of 1 nodes getting started
@tracker All nodes finishes job
start listen on 10.110.42.71:38721
@tracker All of 1 nodes getting started
@tracker All nodes finishes job
start listen on 10.110.42.71:33919
@tracker All of 1 nodes getting started
@tracker All nodes finishes job
Trial 940 finished with value: 0.9117166666666666 and parameters: {'tree_method': 'gpu_hist', 'lambda': 0.00012316252056027244, 'alpha': 0.0003165193324009513, 'colsample_bytree': 0.41085901418059273, 'subsample': 0.8255755932926702, 'learning_rate': 0.08641162637180604, 'max_depth': 7, 'min_child_weight': 1, 'eval_metric': 'logloss'}. Best is trial 478 with value: 0.91195.
start listen on 10.110.42.71:40913
@tracker All of 1 nodes getting started
@tracker All nodes finishes job
start listen on 10.110.42.71:40665
@tracker All of 1 nodes getting started
@tracker All nodes finishes job
start listen on 10.110.42.71:33981
@tracker All of 1 nodes getting started
@tracker All nodes finishes job
start listen on 10.110.42.71:52967
@tracker All of 1 nodes getting started
@tracker All nodes finishes job
start listen on 10.110.42.71:56475
@tracker All of 1 nodes getting started
@tracker All nodes finishes job
Trial 941 finished with value: 0.9093666666666667 and parameters: {'tree_method': 'gpu_hist', 'lambda': 0.00012309298217870173, 'alpha': 0.00020937656259343857, 'colsample_bytree': 0.4080718488073378, 'subsample': 0.8297198539390904, 'learning_rate': 0.09139088231913252, 'max_depth': 17, 'min_child_weight': 11, 'eval_metric': 'logloss'}. Best is trial 478 with value: 0.91195.
start listen on 10.110.42.71:52331
@tracker All of 1 nodes getting started
@tracker All nodes finishes job
start listen on 10.110.42.71:49229
@tracker All of 1 nodes getting started
@tracker All nodes finishes job
start listen on 10.110.42.71:53185
@tracker All of 1 nodes getting started
@tracker All nodes finishes job
start listen on 10.110.42.71:45395
@tracker All of 1 nodes getting started
@tracker All nodes finishes job
start listen on 10.110.42.71:54681
@tracker All of 1 nodes getting started
@tracker All nodes finishes job
Trial 942 finished with value: 0.9116 and parameters: {'tree_method': 'gpu_hist', 'lambda': 0.0001222352869262685, 'alpha': 0.0002556000245502575, 'colsample_bytree': 0.3881166903500909, 'subsample': 0.8189495376625383, 'learning_rate': 0.08593333212511145, 'max_depth': 7, 'min_child_weight': 1, 'eval_metric': 'logloss'}. Best is trial 478 with value: 0.91195.
start listen on 10.110.42.71:39787
@tracker All of 1 nodes getting started
@tracker All nodes finishes job
start listen on 10.110.42.71:33133
@tracker All of 1 nodes getting started
@tracker All nodes finishes job
start listen on 10.110.42.71:44075
@tracker All of 1 nodes getting started
@tracker All nodes finishes job
start listen on 10.110.42.71:40971
@tracker All of 1 nodes getting started
@tracker All nodes finishes job
start listen on 10.110.42.71:41121
@tracker All of 1 nodes getting started
@tracker All nodes finishes job
Trial 943 finished with value: 0.9100333333333334 and parameters: {'tree_method': 'gpu_hist', 'lambda': 0.00012127498366421871, 'alpha': 0.0001979932483696161, 'colsample_bytree': 0.38559343844141913, 'subsample': 0.8309621118215916, 'learning_rate': 0.08602536006198415, 'max_depth': 7, 'min_child_weight': 6, 'eval_metric': 'logloss'}. Best is trial 478 with value: 0.91195.
start listen on 10.110.42.71:43113
@tracker All of 1 nodes getting started
@tracker All nodes finishes job
start listen on 10.110.42.71:47389
@tracker All of 1 nodes getting started
@tracker All nodes finishes job
start listen on 10.110.42.71:42091
@tracker All of 1 nodes getting started
@tracker All nodes finishes job
start listen on 10.110.42.71:46023
@tracker All of 1 nodes getting started
@tracker All nodes finishes job
start listen on 10.110.42.71:60623
@tracker All of 1 nodes getting started
@tracker All nodes finishes job
Trial 944 finished with value: 0.9077833333333334 and parameters: {'tree_method': 'gpu_hist', 'lambda': 0.00012478248596008783, 'alpha': 0.00017202181513106138, 'colsample_bytree': 0.3680724246038615, 'subsample': 0.8240570168914171, 'learning_rate': 0.04440438416267055, 'max_depth': 11, 'min_child_weight': 1, 'eval_metric': 'logloss'}. Best is trial 478 with value: 0.91195.
start listen on 10.110.42.71:48975
@tracker All of 1 nodes getting started
@tracker All nodes finishes job
start listen on 10.110.42.71:36353
@tracker All of 1 nodes getting started
@tracker All nodes finishes job
start listen on 10.110.42.71:45341
@tracker All of 1 nodes getting started
@tracker All nodes finishes job
start listen on 10.110.42.71:44277
@tracker All of 1 nodes getting started
@tracker All nodes finishes job
start listen on 10.110.42.71:32941
@tracker All of 1 nodes getting started
@tracker All nodes finishes job
Trial 945 finished with value: 0.9084833333333333 and parameters: {'tree_method': 'gpu_hist', 'lambda': 0.00010271956282897345, 'alpha': 0.00024172117595384763, 'colsample_bytree': 0.391491914772763, 'subsample': 0.8284642796179175, 'learning_rate': 0.09139758677042144, 'max_depth': 7, 'min_child_weight': 18, 'eval_metric': 'logloss'}. Best is trial 478 with value: 0.91195.
start listen on 10.110.42.71:51911
@tracker All of 1 nodes getting started
@tracker All nodes finishes job
start listen on 10.110.42.71:46427
@tracker All of 1 nodes getting started
@tracker All nodes finishes job
start listen on 10.110.42.71:45021
@tracker All of 1 nodes getting started
@tracker All nodes finishes job
start listen on 10.110.42.71:37111
@tracker All of 1 nodes getting started
@tracker All nodes finishes job
start listen on 10.110.42.71:41663
@tracker All of 1 nodes getting started
@tracker All nodes finishes job
Trial 946 finished with value: 0.9066666666666666 and parameters: {'tree_method': 'gpu_hist', 'lambda': 0.00012102312418113698, 'alpha': 0.00025974285179053197, 'colsample_bytree': 0.37394620540293505, 'subsample': 0.8469415215368011, 'learning_rate': 0.025850937783751266, 'max_depth': 7, 'min_child_weight': 10, 'eval_metric': 'logloss'}. Best is trial 478 with value: 0.91195.
start listen on 10.110.42.71:35475
@tracker All of 1 nodes getting started
@tracker All nodes finishes job
start listen on 10.110.42.71:40709
@tracker All of 1 nodes getting started
@tracker All nodes finishes job
start listen on 10.110.42.71:44135
@tracker All of 1 nodes getting started
@tracker All nodes finishes job
start listen on 10.110.42.71:43589
@tracker All of 1 nodes getting started
@tracker All nodes finishes job
start listen on 10.110.42.71:44661
@tracker All of 1 nodes getting started
@tracker All nodes finishes job
Trial 947 finished with value: 0.9099 and parameters: {'tree_method': 'gpu_hist', 'lambda': 0.00014707155893154582, 'alpha': 0.00017726446104723173, 'colsample_bytree': 0.3940810829620623, 'subsample': 0.8451753517468009, 'learning_rate': 0.09982840518151388, 'max_depth': 5, 'min_child_weight': 6, 'eval_metric': 'logloss'}. Best is trial 478 with value: 0.91195.
start listen on 10.110.42.71:36963
@tracker All of 1 nodes getting started
@tracker All nodes finishes job
start listen on 10.110.42.71:33201
@tracker All of 1 nodes getting started
@tracker All nodes finishes job
start listen on 10.110.42.71:55797
@tracker All of 1 nodes getting started
@tracker All nodes finishes job
start listen on 10.110.42.71:40537
@tracker All of 1 nodes getting started
@tracker All nodes finishes job
start listen on 10.110.42.71:45727
@tracker All of 1 nodes getting started
@tracker All nodes finishes job
Trial 948 finished with value: 0.9107666666666666 and parameters: {'tree_method': 'gpu_hist', 'lambda': 0.00010123114908871715, 'alpha': 0.0001400880225751339, 'colsample_bytree': 0.3551271993014353, 'subsample': 0.8245911469355361, 'learning_rate': 0.08416230353393292, 'max_depth': 7, 'min_child_weight': 1, 'eval_metric': 'logloss'}. Best is trial 478 with value: 0.91195.
start listen on 10.110.42.71:44055
@tracker All of 1 nodes getting started
@tracker All nodes finishes job
start listen on 10.110.42.71:53961
@tracker All of 1 nodes getting started
@tracker All nodes finishes job
start listen on 10.110.42.71:43717
@tracker All of 1 nodes getting started
@tracker All nodes finishes job
start listen on 10.110.42.71:36249
@tracker All of 1 nodes getting started
@tracker All nodes finishes job
start listen on 10.110.42.71:54429
@tracker All of 1 nodes getting started
@tracker All nodes finishes job
Trial 949 finished with value: 0.9068666666666667 and parameters: {'tree_method': 'gpu_hist', 'lambda': 0.00014031240213033307, 'alpha': 0.00024228065520663552, 'colsample_bytree': 0.33698156610429075, 'subsample': 0.8371415418257758, 'learning_rate': 0.09303337568799373, 'max_depth': 7, 'min_child_weight': 37, 'eval_metric': 'logloss'}. Best is trial 478 with value: 0.91195.
start listen on 10.110.42.71:59799
@tracker All of 1 nodes getting started
@tracker All nodes finishes job
start listen on 10.110.42.71:58241
@tracker All of 1 nodes getting started
@tracker All nodes finishes job
start listen on 10.110.42.71:53957
@tracker All of 1 nodes getting started
@tracker All nodes finishes job
start listen on 10.110.42.71:60083
@tracker All of 1 nodes getting started
@tracker All nodes finishes job
start listen on 10.110.42.71:51833
@tracker All of 1 nodes getting started
@tracker All nodes finishes job
Trial 950 finished with value: 0.9091333333333333 and parameters: {'tree_method': 'gpu_hist', 'lambda': 0.00014778434676629022, 'alpha': 0.00029948025130337554, 'colsample_bytree': 0.37985917763423416, 'subsample': 0.8189710338428532, 'learning_rate': 0.09989668192568782, 'max_depth': 7, 'min_child_weight': 15, 'eval_metric': 'logloss'}. Best is trial 478 with value: 0.91195.
start listen on 10.110.42.71:45945
@tracker All of 1 nodes getting started
@tracker All nodes finishes job
start listen on 10.110.42.71:37711
@tracker All of 1 nodes getting started
@tracker All nodes finishes job
start listen on 10.110.42.71:55327
@tracker All of 1 nodes getting started
@tracker All nodes finishes job
start listen on 10.110.42.71:59689
@tracker All of 1 nodes getting started
@tracker All nodes finishes job
start listen on 10.110.42.71:48821
@tracker All of 1 nodes getting started
@tracker All nodes finishes job
Trial 951 finished with value: 0.9105333333333333 and parameters: {'tree_method': 'gpu_hist', 'lambda': 0.00010155149779573823, 'alpha': 0.00022988747622024774, 'colsample_bytree': 0.4036618910740058, 'subsample': 0.8566583334926433, 'learning_rate': 0.08255822088906423, 'max_depth': 7, 'min_child_weight': 6, 'eval_metric': 'logloss'}. Best is trial 478 with value: 0.91195.
start listen on 10.110.42.71:43171
@tracker All of 1 nodes getting started
@tracker All nodes finishes job
start listen on 10.110.42.71:53603
@tracker All of 1 nodes getting started
@tracker All nodes finishes job
start listen on 10.110.42.71:45821
@tracker All of 1 nodes getting started
@tracker All nodes finishes job
start listen on 10.110.42.71:54071
@tracker All of 1 nodes getting started
@tracker All nodes finishes job
start listen on 10.110.42.71:38053
@tracker All of 1 nodes getting started
@tracker All nodes finishes job
Trial 952 finished with value: 0.90235 and parameters: {'tree_method': 'gpu_hist', 'lambda': 0.0001499664223954895, 'alpha': 0.00019629392790644168, 'colsample_bytree': 0.3937060099806402, 'subsample': 0.8180479390678476, 'learning_rate': 0.08722369862470354, 'max_depth': 3, 'min_child_weight': 11, 'eval_metric': 'logloss'}. Best is trial 478 with value: 0.91195.
start listen on 10.110.42.71:40037
@tracker All of 1 nodes getting started
@tracker All nodes finishes job
start listen on 10.110.42.71:60947
@tracker All of 1 nodes getting started
@tracker All nodes finishes job
start listen on 10.110.42.71:40901
@tracker All of 1 nodes getting started
@tracker All nodes finishes job
start listen on 10.110.42.71:52843
@tracker All of 1 nodes getting started
@tracker All nodes finishes job
start listen on 10.110.42.71:48907
@tracker All of 1 nodes getting started
@tracker All nodes finishes job
Trial 953 finished with value: 0.9111 and parameters: {'tree_method': 'gpu_hist', 'lambda': 0.00017284982801510788, 'alpha': 0.00014299760744408149, 'colsample_bytree': 0.4077880664867708, 'subsample': 0.8095741417470936, 'learning_rate': 0.08002837759850785, 'max_depth': 7, 'min_child_weight': 1, 'eval_metric': 'logloss'}. Best is trial 478 with value: 0.91195.
start listen on 10.110.42.71:48715
@tracker All of 1 nodes getting started
@tracker All nodes finishes job
start listen on 10.110.42.71:56497
@tracker All of 1 nodes getting started
@tracker All nodes finishes job
start listen on 10.110.42.71:58187
@tracker All of 1 nodes getting started
@tracker All nodes finishes job
start listen on 10.110.42.71:52207
@tracker All of 1 nodes getting started
@tracker All nodes finishes job
start listen on 10.110.42.71:51377
@tracker All of 1 nodes getting started
@tracker All nodes finishes job
Trial 954 finished with value: 0.8749 and parameters: {'tree_method': 'gpu_hist', 'lambda': 0.000122868065904534, 'alpha': 0.00029543255572236145, 'colsample_bytree': 0.36493344135552097, 'subsample': 0.830449536011223, 'learning_rate': 0.0020528423167914356, 'max_depth': 9, 'min_child_weight': 19, 'eval_metric': 'logloss'}. Best is trial 478 with value: 0.91195.
start listen on 10.110.42.71:51193
@tracker All of 1 nodes getting started
@tracker All nodes finishes job
start listen on 10.110.42.71:54245
@tracker All of 1 nodes getting started
@tracker All nodes finishes job
start listen on 10.110.42.71:40935
@tracker All of 1 nodes getting started
@tracker All nodes finishes job
start listen on 10.110.42.71:59981
@tracker All of 1 nodes getting started
@tracker All nodes finishes job
start listen on 10.110.42.71:54641
@tracker All of 1 nodes getting started
@tracker All nodes finishes job
Trial 955 finished with value: 0.9098666666666667 and parameters: {'tree_method': 'gpu_hist', 'lambda': 0.00017227766995999715, 'alpha': 0.0001781746042166326, 'colsample_bytree': 0.38191467567754817, 'subsample': 0.8429836046007735, 'learning_rate': 0.09177748529602724, 'max_depth': 7, 'min_child_weight': 7, 'eval_metric': 'logloss'}. Best is trial 478 with value: 0.91195.
start listen on 10.110.42.71:48847
@tracker All of 1 nodes getting started
@tracker All nodes finishes job
start listen on 10.110.42.71:46793
@tracker All of 1 nodes getting started
@tracker All nodes finishes job
start listen on 10.110.42.71:45103
@tracker All of 1 nodes getting started
@tracker All nodes finishes job
start listen on 10.110.42.71:45355
@tracker All of 1 nodes getting started
@tracker All nodes finishes job
start listen on 10.110.42.71:51961
@tracker All of 1 nodes getting started
@tracker All nodes finishes job
Trial 956 finished with value: 0.9092666666666667 and parameters: {'tree_method': 'gpu_hist', 'lambda': 0.00012110213731951147, 'alpha': 0.0002940759958117334, 'colsample_bytree': 0.41087495403637425, 'subsample': 0.8042432173927473, 'learning_rate': 0.08628620240148058, 'max_depth': 7, 'min_child_weight': 12, 'eval_metric': 'logloss'}. Best is trial 478 with value: 0.91195.
start listen on 10.110.42.71:42403
@tracker All of 1 nodes getting started
@tracker All nodes finishes job
start listen on 10.110.42.71:40463
@tracker All of 1 nodes getting started
@tracker All nodes finishes job
start listen on 10.110.42.71:49253
@tracker All of 1 nodes getting started
@tracker All nodes finishes job
start listen on 10.110.42.71:54557
@tracker All of 1 nodes getting started
@tracker All nodes finishes job
start listen on 10.110.42.71:54407
@tracker All of 1 nodes getting started
@tracker All nodes finishes job
Trial 957 finished with value: 0.9064666666666666 and parameters: {'tree_method': 'gpu_hist', 'lambda': 0.0001202671837592304, 'alpha': 0.00023046096397357242, 'colsample_bytree': 0.3865298981531488, 'subsample': 0.813827460649337, 'learning_rate': 0.09987819090382466, 'max_depth': 15, 'min_child_weight': 1, 'eval_metric': 'logloss'}. Best is trial 478 with value: 0.91195.
start listen on 10.110.42.71:60179
@tracker All of 1 nodes getting started
@tracker All nodes finishes job
start listen on 10.110.42.71:43981
@tracker All of 1 nodes getting started
@tracker All nodes finishes job
start listen on 10.110.42.71:42559
@tracker All of 1 nodes getting started
@tracker All nodes finishes job
start listen on 10.110.42.71:40407
@tracker All of 1 nodes getting started
@tracker All nodes finishes job
start listen on 10.110.42.71:53725
@tracker All of 1 nodes getting started
@tracker All nodes finishes job
Trial 958 finished with value: 0.8984 and parameters: {'tree_method': 'gpu_hist', 'lambda': 0.00010045917899461616, 'alpha': 0.0003264186559116316, 'colsample_bytree': 0.39713304626058926, 'subsample': 0.8245209887177922, 'learning_rate': 0.010546181350010177, 'max_depth': 7, 'min_child_weight': 7, 'eval_metric': 'logloss'}. Best is trial 478 with value: 0.91195.
start listen on 10.110.42.71:43637
@tracker All of 1 nodes getting started
@tracker All nodes finishes job
start listen on 10.110.42.71:50135
@tracker All of 1 nodes getting started
@tracker All nodes finishes job
start listen on 10.110.42.71:42949
@tracker All of 1 nodes getting started
@tracker All nodes finishes job
start listen on 10.110.42.71:49949
@tracker All of 1 nodes getting started
@tracker All nodes finishes job
start listen on 10.110.42.71:57737
@tracker All of 1 nodes getting started
@tracker All nodes finishes job
Trial 959 finished with value: 0.90905 and parameters: {'tree_method': 'gpu_hist', 'lambda': 0.00010008891366742749, 'alpha': 0.00017603983698588486, 'colsample_bytree': 0.36086480867053744, 'subsample': 0.8167172298674665, 'learning_rate': 0.07881947605464289, 'max_depth': 7, 'min_child_weight': 16, 'eval_metric': 'logloss'}. Best is trial 478 with value: 0.91195.
start listen on 10.110.42.71:58879
@tracker All of 1 nodes getting started
@tracker All nodes finishes job
start listen on 10.110.42.71:60399
@tracker All of 1 nodes getting started
@tracker All nodes finishes job
start listen on 10.110.42.71:47911
@tracker All of 1 nodes getting started
@tracker All nodes finishes job
start listen on 10.110.42.71:43853
@tracker All of 1 nodes getting started
@tracker All nodes finishes job
start listen on 10.110.42.71:49581
@tracker All of 1 nodes getting started
@tracker All nodes finishes job
