Trial 220 finished with value: 0.9087833333333334 and parameters: {'tree_method': 'gpu_hist', 'lambda': 0.0004557653752733364, 'alpha': 0.0005833409793338167, 'colsample_bytree': 0.4160786856904403, 'subsample': 0.7460179529407646, 'learning_rate': 0.08260855697577536, 'max_depth': 7, 'min_child_weight': 19, 'eval_metric': 'logloss'}. Best is trial 184 with value: 0.9115333333333333.
start listen on 10.110.42.71:38703
@tracker All of 1 nodes getting started
@tracker All nodes finishes job
start listen on 10.110.42.71:41877
@tracker All of 1 nodes getting started
@tracker All nodes finishes job
start listen on 10.110.42.71:47571
@tracker All of 1 nodes getting started
@tracker All nodes finishes job
start listen on 10.110.42.71:52871
@tracker All of 1 nodes getting started
@tracker All nodes finishes job
start listen on 10.110.42.71:54963
@tracker All of 1 nodes getting started
@tracker All nodes finishes job
Trial 221 finished with value: 0.9093333333333333 and parameters: {'tree_method': 'gpu_hist', 'lambda': 0.00029039352053828393, 'alpha': 0.00017352181489555026, 'colsample_bytree': 0.44517695979183264, 'subsample': 0.7879759190382053, 'learning_rate': 0.09250858051277312, 'max_depth': 7, 'min_child_weight': 13, 'eval_metric': 'logloss'}. Best is trial 184 with value: 0.9115333333333333.
start listen on 10.110.42.71:43335
@tracker All of 1 nodes getting started
@tracker All nodes finishes job
start listen on 10.110.42.71:38195
@tracker All of 1 nodes getting started
@tracker All nodes finishes job
start listen on 10.110.42.71:42031
@tracker All of 1 nodes getting started
@tracker All nodes finishes job
start listen on 10.110.42.71:47703
@tracker All of 1 nodes getting started
@tracker All nodes finishes job
start listen on 10.110.42.71:39705
@tracker All of 1 nodes getting started
@tracker All nodes finishes job
Trial 222 finished with value: 0.9115 and parameters: {'tree_method': 'gpu_hist', 'lambda': 0.00020796338455884416, 'alpha': 0.0002377929912120385, 'colsample_bytree': 0.4574376765946631, 'subsample': 0.7600084022764435, 'learning_rate': 0.07954775134686047, 'max_depth': 7, 'min_child_weight': 1, 'eval_metric': 'logloss'}. Best is trial 184 with value: 0.9115333333333333.
start listen on 10.110.42.71:45667
@tracker All of 1 nodes getting started
@tracker All nodes finishes job
start listen on 10.110.42.71:53943
@tracker All of 1 nodes getting started
@tracker All nodes finishes job
start listen on 10.110.42.71:47875
@tracker All of 1 nodes getting started
@tracker All nodes finishes job
start listen on 10.110.42.71:57343
@tracker All of 1 nodes getting started
@tracker All nodes finishes job
start listen on 10.110.42.71:40135
@tracker All of 1 nodes getting started
@tracker All nodes finishes job
Trial 223 finished with value: 0.88015 and parameters: {'tree_method': 'gpu_hist', 'lambda': 0.00021190685833335688, 'alpha': 0.0003376025792646841, 'colsample_bytree': 0.45146899349647, 'subsample': 0.761069537089845, 'learning_rate': 0.0034239399373078884, 'max_depth': 7, 'min_child_weight': 1, 'eval_metric': 'logloss'}. Best is trial 184 with value: 0.9115333333333333.
start listen on 10.110.42.71:58193
@tracker All of 1 nodes getting started
@tracker All nodes finishes job
start listen on 10.110.42.71:43511
@tracker All of 1 nodes getting started
@tracker All nodes finishes job
start listen on 10.110.42.71:58813
@tracker All of 1 nodes getting started
@tracker All nodes finishes job
start listen on 10.110.42.71:50425
@tracker All of 1 nodes getting started
@tracker All nodes finishes job
start listen on 10.110.42.71:37869
@tracker All of 1 nodes getting started
@tracker All nodes finishes job
Trial 224 finished with value: 0.9112833333333333 and parameters: {'tree_method': 'gpu_hist', 'lambda': 0.00018695131126690706, 'alpha': 0.0002453103401059729, 'colsample_bytree': 0.4251287041675715, 'subsample': 0.7288014117078202, 'learning_rate': 0.08141619337209771, 'max_depth': 7, 'min_child_weight': 1, 'eval_metric': 'logloss'}. Best is trial 184 with value: 0.9115333333333333.
start listen on 10.110.42.71:44711
@tracker All of 1 nodes getting started
@tracker All nodes finishes job
start listen on 10.110.42.71:39631
@tracker All of 1 nodes getting started
@tracker All nodes finishes job
start listen on 10.110.42.71:50467
@tracker All of 1 nodes getting started
@tracker All nodes finishes job
start listen on 10.110.42.71:48853
@tracker All of 1 nodes getting started
@tracker All nodes finishes job
start listen on 10.110.42.71:57143
@tracker All of 1 nodes getting started
@tracker All nodes finishes job
Trial 225 finished with value: 0.91 and parameters: {'tree_method': 'gpu_hist', 'lambda': 0.00023317572805292168, 'alpha': 0.00022648896924209162, 'colsample_bytree': 0.4246292840382834, 'subsample': 0.7333314822369106, 'learning_rate': 0.07855259035710775, 'max_depth': 7, 'min_child_weight': 7, 'eval_metric': 'logloss'}. Best is trial 184 with value: 0.9115333333333333.
start listen on 10.110.42.71:59939
@tracker All of 1 nodes getting started
@tracker All nodes finishes job
start listen on 10.110.42.71:39721
@tracker All of 1 nodes getting started
@tracker All nodes finishes job
start listen on 10.110.42.71:39081
@tracker All of 1 nodes getting started
@tracker All nodes finishes job
start listen on 10.110.42.71:33301
@tracker All of 1 nodes getting started
@tracker All nodes finishes job
start listen on 10.110.42.71:37659
@tracker All of 1 nodes getting started
@tracker All nodes finishes job
Trial 226 finished with value: 0.9105166666666666 and parameters: {'tree_method': 'gpu_hist', 'lambda': 0.00019432572073591558, 'alpha': 0.0004066048718197904, 'colsample_bytree': 0.4075594009300961, 'subsample': 0.7472753528345663, 'learning_rate': 0.09962154757643892, 'max_depth': 7, 'min_child_weight': 1, 'eval_metric': 'logloss'}. Best is trial 184 with value: 0.9115333333333333.
start listen on 10.110.42.71:41131
@tracker All of 1 nodes getting started
@tracker All nodes finishes job
start listen on 10.110.42.71:56757
@tracker All of 1 nodes getting started
@tracker All nodes finishes job
start listen on 10.110.42.71:41121
@tracker All of 1 nodes getting started
@tracker All nodes finishes job
start listen on 10.110.42.71:33129
@tracker All of 1 nodes getting started
@tracker All nodes finishes job
start listen on 10.110.42.71:55887
@tracker All of 1 nodes getting started
@tracker All nodes finishes job
Trial 227 finished with value: 0.8936833333333334 and parameters: {'tree_method': 'gpu_hist', 'lambda': 0.00031104193423766045, 'alpha': 0.0002476964874638933, 'colsample_bytree': 0.43712846353801704, 'subsample': 0.7225332258279918, 'learning_rate': 0.07292334484115481, 'max_depth': 7, 'min_child_weight': 171, 'eval_metric': 'logloss'}. Best is trial 184 with value: 0.9115333333333333.
start listen on 10.110.42.71:59297
@tracker All of 1 nodes getting started
@tracker All nodes finishes job
start listen on 10.110.42.71:56695
@tracker All of 1 nodes getting started
@tracker All nodes finishes job
start listen on 10.110.42.71:34139
@tracker All of 1 nodes getting started
@tracker All nodes finishes job
start listen on 10.110.42.71:59341
@tracker All of 1 nodes getting started
@tracker All nodes finishes job
start listen on 10.110.42.71:50719
@tracker All of 1 nodes getting started
@tracker All nodes finishes job
Trial 228 finished with value: 0.91055 and parameters: {'tree_method': 'gpu_hist', 'lambda': 0.0004563204887922238, 'alpha': 0.0004903132342348025, 'colsample_bytree': 0.45939097461133316, 'subsample': 0.7605718711224869, 'learning_rate': 0.08284629668581514, 'max_depth': 7, 'min_child_weight': 7, 'eval_metric': 'logloss'}. Best is trial 184 with value: 0.9115333333333333.
start listen on 10.110.42.71:40801
@tracker All of 1 nodes getting started
@tracker All nodes finishes job
start listen on 10.110.42.71:34659
@tracker All of 1 nodes getting started
@tracker All nodes finishes job
start listen on 10.110.42.71:36433
@tracker All of 1 nodes getting started
@tracker All nodes finishes job
start listen on 10.110.42.71:42127
@tracker All of 1 nodes getting started
@tracker All nodes finishes job
start listen on 10.110.42.71:35513
@tracker All of 1 nodes getting started
@tracker All nodes finishes job
Trial 229 finished with value: 0.909 and parameters: {'tree_method': 'gpu_hist', 'lambda': 0.00025721903957829506, 'alpha': 0.00033225472453674417, 'colsample_bytree': 0.3767224144094686, 'subsample': 0.7376279652053753, 'learning_rate': 0.08459537358513916, 'max_depth': 7, 'min_child_weight': 13, 'eval_metric': 'logloss'}. Best is trial 184 with value: 0.9115333333333333.
start listen on 10.110.42.71:37775
@tracker All of 1 nodes getting started
@tracker All nodes finishes job
start listen on 10.110.42.71:34681
@tracker All of 1 nodes getting started
@tracker All nodes finishes job
start listen on 10.110.42.71:54185
@tracker All of 1 nodes getting started
@tracker All nodes finishes job
start listen on 10.110.42.71:41317
@tracker All of 1 nodes getting started
@tracker All nodes finishes job
start listen on 10.110.42.71:43441
@tracker All of 1 nodes getting started
@tracker All nodes finishes job
Trial 230 finished with value: 0.8674333333333333 and parameters: {'tree_method': 'gpu_hist', 'lambda': 0.00018449260017826602, 'alpha': 0.0007731090687465321, 'colsample_bytree': 0.47254931523053323, 'subsample': 0.7710206124349955, 'learning_rate': 0.00109113326722937, 'max_depth': 7, 'min_child_weight': 1, 'eval_metric': 'logloss'}. Best is trial 184 with value: 0.9115333333333333.
start listen on 10.110.42.71:49085
@tracker All of 1 nodes getting started
@tracker All nodes finishes job
start listen on 10.110.42.71:48585
@tracker All of 1 nodes getting started
@tracker All nodes finishes job
start listen on 10.110.42.71:38693
@tracker All of 1 nodes getting started
@tracker All nodes finishes job
start listen on 10.110.42.71:40531
@tracker All of 1 nodes getting started
@tracker All nodes finishes job
start listen on 10.110.42.71:45897
@tracker All of 1 nodes getting started
@tracker All nodes finishes job
Trial 231 finished with value: 0.9101666666666667 and parameters: {'tree_method': 'gpu_hist', 'lambda': 0.00012171246078376136, 'alpha': 0.0003025678470897077, 'colsample_bytree': 0.4044695764658569, 'subsample': 0.7095682785332038, 'learning_rate': 0.09935615899027025, 'max_depth': 7, 'min_child_weight': 7, 'eval_metric': 'logloss'}. Best is trial 184 with value: 0.9115333333333333.
start listen on 10.110.42.71:37043
@tracker All of 1 nodes getting started
@tracker All nodes finishes job
start listen on 10.110.42.71:59793
@tracker All of 1 nodes getting started
@tracker All nodes finishes job
start listen on 10.110.42.71:59407
@tracker All of 1 nodes getting started
@tracker All nodes finishes job
start listen on 10.110.42.71:34177
@tracker All of 1 nodes getting started
@tracker All nodes finishes job
start listen on 10.110.42.71:58735
@tracker All of 1 nodes getting started
@tracker All nodes finishes job
Trial 232 finished with value: 0.9079 and parameters: {'tree_method': 'gpu_hist', 'lambda': 0.00039555487287872096, 'alpha': 0.0001461407082734982, 'colsample_bytree': 0.42423991848105913, 'subsample': 0.753177081744355, 'learning_rate': 0.07041363876751391, 'max_depth': 20, 'min_child_weight': 11, 'eval_metric': 'logloss'}. Best is trial 184 with value: 0.9115333333333333.
start listen on 10.110.42.71:54051
@tracker All of 1 nodes getting started
@tracker All nodes finishes job
start listen on 10.110.42.71:46143
@tracker All of 1 nodes getting started
@tracker All nodes finishes job
start listen on 10.110.42.71:59107
@tracker All of 1 nodes getting started
@tracker All nodes finishes job
start listen on 10.110.42.71:60455
@tracker All of 1 nodes getting started
@tracker All nodes finishes job
start listen on 10.110.42.71:37265
@tracker All of 1 nodes getting started
@tracker All nodes finishes job
Trial 233 finished with value: 0.9075166666666666 and parameters: {'tree_method': 'gpu_hist', 'lambda': 0.00017202844774106166, 'alpha': 0.0002284523528359947, 'colsample_bytree': 0.44798504031542374, 'subsample': 0.7931963049568423, 'learning_rate': 0.09094882185176593, 'max_depth': 13, 'min_child_weight': 1, 'eval_metric': 'logloss'}. Best is trial 184 with value: 0.9115333333333333.
start listen on 10.110.42.71:36007
@tracker All of 1 nodes getting started
@tracker All nodes finishes job
start listen on 10.110.42.71:39367
@tracker All of 1 nodes getting started
@tracker All nodes finishes job
start listen on 10.110.42.71:60273
@tracker All of 1 nodes getting started
@tracker All nodes finishes job
start listen on 10.110.42.71:58547
@tracker All of 1 nodes getting started
@tracker All nodes finishes job
start listen on 10.110.42.71:59803
@tracker All of 1 nodes getting started
@tracker All nodes finishes job
Trial 234 finished with value: 0.9099166666666667 and parameters: {'tree_method': 'gpu_hist', 'lambda': 0.00014200110986910903, 'alpha': 0.00017581443326554057, 'colsample_bytree': 0.46755040620046917, 'subsample': 0.778654048313811, 'learning_rate': 0.09108686308106713, 'max_depth': 7, 'min_child_weight': 6, 'eval_metric': 'logloss'}. Best is trial 184 with value: 0.9115333333333333.
start listen on 10.110.42.71:37663
@tracker All of 1 nodes getting started
@tracker All nodes finishes job
start listen on 10.110.42.71:49127
@tracker All of 1 nodes getting started
@tracker All nodes finishes job
start listen on 10.110.42.71:58737
@tracker All of 1 nodes getting started
@tracker All nodes finishes job
start listen on 10.110.42.71:48015
@tracker All of 1 nodes getting started
@tracker All nodes finishes job
start listen on 10.110.42.71:59621
@tracker All of 1 nodes getting started
@tracker All nodes finishes job
Trial 235 finished with value: 0.91055 and parameters: {'tree_method': 'gpu_hist', 'lambda': 0.00010882952124980094, 'alpha': 0.00020846501653599075, 'colsample_bytree': 0.43607585045177305, 'subsample': 0.7697370041454211, 'learning_rate': 0.08433012260864718, 'max_depth': 7, 'min_child_weight': 6, 'eval_metric': 'logloss'}. Best is trial 184 with value: 0.9115333333333333.
start listen on 10.110.42.71:46493
@tracker All of 1 nodes getting started
@tracker All nodes finishes job
start listen on 10.110.42.71:60073
@tracker All of 1 nodes getting started
@tracker All nodes finishes job
start listen on 10.110.42.71:51861
@tracker All of 1 nodes getting started
@tracker All nodes finishes job
start listen on 10.110.42.71:56987
@tracker All of 1 nodes getting started
@tracker All nodes finishes job
start listen on 10.110.42.71:45351
@tracker All of 1 nodes getting started
@tracker All nodes finishes job
Trial 236 finished with value: 0.9113166666666667 and parameters: {'tree_method': 'gpu_hist', 'lambda': 0.00022851099781457336, 'alpha': 0.0002728280869535014, 'colsample_bytree': 0.3948947007902077, 'subsample': 0.696616729953699, 'learning_rate': 0.07831216229720382, 'max_depth': 7, 'min_child_weight': 1, 'eval_metric': 'logloss'}. Best is trial 184 with value: 0.9115333333333333.
start listen on 10.110.42.71:39811
@tracker All of 1 nodes getting started
@tracker All nodes finishes job
start listen on 10.110.42.71:51299
@tracker All of 1 nodes getting started
@tracker All nodes finishes job
start listen on 10.110.42.71:34997
@tracker All of 1 nodes getting started
@tracker All nodes finishes job
start listen on 10.110.42.71:38063
@tracker All of 1 nodes getting started
@tracker All nodes finishes job
start listen on 10.110.42.71:57977
@tracker All of 1 nodes getting started
@tracker All nodes finishes job
Trial 237 finished with value: 0.91155 and parameters: {'tree_method': 'gpu_hist', 'lambda': 0.0003101447290644414, 'alpha': 0.0004141538762663952, 'colsample_bytree': 0.3686724045941682, 'subsample': 0.7179764728195791, 'learning_rate': 0.07868643947095591, 'max_depth': 7, 'min_child_weight': 1, 'eval_metric': 'logloss'}. Best is trial 237 with value: 0.91155.
start listen on 10.110.42.71:35243
@tracker All of 1 nodes getting started
@tracker All nodes finishes job
start listen on 10.110.42.71:55423
@tracker All of 1 nodes getting started
@tracker All nodes finishes job
start listen on 10.110.42.71:56779
@tracker All of 1 nodes getting started
@tracker All nodes finishes job
start listen on 10.110.42.71:60763
@tracker All of 1 nodes getting started
@tracker All nodes finishes job
start listen on 10.110.42.71:47719
@tracker All of 1 nodes getting started
@tracker All nodes finishes job
Trial 238 finished with value: 0.9090666666666667 and parameters: {'tree_method': 'gpu_hist', 'lambda': 0.00023867437383328792, 'alpha': 0.0006040093012602147, 'colsample_bytree': 0.36558080750058525, 'subsample': 0.7166738675465517, 'learning_rate': 0.07733148856456934, 'max_depth': 7, 'min_child_weight': 12, 'eval_metric': 'logloss'}. Best is trial 237 with value: 0.91155.
start listen on 10.110.42.71:51023
@tracker All of 1 nodes getting started
@tracker All nodes finishes job
start listen on 10.110.42.71:46965
@tracker All of 1 nodes getting started
@tracker All nodes finishes job
start listen on 10.110.42.71:44325
@tracker All of 1 nodes getting started
@tracker All nodes finishes job
start listen on 10.110.42.71:58631
@tracker All of 1 nodes getting started
@tracker All nodes finishes job
start listen on 10.110.42.71:55573
@tracker All of 1 nodes getting started
@tracker All nodes finishes job
Trial 239 finished with value: 0.8975 and parameters: {'tree_method': 'gpu_hist', 'lambda': 0.0003597217069134471, 'alpha': 0.0002833689916963575, 'colsample_bytree': 0.38114798611023526, 'subsample': 0.7255870485467185, 'learning_rate': 0.06664663764915034, 'max_depth': 17, 'min_child_weight': 128, 'eval_metric': 'logloss'}. Best is trial 237 with value: 0.91155.
start listen on 10.110.42.71:45965
@tracker All of 1 nodes getting started
@tracker All nodes finishes job
start listen on 10.110.42.71:47113
@tracker All of 1 nodes getting started
@tracker All nodes finishes job
start listen on 10.110.42.71:52443
@tracker All of 1 nodes getting started
@tracker All nodes finishes job
start listen on 10.110.42.71:41373
@tracker All of 1 nodes getting started
@tracker All nodes finishes job
start listen on 10.110.42.71:33845
@tracker All of 1 nodes getting started
@tracker All nodes finishes job
Trial 240 finished with value: 0.9103666666666667 and parameters: {'tree_method': 'gpu_hist', 'lambda': 0.00020010501167814403, 'alpha': 0.0004591139831626163, 'colsample_bytree': 0.4009053054538135, 'subsample': 0.7041948366641906, 'learning_rate': 0.07823044061120034, 'max_depth': 7, 'min_child_weight': 7, 'eval_metric': 'logloss'}. Best is trial 237 with value: 0.91155.
start listen on 10.110.42.71:53215
@tracker All of 1 nodes getting started
@tracker All nodes finishes job
start listen on 10.110.42.71:50103
@tracker All of 1 nodes getting started
@tracker All nodes finishes job
start listen on 10.110.42.71:42519
@tracker All of 1 nodes getting started
@tracker All nodes finishes job
start listen on 10.110.42.71:60115
@tracker All of 1 nodes getting started
@tracker All nodes finishes job
start listen on 10.110.42.71:50309
@tracker All of 1 nodes getting started
@tracker All nodes finishes job
Trial 241 finished with value: 0.9107666666666666 and parameters: {'tree_method': 'gpu_hist', 'lambda': 0.00026293607225300855, 'alpha': 0.0003523469346400543, 'colsample_bytree': 0.3510646909857103, 'subsample': 0.6854087241172203, 'learning_rate': 0.09989846610494288, 'max_depth': 7, 'min_child_weight': 1, 'eval_metric': 'logloss'}. Best is trial 237 with value: 0.91155.
start listen on 10.110.42.71:56953
@tracker All of 1 nodes getting started
@tracker All nodes finishes job
start listen on 10.110.42.71:57911
@tracker All of 1 nodes getting started
@tracker All nodes finishes job
start listen on 10.110.42.71:41147
@tracker All of 1 nodes getting started
@tracker All nodes finishes job
start listen on 10.110.42.71:57869
@tracker All of 1 nodes getting started
@tracker All nodes finishes job
start listen on 10.110.42.71:43265
@tracker All of 1 nodes getting started
@tracker All nodes finishes job
Trial 242 finished with value: 0.90615 and parameters: {'tree_method': 'gpu_hist', 'lambda': 0.00016633495983226868, 'alpha': 0.0003254465978910981, 'colsample_bytree': 0.4812434448957263, 'subsample': 0.7396827374604314, 'learning_rate': 0.02033558993473165, 'max_depth': 11, 'min_child_weight': 16, 'eval_metric': 'logloss'}. Best is trial 237 with value: 0.91155.
start listen on 10.110.42.71:33435
@tracker All of 1 nodes getting started
@tracker All nodes finishes job
start listen on 10.110.42.71:36697
@tracker All of 1 nodes getting started
@tracker All nodes finishes job
start listen on 10.110.42.71:52151
@tracker All of 1 nodes getting started
@tracker All nodes finishes job
start listen on 10.110.42.71:56041
@tracker All of 1 nodes getting started
@tracker All nodes finishes job
start listen on 10.110.42.71:57611
@tracker All of 1 nodes getting started
@tracker All nodes finishes job
Trial 243 finished with value: 0.9096666666666666 and parameters: {'tree_method': 'gpu_hist', 'lambda': 0.00021987546854222015, 'alpha': 0.00025032013059331237, 'colsample_bytree': 0.36897367641089296, 'subsample': 0.7330485222108588, 'learning_rate': 0.072391045841528, 'max_depth': 7, 'min_child_weight': 7, 'eval_metric': 'logloss'}. Best is trial 237 with value: 0.91155.
start listen on 10.110.42.71:48795
@tracker All of 1 nodes getting started
@tracker All nodes finishes job
start listen on 10.110.42.71:46631
@tracker All of 1 nodes getting started
@tracker All nodes finishes job
start listen on 10.110.42.71:59659
@tracker All of 1 nodes getting started
@tracker All nodes finishes job
start listen on 10.110.42.71:59813
@tracker All of 1 nodes getting started
@tracker All nodes finishes job
start listen on 10.110.42.71:44757
@tracker All of 1 nodes getting started
@tracker All nodes finishes job
