Trial 268 finished with value: 0.9020166666666667 and parameters: {'tree_method': 'gpu_hist', 'lambda': 0.0002831480034030681, 'alpha': 0.0006410600784562341, 'colsample_bytree': 0.47879176584751393, 'subsample': 0.7652091456733466, 'learning_rate': 0.09981761280586395, 'max_depth': 7, 'min_child_weight': 82, 'eval_metric': 'logloss'}. Best is trial 237 with value: 0.91155.
start listen on 10.110.42.71:42927
@tracker All of 1 nodes getting started
@tracker All nodes finishes job
start listen on 10.110.42.71:44371
@tracker All of 1 nodes getting started
@tracker All nodes finishes job
start listen on 10.110.42.71:56763
@tracker All of 1 nodes getting started
@tracker All nodes finishes job
start listen on 10.110.42.71:57429
@tracker All of 1 nodes getting started
@tracker All nodes finishes job
start listen on 10.110.42.71:36563
@tracker All of 1 nodes getting started
@tracker All nodes finishes job
Trial 269 finished with value: 0.9095 and parameters: {'tree_method': 'gpu_hist', 'lambda': 0.00022132129903396625, 'alpha': 0.00038285795598871404, 'colsample_bytree': 0.4329444539320708, 'subsample': 0.6948059093621965, 'learning_rate': 0.08477746012394476, 'max_depth': 7, 'min_child_weight': 6, 'eval_metric': 'logloss'}. Best is trial 237 with value: 0.91155.
start listen on 10.110.42.71:40709
@tracker All of 1 nodes getting started
@tracker All nodes finishes job
start listen on 10.110.42.71:53631
@tracker All of 1 nodes getting started
@tracker All nodes finishes job
start listen on 10.110.42.71:54361
@tracker All of 1 nodes getting started
@tracker All nodes finishes job
start listen on 10.110.42.71:53839
@tracker All of 1 nodes getting started
@tracker All nodes finishes job
start listen on 10.110.42.71:51675
@tracker All of 1 nodes getting started
@tracker All nodes finishes job
Trial 270 finished with value: 0.9074666666666666 and parameters: {'tree_method': 'gpu_hist', 'lambda': 0.00014457752200231668, 'alpha': 0.00021517962395984196, 'colsample_bytree': 0.4048322947791691, 'subsample': 0.7102318216288153, 'learning_rate': 0.07789759052372335, 'max_depth': 20, 'min_child_weight': 12, 'eval_metric': 'logloss'}. Best is trial 237 with value: 0.91155.
start listen on 10.110.42.71:57829
@tracker All of 1 nodes getting started
@tracker All nodes finishes job
start listen on 10.110.42.71:58929
@tracker All of 1 nodes getting started
@tracker All nodes finishes job
start listen on 10.110.42.71:52103
@tracker All of 1 nodes getting started
@tracker All nodes finishes job
start listen on 10.110.42.71:39401
@tracker All of 1 nodes getting started
@tracker All nodes finishes job
start listen on 10.110.42.71:43105
@tracker All of 1 nodes getting started
@tracker All nodes finishes job
Trial 271 finished with value: 0.8884833333333333 and parameters: {'tree_method': 'gpu_hist', 'lambda': 0.00780970935334714, 'alpha': 0.0002739205748812438, 'colsample_bytree': 0.4652991608258946, 'subsample': 0.7494648729717132, 'learning_rate': 0.005769524749096294, 'max_depth': 7, 'min_child_weight': 1, 'eval_metric': 'logloss'}. Best is trial 237 with value: 0.91155.
start listen on 10.110.42.71:42141
@tracker All of 1 nodes getting started
@tracker All nodes finishes job
start listen on 10.110.42.71:38519
@tracker All of 1 nodes getting started
@tracker All nodes finishes job
start listen on 10.110.42.71:56943
@tracker All of 1 nodes getting started
@tracker All nodes finishes job
start listen on 10.110.42.71:47939
@tracker All of 1 nodes getting started
@tracker All nodes finishes job
start listen on 10.110.42.71:56487
@tracker All of 1 nodes getting started
@tracker All nodes finishes job
Trial 272 finished with value: 0.90805 and parameters: {'tree_method': 'gpu_hist', 'lambda': 0.0001017600214175355, 'alpha': 0.0005238527495896499, 'colsample_bytree': 0.3848726536260402, 'subsample': 0.7822074564556539, 'learning_rate': 0.09252370316273187, 'max_depth': 13, 'min_child_weight': 19, 'eval_metric': 'logloss'}. Best is trial 237 with value: 0.91155.
start listen on 10.110.42.71:40041
@tracker All of 1 nodes getting started
@tracker All nodes finishes job
start listen on 10.110.42.71:47043
@tracker All of 1 nodes getting started
@tracker All nodes finishes job
start listen on 10.110.42.71:36669
@tracker All of 1 nodes getting started
@tracker All nodes finishes job
start listen on 10.110.42.71:39181
@tracker All of 1 nodes getting started
@tracker All nodes finishes job
start listen on 10.110.42.71:51045
@tracker All of 1 nodes getting started
@tracker All nodes finishes job
Trial 273 finished with value: 0.9079333333333334 and parameters: {'tree_method': 'gpu_hist', 'lambda': 0.00035703566814391835, 'alpha': 0.00034041314848292856, 'colsample_bytree': 0.43008628368748697, 'subsample': 0.7246501011228459, 'learning_rate': 0.06923523745744578, 'max_depth': 17, 'min_child_weight': 11, 'eval_metric': 'logloss'}. Best is trial 237 with value: 0.91155.
start listen on 10.110.42.71:48813
@tracker All of 1 nodes getting started
@tracker All nodes finishes job
start listen on 10.110.42.71:42753
@tracker All of 1 nodes getting started
@tracker All nodes finishes job
start listen on 10.110.42.71:34007
@tracker All of 1 nodes getting started
@tracker All nodes finishes job
start listen on 10.110.42.71:60557
@tracker All of 1 nodes getting started
@tracker All nodes finishes job
start listen on 10.110.42.71:34627
@tracker All of 1 nodes getting started
@tracker All nodes finishes job
Trial 274 finished with value: 0.9107 and parameters: {'tree_method': 'gpu_hist', 'lambda': 0.00021390682752540517, 'alpha': 0.0001583981182664724, 'colsample_bytree': 0.3948490848843997, 'subsample': 0.7426656481102338, 'learning_rate': 0.09275647675725608, 'max_depth': 7, 'min_child_weight': 6, 'eval_metric': 'logloss'}. Best is trial 237 with value: 0.91155.
start listen on 10.110.42.71:34971
@tracker All of 1 nodes getting started
@tracker All nodes finishes job
start listen on 10.110.42.71:55693
@tracker All of 1 nodes getting started
@tracker All nodes finishes job
start listen on 10.110.42.71:36161
@tracker All of 1 nodes getting started
@tracker All nodes finishes job
start listen on 10.110.42.71:43103
@tracker All of 1 nodes getting started
@tracker All nodes finishes job
start listen on 10.110.42.71:49043
@tracker All of 1 nodes getting started
@tracker All nodes finishes job
Trial 275 finished with value: 0.91125 and parameters: {'tree_method': 'gpu_hist', 'lambda': 0.00030211008663774095, 'alpha': 0.0004286598039596041, 'colsample_bytree': 0.44341690110221826, 'subsample': 0.7647581607507739, 'learning_rate': 0.09973807286230955, 'max_depth': 7, 'min_child_weight': 1, 'eval_metric': 'logloss'}. Best is trial 237 with value: 0.91155.
start listen on 10.110.42.71:35555
@tracker All of 1 nodes getting started
@tracker All nodes finishes job
start listen on 10.110.42.71:42119
@tracker All of 1 nodes getting started
@tracker All nodes finishes job
start listen on 10.110.42.71:54073
@tracker All of 1 nodes getting started
@tracker All nodes finishes job
start listen on 10.110.42.71:52623
@tracker All of 1 nodes getting started
@tracker All nodes finishes job
start listen on 10.110.42.71:43793
@tracker All of 1 nodes getting started
@tracker All nodes finishes job
Trial 276 finished with value: 0.9113 and parameters: {'tree_method': 'gpu_hist', 'lambda': 0.00030100253081663644, 'alpha': 0.0004488737991180594, 'colsample_bytree': 0.4464916879900831, 'subsample': 0.7936819681827402, 'learning_rate': 0.09942338618646553, 'max_depth': 7, 'min_child_weight': 1, 'eval_metric': 'logloss'}. Best is trial 237 with value: 0.91155.
start listen on 10.110.42.71:59369
@tracker All of 1 nodes getting started
@tracker All nodes finishes job
start listen on 10.110.42.71:33379
@tracker All of 1 nodes getting started
@tracker All nodes finishes job
start listen on 10.110.42.71:53703
@tracker All of 1 nodes getting started
@tracker All nodes finishes job
start listen on 10.110.42.71:37701
@tracker All of 1 nodes getting started
@tracker All nodes finishes job
start listen on 10.110.42.71:58351
@tracker All of 1 nodes getting started
@tracker All nodes finishes job
Trial 277 finished with value: 0.9095333333333333 and parameters: {'tree_method': 'gpu_hist', 'lambda': 0.0002685207007076737, 'alpha': 0.0004897923897579855, 'colsample_bytree': 0.4167385764539021, 'subsample': 0.7994389091647562, 'learning_rate': 0.09206213294776991, 'max_depth': 11, 'min_child_weight': 7, 'eval_metric': 'logloss'}. Best is trial 237 with value: 0.91155.
start listen on 10.110.42.71:45577
@tracker All of 1 nodes getting started
@tracker All nodes finishes job
start listen on 10.110.42.71:48353
@tracker All of 1 nodes getting started
@tracker All nodes finishes job
start listen on 10.110.42.71:52471
@tracker All of 1 nodes getting started
@tracker All nodes finishes job
start listen on 10.110.42.71:48067
@tracker All of 1 nodes getting started
@tracker All nodes finishes job
start listen on 10.110.42.71:60241
@tracker All of 1 nodes getting started
@tracker All nodes finishes job
Trial 278 finished with value: 0.9112 and parameters: {'tree_method': 'gpu_hist', 'lambda': 0.00017799682850153884, 'alpha': 0.0007787814958059721, 'colsample_bytree': 0.45949559969048914, 'subsample': 0.7884134868429253, 'learning_rate': 0.09979967100897826, 'max_depth': 7, 'min_child_weight': 1, 'eval_metric': 'logloss'}. Best is trial 237 with value: 0.91155.
start listen on 10.110.42.71:43555
@tracker All of 1 nodes getting started
@tracker All nodes finishes job
start listen on 10.110.42.71:37825
@tracker All of 1 nodes getting started
@tracker All nodes finishes job
start listen on 10.110.42.71:48327
@tracker All of 1 nodes getting started
@tracker All nodes finishes job
start listen on 10.110.42.71:56973
@tracker All of 1 nodes getting started
@tracker All nodes finishes job
start listen on 10.110.42.71:44561
@tracker All of 1 nodes getting started
@tracker All nodes finishes job
Trial 279 finished with value: 0.90845 and parameters: {'tree_method': 'gpu_hist', 'lambda': 0.00016582012190678204, 'alpha': 0.0007722464463807469, 'colsample_bytree': 0.7820423746282114, 'subsample': 0.791763841415829, 'learning_rate': 0.08600492748486988, 'max_depth': 7, 'min_child_weight': 15, 'eval_metric': 'logloss'}. Best is trial 237 with value: 0.91155.
start listen on 10.110.42.71:32769
@tracker All of 1 nodes getting started
@tracker All nodes finishes job
start listen on 10.110.42.71:52261
@tracker All of 1 nodes getting started
@tracker All nodes finishes job
start listen on 10.110.42.71:44223
@tracker All of 1 nodes getting started
@tracker All nodes finishes job
start listen on 10.110.42.71:35225
@tracker All of 1 nodes getting started
@tracker All nodes finishes job
start listen on 10.110.42.71:56935
@tracker All of 1 nodes getting started
@tracker All nodes finishes job
Trial 280 finished with value: 0.9096333333333333 and parameters: {'tree_method': 'gpu_hist', 'lambda': 0.00013086081876625524, 'alpha': 0.0006259147830261594, 'colsample_bytree': 0.35488046017050023, 'subsample': 0.7858697261755306, 'learning_rate': 0.09956243162296903, 'max_depth': 5, 'min_child_weight': 7, 'eval_metric': 'logloss'}. Best is trial 237 with value: 0.91155.
start listen on 10.110.42.71:41623
@tracker All of 1 nodes getting started
@tracker All nodes finishes job
start listen on 10.110.42.71:38139
@tracker All of 1 nodes getting started
@tracker All nodes finishes job
start listen on 10.110.42.71:43247
@tracker All of 1 nodes getting started
@tracker All nodes finishes job
start listen on 10.110.42.71:53373
@tracker All of 1 nodes getting started
@tracker All nodes finishes job
start listen on 10.110.42.71:42133
@tracker All of 1 nodes getting started
@tracker All nodes finishes job
Trial 281 finished with value: 0.9108666666666667 and parameters: {'tree_method': 'gpu_hist', 'lambda': 0.00019128539683456298, 'alpha': 0.0004598587080673729, 'colsample_bytree': 0.48607082191970546, 'subsample': 0.8006963181492446, 'learning_rate': 0.08461396438300131, 'max_depth': 7, 'min_child_weight': 1, 'eval_metric': 'logloss'}. Best is trial 237 with value: 0.91155.
start listen on 10.110.42.71:51169
@tracker All of 1 nodes getting started
@tracker All nodes finishes job
start listen on 10.110.42.71:34235
@tracker All of 1 nodes getting started
@tracker All nodes finishes job
start listen on 10.110.42.71:45307
@tracker All of 1 nodes getting started
@tracker All nodes finishes job
start listen on 10.110.42.71:41167
@tracker All of 1 nodes getting started
@tracker All nodes finishes job
start listen on 10.110.42.71:36311
@tracker All of 1 nodes getting started
@tracker All nodes finishes job
Trial 282 finished with value: 0.9091333333333333 and parameters: {'tree_method': 'gpu_hist', 'lambda': 0.0002336353725853727, 'alpha': 0.0008245884979390795, 'colsample_bytree': 0.3759991492021919, 'subsample': 0.7718597350312842, 'learning_rate': 0.09134763935410255, 'max_depth': 7, 'min_child_weight': 12, 'eval_metric': 'logloss'}. Best is trial 237 with value: 0.91155.
start listen on 10.110.42.71:37881
@tracker All of 1 nodes getting started
@tracker All nodes finishes job
start listen on 10.110.42.71:38925
@tracker All of 1 nodes getting started
@tracker All nodes finishes job
start listen on 10.110.42.71:49999
@tracker All of 1 nodes getting started
@tracker All nodes finishes job
start listen on 10.110.42.71:36351
@tracker All of 1 nodes getting started
@tracker All nodes finishes job
start listen on 10.110.42.71:49853
@tracker All of 1 nodes getting started
@tracker All nodes finishes job
Trial 283 finished with value: 0.9092666666666667 and parameters: {'tree_method': 'gpu_hist', 'lambda': 0.0001253547207062666, 'alpha': 0.0004100800795255015, 'colsample_bytree': 0.7389594254476477, 'subsample': 0.441979907933973, 'learning_rate': 0.09999606590138567, 'max_depth': 7, 'min_child_weight': 1, 'eval_metric': 'logloss'}. Best is trial 237 with value: 0.91155.
start listen on 10.110.42.71:38281
@tracker All of 1 nodes getting started
@tracker All nodes finishes job
start listen on 10.110.42.71:53645
@tracker All of 1 nodes getting started
@tracker All nodes finishes job
start listen on 10.110.42.71:47669
@tracker All of 1 nodes getting started
@tracker All nodes finishes job
start listen on 10.110.42.71:33171
@tracker All of 1 nodes getting started
@tracker All nodes finishes job
start listen on 10.110.42.71:58935
@tracker All of 1 nodes getting started
@tracker All nodes finishes job
Trial 284 finished with value: 0.9083 and parameters: {'tree_method': 'gpu_hist', 'lambda': 0.00016289032616306323, 'alpha': 0.000583397429557067, 'colsample_bytree': 0.43783286144107636, 'subsample': 0.7569706708334816, 'learning_rate': 0.07840649413675221, 'max_depth': 7, 'min_child_weight': 18, 'eval_metric': 'logloss'}. Best is trial 237 with value: 0.91155.
start listen on 10.110.42.71:53805
@tracker All of 1 nodes getting started
@tracker All nodes finishes job
start listen on 10.110.42.71:43135
@tracker All of 1 nodes getting started
@tracker All nodes finishes job
start listen on 10.110.42.71:43095
@tracker All of 1 nodes getting started
@tracker All nodes finishes job
start listen on 10.110.42.71:39389
@tracker All of 1 nodes getting started
@tracker All nodes finishes job
start listen on 10.110.42.71:43181
@tracker All of 1 nodes getting started
@tracker All nodes finishes job
Trial 285 finished with value: 0.887 and parameters: {'tree_method': 'gpu_hist', 'lambda': 0.00047603156609818533, 'alpha': 0.0011190943981558641, 'colsample_bytree': 0.46280505095399926, 'subsample': 0.72979660428009, 'learning_rate': 0.02411890015261859, 'max_depth': 3, 'min_child_weight': 7, 'eval_metric': 'logloss'}. Best is trial 237 with value: 0.91155.
start listen on 10.110.42.71:51695
@tracker All of 1 nodes getting started
@tracker All nodes finishes job
start listen on 10.110.42.71:35653
@tracker All of 1 nodes getting started
@tracker All nodes finishes job
start listen on 10.110.42.71:50007
@tracker All of 1 nodes getting started
@tracker All nodes finishes job
start listen on 10.110.42.71:43037
@tracker All of 1 nodes getting started
@tracker All nodes finishes job
start listen on 10.110.42.71:38369
@tracker All of 1 nodes getting started
@tracker All nodes finishes job
Trial 286 finished with value: 0.9098333333333334 and parameters: {'tree_method': 'gpu_hist', 'lambda': 0.0002849023950691774, 'alpha': 0.0003687455588322163, 'colsample_bytree': 0.9773540932343378, 'subsample': 0.780575538935957, 'learning_rate': 0.08603544483685598, 'max_depth': 7, 'min_child_weight': 11, 'eval_metric': 'logloss'}. Best is trial 237 with value: 0.91155.
start listen on 10.110.42.71:38749
@tracker All of 1 nodes getting started
@tracker All nodes finishes job
start listen on 10.110.42.71:57801
@tracker All of 1 nodes getting started
@tracker All nodes finishes job
start listen on 10.110.42.71:36515
@tracker All of 1 nodes getting started
@tracker All nodes finishes job
start listen on 10.110.42.71:52769
@tracker All of 1 nodes getting started
@tracker All nodes finishes job
start listen on 10.110.42.71:42005
@tracker All of 1 nodes getting started
@tracker All nodes finishes job
Trial 287 finished with value: 0.9096333333333333 and parameters: {'tree_method': 'gpu_hist', 'lambda': 0.00020677829047682444, 'alpha': 0.00046235625000472415, 'colsample_bytree': 0.4081169686346356, 'subsample': 0.7122481007589578, 'learning_rate': 0.07942775665587314, 'max_depth': 7, 'min_child_weight': 7, 'eval_metric': 'logloss'}. Best is trial 237 with value: 0.91155.
start listen on 10.110.42.71:39571
@tracker All of 1 nodes getting started
@tracker All nodes finishes job
start listen on 10.110.42.71:35763
@tracker All of 1 nodes getting started
@tracker All nodes finishes job
start listen on 10.110.42.71:52727
@tracker All of 1 nodes getting started
@tracker All nodes finishes job
start listen on 10.110.42.71:51949
@tracker All of 1 nodes getting started
@tracker All nodes finishes job
start listen on 10.110.42.71:33865
@tracker All of 1 nodes getting started
@tracker All nodes finishes job
Trial 288 finished with value: 0.9015 and parameters: {'tree_method': 'gpu_hist', 'lambda': 0.00015961410668468448, 'alpha': 0.0006854193218901225, 'colsample_bytree': 0.4261832818382583, 'subsample': 0.7410611935701807, 'learning_rate': 0.012982411855411893, 'max_depth': 7, 'min_child_weight': 1, 'eval_metric': 'logloss'}. Best is trial 237 with value: 0.91155.
start listen on 10.110.42.71:50697
@tracker All of 1 nodes getting started
@tracker All nodes finishes job
start listen on 10.110.42.71:36747
@tracker All of 1 nodes getting started
@tracker All nodes finishes job
start listen on 10.110.42.71:36495
@tracker All of 1 nodes getting started
@tracker All nodes finishes job
start listen on 10.110.42.71:36727
@tracker All of 1 nodes getting started
@tracker All nodes finishes job
start listen on 10.110.42.71:47445
@tracker All of 1 nodes getting started
@tracker All nodes finishes job
Trial 289 finished with value: 0.9086166666666666 and parameters: {'tree_method': 'gpu_hist', 'lambda': 0.0004277302877899991, 'alpha': 0.0003548442136550612, 'colsample_bytree': 0.39410286901056457, 'subsample': 0.755844473264506, 'learning_rate': 0.09184364559790983, 'max_depth': 15, 'min_child_weight': 14, 'eval_metric': 'logloss'}. Best is trial 237 with value: 0.91155.
start listen on 10.110.42.71:40319
@tracker All of 1 nodes getting started
@tracker All nodes finishes job
start listen on 10.110.42.71:41971
@tracker All of 1 nodes getting started
@tracker All nodes finishes job
start listen on 10.110.42.71:43757
@tracker All of 1 nodes getting started
@tracker All nodes finishes job
start listen on 10.110.42.71:39109
@tracker All of 1 nodes getting started
@tracker All nodes finishes job
start listen on 10.110.42.71:50419
@tracker All of 1 nodes getting started
@tracker All nodes finishes job
Trial 290 finished with value: 0.9073333333333333 and parameters: {'tree_method': 'gpu_hist', 'lambda': 0.00028866797906284717, 'alpha': 0.00021102385593187937, 'colsample_bytree': 0.4744362820986438, 'subsample': 0.7196359830209983, 'learning_rate': 0.063264717029745, 'max_depth': 7, 'min_child_weight': 22, 'eval_metric': 'logloss'}. Best is trial 237 with value: 0.91155.
start listen on 10.110.42.71:57111
@tracker All of 1 nodes getting started
@tracker All nodes finishes job
start listen on 10.110.42.71:55437
@tracker All of 1 nodes getting started
@tracker All nodes finishes job
start listen on 10.110.42.71:35003
@tracker All of 1 nodes getting started
@tracker All nodes finishes job
start listen on 10.110.42.71:57273
@tracker All of 1 nodes getting started
@tracker All nodes finishes job
start listen on 10.110.42.71:40009
@tracker All of 1 nodes getting started
@tracker All nodes finishes job
Trial 291 finished with value: 0.9105833333333333 and parameters: {'tree_method': 'gpu_hist', 'lambda': 0.0006644351297591009, 'alpha': 0.0005666072173749704, 'colsample_bytree': 0.4493139092389468, 'subsample': 0.8027247182814841, 'learning_rate': 0.09977278850089712, 'max_depth': 7, 'min_child_weight': 6, 'eval_metric': 'logloss'}. Best is trial 237 with value: 0.91155.
start listen on 10.110.42.71:50697
@tracker All of 1 nodes getting started
@tracker All nodes finishes job
start listen on 10.110.42.71:36363
@tracker All of 1 nodes getting started
@tracker All nodes finishes job
start listen on 10.110.42.71:35769
@tracker All of 1 nodes getting started
@tracker All nodes finishes job
start listen on 10.110.42.71:45781
@tracker All of 1 nodes getting started
@tracker All nodes finishes job
start listen on 10.110.42.71:56121
@tracker All of 1 nodes getting started
@tracker All nodes finishes job
