Trial 624 finished with value: 0.90665 and parameters: {'tree_method': 'gpu_hist', 'lambda': 0.04167955053676308, 'alpha': 0.00035877916639643227, 'colsample_bytree': 0.43503916030245193, 'subsample': 0.8311858074975614, 'learning_rate': 0.06930219059207451, 'max_depth': 7, 'min_child_weight': 40, 'eval_metric': 'logloss'}. Best is trial 478 with value: 0.91195.
start listen on 10.110.42.71:38813
@tracker All of 1 nodes getting started
@tracker All nodes finishes job
start listen on 10.110.42.71:59471
@tracker All of 1 nodes getting started
@tracker All nodes finishes job
start listen on 10.110.42.71:52727
@tracker All of 1 nodes getting started
@tracker All nodes finishes job
start listen on 10.110.42.71:40143
@tracker All of 1 nodes getting started
@tracker All nodes finishes job
start listen on 10.110.42.71:35337
@tracker All of 1 nodes getting started
@tracker All nodes finishes job
Trial 625 finished with value: 0.91025 and parameters: {'tree_method': 'gpu_hist', 'lambda': 0.00010082694658527193, 'alpha': 0.00044184100989734157, 'colsample_bytree': 0.39746952831989085, 'subsample': 0.7591269888334399, 'learning_rate': 0.08271650460760481, 'max_depth': 5, 'min_child_weight': 6, 'eval_metric': 'logloss'}. Best is trial 478 with value: 0.91195.
start listen on 10.110.42.71:43067
@tracker All of 1 nodes getting started
@tracker All nodes finishes job
start listen on 10.110.42.71:53571
@tracker All of 1 nodes getting started
@tracker All nodes finishes job
start listen on 10.110.42.71:33635
@tracker All of 1 nodes getting started
@tracker All nodes finishes job
start listen on 10.110.42.71:48905
@tracker All of 1 nodes getting started
@tracker All nodes finishes job
start listen on 10.110.42.71:39547
@tracker All of 1 nodes getting started
@tracker All nodes finishes job
Trial 626 finished with value: 0.8995833333333333 and parameters: {'tree_method': 'gpu_hist', 'lambda': 0.0002266473126409277, 'alpha': 0.0006353562115191308, 'colsample_bytree': 0.4216977352179289, 'subsample': 0.7256588046954456, 'learning_rate': 0.009005917829377407, 'max_depth': 11, 'min_child_weight': 1, 'eval_metric': 'logloss'}. Best is trial 478 with value: 0.91195.
start listen on 10.110.42.71:42059
@tracker All of 1 nodes getting started
@tracker All nodes finishes job
start listen on 10.110.42.71:39335
@tracker All of 1 nodes getting started
@tracker All nodes finishes job
start listen on 10.110.42.71:50489
@tracker All of 1 nodes getting started
@tracker All nodes finishes job
start listen on 10.110.42.71:35639
@tracker All of 1 nodes getting started
@tracker All nodes finishes job
start listen on 10.110.42.71:34535
@tracker All of 1 nodes getting started
@tracker All nodes finishes job
Trial 627 finished with value: 0.9095333333333333 and parameters: {'tree_method': 'gpu_hist', 'lambda': 0.0001536931379149364, 'alpha': 0.00015522085279894663, 'colsample_bytree': 0.40787514698966754, 'subsample': 0.7764886426811916, 'learning_rate': 0.09997272625950406, 'max_depth': 7, 'min_child_weight': 11, 'eval_metric': 'logloss'}. Best is trial 478 with value: 0.91195.
start listen on 10.110.42.71:50537
@tracker All of 1 nodes getting started
@tracker All nodes finishes job
start listen on 10.110.42.71:41101
@tracker All of 1 nodes getting started
@tracker All nodes finishes job
start listen on 10.110.42.71:32807
@tracker All of 1 nodes getting started
@tracker All nodes finishes job
start listen on 10.110.42.71:38229
@tracker All of 1 nodes getting started
@tracker All nodes finishes job
start listen on 10.110.42.71:34959
@tracker All of 1 nodes getting started
@tracker All nodes finishes job
Trial 628 finished with value: 0.9106833333333333 and parameters: {'tree_method': 'gpu_hist', 'lambda': 0.00012839408502939983, 'alpha': 0.000287784466480515, 'colsample_bytree': 0.38299668167193374, 'subsample': 0.7454425589920985, 'learning_rate': 0.07544797212628973, 'max_depth': 7, 'min_child_weight': 1, 'eval_metric': 'logloss'}. Best is trial 478 with value: 0.91195.
start listen on 10.110.42.71:50755
@tracker All of 1 nodes getting started
@tracker All nodes finishes job
start listen on 10.110.42.71:34659
@tracker All of 1 nodes getting started
@tracker All nodes finishes job
start listen on 10.110.42.71:41141
@tracker All of 1 nodes getting started
@tracker All nodes finishes job
start listen on 10.110.42.71:35047
@tracker All of 1 nodes getting started
@tracker All nodes finishes job
start listen on 10.110.42.71:60669
@tracker All of 1 nodes getting started
@tracker All nodes finishes job
Trial 629 finished with value: 0.9100666666666667 and parameters: {'tree_method': 'gpu_hist', 'lambda': 0.00017561582419441414, 'alpha': 0.00023473567027153212, 'colsample_bytree': 0.4453727060767637, 'subsample': 0.7181968101980561, 'learning_rate': 0.09157437782718016, 'max_depth': 7, 'min_child_weight': 11, 'eval_metric': 'logloss'}. Best is trial 478 with value: 0.91195.
start listen on 10.110.42.71:39667
@tracker All of 1 nodes getting started
@tracker All nodes finishes job
start listen on 10.110.42.71:56609
@tracker All of 1 nodes getting started
@tracker All nodes finishes job
start listen on 10.110.42.71:47449
@tracker All of 1 nodes getting started
@tracker All nodes finishes job
start listen on 10.110.42.71:56609
@tracker All of 1 nodes getting started
@tracker All nodes finishes job
start listen on 10.110.42.71:44311
@tracker All of 1 nodes getting started
@tracker All nodes finishes job
Trial 630 finished with value: 0.9007166666666667 and parameters: {'tree_method': 'gpu_hist', 'lambda': 0.00024651085366795417, 'alpha': 0.00033801031944667525, 'colsample_bytree': 0.36946800581756917, 'subsample': 0.41496656935659837, 'learning_rate': 0.08302292630236698, 'max_depth': 3, 'min_child_weight': 6, 'eval_metric': 'logloss'}. Best is trial 478 with value: 0.91195.
start listen on 10.110.42.71:38771
@tracker All of 1 nodes getting started
@tracker All nodes finishes job
start listen on 10.110.42.71:33951
@tracker All of 1 nodes getting started
@tracker All nodes finishes job
start listen on 10.110.42.71:43591
@tracker All of 1 nodes getting started
@tracker All nodes finishes job
start listen on 10.110.42.71:59715
@tracker All of 1 nodes getting started
@tracker All nodes finishes job
start listen on 10.110.42.71:41883
@tracker All of 1 nodes getting started
@tracker All nodes finishes job
Trial 631 finished with value: 0.9113666666666667 and parameters: {'tree_method': 'gpu_hist', 'lambda': 0.00034966520967556335, 'alpha': 0.00043339450135576905, 'colsample_bytree': 0.41988169883602683, 'subsample': 0.7056457423970361, 'learning_rate': 0.07449052431760499, 'max_depth': 7, 'min_child_weight': 1, 'eval_metric': 'logloss'}. Best is trial 478 with value: 0.91195.
start listen on 10.110.42.71:41911
@tracker All of 1 nodes getting started
@tracker All nodes finishes job
start listen on 10.110.42.71:32871
@tracker All of 1 nodes getting started
@tracker All nodes finishes job
start listen on 10.110.42.71:53259
@tracker All of 1 nodes getting started
@tracker All nodes finishes job
start listen on 10.110.42.71:49349
@tracker All of 1 nodes getting started
@tracker All nodes finishes job
start listen on 10.110.42.71:44825
@tracker All of 1 nodes getting started
@tracker All nodes finishes job
Trial 632 finished with value: 0.9003333333333333 and parameters: {'tree_method': 'gpu_hist', 'lambda': 0.0004854608920338145, 'alpha': 0.0005705619723824764, 'colsample_bytree': 0.3984078186513766, 'subsample': 0.6971489364493626, 'learning_rate': 0.014566710227729781, 'max_depth': 7, 'min_child_weight': 18, 'eval_metric': 'logloss'}. Best is trial 478 with value: 0.91195.
start listen on 10.110.42.71:34183
@tracker All of 1 nodes getting started
@tracker All nodes finishes job
start listen on 10.110.42.71:33401
@tracker All of 1 nodes getting started
@tracker All nodes finishes job
start listen on 10.110.42.71:42367
@tracker All of 1 nodes getting started
@tracker All nodes finishes job
start listen on 10.110.42.71:38973
@tracker All of 1 nodes getting started
@tracker All nodes finishes job
start listen on 10.110.42.71:51249
@tracker All of 1 nodes getting started
@tracker All nodes finishes job
Trial 633 finished with value: 0.9069666666666667 and parameters: {'tree_method': 'gpu_hist', 'lambda': 0.0003676201422198836, 'alpha': 0.0007475624597111318, 'colsample_bytree': 0.4167910450325744, 'subsample': 0.6906752101703558, 'learning_rate': 0.06467717228364121, 'max_depth': 7, 'min_child_weight': 30, 'eval_metric': 'logloss'}. Best is trial 478 with value: 0.91195.
start listen on 10.110.42.71:36709
@tracker All of 1 nodes getting started
@tracker All nodes finishes job
start listen on 10.110.42.71:45825
@tracker All of 1 nodes getting started
@tracker All nodes finishes job
start listen on 10.110.42.71:58349
@tracker All of 1 nodes getting started
@tracker All nodes finishes job
start listen on 10.110.42.71:58033
@tracker All of 1 nodes getting started
@tracker All nodes finishes job
start listen on 10.110.42.71:34167
@tracker All of 1 nodes getting started
@tracker All nodes finishes job
Trial 634 finished with value: 0.9108333333333334 and parameters: {'tree_method': 'gpu_hist', 'lambda': 0.000372879680063004, 'alpha': 0.0005074320568073052, 'colsample_bytree': 0.38939850131380077, 'subsample': 0.7050827541182364, 'learning_rate': 0.07036114063287538, 'max_depth': 7, 'min_child_weight': 1, 'eval_metric': 'logloss'}. Best is trial 478 with value: 0.91195.
start listen on 10.110.42.71:36409
@tracker All of 1 nodes getting started
@tracker All nodes finishes job
start listen on 10.110.42.71:48345
@tracker All of 1 nodes getting started
@tracker All nodes finishes job
start listen on 10.110.42.71:49395
@tracker All of 1 nodes getting started
@tracker All nodes finishes job
start listen on 10.110.42.71:46573
@tracker All of 1 nodes getting started
@tracker All nodes finishes job
start listen on 10.110.42.71:57887
@tracker All of 1 nodes getting started
@tracker All nodes finishes job
Trial 635 finished with value: 0.9101833333333333 and parameters: {'tree_method': 'gpu_hist', 'lambda': 0.00032235612604429093, 'alpha': 0.0004416408441668948, 'colsample_bytree': 0.4331464683489867, 'subsample': 0.7889052267742005, 'learning_rate': 0.07383248001178495, 'max_depth': 7, 'min_child_weight': 7, 'eval_metric': 'logloss'}. Best is trial 478 with value: 0.91195.
start listen on 10.110.42.71:59791
@tracker All of 1 nodes getting started
@tracker All nodes finishes job
start listen on 10.110.42.71:34151
@tracker All of 1 nodes getting started
@tracker All nodes finishes job
start listen on 10.110.42.71:51067
@tracker All of 1 nodes getting started
@tracker All nodes finishes job
start listen on 10.110.42.71:42029
@tracker All of 1 nodes getting started
@tracker All nodes finishes job
start listen on 10.110.42.71:57711
@tracker All of 1 nodes getting started
@tracker All nodes finishes job
Trial 636 finished with value: 0.9019 and parameters: {'tree_method': 'gpu_hist', 'lambda': 0.0006055008831316736, 'alpha': 0.0005942143266469022, 'colsample_bytree': 0.4106822126392506, 'subsample': 0.7099797968922006, 'learning_rate': 0.0915999673208536, 'max_depth': 15, 'min_child_weight': 81, 'eval_metric': 'logloss'}. Best is trial 478 with value: 0.91195.
start listen on 10.110.42.71:50537
@tracker All of 1 nodes getting started
@tracker All nodes finishes job
start listen on 10.110.42.71:45445
@tracker All of 1 nodes getting started
@tracker All nodes finishes job
start listen on 10.110.42.71:58901
@tracker All of 1 nodes getting started
@tracker All nodes finishes job
start listen on 10.110.42.71:40805
@tracker All of 1 nodes getting started
@tracker All nodes finishes job
start listen on 10.110.42.71:56835
@tracker All of 1 nodes getting started
@tracker All nodes finishes job
Trial 637 finished with value: 0.90875 and parameters: {'tree_method': 'gpu_hist', 'lambda': 0.00041053062346248475, 'alpha': 0.000399500669875908, 'colsample_bytree': 0.48737578439282103, 'subsample': 0.8011648208241072, 'learning_rate': 0.059830940890145484, 'max_depth': 7, 'min_child_weight': 14, 'eval_metric': 'logloss'}. Best is trial 478 with value: 0.91195.
start listen on 10.110.42.71:40925
@tracker All of 1 nodes getting started
@tracker All nodes finishes job
start listen on 10.110.42.71:35733
@tracker All of 1 nodes getting started
@tracker All nodes finishes job
start listen on 10.110.42.71:41053
@tracker All of 1 nodes getting started
@tracker All nodes finishes job
start listen on 10.110.42.71:56595
@tracker All of 1 nodes getting started
@tracker All nodes finishes job
start listen on 10.110.42.71:48633
@tracker All of 1 nodes getting started
@tracker All nodes finishes job
Trial 638 finished with value: 0.91035 and parameters: {'tree_method': 'gpu_hist', 'lambda': 0.0005172223671052144, 'alpha': 0.0004918108974080827, 'colsample_bytree': 0.4668853950394294, 'subsample': 0.771712954485056, 'learning_rate': 0.07860948575266001, 'max_depth': 7, 'min_child_weight': 6, 'eval_metric': 'logloss'}. Best is trial 478 with value: 0.91195.
start listen on 10.110.42.71:55725
@tracker All of 1 nodes getting started
@tracker All nodes finishes job
start listen on 10.110.42.71:36481
@tracker All of 1 nodes getting started
@tracker All nodes finishes job
start listen on 10.110.42.71:47739
@tracker All of 1 nodes getting started
@tracker All nodes finishes job
start listen on 10.110.42.71:56203
@tracker All of 1 nodes getting started
@tracker All nodes finishes job
start listen on 10.110.42.71:33785
@tracker All of 1 nodes getting started
@tracker All nodes finishes job
Trial 639 finished with value: 0.9070166666666667 and parameters: {'tree_method': 'gpu_hist', 'lambda': 0.00029251235954320373, 'alpha': 5.470700229945967, 'colsample_bytree': 0.45160758187260397, 'subsample': 0.6549380139202973, 'learning_rate': 0.09245217589585562, 'max_depth': 7, 'min_child_weight': 10, 'eval_metric': 'logloss'}. Best is trial 478 with value: 0.91195.
start listen on 10.110.42.71:43715
@tracker All of 1 nodes getting started
@tracker All nodes finishes job
start listen on 10.110.42.71:44161
@tracker All of 1 nodes getting started
@tracker All nodes finishes job
start listen on 10.110.42.71:49439
@tracker All of 1 nodes getting started
@tracker All nodes finishes job
start listen on 10.110.42.71:60735
@tracker All of 1 nodes getting started
@tracker All nodes finishes job
start listen on 10.110.42.71:32977
@tracker All of 1 nodes getting started
@tracker All nodes finishes job
Trial 640 finished with value: 0.9072333333333333 and parameters: {'tree_method': 'gpu_hist', 'lambda': 0.0002990915826786649, 'alpha': 0.00037615171811705163, 'colsample_bytree': 0.7942590051318087, 'subsample': 0.7035281005907542, 'learning_rate': 0.02617538065284989, 'max_depth': 7, 'min_child_weight': 1, 'eval_metric': 'logloss'}. Best is trial 478 with value: 0.91195.
start listen on 10.110.42.71:37337
@tracker All of 1 nodes getting started
@tracker All nodes finishes job
start listen on 10.110.42.71:56441
@tracker All of 1 nodes getting started
@tracker All nodes finishes job
start listen on 10.110.42.71:58815
@tracker All of 1 nodes getting started
@tracker All nodes finishes job
start listen on 10.110.42.71:39589
@tracker All of 1 nodes getting started
@tracker All nodes finishes job
start listen on 10.110.42.71:57229
@tracker All of 1 nodes getting started
@tracker All nodes finishes job
Trial 641 finished with value: 0.90845 and parameters: {'tree_method': 'gpu_hist', 'lambda': 0.0002504184818999138, 'alpha': 0.0008693055360387031, 'colsample_bytree': 0.3981364786826485, 'subsample': 0.6789207034167424, 'learning_rate': 0.08592883779154536, 'max_depth': 7, 'min_child_weight': 16, 'eval_metric': 'logloss'}. Best is trial 478 with value: 0.91195.
start listen on 10.110.42.71:40629
@tracker All of 1 nodes getting started
@tracker All nodes finishes job
start listen on 10.110.42.71:60763
@tracker All of 1 nodes getting started
@tracker All nodes finishes job
start listen on 10.110.42.71:48553
@tracker All of 1 nodes getting started
@tracker All nodes finishes job
start listen on 10.110.42.71:36735
@tracker All of 1 nodes getting started
@tracker All nodes finishes job
start listen on 10.110.42.71:47575
@tracker All of 1 nodes getting started
@tracker All nodes finishes job
Trial 642 finished with value: 0.91055 and parameters: {'tree_method': 'gpu_hist', 'lambda': 0.00012622475934541728, 'alpha': 0.0012685802193266127, 'colsample_bytree': 0.3769519732366468, 'subsample': 0.7841684057348839, 'learning_rate': 0.06692634178490856, 'max_depth': 7, 'min_child_weight': 7, 'eval_metric': 'logloss'}. Best is trial 478 with value: 0.91195.
start listen on 10.110.42.71:57119
@tracker All of 1 nodes getting started
@tracker All nodes finishes job
start listen on 10.110.42.71:47693
@tracker All of 1 nodes getting started
@tracker All nodes finishes job
start listen on 10.110.42.71:60425
@tracker All of 1 nodes getting started
@tracker All nodes finishes job
start listen on 10.110.42.71:44549
@tracker All of 1 nodes getting started
@tracker All nodes finishes job
start listen on 10.110.42.71:49031
@tracker All of 1 nodes getting started
@tracker All nodes finishes job
Trial 643 finished with value: 0.9118333333333334 and parameters: {'tree_method': 'gpu_hist', 'lambda': 0.0001002398754270225, 'alpha': 0.0005512328795845267, 'colsample_bytree': 0.42567874186479854, 'subsample': 0.8141441739200959, 'learning_rate': 0.09239475166226256, 'max_depth': 7, 'min_child_weight': 1, 'eval_metric': 'logloss'}. Best is trial 478 with value: 0.91195.
start listen on 10.110.42.71:51015
@tracker All of 1 nodes getting started
@tracker All nodes finishes job
start listen on 10.110.42.71:46853
@tracker All of 1 nodes getting started
@tracker All nodes finishes job
start listen on 10.110.42.71:36611
@tracker All of 1 nodes getting started
@tracker All nodes finishes job
start listen on 10.110.42.71:52305
@tracker All of 1 nodes getting started
@tracker All nodes finishes job
start listen on 10.110.42.71:42713
@tracker All of 1 nodes getting started
@tracker All nodes finishes job
Trial 644 finished with value: 0.9074 and parameters: {'tree_method': 'gpu_hist', 'lambda': 0.00012916701722422743, 'alpha': 0.0007322492216206481, 'colsample_bytree': 0.9178095413334915, 'subsample': 0.801627408006812, 'learning_rate': 0.07512536808457329, 'max_depth': 7, 'min_child_weight': 22, 'eval_metric': 'logloss'}. Best is trial 478 with value: 0.91195.
start listen on 10.110.42.71:36405
@tracker All of 1 nodes getting started
@tracker All nodes finishes job
start listen on 10.110.42.71:44411
@tracker All of 1 nodes getting started
@tracker All nodes finishes job
start listen on 10.110.42.71:49511
@tracker All of 1 nodes getting started
@tracker All nodes finishes job
start listen on 10.110.42.71:57841
@tracker All of 1 nodes getting started
@tracker All nodes finishes job
start listen on 10.110.42.71:45013
@tracker All of 1 nodes getting started
@tracker All nodes finishes job
Trial 645 finished with value: 0.90895 and parameters: {'tree_method': 'gpu_hist', 'lambda': 0.00011453055211530256, 'alpha': 0.000537031220971789, 'colsample_bytree': 0.42435021576838405, 'subsample': 0.6769990375428598, 'learning_rate': 0.08140317242256646, 'max_depth': 7, 'min_child_weight': 12, 'eval_metric': 'logloss'}. Best is trial 478 with value: 0.91195.
start listen on 10.110.42.71:55927
@tracker All of 1 nodes getting started
@tracker All nodes finishes job
start listen on 10.110.42.71:33457
@tracker All of 1 nodes getting started
@tracker All nodes finishes job
start listen on 10.110.42.71:54063
@tracker All of 1 nodes getting started
@tracker All nodes finishes job
start listen on 10.110.42.71:54783
@tracker All of 1 nodes getting started
@tracker All nodes finishes job
start listen on 10.110.42.71:60429
@tracker All of 1 nodes getting started
@tracker All nodes finishes job
Trial 646 finished with value: 0.9094833333333333 and parameters: {'tree_method': 'gpu_hist', 'lambda': 0.00010063512930659164, 'alpha': 0.0006693717734496748, 'colsample_bytree': 0.4072144164459582, 'subsample': 0.7191677326276491, 'learning_rate': 0.07218220177167839, 'max_depth': 13, 'min_child_weight': 6, 'eval_metric': 'logloss'}. Best is trial 478 with value: 0.91195.
start listen on 10.110.42.71:41113
@tracker All of 1 nodes getting started
@tracker All nodes finishes job
start listen on 10.110.42.71:52801
@tracker All of 1 nodes getting started
@tracker All nodes finishes job
start listen on 10.110.42.71:33089
@tracker All of 1 nodes getting started
@tracker All nodes finishes job
start listen on 10.110.42.71:50387
@tracker All of 1 nodes getting started
@tracker All nodes finishes job
start listen on 10.110.42.71:37987
@tracker All of 1 nodes getting started
@tracker All nodes finishes job
Trial 647 finished with value: 0.91115 and parameters: {'tree_method': 'gpu_hist', 'lambda': 0.00010332976809701111, 'alpha': 0.0005943763313817917, 'colsample_bytree': 0.44142350209159664, 'subsample': 0.8260848223935966, 'learning_rate': 0.085330415899412, 'max_depth': 7, 'min_child_weight': 1, 'eval_metric': 'logloss'}. Best is trial 478 with value: 0.91195.
start listen on 10.110.42.71:37171
@tracker All of 1 nodes getting started
@tracker All nodes finishes job
start listen on 10.110.42.71:59123
@tracker All of 1 nodes getting started
@tracker All nodes finishes job
start listen on 10.110.42.71:34871
@tracker All of 1 nodes getting started
@tracker All nodes finishes job
start listen on 10.110.42.71:54923
@tracker All of 1 nodes getting started
@tracker All nodes finishes job
start listen on 10.110.42.71:55463
@tracker All of 1 nodes getting started
@tracker All nodes finishes job
