Trial 433 finished with value: 0.9109 and parameters: {'tree_method': 'gpu_hist', 'lambda': 0.00017157892200908093, 'alpha': 0.0004892153089761441, 'colsample_bytree': 0.33469271207156226, 'subsample': 0.8079096499416815, 'learning_rate': 0.09973935371938211, 'max_depth': 7, 'min_child_weight': 1, 'eval_metric': 'logloss'}. Best is trial 355 with value: 0.9115833333333333.
start listen on 10.110.42.71:56939
@tracker All of 1 nodes getting started
@tracker All nodes finishes job
start listen on 10.110.42.71:34829
@tracker All of 1 nodes getting started
@tracker All nodes finishes job
start listen on 10.110.42.71:37391
@tracker All of 1 nodes getting started
@tracker All nodes finishes job
start listen on 10.110.42.71:58375
@tracker All of 1 nodes getting started
@tracker All nodes finishes job
start listen on 10.110.42.71:42537
@tracker All of 1 nodes getting started
@tracker All nodes finishes job
Trial 434 finished with value: 0.9087833333333334 and parameters: {'tree_method': 'gpu_hist', 'lambda': 0.0002588806778741437, 'alpha': 0.00032415514483498186, 'colsample_bytree': 0.45299152507496937, 'subsample': 0.7566314845383031, 'learning_rate': 0.08603143846590725, 'max_depth': 7, 'min_child_weight': 16, 'eval_metric': 'logloss'}. Best is trial 355 with value: 0.9115833333333333.
start listen on 10.110.42.71:38737
@tracker All of 1 nodes getting started
@tracker All nodes finishes job
start listen on 10.110.42.71:51413
@tracker All of 1 nodes getting started
@tracker All nodes finishes job
start listen on 10.110.42.71:44891
@tracker All of 1 nodes getting started
@tracker All nodes finishes job
start listen on 10.110.42.71:48457
@tracker All of 1 nodes getting started
@tracker All nodes finishes job
start listen on 10.110.42.71:42599
@tracker All of 1 nodes getting started
@tracker All nodes finishes job
Trial 435 finished with value: 0.9096 and parameters: {'tree_method': 'gpu_hist', 'lambda': 0.00012266539829002313, 'alpha': 0.00012323122281275695, 'colsample_bytree': 0.4134379555053247, 'subsample': 0.7877708545316087, 'learning_rate': 0.09312551921201656, 'max_depth': 11, 'min_child_weight': 8, 'eval_metric': 'logloss'}. Best is trial 355 with value: 0.9115833333333333.
start listen on 10.110.42.71:37383
@tracker All of 1 nodes getting started
@tracker All nodes finishes job
start listen on 10.110.42.71:42165
@tracker All of 1 nodes getting started
@tracker All nodes finishes job
start listen on 10.110.42.71:57807
@tracker All of 1 nodes getting started
@tracker All nodes finishes job
start listen on 10.110.42.71:54447
@tracker All of 1 nodes getting started
@tracker All nodes finishes job
start listen on 10.110.42.71:48041
@tracker All of 1 nodes getting started
@tracker All nodes finishes job
Trial 436 finished with value: 0.9091166666666667 and parameters: {'tree_method': 'gpu_hist', 'lambda': 0.00021316705377902691, 'alpha': 0.0002547635335690368, 'colsample_bytree': 0.37320352195994366, 'subsample': 0.506230559939947, 'learning_rate': 0.06501312019296297, 'max_depth': 7, 'min_child_weight': 6, 'eval_metric': 'logloss'}. Best is trial 355 with value: 0.9115833333333333.
start listen on 10.110.42.71:36907
@tracker All of 1 nodes getting started
@tracker All nodes finishes job
start listen on 10.110.42.71:36617
@tracker All of 1 nodes getting started
@tracker All nodes finishes job
start listen on 10.110.42.71:47635
@tracker All of 1 nodes getting started
@tracker All nodes finishes job
start listen on 10.110.42.71:39953
@tracker All of 1 nodes getting started
@tracker All nodes finishes job
start listen on 10.110.42.71:51969
@tracker All of 1 nodes getting started
@tracker All nodes finishes job
Trial 437 finished with value: 0.9088833333333334 and parameters: {'tree_method': 'gpu_hist', 'lambda': 0.00031414818399292586, 'alpha': 0.0005982023830465419, 'colsample_bytree': 0.42616982328977154, 'subsample': 0.7769158454202675, 'learning_rate': 0.0817260870848479, 'max_depth': 5, 'min_child_weight': 12, 'eval_metric': 'logloss'}. Best is trial 355 with value: 0.9115833333333333.
start listen on 10.110.42.71:39683
@tracker All of 1 nodes getting started
@tracker All nodes finishes job
start listen on 10.110.42.71:48541
@tracker All of 1 nodes getting started
@tracker All nodes finishes job
start listen on 10.110.42.71:40447
@tracker All of 1 nodes getting started
@tracker All nodes finishes job
start listen on 10.110.42.71:35421
@tracker All of 1 nodes getting started
@tracker All nodes finishes job
start listen on 10.110.42.71:59817
@tracker All of 1 nodes getting started
@tracker All nodes finishes job
Trial 438 finished with value: 0.9117666666666666 and parameters: {'tree_method': 'gpu_hist', 'lambda': 0.00016714042777110326, 'alpha': 0.00039413831018070505, 'colsample_bytree': 0.4048870777533499, 'subsample': 0.7608100131193141, 'learning_rate': 0.09979554452392238, 'max_depth': 7, 'min_child_weight': 1, 'eval_metric': 'logloss'}. Best is trial 438 with value: 0.9117666666666666.
start listen on 10.110.42.71:45287
@tracker All of 1 nodes getting started
@tracker All nodes finishes job
start listen on 10.110.42.71:33969
@tracker All of 1 nodes getting started
@tracker All nodes finishes job
start listen on 10.110.42.71:60143
@tracker All of 1 nodes getting started
@tracker All nodes finishes job
start listen on 10.110.42.71:37139
@tracker All of 1 nodes getting started
@tracker All nodes finishes job
start listen on 10.110.42.71:38593
@tracker All of 1 nodes getting started
@tracker All nodes finishes job
Trial 439 finished with value: 0.9097166666666666 and parameters: {'tree_method': 'gpu_hist', 'lambda': 0.00012358343178373, 'alpha': 0.000223043643561303, 'colsample_bytree': 0.39449458114059494, 'subsample': 0.7458227151808828, 'learning_rate': 0.07448947114192488, 'max_depth': 7, 'min_child_weight': 6, 'eval_metric': 'logloss'}. Best is trial 438 with value: 0.9117666666666666.
start listen on 10.110.42.71:51553
@tracker All of 1 nodes getting started
@tracker All nodes finishes job
start listen on 10.110.42.71:47513
@tracker All of 1 nodes getting started
@tracker All nodes finishes job
start listen on 10.110.42.71:60585
@tracker All of 1 nodes getting started
@tracker All nodes finishes job
start listen on 10.110.42.71:60721
@tracker All of 1 nodes getting started
@tracker All nodes finishes job
start listen on 10.110.42.71:50553
@tracker All of 1 nodes getting started
@tracker All nodes finishes job
Trial 440 finished with value: 0.9113166666666667 and parameters: {'tree_method': 'gpu_hist', 'lambda': 0.00015099218345997336, 'alpha': 0.0002847797619759207, 'colsample_bytree': 0.4035222949318969, 'subsample': 0.7615542231309319, 'learning_rate': 0.08699416087372301, 'max_depth': 7, 'min_child_weight': 1, 'eval_metric': 'logloss'}. Best is trial 438 with value: 0.9117666666666666.
start listen on 10.110.42.71:40423
@tracker All of 1 nodes getting started
@tracker All nodes finishes job
start listen on 10.110.42.71:32917
@tracker All of 1 nodes getting started
@tracker All nodes finishes job
start listen on 10.110.42.71:45611
@tracker All of 1 nodes getting started
@tracker All nodes finishes job
start listen on 10.110.42.71:46469
@tracker All of 1 nodes getting started
@tracker All nodes finishes job
start listen on 10.110.42.71:47039
@tracker All of 1 nodes getting started
@tracker All nodes finishes job
Trial 441 finished with value: 0.9001666666666667 and parameters: {'tree_method': 'gpu_hist', 'lambda': 0.00010046412524438986, 'alpha': 0.00028692629062864865, 'colsample_bytree': 0.3812887810138607, 'subsample': 0.7572155443029871, 'learning_rate': 0.014799771683456012, 'max_depth': 7, 'min_child_weight': 20, 'eval_metric': 'logloss'}. Best is trial 438 with value: 0.9117666666666666.
start listen on 10.110.42.71:43257
@tracker All of 1 nodes getting started
@tracker All nodes finishes job
start listen on 10.110.42.71:57173
@tracker All of 1 nodes getting started
@tracker All nodes finishes job
start listen on 10.110.42.71:56767
@tracker All of 1 nodes getting started
@tracker All nodes finishes job
start listen on 10.110.42.71:38283
@tracker All of 1 nodes getting started
@tracker All nodes finishes job
start listen on 10.110.42.71:36363
@tracker All of 1 nodes getting started
@tracker All nodes finishes job
Trial 442 finished with value: 0.9095666666666666 and parameters: {'tree_method': 'gpu_hist', 'lambda': 0.00014885784619936689, 'alpha': 0.00016500926216124712, 'colsample_bytree': 0.4077680941130908, 'subsample': 0.7673257704099157, 'learning_rate': 0.09180912790541615, 'max_depth': 7, 'min_child_weight': 11, 'eval_metric': 'logloss'}. Best is trial 438 with value: 0.9117666666666666.
start listen on 10.110.42.71:44385
@tracker All of 1 nodes getting started
@tracker All nodes finishes job
start listen on 10.110.42.71:53383
@tracker All of 1 nodes getting started
@tracker All nodes finishes job
start listen on 10.110.42.71:56833
@tracker All of 1 nodes getting started
@tracker All nodes finishes job
start listen on 10.110.42.71:42257
@tracker All of 1 nodes getting started
@tracker All nodes finishes job
start listen on 10.110.42.71:44625
@tracker All of 1 nodes getting started
@tracker All nodes finishes job
Trial 443 finished with value: 0.9018166666666667 and parameters: {'tree_method': 'gpu_hist', 'lambda': 0.00014131971844550133, 'alpha': 0.0002016018079623277, 'colsample_bytree': 0.3990324276593175, 'subsample': 0.7392121768905239, 'learning_rate': 0.07873303167219078, 'max_depth': 3, 'min_child_weight': 6, 'eval_metric': 'logloss'}. Best is trial 438 with value: 0.9117666666666666.
start listen on 10.110.42.71:54593
@tracker All of 1 nodes getting started
@tracker All nodes finishes job
start listen on 10.110.42.71:41503
@tracker All of 1 nodes getting started
@tracker All nodes finishes job
start listen on 10.110.42.71:40513
@tracker All of 1 nodes getting started
@tracker All nodes finishes job
start listen on 10.110.42.71:51631
@tracker All of 1 nodes getting started
@tracker All nodes finishes job
start listen on 10.110.42.71:35273
@tracker All of 1 nodes getting started
@tracker All nodes finishes job
Trial 444 finished with value: 0.9108833333333334 and parameters: {'tree_method': 'gpu_hist', 'lambda': 0.0001810739737819673, 'alpha': 0.0003489116946798789, 'colsample_bytree': 0.3844451514892631, 'subsample': 0.7179728420622863, 'learning_rate': 0.07035152885398957, 'max_depth': 7, 'min_child_weight': 1, 'eval_metric': 'logloss'}. Best is trial 438 with value: 0.9117666666666666.
start listen on 10.110.42.71:33959
@tracker All of 1 nodes getting started
@tracker All nodes finishes job
start listen on 10.110.42.71:59295
@tracker All of 1 nodes getting started
@tracker All nodes finishes job
start listen on 10.110.42.71:38487
@tracker All of 1 nodes getting started
@tracker All nodes finishes job
start listen on 10.110.42.71:39677
@tracker All of 1 nodes getting started
@tracker All nodes finishes job
start listen on 10.110.42.71:57307
@tracker All of 1 nodes getting started
@tracker All nodes finishes job
Trial 445 finished with value: 0.8943 and parameters: {'tree_method': 'gpu_hist', 'lambda': 0.0001212722065964287, 'alpha': 0.0002734250754740472, 'colsample_bytree': 0.4081219100414611, 'subsample': 0.75417642614583, 'learning_rate': 0.0841093368362858, 'max_depth': 7, 'min_child_weight': 185, 'eval_metric': 'logloss'}. Best is trial 438 with value: 0.9117666666666666.
start listen on 10.110.42.71:55193
@tracker All of 1 nodes getting started
@tracker All nodes finishes job
start listen on 10.110.42.71:51109
@tracker All of 1 nodes getting started
@tracker All nodes finishes job
start listen on 10.110.42.71:35283
@tracker All of 1 nodes getting started
@tracker All nodes finishes job
start listen on 10.110.42.71:50277
@tracker All of 1 nodes getting started
@tracker All nodes finishes job
start listen on 10.110.42.71:50919
@tracker All of 1 nodes getting started
@tracker All nodes finishes job
Trial 446 finished with value: 0.9071833333333333 and parameters: {'tree_method': 'gpu_hist', 'lambda': 0.000160336512962511, 'alpha': 0.0004189644853408804, 'colsample_bytree': 0.42348368318239027, 'subsample': 0.45109168149609646, 'learning_rate': 0.09159931938255358, 'max_depth': 7, 'min_child_weight': 13, 'eval_metric': 'logloss'}. Best is trial 438 with value: 0.9117666666666666.
start listen on 10.110.42.71:33707
@tracker All of 1 nodes getting started
@tracker All nodes finishes job
start listen on 10.110.42.71:53357
@tracker All of 1 nodes getting started
@tracker All nodes finishes job
start listen on 10.110.42.71:35767
@tracker All of 1 nodes getting started
@tracker All nodes finishes job
start listen on 10.110.42.71:60029
@tracker All of 1 nodes getting started
@tracker All nodes finishes job
start listen on 10.110.42.71:40519
@tracker All of 1 nodes getting started
@tracker All nodes finishes job
Trial 447 finished with value: 0.9106666666666666 and parameters: {'tree_method': 'gpu_hist', 'lambda': 0.00010084048713395807, 'alpha': 0.0003615223221375, 'colsample_bytree': 0.4112532972186266, 'subsample': 0.765809122645139, 'learning_rate': 0.08478769269099848, 'max_depth': 7, 'min_child_weight': 1, 'eval_metric': 'logloss'}. Best is trial 438 with value: 0.9117666666666666.
start listen on 10.110.42.71:45747
@tracker All of 1 nodes getting started
@tracker All nodes finishes job
start listen on 10.110.42.71:43503
@tracker All of 1 nodes getting started
@tracker All nodes finishes job
start listen on 10.110.42.71:59719
@tracker All of 1 nodes getting started
@tracker All nodes finishes job
start listen on 10.110.42.71:50931
@tracker All of 1 nodes getting started
@tracker All nodes finishes job
start listen on 10.110.42.71:57675
@tracker All of 1 nodes getting started
@tracker All nodes finishes job
Trial 448 finished with value: 0.8860166666666667 and parameters: {'tree_method': 'gpu_hist', 'lambda': 0.00020936793784088738, 'alpha': 0.00021967097629321613, 'colsample_bytree': 0.36762326893477076, 'subsample': 0.6869353758902981, 'learning_rate': 0.07456248819487599, 'max_depth': 7, 'min_child_weight': 263, 'eval_metric': 'logloss'}. Best is trial 438 with value: 0.9117666666666666.
start listen on 10.110.42.71:54449
@tracker All of 1 nodes getting started
@tracker All nodes finishes job
start listen on 10.110.42.71:60653
@tracker All of 1 nodes getting started
@tracker All nodes finishes job
start listen on 10.110.42.71:52529
@tracker All of 1 nodes getting started
@tracker All nodes finishes job
start listen on 10.110.42.71:48507
@tracker All of 1 nodes getting started
@tracker All nodes finishes job
start listen on 10.110.42.71:38283
@tracker All of 1 nodes getting started
@tracker All nodes finishes job
Trial 449 finished with value: 0.9102166666666667 and parameters: {'tree_method': 'gpu_hist', 'lambda': 0.00025303315301068274, 'alpha': 0.00029851190140144773, 'colsample_bytree': 0.3938383926674053, 'subsample': 0.7458430200286756, 'learning_rate': 0.09997539000782198, 'max_depth': 7, 'min_child_weight': 7, 'eval_metric': 'logloss'}. Best is trial 438 with value: 0.9117666666666666.
start listen on 10.110.42.71:60271
@tracker All of 1 nodes getting started
@tracker All nodes finishes job
start listen on 10.110.42.71:60047
@tracker All of 1 nodes getting started
@tracker All nodes finishes job
start listen on 10.110.42.71:39959
@tracker All of 1 nodes getting started
@tracker All nodes finishes job
start listen on 10.110.42.71:59711
@tracker All of 1 nodes getting started
@tracker All nodes finishes job
start listen on 10.110.42.71:48603
@tracker All of 1 nodes getting started
@tracker All nodes finishes job
Trial 450 finished with value: 0.9088 and parameters: {'tree_method': 'gpu_hist', 'lambda': 0.0003729302549684476, 'alpha': 0.0003662082279671297, 'colsample_bytree': 0.8905591328201655, 'subsample': 0.7368715395221143, 'learning_rate': 0.06645585858593715, 'max_depth': 7, 'min_child_weight': 15, 'eval_metric': 'logloss'}. Best is trial 438 with value: 0.9117666666666666.
start listen on 10.110.42.71:49559
@tracker All of 1 nodes getting started
@tracker All nodes finishes job
start listen on 10.110.42.71:46633
@tracker All of 1 nodes getting started
@tracker All nodes finishes job
start listen on 10.110.42.71:40085
@tracker All of 1 nodes getting started
@tracker All nodes finishes job
start listen on 10.110.42.71:48895
@tracker All of 1 nodes getting started
@tracker All nodes finishes job
start listen on 10.110.42.71:48883
@tracker All of 1 nodes getting started
@tracker All nodes finishes job
Trial 451 finished with value: 0.9089333333333334 and parameters: {'tree_method': 'gpu_hist', 'lambda': 0.00014309717767706657, 'alpha': 0.4225439017476011, 'colsample_bytree': 0.3918404919450552, 'subsample': 0.726345237795608, 'learning_rate': 0.08521016726373021, 'max_depth': 15, 'min_child_weight': 7, 'eval_metric': 'logloss'}. Best is trial 438 with value: 0.9117666666666666.
start listen on 10.110.42.71:60703
@tracker All of 1 nodes getting started
@tracker All nodes finishes job
start listen on 10.110.42.71:33303
@tracker All of 1 nodes getting started
@tracker All nodes finishes job
start listen on 10.110.42.71:47899
@tracker All of 1 nodes getting started
@tracker All nodes finishes job
start listen on 10.110.42.71:60475
@tracker All of 1 nodes getting started
@tracker All nodes finishes job
start listen on 10.110.42.71:34405
@tracker All of 1 nodes getting started
@tracker All nodes finishes job
Trial 452 finished with value: 0.91075 and parameters: {'tree_method': 'gpu_hist', 'lambda': 0.0005392023141983145, 'alpha': 0.00026255394838337325, 'colsample_bytree': 0.4087109060826946, 'subsample': 0.7110762798674296, 'learning_rate': 0.07543691661234964, 'max_depth': 7, 'min_child_weight': 1, 'eval_metric': 'logloss'}. Best is trial 438 with value: 0.9117666666666666.
start listen on 10.110.42.71:39403
@tracker All of 1 nodes getting started
@tracker All nodes finishes job
start listen on 10.110.42.71:35425
@tracker All of 1 nodes getting started
@tracker All nodes finishes job
start listen on 10.110.42.71:42213
@tracker All of 1 nodes getting started
@tracker All nodes finishes job
start listen on 10.110.42.71:45111
@tracker All of 1 nodes getting started
@tracker All nodes finishes job
start listen on 10.110.42.71:40769
@tracker All of 1 nodes getting started
@tracker All nodes finishes job
Trial 453 finished with value: 0.9088833333333334 and parameters: {'tree_method': 'gpu_hist', 'lambda': 0.00018401238732527388, 'alpha': 0.00046856500123271336, 'colsample_bytree': 0.43185553625092704, 'subsample': 0.7688931696077519, 'learning_rate': 0.09993835749104175, 'max_depth': 7, 'min_child_weight': 18, 'eval_metric': 'logloss'}. Best is trial 438 with value: 0.9117666666666666.
start listen on 10.110.42.71:39459
@tracker All of 1 nodes getting started
@tracker All nodes finishes job
start listen on 10.110.42.71:43593
@tracker All of 1 nodes getting started
@tracker All nodes finishes job
start listen on 10.110.42.71:38723
@tracker All of 1 nodes getting started
@tracker All nodes finishes job
start listen on 10.110.42.71:52229
@tracker All of 1 nodes getting started
@tracker All nodes finishes job
start listen on 10.110.42.71:45459
@tracker All of 1 nodes getting started
@tracker All nodes finishes job
Trial 454 finished with value: 0.9095166666666666 and parameters: {'tree_method': 'gpu_hist', 'lambda': 0.0001248999896394958, 'alpha': 0.00019055368811462712, 'colsample_bytree': 0.44181632209258664, 'subsample': 0.7803743653565833, 'learning_rate': 0.08994857400870249, 'max_depth': 7, 'min_child_weight': 11, 'eval_metric': 'logloss'}. Best is trial 438 with value: 0.9117666666666666.
start listen on 10.110.42.71:49635
@tracker All of 1 nodes getting started
@tracker All nodes finishes job
start listen on 10.110.42.71:32871
@tracker All of 1 nodes getting started
@tracker All nodes finishes job
start listen on 10.110.42.71:48721
@tracker All of 1 nodes getting started
@tracker All nodes finishes job
start listen on 10.110.42.71:46595
@tracker All of 1 nodes getting started
@tracker All nodes finishes job
start listen on 10.110.42.71:47137
@tracker All of 1 nodes getting started
@tracker All nodes finishes job
Trial 455 finished with value: 0.9107333333333333 and parameters: {'tree_method': 'gpu_hist', 'lambda': 0.000151551905098739, 'alpha': 0.00010137831436577745, 'colsample_bytree': 0.42067889237935047, 'subsample': 0.6966008878043765, 'learning_rate': 0.08076536479363271, 'max_depth': 7, 'min_child_weight': 7, 'eval_metric': 'logloss'}. Best is trial 438 with value: 0.9117666666666666.
start listen on 10.110.42.71:38821
@tracker All of 1 nodes getting started
@tracker All nodes finishes job
start listen on 10.110.42.71:51327
@tracker All of 1 nodes getting started
@tracker All nodes finishes job
start listen on 10.110.42.71:42791
@tracker All of 1 nodes getting started
@tracker All nodes finishes job
start listen on 10.110.42.71:55745
@tracker All of 1 nodes getting started
@tracker All nodes finishes job
start listen on 10.110.42.71:45547
@tracker All of 1 nodes getting started
@tracker All nodes finishes job
