Trial 672 finished with value: 0.9103666666666667 and parameters: {'tree_method': 'gpu_hist', 'lambda': 0.00016588593399677036, 'alpha': 0.00026738819392184014, 'colsample_bytree': 0.35542541145528433, 'subsample': 0.7392997169338648, 'learning_rate': 0.07852221385867193, 'max_depth': 7, 'min_child_weight': 1, 'eval_metric': 'logloss'}. Best is trial 478 with value: 0.91195.
start listen on 10.110.42.71:52201
@tracker All of 1 nodes getting started
@tracker All nodes finishes job
start listen on 10.110.42.71:46801
@tracker All of 1 nodes getting started
@tracker All nodes finishes job
start listen on 10.110.42.71:53389
@tracker All of 1 nodes getting started
@tracker All nodes finishes job
start listen on 10.110.42.71:59721
@tracker All of 1 nodes getting started
@tracker All nodes finishes job
start listen on 10.110.42.71:47977
@tracker All of 1 nodes getting started
@tracker All nodes finishes job
Trial 673 finished with value: 0.90205 and parameters: {'tree_method': 'gpu_hist', 'lambda': 0.00014558879101370597, 'alpha': 0.00028056971290562303, 'colsample_bytree': 0.38207100119373194, 'subsample': 0.697855642964176, 'learning_rate': 0.08534731057445405, 'max_depth': 7, 'min_child_weight': 71, 'eval_metric': 'logloss'}. Best is trial 478 with value: 0.91195.
start listen on 10.110.42.71:59429
@tracker All of 1 nodes getting started
@tracker All nodes finishes job
start listen on 10.110.42.71:60263
@tracker All of 1 nodes getting started
@tracker All nodes finishes job
start listen on 10.110.42.71:56573
@tracker All of 1 nodes getting started
@tracker All nodes finishes job
start listen on 10.110.42.71:53067
@tracker All of 1 nodes getting started
@tracker All nodes finishes job
start listen on 10.110.42.71:59591
@tracker All of 1 nodes getting started
@tracker All nodes finishes job
Trial 674 finished with value: 0.8746166666666667 and parameters: {'tree_method': 'gpu_hist', 'lambda': 0.00012774919280507933, 'alpha': 0.0003203961876197298, 'colsample_bytree': 0.340141501523257, 'subsample': 0.7135973185752214, 'learning_rate': 0.002963591983727889, 'max_depth': 7, 'min_child_weight': 12, 'eval_metric': 'logloss'}. Best is trial 478 with value: 0.91195.
start listen on 10.110.42.71:37703
@tracker All of 1 nodes getting started
@tracker All nodes finishes job
start listen on 10.110.42.71:37559
@tracker All of 1 nodes getting started
@tracker All nodes finishes job
start listen on 10.110.42.71:46871
@tracker All of 1 nodes getting started
@tracker All nodes finishes job
start listen on 10.110.42.71:57123
@tracker All of 1 nodes getting started
@tracker All nodes finishes job
start listen on 10.110.42.71:44207
@tracker All of 1 nodes getting started
@tracker All nodes finishes job
Trial 675 finished with value: 0.9091333333333333 and parameters: {'tree_method': 'gpu_hist', 'lambda': 0.00019216766383098587, 'alpha': 0.00020256277592879698, 'colsample_bytree': 0.3892492252568287, 'subsample': 0.7594932374727397, 'learning_rate': 0.07365054681464725, 'max_depth': 7, 'min_child_weight': 6, 'eval_metric': 'logloss'}. Best is trial 478 with value: 0.91195.
start listen on 10.110.42.71:54039
@tracker All of 1 nodes getting started
@tracker All nodes finishes job
start listen on 10.110.42.71:55145
@tracker All of 1 nodes getting started
@tracker All nodes finishes job
start listen on 10.110.42.71:51535
@tracker All of 1 nodes getting started
@tracker All nodes finishes job
start listen on 10.110.42.71:47681
@tracker All of 1 nodes getting started
@tracker All nodes finishes job
start listen on 10.110.42.71:56755
@tracker All of 1 nodes getting started
@tracker All nodes finishes job
Trial 676 finished with value: 0.8975166666666666 and parameters: {'tree_method': 'gpu_hist', 'lambda': 0.018341794414295946, 'alpha': 0.0002282028073157993, 'colsample_bytree': 0.36925509701831183, 'subsample': 0.7266205864606832, 'learning_rate': 0.0850813025741885, 'max_depth': 7, 'min_child_weight': 142, 'eval_metric': 'logloss'}. Best is trial 478 with value: 0.91195.
start listen on 10.110.42.71:35881
@tracker All of 1 nodes getting started
@tracker All nodes finishes job
start listen on 10.110.42.71:44103
@tracker All of 1 nodes getting started
@tracker All nodes finishes job
start listen on 10.110.42.71:60377
@tracker All of 1 nodes getting started
@tracker All nodes finishes job
start listen on 10.110.42.71:54837
@tracker All of 1 nodes getting started
@tracker All nodes finishes job
start listen on 10.110.42.71:46035
@tracker All of 1 nodes getting started
@tracker All nodes finishes job
Trial 677 finished with value: 0.9086833333333333 and parameters: {'tree_method': 'gpu_hist', 'lambda': 0.0001555239388385567, 'alpha': 0.0003275740448265914, 'colsample_bytree': 0.4060875318362536, 'subsample': 0.7143610721639861, 'learning_rate': 0.07924331127345437, 'max_depth': 13, 'min_child_weight': 20, 'eval_metric': 'logloss'}. Best is trial 478 with value: 0.91195.
start listen on 10.110.42.71:38015
@tracker All of 1 nodes getting started
@tracker All nodes finishes job
start listen on 10.110.42.71:43397
@tracker All of 1 nodes getting started
@tracker All nodes finishes job
start listen on 10.110.42.71:53025
@tracker All of 1 nodes getting started
@tracker All nodes finishes job
start listen on 10.110.42.71:51083
@tracker All of 1 nodes getting started
@tracker All nodes finishes job
start listen on 10.110.42.71:42445
@tracker All of 1 nodes getting started
@tracker All nodes finishes job
Trial 678 finished with value: 0.9110666666666667 and parameters: {'tree_method': 'gpu_hist', 'lambda': 0.00023236220405591632, 'alpha': 0.00017299758772136342, 'colsample_bytree': 0.39724789212548145, 'subsample': 0.7526005041096184, 'learning_rate': 0.09096871859785718, 'max_depth': 7, 'min_child_weight': 1, 'eval_metric': 'logloss'}. Best is trial 478 with value: 0.91195.
start listen on 10.110.42.71:36081
@tracker All of 1 nodes getting started
@tracker All nodes finishes job
start listen on 10.110.42.71:52591
@tracker All of 1 nodes getting started
@tracker All nodes finishes job
start listen on 10.110.42.71:43015
@tracker All of 1 nodes getting started
@tracker All nodes finishes job
start listen on 10.110.42.71:50903
@tracker All of 1 nodes getting started
@tracker All nodes finishes job
start listen on 10.110.42.71:58343
@tracker All of 1 nodes getting started
@tracker All nodes finishes job
Trial 679 finished with value: 0.9096166666666666 and parameters: {'tree_method': 'gpu_hist', 'lambda': 0.00013600127109381953, 'alpha': 0.000397132466890697, 'colsample_bytree': 0.3802448404449616, 'subsample': 0.7021792490770883, 'learning_rate': 0.07232071838562633, 'max_depth': 7, 'min_child_weight': 10, 'eval_metric': 'logloss'}. Best is trial 478 with value: 0.91195.
start listen on 10.110.42.71:32799
@tracker All of 1 nodes getting started
@tracker All nodes finishes job
start listen on 10.110.42.71:46683
@tracker All of 1 nodes getting started
@tracker All nodes finishes job
start listen on 10.110.42.71:40965
@tracker All of 1 nodes getting started
@tracker All nodes finishes job
start listen on 10.110.42.71:34803
@tracker All of 1 nodes getting started
@tracker All nodes finishes job
start listen on 10.110.42.71:54039
@tracker All of 1 nodes getting started
@tracker All nodes finishes job
Trial 680 finished with value: 0.9080666666666667 and parameters: {'tree_method': 'gpu_hist', 'lambda': 0.00017981570862317842, 'alpha': 0.00014450460832441544, 'colsample_bytree': 0.4166257921901261, 'subsample': 0.7438853150486326, 'learning_rate': 0.06158738630788762, 'max_depth': 20, 'min_child_weight': 7, 'eval_metric': 'logloss'}. Best is trial 478 with value: 0.91195.
start listen on 10.110.42.71:41091
@tracker All of 1 nodes getting started
@tracker All nodes finishes job
start listen on 10.110.42.71:38299
@tracker All of 1 nodes getting started
@tracker All nodes finishes job
start listen on 10.110.42.71:59207
@tracker All of 1 nodes getting started
@tracker All nodes finishes job
start listen on 10.110.42.71:40225
@tracker All of 1 nodes getting started
@tracker All nodes finishes job
start listen on 10.110.42.71:51649
@tracker All of 1 nodes getting started
@tracker All nodes finishes job
Trial 681 finished with value: 0.8923833333333333 and parameters: {'tree_method': 'gpu_hist', 'lambda': 0.08720850962199794, 'alpha': 0.0005841086913248078, 'colsample_bytree': 0.4375161598850511, 'subsample': 0.7706363939127532, 'learning_rate': 0.09253199207166181, 'max_depth': 7, 'min_child_weight': 204, 'eval_metric': 'logloss'}. Best is trial 478 with value: 0.91195.
start listen on 10.110.42.71:59611
@tracker All of 1 nodes getting started
@tracker All nodes finishes job
start listen on 10.110.42.71:52563
@tracker All of 1 nodes getting started
@tracker All nodes finishes job
start listen on 10.110.42.71:49135
@tracker All of 1 nodes getting started
@tracker All nodes finishes job
start listen on 10.110.42.71:41939
@tracker All of 1 nodes getting started
@tracker All nodes finishes job
start listen on 10.110.42.71:47017
@tracker All of 1 nodes getting started
@tracker All nodes finishes job
Trial 682 finished with value: 0.9088333333333334 and parameters: {'tree_method': 'gpu_hist', 'lambda': 0.00010015323881208673, 'alpha': 0.00020252585234486822, 'colsample_bytree': 0.40272970016684745, 'subsample': 0.7304211770031117, 'learning_rate': 0.08032668901669195, 'max_depth': 7, 'min_child_weight': 15, 'eval_metric': 'logloss'}. Best is trial 478 with value: 0.91195.
start listen on 10.110.42.71:48757
@tracker All of 1 nodes getting started
@tracker All nodes finishes job
start listen on 10.110.42.71:42947
@tracker All of 1 nodes getting started
@tracker All nodes finishes job
start listen on 10.110.42.71:37773
@tracker All of 1 nodes getting started
@tracker All nodes finishes job
start listen on 10.110.42.71:53217
@tracker All of 1 nodes getting started
@tracker All nodes finishes job
start listen on 10.110.42.71:56983
@tracker All of 1 nodes getting started
@tracker All nodes finishes job
Trial 683 finished with value: 0.90685 and parameters: {'tree_method': 'gpu_hist', 'lambda': 0.000219712282183497, 'alpha': 0.000255449105362, 'colsample_bytree': 0.38671901602903247, 'subsample': 0.7609023712356457, 'learning_rate': 0.08696578495513242, 'max_depth': 17, 'min_child_weight': 1, 'eval_metric': 'logloss'}. Best is trial 478 with value: 0.91195.
start listen on 10.110.42.71:39639
@tracker All of 1 nodes getting started
@tracker All nodes finishes job
start listen on 10.110.42.71:53091
@tracker All of 1 nodes getting started
@tracker All nodes finishes job
start listen on 10.110.42.71:36541
@tracker All of 1 nodes getting started
@tracker All nodes finishes job
start listen on 10.110.42.71:57245
@tracker All of 1 nodes getting started
@tracker All nodes finishes job
start listen on 10.110.42.71:44803
@tracker All of 1 nodes getting started
@tracker All nodes finishes job
Trial 684 finished with value: 0.9100833333333334 and parameters: {'tree_method': 'gpu_hist', 'lambda': 0.00012191107363256412, 'alpha': 0.0004051682245460501, 'colsample_bytree': 0.411678890562906, 'subsample': 0.7199733547881427, 'learning_rate': 0.06820884149793136, 'max_depth': 7, 'min_child_weight': 7, 'eval_metric': 'logloss'}. Best is trial 478 with value: 0.91195.
start listen on 10.110.42.71:52567
@tracker All of 1 nodes getting started
@tracker All nodes finishes job
start listen on 10.110.42.71:49391
@tracker All of 1 nodes getting started
@tracker All nodes finishes job
start listen on 10.110.42.71:33119
@tracker All of 1 nodes getting started
@tracker All nodes finishes job
start listen on 10.110.42.71:43473
@tracker All of 1 nodes getting started
@tracker All nodes finishes job
start listen on 10.110.42.71:50763
@tracker All of 1 nodes getting started
@tracker All nodes finishes job
Trial 685 finished with value: 0.9091333333333333 and parameters: {'tree_method': 'gpu_hist', 'lambda': 0.0001599929117888664, 'alpha': 0.0003097099945281758, 'colsample_bytree': 0.4253044476347364, 'subsample': 0.6839784059138968, 'learning_rate': 0.09272951916681153, 'max_depth': 7, 'min_child_weight': 13, 'eval_metric': 'logloss'}. Best is trial 478 with value: 0.91195.
start listen on 10.110.42.71:46307
@tracker All of 1 nodes getting started
@tracker All nodes finishes job
start listen on 10.110.42.71:55519
@tracker All of 1 nodes getting started
@tracker All nodes finishes job
start listen on 10.110.42.71:34721
@tracker All of 1 nodes getting started
@tracker All nodes finishes job
start listen on 10.110.42.71:51643
@tracker All of 1 nodes getting started
@tracker All nodes finishes job
start listen on 10.110.42.71:59531
@tracker All of 1 nodes getting started
@tracker All nodes finishes job
Trial 686 finished with value: 0.9084666666666666 and parameters: {'tree_method': 'gpu_hist', 'lambda': 0.0003148341993551864, 'alpha': 0.0008960087451134058, 'colsample_bytree': 0.7036713139223063, 'subsample': 0.7875963530645168, 'learning_rate': 0.07698451695766549, 'max_depth': 11, 'min_child_weight': 6, 'eval_metric': 'logloss'}. Best is trial 478 with value: 0.91195.
start listen on 10.110.42.71:43109
@tracker All of 1 nodes getting started
@tracker All nodes finishes job
start listen on 10.110.42.71:43473
@tracker All of 1 nodes getting started
@tracker All nodes finishes job
start listen on 10.110.42.71:52021
@tracker All of 1 nodes getting started
@tracker All nodes finishes job
start listen on 10.110.42.71:48081
@tracker All of 1 nodes getting started
@tracker All nodes finishes job
start listen on 10.110.42.71:42523
@tracker All of 1 nodes getting started
@tracker All nodes finishes job
Trial 687 finished with value: 0.90855 and parameters: {'tree_method': 'gpu_hist', 'lambda': 0.00019016817505399268, 'alpha': 0.00024025822538047774, 'colsample_bytree': 0.3644710501700243, 'subsample': 0.7405881834448289, 'learning_rate': 0.08642762385168479, 'max_depth': 7, 'min_child_weight': 21, 'eval_metric': 'logloss'}. Best is trial 478 with value: 0.91195.
start listen on 10.110.42.71:34505
@tracker All of 1 nodes getting started
@tracker All nodes finishes job
start listen on 10.110.42.71:39469
@tracker All of 1 nodes getting started
@tracker All nodes finishes job
start listen on 10.110.42.71:38123
@tracker All of 1 nodes getting started
@tracker All nodes finishes job
start listen on 10.110.42.71:44735
@tracker All of 1 nodes getting started
@tracker All nodes finishes job
start listen on 10.110.42.71:44165
@tracker All of 1 nodes getting started
@tracker All nodes finishes job
Trial 688 finished with value: 0.91175 and parameters: {'tree_method': 'gpu_hist', 'lambda': 0.00012036818173941063, 'alpha': 0.0004155767668510814, 'colsample_bytree': 0.40959389405906627, 'subsample': 0.7225275455337657, 'learning_rate': 0.09996295663269546, 'max_depth': 7, 'min_child_weight': 1, 'eval_metric': 'logloss'}. Best is trial 478 with value: 0.91195.
start listen on 10.110.42.71:50123
@tracker All of 1 nodes getting started
@tracker All nodes finishes job
start listen on 10.110.42.71:53035
@tracker All of 1 nodes getting started
@tracker All nodes finishes job
start listen on 10.110.42.71:56091
@tracker All of 1 nodes getting started
@tracker All nodes finishes job
start listen on 10.110.42.71:50203
@tracker All of 1 nodes getting started
@tracker All nodes finishes job
start listen on 10.110.42.71:46055
@tracker All of 1 nodes getting started
@tracker All nodes finishes job
Trial 689 finished with value: 0.9091833333333333 and parameters: {'tree_method': 'gpu_hist', 'lambda': 0.00011760283082648785, 'alpha': 0.0004697764191273087, 'colsample_bytree': 0.4201234827505953, 'subsample': 0.7047211840875426, 'learning_rate': 0.0813475238957137, 'max_depth': 5, 'min_child_weight': 6, 'eval_metric': 'logloss'}. Best is trial 478 with value: 0.91195.
start listen on 10.110.42.71:40841
@tracker All of 1 nodes getting started
@tracker All nodes finishes job
start listen on 10.110.42.71:60729
@tracker All of 1 nodes getting started
@tracker All nodes finishes job
start listen on 10.110.42.71:46723
@tracker All of 1 nodes getting started
@tracker All nodes finishes job
start listen on 10.110.42.71:44013
@tracker All of 1 nodes getting started
@tracker All nodes finishes job
start listen on 10.110.42.71:37553
@tracker All of 1 nodes getting started
@tracker All nodes finishes job
Trial 690 finished with value: 0.9105 and parameters: {'tree_method': 'gpu_hist', 'lambda': 0.00012171763207255108, 'alpha': 0.0006526408113692668, 'colsample_bytree': 0.4050758685604821, 'subsample': 0.6944562320029667, 'learning_rate': 0.09335332829330972, 'max_depth': 7, 'min_child_weight': 1, 'eval_metric': 'logloss'}. Best is trial 478 with value: 0.91195.
start listen on 10.110.42.71:39227
@tracker All of 1 nodes getting started
@tracker All nodes finishes job
start listen on 10.110.42.71:36815
@tracker All of 1 nodes getting started
@tracker All nodes finishes job
start listen on 10.110.42.71:57505
@tracker All of 1 nodes getting started
@tracker All nodes finishes job
start listen on 10.110.42.71:53123
@tracker All of 1 nodes getting started
@tracker All nodes finishes job
start listen on 10.110.42.71:35047
@tracker All of 1 nodes getting started
@tracker All nodes finishes job
Trial 691 finished with value: 0.9093166666666667 and parameters: {'tree_method': 'gpu_hist', 'lambda': 0.0001413430595054927, 'alpha': 0.0003931792013271178, 'colsample_bytree': 0.4328456711486088, 'subsample': 0.7238910837886424, 'learning_rate': 0.09972571760926527, 'max_depth': 7, 'min_child_weight': 11, 'eval_metric': 'logloss'}. Best is trial 478 with value: 0.91195.
start listen on 10.110.42.71:53741
@tracker All of 1 nodes getting started
@tracker All nodes finishes job
start listen on 10.110.42.71:42663
@tracker All of 1 nodes getting started
@tracker All nodes finishes job
start listen on 10.110.42.71:59327
@tracker All of 1 nodes getting started
@tracker All nodes finishes job
start listen on 10.110.42.71:35537
@tracker All of 1 nodes getting started
@tracker All nodes finishes job
start listen on 10.110.42.71:35067
@tracker All of 1 nodes getting started
@tracker All nodes finishes job
Trial 692 finished with value: 0.9088833333333334 and parameters: {'tree_method': 'gpu_hist', 'lambda': 0.00012506091493792712, 'alpha': 0.0004997614513445026, 'colsample_bytree': 0.41366843838225403, 'subsample': 0.7078706248765111, 'learning_rate': 0.07275871001212655, 'max_depth': 7, 'min_child_weight': 15, 'eval_metric': 'logloss'}. Best is trial 478 with value: 0.91195.
start listen on 10.110.42.71:54083
@tracker All of 1 nodes getting started
@tracker All nodes finishes job
start listen on 10.110.42.71:51743
@tracker All of 1 nodes getting started
@tracker All nodes finishes job
start listen on 10.110.42.71:40723
@tracker All of 1 nodes getting started
@tracker All nodes finishes job
start listen on 10.110.42.71:50291
@tracker All of 1 nodes getting started
@tracker All nodes finishes job
start listen on 10.110.42.71:44295
@tracker All of 1 nodes getting started
@tracker All nodes finishes job
Trial 693 finished with value: 0.90965 and parameters: {'tree_method': 'gpu_hist', 'lambda': 0.00016320523222096658, 'alpha': 0.000778220869240908, 'colsample_bytree': 0.42458784251313264, 'subsample': 0.7663724950986526, 'learning_rate': 0.08591901778564201, 'max_depth': 7, 'min_child_weight': 7, 'eval_metric': 'logloss'}. Best is trial 478 with value: 0.91195.
start listen on 10.110.42.71:57913
@tracker All of 1 nodes getting started
@tracker All nodes finishes job
start listen on 10.110.42.71:58541
@tracker All of 1 nodes getting started
@tracker All nodes finishes job
start listen on 10.110.42.71:36355
@tracker All of 1 nodes getting started
@tracker All nodes finishes job
start listen on 10.110.42.71:43243
@tracker All of 1 nodes getting started
@tracker All nodes finishes job
start listen on 10.110.42.71:46613
@tracker All of 1 nodes getting started
@tracker All nodes finishes job
Trial 694 finished with value: 0.91115 and parameters: {'tree_method': 'gpu_hist', 'lambda': 0.00011728928383158602, 'alpha': 0.00040037765309259085, 'colsample_bytree': 0.39496210017918426, 'subsample': 0.7222745503178409, 'learning_rate': 0.07829683177798441, 'max_depth': 7, 'min_child_weight': 1, 'eval_metric': 'logloss'}. Best is trial 478 with value: 0.91195.
start listen on 10.110.42.71:38379
@tracker All of 1 nodes getting started
@tracker All nodes finishes job
start listen on 10.110.42.71:51259
@tracker All of 1 nodes getting started
@tracker All nodes finishes job
start listen on 10.110.42.71:56599
@tracker All of 1 nodes getting started
@tracker All nodes finishes job
start listen on 10.110.42.71:52337
@tracker All of 1 nodes getting started
@tracker All nodes finishes job
start listen on 10.110.42.71:40795
@tracker All of 1 nodes getting started
@tracker All nodes finishes job
Trial 695 finished with value: 0.8987333333333334 and parameters: {'tree_method': 'gpu_hist', 'lambda': 0.0001532254638078214, 'alpha': 0.0005774659184553426, 'colsample_bytree': 0.41257257075841247, 'subsample': 0.7496243198749549, 'learning_rate': 0.0621049773108394, 'max_depth': 3, 'min_child_weight': 27, 'eval_metric': 'logloss'}. Best is trial 478 with value: 0.91195.
start listen on 10.110.42.71:45461
@tracker All of 1 nodes getting started
@tracker All nodes finishes job
start listen on 10.110.42.71:54753
@tracker All of 1 nodes getting started
@tracker All nodes finishes job
start listen on 10.110.42.71:38603
@tracker All of 1 nodes getting started
@tracker All nodes finishes job
start listen on 10.110.42.71:51157
@tracker All of 1 nodes getting started
@tracker All nodes finishes job
start listen on 10.110.42.71:43865
@tracker All of 1 nodes getting started
@tracker All nodes finishes job
