Trial 126 finished with value: 0.9092 and parameters: {'tree_method': 'gpu_hist', 'lambda': 0.2396865698749503, 'alpha': 0.011448849469082551, 'colsample_bytree': 0.6092267363817873, 'subsample': 0.9153960686830389, 'learning_rate': 0.07368931490620409, 'max_depth': 9, 'min_child_weight': 8, 'eval_metric': 'logloss'}. Best is trial 46 with value: 0.91095.
start listen on 10.110.42.71:40369
@tracker All of 1 nodes getting started
@tracker All nodes finishes job
start listen on 10.110.42.71:42717
@tracker All of 1 nodes getting started
@tracker All nodes finishes job
start listen on 10.110.42.71:41845
@tracker All of 1 nodes getting started
@tracker All nodes finishes job
start listen on 10.110.42.71:55647
@tracker All of 1 nodes getting started
@tracker All nodes finishes job
start listen on 10.110.42.71:59407
@tracker All of 1 nodes getting started
@tracker All nodes finishes job
Trial 127 finished with value: 0.9087666666666666 and parameters: {'tree_method': 'gpu_hist', 'lambda': 0.6897411884706083, 'alpha': 0.2913745495360863, 'colsample_bytree': 0.4712276917309874, 'subsample': 0.8647746837321201, 'learning_rate': 0.08345550856755006, 'max_depth': 9, 'min_child_weight': 1, 'eval_metric': 'logloss'}. Best is trial 46 with value: 0.91095.
start listen on 10.110.42.71:38193
@tracker All of 1 nodes getting started
@tracker All nodes finishes job
start listen on 10.110.42.71:49031
@tracker All of 1 nodes getting started
@tracker All nodes finishes job
start listen on 10.110.42.71:50997
@tracker All of 1 nodes getting started
@tracker All nodes finishes job
start listen on 10.110.42.71:51829
@tracker All of 1 nodes getting started
@tracker All nodes finishes job
start listen on 10.110.42.71:40213
@tracker All of 1 nodes getting started
@tracker All nodes finishes job
Trial 128 finished with value: 0.9085166666666666 and parameters: {'tree_method': 'gpu_hist', 'lambda': 0.4220036323474726, 'alpha': 0.054334815800806825, 'colsample_bytree': 0.5471942421494709, 'subsample': 0.8374798373339604, 'learning_rate': 0.07518831043795633, 'max_depth': 20, 'min_child_weight': 14, 'eval_metric': 'logloss'}. Best is trial 46 with value: 0.91095.
start listen on 10.110.42.71:47275
@tracker All of 1 nodes getting started
@tracker All nodes finishes job
start listen on 10.110.42.71:51459
@tracker All of 1 nodes getting started
@tracker All nodes finishes job
start listen on 10.110.42.71:37079
@tracker All of 1 nodes getting started
@tracker All nodes finishes job
start listen on 10.110.42.71:34385
@tracker All of 1 nodes getting started
@tracker All nodes finishes job
start listen on 10.110.42.71:55925
@tracker All of 1 nodes getting started
@tracker All nodes finishes job
Trial 129 finished with value: 0.9086 and parameters: {'tree_method': 'gpu_hist', 'lambda': 0.3208690695393197, 'alpha': 0.0162528494278893, 'colsample_bytree': 0.507916998033327, 'subsample': 0.9295842800246721, 'learning_rate': 0.09265753052167214, 'max_depth': 9, 'min_child_weight': 23, 'eval_metric': 'logloss'}. Best is trial 46 with value: 0.91095.
start listen on 10.110.42.71:38247
@tracker All of 1 nodes getting started
@tracker All nodes finishes job
start listen on 10.110.42.71:46797
@tracker All of 1 nodes getting started
@tracker All nodes finishes job
start listen on 10.110.42.71:49327
@tracker All of 1 nodes getting started
@tracker All nodes finishes job
start listen on 10.110.42.71:41939
@tracker All of 1 nodes getting started
@tracker All nodes finishes job
start listen on 10.110.42.71:48679
@tracker All of 1 nodes getting started
@tracker All nodes finishes job
Trial 130 finished with value: 0.9063833333333333 and parameters: {'tree_method': 'gpu_hist', 'lambda': 4.604610420435987, 'alpha': 0.006412263464622352, 'colsample_bytree': 0.5912272160028536, 'subsample': 0.907725077464698, 'learning_rate': 0.05586645190574965, 'max_depth': 7, 'min_child_weight': 36, 'eval_metric': 'logloss'}. Best is trial 46 with value: 0.91095.
start listen on 10.110.42.71:47121
@tracker All of 1 nodes getting started
@tracker All nodes finishes job
start listen on 10.110.42.71:41861
@tracker All of 1 nodes getting started
@tracker All nodes finishes job
start listen on 10.110.42.71:46571
@tracker All of 1 nodes getting started
@tracker All nodes finishes job
start listen on 10.110.42.71:52153
@tracker All of 1 nodes getting started
@tracker All nodes finishes job
start listen on 10.110.42.71:37911
@tracker All of 1 nodes getting started
@tracker All nodes finishes job
Trial 131 finished with value: 0.9083666666666667 and parameters: {'tree_method': 'gpu_hist', 'lambda': 0.037709262893747326, 'alpha': 0.02243470427426301, 'colsample_bytree': 0.5645907349153773, 'subsample': 0.8904884484072451, 'learning_rate': 0.06586770080495041, 'max_depth': 17, 'min_child_weight': 6, 'eval_metric': 'logloss'}. Best is trial 46 with value: 0.91095.
start listen on 10.110.42.71:54051
@tracker All of 1 nodes getting started
@tracker All nodes finishes job
start listen on 10.110.42.71:44267
@tracker All of 1 nodes getting started
@tracker All nodes finishes job
start listen on 10.110.42.71:34645
@tracker All of 1 nodes getting started
@tracker All nodes finishes job
start listen on 10.110.42.71:51311
@tracker All of 1 nodes getting started
@tracker All nodes finishes job
start listen on 10.110.42.71:38417
@tracker All of 1 nodes getting started
@tracker All nodes finishes job
Trial 132 finished with value: 0.8907166666666667 and parameters: {'tree_method': 'gpu_hist', 'lambda': 0.85876816056212, 'alpha': 0.0033761416859173737, 'colsample_bytree': 0.6610867755726322, 'subsample': 0.8744193132986486, 'learning_rate': 0.09972460301523543, 'max_depth': 9, 'min_child_weight': 269, 'eval_metric': 'logloss'}. Best is trial 46 with value: 0.91095.
start listen on 10.110.42.71:42195
@tracker All of 1 nodes getting started
@tracker All nodes finishes job
start listen on 10.110.42.71:35843
@tracker All of 1 nodes getting started
@tracker All nodes finishes job
start listen on 10.110.42.71:58553
@tracker All of 1 nodes getting started
@tracker All nodes finishes job
start listen on 10.110.42.71:33411
@tracker All of 1 nodes getting started
@tracker All nodes finishes job
start listen on 10.110.42.71:37203
@tracker All of 1 nodes getting started
@tracker All nodes finishes job
Trial 133 finished with value: 0.9077166666666666 and parameters: {'tree_method': 'gpu_hist', 'lambda': 0.00011000818364323157, 'alpha': 0.0043780987884252266, 'colsample_bytree': 0.6254978092150413, 'subsample': 0.8489288061547096, 'learning_rate': 0.04993083160910017, 'max_depth': 11, 'min_child_weight': 28, 'eval_metric': 'logloss'}. Best is trial 46 with value: 0.91095.
start listen on 10.110.42.71:49415
@tracker All of 1 nodes getting started
@tracker All nodes finishes job
start listen on 10.110.42.71:47193
@tracker All of 1 nodes getting started
@tracker All nodes finishes job
start listen on 10.110.42.71:60769
@tracker All of 1 nodes getting started
@tracker All nodes finishes job
start listen on 10.110.42.71:36607
@tracker All of 1 nodes getting started
@tracker All nodes finishes job
start listen on 10.110.42.71:35673
@tracker All of 1 nodes getting started
@tracker All nodes finishes job
Trial 134 finished with value: 0.9101333333333333 and parameters: {'tree_method': 'gpu_hist', 'lambda': 0.5279506756852609, 'alpha': 0.005898830507785667, 'colsample_bytree': 0.5880117953288344, 'subsample': 0.8564696600514716, 'learning_rate': 0.08515926261227208, 'max_depth': 9, 'min_child_weight': 11, 'eval_metric': 'logloss'}. Best is trial 46 with value: 0.91095.
start listen on 10.110.42.71:43469
@tracker All of 1 nodes getting started
@tracker All nodes finishes job
start listen on 10.110.42.71:39479
@tracker All of 1 nodes getting started
@tracker All nodes finishes job
start listen on 10.110.42.71:35083
@tracker All of 1 nodes getting started
@tracker All nodes finishes job
start listen on 10.110.42.71:37465
@tracker All of 1 nodes getting started
@tracker All nodes finishes job
start listen on 10.110.42.71:59169
@tracker All of 1 nodes getting started
@tracker All nodes finishes job
Trial 135 finished with value: 0.9099166666666667 and parameters: {'tree_method': 'gpu_hist', 'lambda': 0.5396093563285352, 'alpha': 0.007780074871037319, 'colsample_bytree': 0.5756566399160388, 'subsample': 0.8620653623403406, 'learning_rate': 0.08357440899494316, 'max_depth': 9, 'min_child_weight': 12, 'eval_metric': 'logloss'}. Best is trial 46 with value: 0.91095.
start listen on 10.110.42.71:36327
@tracker All of 1 nodes getting started
@tracker All nodes finishes job
start listen on 10.110.42.71:57201
@tracker All of 1 nodes getting started
@tracker All nodes finishes job
start listen on 10.110.42.71:55359
@tracker All of 1 nodes getting started
@tracker All nodes finishes job
start listen on 10.110.42.71:53483
@tracker All of 1 nodes getting started
@tracker All nodes finishes job
start listen on 10.110.42.71:59789
@tracker All of 1 nodes getting started
@tracker All nodes finishes job
Trial 136 finished with value: 0.9096666666666666 and parameters: {'tree_method': 'gpu_hist', 'lambda': 3.518933777910116, 'alpha': 0.0018299712037859646, 'colsample_bytree': 0.5379377124094683, 'subsample': 0.8617947036419655, 'learning_rate': 0.07668524566024203, 'max_depth': 9, 'min_child_weight': 12, 'eval_metric': 'logloss'}. Best is trial 46 with value: 0.91095.
start listen on 10.110.42.71:49683
@tracker All of 1 nodes getting started
@tracker All nodes finishes job
start listen on 10.110.42.71:37579
@tracker All of 1 nodes getting started
@tracker All nodes finishes job
start listen on 10.110.42.71:49827
@tracker All of 1 nodes getting started
@tracker All nodes finishes job
start listen on 10.110.42.71:49759
@tracker All of 1 nodes getting started
@tracker All nodes finishes job
start listen on 10.110.42.71:49671
@tracker All of 1 nodes getting started
@tracker All nodes finishes job
Trial 137 finished with value: 0.8792 and parameters: {'tree_method': 'gpu_hist', 'lambda': 0.6249458610727381, 'alpha': 0.006300879102703292, 'colsample_bytree': 0.5756506493701028, 'subsample': 0.8324528794991921, 'learning_rate': 0.001983067422432381, 'max_depth': 9, 'min_child_weight': 7, 'eval_metric': 'logloss'}. Best is trial 46 with value: 0.91095.
start listen on 10.110.42.71:48669
@tracker All of 1 nodes getting started
@tracker All nodes finishes job
start listen on 10.110.42.71:59611
@tracker All of 1 nodes getting started
@tracker All nodes finishes job
start listen on 10.110.42.71:56255
@tracker All of 1 nodes getting started
@tracker All nodes finishes job
start listen on 10.110.42.71:56349
@tracker All of 1 nodes getting started
@tracker All nodes finishes job
start listen on 10.110.42.71:52103
@tracker All of 1 nodes getting started
@tracker All nodes finishes job
Trial 138 finished with value: 0.9081833333333333 and parameters: {'tree_method': 'gpu_hist', 'lambda': 0.2074500881292073, 'alpha': 0.005015978325254582, 'colsample_bytree': 0.5617209180169336, 'subsample': 0.8465785170944836, 'learning_rate': 0.06981186630935877, 'max_depth': 9, 'min_child_weight': 20, 'eval_metric': 'logloss'}. Best is trial 46 with value: 0.91095.
start listen on 10.110.42.71:39873
@tracker All of 1 nodes getting started
@tracker All nodes finishes job
start listen on 10.110.42.71:41385
@tracker All of 1 nodes getting started
@tracker All nodes finishes job
start listen on 10.110.42.71:43803
@tracker All of 1 nodes getting started
@tracker All nodes finishes job
start listen on 10.110.42.71:55117
@tracker All of 1 nodes getting started
@tracker All nodes finishes job
start listen on 10.110.42.71:36895
@tracker All of 1 nodes getting started
@tracker All nodes finishes job
Trial 139 finished with value: 0.89665 and parameters: {'tree_method': 'gpu_hist', 'lambda': 0.5189994200557156, 'alpha': 0.009729867871570328, 'colsample_bytree': 0.4892118361767987, 'subsample': 0.880609343723672, 'learning_rate': 0.00701587529198024, 'max_depth': 9, 'min_child_weight': 1, 'eval_metric': 'logloss'}. Best is trial 46 with value: 0.91095.
start listen on 10.110.42.71:58845
@tracker All of 1 nodes getting started
@tracker All nodes finishes job
start listen on 10.110.42.71:34295
@tracker All of 1 nodes getting started
@tracker All nodes finishes job
start listen on 10.110.42.71:39789
@tracker All of 1 nodes getting started
@tracker All nodes finishes job
start listen on 10.110.42.71:46891
@tracker All of 1 nodes getting started
@tracker All nodes finishes job
start listen on 10.110.42.71:44307
@tracker All of 1 nodes getting started
@tracker All nodes finishes job
Trial 140 finished with value: 0.9075 and parameters: {'tree_method': 'gpu_hist', 'lambda': 0.2938648796994864, 'alpha': 0.00332795144198455, 'colsample_bytree': 0.6067447756086537, 'subsample': 0.5250783726959931, 'learning_rate': 0.0840414454871026, 'max_depth': 7, 'min_child_weight': 13, 'eval_metric': 'logloss'}. Best is trial 46 with value: 0.91095.
start listen on 10.110.42.71:56117
@tracker All of 1 nodes getting started
@tracker All nodes finishes job
start listen on 10.110.42.71:58807
@tracker All of 1 nodes getting started
@tracker All nodes finishes job
start listen on 10.110.42.71:52527
@tracker All of 1 nodes getting started
@tracker All nodes finishes job
start listen on 10.110.42.71:54207
@tracker All of 1 nodes getting started
@tracker All nodes finishes job
start listen on 10.110.42.71:58019
@tracker All of 1 nodes getting started
@tracker All nodes finishes job
Trial 141 finished with value: 0.90875 and parameters: {'tree_method': 'gpu_hist', 'lambda': 0.8635130119843593, 'alpha': 0.002343109028201909, 'colsample_bytree': 0.5864201095058803, 'subsample': 0.8639268147761343, 'learning_rate': 0.061643377106865134, 'max_depth': 5, 'min_child_weight': 7, 'eval_metric': 'logloss'}. Best is trial 46 with value: 0.91095.
start listen on 10.110.42.71:41251
@tracker All of 1 nodes getting started
@tracker All nodes finishes job
start listen on 10.110.42.71:49289
@tracker All of 1 nodes getting started
@tracker All nodes finishes job
start listen on 10.110.42.71:36297
@tracker All of 1 nodes getting started
@tracker All nodes finishes job
start listen on 10.110.42.71:50267
@tracker All of 1 nodes getting started
@tracker All nodes finishes job
start listen on 10.110.42.71:55457
@tracker All of 1 nodes getting started
@tracker All nodes finishes job
Trial 142 finished with value: 0.9090333333333334 and parameters: {'tree_method': 'gpu_hist', 'lambda': 0.3346028329093013, 'alpha': 0.007705849799486279, 'colsample_bytree': 0.5283669015033915, 'subsample': 0.8185704171866571, 'learning_rate': 0.07695063934587466, 'max_depth': 9, 'min_child_weight': 20, 'eval_metric': 'logloss'}. Best is trial 46 with value: 0.91095.
start listen on 10.110.42.71:51701
@tracker All of 1 nodes getting started
@tracker All nodes finishes job
start listen on 10.110.42.71:57565
@tracker All of 1 nodes getting started
@tracker All nodes finishes job
start listen on 10.110.42.71:46473
@tracker All of 1 nodes getting started
@tracker All nodes finishes job
start listen on 10.110.42.71:35083
@tracker All of 1 nodes getting started
@tracker All nodes finishes job
start listen on 10.110.42.71:52095
@tracker All of 1 nodes getting started
@tracker All nodes finishes job
Trial 143 finished with value: 0.9008 and parameters: {'tree_method': 'gpu_hist', 'lambda': 1.5862545733926565, 'alpha': 0.0668336733483334, 'colsample_bytree': 0.5485201927586942, 'subsample': 0.795662229689115, 'learning_rate': 0.0907878416277797, 'max_depth': 3, 'min_child_weight': 29, 'eval_metric': 'logloss'}. Best is trial 46 with value: 0.91095.
start listen on 10.110.42.71:45523
@tracker All of 1 nodes getting started
@tracker All nodes finishes job
start listen on 10.110.42.71:42897
@tracker All of 1 nodes getting started
@tracker All nodes finishes job
start listen on 10.110.42.71:45305
@tracker All of 1 nodes getting started
@tracker All nodes finishes job
start listen on 10.110.42.71:51797
@tracker All of 1 nodes getting started
@tracker All nodes finishes job
start listen on 10.110.42.71:54845
@tracker All of 1 nodes getting started
@tracker All nodes finishes job
Trial 144 finished with value: 0.9093833333333333 and parameters: {'tree_method': 'gpu_hist', 'lambda': 0.4771534950951987, 'alpha': 0.008132885331185922, 'colsample_bytree': 0.6061024714547122, 'subsample': 0.8967828476706586, 'learning_rate': 0.08395079702529956, 'max_depth': 9, 'min_child_weight': 16, 'eval_metric': 'logloss'}. Best is trial 46 with value: 0.91095.
start listen on 10.110.42.71:59379
@tracker All of 1 nodes getting started
@tracker All nodes finishes job
start listen on 10.110.42.71:37937
@tracker All of 1 nodes getting started
@tracker All nodes finishes job
start listen on 10.110.42.71:45243
@tracker All of 1 nodes getting started
@tracker All nodes finishes job
start listen on 10.110.42.71:47301
@tracker All of 1 nodes getting started
@tracker All nodes finishes job
start listen on 10.110.42.71:44741
@tracker All of 1 nodes getting started
@tracker All nodes finishes job
Trial 145 finished with value: 0.90975 and parameters: {'tree_method': 'gpu_hist', 'lambda': 0.4226979865073203, 'alpha': 0.014485142703217786, 'colsample_bytree': 0.581840544096811, 'subsample': 0.8825381461905125, 'learning_rate': 0.08983419954917742, 'max_depth': 9, 'min_child_weight': 1, 'eval_metric': 'logloss'}. Best is trial 46 with value: 0.91095.
start listen on 10.110.42.71:44621
@tracker All of 1 nodes getting started
@tracker All nodes finishes job
start listen on 10.110.42.71:51583
@tracker All of 1 nodes getting started
@tracker All nodes finishes job
start listen on 10.110.42.71:40173
@tracker All of 1 nodes getting started
@tracker All nodes finishes job
start listen on 10.110.42.71:40775
@tracker All of 1 nodes getting started
@tracker All nodes finishes job
start listen on 10.110.42.71:37091
@tracker All of 1 nodes getting started
@tracker All nodes finishes job
Trial 146 finished with value: 0.9094333333333333 and parameters: {'tree_method': 'gpu_hist', 'lambda': 0.6697538182083751, 'alpha': 0.004329229331769671, 'colsample_bytree': 0.5981860786022325, 'subsample': 0.8523710819949175, 'learning_rate': 0.07369465765558289, 'max_depth': 9, 'min_child_weight': 10, 'eval_metric': 'logloss'}. Best is trial 46 with value: 0.91095.
start listen on 10.110.42.71:54835
@tracker All of 1 nodes getting started
@tracker All nodes finishes job
start listen on 10.110.42.71:43851
@tracker All of 1 nodes getting started
@tracker All nodes finishes job
start listen on 10.110.42.71:49693
@tracker All of 1 nodes getting started
@tracker All nodes finishes job
start listen on 10.110.42.71:43027
@tracker All of 1 nodes getting started
@tracker All nodes finishes job
start listen on 10.110.42.71:43561
@tracker All of 1 nodes getting started
@tracker All nodes finishes job
Trial 147 finished with value: 0.9093166666666667 and parameters: {'tree_method': 'gpu_hist', 'lambda': 0.0035838315912842997, 'alpha': 0.040226996023908924, 'colsample_bytree': 0.5603896531907429, 'subsample': 0.8721496347465405, 'learning_rate': 0.0679792649620417, 'max_depth': 9, 'min_child_weight': 17, 'eval_metric': 'logloss'}. Best is trial 46 with value: 0.91095.
start listen on 10.110.42.71:53947
@tracker All of 1 nodes getting started
@tracker All nodes finishes job
start listen on 10.110.42.71:33381
@tracker All of 1 nodes getting started
@tracker All nodes finishes job
start listen on 10.110.42.71:48445
@tracker All of 1 nodes getting started
@tracker All nodes finishes job
start listen on 10.110.42.71:33215
@tracker All of 1 nodes getting started
@tracker All nodes finishes job
start listen on 10.110.42.71:56257
@tracker All of 1 nodes getting started
@tracker All nodes finishes job
Trial 148 finished with value: 0.9080666666666667 and parameters: {'tree_method': 'gpu_hist', 'lambda': 1.2185467440728817, 'alpha': 0.005775530364818394, 'colsample_bytree': 0.5760804227653752, 'subsample': 0.8397912834014333, 'learning_rate': 0.03061444412285363, 'max_depth': 9, 'min_child_weight': 6, 'eval_metric': 'logloss'}. Best is trial 46 with value: 0.91095.
start listen on 10.110.42.71:45491
@tracker All of 1 nodes getting started
@tracker All nodes finishes job
start listen on 10.110.42.71:35153
@tracker All of 1 nodes getting started
@tracker All nodes finishes job
start listen on 10.110.42.71:33709
@tracker All of 1 nodes getting started
@tracker All nodes finishes job
start listen on 10.110.42.71:56033
@tracker All of 1 nodes getting started
@tracker All nodes finishes job
start listen on 10.110.42.71:40793
@tracker All of 1 nodes getting started
@tracker All nodes finishes job
Trial 149 finished with value: 0.9083166666666667 and parameters: {'tree_method': 'gpu_hist', 'lambda': 0.2611483589868851, 'alpha': 0.01129002237340061, 'colsample_bytree': 0.6398598382163353, 'subsample': 0.8979267743919315, 'learning_rate': 0.08113662143053964, 'max_depth': 7, 'min_child_weight': 25, 'eval_metric': 'logloss'}. Best is trial 46 with value: 0.91095.
start listen on 10.110.42.71:54997
@tracker All of 1 nodes getting started
@tracker All nodes finishes job
start listen on 10.110.42.71:49337
@tracker All of 1 nodes getting started
@tracker All nodes finishes job
start listen on 10.110.42.71:41407
@tracker All of 1 nodes getting started
@tracker All nodes finishes job
start listen on 10.110.42.71:55379
@tracker All of 1 nodes getting started
@tracker All nodes finishes job
start listen on 10.110.42.71:38249
@tracker All of 1 nodes getting started
@tracker All nodes finishes job
