Trial 244 finished with value: 0.91065 and parameters: {'tree_method': 'gpu_hist', 'lambda': 0.00035582381242640725, 'alpha': 0.00043454358216495726, 'colsample_bytree': 0.4190406024789628, 'subsample': 0.7581520136374197, 'learning_rate': 0.0910855448327049, 'max_depth': 7, 'min_child_weight': 1, 'eval_metric': 'logloss'}. Best is trial 237 with value: 0.91155.
start listen on 10.110.42.71:34153
@tracker All of 1 nodes getting started
@tracker All nodes finishes job
start listen on 10.110.42.71:33255
@tracker All of 1 nodes getting started
@tracker All nodes finishes job
start listen on 10.110.42.71:58145
@tracker All of 1 nodes getting started
@tracker All nodes finishes job
start listen on 10.110.42.71:56037
@tracker All of 1 nodes getting started
@tracker All nodes finishes job
start listen on 10.110.42.71:39755
@tracker All of 1 nodes getting started
@tracker All nodes finishes job
Trial 245 finished with value: 0.9112166666666667 and parameters: {'tree_method': 'gpu_hist', 'lambda': 0.00028403202145616414, 'alpha': 0.00036419519199727793, 'colsample_bytree': 0.3905632950062531, 'subsample': 0.7467272607376939, 'learning_rate': 0.08308021423669047, 'max_depth': 7, 'min_child_weight': 1, 'eval_metric': 'logloss'}. Best is trial 237 with value: 0.91155.
start listen on 10.110.42.71:51395
@tracker All of 1 nodes getting started
@tracker All nodes finishes job
start listen on 10.110.42.71:46585
@tracker All of 1 nodes getting started
@tracker All nodes finishes job
start listen on 10.110.42.71:33933
@tracker All of 1 nodes getting started
@tracker All nodes finishes job
start listen on 10.110.42.71:44759
@tracker All of 1 nodes getting started
@tracker All nodes finishes job
start listen on 10.110.42.71:53677
@tracker All of 1 nodes getting started
@tracker All nodes finishes job
Trial 246 finished with value: 0.9099 and parameters: {'tree_method': 'gpu_hist', 'lambda': 0.0019198575241581041, 'alpha': 0.0005473102215168634, 'colsample_bytree': 0.3860175499408841, 'subsample': 0.7489263197609657, 'learning_rate': 0.08215062143148862, 'max_depth': 7, 'min_child_weight': 7, 'eval_metric': 'logloss'}. Best is trial 237 with value: 0.91155.
start listen on 10.110.42.71:48777
@tracker All of 1 nodes getting started
@tracker All nodes finishes job
start listen on 10.110.42.71:42831
@tracker All of 1 nodes getting started
@tracker All nodes finishes job
start listen on 10.110.42.71:37189
@tracker All of 1 nodes getting started
@tracker All nodes finishes job
start listen on 10.110.42.71:50105
@tracker All of 1 nodes getting started
@tracker All nodes finishes job
start listen on 10.110.42.71:48407
@tracker All of 1 nodes getting started
@tracker All nodes finishes job
Trial 247 finished with value: 0.9110666666666667 and parameters: {'tree_method': 'gpu_hist', 'lambda': 0.00046538293965208425, 'alpha': 0.00027397617794310035, 'colsample_bytree': 0.40116993013472785, 'subsample': 0.7227259216979915, 'learning_rate': 0.08428682576870525, 'max_depth': 7, 'min_child_weight': 1, 'eval_metric': 'logloss'}. Best is trial 237 with value: 0.91155.
start listen on 10.110.42.71:55579
@tracker All of 1 nodes getting started
@tracker All nodes finishes job
start listen on 10.110.42.71:35137
@tracker All of 1 nodes getting started
@tracker All nodes finishes job
start listen on 10.110.42.71:47551
@tracker All of 1 nodes getting started
@tracker All nodes finishes job
start listen on 10.110.42.71:55331
@tracker All of 1 nodes getting started
@tracker All nodes finishes job
start listen on 10.110.42.71:52219
@tracker All of 1 nodes getting started
@tracker All nodes finishes job
Trial 248 finished with value: 0.9082666666666667 and parameters: {'tree_method': 'gpu_hist', 'lambda': 0.00029235153898383754, 'alpha': 0.00031631005021140647, 'colsample_bytree': 0.4050834166151609, 'subsample': 0.7168537458735772, 'learning_rate': 0.07794580159376413, 'max_depth': 5, 'min_child_weight': 12, 'eval_metric': 'logloss'}. Best is trial 237 with value: 0.91155.
start listen on 10.110.42.71:41677
@tracker All of 1 nodes getting started
@tracker All nodes finishes job
start listen on 10.110.42.71:52513
@tracker All of 1 nodes getting started
@tracker All nodes finishes job
start listen on 10.110.42.71:44031
@tracker All of 1 nodes getting started
@tracker All nodes finishes job
start listen on 10.110.42.71:54767
@tracker All of 1 nodes getting started
@tracker All nodes finishes job
start listen on 10.110.42.71:48083
@tracker All of 1 nodes getting started
@tracker All nodes finishes job
Trial 249 finished with value: 0.90985 and parameters: {'tree_method': 'gpu_hist', 'lambda': 0.00010046236102983281, 'alpha': 0.00017476099944709422, 'colsample_bytree': 0.39445580286293097, 'subsample': 0.7261980028754297, 'learning_rate': 0.08426733784052991, 'max_depth': 7, 'min_child_weight': 7, 'eval_metric': 'logloss'}. Best is trial 237 with value: 0.91155.
start listen on 10.110.42.71:45017
@tracker All of 1 nodes getting started
@tracker All nodes finishes job
start listen on 10.110.42.71:41259
@tracker All of 1 nodes getting started
@tracker All nodes finishes job
start listen on 10.110.42.71:39149
@tracker All of 1 nodes getting started
@tracker All nodes finishes job
start listen on 10.110.42.71:50409
@tracker All of 1 nodes getting started
@tracker All nodes finishes job
start listen on 10.110.42.71:48391
@tracker All of 1 nodes getting started
@tracker All nodes finishes job
Trial 250 finished with value: 0.9035666666666666 and parameters: {'tree_method': 'gpu_hist', 'lambda': 0.00045063680398453306, 'alpha': 0.0002450863186000536, 'colsample_bytree': 0.45394114894793275, 'subsample': 0.7442624435982631, 'learning_rate': 0.09922395918025409, 'max_depth': 7, 'min_child_weight': 68, 'eval_metric': 'logloss'}. Best is trial 237 with value: 0.91155.
start listen on 10.110.42.71:57133
@tracker All of 1 nodes getting started
@tracker All nodes finishes job
start listen on 10.110.42.71:55209
@tracker All of 1 nodes getting started
@tracker All nodes finishes job
start listen on 10.110.42.71:45249
@tracker All of 1 nodes getting started
@tracker All nodes finishes job
start listen on 10.110.42.71:57199
@tracker All of 1 nodes getting started
@tracker All nodes finishes job
start listen on 10.110.42.71:36625
@tracker All of 1 nodes getting started
@tracker All nodes finishes job
Trial 251 finished with value: 0.9106833333333333 and parameters: {'tree_method': 'gpu_hist', 'lambda': 0.0008636576624321217, 'alpha': 0.0002591233027331151, 'colsample_bytree': 0.4144331704470454, 'subsample': 0.759434236489099, 'learning_rate': 0.08402502045521563, 'max_depth': 7, 'min_child_weight': 1, 'eval_metric': 'logloss'}. Best is trial 237 with value: 0.91155.
start listen on 10.110.42.71:41541
@tracker All of 1 nodes getting started
@tracker All nodes finishes job
start listen on 10.110.42.71:44549
@tracker All of 1 nodes getting started
@tracker All nodes finishes job
start listen on 10.110.42.71:34219
@tracker All of 1 nodes getting started
@tracker All nodes finishes job
start listen on 10.110.42.71:44603
@tracker All of 1 nodes getting started
@tracker All nodes finishes job
start listen on 10.110.42.71:33229
@tracker All of 1 nodes getting started
@tracker All nodes finishes job
Trial 252 finished with value: 0.9008333333333334 and parameters: {'tree_method': 'gpu_hist', 'lambda': 0.000535679089546344, 'alpha': 0.0002027684349351509, 'colsample_bytree': 0.3339324433907931, 'subsample': 0.7469424199554628, 'learning_rate': 0.07211211621687408, 'max_depth': 3, 'min_child_weight': 11, 'eval_metric': 'logloss'}. Best is trial 237 with value: 0.91155.
start listen on 10.110.42.71:52129
@tracker All of 1 nodes getting started
@tracker All nodes finishes job
start listen on 10.110.42.71:59509
@tracker All of 1 nodes getting started
@tracker All nodes finishes job
start listen on 10.110.42.71:44049
@tracker All of 1 nodes getting started
@tracker All nodes finishes job
start listen on 10.110.42.71:47853
@tracker All of 1 nodes getting started
@tracker All nodes finishes job
start listen on 10.110.42.71:45539
@tracker All of 1 nodes getting started
@tracker All nodes finishes job
Trial 253 finished with value: 0.9106 and parameters: {'tree_method': 'gpu_hist', 'lambda': 0.0003229556322554074, 'alpha': 0.00011855388413580893, 'colsample_bytree': 0.44363687239597016, 'subsample': 0.7299607882454426, 'learning_rate': 0.09211193738918058, 'max_depth': 7, 'min_child_weight': 6, 'eval_metric': 'logloss'}. Best is trial 237 with value: 0.91155.
start listen on 10.110.42.71:45899
@tracker All of 1 nodes getting started
@tracker All nodes finishes job
start listen on 10.110.42.71:55383
@tracker All of 1 nodes getting started
@tracker All nodes finishes job
start listen on 10.110.42.71:41993
@tracker All of 1 nodes getting started
@tracker All nodes finishes job
start listen on 10.110.42.71:51143
@tracker All of 1 nodes getting started
@tracker All nodes finishes job
start listen on 10.110.42.71:49513
@tracker All of 1 nodes getting started
@tracker All nodes finishes job
Trial 254 finished with value: 0.91105 and parameters: {'tree_method': 'gpu_hist', 'lambda': 0.0006937885689589694, 'alpha': 0.00037232376919055265, 'colsample_bytree': 0.3735827983002766, 'subsample': 0.7657100696555957, 'learning_rate': 0.07705805139772637, 'max_depth': 7, 'min_child_weight': 1, 'eval_metric': 'logloss'}. Best is trial 237 with value: 0.91155.
start listen on 10.110.42.71:46261
@tracker All of 1 nodes getting started
@tracker All nodes finishes job
start listen on 10.110.42.71:56481
@tracker All of 1 nodes getting started
@tracker All nodes finishes job
start listen on 10.110.42.71:35651
@tracker All of 1 nodes getting started
@tracker All nodes finishes job
start listen on 10.110.42.71:60099
@tracker All of 1 nodes getting started
@tracker All nodes finishes job
start listen on 10.110.42.71:34309
@tracker All of 1 nodes getting started
@tracker All nodes finishes job
Trial 255 finished with value: 0.9086333333333333 and parameters: {'tree_method': 'gpu_hist', 'lambda': 0.000694076324359675, 'alpha': 0.0003747127959037586, 'colsample_bytree': 0.3725371207384773, 'subsample': 0.7194431216243128, 'learning_rate': 0.06605752197943476, 'max_depth': 7, 'min_child_weight': 17, 'eval_metric': 'logloss'}. Best is trial 237 with value: 0.91155.
start listen on 10.110.42.71:43563
@tracker All of 1 nodes getting started
@tracker All nodes finishes job
start listen on 10.110.42.71:39895
@tracker All of 1 nodes getting started
@tracker All nodes finishes job
start listen on 10.110.42.71:41913
@tracker All of 1 nodes getting started
@tracker All nodes finishes job
start listen on 10.110.42.71:57251
@tracker All of 1 nodes getting started
@tracker All nodes finishes job
start listen on 10.110.42.71:52477
@tracker All of 1 nodes getting started
@tracker All nodes finishes job
Trial 256 finished with value: 0.9104166666666667 and parameters: {'tree_method': 'gpu_hist', 'lambda': 0.00022812397461780874, 'alpha': 0.0003007075211094977, 'colsample_bytree': 0.35677928386738045, 'subsample': 0.7373147168105483, 'learning_rate': 0.07721319893565425, 'max_depth': 7, 'min_child_weight': 7, 'eval_metric': 'logloss'}. Best is trial 237 with value: 0.91155.
start listen on 10.110.42.71:34503
@tracker All of 1 nodes getting started
@tracker All nodes finishes job
start listen on 10.110.42.71:51533
@tracker All of 1 nodes getting started
@tracker All nodes finishes job
start listen on 10.110.42.71:33211
@tracker All of 1 nodes getting started
@tracker All nodes finishes job
start listen on 10.110.42.71:36045
@tracker All of 1 nodes getting started
@tracker All nodes finishes job
start listen on 10.110.42.71:37987
@tracker All of 1 nodes getting started
@tracker All nodes finishes job
Trial 257 finished with value: 0.9078833333333334 and parameters: {'tree_method': 'gpu_hist', 'lambda': 0.00039573736713393605, 'alpha': 0.000403230953122292, 'colsample_bytree': 0.3848354445902781, 'subsample': 0.749819805575815, 'learning_rate': 0.07128661634200201, 'max_depth': 15, 'min_child_weight': 12, 'eval_metric': 'logloss'}. Best is trial 237 with value: 0.91155.
start listen on 10.110.42.71:47675
@tracker All of 1 nodes getting started
@tracker All nodes finishes job
start listen on 10.110.42.71:43071
@tracker All of 1 nodes getting started
@tracker All nodes finishes job
start listen on 10.110.42.71:45921
@tracker All of 1 nodes getting started
@tracker All nodes finishes job
start listen on 10.110.42.71:41595
@tracker All of 1 nodes getting started
@tracker All nodes finishes job
start listen on 10.110.42.71:46087
@tracker All of 1 nodes getting started
@tracker All nodes finishes job
Trial 258 finished with value: 0.89635 and parameters: {'tree_method': 'gpu_hist', 'lambda': 0.00019265116989199835, 'alpha': 0.0006740493513583004, 'colsample_bytree': 0.400816524092509, 'subsample': 0.7653386923394448, 'learning_rate': 0.008952422797538318, 'max_depth': 7, 'min_child_weight': 1, 'eval_metric': 'logloss'}. Best is trial 237 with value: 0.91155.
start listen on 10.110.42.71:44593
@tracker All of 1 nodes getting started
@tracker All nodes finishes job
start listen on 10.110.42.71:60161
@tracker All of 1 nodes getting started
@tracker All nodes finishes job
start listen on 10.110.42.71:33417
@tracker All of 1 nodes getting started
@tracker All nodes finishes job
start listen on 10.110.42.71:46339
@tracker All of 1 nodes getting started
@tracker All nodes finishes job
start listen on 10.110.42.71:52395
@tracker All of 1 nodes getting started
@tracker All nodes finishes job
Trial 259 finished with value: 0.9100833333333334 and parameters: {'tree_method': 'gpu_hist', 'lambda': 0.00026603296043796194, 'alpha': 0.00014975167713957534, 'colsample_bytree': 0.33103323328231105, 'subsample': 0.7088571826332078, 'learning_rate': 0.08257585596293723, 'max_depth': 7, 'min_child_weight': 7, 'eval_metric': 'logloss'}. Best is trial 237 with value: 0.91155.
start listen on 10.110.42.71:45755
@tracker All of 1 nodes getting started
@tracker All nodes finishes job
start listen on 10.110.42.71:53151
@tracker All of 1 nodes getting started
@tracker All nodes finishes job
start listen on 10.110.42.71:48319
@tracker All of 1 nodes getting started
@tracker All nodes finishes job
start listen on 10.110.42.71:45453
@tracker All of 1 nodes getting started
@tracker All nodes finishes job
start listen on 10.110.42.71:48073
@tracker All of 1 nodes getting started
@tracker All nodes finishes job
Trial 260 finished with value: 0.9089833333333334 and parameters: {'tree_method': 'gpu_hist', 'lambda': 0.000131158382327693, 'alpha': 0.0009587574504397908, 'colsample_bytree': 0.37020660449609116, 'subsample': 0.734240659833628, 'learning_rate': 0.07692371069207403, 'max_depth': 7, 'min_child_weight': 12, 'eval_metric': 'logloss'}. Best is trial 237 with value: 0.91155.
start listen on 10.110.42.71:55715
@tracker All of 1 nodes getting started
@tracker All nodes finishes job
start listen on 10.110.42.71:48345
@tracker All of 1 nodes getting started
@tracker All nodes finishes job
start listen on 10.110.42.71:48133
@tracker All of 1 nodes getting started
@tracker All nodes finishes job
start listen on 10.110.42.71:36507
@tracker All of 1 nodes getting started
@tracker All nodes finishes job
start listen on 10.110.42.71:51295
@tracker All of 1 nodes getting started
@tracker All nodes finishes job
Trial 261 finished with value: 0.9102166666666667 and parameters: {'tree_method': 'gpu_hist', 'lambda': 0.000177571397479436, 'alpha': 0.00029044353865884245, 'colsample_bytree': 0.41193168250482504, 'subsample': 0.7904914431797007, 'learning_rate': 0.08738721502522132, 'max_depth': 7, 'min_child_weight': 7, 'eval_metric': 'logloss'}. Best is trial 237 with value: 0.91155.
start listen on 10.110.42.71:47481
@tracker All of 1 nodes getting started
@tracker All nodes finishes job
start listen on 10.110.42.71:46837
@tracker All of 1 nodes getting started
@tracker All nodes finishes job
start listen on 10.110.42.71:50703
@tracker All of 1 nodes getting started
@tracker All nodes finishes job
start listen on 10.110.42.71:52039
@tracker All of 1 nodes getting started
@tracker All nodes finishes job
start listen on 10.110.42.71:40821
@tracker All of 1 nodes getting started
@tracker All nodes finishes job
Trial 262 finished with value: 0.91035 and parameters: {'tree_method': 'gpu_hist', 'lambda': 0.0003227435769429924, 'alpha': 0.00037970199290245836, 'colsample_bytree': 0.4336112684532276, 'subsample': 0.7601893916940117, 'learning_rate': 0.06706003349718552, 'max_depth': 7, 'min_child_weight': 1, 'eval_metric': 'logloss'}. Best is trial 237 with value: 0.91155.
start listen on 10.110.42.71:55985
@tracker All of 1 nodes getting started
@tracker All nodes finishes job
start listen on 10.110.42.71:50299
@tracker All of 1 nodes getting started
@tracker All nodes finishes job
start listen on 10.110.42.71:38381
@tracker All of 1 nodes getting started
@tracker All nodes finishes job
start listen on 10.110.42.71:59001
@tracker All of 1 nodes getting started
@tracker All nodes finishes job
start listen on 10.110.42.71:58351
@tracker All of 1 nodes getting started
@tracker All nodes finishes job
Trial 263 finished with value: 0.9080833333333334 and parameters: {'tree_method': 'gpu_hist', 'lambda': 0.000401326215316355, 'alpha': 0.00021548217032535744, 'colsample_bytree': 0.38036668110664895, 'subsample': 0.7226692144024254, 'learning_rate': 0.09085821090452045, 'max_depth': 7, 'min_child_weight': 20, 'eval_metric': 'logloss'}. Best is trial 237 with value: 0.91155.
start listen on 10.110.42.71:44151
@tracker All of 1 nodes getting started
@tracker All nodes finishes job
start listen on 10.110.42.71:58423
@tracker All of 1 nodes getting started
@tracker All nodes finishes job
start listen on 10.110.42.71:41633
@tracker All of 1 nodes getting started
@tracker All nodes finishes job
start listen on 10.110.42.71:34581
@tracker All of 1 nodes getting started
@tracker All nodes finishes job
start listen on 10.110.42.71:57473
@tracker All of 1 nodes getting started
@tracker All nodes finishes job
Trial 264 finished with value: 0.9106666666666666 and parameters: {'tree_method': 'gpu_hist', 'lambda': 0.0002458997311578252, 'alpha': 0.00048056561146386957, 'colsample_bytree': 0.4568695176406251, 'subsample': 0.7810714951482939, 'learning_rate': 0.08004974382263966, 'max_depth': 7, 'min_child_weight': 1, 'eval_metric': 'logloss'}. Best is trial 237 with value: 0.91155.
start listen on 10.110.42.71:57099
@tracker All of 1 nodes getting started
@tracker All nodes finishes job
start listen on 10.110.42.71:34803
@tracker All of 1 nodes getting started
@tracker All nodes finishes job
start listen on 10.110.42.71:57279
@tracker All of 1 nodes getting started
@tracker All nodes finishes job
start listen on 10.110.42.71:53805
@tracker All of 1 nodes getting started
@tracker All nodes finishes job
start listen on 10.110.42.71:48089
@tracker All of 1 nodes getting started
@tracker All nodes finishes job
Trial 265 finished with value: 0.9093833333333333 and parameters: {'tree_method': 'gpu_hist', 'lambda': 0.0001402629118651835, 'alpha': 0.0003266752721559714, 'colsample_bytree': 0.3978054872575704, 'subsample': 0.7423682536816687, 'learning_rate': 0.09140144869553632, 'max_depth': 7, 'min_child_weight': 14, 'eval_metric': 'logloss'}. Best is trial 237 with value: 0.91155.
start listen on 10.110.42.71:33439
@tracker All of 1 nodes getting started
@tracker All nodes finishes job
start listen on 10.110.42.71:37689
@tracker All of 1 nodes getting started
@tracker All nodes finishes job
start listen on 10.110.42.71:35687
@tracker All of 1 nodes getting started
@tracker All nodes finishes job
start listen on 10.110.42.71:41459
@tracker All of 1 nodes getting started
@tracker All nodes finishes job
start listen on 10.110.42.71:38209
@tracker All of 1 nodes getting started
@tracker All nodes finishes job
Trial 266 finished with value: 0.8970833333333333 and parameters: {'tree_method': 'gpu_hist', 'lambda': 0.0004876326783744854, 'alpha': 0.00017858728316463244, 'colsample_bytree': 0.41771009971150896, 'subsample': 0.7546929075100164, 'learning_rate': 0.08418387258189923, 'max_depth': 7, 'min_child_weight': 150, 'eval_metric': 'logloss'}. Best is trial 237 with value: 0.91155.
start listen on 10.110.42.71:48803
@tracker All of 1 nodes getting started
@tracker All nodes finishes job
start listen on 10.110.42.71:57239
@tracker All of 1 nodes getting started
@tracker All nodes finishes job
start listen on 10.110.42.71:41279
@tracker All of 1 nodes getting started
@tracker All nodes finishes job
start listen on 10.110.42.71:53645
@tracker All of 1 nodes getting started
@tracker All nodes finishes job
start listen on 10.110.42.71:55053
@tracker All of 1 nodes getting started
@tracker All nodes finishes job
Trial 267 finished with value: 0.9100166666666667 and parameters: {'tree_method': 'gpu_hist', 'lambda': 0.00018292228744779015, 'alpha': 0.00026834307384454077, 'colsample_bytree': 0.363393112433011, 'subsample': 0.733452877522798, 'learning_rate': 0.07339649472566012, 'max_depth': 7, 'min_child_weight': 7, 'eval_metric': 'logloss'}. Best is trial 237 with value: 0.91155.
start listen on 10.110.42.71:43627
@tracker All of 1 nodes getting started
@tracker All nodes finishes job
start listen on 10.110.42.71:42477
@tracker All of 1 nodes getting started
@tracker All nodes finishes job
start listen on 10.110.42.71:37597
@tracker All of 1 nodes getting started
@tracker All nodes finishes job
start listen on 10.110.42.71:45757
@tracker All of 1 nodes getting started
@tracker All nodes finishes job
start listen on 10.110.42.71:51333
@tracker All of 1 nodes getting started
@tracker All nodes finishes job
