Trial 912 finished with value: 0.9098166666666667 and parameters: {'tree_method': 'gpu_hist', 'lambda': 0.00024119745509679013, 'alpha': 0.000555666464702107, 'colsample_bytree': 0.37667546359916704, 'subsample': 0.703927025000471, 'learning_rate': 0.05848041451329366, 'max_depth': 7, 'min_child_weight': 7, 'eval_metric': 'logloss'}. Best is trial 478 with value: 0.91195.
start listen on 10.110.42.71:41457
@tracker All of 1 nodes getting started
@tracker All nodes finishes job
start listen on 10.110.42.71:60507
@tracker All of 1 nodes getting started
@tracker All nodes finishes job
start listen on 10.110.42.71:53335
@tracker All of 1 nodes getting started
@tracker All nodes finishes job
start listen on 10.110.42.71:47603
@tracker All of 1 nodes getting started
@tracker All nodes finishes job
start listen on 10.110.42.71:49281
@tracker All of 1 nodes getting started
@tracker All nodes finishes job
Trial 913 finished with value: 0.9083666666666667 and parameters: {'tree_method': 'gpu_hist', 'lambda': 0.0001519327465781958, 'alpha': 0.0001522928473075131, 'colsample_bytree': 0.40648060096057265, 'subsample': 0.7290516158305554, 'learning_rate': 0.07073113953623436, 'max_depth': 5, 'min_child_weight': 11, 'eval_metric': 'logloss'}. Best is trial 478 with value: 0.91195.
start listen on 10.110.42.71:51773
@tracker All of 1 nodes getting started
@tracker All nodes finishes job
start listen on 10.110.42.71:38591
@tracker All of 1 nodes getting started
@tracker All nodes finishes job
start listen on 10.110.42.71:47879
@tracker All of 1 nodes getting started
@tracker All nodes finishes job
start listen on 10.110.42.71:43657
@tracker All of 1 nodes getting started
@tracker All nodes finishes job
start listen on 10.110.42.71:48377
@tracker All of 1 nodes getting started
@tracker All nodes finishes job
Trial 914 finished with value: 0.8962666666666667 and parameters: {'tree_method': 'gpu_hist', 'lambda': 0.00019719205100241565, 'alpha': 0.0003255583962017501, 'colsample_bytree': 0.3620041154280823, 'subsample': 0.7938164251791632, 'learning_rate': 0.05320783832192907, 'max_depth': 7, 'min_child_weight': 138, 'eval_metric': 'logloss'}. Best is trial 478 with value: 0.91195.
start listen on 10.110.42.71:58695
@tracker All of 1 nodes getting started
@tracker All nodes finishes job
start listen on 10.110.42.71:53525
@tracker All of 1 nodes getting started
@tracker All nodes finishes job
start listen on 10.110.42.71:44549
@tracker All of 1 nodes getting started
@tracker All nodes finishes job
start listen on 10.110.42.71:36527
@tracker All of 1 nodes getting started
@tracker All nodes finishes job
start listen on 10.110.42.71:59701
@tracker All of 1 nodes getting started
@tracker All nodes finishes job
Trial 915 finished with value: 0.9106833333333333 and parameters: {'tree_method': 'gpu_hist', 'lambda': 0.0003923500088272571, 'alpha': 0.00021081586976136538, 'colsample_bytree': 0.38814700539114927, 'subsample': 0.7514410988992103, 'learning_rate': 0.062813503069307, 'max_depth': 7, 'min_child_weight': 1, 'eval_metric': 'logloss'}. Best is trial 478 with value: 0.91195.
start listen on 10.110.42.71:56745
@tracker All of 1 nodes getting started
@tracker All nodes finishes job
start listen on 10.110.42.71:47129
@tracker All of 1 nodes getting started
@tracker All nodes finishes job
start listen on 10.110.42.71:40773
@tracker All of 1 nodes getting started
@tracker All nodes finishes job
start listen on 10.110.42.71:37813
@tracker All of 1 nodes getting started
@tracker All nodes finishes job
start listen on 10.110.42.71:37385
@tracker All of 1 nodes getting started
@tracker All nodes finishes job
Trial 916 finished with value: 0.9084333333333333 and parameters: {'tree_method': 'gpu_hist', 'lambda': 0.00015424766929783565, 'alpha': 0.0004266313663305222, 'colsample_bytree': 0.41277232240664347, 'subsample': 0.7684254212984973, 'learning_rate': 0.07163404759698114, 'max_depth': 7, 'min_child_weight': 18, 'eval_metric': 'logloss'}. Best is trial 478 with value: 0.91195.
start listen on 10.110.42.71:52087
@tracker All of 1 nodes getting started
@tracker All nodes finishes job
start listen on 10.110.42.71:32855
@tracker All of 1 nodes getting started
@tracker All nodes finishes job
start listen on 10.110.42.71:51777
@tracker All of 1 nodes getting started
@tracker All nodes finishes job
start listen on 10.110.42.71:40875
@tracker All of 1 nodes getting started
@tracker All nodes finishes job
start listen on 10.110.42.71:60425
@tracker All of 1 nodes getting started
@tracker All nodes finishes job
Trial 917 finished with value: 0.9092333333333333 and parameters: {'tree_method': 'gpu_hist', 'lambda': 0.0006215712090681258, 'alpha': 0.0002659754672627972, 'colsample_bytree': 0.39568928415744115, 'subsample': 0.8183687441484552, 'learning_rate': 0.07485295833980422, 'max_depth': 7, 'min_child_weight': 6, 'eval_metric': 'logloss'}. Best is trial 478 with value: 0.91195.
start listen on 10.110.42.71:41055
@tracker All of 1 nodes getting started
@tracker All nodes finishes job
start listen on 10.110.42.71:46291
@tracker All of 1 nodes getting started
@tracker All nodes finishes job
start listen on 10.110.42.71:53387
@tracker All of 1 nodes getting started
@tracker All nodes finishes job
start listen on 10.110.42.71:49995
@tracker All of 1 nodes getting started
@tracker All nodes finishes job
start listen on 10.110.42.71:40477
@tracker All of 1 nodes getting started
@tracker All nodes finishes job
Trial 918 finished with value: 0.90915 and parameters: {'tree_method': 'gpu_hist', 'lambda': 0.0002953945051171917, 'alpha': 0.00012775585231294766, 'colsample_bytree': 0.3766198785831569, 'subsample': 0.7159499977731951, 'learning_rate': 0.06726030055517804, 'max_depth': 7, 'min_child_weight': 11, 'eval_metric': 'logloss'}. Best is trial 478 with value: 0.91195.
start listen on 10.110.42.71:37601
@tracker All of 1 nodes getting started
@tracker All nodes finishes job
start listen on 10.110.42.71:48357
@tracker All of 1 nodes getting started
@tracker All nodes finishes job
start listen on 10.110.42.71:57475
@tracker All of 1 nodes getting started
@tracker All nodes finishes job
start listen on 10.110.42.71:34735
@tracker All of 1 nodes getting started
@tracker All nodes finishes job
start listen on 10.110.42.71:58077
@tracker All of 1 nodes getting started
@tracker All nodes finishes job
Trial 919 finished with value: 0.90925 and parameters: {'tree_method': 'gpu_hist', 'lambda': 0.00018382886874356344, 'alpha': 0.0005704004340276724, 'colsample_bytree': 0.4139987883467961, 'subsample': 0.6860669690800908, 'learning_rate': 0.05854862131438432, 'max_depth': 9, 'min_child_weight': 1, 'eval_metric': 'logloss'}. Best is trial 478 with value: 0.91195.
start listen on 10.110.42.71:41693
@tracker All of 1 nodes getting started
@tracker All nodes finishes job
start listen on 10.110.42.71:39907
@tracker All of 1 nodes getting started
@tracker All nodes finishes job
start listen on 10.110.42.71:36581
@tracker All of 1 nodes getting started
@tracker All nodes finishes job
start listen on 10.110.42.71:36147
@tracker All of 1 nodes getting started
@tracker All nodes finishes job
start listen on 10.110.42.71:47527
@tracker All of 1 nodes getting started
@tracker All nodes finishes job
Trial 920 finished with value: 0.9020833333333333 and parameters: {'tree_method': 'gpu_hist', 'lambda': 0.0001454887228063035, 'alpha': 2.361851332046961, 'colsample_bytree': 0.403580839594167, 'subsample': 0.7382831303676746, 'learning_rate': 0.07800165797568671, 'max_depth': 3, 'min_child_weight': 6, 'eval_metric': 'logloss'}. Best is trial 478 with value: 0.91195.
start listen on 10.110.42.71:55911
@tracker All of 1 nodes getting started
@tracker All nodes finishes job
start listen on 10.110.42.71:44709
@tracker All of 1 nodes getting started
@tracker All nodes finishes job
start listen on 10.110.42.71:44865
@tracker All of 1 nodes getting started
@tracker All nodes finishes job
start listen on 10.110.42.71:52519
@tracker All of 1 nodes getting started
@tracker All nodes finishes job
start listen on 10.110.42.71:60899
@tracker All of 1 nodes getting started
@tracker All nodes finishes job
Trial 921 finished with value: 0.9087 and parameters: {'tree_method': 'gpu_hist', 'lambda': 0.00022839741408342112, 'alpha': 0.00035971753113405266, 'colsample_bytree': 0.35771528249068035, 'subsample': 0.8020656488735664, 'learning_rate': 0.04939632310488957, 'max_depth': 7, 'min_child_weight': 15, 'eval_metric': 'logloss'}. Best is trial 478 with value: 0.91195.
start listen on 10.110.42.71:60325
@tracker All of 1 nodes getting started
@tracker All nodes finishes job
start listen on 10.110.42.71:49055
@tracker All of 1 nodes getting started
@tracker All nodes finishes job
start listen on 10.110.42.71:37789
@tracker All of 1 nodes getting started
@tracker All nodes finishes job
start listen on 10.110.42.71:57655
@tracker All of 1 nodes getting started
@tracker All nodes finishes job
start listen on 10.110.42.71:49043
@tracker All of 1 nodes getting started
@tracker All nodes finishes job
Trial 922 finished with value: 0.88855 and parameters: {'tree_method': 'gpu_hist', 'lambda': 0.00013268310862186728, 'alpha': 0.0004489407113278321, 'colsample_bytree': 0.421707485984435, 'subsample': 0.7262751236735948, 'learning_rate': 0.07230377670708633, 'max_depth': 7, 'min_child_weight': 225, 'eval_metric': 'logloss'}. Best is trial 478 with value: 0.91195.
start listen on 10.110.42.71:43115
@tracker All of 1 nodes getting started
@tracker All nodes finishes job
start listen on 10.110.42.71:47723
@tracker All of 1 nodes getting started
@tracker All nodes finishes job
start listen on 10.110.42.71:48699
@tracker All of 1 nodes getting started
@tracker All nodes finishes job
start listen on 10.110.42.71:34445
@tracker All of 1 nodes getting started
@tracker All nodes finishes job
start listen on 10.110.42.71:59293
@tracker All of 1 nodes getting started
@tracker All nodes finishes job
Trial 923 finished with value: 0.9073166666666667 and parameters: {'tree_method': 'gpu_hist', 'lambda': 0.000340604100748749, 'alpha': 0.00018234194440871481, 'colsample_bytree': 0.30216041051396103, 'subsample': 0.6993836346619466, 'learning_rate': 0.07727991331190755, 'max_depth': 7, 'min_child_weight': 22, 'eval_metric': 'logloss'}. Best is trial 478 with value: 0.91195.
start listen on 10.110.42.71:39873
@tracker All of 1 nodes getting started
@tracker All nodes finishes job
start listen on 10.110.42.71:33553
@tracker All of 1 nodes getting started
@tracker All nodes finishes job
start listen on 10.110.42.71:43581
@tracker All of 1 nodes getting started
@tracker All nodes finishes job
start listen on 10.110.42.71:38143
@tracker All of 1 nodes getting started
@tracker All nodes finishes job
start listen on 10.110.42.71:60921
@tracker All of 1 nodes getting started
@tracker All nodes finishes job
Trial 924 finished with value: 0.8910666666666667 and parameters: {'tree_method': 'gpu_hist', 'lambda': 0.00018183921826675552, 'alpha': 0.0002928769957880933, 'colsample_bytree': 0.38890433386617645, 'subsample': 0.7563029701466844, 'learning_rate': 0.006612626399619895, 'max_depth': 7, 'min_child_weight': 6, 'eval_metric': 'logloss'}. Best is trial 478 with value: 0.91195.
start listen on 10.110.42.71:34773
@tracker All of 1 nodes getting started
@tracker All nodes finishes job
start listen on 10.110.42.71:55061
@tracker All of 1 nodes getting started
@tracker All nodes finishes job
start listen on 10.110.42.71:38295
@tracker All of 1 nodes getting started
@tracker All nodes finishes job
start listen on 10.110.42.71:40551
@tracker All of 1 nodes getting started
@tracker All nodes finishes job
start listen on 10.110.42.71:38701
@tracker All of 1 nodes getting started
@tracker All nodes finishes job
Trial 925 finished with value: 0.9087333333333333 and parameters: {'tree_method': 'gpu_hist', 'lambda': 0.00023006912371391868, 'alpha': 0.00021873139888164451, 'colsample_bytree': 0.37202823626856724, 'subsample': 0.98183537984841, 'learning_rate': 0.08243249054605556, 'max_depth': 15, 'min_child_weight': 11, 'eval_metric': 'logloss'}. Best is trial 478 with value: 0.91195.
start listen on 10.110.42.71:59641
@tracker All of 1 nodes getting started
@tracker All nodes finishes job
start listen on 10.110.42.71:57623
@tracker All of 1 nodes getting started
@tracker All nodes finishes job
start listen on 10.110.42.71:35185
@tracker All of 1 nodes getting started
@tracker All nodes finishes job
start listen on 10.110.42.71:51493
@tracker All of 1 nodes getting started
@tracker All nodes finishes job
start listen on 10.110.42.71:34063
@tracker All of 1 nodes getting started
@tracker All nodes finishes job
Trial 926 finished with value: 0.9112833333333333 and parameters: {'tree_method': 'gpu_hist', 'lambda': 0.00013938270852601717, 'alpha': 0.00038644265881536134, 'colsample_bytree': 0.42884336054612865, 'subsample': 0.7860172962638468, 'learning_rate': 0.06662936212209743, 'max_depth': 7, 'min_child_weight': 1, 'eval_metric': 'logloss'}. Best is trial 478 with value: 0.91195.
start listen on 10.110.42.71:36763
@tracker All of 1 nodes getting started
@tracker All nodes finishes job
start listen on 10.110.42.71:49329
@tracker All of 1 nodes getting started
@tracker All nodes finishes job
start listen on 10.110.42.71:57445
@tracker All of 1 nodes getting started
@tracker All nodes finishes job
start listen on 10.110.42.71:38921
@tracker All of 1 nodes getting started
@tracker All nodes finishes job
start listen on 10.110.42.71:49531
@tracker All of 1 nodes getting started
@tracker All nodes finishes job
Trial 927 finished with value: 0.9096333333333333 and parameters: {'tree_method': 'gpu_hist', 'lambda': 0.00043027080693851645, 'alpha': 0.00010254750548487789, 'colsample_bytree': 0.40496391009020666, 'subsample': 0.7161493798009707, 'learning_rate': 0.07851352507432514, 'max_depth': 7, 'min_child_weight': 6, 'eval_metric': 'logloss'}. Best is trial 478 with value: 0.91195.
start listen on 10.110.42.71:53949
@tracker All of 1 nodes getting started
@tracker All nodes finishes job
start listen on 10.110.42.71:38859
@tracker All of 1 nodes getting started
@tracker All nodes finishes job
start listen on 10.110.42.71:60841
@tracker All of 1 nodes getting started
@tracker All nodes finishes job
start listen on 10.110.42.71:44691
@tracker All of 1 nodes getting started
@tracker All nodes finishes job
start listen on 10.110.42.71:38385
@tracker All of 1 nodes getting started
@tracker All nodes finishes job
Trial 928 finished with value: 0.9108833333333334 and parameters: {'tree_method': 'gpu_hist', 'lambda': 0.00017702192677006368, 'alpha': 0.000599223165231716, 'colsample_bytree': 0.3865374127002581, 'subsample': 0.7452018501335804, 'learning_rate': 0.07268547141180678, 'max_depth': 7, 'min_child_weight': 1, 'eval_metric': 'logloss'}. Best is trial 478 with value: 0.91195.
start listen on 10.110.42.71:58603
@tracker All of 1 nodes getting started
@tracker All nodes finishes job
start listen on 10.110.42.71:59189
@tracker All of 1 nodes getting started
@tracker All nodes finishes job
start listen on 10.110.42.71:33785
@tracker All of 1 nodes getting started
@tracker All nodes finishes job
start listen on 10.110.42.71:50813
@tracker All of 1 nodes getting started
@tracker All nodes finishes job
start listen on 10.110.42.71:34517
@tracker All of 1 nodes getting started
@tracker All nodes finishes job
Trial 929 finished with value: 0.9097333333333333 and parameters: {'tree_method': 'gpu_hist', 'lambda': 0.0002645554538358101, 'alpha': 0.0004919954626863176, 'colsample_bytree': 0.3464690715430616, 'subsample': 0.8597162950561477, 'learning_rate': 0.08407710796486727, 'max_depth': 7, 'min_child_weight': 15, 'eval_metric': 'logloss'}. Best is trial 478 with value: 0.91195.
start listen on 10.110.42.71:43661
@tracker All of 1 nodes getting started
@tracker All nodes finishes job
start listen on 10.110.42.71:57077
@tracker All of 1 nodes getting started
@tracker All nodes finishes job
start listen on 10.110.42.71:37667
@tracker All of 1 nodes getting started
@tracker All nodes finishes job
start listen on 10.110.42.71:55583
@tracker All of 1 nodes getting started
@tracker All nodes finishes job
start listen on 10.110.42.71:59693
@tracker All of 1 nodes getting started
@tracker All nodes finishes job
Trial 930 finished with value: 0.9088833333333334 and parameters: {'tree_method': 'gpu_hist', 'lambda': 0.0001280131457509455, 'alpha': 0.00032223172563353473, 'colsample_bytree': 0.41746521402555725, 'subsample': 0.7695141094826072, 'learning_rate': 0.08045676935839678, 'max_depth': 7, 'min_child_weight': 10, 'eval_metric': 'logloss'}. Best is trial 478 with value: 0.91195.
start listen on 10.110.42.71:45711
@tracker All of 1 nodes getting started
@tracker All nodes finishes job
start listen on 10.110.42.71:54421
@tracker All of 1 nodes getting started
@tracker All nodes finishes job
start listen on 10.110.42.71:54713
@tracker All of 1 nodes getting started
@tracker All nodes finishes job
start listen on 10.110.42.71:52041
@tracker All of 1 nodes getting started
@tracker All nodes finishes job
start listen on 10.110.42.71:36511
@tracker All of 1 nodes getting started
@tracker All nodes finishes job
Trial 931 finished with value: 0.9104 and parameters: {'tree_method': 'gpu_hist', 'lambda': 0.00020801811991819752, 'alpha': 0.00027434553635362, 'colsample_bytree': 0.43195833017396473, 'subsample': 0.7349634556252268, 'learning_rate': 0.08729251353336129, 'max_depth': 7, 'min_child_weight': 6, 'eval_metric': 'logloss'}. Best is trial 478 with value: 0.91195.
start listen on 10.110.42.71:58333
@tracker All of 1 nodes getting started
@tracker All nodes finishes job
start listen on 10.110.42.71:60383
@tracker All of 1 nodes getting started
@tracker All nodes finishes job
start listen on 10.110.42.71:44919
@tracker All of 1 nodes getting started
@tracker All nodes finishes job
start listen on 10.110.42.71:40523
@tracker All of 1 nodes getting started
@tracker All nodes finishes job
start listen on 10.110.42.71:54739
@tracker All of 1 nodes getting started
@tracker All nodes finishes job
Trial 932 finished with value: 0.9110666666666667 and parameters: {'tree_method': 'gpu_hist', 'lambda': 0.00012740885308460325, 'alpha': 0.0009132999138188277, 'colsample_bytree': 0.3653480128614078, 'subsample': 0.7093404803390682, 'learning_rate': 0.07553930711665863, 'max_depth': 7, 'min_child_weight': 1, 'eval_metric': 'logloss'}. Best is trial 478 with value: 0.91195.
start listen on 10.110.42.71:48519
@tracker All of 1 nodes getting started
@tracker All nodes finishes job
start listen on 10.110.42.71:53627
@tracker All of 1 nodes getting started
@tracker All nodes finishes job
start listen on 10.110.42.71:43511
@tracker All of 1 nodes getting started
@tracker All nodes finishes job
start listen on 10.110.42.71:59717
@tracker All of 1 nodes getting started
@tracker All nodes finishes job
start listen on 10.110.42.71:39553
@tracker All of 1 nodes getting started
@tracker All nodes finishes job
Trial 933 finished with value: 0.908 and parameters: {'tree_method': 'gpu_hist', 'lambda': 0.0001637702735365608, 'alpha': 0.0001613929543137045, 'colsample_bytree': 0.3992979871082682, 'subsample': 0.7793625417117919, 'learning_rate': 0.06152376048587932, 'max_depth': 13, 'min_child_weight': 22, 'eval_metric': 'logloss'}. Best is trial 478 with value: 0.91195.
start listen on 10.110.42.71:35289
@tracker All of 1 nodes getting started
@tracker All nodes finishes job
start listen on 10.110.42.71:54799
@tracker All of 1 nodes getting started
@tracker All nodes finishes job
start listen on 10.110.42.71:51573
@tracker All of 1 nodes getting started
@tracker All nodes finishes job
start listen on 10.110.42.71:36555
@tracker All of 1 nodes getting started
@tracker All nodes finishes job
start listen on 10.110.42.71:47409
@tracker All of 1 nodes getting started
@tracker All nodes finishes job
Trial 934 finished with value: 0.9095666666666666 and parameters: {'tree_method': 'gpu_hist', 'lambda': 0.00031680041114564433, 'alpha': 0.00041446502341371436, 'colsample_bytree': 0.4437926131332374, 'subsample': 0.8092216224555162, 'learning_rate': 0.08713632300135242, 'max_depth': 7, 'min_child_weight': 11, 'eval_metric': 'logloss'}. Best is trial 478 with value: 0.91195.
start listen on 10.110.42.71:38201
@tracker All of 1 nodes getting started
@tracker All nodes finishes job
start listen on 10.110.42.71:42373
@tracker All of 1 nodes getting started
@tracker All nodes finishes job
start listen on 10.110.42.71:33071
@tracker All of 1 nodes getting started
@tracker All nodes finishes job
start listen on 10.110.42.71:44649
@tracker All of 1 nodes getting started
@tracker All nodes finishes job
start listen on 10.110.42.71:54975
@tracker All of 1 nodes getting started
@tracker All nodes finishes job
Trial 935 finished with value: 0.9076166666666666 and parameters: {'tree_method': 'gpu_hist', 'lambda': 0.00015068199221736074, 'alpha': 0.00066969577573891, 'colsample_bytree': 0.41901789963951397, 'subsample': 0.7247538486964683, 'learning_rate': 0.07221752515264138, 'max_depth': 20, 'min_child_weight': 6, 'eval_metric': 'logloss'}. Best is trial 478 with value: 0.91195.
start listen on 10.110.42.71:45537
@tracker All of 1 nodes getting started
@tracker All nodes finishes job
start listen on 10.110.42.71:35953
@tracker All of 1 nodes getting started
@tracker All nodes finishes job
start listen on 10.110.42.71:42717
@tracker All of 1 nodes getting started
@tracker All nodes finishes job
start listen on 10.110.42.71:41439
@tracker All of 1 nodes getting started
@tracker All nodes finishes job
start listen on 10.110.42.71:34123
@tracker All of 1 nodes getting started
@tracker All nodes finishes job
