Trial 960 finished with value: 0.91165 and parameters: {'tree_method': 'gpu_hist', 'lambda': 0.00017524472185375016, 'alpha': 0.00013599442612774863, 'colsample_bytree': 0.41232047739767685, 'subsample': 0.8414749728736413, 'learning_rate': 0.09135516076922676, 'max_depth': 7, 'min_child_weight': 1, 'eval_metric': 'logloss'}. Best is trial 478 with value: 0.91195.
start listen on 10.110.42.71:39057
@tracker All of 1 nodes getting started
@tracker All nodes finishes job
start listen on 10.110.42.71:38845
@tracker All of 1 nodes getting started
@tracker All nodes finishes job
start listen on 10.110.42.71:34601
@tracker All of 1 nodes getting started
@tracker All nodes finishes job
start listen on 10.110.42.71:47621
@tracker All of 1 nodes getting started
@tracker All nodes finishes job
start listen on 10.110.42.71:40965
@tracker All of 1 nodes getting started
@tracker All nodes finishes job
Trial 961 finished with value: 0.9100333333333334 and parameters: {'tree_method': 'gpu_hist', 'lambda': 0.0001959292052409169, 'alpha': 0.00013993347577297897, 'colsample_bytree': 0.41812661964852865, 'subsample': 0.8369682151530501, 'learning_rate': 0.09227059220211556, 'max_depth': 7, 'min_child_weight': 6, 'eval_metric': 'logloss'}. Best is trial 478 with value: 0.91195.
start listen on 10.110.42.71:55107
@tracker All of 1 nodes getting started
@tracker All nodes finishes job
start listen on 10.110.42.71:35613
@tracker All of 1 nodes getting started
@tracker All nodes finishes job
start listen on 10.110.42.71:60919
@tracker All of 1 nodes getting started
@tracker All nodes finishes job
start listen on 10.110.42.71:39847
@tracker All of 1 nodes getting started
@tracker All nodes finishes job
start listen on 10.110.42.71:38047
@tracker All of 1 nodes getting started
@tracker All nodes finishes job
Trial 962 finished with value: 0.9103833333333333 and parameters: {'tree_method': 'gpu_hist', 'lambda': 0.0001941023000316737, 'alpha': 0.00011929691797580957, 'colsample_bytree': 0.4242929965965014, 'subsample': 0.8549818468828684, 'learning_rate': 0.09060612057035439, 'max_depth': 7, 'min_child_weight': 11, 'eval_metric': 'logloss'}. Best is trial 478 with value: 0.91195.
start listen on 10.110.42.71:35895
@tracker All of 1 nodes getting started
@tracker All nodes finishes job
start listen on 10.110.42.71:33809
@tracker All of 1 nodes getting started
@tracker All nodes finishes job
start listen on 10.110.42.71:51481
@tracker All of 1 nodes getting started
@tracker All nodes finishes job
start listen on 10.110.42.71:39897
@tracker All of 1 nodes getting started
@tracker All nodes finishes job
start listen on 10.110.42.71:40847
@tracker All of 1 nodes getting started
@tracker All nodes finishes job
Trial 963 finished with value: 0.91145 and parameters: {'tree_method': 'gpu_hist', 'lambda': 0.0001755337978249036, 'alpha': 0.00018146754401010017, 'colsample_bytree': 0.40859730106655684, 'subsample': 0.8609551769240881, 'learning_rate': 0.09999871696253906, 'max_depth': 7, 'min_child_weight': 1, 'eval_metric': 'logloss'}. Best is trial 478 with value: 0.91195.
start listen on 10.110.42.71:56841
@tracker All of 1 nodes getting started
@tracker All nodes finishes job
start listen on 10.110.42.71:55015
@tracker All of 1 nodes getting started
@tracker All nodes finishes job
start listen on 10.110.42.71:39903
@tracker All of 1 nodes getting started
@tracker All nodes finishes job
start listen on 10.110.42.71:51477
@tracker All of 1 nodes getting started
@tracker All nodes finishes job
start listen on 10.110.42.71:41205
@tracker All of 1 nodes getting started
@tracker All nodes finishes job
Trial 964 finished with value: 0.9081666666666667 and parameters: {'tree_method': 'gpu_hist', 'lambda': 0.00019780258672496146, 'alpha': 0.00012359583140097655, 'colsample_bytree': 0.40689185130993305, 'subsample': 0.8385450002882978, 'learning_rate': 0.09253446545615636, 'max_depth': 7, 'min_child_weight': 24, 'eval_metric': 'logloss'}. Best is trial 478 with value: 0.91195.
start listen on 10.110.42.71:34061
@tracker All of 1 nodes getting started
@tracker All nodes finishes job
start listen on 10.110.42.71:56633
@tracker All of 1 nodes getting started
@tracker All nodes finishes job
start listen on 10.110.42.71:53295
@tracker All of 1 nodes getting started
@tracker All nodes finishes job
start listen on 10.110.42.71:45605
@tracker All of 1 nodes getting started
@tracker All nodes finishes job
start listen on 10.110.42.71:41377
@tracker All of 1 nodes getting started
@tracker All nodes finishes job
Trial 965 finished with value: 0.9111 and parameters: {'tree_method': 'gpu_hist', 'lambda': 0.0002136439431918578, 'alpha': 0.0001015249462964891, 'colsample_bytree': 0.4062830347445769, 'subsample': 0.8519132577334763, 'learning_rate': 0.09216455910070975, 'max_depth': 7, 'min_child_weight': 1, 'eval_metric': 'logloss'}. Best is trial 478 with value: 0.91195.
start listen on 10.110.42.71:49805
@tracker All of 1 nodes getting started
@tracker All nodes finishes job
start listen on 10.110.42.71:55459
@tracker All of 1 nodes getting started
@tracker All nodes finishes job
start listen on 10.110.42.71:52473
@tracker All of 1 nodes getting started
@tracker All nodes finishes job
start listen on 10.110.42.71:46903
@tracker All of 1 nodes getting started
@tracker All nodes finishes job
start listen on 10.110.42.71:38841
@tracker All of 1 nodes getting started
@tracker All nodes finishes job
Trial 966 finished with value: 0.8986333333333333 and parameters: {'tree_method': 'gpu_hist', 'lambda': 1.1908863105684566, 'alpha': 0.0001296413486005445, 'colsample_bytree': 0.803661571509416, 'subsample': 0.8781637012161403, 'learning_rate': 0.09976573344570439, 'max_depth': 7, 'min_child_weight': 147, 'eval_metric': 'logloss'}. Best is trial 478 with value: 0.91195.
start listen on 10.110.42.71:35689
@tracker All of 1 nodes getting started
@tracker All nodes finishes job
start listen on 10.110.42.71:57229
@tracker All of 1 nodes getting started
@tracker All nodes finishes job
start listen on 10.110.42.71:41327
@tracker All of 1 nodes getting started
@tracker All nodes finishes job
start listen on 10.110.42.71:38719
@tracker All of 1 nodes getting started
@tracker All nodes finishes job
start listen on 10.110.42.71:44507
@tracker All of 1 nodes getting started
@tracker All nodes finishes job
Trial 967 finished with value: 0.9098 and parameters: {'tree_method': 'gpu_hist', 'lambda': 0.00023362528017909767, 'alpha': 0.00015397524569720248, 'colsample_bytree': 0.3891319790278642, 'subsample': 0.8429696684453212, 'learning_rate': 0.08460440011006698, 'max_depth': 7, 'min_child_weight': 11, 'eval_metric': 'logloss'}. Best is trial 478 with value: 0.91195.
start listen on 10.110.42.71:38619
@tracker All of 1 nodes getting started
@tracker All nodes finishes job
start listen on 10.110.42.71:41713
@tracker All of 1 nodes getting started
@tracker All nodes finishes job
start listen on 10.110.42.71:37743
@tracker All of 1 nodes getting started
@tracker All nodes finishes job
start listen on 10.110.42.71:53117
@tracker All of 1 nodes getting started
@tracker All nodes finishes job
start listen on 10.110.42.71:43937
@tracker All of 1 nodes getting started
@tracker All nodes finishes job
Trial 968 finished with value: 0.90865 and parameters: {'tree_method': 'gpu_hist', 'lambda': 0.00017294933332452826, 'alpha': 0.0001249632462899492, 'colsample_bytree': 0.3996877321572251, 'subsample': 0.8561832944665886, 'learning_rate': 0.08526037887544262, 'max_depth': 20, 'min_child_weight': 6, 'eval_metric': 'logloss'}. Best is trial 478 with value: 0.91195.
start listen on 10.110.42.71:57987
@tracker All of 1 nodes getting started
@tracker All nodes finishes job
start listen on 10.110.42.71:41787
@tracker All of 1 nodes getting started
@tracker All nodes finishes job
start listen on 10.110.42.71:37155
@tracker All of 1 nodes getting started
@tracker All nodes finishes job
start listen on 10.110.42.71:35405
@tracker All of 1 nodes getting started
@tracker All nodes finishes job
start listen on 10.110.42.71:52231
@tracker All of 1 nodes getting started
@tracker All nodes finishes job
Trial 969 finished with value: 0.9086166666666666 and parameters: {'tree_method': 'gpu_hist', 'lambda': 0.0001753425869231096, 'alpha': 0.00010073501812766621, 'colsample_bytree': 0.4120659112607563, 'subsample': 0.8593371417176638, 'learning_rate': 0.09282508681045921, 'max_depth': 13, 'min_child_weight': 16, 'eval_metric': 'logloss'}. Best is trial 478 with value: 0.91195.
start listen on 10.110.42.71:44939
@tracker All of 1 nodes getting started
@tracker All nodes finishes job
start listen on 10.110.42.71:60665
@tracker All of 1 nodes getting started
@tracker All nodes finishes job
start listen on 10.110.42.71:34575
@tracker All of 1 nodes getting started
@tracker All nodes finishes job
start listen on 10.110.42.71:51859
@tracker All of 1 nodes getting started
@tracker All nodes finishes job
start listen on 10.110.42.71:41727
@tracker All of 1 nodes getting started
@tracker All nodes finishes job
Trial 970 finished with value: 0.9106 and parameters: {'tree_method': 'gpu_hist', 'lambda': 0.00022638046416600477, 'alpha': 0.0001531814998665106, 'colsample_bytree': 0.3720967424318848, 'subsample': 0.8589420454020112, 'learning_rate': 0.08487977056620936, 'max_depth': 7, 'min_child_weight': 1, 'eval_metric': 'logloss'}. Best is trial 478 with value: 0.91195.
start listen on 10.110.42.71:57359
@tracker All of 1 nodes getting started
@tracker All nodes finishes job
start listen on 10.110.42.71:41535
@tracker All of 1 nodes getting started
@tracker All nodes finishes job
start listen on 10.110.42.71:35405
@tracker All of 1 nodes getting started
@tracker All nodes finishes job
start listen on 10.110.42.71:40885
@tracker All of 1 nodes getting started
@tracker All nodes finishes job
start listen on 10.110.42.71:35655
@tracker All of 1 nodes getting started
@tracker All nodes finishes job
Trial 971 finished with value: 0.9113 and parameters: {'tree_method': 'gpu_hist', 'lambda': 0.00016775260783191475, 'alpha': 0.00017095357891695534, 'colsample_bytree': 0.4145194577866827, 'subsample': 0.8686209355210772, 'learning_rate': 0.09256196570127964, 'max_depth': 7, 'min_child_weight': 6, 'eval_metric': 'logloss'}. Best is trial 478 with value: 0.91195.
start listen on 10.110.42.71:49563
@tracker All of 1 nodes getting started
@tracker All nodes finishes job
start listen on 10.110.42.71:51581
@tracker All of 1 nodes getting started
@tracker All nodes finishes job
start listen on 10.110.42.71:40727
@tracker All of 1 nodes getting started
@tracker All nodes finishes job
start listen on 10.110.42.71:56481
@tracker All of 1 nodes getting started
@tracker All nodes finishes job
start listen on 10.110.42.71:49577
@tracker All of 1 nodes getting started
@tracker All nodes finishes job
Trial 972 finished with value: 0.9096666666666666 and parameters: {'tree_method': 'gpu_hist', 'lambda': 0.00024059332673981524, 'alpha': 0.00015790629548197513, 'colsample_bytree': 0.3807961833507777, 'subsample': 0.8687146370320933, 'learning_rate': 0.07919375479220046, 'max_depth': 7, 'min_child_weight': 10, 'eval_metric': 'logloss'}. Best is trial 478 with value: 0.91195.
start listen on 10.110.42.71:32995
@tracker All of 1 nodes getting started
@tracker All nodes finishes job
start listen on 10.110.42.71:34311
@tracker All of 1 nodes getting started
@tracker All nodes finishes job
start listen on 10.110.42.71:46503
@tracker All of 1 nodes getting started
@tracker All nodes finishes job
start listen on 10.110.42.71:43321
@tracker All of 1 nodes getting started
@tracker All nodes finishes job
start listen on 10.110.42.71:36867
@tracker All of 1 nodes getting started
@tracker All nodes finishes job
Trial 973 finished with value: 0.8969333333333334 and parameters: {'tree_method': 'gpu_hist', 'lambda': 0.00015269622716760687, 'alpha': 0.00013280538544385964, 'colsample_bytree': 0.3956042385637986, 'subsample': 0.8470260879720594, 'learning_rate': 0.09960530109297146, 'max_depth': 17, 'min_child_weight': 169, 'eval_metric': 'logloss'}. Best is trial 478 with value: 0.91195.
start listen on 10.110.42.71:38487
@tracker All of 1 nodes getting started
@tracker All nodes finishes job
start listen on 10.110.42.71:40755
@tracker All of 1 nodes getting started
@tracker All nodes finishes job
start listen on 10.110.42.71:59595
@tracker All of 1 nodes getting started
@tracker All nodes finishes job
start listen on 10.110.42.71:48885
@tracker All of 1 nodes getting started
@tracker All nodes finishes job
start listen on 10.110.42.71:54739
@tracker All of 1 nodes getting started
@tracker All nodes finishes job
Trial 974 finished with value: 0.9116833333333333 and parameters: {'tree_method': 'gpu_hist', 'lambda': 0.00019716815263274215, 'alpha': 0.0001860640831123271, 'colsample_bytree': 0.4162026526001861, 'subsample': 0.8381192954327483, 'learning_rate': 0.08614139279945798, 'max_depth': 7, 'min_child_weight': 1, 'eval_metric': 'logloss'}. Best is trial 478 with value: 0.91195.
start listen on 10.110.42.71:52509
@tracker All of 1 nodes getting started
@tracker All nodes finishes job
start listen on 10.110.42.71:52123
@tracker All of 1 nodes getting started
@tracker All nodes finishes job
start listen on 10.110.42.71:49429
@tracker All of 1 nodes getting started
@tracker All nodes finishes job
start listen on 10.110.42.71:54891
@tracker All of 1 nodes getting started
@tracker All nodes finishes job
start listen on 10.110.42.71:52547
@tracker All of 1 nodes getting started
@tracker All nodes finishes job
Trial 975 finished with value: 0.9103 and parameters: {'tree_method': 'gpu_hist', 'lambda': 0.0002694381829913471, 'alpha': 0.00018703072407995005, 'colsample_bytree': 0.427413503375275, 'subsample': 0.8373248603207316, 'learning_rate': 0.09993896680162283, 'max_depth': 7, 'min_child_weight': 7, 'eval_metric': 'logloss'}. Best is trial 478 with value: 0.91195.
start listen on 10.110.42.71:57795
@tracker All of 1 nodes getting started
@tracker All nodes finishes job
start listen on 10.110.42.71:48243
@tracker All of 1 nodes getting started
@tracker All nodes finishes job
start listen on 10.110.42.71:59411
@tracker All of 1 nodes getting started
@tracker All nodes finishes job
start listen on 10.110.42.71:34731
@tracker All of 1 nodes getting started
@tracker All nodes finishes job
start listen on 10.110.42.71:44427
@tracker All of 1 nodes getting started
@tracker All nodes finishes job
Trial 976 finished with value: 0.9085 and parameters: {'tree_method': 'gpu_hist', 'lambda': 0.0002617106750416524, 'alpha': 0.031124161470500546, 'colsample_bytree': 0.4173955951378404, 'subsample': 0.8373631503942269, 'learning_rate': 0.08588908284152198, 'max_depth': 7, 'min_child_weight': 18, 'eval_metric': 'logloss'}. Best is trial 478 with value: 0.91195.
start listen on 10.110.42.71:44209
@tracker All of 1 nodes getting started
@tracker All nodes finishes job
start listen on 10.110.42.71:59415
@tracker All of 1 nodes getting started
@tracker All nodes finishes job
start listen on 10.110.42.71:34591
@tracker All of 1 nodes getting started
@tracker All nodes finishes job
start listen on 10.110.42.71:48963
@tracker All of 1 nodes getting started
@tracker All nodes finishes job
start listen on 10.110.42.71:34399
@tracker All of 1 nodes getting started
@tracker All nodes finishes job
Trial 977 finished with value: 0.9116166666666666 and parameters: {'tree_method': 'gpu_hist', 'lambda': 0.00020606890699680436, 'alpha': 0.00019546153180970477, 'colsample_bytree': 0.4259513226926208, 'subsample': 0.8392035178262792, 'learning_rate': 0.0778939211693676, 'max_depth': 7, 'min_child_weight': 1, 'eval_metric': 'logloss'}. Best is trial 478 with value: 0.91195.
start listen on 10.110.42.71:37393
@tracker All of 1 nodes getting started
@tracker All nodes finishes job
start listen on 10.110.42.71:33331
@tracker All of 1 nodes getting started
@tracker All nodes finishes job
start listen on 10.110.42.71:45527
@tracker All of 1 nodes getting started
@tracker All nodes finishes job
start listen on 10.110.42.71:36777
@tracker All of 1 nodes getting started
@tracker All nodes finishes job
start listen on 10.110.42.71:33219
@tracker All of 1 nodes getting started
@tracker All nodes finishes job
Trial 978 finished with value: 0.9091833333333333 and parameters: {'tree_method': 'gpu_hist', 'lambda': 0.14517117564445348, 'alpha': 0.00020353822895428458, 'colsample_bytree': 0.43066429517448906, 'subsample': 0.8383898956059953, 'learning_rate': 0.07267682980390663, 'max_depth': 7, 'min_child_weight': 13, 'eval_metric': 'logloss'}. Best is trial 478 with value: 0.91195.
start listen on 10.110.42.71:50953
@tracker All of 1 nodes getting started
@tracker All nodes finishes job
start listen on 10.110.42.71:37087
@tracker All of 1 nodes getting started
@tracker All nodes finishes job
start listen on 10.110.42.71:38285
@tracker All of 1 nodes getting started
@tracker All nodes finishes job
start listen on 10.110.42.71:41681
@tracker All of 1 nodes getting started
@tracker All nodes finishes job
start listen on 10.110.42.71:55613
@tracker All of 1 nodes getting started
@tracker All nodes finishes job
Trial 979 finished with value: 0.9096166666666666 and parameters: {'tree_method': 'gpu_hist', 'lambda': 0.0002691666456677926, 'alpha': 0.00021876435179807085, 'colsample_bytree': 0.4195674881974624, 'subsample': 0.8311584023465302, 'learning_rate': 0.06891433768757649, 'max_depth': 11, 'min_child_weight': 8, 'eval_metric': 'logloss'}. Best is trial 478 with value: 0.91195.
start listen on 10.110.42.71:35633
@tracker All of 1 nodes getting started
@tracker All nodes finishes job
start listen on 10.110.42.71:37509
@tracker All of 1 nodes getting started
@tracker All nodes finishes job
start listen on 10.110.42.71:45251
@tracker All of 1 nodes getting started
@tracker All nodes finishes job
start listen on 10.110.42.71:52457
@tracker All of 1 nodes getting started
@tracker All nodes finishes job
start listen on 10.110.42.71:38379
@tracker All of 1 nodes getting started
@tracker All nodes finishes job
Trial 980 finished with value: 0.9101333333333333 and parameters: {'tree_method': 'gpu_hist', 'lambda': 0.00020005912155864628, 'alpha': 0.00020847323396052116, 'colsample_bytree': 0.43169793972243725, 'subsample': 0.8321953356568095, 'learning_rate': 0.07583704007328657, 'max_depth': 5, 'min_child_weight': 1, 'eval_metric': 'logloss'}. Best is trial 478 with value: 0.91195.
start listen on 10.110.42.71:56393
@tracker All of 1 nodes getting started
@tracker All nodes finishes job
start listen on 10.110.42.71:55931
@tracker All of 1 nodes getting started
@tracker All nodes finishes job
start listen on 10.110.42.71:40193
@tracker All of 1 nodes getting started
@tracker All nodes finishes job
start listen on 10.110.42.71:59193
@tracker All of 1 nodes getting started
@tracker All nodes finishes job
start listen on 10.110.42.71:32953
@tracker All of 1 nodes getting started
@tracker All nodes finishes job
Trial 981 finished with value: 0.9091666666666667 and parameters: {'tree_method': 'gpu_hist', 'lambda': 0.00022108822839035162, 'alpha': 0.00022287634108949074, 'colsample_bytree': 0.4235846798102181, 'subsample': 0.847461893426382, 'learning_rate': 0.07659698438659085, 'max_depth': 7, 'min_child_weight': 7, 'eval_metric': 'logloss'}. Best is trial 478 with value: 0.91195.
start listen on 10.110.42.71:60945
@tracker All of 1 nodes getting started
@tracker All nodes finishes job
start listen on 10.110.42.71:41271
@tracker All of 1 nodes getting started
@tracker All nodes finishes job
start listen on 10.110.42.71:57549
@tracker All of 1 nodes getting started
@tracker All nodes finishes job
start listen on 10.110.42.71:38475
@tracker All of 1 nodes getting started
@tracker All nodes finishes job
start listen on 10.110.42.71:38457
@tracker All of 1 nodes getting started
@tracker All nodes finishes job
Trial 982 finished with value: 0.9095166666666666 and parameters: {'tree_method': 'gpu_hist', 'lambda': 0.0002844183241055133, 'alpha': 0.0001722323756847467, 'colsample_bytree': 0.8935837056891396, 'subsample': 0.8443283072380254, 'learning_rate': 0.06760696023627773, 'max_depth': 7, 'min_child_weight': 13, 'eval_metric': 'logloss'}. Best is trial 478 with value: 0.91195.
start listen on 10.110.42.71:38953
@tracker All of 1 nodes getting started
@tracker All nodes finishes job
start listen on 10.110.42.71:41137
@tracker All of 1 nodes getting started
@tracker All nodes finishes job
start listen on 10.110.42.71:45937
@tracker All of 1 nodes getting started
@tracker All nodes finishes job
start listen on 10.110.42.71:33491
@tracker All of 1 nodes getting started
@tracker All nodes finishes job
start listen on 10.110.42.71:34451
@tracker All of 1 nodes getting started
@tracker All nodes finishes job
Trial 983 finished with value: 0.9088 and parameters: {'tree_method': 'gpu_hist', 'lambda': 0.0002135108408987908, 'alpha': 0.0002536169511777574, 'colsample_bytree': 0.4349912752618519, 'subsample': 0.8271230338294663, 'learning_rate': 0.07643957939395846, 'max_depth': 7, 'min_child_weight': 21, 'eval_metric': 'logloss'}. Best is trial 478 with value: 0.91195.
start listen on 10.110.42.71:54281
@tracker All of 1 nodes getting started
@tracker All nodes finishes job
start listen on 10.110.42.71:51091
@tracker All of 1 nodes getting started
@tracker All nodes finishes job
start listen on 10.110.42.71:47321
@tracker All of 1 nodes getting started
@tracker All nodes finishes job
start listen on 10.110.42.71:36119
@tracker All of 1 nodes getting started
@tracker All nodes finishes job
start listen on 10.110.42.71:50667
@tracker All of 1 nodes getting started
@tracker All nodes finishes job
