Trial 648 finished with value: 0.9035333333333333 and parameters: {'tree_method': 'gpu_hist', 'lambda': 0.0001464155993430575, 'alpha': 0.0009850975382044126, 'colsample_bytree': 0.43054302084270857, 'subsample': 0.7925713767668908, 'learning_rate': 0.06279179954248323, 'max_depth': 7, 'min_child_weight': 63, 'eval_metric': 'logloss'}. Best is trial 478 with value: 0.91195.
start listen on 10.110.42.71:60217
@tracker All of 1 nodes getting started
@tracker All nodes finishes job
start listen on 10.110.42.71:48927
@tracker All of 1 nodes getting started
@tracker All nodes finishes job
start listen on 10.110.42.71:53881
@tracker All of 1 nodes getting started
@tracker All nodes finishes job
start listen on 10.110.42.71:44041
@tracker All of 1 nodes getting started
@tracker All nodes finishes job
start listen on 10.110.42.71:48353
@tracker All of 1 nodes getting started
@tracker All nodes finishes job
Trial 649 finished with value: 0.9083 and parameters: {'tree_method': 'gpu_hist', 'lambda': 0.00012337327691894554, 'alpha': 0.0004568171947658868, 'colsample_bytree': 0.4576120730914069, 'subsample': 0.8167491775179385, 'learning_rate': 0.09168847873215565, 'max_depth': 20, 'min_child_weight': 11, 'eval_metric': 'logloss'}. Best is trial 478 with value: 0.91195.
start listen on 10.110.42.71:56939
@tracker All of 1 nodes getting started
@tracker All nodes finishes job
start listen on 10.110.42.71:38181
@tracker All of 1 nodes getting started
@tracker All nodes finishes job
start listen on 10.110.42.71:39913
@tracker All of 1 nodes getting started
@tracker All nodes finishes job
start listen on 10.110.42.71:38353
@tracker All of 1 nodes getting started
@tracker All nodes finishes job
start listen on 10.110.42.71:40509
@tracker All of 1 nodes getting started
@tracker All nodes finishes job
Trial 650 finished with value: 0.9090666666666667 and parameters: {'tree_method': 'gpu_hist', 'lambda': 0.00015699705540488893, 'alpha': 0.0007227409311168702, 'colsample_bytree': 0.4354343070727399, 'subsample': 0.8128653372553108, 'learning_rate': 0.03645989263877905, 'max_depth': 7, 'min_child_weight': 7, 'eval_metric': 'logloss'}. Best is trial 478 with value: 0.91195.
start listen on 10.110.42.71:34813
@tracker All of 1 nodes getting started
@tracker All nodes finishes job
start listen on 10.110.42.71:44135
@tracker All of 1 nodes getting started
@tracker All nodes finishes job
start listen on 10.110.42.71:33145
@tracker All of 1 nodes getting started
@tracker All nodes finishes job
start listen on 10.110.42.71:53133
@tracker All of 1 nodes getting started
@tracker All nodes finishes job
start listen on 10.110.42.71:39593
@tracker All of 1 nodes getting started
@tracker All nodes finishes job
Trial 651 finished with value: 0.9099166666666667 and parameters: {'tree_method': 'gpu_hist', 'lambda': 0.000100081428032714, 'alpha': 0.00029917449983082493, 'colsample_bytree': 0.3892339447687558, 'subsample': 0.8363269096061394, 'learning_rate': 0.07950451104550518, 'max_depth': 7, 'min_child_weight': 6, 'eval_metric': 'logloss'}. Best is trial 478 with value: 0.91195.
start listen on 10.110.42.71:53341
@tracker All of 1 nodes getting started
@tracker All nodes finishes job
start listen on 10.110.42.71:45015
@tracker All of 1 nodes getting started
@tracker All nodes finishes job
start listen on 10.110.42.71:36615
@tracker All of 1 nodes getting started
@tracker All nodes finishes job
start listen on 10.110.42.71:55621
@tracker All of 1 nodes getting started
@tracker All nodes finishes job
start listen on 10.110.42.71:50677
@tracker All of 1 nodes getting started
@tracker All nodes finishes job
Trial 652 finished with value: 0.9079 and parameters: {'tree_method': 'gpu_hist', 'lambda': 0.00014063126604729962, 'alpha': 0.0004328813548311793, 'colsample_bytree': 0.42203277345372214, 'subsample': 0.8124731649423275, 'learning_rate': 0.08606949135563695, 'max_depth': 17, 'min_child_weight': 16, 'eval_metric': 'logloss'}. Best is trial 478 with value: 0.91195.
start listen on 10.110.42.71:57005
@tracker All of 1 nodes getting started
@tracker All nodes finishes job
start listen on 10.110.42.71:34947
@tracker All of 1 nodes getting started
@tracker All nodes finishes job
start listen on 10.110.42.71:37321
@tracker All of 1 nodes getting started
@tracker All nodes finishes job
start listen on 10.110.42.71:54633
@tracker All of 1 nodes getting started
@tracker All nodes finishes job
start listen on 10.110.42.71:40657
@tracker All of 1 nodes getting started
@tracker All nodes finishes job
Trial 653 finished with value: 0.9112666666666667 and parameters: {'tree_method': 'gpu_hist', 'lambda': 0.0001693434674704611, 'alpha': 0.00034123563255894723, 'colsample_bytree': 0.34986810891073616, 'subsample': 0.7355946618927603, 'learning_rate': 0.09206026159454865, 'max_depth': 7, 'min_child_weight': 1, 'eval_metric': 'logloss'}. Best is trial 478 with value: 0.91195.
start listen on 10.110.42.71:55137
@tracker All of 1 nodes getting started
@tracker All nodes finishes job
start listen on 10.110.42.71:33171
@tracker All of 1 nodes getting started
@tracker All nodes finishes job
start listen on 10.110.42.71:58031
@tracker All of 1 nodes getting started
@tracker All nodes finishes job
start listen on 10.110.42.71:43549
@tracker All of 1 nodes getting started
@tracker All nodes finishes job
start listen on 10.110.42.71:60761
@tracker All of 1 nodes getting started
@tracker All nodes finishes job
Trial 654 finished with value: 0.9109833333333334 and parameters: {'tree_method': 'gpu_hist', 'lambda': 0.00012160235180482386, 'alpha': 0.00013454418247670045, 'colsample_bytree': 0.36416538459730674, 'subsample': 0.7531649688142351, 'learning_rate': 0.07586968725971534, 'max_depth': 7, 'min_child_weight': 1, 'eval_metric': 'logloss'}. Best is trial 478 with value: 0.91195.
start listen on 10.110.42.71:39945
@tracker All of 1 nodes getting started
@tracker All nodes finishes job
start listen on 10.110.42.71:50001
@tracker All of 1 nodes getting started
@tracker All nodes finishes job
start listen on 10.110.42.71:36379
@tracker All of 1 nodes getting started
@tracker All nodes finishes job
start listen on 10.110.42.71:37153
@tracker All of 1 nodes getting started
@tracker All nodes finishes job
start listen on 10.110.42.71:51835
@tracker All of 1 nodes getting started
@tracker All nodes finishes job
Trial 655 finished with value: 0.9092 and parameters: {'tree_method': 'gpu_hist', 'lambda': 0.00010014702925077421, 'alpha': 0.0005399449955330155, 'colsample_bytree': 0.471217734280451, 'subsample': 0.8208456970509395, 'learning_rate': 0.06842569397474825, 'max_depth': 7, 'min_child_weight': 11, 'eval_metric': 'logloss'}. Best is trial 478 with value: 0.91195.
start listen on 10.110.42.71:47391
@tracker All of 1 nodes getting started
@tracker All nodes finishes job
start listen on 10.110.42.71:55985
@tracker All of 1 nodes getting started
@tracker All nodes finishes job
start listen on 10.110.42.71:53969
@tracker All of 1 nodes getting started
@tracker All nodes finishes job
start listen on 10.110.42.71:38935
@tracker All of 1 nodes getting started
@tracker All nodes finishes job
start listen on 10.110.42.71:36333
@tracker All of 1 nodes getting started
@tracker All nodes finishes job
Trial 656 finished with value: 0.9094833333333333 and parameters: {'tree_method': 'gpu_hist', 'lambda': 0.00021576909225562305, 'alpha': 0.40395718538764214, 'colsample_bytree': 0.4057822348868096, 'subsample': 0.6678451170234948, 'learning_rate': 0.09199108455394583, 'max_depth': 11, 'min_child_weight': 6, 'eval_metric': 'logloss'}. Best is trial 478 with value: 0.91195.
start listen on 10.110.42.71:45667
@tracker All of 1 nodes getting started
@tracker All nodes finishes job
start listen on 10.110.42.71:39719
@tracker All of 1 nodes getting started
@tracker All nodes finishes job
start listen on 10.110.42.71:48045
@tracker All of 1 nodes getting started
@tracker All nodes finishes job
start listen on 10.110.42.71:39189
@tracker All of 1 nodes getting started
@tracker All nodes finishes job
start listen on 10.110.42.71:38763
@tracker All of 1 nodes getting started
@tracker All nodes finishes job
Trial 657 finished with value: 0.9087166666666666 and parameters: {'tree_method': 'gpu_hist', 'lambda': 0.0001460883360468584, 'alpha': 0.0004116761925704914, 'colsample_bytree': 0.450795951678338, 'subsample': 0.8061039177689435, 'learning_rate': 0.08104735356713874, 'max_depth': 7, 'min_child_weight': 16, 'eval_metric': 'logloss'}. Best is trial 478 with value: 0.91195.
start listen on 10.110.42.71:40685
@tracker All of 1 nodes getting started
@tracker All nodes finishes job
start listen on 10.110.42.71:35369
@tracker All of 1 nodes getting started
@tracker All nodes finishes job
start listen on 10.110.42.71:33019
@tracker All of 1 nodes getting started
@tracker All nodes finishes job
start listen on 10.110.42.71:37745
@tracker All of 1 nodes getting started
@tracker All nodes finishes job
start listen on 10.110.42.71:39155
@tracker All of 1 nodes getting started
@tracker All nodes finishes job
Trial 658 finished with value: 0.9093666666666667 and parameters: {'tree_method': 'gpu_hist', 'lambda': 0.0001855233414443854, 'alpha': 0.0008264197550265093, 'colsample_bytree': 0.4441713712261999, 'subsample': 0.4887991637109895, 'learning_rate': 0.0994400277889651, 'max_depth': 5, 'min_child_weight': 1, 'eval_metric': 'logloss'}. Best is trial 478 with value: 0.91195.
start listen on 10.110.42.71:43517
@tracker All of 1 nodes getting started
@tracker All nodes finishes job
start listen on 10.110.42.71:50487
@tracker All of 1 nodes getting started
@tracker All nodes finishes job
start listen on 10.110.42.71:37373
@tracker All of 1 nodes getting started
@tracker All nodes finishes job
start listen on 10.110.42.71:39035
@tracker All of 1 nodes getting started
@tracker All nodes finishes job
start listen on 10.110.42.71:48617
@tracker All of 1 nodes getting started
@tracker All nodes finishes job
Trial 659 finished with value: 0.9090833333333334 and parameters: {'tree_method': 'gpu_hist', 'lambda': 0.00020193753387723605, 'alpha': 0.0006252260782793553, 'colsample_bytree': 0.4208553427865474, 'subsample': 0.7796418122285763, 'learning_rate': 0.08631339417538196, 'max_depth': 7, 'min_child_weight': 11, 'eval_metric': 'logloss'}. Best is trial 478 with value: 0.91195.
start listen on 10.110.42.71:51865
@tracker All of 1 nodes getting started
@tracker All nodes finishes job
start listen on 10.110.42.71:39371
@tracker All of 1 nodes getting started
@tracker All nodes finishes job
start listen on 10.110.42.71:42993
@tracker All of 1 nodes getting started
@tracker All nodes finishes job
start listen on 10.110.42.71:34527
@tracker All of 1 nodes getting started
@tracker All nodes finishes job
start listen on 10.110.42.71:43955
@tracker All of 1 nodes getting started
@tracker All nodes finishes job
Trial 660 finished with value: 0.9084333333333333 and parameters: {'tree_method': 'gpu_hist', 'lambda': 0.00012644050289327297, 'alpha': 0.0004744839636985915, 'colsample_bytree': 0.43613329356624814, 'subsample': 0.7972731444806748, 'learning_rate': 0.07590078974317714, 'max_depth': 7, 'min_child_weight': 25, 'eval_metric': 'logloss'}. Best is trial 478 with value: 0.91195.
start listen on 10.110.42.71:52365
@tracker All of 1 nodes getting started
@tracker All nodes finishes job
start listen on 10.110.42.71:60201
@tracker All of 1 nodes getting started
@tracker All nodes finishes job
start listen on 10.110.42.71:54815
@tracker All of 1 nodes getting started
@tracker All nodes finishes job
start listen on 10.110.42.71:41537
@tracker All of 1 nodes getting started
@tracker All nodes finishes job
start listen on 10.110.42.71:45663
@tracker All of 1 nodes getting started
@tracker All nodes finishes job
Trial 661 finished with value: 0.9107 and parameters: {'tree_method': 'gpu_hist', 'lambda': 0.00015299090680845226, 'alpha': 0.00037252550200211475, 'colsample_bytree': 0.46139968427797506, 'subsample': 0.78597495142435, 'learning_rate': 0.08526378479574305, 'max_depth': 7, 'min_child_weight': 7, 'eval_metric': 'logloss'}. Best is trial 478 with value: 0.91195.
start listen on 10.110.42.71:44401
@tracker All of 1 nodes getting started
@tracker All nodes finishes job
start listen on 10.110.42.71:47137
@tracker All of 1 nodes getting started
@tracker All nodes finishes job
start listen on 10.110.42.71:49271
@tracker All of 1 nodes getting started
@tracker All nodes finishes job
start listen on 10.110.42.71:41401
@tracker All of 1 nodes getting started
@tracker All nodes finishes job
start listen on 10.110.42.71:50599
@tracker All of 1 nodes getting started
@tracker All nodes finishes job
Trial 662 finished with value: 0.9037 and parameters: {'tree_method': 'gpu_hist', 'lambda': 0.008959412825323223, 'alpha': 0.0005001570454659363, 'colsample_bytree': 0.4161354121361313, 'subsample': 0.8297514953616671, 'learning_rate': 0.09257435513243116, 'max_depth': 3, 'min_child_weight': 1, 'eval_metric': 'logloss'}. Best is trial 478 with value: 0.91195.
start listen on 10.110.42.71:40773
@tracker All of 1 nodes getting started
@tracker All nodes finishes job
start listen on 10.110.42.71:54885
@tracker All of 1 nodes getting started
@tracker All nodes finishes job
start listen on 10.110.42.71:38453
@tracker All of 1 nodes getting started
@tracker All nodes finishes job
start listen on 10.110.42.71:38795
@tracker All of 1 nodes getting started
@tracker All nodes finishes job
start listen on 10.110.42.71:55967
@tracker All of 1 nodes getting started
@tracker All nodes finishes job
Trial 663 finished with value: 0.9096 and parameters: {'tree_method': 'gpu_hist', 'lambda': 0.00012513139690773056, 'alpha': 0.0003576122438925369, 'colsample_bytree': 0.42464634515436894, 'subsample': 0.7743538616005821, 'learning_rate': 0.0697532009979478, 'max_depth': 7, 'min_child_weight': 11, 'eval_metric': 'logloss'}. Best is trial 478 with value: 0.91195.
start listen on 10.110.42.71:48691
@tracker All of 1 nodes getting started
@tracker All nodes finishes job
start listen on 10.110.42.71:40601
@tracker All of 1 nodes getting started
@tracker All nodes finishes job
start listen on 10.110.42.71:58333
@tracker All of 1 nodes getting started
@tracker All nodes finishes job
start listen on 10.110.42.71:38735
@tracker All of 1 nodes getting started
@tracker All nodes finishes job
start listen on 10.110.42.71:51909
@tracker All of 1 nodes getting started
@tracker All nodes finishes job
Trial 664 finished with value: 0.9090833333333334 and parameters: {'tree_method': 'gpu_hist', 'lambda': 0.00022588518181122119, 'alpha': 0.0006472672840185327, 'colsample_bytree': 0.4456329968565221, 'subsample': 0.7644930401522537, 'learning_rate': 0.07960705798530664, 'max_depth': 7, 'min_child_weight': 19, 'eval_metric': 'logloss'}. Best is trial 478 with value: 0.91195.
start listen on 10.110.42.71:40471
@tracker All of 1 nodes getting started
@tracker All nodes finishes job
start listen on 10.110.42.71:45903
@tracker All of 1 nodes getting started
@tracker All nodes finishes job
start listen on 10.110.42.71:40211
@tracker All of 1 nodes getting started
@tracker All nodes finishes job
start listen on 10.110.42.71:55055
@tracker All of 1 nodes getting started
@tracker All nodes finishes job
start listen on 10.110.42.71:40755
@tracker All of 1 nodes getting started
@tracker All nodes finishes job
Trial 665 finished with value: 0.9090166666666667 and parameters: {'tree_method': 'gpu_hist', 'lambda': 0.00010119435609583123, 'alpha': 0.00020156793692120042, 'colsample_bytree': 0.3803058573526891, 'subsample': 0.7114917191466658, 'learning_rate': 0.09958965860090989, 'max_depth': 7, 'min_child_weight': 6, 'eval_metric': 'logloss'}. Best is trial 478 with value: 0.91195.
start listen on 10.110.42.71:47413
@tracker All of 1 nodes getting started
@tracker All nodes finishes job
start listen on 10.110.42.71:42243
@tracker All of 1 nodes getting started
@tracker All nodes finishes job
start listen on 10.110.42.71:60987
@tracker All of 1 nodes getting started
@tracker All nodes finishes job
start listen on 10.110.42.71:53221
@tracker All of 1 nodes getting started
@tracker All nodes finishes job
start listen on 10.110.42.71:51053
@tracker All of 1 nodes getting started
@tracker All nodes finishes job
Trial 666 finished with value: 0.90705 and parameters: {'tree_method': 'gpu_hist', 'lambda': 0.0001739172202603885, 'alpha': 0.000263220686728731, 'colsample_bytree': 0.39272376967389167, 'subsample': 0.6898593103366869, 'learning_rate': 0.056797486030272425, 'max_depth': 15, 'min_child_weight': 1, 'eval_metric': 'logloss'}. Best is trial 478 with value: 0.91195.
start listen on 10.110.42.71:35741
@tracker All of 1 nodes getting started
@tracker All nodes finishes job
start listen on 10.110.42.71:52637
@tracker All of 1 nodes getting started
@tracker All nodes finishes job
start listen on 10.110.42.71:35015
@tracker All of 1 nodes getting started
@tracker All nodes finishes job
start listen on 10.110.42.71:34127
@tracker All of 1 nodes getting started
@tracker All nodes finishes job
start listen on 10.110.42.71:58605
@tracker All of 1 nodes getting started
@tracker All nodes finishes job
Trial 667 finished with value: 0.90935 and parameters: {'tree_method': 'gpu_hist', 'lambda': 0.00020261135107342432, 'alpha': 0.0005024749098718214, 'colsample_bytree': 0.4890213696247517, 'subsample': 0.8059371458398248, 'learning_rate': 0.09178216249198859, 'max_depth': 7, 'min_child_weight': 11, 'eval_metric': 'logloss'}. Best is trial 478 with value: 0.91195.
start listen on 10.110.42.71:45817
@tracker All of 1 nodes getting started
@tracker All nodes finishes job
start listen on 10.110.42.71:39703
@tracker All of 1 nodes getting started
@tracker All nodes finishes job
start listen on 10.110.42.71:60289
@tracker All of 1 nodes getting started
@tracker All nodes finishes job
start listen on 10.110.42.71:60951
@tracker All of 1 nodes getting started
@tracker All nodes finishes job
start listen on 10.110.42.71:45645
@tracker All of 1 nodes getting started
@tracker All nodes finishes job
Trial 668 finished with value: 0.9102 and parameters: {'tree_method': 'gpu_hist', 'lambda': 0.00015090502438031307, 'alpha': 0.00016323864371453308, 'colsample_bytree': 0.40465456461651733, 'subsample': 0.7328668148786113, 'learning_rate': 0.07440673676173627, 'max_depth': 7, 'min_child_weight': 6, 'eval_metric': 'logloss'}. Best is trial 478 with value: 0.91195.
start listen on 10.110.42.71:38873
@tracker All of 1 nodes getting started
@tracker All nodes finishes job
start listen on 10.110.42.71:35765
@tracker All of 1 nodes getting started
@tracker All nodes finishes job
start listen on 10.110.42.71:49223
@tracker All of 1 nodes getting started
@tracker All nodes finishes job
start listen on 10.110.42.71:59355
@tracker All of 1 nodes getting started
@tracker All nodes finishes job
start listen on 10.110.42.71:49865
@tracker All of 1 nodes getting started
@tracker All nodes finishes job
Trial 669 finished with value: 0.9097 and parameters: {'tree_method': 'gpu_hist', 'lambda': 0.00012195158702944655, 'alpha': 0.00010296337604811453, 'colsample_bytree': 0.3685923665929263, 'subsample': 0.750428865176007, 'learning_rate': 0.08367143007502209, 'max_depth': 7, 'min_child_weight': 15, 'eval_metric': 'logloss'}. Best is trial 478 with value: 0.91195.
start listen on 10.110.42.71:38329
@tracker All of 1 nodes getting started
@tracker All nodes finishes job
start listen on 10.110.42.71:49509
@tracker All of 1 nodes getting started
@tracker All nodes finishes job
start listen on 10.110.42.71:46729
@tracker All of 1 nodes getting started
@tracker All nodes finishes job
start listen on 10.110.42.71:41503
@tracker All of 1 nodes getting started
@tracker All nodes finishes job
start listen on 10.110.42.71:49859
@tracker All of 1 nodes getting started
@tracker All nodes finishes job
Trial 670 finished with value: 0.9115 and parameters: {'tree_method': 'gpu_hist', 'lambda': 0.0001674359636032067, 'alpha': 0.00027306999009997794, 'colsample_bytree': 0.38625840897372654, 'subsample': 0.7239543189224353, 'learning_rate': 0.09180228009537572, 'max_depth': 7, 'min_child_weight': 1, 'eval_metric': 'logloss'}. Best is trial 478 with value: 0.91195.
start listen on 10.110.42.71:35391
@tracker All of 1 nodes getting started
@tracker All nodes finishes job
start listen on 10.110.42.71:58283
@tracker All of 1 nodes getting started
@tracker All nodes finishes job
start listen on 10.110.42.71:39979
@tracker All of 1 nodes getting started
@tracker All nodes finishes job
start listen on 10.110.42.71:41153
@tracker All of 1 nodes getting started
@tracker All nodes finishes job
start listen on 10.110.42.71:58875
@tracker All of 1 nodes getting started
@tracker All nodes finishes job
Trial 671 finished with value: 0.9105333333333333 and parameters: {'tree_method': 'gpu_hist', 'lambda': 0.00010019744143187218, 'alpha': 0.0003503223931004186, 'colsample_bytree': 0.4716500923718937, 'subsample': 0.7917705547581517, 'learning_rate': 0.06673966414375035, 'max_depth': 7, 'min_child_weight': 7, 'eval_metric': 'logloss'}. Best is trial 478 with value: 0.91195.
start listen on 10.110.42.71:34671
@tracker All of 1 nodes getting started
@tracker All nodes finishes job
start listen on 10.110.42.71:36107
@tracker All of 1 nodes getting started
@tracker All nodes finishes job
start listen on 10.110.42.71:49793
@tracker All of 1 nodes getting started
@tracker All nodes finishes job
start listen on 10.110.42.71:45711
@tracker All of 1 nodes getting started
@tracker All nodes finishes job
start listen on 10.110.42.71:45947
@tracker All of 1 nodes getting started
@tracker All nodes finishes job
