Trial 1008 finished with value: 0.9085833333333333 and parameters: {'tree_method': 'gpu_hist', 'lambda': 0.00025859413662672286, 'alpha': 0.00019029792749333024, 'colsample_bytree': 0.3655198571574962, 'subsample': 0.8143889955057743, 'learning_rate': 0.08818567875951669, 'max_depth': 7, 'min_child_weight': 18, 'eval_metric': 'logloss'}. Best is trial 478 with value: 0.91195.
start listen on 10.110.42.71:52303
@tracker All of 1 nodes getting started
@tracker All nodes finishes job
start listen on 10.110.42.71:53205
@tracker All of 1 nodes getting started
@tracker All nodes finishes job
start listen on 10.110.42.71:53767
@tracker All of 1 nodes getting started
@tracker All nodes finishes job
start listen on 10.110.42.71:45347
@tracker All of 1 nodes getting started
@tracker All nodes finishes job
start listen on 10.110.42.71:51155
@tracker All of 1 nodes getting started
@tracker All nodes finishes job
Trial 1009 finished with value: 0.9082666666666667 and parameters: {'tree_method': 'gpu_hist', 'lambda': 0.00035494720284395646, 'alpha': 0.00023598570396184013, 'colsample_bytree': 0.40311194151178176, 'subsample': 0.8342183036508084, 'learning_rate': 0.06286450614817089, 'max_depth': 17, 'min_child_weight': 11, 'eval_metric': 'logloss'}. Best is trial 478 with value: 0.91195.
start listen on 10.110.42.71:50595
@tracker All of 1 nodes getting started
@tracker All nodes finishes job
start listen on 10.110.42.71:48205
@tracker All of 1 nodes getting started
@tracker All nodes finishes job
start listen on 10.110.42.71:57199
@tracker All of 1 nodes getting started
@tracker All nodes finishes job
start listen on 10.110.42.71:43025
@tracker All of 1 nodes getting started
@tracker All nodes finishes job
start listen on 10.110.42.71:39945
@tracker All of 1 nodes getting started
@tracker All nodes finishes job
Trial 1010 finished with value: 0.9090333333333334 and parameters: {'tree_method': 'gpu_hist', 'lambda': 0.00023840607628515805, 'alpha': 0.00016599061212596138, 'colsample_bytree': 0.42739367723694827, 'subsample': 0.8501925246818022, 'learning_rate': 0.07591140025933268, 'max_depth': 11, 'min_child_weight': 1, 'eval_metric': 'logloss'}. Best is trial 478 with value: 0.91195.
start listen on 10.110.42.71:33473
@tracker All of 1 nodes getting started
@tracker All nodes finishes job
start listen on 10.110.42.71:32825
@tracker All of 1 nodes getting started
@tracker All nodes finishes job
start listen on 10.110.42.71:50203
@tracker All of 1 nodes getting started
@tracker All nodes finishes job
start listen on 10.110.42.71:47251
@tracker All of 1 nodes getting started
@tracker All nodes finishes job
start listen on 10.110.42.71:36615
@tracker All of 1 nodes getting started
@tracker All nodes finishes job
Trial 1011 finished with value: 0.9099666666666667 and parameters: {'tree_method': 'gpu_hist', 'lambda': 0.0001978029956857162, 'alpha': 0.0003171202014925617, 'colsample_bytree': 0.3878400515379745, 'subsample': 0.8281258073271436, 'learning_rate': 0.05575372908815909, 'max_depth': 7, 'min_child_weight': 7, 'eval_metric': 'logloss'}. Best is trial 478 with value: 0.91195.
start listen on 10.110.42.71:39721
@tracker All of 1 nodes getting started
@tracker All nodes finishes job
start listen on 10.110.42.71:49347
@tracker All of 1 nodes getting started
@tracker All nodes finishes job
start listen on 10.110.42.71:56265
@tracker All of 1 nodes getting started
@tracker All nodes finishes job
start listen on 10.110.42.71:44559
@tracker All of 1 nodes getting started
@tracker All nodes finishes job
start listen on 10.110.42.71:37889
@tracker All of 1 nodes getting started
@tracker All nodes finishes job
Trial 1012 finished with value: 0.9092833333333333 and parameters: {'tree_method': 'gpu_hist', 'lambda': 0.00031196682239499005, 'alpha': 0.00014056536041029828, 'colsample_bytree': 0.3453918560702648, 'subsample': 0.8942630815603838, 'learning_rate': 0.08695025642520127, 'max_depth': 7, 'min_child_weight': 15, 'eval_metric': 'logloss'}. Best is trial 478 with value: 0.91195.
start listen on 10.110.42.71:55575
@tracker All of 1 nodes getting started
@tracker All nodes finishes job
start listen on 10.110.42.71:33993
@tracker All of 1 nodes getting started
@tracker All nodes finishes job
start listen on 10.110.42.71:43827
@tracker All of 1 nodes getting started
@tracker All nodes finishes job
start listen on 10.110.42.71:32881
@tracker All of 1 nodes getting started
@tracker All nodes finishes job
start listen on 10.110.42.71:50759
@tracker All of 1 nodes getting started
@tracker All nodes finishes job
Trial 1013 finished with value: 0.9105833333333333 and parameters: {'tree_method': 'gpu_hist', 'lambda': 0.00020189987206062465, 'alpha': 0.0002654155729190429, 'colsample_bytree': 0.41692288710943387, 'subsample': 0.8676750916275251, 'learning_rate': 0.08061680363195196, 'max_depth': 7, 'min_child_weight': 6, 'eval_metric': 'logloss'}. Best is trial 478 with value: 0.91195.
start listen on 10.110.42.71:35863
@tracker All of 1 nodes getting started
@tracker All nodes finishes job
start listen on 10.110.42.71:58705
@tracker All of 1 nodes getting started
@tracker All nodes finishes job
start listen on 10.110.42.71:36959
@tracker All of 1 nodes getting started
@tracker All nodes finishes job
start listen on 10.110.42.71:50625
@tracker All of 1 nodes getting started
@tracker All nodes finishes job
start listen on 10.110.42.71:43439
@tracker All of 1 nodes getting started
@tracker All nodes finishes job
Trial 1014 finished with value: 0.9067166666666666 and parameters: {'tree_method': 'gpu_hist', 'lambda': 0.00024835446489356164, 'alpha': 0.00021112719315620848, 'colsample_bytree': 0.43413079829448714, 'subsample': 0.811514386921924, 'learning_rate': 0.07233764614316242, 'max_depth': 5, 'min_child_weight': 24, 'eval_metric': 'logloss'}. Best is trial 478 with value: 0.91195.
start listen on 10.110.42.71:51707
@tracker All of 1 nodes getting started
@tracker All nodes finishes job
start listen on 10.110.42.71:52063
@tracker All of 1 nodes getting started
@tracker All nodes finishes job
start listen on 10.110.42.71:42011
@tracker All of 1 nodes getting started
@tracker All nodes finishes job
start listen on 10.110.42.71:33229
@tracker All of 1 nodes getting started
@tracker All nodes finishes job
start listen on 10.110.42.71:53827
@tracker All of 1 nodes getting started
@tracker All nodes finishes job
Trial 1015 finished with value: 0.9114666666666666 and parameters: {'tree_method': 'gpu_hist', 'lambda': 0.0001694312595382346, 'alpha': 0.0003633892433074678, 'colsample_bytree': 0.3663360272513677, 'subsample': 0.8277449784770261, 'learning_rate': 0.09222884244627583, 'max_depth': 7, 'min_child_weight': 1, 'eval_metric': 'logloss'}. Best is trial 478 with value: 0.91195.
start listen on 10.110.42.71:56797
@tracker All of 1 nodes getting started
@tracker All nodes finishes job
start listen on 10.110.42.71:60535
@tracker All of 1 nodes getting started
@tracker All nodes finishes job
start listen on 10.110.42.71:46701
@tracker All of 1 nodes getting started
@tracker All nodes finishes job
start listen on 10.110.42.71:52923
@tracker All of 1 nodes getting started
@tracker All nodes finishes job
start listen on 10.110.42.71:54427
@tracker All of 1 nodes getting started
@tracker All nodes finishes job
Trial 1016 finished with value: 0.9096166666666666 and parameters: {'tree_method': 'gpu_hist', 'lambda': 0.037042994565787996, 'alpha': 0.00012412495446846895, 'colsample_bytree': 0.32514422414500016, 'subsample': 0.9162678314927961, 'learning_rate': 0.08583175785478213, 'max_depth': 7, 'min_child_weight': 11, 'eval_metric': 'logloss'}. Best is trial 478 with value: 0.91195.
start listen on 10.110.42.71:49549
@tracker All of 1 nodes getting started
@tracker All nodes finishes job
start listen on 10.110.42.71:40769
@tracker All of 1 nodes getting started
@tracker All nodes finishes job
start listen on 10.110.42.71:34851
@tracker All of 1 nodes getting started
@tracker All nodes finishes job
start listen on 10.110.42.71:49799
@tracker All of 1 nodes getting started
@tracker All nodes finishes job
start listen on 10.110.42.71:49765
@tracker All of 1 nodes getting started
@tracker All nodes finishes job
Trial 1017 finished with value: 0.9022833333333333 and parameters: {'tree_method': 'gpu_hist', 'lambda': 0.01708996942181715, 'alpha': 0.0002849188711745206, 'colsample_bytree': 0.3703256006750208, 'subsample': 0.8082197648772231, 'learning_rate': 0.0934436632858431, 'max_depth': 3, 'min_child_weight': 6, 'eval_metric': 'logloss'}. Best is trial 478 with value: 0.91195.
start listen on 10.110.42.71:51167
@tracker All of 1 nodes getting started
@tracker All nodes finishes job
start listen on 10.110.42.71:50249
@tracker All of 1 nodes getting started
@tracker All nodes finishes job
start listen on 10.110.42.71:59981
@tracker All of 1 nodes getting started
@tracker All nodes finishes job
start listen on 10.110.42.71:33677
@tracker All of 1 nodes getting started
@tracker All nodes finishes job
start listen on 10.110.42.71:59513
@tracker All of 1 nodes getting started
@tracker All nodes finishes job
Trial 1018 finished with value: 0.9111666666666667 and parameters: {'tree_method': 'gpu_hist', 'lambda': 0.00040230219468438943, 'alpha': 0.0001803632769416626, 'colsample_bytree': 0.37551069067897264, 'subsample': 0.9017650092065697, 'learning_rate': 0.08456686189984623, 'max_depth': 7, 'min_child_weight': 1, 'eval_metric': 'logloss'}. Best is trial 478 with value: 0.91195.
start listen on 10.110.42.71:53727
@tracker All of 1 nodes getting started
@tracker All nodes finishes job
start listen on 10.110.42.71:44523
@tracker All of 1 nodes getting started
@tracker All nodes finishes job
start listen on 10.110.42.71:35479
@tracker All of 1 nodes getting started
@tracker All nodes finishes job
start listen on 10.110.42.71:35295
@tracker All of 1 nodes getting started
@tracker All nodes finishes job
start listen on 10.110.42.71:51663
@tracker All of 1 nodes getting started
@tracker All nodes finishes job
Trial 1019 finished with value: 0.90945 and parameters: {'tree_method': 'gpu_hist', 'lambda': 0.00019647162697652233, 'alpha': 0.00034162014332633534, 'colsample_bytree': 0.40659052299139825, 'subsample': 0.8412341495485721, 'learning_rate': 0.0735003914251525, 'max_depth': 9, 'min_child_weight': 11, 'eval_metric': 'logloss'}. Best is trial 478 with value: 0.91195.
start listen on 10.110.42.71:57311
@tracker All of 1 nodes getting started
@tracker All nodes finishes job
start listen on 10.110.42.71:41505
@tracker All of 1 nodes getting started
@tracker All nodes finishes job
start listen on 10.110.42.71:55737
@tracker All of 1 nodes getting started
@tracker All nodes finishes job
start listen on 10.110.42.71:40257
@tracker All of 1 nodes getting started
@tracker All nodes finishes job
start listen on 10.110.42.71:40963
@tracker All of 1 nodes getting started
@tracker All nodes finishes job
Trial 1020 finished with value: 0.9084333333333333 and parameters: {'tree_method': 'gpu_hist', 'lambda': 0.00015252008751108308, 'alpha': 0.00022397094228714378, 'colsample_bytree': 0.37639142362746925, 'subsample': 0.8281050088833917, 'learning_rate': 0.09066273821941527, 'max_depth': 7, 'min_child_weight': 19, 'eval_metric': 'logloss'}. Best is trial 478 with value: 0.91195.
start listen on 10.110.42.71:52937
@tracker All of 1 nodes getting started
@tracker All nodes finishes job
start listen on 10.110.42.71:49043
@tracker All of 1 nodes getting started
@tracker All nodes finishes job
start listen on 10.110.42.71:42085
@tracker All of 1 nodes getting started
@tracker All nodes finishes job
start listen on 10.110.42.71:59303
@tracker All of 1 nodes getting started
@tracker All nodes finishes job
start listen on 10.110.42.71:38341
@tracker All of 1 nodes getting started
@tracker All nodes finishes job
Trial 1021 finished with value: 0.91035 and parameters: {'tree_method': 'gpu_hist', 'lambda': 0.0003181560902622907, 'alpha': 0.0002684900920608041, 'colsample_bytree': 0.44296801272380126, 'subsample': 0.8564407019329134, 'learning_rate': 0.0791806932671216, 'max_depth': 7, 'min_child_weight': 6, 'eval_metric': 'logloss'}. Best is trial 478 with value: 0.91195.
start listen on 10.110.42.71:44985
@tracker All of 1 nodes getting started
@tracker All nodes finishes job
start listen on 10.110.42.71:47567
@tracker All of 1 nodes getting started
@tracker All nodes finishes job
start listen on 10.110.42.71:33685
@tracker All of 1 nodes getting started
@tracker All nodes finishes job
start listen on 10.110.42.71:34733
@tracker All of 1 nodes getting started
@tracker All nodes finishes job
start listen on 10.110.42.71:37977
@tracker All of 1 nodes getting started
@tracker All nodes finishes job
Trial 1022 finished with value: 0.9111 and parameters: {'tree_method': 'gpu_hist', 'lambda': 0.0002382236095085684, 'alpha': 0.0003526712739146575, 'colsample_bytree': 0.3487210734468711, 'subsample': 0.884741781704073, 'learning_rate': 0.09307511024327653, 'max_depth': 7, 'min_child_weight': 1, 'eval_metric': 'logloss'}. Best is trial 478 with value: 0.91195.
start listen on 10.110.42.71:35119
@tracker All of 1 nodes getting started
@tracker All nodes finishes job
start listen on 10.110.42.71:37387
@tracker All of 1 nodes getting started
@tracker All nodes finishes job
start listen on 10.110.42.71:51387
@tracker All of 1 nodes getting started
@tracker All nodes finishes job
start listen on 10.110.42.71:42931
@tracker All of 1 nodes getting started
@tracker All nodes finishes job
start listen on 10.110.42.71:34847
@tracker All of 1 nodes getting started
@tracker All nodes finishes job
Trial 1023 finished with value: 0.9086166666666666 and parameters: {'tree_method': 'gpu_hist', 'lambda': 0.00018843773476692928, 'alpha': 0.00015631887204600666, 'colsample_bytree': 0.37991144684450356, 'subsample': 0.8039522989818078, 'learning_rate': 0.08453310212300666, 'max_depth': 15, 'min_child_weight': 15, 'eval_metric': 'logloss'}. Best is trial 478 with value: 0.91195.
start listen on 10.110.42.71:54535
@tracker All of 1 nodes getting started
@tracker All nodes finishes job
start listen on 10.110.42.71:46187
@tracker All of 1 nodes getting started
@tracker All nodes finishes job
start listen on 10.110.42.71:50135
@tracker All of 1 nodes getting started
@tracker All nodes finishes job
start listen on 10.110.42.71:50515
@tracker All of 1 nodes getting started
@tracker All nodes finishes job
start listen on 10.110.42.71:58877
@tracker All of 1 nodes getting started
@tracker All nodes finishes job
Trial 1024 finished with value: 0.9093833333333333 and parameters: {'tree_method': 'gpu_hist', 'lambda': 0.0002905128723221647, 'alpha': 0.0026459162890658887, 'colsample_bytree': 0.4228105531741867, 'subsample': 0.48114464635015686, 'learning_rate': 0.06730207759204888, 'max_depth': 7, 'min_child_weight': 7, 'eval_metric': 'logloss'}. Best is trial 478 with value: 0.91195.
start listen on 10.110.42.71:33583
@tracker All of 1 nodes getting started
@tracker All nodes finishes job
start listen on 10.110.42.71:34281
@tracker All of 1 nodes getting started
@tracker All nodes finishes job
start listen on 10.110.42.71:38319
@tracker All of 1 nodes getting started
@tracker All nodes finishes job
start listen on 10.110.42.71:42737
@tracker All of 1 nodes getting started
@tracker All nodes finishes job
start listen on 10.110.42.71:59053
@tracker All of 1 nodes getting started
@tracker All nodes finishes job
Trial 1025 finished with value: 0.8637333333333334 and parameters: {'tree_method': 'gpu_hist', 'lambda': 0.00014363882268044105, 'alpha': 5.123236533353781, 'colsample_bytree': 0.3580453932249498, 'subsample': 0.8207629343704816, 'learning_rate': 0.0018141800434684186, 'max_depth': 7, 'min_child_weight': 11, 'eval_metric': 'logloss'}. Best is trial 478 with value: 0.91195.
start listen on 10.110.42.71:34659
@tracker All of 1 nodes getting started
@tracker All nodes finishes job
start listen on 10.110.42.71:60893
@tracker All of 1 nodes getting started
@tracker All nodes finishes job
start listen on 10.110.42.71:46035
@tracker All of 1 nodes getting started
@tracker All nodes finishes job
start listen on 10.110.42.71:58185
@tracker All of 1 nodes getting started
@tracker All nodes finishes job
start listen on 10.110.42.71:57641
@tracker All of 1 nodes getting started
@tracker All nodes finishes job
Trial 1026 finished with value: 0.9107666666666666 and parameters: {'tree_method': 'gpu_hist', 'lambda': 0.00022237221699722426, 'alpha': 0.00020681220937762059, 'colsample_bytree': 0.3946171173631564, 'subsample': 0.8475779311948368, 'learning_rate': 0.07725089849854759, 'max_depth': 7, 'min_child_weight': 1, 'eval_metric': 'logloss'}. Best is trial 478 with value: 0.91195.
start listen on 10.110.42.71:33695
@tracker All of 1 nodes getting started
@tracker All nodes finishes job
start listen on 10.110.42.71:43557
@tracker All of 1 nodes getting started
@tracker All nodes finishes job
start listen on 10.110.42.71:47893
@tracker All of 1 nodes getting started
@tracker All nodes finishes job
start listen on 10.110.42.71:51289
@tracker All of 1 nodes getting started
@tracker All nodes finishes job
start listen on 10.110.42.71:54193
@tracker All of 1 nodes getting started
@tracker All nodes finishes job
Trial 1027 finished with value: 0.9103333333333333 and parameters: {'tree_method': 'gpu_hist', 'lambda': 0.00016424290943712139, 'alpha': 0.00036178686300505035, 'colsample_bytree': 0.3284223184472941, 'subsample': 0.9061929412022777, 'learning_rate': 0.08525017711338499, 'max_depth': 7, 'min_child_weight': 8, 'eval_metric': 'logloss'}. Best is trial 478 with value: 0.91195.
start listen on 10.110.42.71:36459
@tracker All of 1 nodes getting started
@tracker All nodes finishes job
start listen on 10.110.42.71:38109
@tracker All of 1 nodes getting started
@tracker All nodes finishes job
start listen on 10.110.42.71:34605
@tracker All of 1 nodes getting started
@tracker All nodes finishes job
start listen on 10.110.42.71:37629
@tracker All of 1 nodes getting started
@tracker All nodes finishes job
start listen on 10.110.42.71:34201
@tracker All of 1 nodes getting started
@tracker All nodes finishes job
Trial 1028 finished with value: 0.9089166666666667 and parameters: {'tree_method': 'gpu_hist', 'lambda': 0.0003962881324468773, 'alpha': 0.0001312433889769454, 'colsample_bytree': 0.4038396985516727, 'subsample': 0.840856229766784, 'learning_rate': 0.07852625952244888, 'max_depth': 7, 'min_child_weight': 16, 'eval_metric': 'logloss'}. Best is trial 478 with value: 0.91195.
start listen on 10.110.42.71:46361
@tracker All of 1 nodes getting started
@tracker All nodes finishes job
start listen on 10.110.42.71:33671
@tracker All of 1 nodes getting started
@tracker All nodes finishes job
start listen on 10.110.42.71:59217
@tracker All of 1 nodes getting started
@tracker All nodes finishes job
start listen on 10.110.42.71:41097
@tracker All of 1 nodes getting started
@tracker All nodes finishes job
start listen on 10.110.42.71:55365
@tracker All of 1 nodes getting started
@tracker All nodes finishes job
Trial 1029 finished with value: 0.9096833333333333 and parameters: {'tree_method': 'gpu_hist', 'lambda': 0.0001430380156451777, 'alpha': 0.00028898017379735096, 'colsample_bytree': 0.44870046787341245, 'subsample': 0.811940461833195, 'learning_rate': 0.09341279716168353, 'max_depth': 7, 'min_child_weight': 7, 'eval_metric': 'logloss'}. Best is trial 478 with value: 0.91195.
start listen on 10.110.42.71:53583
@tracker All of 1 nodes getting started
@tracker All nodes finishes job
start listen on 10.110.42.71:39795
@tracker All of 1 nodes getting started
@tracker All nodes finishes job
start listen on 10.110.42.71:54283
@tracker All of 1 nodes getting started
@tracker All nodes finishes job
start listen on 10.110.42.71:49291
@tracker All of 1 nodes getting started
@tracker All nodes finishes job
start listen on 10.110.42.71:42803
@tracker All of 1 nodes getting started
@tracker All nodes finishes job
Trial 1030 finished with value: 0.9108166666666667 and parameters: {'tree_method': 'gpu_hist', 'lambda': 0.0005049371290398392, 'alpha': 0.0001855695045360625, 'colsample_bytree': 0.3774209272559059, 'subsample': 0.8350954435299628, 'learning_rate': 0.09939026119408213, 'max_depth': 7, 'min_child_weight': 1, 'eval_metric': 'logloss'}. Best is trial 478 with value: 0.91195.
start listen on 10.110.42.71:59869
@tracker All of 1 nodes getting started
@tracker All nodes finishes job
start listen on 10.110.42.71:50099
@tracker All of 1 nodes getting started
@tracker All nodes finishes job
start listen on 10.110.42.71:43267
@tracker All of 1 nodes getting started
@tracker All nodes finishes job
start listen on 10.110.42.71:43351
@tracker All of 1 nodes getting started
@tracker All nodes finishes job
start listen on 10.110.42.71:36973
@tracker All of 1 nodes getting started
@tracker All nodes finishes job
Trial 1031 finished with value: 0.9092333333333333 and parameters: {'tree_method': 'gpu_hist', 'lambda': 0.001958321533401714, 'alpha': 0.04939300317156392, 'colsample_bytree': 0.36545726970433234, 'subsample': 0.810112496041893, 'learning_rate': 0.09163605899773447, 'max_depth': 7, 'min_child_weight': 11, 'eval_metric': 'logloss'}. Best is trial 478 with value: 0.91195.
start listen on 10.110.42.71:51273
@tracker All of 1 nodes getting started
@tracker All nodes finishes job
start listen on 10.110.42.71:39121
@tracker All of 1 nodes getting started
@tracker All nodes finishes job
start listen on 10.110.42.71:60109
@tracker All of 1 nodes getting started
@tracker All nodes finishes job
start listen on 10.110.42.71:39401
@tracker All of 1 nodes getting started
@tracker All nodes finishes job
start listen on 10.110.42.71:57933
@tracker All of 1 nodes getting started
@tracker All nodes finishes job
