Trial 387 finished with value: 0.9104666666666666 and parameters: {'tree_method': 'gpu_hist', 'lambda': 0.00016702251677911187, 'alpha': 0.0011484642248822956, 'colsample_bytree': 0.4348341194331936, 'subsample': 0.7614031706300839, 'learning_rate': 0.09995057517100878, 'max_depth': 7, 'min_child_weight': 7, 'eval_metric': 'logloss'}. Best is trial 355 with value: 0.9115833333333333.
start listen on 10.110.42.71:59419
@tracker All of 1 nodes getting started
@tracker All nodes finishes job
start listen on 10.110.42.71:50299
@tracker All of 1 nodes getting started
@tracker All nodes finishes job
start listen on 10.110.42.71:59787
@tracker All of 1 nodes getting started
@tracker All nodes finishes job
start listen on 10.110.42.71:50359
@tracker All of 1 nodes getting started
@tracker All nodes finishes job
start listen on 10.110.42.71:58759
@tracker All of 1 nodes getting started
@tracker All nodes finishes job
Trial 388 finished with value: 0.9104166666666667 and parameters: {'tree_method': 'gpu_hist', 'lambda': 0.0002923898618285164, 'alpha': 0.0001851494868094668, 'colsample_bytree': 0.4451304989111039, 'subsample': 0.731387902429816, 'learning_rate': 0.07902664813237271, 'max_depth': 7, 'min_child_weight': 1, 'eval_metric': 'logloss'}. Best is trial 355 with value: 0.9115833333333333.
start listen on 10.110.42.71:37299
@tracker All of 1 nodes getting started
@tracker All nodes finishes job
start listen on 10.110.42.71:37735
@tracker All of 1 nodes getting started
@tracker All nodes finishes job
start listen on 10.110.42.71:53913
@tracker All of 1 nodes getting started
@tracker All nodes finishes job
start listen on 10.110.42.71:43819
@tracker All of 1 nodes getting started
@tracker All nodes finishes job
start listen on 10.110.42.71:51495
@tracker All of 1 nodes getting started
@tracker All nodes finishes job
Trial 389 finished with value: 0.9102166666666667 and parameters: {'tree_method': 'gpu_hist', 'lambda': 0.00013128563375695477, 'alpha': 0.2621088610947711, 'colsample_bytree': 0.36641595570309826, 'subsample': 0.744021062930775, 'learning_rate': 0.09143885625792306, 'max_depth': 7, 'min_child_weight': 11, 'eval_metric': 'logloss'}. Best is trial 355 with value: 0.9115833333333333.
start listen on 10.110.42.71:56743
@tracker All of 1 nodes getting started
@tracker All nodes finishes job
start listen on 10.110.42.71:51765
@tracker All of 1 nodes getting started
@tracker All nodes finishes job
start listen on 10.110.42.71:50777
@tracker All of 1 nodes getting started
@tracker All nodes finishes job
start listen on 10.110.42.71:38755
@tracker All of 1 nodes getting started
@tracker All nodes finishes job
start listen on 10.110.42.71:47743
@tracker All of 1 nodes getting started
@tracker All nodes finishes job
Trial 390 finished with value: 0.91025 and parameters: {'tree_method': 'gpu_hist', 'lambda': 0.00019722902024680853, 'alpha': 0.0004318645211032255, 'colsample_bytree': 0.39807060201695643, 'subsample': 0.7186846996334157, 'learning_rate': 0.08449586630699249, 'max_depth': 7, 'min_child_weight': 6, 'eval_metric': 'logloss'}. Best is trial 355 with value: 0.9115833333333333.
start listen on 10.110.42.71:43353
@tracker All of 1 nodes getting started
@tracker All nodes finishes job
start listen on 10.110.42.71:33133
@tracker All of 1 nodes getting started
@tracker All nodes finishes job
start listen on 10.110.42.71:50117
@tracker All of 1 nodes getting started
@tracker All nodes finishes job
start listen on 10.110.42.71:57209
@tracker All of 1 nodes getting started
@tracker All nodes finishes job
start listen on 10.110.42.71:57003
@tracker All of 1 nodes getting started
@tracker All nodes finishes job
Trial 391 finished with value: 0.9086833333333333 and parameters: {'tree_method': 'gpu_hist', 'lambda': 0.000374860647959471, 'alpha': 0.0006187164096894995, 'colsample_bytree': 0.46614138438496844, 'subsample': 0.756962487788091, 'learning_rate': 0.09995781193055527, 'max_depth': 7, 'min_child_weight': 17, 'eval_metric': 'logloss'}. Best is trial 355 with value: 0.9115833333333333.
start listen on 10.110.42.71:48603
@tracker All of 1 nodes getting started
@tracker All nodes finishes job
start listen on 10.110.42.71:56377
@tracker All of 1 nodes getting started
@tracker All nodes finishes job
start listen on 10.110.42.71:34723
@tracker All of 1 nodes getting started
@tracker All nodes finishes job
start listen on 10.110.42.71:39997
@tracker All of 1 nodes getting started
@tracker All nodes finishes job
start listen on 10.110.42.71:36447
@tracker All of 1 nodes getting started
@tracker All nodes finishes job
Trial 392 finished with value: 0.9105 and parameters: {'tree_method': 'gpu_hist', 'lambda': 0.00023876627610850323, 'alpha': 0.0002655782596131777, 'colsample_bytree': 0.42698896702573247, 'subsample': 0.702693912848124, 'learning_rate': 0.07541142580939712, 'max_depth': 7, 'min_child_weight': 1, 'eval_metric': 'logloss'}. Best is trial 355 with value: 0.9115833333333333.
start listen on 10.110.42.71:42047
@tracker All of 1 nodes getting started
@tracker All nodes finishes job
start listen on 10.110.42.71:38661
@tracker All of 1 nodes getting started
@tracker All nodes finishes job
start listen on 10.110.42.71:45941
@tracker All of 1 nodes getting started
@tracker All nodes finishes job
start listen on 10.110.42.71:39311
@tracker All of 1 nodes getting started
@tracker All nodes finishes job
start listen on 10.110.42.71:47541
@tracker All of 1 nodes getting started
@tracker All nodes finishes job
Trial 393 finished with value: 0.9094333333333333 and parameters: {'tree_method': 'gpu_hist', 'lambda': 0.0001698623037821135, 'alpha': 0.00036707779440619864, 'colsample_bytree': 0.38042873898835894, 'subsample': 0.667443380379561, 'learning_rate': 0.08816157288006717, 'max_depth': 7, 'min_child_weight': 11, 'eval_metric': 'logloss'}. Best is trial 355 with value: 0.9115833333333333.
start listen on 10.110.42.71:32839
@tracker All of 1 nodes getting started
@tracker All nodes finishes job
start listen on 10.110.42.71:52363
@tracker All of 1 nodes getting started
@tracker All nodes finishes job
start listen on 10.110.42.71:50637
@tracker All of 1 nodes getting started
@tracker All nodes finishes job
start listen on 10.110.42.71:50139
@tracker All of 1 nodes getting started
@tracker All nodes finishes job
start listen on 10.110.42.71:51917
@tracker All of 1 nodes getting started
@tracker All nodes finishes job
Trial 394 finished with value: 0.9084333333333333 and parameters: {'tree_method': 'gpu_hist', 'lambda': 0.00028553578505220327, 'alpha': 0.00022238353562576424, 'colsample_bytree': 0.45314645486513166, 'subsample': 0.771254815716723, 'learning_rate': 0.03624810429713235, 'max_depth': 13, 'min_child_weight': 8, 'eval_metric': 'logloss'}. Best is trial 355 with value: 0.9115833333333333.
start listen on 10.110.42.71:33071
@tracker All of 1 nodes getting started
@tracker All nodes finishes job
start listen on 10.110.42.71:60803
@tracker All of 1 nodes getting started
@tracker All nodes finishes job
start listen on 10.110.42.71:49855
@tracker All of 1 nodes getting started
@tracker All nodes finishes job
start listen on 10.110.42.71:50671
@tracker All of 1 nodes getting started
@tracker All nodes finishes job
start listen on 10.110.42.71:44651
@tracker All of 1 nodes getting started
@tracker All nodes finishes job
Trial 395 finished with value: 0.91155 and parameters: {'tree_method': 'gpu_hist', 'lambda': 0.00013315394434036624, 'alpha': 0.0005143732660431233, 'colsample_bytree': 0.404561871468505, 'subsample': 0.7306006691813546, 'learning_rate': 0.08102830327680723, 'max_depth': 7, 'min_child_weight': 1, 'eval_metric': 'logloss'}. Best is trial 355 with value: 0.9115833333333333.
start listen on 10.110.42.71:43627
@tracker All of 1 nodes getting started
@tracker All nodes finishes job
start listen on 10.110.42.71:57189
@tracker All of 1 nodes getting started
@tracker All nodes finishes job
start listen on 10.110.42.71:51137
@tracker All of 1 nodes getting started
@tracker All nodes finishes job
start listen on 10.110.42.71:47257
@tracker All of 1 nodes getting started
@tracker All nodes finishes job
start listen on 10.110.42.71:49617
@tracker All of 1 nodes getting started
@tracker All nodes finishes job
Trial 396 finished with value: 0.9076666666666666 and parameters: {'tree_method': 'gpu_hist', 'lambda': 0.00012654172751506504, 'alpha': 0.00053006703824891, 'colsample_bytree': 0.9412457411740586, 'subsample': 0.7182365878642288, 'learning_rate': 0.06853716240119985, 'max_depth': 20, 'min_child_weight': 16, 'eval_metric': 'logloss'}. Best is trial 355 with value: 0.9115833333333333.
start listen on 10.110.42.71:38465
@tracker All of 1 nodes getting started
@tracker All nodes finishes job
start listen on 10.110.42.71:51319
@tracker All of 1 nodes getting started
@tracker All nodes finishes job
start listen on 10.110.42.71:35763
@tracker All of 1 nodes getting started
@tracker All nodes finishes job
start listen on 10.110.42.71:37851
@tracker All of 1 nodes getting started
@tracker All nodes finishes job
start listen on 10.110.42.71:39675
@tracker All of 1 nodes getting started
@tracker All nodes finishes job
Trial 397 finished with value: 0.8742333333333333 and parameters: {'tree_method': 'gpu_hist', 'lambda': 0.00012356644519416097, 'alpha': 0.0008177505686606017, 'colsample_bytree': 0.39740510818750846, 'subsample': 0.732704414123337, 'learning_rate': 0.003569584701842173, 'max_depth': 7, 'min_child_weight': 23, 'eval_metric': 'logloss'}. Best is trial 355 with value: 0.9115833333333333.
start listen on 10.110.42.71:56375
@tracker All of 1 nodes getting started
@tracker All nodes finishes job
start listen on 10.110.42.71:59677
@tracker All of 1 nodes getting started
@tracker All nodes finishes job
start listen on 10.110.42.71:52005
@tracker All of 1 nodes getting started
@tracker All nodes finishes job
start listen on 10.110.42.71:49389
@tracker All of 1 nodes getting started
@tracker All nodes finishes job
start listen on 10.110.42.71:48247
@tracker All of 1 nodes getting started
@tracker All nodes finishes job
Trial 398 finished with value: 0.9041 and parameters: {'tree_method': 'gpu_hist', 'lambda': 0.00014362633742233294, 'alpha': 0.0006526681025988082, 'colsample_bytree': 0.4113353849999316, 'subsample': 0.7096230861798206, 'learning_rate': 0.07900418655264205, 'max_depth': 7, 'min_child_weight': 58, 'eval_metric': 'logloss'}. Best is trial 355 with value: 0.9115833333333333.
start listen on 10.110.42.71:50217
@tracker All of 1 nodes getting started
@tracker All nodes finishes job
start listen on 10.110.42.71:41921
@tracker All of 1 nodes getting started
@tracker All nodes finishes job
start listen on 10.110.42.71:34623
@tracker All of 1 nodes getting started
@tracker All nodes finishes job
start listen on 10.110.42.71:47439
@tracker All of 1 nodes getting started
@tracker All nodes finishes job
start listen on 10.110.42.71:40003
@tracker All of 1 nodes getting started
@tracker All nodes finishes job
Trial 399 finished with value: 0.8676333333333334 and parameters: {'tree_method': 'gpu_hist', 'lambda': 0.00018040885768448768, 'alpha': 0.0004818177758546488, 'colsample_bytree': 0.3876100770501715, 'subsample': 0.6891174637507762, 'learning_rate': 0.0013406152527518068, 'max_depth': 7, 'min_child_weight': 6, 'eval_metric': 'logloss'}. Best is trial 355 with value: 0.9115833333333333.
start listen on 10.110.42.71:42977
@tracker All of 1 nodes getting started
@tracker All nodes finishes job
start listen on 10.110.42.71:60193
@tracker All of 1 nodes getting started
@tracker All nodes finishes job
start listen on 10.110.42.71:47377
@tracker All of 1 nodes getting started
@tracker All nodes finishes job
start listen on 10.110.42.71:56195
@tracker All of 1 nodes getting started
@tracker All nodes finishes job
start listen on 10.110.42.71:48847
@tracker All of 1 nodes getting started
@tracker All nodes finishes job
Trial 400 finished with value: 0.9083666666666667 and parameters: {'tree_method': 'gpu_hist', 'lambda': 0.006382475318667133, 'alpha': 0.00018069513551509318, 'colsample_bytree': 0.409124617294347, 'subsample': 0.7281315948400869, 'learning_rate': 0.06396475405833996, 'max_depth': 17, 'min_child_weight': 6, 'eval_metric': 'logloss'}. Best is trial 355 with value: 0.9115833333333333.
start listen on 10.110.42.71:33673
@tracker All of 1 nodes getting started
@tracker All nodes finishes job
start listen on 10.110.42.71:54393
@tracker All of 1 nodes getting started
@tracker All nodes finishes job
start listen on 10.110.42.71:52421
@tracker All of 1 nodes getting started
@tracker All nodes finishes job
start listen on 10.110.42.71:48813
@tracker All of 1 nodes getting started
@tracker All nodes finishes job
start listen on 10.110.42.71:33795
@tracker All of 1 nodes getting started
@tracker All nodes finishes job
Trial 401 finished with value: 0.8911833333333333 and parameters: {'tree_method': 'gpu_hist', 'lambda': 0.00012545701399795713, 'alpha': 0.0003934365838659826, 'colsample_bytree': 0.36169136344118563, 'subsample': 0.7470313651419913, 'learning_rate': 0.0072152340582695195, 'max_depth': 7, 'min_child_weight': 12, 'eval_metric': 'logloss'}. Best is trial 355 with value: 0.9115833333333333.
start listen on 10.110.42.71:60955
@tracker All of 1 nodes getting started
@tracker All nodes finishes job
start listen on 10.110.42.71:57033
@tracker All of 1 nodes getting started
@tracker All nodes finishes job
start listen on 10.110.42.71:49201
@tracker All of 1 nodes getting started
@tracker All nodes finishes job
start listen on 10.110.42.71:54007
@tracker All of 1 nodes getting started
@tracker All nodes finishes job
start listen on 10.110.42.71:33221
@tracker All of 1 nodes getting started
@tracker All nodes finishes job
Trial 402 finished with value: 0.9112333333333333 and parameters: {'tree_method': 'gpu_hist', 'lambda': 0.0001584136371182659, 'alpha': 0.0004936357529264732, 'colsample_bytree': 0.4251006568964583, 'subsample': 0.817355672451886, 'learning_rate': 0.09215478104366938, 'max_depth': 7, 'min_child_weight': 1, 'eval_metric': 'logloss'}. Best is trial 355 with value: 0.9115833333333333.
start listen on 10.110.42.71:46625
@tracker All of 1 nodes getting started
@tracker All nodes finishes job
start listen on 10.110.42.71:48189
@tracker All of 1 nodes getting started
@tracker All nodes finishes job
start listen on 10.110.42.71:46179
@tracker All of 1 nodes getting started
@tracker All nodes finishes job
start listen on 10.110.42.71:60459
@tracker All of 1 nodes getting started
@tracker All nodes finishes job
start listen on 10.110.42.71:57541
@tracker All of 1 nodes getting started
@tracker All nodes finishes job
Trial 403 finished with value: 0.90105 and parameters: {'tree_method': 'gpu_hist', 'lambda': 0.0001517841819600026, 'alpha': 0.0005646418145509548, 'colsample_bytree': 0.42801908329292804, 'subsample': 0.8274241137170791, 'learning_rate': 0.01263464001098548, 'max_depth': 7, 'min_child_weight': 1, 'eval_metric': 'logloss'}. Best is trial 355 with value: 0.9115833333333333.
start listen on 10.110.42.71:37597
@tracker All of 1 nodes getting started
@tracker All nodes finishes job
start listen on 10.110.42.71:39439
@tracker All of 1 nodes getting started
@tracker All nodes finishes job
start listen on 10.110.42.71:54821
@tracker All of 1 nodes getting started
@tracker All nodes finishes job
start listen on 10.110.42.71:47725
@tracker All of 1 nodes getting started
@tracker All nodes finishes job
start listen on 10.110.42.71:55901
@tracker All of 1 nodes getting started
@tracker All nodes finishes job
Trial 404 finished with value: 0.90945 and parameters: {'tree_method': 'gpu_hist', 'lambda': 0.00012342275265079747, 'alpha': 0.0009142962749013493, 'colsample_bytree': 0.40233807628298623, 'subsample': 0.805236319231665, 'learning_rate': 0.09209633776220108, 'max_depth': 11, 'min_child_weight': 11, 'eval_metric': 'logloss'}. Best is trial 355 with value: 0.9115833333333333.
start listen on 10.110.42.71:37483
@tracker All of 1 nodes getting started
@tracker All nodes finishes job
start listen on 10.110.42.71:34063
@tracker All of 1 nodes getting started
@tracker All nodes finishes job
start listen on 10.110.42.71:35935
@tracker All of 1 nodes getting started
@tracker All nodes finishes job
start listen on 10.110.42.71:33023
@tracker All of 1 nodes getting started
@tracker All nodes finishes job
start listen on 10.110.42.71:57647
@tracker All of 1 nodes getting started
@tracker All nodes finishes job
Trial 405 finished with value: 0.9101333333333333 and parameters: {'tree_method': 'gpu_hist', 'lambda': 0.00017788037682166266, 'alpha': 0.0006583261947430624, 'colsample_bytree': 0.42094756904817476, 'subsample': 0.8223500993978674, 'learning_rate': 0.07405193508759589, 'max_depth': 7, 'min_child_weight': 6, 'eval_metric': 'logloss'}. Best is trial 355 with value: 0.9115833333333333.
start listen on 10.110.42.71:44419
@tracker All of 1 nodes getting started
@tracker All nodes finishes job
start listen on 10.110.42.71:57947
@tracker All of 1 nodes getting started
@tracker All nodes finishes job
start listen on 10.110.42.71:42099
@tracker All of 1 nodes getting started
@tracker All nodes finishes job
start listen on 10.110.42.71:43077
@tracker All of 1 nodes getting started
@tracker All nodes finishes job
start listen on 10.110.42.71:34549
@tracker All of 1 nodes getting started
@tracker All nodes finishes job
Trial 406 finished with value: 0.9086 and parameters: {'tree_method': 'gpu_hist', 'lambda': 0.0001478411423890339, 'alpha': 0.0004151512876604009, 'colsample_bytree': 0.38239746447125117, 'subsample': 0.7905454696001306, 'learning_rate': 0.08180316289284968, 'max_depth': 7, 'min_child_weight': 20, 'eval_metric': 'logloss'}. Best is trial 355 with value: 0.9115833333333333.
start listen on 10.110.42.71:40287
@tracker All of 1 nodes getting started
@tracker All nodes finishes job
start listen on 10.110.42.71:55511
@tracker All of 1 nodes getting started
@tracker All nodes finishes job
start listen on 10.110.42.71:42145
@tracker All of 1 nodes getting started
@tracker All nodes finishes job
start listen on 10.110.42.71:55199
@tracker All of 1 nodes getting started
@tracker All nodes finishes job
start listen on 10.110.42.71:49405
@tracker All of 1 nodes getting started
@tracker All nodes finishes job
Trial 407 finished with value: 0.9111 and parameters: {'tree_method': 'gpu_hist', 'lambda': 0.004166884937306092, 'alpha': 0.0005114239403907179, 'colsample_bytree': 0.3942279117459595, 'subsample': 0.8102719120944268, 'learning_rate': 0.09124323756629509, 'max_depth': 5, 'min_child_weight': 1, 'eval_metric': 'logloss'}. Best is trial 355 with value: 0.9115833333333333.
start listen on 10.110.42.71:35083
@tracker All of 1 nodes getting started
@tracker All nodes finishes job
start listen on 10.110.42.71:59447
@tracker All of 1 nodes getting started
@tracker All nodes finishes job
start listen on 10.110.42.71:34009
@tracker All of 1 nodes getting started
@tracker All nodes finishes job
start listen on 10.110.42.71:36667
@tracker All of 1 nodes getting started
@tracker All nodes finishes job
start listen on 10.110.42.71:33715
@tracker All of 1 nodes getting started
@tracker All nodes finishes job
Trial 408 finished with value: 0.9082333333333333 and parameters: {'tree_method': 'gpu_hist', 'lambda': 0.00010126332424334837, 'alpha': 0.00031505728289136934, 'colsample_bytree': 0.41004569302921784, 'subsample': 0.6190422512160051, 'learning_rate': 0.09981881939515957, 'max_depth': 7, 'min_child_weight': 14, 'eval_metric': 'logloss'}. Best is trial 355 with value: 0.9115833333333333.
start listen on 10.110.42.71:56457
@tracker All of 1 nodes getting started
@tracker All nodes finishes job
start listen on 10.110.42.71:46211
@tracker All of 1 nodes getting started
@tracker All nodes finishes job
start listen on 10.110.42.71:59927
@tracker All of 1 nodes getting started
@tracker All nodes finishes job
start listen on 10.110.42.71:60681
@tracker All of 1 nodes getting started
@tracker All nodes finishes job
start listen on 10.110.42.71:48889
@tracker All of 1 nodes getting started
@tracker All nodes finishes job
Trial 409 finished with value: 0.9101 and parameters: {'tree_method': 'gpu_hist', 'lambda': 0.00019945371993645086, 'alpha': 0.0004678010310200093, 'colsample_bytree': 0.3720073759001536, 'subsample': 0.7182360076654891, 'learning_rate': 0.07008754553005879, 'max_depth': 7, 'min_child_weight': 7, 'eval_metric': 'logloss'}. Best is trial 355 with value: 0.9115833333333333.
start listen on 10.110.42.71:46705
@tracker All of 1 nodes getting started
@tracker All nodes finishes job
start listen on 10.110.42.71:41637
@tracker All of 1 nodes getting started
@tracker All nodes finishes job
start listen on 10.110.42.71:41823
@tracker All of 1 nodes getting started
@tracker All nodes finishes job
start listen on 10.110.42.71:54977
@tracker All of 1 nodes getting started
@tracker All nodes finishes job
start listen on 10.110.42.71:38321
@tracker All of 1 nodes getting started
@tracker All nodes finishes job
