Trial 792 finished with value: 0.9083666666666667 and parameters: {'tree_method': 'gpu_hist', 'lambda': 0.0001886560654671121, 'alpha': 0.0001432615650236465, 'colsample_bytree': 0.4617129990119147, 'subsample': 0.7056074875801246, 'learning_rate': 0.09169134618956862, 'max_depth': 7, 'min_child_weight': 17, 'eval_metric': 'logloss'}. Best is trial 478 with value: 0.91195.
start listen on 10.110.42.71:41419
@tracker All of 1 nodes getting started
@tracker All nodes finishes job
start listen on 10.110.42.71:53825
@tracker All of 1 nodes getting started
@tracker All nodes finishes job
start listen on 10.110.42.71:39641
@tracker All of 1 nodes getting started
@tracker All nodes finishes job
start listen on 10.110.42.71:33431
@tracker All of 1 nodes getting started
@tracker All nodes finishes job
start listen on 10.110.42.71:52079
@tracker All of 1 nodes getting started
@tracker All nodes finishes job
Trial 793 finished with value: 0.9100333333333334 and parameters: {'tree_method': 'gpu_hist', 'lambda': 0.00010121624913922604, 'alpha': 0.0004458857760760668, 'colsample_bytree': 0.3517628433473673, 'subsample': 0.7457801765718667, 'learning_rate': 0.07761643826859724, 'max_depth': 9, 'min_child_weight': 1, 'eval_metric': 'logloss'}. Best is trial 478 with value: 0.91195.
start listen on 10.110.42.71:40875
@tracker All of 1 nodes getting started
@tracker All nodes finishes job
start listen on 10.110.42.71:58325
@tracker All of 1 nodes getting started
@tracker All nodes finishes job
start listen on 10.110.42.71:55109
@tracker All of 1 nodes getting started
@tracker All nodes finishes job
start listen on 10.110.42.71:59315
@tracker All of 1 nodes getting started
@tracker All nodes finishes job
start listen on 10.110.42.71:36337
@tracker All of 1 nodes getting started
@tracker All nodes finishes job
Trial 794 finished with value: 0.9096166666666666 and parameters: {'tree_method': 'gpu_hist', 'lambda': 0.0001563609570696261, 'alpha': 0.00017173518609435903, 'colsample_bytree': 0.4309851187713034, 'subsample': 0.7622489063761069, 'learning_rate': 0.09126091372654632, 'max_depth': 7, 'min_child_weight': 7, 'eval_metric': 'logloss'}. Best is trial 478 with value: 0.91195.
start listen on 10.110.42.71:55737
@tracker All of 1 nodes getting started
@tracker All nodes finishes job
start listen on 10.110.42.71:35423
@tracker All of 1 nodes getting started
@tracker All nodes finishes job
start listen on 10.110.42.71:53761
@tracker All of 1 nodes getting started
@tracker All nodes finishes job
start listen on 10.110.42.71:48235
@tracker All of 1 nodes getting started
@tracker All nodes finishes job
start listen on 10.110.42.71:38243
@tracker All of 1 nodes getting started
@tracker All nodes finishes job
Trial 795 finished with value: 0.9083833333333333 and parameters: {'tree_method': 'gpu_hist', 'lambda': 0.00020953567642388054, 'alpha': 0.0002483784811652927, 'colsample_bytree': 0.4143184961754348, 'subsample': 0.7721924266218677, 'learning_rate': 0.08484583648373799, 'max_depth': 15, 'min_child_weight': 12, 'eval_metric': 'logloss'}. Best is trial 478 with value: 0.91195.
start listen on 10.110.42.71:34551
@tracker All of 1 nodes getting started
@tracker All nodes finishes job
start listen on 10.110.42.71:56069
@tracker All of 1 nodes getting started
@tracker All nodes finishes job
start listen on 10.110.42.71:59867
@tracker All of 1 nodes getting started
@tracker All nodes finishes job
start listen on 10.110.42.71:40961
@tracker All of 1 nodes getting started
@tracker All nodes finishes job
start listen on 10.110.42.71:37543
@tracker All of 1 nodes getting started
@tracker All nodes finishes job
Trial 796 finished with value: 0.9100333333333334 and parameters: {'tree_method': 'gpu_hist', 'lambda': 0.0002988257337860075, 'alpha': 0.6216562137935663, 'colsample_bytree': 0.4116584551088485, 'subsample': 0.791395636097943, 'learning_rate': 0.09998790983658212, 'max_depth': 7, 'min_child_weight': 6, 'eval_metric': 'logloss'}. Best is trial 478 with value: 0.91195.
start listen on 10.110.42.71:46435
@tracker All of 1 nodes getting started
@tracker All nodes finishes job
start listen on 10.110.42.71:36303
@tracker All of 1 nodes getting started
@tracker All nodes finishes job
start listen on 10.110.42.71:36669
@tracker All of 1 nodes getting started
@tracker All nodes finishes job
start listen on 10.110.42.71:48197
@tracker All of 1 nodes getting started
@tracker All nodes finishes job
start listen on 10.110.42.71:53773
@tracker All of 1 nodes getting started
@tracker All nodes finishes job
Trial 797 finished with value: 0.9116833333333333 and parameters: {'tree_method': 'gpu_hist', 'lambda': 0.00017986536166819827, 'alpha': 0.00014967935094295758, 'colsample_bytree': 0.4508941564198123, 'subsample': 0.7135088523395235, 'learning_rate': 0.08275649674996018, 'max_depth': 7, 'min_child_weight': 1, 'eval_metric': 'logloss'}. Best is trial 478 with value: 0.91195.
start listen on 10.110.42.71:58683
@tracker All of 1 nodes getting started
@tracker All nodes finishes job
start listen on 10.110.42.71:50221
@tracker All of 1 nodes getting started
@tracker All nodes finishes job
start listen on 10.110.42.71:58385
@tracker All of 1 nodes getting started
@tracker All nodes finishes job
start listen on 10.110.42.71:48357
@tracker All of 1 nodes getting started
@tracker All nodes finishes job
start listen on 10.110.42.71:44961
@tracker All of 1 nodes getting started
@tracker All nodes finishes job
Trial 798 finished with value: 0.9078333333333334 and parameters: {'tree_method': 'gpu_hist', 'lambda': 0.00012715393872310933, 'alpha': 0.0007360816825897272, 'colsample_bytree': 0.486495093488021, 'subsample': 0.7186987685942301, 'learning_rate': 0.03952051668619044, 'max_depth': 7, 'min_child_weight': 16, 'eval_metric': 'logloss'}. Best is trial 478 with value: 0.91195.
start listen on 10.110.42.71:34877
@tracker All of 1 nodes getting started
@tracker All nodes finishes job
start listen on 10.110.42.71:56793
@tracker All of 1 nodes getting started
@tracker All nodes finishes job
start listen on 10.110.42.71:41509
@tracker All of 1 nodes getting started
@tracker All nodes finishes job
start listen on 10.110.42.71:47795
@tracker All of 1 nodes getting started
@tracker All nodes finishes job
start listen on 10.110.42.71:35297
@tracker All of 1 nodes getting started
@tracker All nodes finishes job
Trial 799 finished with value: 0.9100333333333334 and parameters: {'tree_method': 'gpu_hist', 'lambda': 0.0001764263922999359, 'alpha': 0.00018129255138642323, 'colsample_bytree': 0.47631688426866425, 'subsample': 0.7168837199239894, 'learning_rate': 0.08484177555136482, 'max_depth': 7, 'min_child_weight': 6, 'eval_metric': 'logloss'}. Best is trial 478 with value: 0.91195.
start listen on 10.110.42.71:60983
@tracker All of 1 nodes getting started
@tracker All nodes finishes job
start listen on 10.110.42.71:54283
@tracker All of 1 nodes getting started
@tracker All nodes finishes job
start listen on 10.110.42.71:43333
@tracker All of 1 nodes getting started
@tracker All nodes finishes job
start listen on 10.110.42.71:60043
@tracker All of 1 nodes getting started
@tracker All nodes finishes job
start listen on 10.110.42.71:43425
@tracker All of 1 nodes getting started
@tracker All nodes finishes job
Trial 800 finished with value: 0.9107333333333333 and parameters: {'tree_method': 'gpu_hist', 'lambda': 0.00014957042837805186, 'alpha': 0.00020320004201773118, 'colsample_bytree': 0.455258859394045, 'subsample': 0.7292785953859979, 'learning_rate': 0.08136440909322876, 'max_depth': 7, 'min_child_weight': 1, 'eval_metric': 'logloss'}. Best is trial 478 with value: 0.91195.
start listen on 10.110.42.71:56331
@tracker All of 1 nodes getting started
@tracker All nodes finishes job
start listen on 10.110.42.71:60909
@tracker All of 1 nodes getting started
@tracker All nodes finishes job
start listen on 10.110.42.71:40651
@tracker All of 1 nodes getting started
@tracker All nodes finishes job
start listen on 10.110.42.71:42069
@tracker All of 1 nodes getting started
@tracker All nodes finishes job
start listen on 10.110.42.71:56031
@tracker All of 1 nodes getting started
@tracker All nodes finishes job
Trial 801 finished with value: 0.9081666666666667 and parameters: {'tree_method': 'gpu_hist', 'lambda': 0.0001254873590029897, 'alpha': 0.0012741961381414727, 'colsample_bytree': 0.4686752597710152, 'subsample': 0.7104054413608115, 'learning_rate': 0.07039836926141167, 'max_depth': 7, 'min_child_weight': 23, 'eval_metric': 'logloss'}. Best is trial 478 with value: 0.91195.
start listen on 10.110.42.71:39013
@tracker All of 1 nodes getting started
@tracker All nodes finishes job
start listen on 10.110.42.71:40089
@tracker All of 1 nodes getting started
@tracker All nodes finishes job
start listen on 10.110.42.71:40137
@tracker All of 1 nodes getting started
@tracker All nodes finishes job
start listen on 10.110.42.71:45365
@tracker All of 1 nodes getting started
@tracker All nodes finishes job
start listen on 10.110.42.71:39775
@tracker All of 1 nodes getting started
@tracker All nodes finishes job
Trial 802 finished with value: 0.8779166666666667 and parameters: {'tree_method': 'gpu_hist', 'lambda': 0.0003726870603445003, 'alpha': 0.00013941758077934519, 'colsample_bytree': 0.49816096619403005, 'subsample': 0.6895824202537562, 'learning_rate': 0.003576002139283024, 'max_depth': 7, 'min_child_weight': 11, 'eval_metric': 'logloss'}. Best is trial 478 with value: 0.91195.
start listen on 10.110.42.71:43899
@tracker All of 1 nodes getting started
@tracker All nodes finishes job
start listen on 10.110.42.71:54185
@tracker All of 1 nodes getting started
@tracker All nodes finishes job
start listen on 10.110.42.71:35339
@tracker All of 1 nodes getting started
@tracker All nodes finishes job
start listen on 10.110.42.71:55053
@tracker All of 1 nodes getting started
@tracker All nodes finishes job
start listen on 10.110.42.71:53151
@tracker All of 1 nodes getting started
@tracker All nodes finishes job
Trial 803 finished with value: 0.91055 and parameters: {'tree_method': 'gpu_hist', 'lambda': 0.00010030270219647485, 'alpha': 0.00010125810761292043, 'colsample_bytree': 0.45103692789770117, 'subsample': 0.7279505894253175, 'learning_rate': 0.06016181377496758, 'max_depth': 7, 'min_child_weight': 6, 'eval_metric': 'logloss'}. Best is trial 478 with value: 0.91195.
start listen on 10.110.42.71:50865
@tracker All of 1 nodes getting started
@tracker All nodes finishes job
start listen on 10.110.42.71:59605
@tracker All of 1 nodes getting started
@tracker All nodes finishes job
start listen on 10.110.42.71:52861
@tracker All of 1 nodes getting started
@tracker All nodes finishes job
start listen on 10.110.42.71:32901
@tracker All of 1 nodes getting started
@tracker All nodes finishes job
start listen on 10.110.42.71:52627
@tracker All of 1 nodes getting started
@tracker All nodes finishes job
Trial 804 finished with value: 0.9074166666666666 and parameters: {'tree_method': 'gpu_hist', 'lambda': 0.00026485702568389784, 'alpha': 0.00020238756637575773, 'colsample_bytree': 0.6881464888442178, 'subsample': 0.6838925815968373, 'learning_rate': 0.06995794171802092, 'max_depth': 13, 'min_child_weight': 1, 'eval_metric': 'logloss'}. Best is trial 478 with value: 0.91195.
start listen on 10.110.42.71:56139
@tracker All of 1 nodes getting started
@tracker All nodes finishes job
start listen on 10.110.42.71:51389
@tracker All of 1 nodes getting started
@tracker All nodes finishes job
start listen on 10.110.42.71:39793
@tracker All of 1 nodes getting started
@tracker All nodes finishes job
start listen on 10.110.42.71:36317
@tracker All of 1 nodes getting started
@tracker All nodes finishes job
start listen on 10.110.42.71:54323
@tracker All of 1 nodes getting started
@tracker All nodes finishes job
Trial 805 finished with value: 0.9093333333333333 and parameters: {'tree_method': 'gpu_hist', 'lambda': 0.00018175568849193618, 'alpha': 0.0003997601546929374, 'colsample_bytree': 0.4422280320600267, 'subsample': 0.7530878518189088, 'learning_rate': 0.09089815424399622, 'max_depth': 7, 'min_child_weight': 12, 'eval_metric': 'logloss'}. Best is trial 478 with value: 0.91195.
start listen on 10.110.42.71:59103
@tracker All of 1 nodes getting started
@tracker All nodes finishes job
start listen on 10.110.42.71:41621
@tracker All of 1 nodes getting started
@tracker All nodes finishes job
start listen on 10.110.42.71:60397
@tracker All of 1 nodes getting started
@tracker All nodes finishes job
start listen on 10.110.42.71:48225
@tracker All of 1 nodes getting started
@tracker All nodes finishes job
start listen on 10.110.42.71:48419
@tracker All of 1 nodes getting started
@tracker All nodes finishes job
Trial 806 finished with value: 0.9100166666666667 and parameters: {'tree_method': 'gpu_hist', 'lambda': 0.00014876600760169723, 'alpha': 0.0002336917616801758, 'colsample_bytree': 0.46925568319277694, 'subsample': 0.7409064716915397, 'learning_rate': 0.07808514260374659, 'max_depth': 7, 'min_child_weight': 6, 'eval_metric': 'logloss'}. Best is trial 478 with value: 0.91195.
start listen on 10.110.42.71:43961
@tracker All of 1 nodes getting started
@tracker All nodes finishes job
start listen on 10.110.42.71:40867
@tracker All of 1 nodes getting started
@tracker All nodes finishes job
start listen on 10.110.42.71:41359
@tracker All of 1 nodes getting started
@tracker All nodes finishes job
start listen on 10.110.42.71:50319
@tracker All of 1 nodes getting started
@tracker All nodes finishes job
start listen on 10.110.42.71:50771
@tracker All of 1 nodes getting started
@tracker All nodes finishes job
Trial 807 finished with value: 0.9111333333333334 and parameters: {'tree_method': 'gpu_hist', 'lambda': 0.0002294852841849432, 'alpha': 0.00033574056972510824, 'colsample_bytree': 0.44105118421250833, 'subsample': 0.8078488221041, 'learning_rate': 0.09134674699775723, 'max_depth': 7, 'min_child_weight': 1, 'eval_metric': 'logloss'}. Best is trial 478 with value: 0.91195.
start listen on 10.110.42.71:37359
@tracker All of 1 nodes getting started
@tracker All nodes finishes job
start listen on 10.110.42.71:32951
@tracker All of 1 nodes getting started
@tracker All nodes finishes job
start listen on 10.110.42.71:59855
@tracker All of 1 nodes getting started
@tracker All nodes finishes job
start listen on 10.110.42.71:58425
@tracker All of 1 nodes getting started
@tracker All nodes finishes job
start listen on 10.110.42.71:39405
@tracker All of 1 nodes getting started
@tracker All nodes finishes job
Trial 808 finished with value: 0.9083166666666667 and parameters: {'tree_method': 'gpu_hist', 'lambda': 0.0001797775800794726, 'alpha': 0.00012861520838227444, 'colsample_bytree': 0.4504352936926922, 'subsample': 0.7806808343516425, 'learning_rate': 0.09104618374060959, 'max_depth': 20, 'min_child_weight': 16, 'eval_metric': 'logloss'}. Best is trial 478 with value: 0.91195.
start listen on 10.110.42.71:56239
@tracker All of 1 nodes getting started
@tracker All nodes finishes job
start listen on 10.110.42.71:59001
@tracker All of 1 nodes getting started
@tracker All nodes finishes job
start listen on 10.110.42.71:44581
@tracker All of 1 nodes getting started
@tracker All nodes finishes job
start listen on 10.110.42.71:36251
@tracker All of 1 nodes getting started
@tracker All nodes finishes job
start listen on 10.110.42.71:51975
@tracker All of 1 nodes getting started
@tracker All nodes finishes job
Trial 809 finished with value: 0.9098833333333334 and parameters: {'tree_method': 'gpu_hist', 'lambda': 0.00030353752384416536, 'alpha': 0.14980465786288136, 'colsample_bytree': 0.4801824103822297, 'subsample': 0.7091642623649975, 'learning_rate': 0.09326105767088227, 'max_depth': 7, 'min_child_weight': 11, 'eval_metric': 'logloss'}. Best is trial 478 with value: 0.91195.
start listen on 10.110.42.71:36023
@tracker All of 1 nodes getting started
@tracker All nodes finishes job
start listen on 10.110.42.71:50779
@tracker All of 1 nodes getting started
@tracker All nodes finishes job
start listen on 10.110.42.71:45717
@tracker All of 1 nodes getting started
@tracker All nodes finishes job
start listen on 10.110.42.71:48521
@tracker All of 1 nodes getting started
@tracker All nodes finishes job
start listen on 10.110.42.71:36797
@tracker All of 1 nodes getting started
@tracker All nodes finishes job
Trial 810 finished with value: 0.8937 and parameters: {'tree_method': 'gpu_hist', 'lambda': 0.0001251843348292379, 'alpha': 0.0005514755917795568, 'colsample_bytree': 0.4605684228481504, 'subsample': 0.7216052511892677, 'learning_rate': 0.07340617783682638, 'max_depth': 17, 'min_child_weight': 176, 'eval_metric': 'logloss'}. Best is trial 478 with value: 0.91195.
start listen on 10.110.42.71:35069
@tracker All of 1 nodes getting started
@tracker All nodes finishes job
start listen on 10.110.42.71:55041
@tracker All of 1 nodes getting started
@tracker All nodes finishes job
start listen on 10.110.42.71:55977
@tracker All of 1 nodes getting started
@tracker All nodes finishes job
start listen on 10.110.42.71:52157
@tracker All of 1 nodes getting started
@tracker All nodes finishes job
start listen on 10.110.42.71:55149
@tracker All of 1 nodes getting started
@tracker All nodes finishes job
Trial 811 finished with value: 0.9108333333333334 and parameters: {'tree_method': 'gpu_hist', 'lambda': 0.00015029633042393077, 'alpha': 0.00016905213033351546, 'colsample_bytree': 0.4310561669477333, 'subsample': 0.758969050863406, 'learning_rate': 0.08295301380590575, 'max_depth': 7, 'min_child_weight': 6, 'eval_metric': 'logloss'}. Best is trial 478 with value: 0.91195.
start listen on 10.110.42.71:60277
@tracker All of 1 nodes getting started
@tracker All nodes finishes job
start listen on 10.110.42.71:37591
@tracker All of 1 nodes getting started
@tracker All nodes finishes job
start listen on 10.110.42.71:60049
@tracker All of 1 nodes getting started
@tracker All nodes finishes job
start listen on 10.110.42.71:42391
@tracker All of 1 nodes getting started
@tracker All nodes finishes job
start listen on 10.110.42.71:46839
@tracker All of 1 nodes getting started
@tracker All nodes finishes job
Trial 812 finished with value: 0.90795 and parameters: {'tree_method': 'gpu_hist', 'lambda': 0.00039240797854972514, 'alpha': 0.00021207818082539376, 'colsample_bytree': 0.331829215249697, 'subsample': 0.7004471867761324, 'learning_rate': 0.0764617878905277, 'max_depth': 7, 'min_child_weight': 19, 'eval_metric': 'logloss'}. Best is trial 478 with value: 0.91195.
start listen on 10.110.42.71:43321
@tracker All of 1 nodes getting started
@tracker All nodes finishes job
start listen on 10.110.42.71:56135
@tracker All of 1 nodes getting started
@tracker All nodes finishes job
start listen on 10.110.42.71:56297
@tracker All of 1 nodes getting started
@tracker All nodes finishes job
start listen on 10.110.42.71:32893
@tracker All of 1 nodes getting started
@tracker All nodes finishes job
start listen on 10.110.42.71:37447
@tracker All of 1 nodes getting started
@tracker All nodes finishes job
Trial 813 finished with value: 0.9117333333333333 and parameters: {'tree_method': 'gpu_hist', 'lambda': 0.0002238871653113481, 'alpha': 0.0004343074936436065, 'colsample_bytree': 0.4376526572177127, 'subsample': 0.8876600294469785, 'learning_rate': 0.08566607852275451, 'max_depth': 7, 'min_child_weight': 1, 'eval_metric': 'logloss'}. Best is trial 478 with value: 0.91195.
start listen on 10.110.42.71:42815
@tracker All of 1 nodes getting started
@tracker All nodes finishes job
start listen on 10.110.42.71:34455
@tracker All of 1 nodes getting started
@tracker All nodes finishes job
start listen on 10.110.42.71:54661
@tracker All of 1 nodes getting started
@tracker All nodes finishes job
start listen on 10.110.42.71:47677
@tracker All of 1 nodes getting started
@tracker All nodes finishes job
start listen on 10.110.42.71:43537
@tracker All of 1 nodes getting started
@tracker All nodes finishes job
Trial 814 finished with value: 0.8408166666666667 and parameters: {'tree_method': 'gpu_hist', 'lambda': 0.006525704686625369, 'alpha': 0.0004812571506041791, 'colsample_bytree': 0.460441975214019, 'subsample': 0.8919878302525401, 'learning_rate': 0.002406366590349908, 'max_depth': 7, 'min_child_weight': 192, 'eval_metric': 'logloss'}. Best is trial 478 with value: 0.91195.
start listen on 10.110.42.71:41225
@tracker All of 1 nodes getting started
@tracker All nodes finishes job
start listen on 10.110.42.71:37419
@tracker All of 1 nodes getting started
@tracker All nodes finishes job
start listen on 10.110.42.71:43867
@tracker All of 1 nodes getting started
@tracker All nodes finishes job
start listen on 10.110.42.71:55955
@tracker All of 1 nodes getting started
@tracker All nodes finishes job
start listen on 10.110.42.71:34071
@tracker All of 1 nodes getting started
@tracker All nodes finishes job
Trial 815 finished with value: 0.9097833333333334 and parameters: {'tree_method': 'gpu_hist', 'lambda': 9.773466577415766, 'alpha': 0.0007023336936332788, 'colsample_bytree': 0.4464691314364984, 'subsample': 0.8740360569755383, 'learning_rate': 0.09965573063922006, 'max_depth': 7, 'min_child_weight': 11, 'eval_metric': 'logloss'}. Best is trial 478 with value: 0.91195.
start listen on 10.110.42.71:45747
@tracker All of 1 nodes getting started
@tracker All nodes finishes job
start listen on 10.110.42.71:60747
@tracker All of 1 nodes getting started
@tracker All nodes finishes job
start listen on 10.110.42.71:35219
@tracker All of 1 nodes getting started
@tracker All nodes finishes job
start listen on 10.110.42.71:35989
@tracker All of 1 nodes getting started
@tracker All nodes finishes job
start listen on 10.110.42.71:56311
@tracker All of 1 nodes getting started
@tracker All nodes finishes job
