Trial 888 finished with value: 0.89095 and parameters: {'tree_method': 'gpu_hist', 'lambda': 0.01280772152209756, 'alpha': 0.00016813690194682974, 'colsample_bytree': 0.45827127376881555, 'subsample': 0.9728255610050391, 'learning_rate': 0.08223250800114582, 'max_depth': 9, 'min_child_weight': 274, 'eval_metric': 'logloss'}. Best is trial 478 with value: 0.91195.
start listen on 10.110.42.71:39231
@tracker All of 1 nodes getting started
@tracker All nodes finishes job
start listen on 10.110.42.71:49673
@tracker All of 1 nodes getting started
@tracker All nodes finishes job
start listen on 10.110.42.71:37557
@tracker All of 1 nodes getting started
@tracker All nodes finishes job
start listen on 10.110.42.71:58785
@tracker All of 1 nodes getting started
@tracker All nodes finishes job
start listen on 10.110.42.71:40809
@tracker All of 1 nodes getting started
@tracker All nodes finishes job
Trial 889 finished with value: 0.8671166666666666 and parameters: {'tree_method': 'gpu_hist', 'lambda': 0.002671006483055573, 'alpha': 0.0006721886479376596, 'colsample_bytree': 0.40648620606918295, 'subsample': 0.8776893462821214, 'learning_rate': 0.0012231317147525771, 'max_depth': 7, 'min_child_weight': 6, 'eval_metric': 'logloss'}. Best is trial 478 with value: 0.91195.
start listen on 10.110.42.71:49587
@tracker All of 1 nodes getting started
@tracker All nodes finishes job
start listen on 10.110.42.71:36567
@tracker All of 1 nodes getting started
@tracker All nodes finishes job
start listen on 10.110.42.71:51743
@tracker All of 1 nodes getting started
@tracker All nodes finishes job
start listen on 10.110.42.71:41561
@tracker All of 1 nodes getting started
@tracker All nodes finishes job
start listen on 10.110.42.71:36399
@tracker All of 1 nodes getting started
@tracker All nodes finishes job
Trial 890 finished with value: 0.9093 and parameters: {'tree_method': 'gpu_hist', 'lambda': 0.00019886102727809465, 'alpha': 0.11097954106158588, 'colsample_bytree': 0.42711580195968657, 'subsample': 0.8296897631827971, 'learning_rate': 0.07691516618076083, 'max_depth': 7, 'min_child_weight': 16, 'eval_metric': 'logloss'}. Best is trial 478 with value: 0.91195.
start listen on 10.110.42.71:54055
@tracker All of 1 nodes getting started
@tracker All nodes finishes job
start listen on 10.110.42.71:59697
@tracker All of 1 nodes getting started
@tracker All nodes finishes job
start listen on 10.110.42.71:37179
@tracker All of 1 nodes getting started
@tracker All nodes finishes job
start listen on 10.110.42.71:35097
@tracker All of 1 nodes getting started
@tracker All nodes finishes job
start listen on 10.110.42.71:54757
@tracker All of 1 nodes getting started
@tracker All nodes finishes job
Trial 891 finished with value: 0.9092833333333333 and parameters: {'tree_method': 'gpu_hist', 'lambda': 0.0001561367427074893, 'alpha': 0.0004820717431047989, 'colsample_bytree': 0.38513926178429647, 'subsample': 0.6971702930568385, 'learning_rate': 0.09331689291942419, 'max_depth': 7, 'min_child_weight': 7, 'eval_metric': 'logloss'}. Best is trial 478 with value: 0.91195.
start listen on 10.110.42.71:47789
@tracker All of 1 nodes getting started
@tracker All nodes finishes job
start listen on 10.110.42.71:58957
@tracker All of 1 nodes getting started
@tracker All nodes finishes job
start listen on 10.110.42.71:40491
@tracker All of 1 nodes getting started
@tracker All nodes finishes job
start listen on 10.110.42.71:60955
@tracker All of 1 nodes getting started
@tracker All nodes finishes job
start listen on 10.110.42.71:49865
@tracker All of 1 nodes getting started
@tracker All nodes finishes job
Trial 892 finished with value: 0.9099333333333334 and parameters: {'tree_method': 'gpu_hist', 'lambda': 5.564283685870336, 'alpha': 0.0003721363358810726, 'colsample_bytree': 0.4404814015161961, 'subsample': 0.7204743999077151, 'learning_rate': 0.06437438595233459, 'max_depth': 7, 'min_child_weight': 1, 'eval_metric': 'logloss'}. Best is trial 478 with value: 0.91195.
start listen on 10.110.42.71:40297
@tracker All of 1 nodes getting started
@tracker All nodes finishes job
start listen on 10.110.42.71:50223
@tracker All of 1 nodes getting started
@tracker All nodes finishes job
start listen on 10.110.42.71:46983
@tracker All of 1 nodes getting started
@tracker All nodes finishes job
start listen on 10.110.42.71:57081
@tracker All of 1 nodes getting started
@tracker All nodes finishes job
start listen on 10.110.42.71:49225
@tracker All of 1 nodes getting started
@tracker All nodes finishes job
Trial 893 finished with value: 0.90815 and parameters: {'tree_method': 'gpu_hist', 'lambda': 0.00031930526938924055, 'alpha': 0.00021550738448047882, 'colsample_bytree': 0.3620927037741284, 'subsample': 0.7402645617412565, 'learning_rate': 0.0998608123908374, 'max_depth': 7, 'min_child_weight': 23, 'eval_metric': 'logloss'}. Best is trial 478 with value: 0.91195.
start listen on 10.110.42.71:54881
@tracker All of 1 nodes getting started
@tracker All nodes finishes job
start listen on 10.110.42.71:46095
@tracker All of 1 nodes getting started
@tracker All nodes finishes job
start listen on 10.110.42.71:43701
@tracker All of 1 nodes getting started
@tracker All nodes finishes job
start listen on 10.110.42.71:54959
@tracker All of 1 nodes getting started
@tracker All nodes finishes job
start listen on 10.110.42.71:46859
@tracker All of 1 nodes getting started
@tracker All nodes finishes job
Trial 894 finished with value: 0.9075166666666666 and parameters: {'tree_method': 'gpu_hist', 'lambda': 0.00012082692108570769, 'alpha': 0.0008577776055494684, 'colsample_bytree': 0.3983801996901844, 'subsample': 0.7305800133161322, 'learning_rate': 0.08661461539100775, 'max_depth': 15, 'min_child_weight': 11, 'eval_metric': 'logloss'}. Best is trial 478 with value: 0.91195.
start listen on 10.110.42.71:33865
@tracker All of 1 nodes getting started
@tracker All nodes finishes job
start listen on 10.110.42.71:36715
@tracker All of 1 nodes getting started
@tracker All nodes finishes job
start listen on 10.110.42.71:59589
@tracker All of 1 nodes getting started
@tracker All nodes finishes job
start listen on 10.110.42.71:40761
@tracker All of 1 nodes getting started
@tracker All nodes finishes job
start listen on 10.110.42.71:47289
@tracker All of 1 nodes getting started
@tracker All nodes finishes job
Trial 895 finished with value: 0.9112333333333333 and parameters: {'tree_method': 'gpu_hist', 'lambda': 0.0002232740661510234, 'alpha': 0.0002888013744405423, 'colsample_bytree': 0.6364774629073595, 'subsample': 0.7076807895135927, 'learning_rate': 0.07207219209203447, 'max_depth': 7, 'min_child_weight': 1, 'eval_metric': 'logloss'}. Best is trial 478 with value: 0.91195.
start listen on 10.110.42.71:53071
@tracker All of 1 nodes getting started
@tracker All nodes finishes job
start listen on 10.110.42.71:60375
@tracker All of 1 nodes getting started
@tracker All nodes finishes job
start listen on 10.110.42.71:37979
@tracker All of 1 nodes getting started
@tracker All nodes finishes job
start listen on 10.110.42.71:50063
@tracker All of 1 nodes getting started
@tracker All nodes finishes job
start listen on 10.110.42.71:39267
@tracker All of 1 nodes getting started
@tracker All nodes finishes job
Trial 896 finished with value: 0.9105166666666666 and parameters: {'tree_method': 'gpu_hist', 'lambda': 0.00017383189326392702, 'alpha': 0.0005486292535833057, 'colsample_bytree': 0.4153061907513992, 'subsample': 0.9065411913029979, 'learning_rate': 0.08192992247962104, 'max_depth': 7, 'min_child_weight': 7, 'eval_metric': 'logloss'}. Best is trial 478 with value: 0.91195.
start listen on 10.110.42.71:33909
@tracker All of 1 nodes getting started
@tracker All nodes finishes job
start listen on 10.110.42.71:47041
@tracker All of 1 nodes getting started
@tracker All nodes finishes job
start listen on 10.110.42.71:34377
@tracker All of 1 nodes getting started
@tracker All nodes finishes job
start listen on 10.110.42.71:32917
@tracker All of 1 nodes getting started
@tracker All nodes finishes job
start listen on 10.110.42.71:41275
@tracker All of 1 nodes getting started
@tracker All nodes finishes job
Trial 897 finished with value: 0.9090666666666667 and parameters: {'tree_method': 'gpu_hist', 'lambda': 0.0001260634662363607, 'alpha': 0.00016094439161651187, 'colsample_bytree': 0.46665914968113176, 'subsample': 0.7331448163236933, 'learning_rate': 0.09126265353908761, 'max_depth': 7, 'min_child_weight': 15, 'eval_metric': 'logloss'}. Best is trial 478 with value: 0.91195.
start listen on 10.110.42.71:44129
@tracker All of 1 nodes getting started
@tracker All nodes finishes job
start listen on 10.110.42.71:56477
@tracker All of 1 nodes getting started
@tracker All nodes finishes job
start listen on 10.110.42.71:44497
@tracker All of 1 nodes getting started
@tracker All nodes finishes job
start listen on 10.110.42.71:59231
@tracker All of 1 nodes getting started
@tracker All nodes finishes job
start listen on 10.110.42.71:44097
@tracker All of 1 nodes getting started
@tracker All nodes finishes job
Trial 898 finished with value: 0.9097666666666666 and parameters: {'tree_method': 'gpu_hist', 'lambda': 0.00040930887473194984, 'alpha': 0.0004228788595735142, 'colsample_bytree': 0.45173621037334044, 'subsample': 0.8028565959975327, 'learning_rate': 0.07866556872031866, 'max_depth': 7, 'min_child_weight': 6, 'eval_metric': 'logloss'}. Best is trial 478 with value: 0.91195.
start listen on 10.110.42.71:34493
@tracker All of 1 nodes getting started
@tracker All nodes finishes job
start listen on 10.110.42.71:51559
@tracker All of 1 nodes getting started
@tracker All nodes finishes job
start listen on 10.110.42.71:37049
@tracker All of 1 nodes getting started
@tracker All nodes finishes job
start listen on 10.110.42.71:59935
@tracker All of 1 nodes getting started
@tracker All nodes finishes job
start listen on 10.110.42.71:39775
@tracker All of 1 nodes getting started
@tracker All nodes finishes job
Trial 899 finished with value: 0.91085 and parameters: {'tree_method': 'gpu_hist', 'lambda': 0.00010185816963904116, 'alpha': 0.00025184495795524647, 'colsample_bytree': 0.3861306346065843, 'subsample': 0.7199847782751446, 'learning_rate': 0.09230808531986978, 'max_depth': 7, 'min_child_weight': 1, 'eval_metric': 'logloss'}. Best is trial 478 with value: 0.91195.
start listen on 10.110.42.71:46803
@tracker All of 1 nodes getting started
@tracker All nodes finishes job
start listen on 10.110.42.71:49537
@tracker All of 1 nodes getting started
@tracker All nodes finishes job
start listen on 10.110.42.71:49205
@tracker All of 1 nodes getting started
@tracker All nodes finishes job
start listen on 10.110.42.71:42819
@tracker All of 1 nodes getting started
@tracker All nodes finishes job
start listen on 10.110.42.71:47773
@tracker All of 1 nodes getting started
@tracker All nodes finishes job
Trial 900 finished with value: 0.9037666666666667 and parameters: {'tree_method': 'gpu_hist', 'lambda': 0.00014794111393298174, 'alpha': 0.00012231675702840814, 'colsample_bytree': 0.4276084014519042, 'subsample': 0.8793053921703627, 'learning_rate': 0.08561143580197293, 'max_depth': 7, 'min_child_weight': 73, 'eval_metric': 'logloss'}. Best is trial 478 with value: 0.91195.
start listen on 10.110.42.71:50319
@tracker All of 1 nodes getting started
@tracker All nodes finishes job
start listen on 10.110.42.71:48873
@tracker All of 1 nodes getting started
@tracker All nodes finishes job
start listen on 10.110.42.71:40625
@tracker All of 1 nodes getting started
@tracker All nodes finishes job
start listen on 10.110.42.71:48729
@tracker All of 1 nodes getting started
@tracker All nodes finishes job
start listen on 10.110.42.71:41839
@tracker All of 1 nodes getting started
@tracker All nodes finishes job
Trial 901 finished with value: 0.9089166666666667 and parameters: {'tree_method': 'gpu_hist', 'lambda': 0.000266110234643481, 'alpha': 0.0006279566001825019, 'colsample_bytree': 0.40628834460885793, 'subsample': 0.7394657256673661, 'learning_rate': 0.06868597978356587, 'max_depth': 7, 'min_child_weight': 10, 'eval_metric': 'logloss'}. Best is trial 478 with value: 0.91195.
start listen on 10.110.42.71:54039
@tracker All of 1 nodes getting started
@tracker All nodes finishes job
start listen on 10.110.42.71:39873
@tracker All of 1 nodes getting started
@tracker All nodes finishes job
start listen on 10.110.42.71:40205
@tracker All of 1 nodes getting started
@tracker All nodes finishes job
start listen on 10.110.42.71:40795
@tracker All of 1 nodes getting started
@tracker All nodes finishes job
start listen on 10.110.42.71:58423
@tracker All of 1 nodes getting started
@tracker All nodes finishes job
Trial 902 finished with value: 0.8897166666666667 and parameters: {'tree_method': 'gpu_hist', 'lambda': 0.00010046480929103434, 'alpha': 0.0003561841054181654, 'colsample_bytree': 0.3504027898620136, 'subsample': 0.42758682457435054, 'learning_rate': 0.012109812696103929, 'max_depth': 13, 'min_child_weight': 56, 'eval_metric': 'logloss'}. Best is trial 478 with value: 0.91195.
start listen on 10.110.42.71:35249
@tracker All of 1 nodes getting started
@tracker All nodes finishes job
start listen on 10.110.42.71:40201
@tracker All of 1 nodes getting started
@tracker All nodes finishes job
start listen on 10.110.42.71:46177
@tracker All of 1 nodes getting started
@tracker All nodes finishes job
start listen on 10.110.42.71:56529
@tracker All of 1 nodes getting started
@tracker All nodes finishes job
start listen on 10.110.42.71:58979
@tracker All of 1 nodes getting started
@tracker All nodes finishes job
Trial 903 finished with value: 0.88445 and parameters: {'tree_method': 'gpu_hist', 'lambda': 0.00020700008774853364, 'alpha': 0.00116443002227993, 'colsample_bytree': 0.32255641019627657, 'subsample': 0.6930969696184559, 'learning_rate': 0.004585608505598924, 'max_depth': 7, 'min_child_weight': 1, 'eval_metric': 'logloss'}. Best is trial 478 with value: 0.91195.
start listen on 10.110.42.71:39087
@tracker All of 1 nodes getting started
@tracker All nodes finishes job
start listen on 10.110.42.71:36227
@tracker All of 1 nodes getting started
@tracker All nodes finishes job
start listen on 10.110.42.71:57015
@tracker All of 1 nodes getting started
@tracker All nodes finishes job
start listen on 10.110.42.71:39437
@tracker All of 1 nodes getting started
@tracker All nodes finishes job
start listen on 10.110.42.71:53987
@tracker All of 1 nodes getting started
@tracker All nodes finishes job
Trial 904 finished with value: 0.9080666666666667 and parameters: {'tree_method': 'gpu_hist', 'lambda': 0.0012320014921758345, 'alpha': 0.000486176642438759, 'colsample_bytree': 0.4756682652851254, 'subsample': 0.713214632267559, 'learning_rate': 0.09246414407320169, 'max_depth': 20, 'min_child_weight': 19, 'eval_metric': 'logloss'}. Best is trial 478 with value: 0.91195.
start listen on 10.110.42.71:53321
@tracker All of 1 nodes getting started
@tracker All nodes finishes job
start listen on 10.110.42.71:44931
@tracker All of 1 nodes getting started
@tracker All nodes finishes job
start listen on 10.110.42.71:47047
@tracker All of 1 nodes getting started
@tracker All nodes finishes job
start listen on 10.110.42.71:48811
@tracker All of 1 nodes getting started
@tracker All nodes finishes job
start listen on 10.110.42.71:44339
@tracker All of 1 nodes getting started
@tracker All nodes finishes job
Trial 905 finished with value: 0.9096666666666666 and parameters: {'tree_method': 'gpu_hist', 'lambda': 0.00016287007655226162, 'alpha': 0.00019786246999121986, 'colsample_bytree': 0.37346328582497507, 'subsample': 0.9396626670417928, 'learning_rate': 0.07724678507711863, 'max_depth': 7, 'min_child_weight': 10, 'eval_metric': 'logloss'}. Best is trial 478 with value: 0.91195.
start listen on 10.110.42.71:37421
@tracker All of 1 nodes getting started
@tracker All nodes finishes job
start listen on 10.110.42.71:34249
@tracker All of 1 nodes getting started
@tracker All nodes finishes job
start listen on 10.110.42.71:39751
@tracker All of 1 nodes getting started
@tracker All nodes finishes job
start listen on 10.110.42.71:44897
@tracker All of 1 nodes getting started
@tracker All nodes finishes job
start listen on 10.110.42.71:48461
@tracker All of 1 nodes getting started
@tracker All nodes finishes job
Trial 906 finished with value: 0.9096166666666666 and parameters: {'tree_method': 'gpu_hist', 'lambda': 0.00010085749231722675, 'alpha': 0.0007603984448886456, 'colsample_bytree': 0.4189549356182078, 'subsample': 0.7247856384988012, 'learning_rate': 0.09984709877551567, 'max_depth': 7, 'min_child_weight': 6, 'eval_metric': 'logloss'}. Best is trial 478 with value: 0.91195.
start listen on 10.110.42.71:57489
@tracker All of 1 nodes getting started
@tracker All nodes finishes job
start listen on 10.110.42.71:57913
@tracker All of 1 nodes getting started
@tracker All nodes finishes job
start listen on 10.110.42.71:38885
@tracker All of 1 nodes getting started
@tracker All nodes finishes job
start listen on 10.110.42.71:43955
@tracker All of 1 nodes getting started
@tracker All nodes finishes job
start listen on 10.110.42.71:48153
@tracker All of 1 nodes getting started
@tracker All nodes finishes job
Trial 907 finished with value: 0.90785 and parameters: {'tree_method': 'gpu_hist', 'lambda': 0.00020048761533613093, 'alpha': 0.0003114716030840081, 'colsample_bytree': 0.4385390488668437, 'subsample': 0.843648783411319, 'learning_rate': 0.08512058168047364, 'max_depth': 17, 'min_child_weight': 15, 'eval_metric': 'logloss'}. Best is trial 478 with value: 0.91195.
start listen on 10.110.42.71:33873
@tracker All of 1 nodes getting started
@tracker All nodes finishes job
start listen on 10.110.42.71:36465
@tracker All of 1 nodes getting started
@tracker All nodes finishes job
start listen on 10.110.42.71:35467
@tracker All of 1 nodes getting started
@tracker All nodes finishes job
start listen on 10.110.42.71:56931
@tracker All of 1 nodes getting started
@tracker All nodes finishes job
start listen on 10.110.42.71:48263
@tracker All of 1 nodes getting started
@tracker All nodes finishes job
Trial 908 finished with value: 0.9114833333333333 and parameters: {'tree_method': 'gpu_hist', 'lambda': 0.00013834438347350253, 'alpha': 0.0005381247419884558, 'colsample_bytree': 0.3958584943461907, 'subsample': 0.9763078495812041, 'learning_rate': 0.07192327130482119, 'max_depth': 7, 'min_child_weight': 1, 'eval_metric': 'logloss'}. Best is trial 478 with value: 0.91195.
start listen on 10.110.42.71:59741
@tracker All of 1 nodes getting started
@tracker All nodes finishes job
start listen on 10.110.42.71:47595
@tracker All of 1 nodes getting started
@tracker All nodes finishes job
start listen on 10.110.42.71:46435
@tracker All of 1 nodes getting started
@tracker All nodes finishes job
start listen on 10.110.42.71:34179
@tracker All of 1 nodes getting started
@tracker All nodes finishes job
start listen on 10.110.42.71:51725
@tracker All of 1 nodes getting started
@tracker All nodes finishes job
Trial 909 finished with value: 0.90995 and parameters: {'tree_method': 'gpu_hist', 'lambda': 0.00030887479715182957, 'alpha': 0.00037119436749652815, 'colsample_bytree': 0.3949085362880728, 'subsample': 0.9971989447432517, 'learning_rate': 0.06175260816289402, 'max_depth': 7, 'min_child_weight': 7, 'eval_metric': 'logloss'}. Best is trial 478 with value: 0.91195.
start listen on 10.110.42.71:54831
@tracker All of 1 nodes getting started
@tracker All nodes finishes job
start listen on 10.110.42.71:40479
@tracker All of 1 nodes getting started
@tracker All nodes finishes job
start listen on 10.110.42.71:39439
@tracker All of 1 nodes getting started
@tracker All nodes finishes job
start listen on 10.110.42.71:52047
@tracker All of 1 nodes getting started
@tracker All nodes finishes job
start listen on 10.110.42.71:33793
@tracker All of 1 nodes getting started
@tracker All nodes finishes job
Trial 910 finished with value: 0.9091833333333333 and parameters: {'tree_method': 'gpu_hist', 'lambda': 0.0002485820993349514, 'alpha': 0.0004722183577153693, 'colsample_bytree': 0.3841836113626682, 'subsample': 0.8149333834080545, 'learning_rate': 0.06456355256176739, 'max_depth': 7, 'min_child_weight': 12, 'eval_metric': 'logloss'}. Best is trial 478 with value: 0.91195.
start listen on 10.110.42.71:45531
@tracker All of 1 nodes getting started
@tracker All nodes finishes job
start listen on 10.110.42.71:33079
@tracker All of 1 nodes getting started
@tracker All nodes finishes job
start listen on 10.110.42.71:36683
@tracker All of 1 nodes getting started
@tracker All nodes finishes job
start listen on 10.110.42.71:55543
@tracker All of 1 nodes getting started
@tracker All nodes finishes job
start listen on 10.110.42.71:41795
@tracker All of 1 nodes getting started
@tracker All nodes finishes job
Trial 911 finished with value: 0.9088666666666667 and parameters: {'tree_method': 'gpu_hist', 'lambda': 0.00018440305847217657, 'alpha': 0.00025468056590755933, 'colsample_bytree': 0.39755202310429516, 'subsample': 0.7431430701517908, 'learning_rate': 0.06991036055649237, 'max_depth': 11, 'min_child_weight': 1, 'eval_metric': 'logloss'}. Best is trial 478 with value: 0.91195.
start listen on 10.110.42.71:58133
@tracker All of 1 nodes getting started
@tracker All nodes finishes job
start listen on 10.110.42.71:60391
@tracker All of 1 nodes getting started
@tracker All nodes finishes job
start listen on 10.110.42.71:33509
@tracker All of 1 nodes getting started
@tracker All nodes finishes job
start listen on 10.110.42.71:34445
@tracker All of 1 nodes getting started
@tracker All nodes finishes job
start listen on 10.110.42.71:55569
@tracker All of 1 nodes getting started
@tracker All nodes finishes job
