Trial 456 finished with value: 0.9109833333333334 and parameters: {'tree_method': 'gpu_hist', 'lambda': 0.0002298517447096656, 'alpha': 0.00014325743510363277, 'colsample_bytree': 0.3704037074956208, 'subsample': 0.7486805498719166, 'learning_rate': 0.08653959760527398, 'max_depth': 7, 'min_child_weight': 1, 'eval_metric': 'logloss'}. Best is trial 438 with value: 0.9117666666666666.
start listen on 10.110.42.71:58573
@tracker All of 1 nodes getting started
@tracker All nodes finishes job
start listen on 10.110.42.71:59143
@tracker All of 1 nodes getting started
@tracker All nodes finishes job
start listen on 10.110.42.71:50415
@tracker All of 1 nodes getting started
@tracker All nodes finishes job
start listen on 10.110.42.71:56837
@tracker All of 1 nodes getting started
@tracker All nodes finishes job
start listen on 10.110.42.71:51555
@tracker All of 1 nodes getting started
@tracker All nodes finishes job
Trial 457 finished with value: 0.91 and parameters: {'tree_method': 'gpu_hist', 'lambda': 0.00017927322949769632, 'alpha': 0.0005057780849822542, 'colsample_bytree': 0.4231741321576873, 'subsample': 0.8219947206642523, 'learning_rate': 0.09234530015087378, 'max_depth': 7, 'min_child_weight': 6, 'eval_metric': 'logloss'}. Best is trial 438 with value: 0.9117666666666666.
start listen on 10.110.42.71:44097
@tracker All of 1 nodes getting started
@tracker All nodes finishes job
start listen on 10.110.42.71:36959
@tracker All of 1 nodes getting started
@tracker All nodes finishes job
start listen on 10.110.42.71:50747
@tracker All of 1 nodes getting started
@tracker All nodes finishes job
start listen on 10.110.42.71:54667
@tracker All of 1 nodes getting started
@tracker All nodes finishes job
start listen on 10.110.42.71:55977
@tracker All of 1 nodes getting started
@tracker All nodes finishes job
Trial 458 finished with value: 0.90895 and parameters: {'tree_method': 'gpu_hist', 'lambda': 0.00012312286476129591, 'alpha': 0.00023544320689394152, 'colsample_bytree': 0.3834965350388438, 'subsample': 0.7344869254593691, 'learning_rate': 0.077328342946068, 'max_depth': 7, 'min_child_weight': 12, 'eval_metric': 'logloss'}. Best is trial 438 with value: 0.9117666666666666.
start listen on 10.110.42.71:50361
@tracker All of 1 nodes getting started
@tracker All nodes finishes job
start listen on 10.110.42.71:49067
@tracker All of 1 nodes getting started
@tracker All nodes finishes job
start listen on 10.110.42.71:57811
@tracker All of 1 nodes getting started
@tracker All nodes finishes job
start listen on 10.110.42.71:58409
@tracker All of 1 nodes getting started
@tracker All nodes finishes job
start listen on 10.110.42.71:41203
@tracker All of 1 nodes getting started
@tracker All nodes finishes job
Trial 459 finished with value: 0.9077 and parameters: {'tree_method': 'gpu_hist', 'lambda': 0.00020808170568454163, 'alpha': 0.0003245696731480516, 'colsample_bytree': 0.4435465062243461, 'subsample': 0.7574308566055156, 'learning_rate': 0.0924196943989091, 'max_depth': 13, 'min_child_weight': 24, 'eval_metric': 'logloss'}. Best is trial 438 with value: 0.9117666666666666.
start listen on 10.110.42.71:46827
@tracker All of 1 nodes getting started
@tracker All nodes finishes job
start listen on 10.110.42.71:56405
@tracker All of 1 nodes getting started
@tracker All nodes finishes job
start listen on 10.110.42.71:37559
@tracker All of 1 nodes getting started
@tracker All nodes finishes job
start listen on 10.110.42.71:59151
@tracker All of 1 nodes getting started
@tracker All nodes finishes job
start listen on 10.110.42.71:39033
@tracker All of 1 nodes getting started
@tracker All nodes finishes job
Trial 460 finished with value: 0.9107166666666666 and parameters: {'tree_method': 'gpu_hist', 'lambda': 0.000160885283567974, 'alpha': 0.00015832037788098796, 'colsample_bytree': 0.4042463896521621, 'subsample': 0.7770782396900643, 'learning_rate': 0.09125517296942495, 'max_depth': 7, 'min_child_weight': 7, 'eval_metric': 'logloss'}. Best is trial 438 with value: 0.9117666666666666.
start listen on 10.110.42.71:42699
@tracker All of 1 nodes getting started
@tracker All nodes finishes job
start listen on 10.110.42.71:41957
@tracker All of 1 nodes getting started
@tracker All nodes finishes job
start listen on 10.110.42.71:54795
@tracker All of 1 nodes getting started
@tracker All nodes finishes job
start listen on 10.110.42.71:48457
@tracker All of 1 nodes getting started
@tracker All nodes finishes job
start listen on 10.110.42.71:45835
@tracker All of 1 nodes getting started
@tracker All nodes finishes job
Trial 461 finished with value: 0.8994166666666666 and parameters: {'tree_method': 'gpu_hist', 'lambda': 0.0003080861501468151, 'alpha': 0.000410100768676868, 'colsample_bytree': 0.413981009434087, 'subsample': 0.7204069312526646, 'learning_rate': 0.008542268188694373, 'max_depth': 20, 'min_child_weight': 1, 'eval_metric': 'logloss'}. Best is trial 438 with value: 0.9117666666666666.
start listen on 10.110.42.71:44273
@tracker All of 1 nodes getting started
@tracker All nodes finishes job
start listen on 10.110.42.71:49557
@tracker All of 1 nodes getting started
@tracker All nodes finishes job
start listen on 10.110.42.71:34303
@tracker All of 1 nodes getting started
@tracker All nodes finishes job
start listen on 10.110.42.71:33205
@tracker All of 1 nodes getting started
@tracker All nodes finishes job
start listen on 10.110.42.71:41811
@tracker All of 1 nodes getting started
@tracker All nodes finishes job
Trial 462 finished with value: 0.8695833333333334 and parameters: {'tree_method': 'gpu_hist', 'lambda': 0.020840813572802076, 'alpha': 0.12567767479974634, 'colsample_bytree': 0.4329214510167838, 'subsample': 0.6737010120171072, 'learning_rate': 0.0024246064308594663, 'max_depth': 7, 'min_child_weight': 16, 'eval_metric': 'logloss'}. Best is trial 438 with value: 0.9117666666666666.
start listen on 10.110.42.71:33821
@tracker All of 1 nodes getting started
@tracker All nodes finishes job
start listen on 10.110.42.71:45795
@tracker All of 1 nodes getting started
@tracker All nodes finishes job
start listen on 10.110.42.71:42701
@tracker All of 1 nodes getting started
@tracker All nodes finishes job
start listen on 10.110.42.71:40557
@tracker All of 1 nodes getting started
@tracker All nodes finishes job
start listen on 10.110.42.71:36561
@tracker All of 1 nodes getting started
@tracker All nodes finishes job
Trial 463 finished with value: 0.9068166666666667 and parameters: {'tree_method': 'gpu_hist', 'lambda': 0.001999149815987485, 'alpha': 0.0005440020337912306, 'colsample_bytree': 0.40293425173884606, 'subsample': 0.7667862281663439, 'learning_rate': 0.0244431609375278, 'max_depth': 7, 'min_child_weight': 1, 'eval_metric': 'logloss'}. Best is trial 438 with value: 0.9117666666666666.
start listen on 10.110.42.71:39695
@tracker All of 1 nodes getting started
@tracker All nodes finishes job
start listen on 10.110.42.71:42265
@tracker All of 1 nodes getting started
@tracker All nodes finishes job
start listen on 10.110.42.71:44083
@tracker All of 1 nodes getting started
@tracker All nodes finishes job
start listen on 10.110.42.71:59741
@tracker All of 1 nodes getting started
@tracker All nodes finishes job
start listen on 10.110.42.71:37037
@tracker All of 1 nodes getting started
@tracker All nodes finishes job
Trial 464 finished with value: 0.9045666666666666 and parameters: {'tree_method': 'gpu_hist', 'lambda': 0.00010167309672534712, 'alpha': 7.489265508941914, 'colsample_bytree': 0.448866240677383, 'subsample': 0.8009269103640942, 'learning_rate': 0.0935502512209203, 'max_depth': 17, 'min_child_weight': 10, 'eval_metric': 'logloss'}. Best is trial 438 with value: 0.9117666666666666.
start listen on 10.110.42.71:36127
@tracker All of 1 nodes getting started
@tracker All nodes finishes job
start listen on 10.110.42.71:55051
@tracker All of 1 nodes getting started
@tracker All nodes finishes job
start listen on 10.110.42.71:49009
@tracker All of 1 nodes getting started
@tracker All nodes finishes job
start listen on 10.110.42.71:47121
@tracker All of 1 nodes getting started
@tracker All nodes finishes job
start listen on 10.110.42.71:53135
@tracker All of 1 nodes getting started
@tracker All nodes finishes job
Trial 465 finished with value: 0.91035 and parameters: {'tree_method': 'gpu_hist', 'lambda': 0.00023179937521487158, 'alpha': 0.0002729212340853321, 'colsample_bytree': 0.42721184418641556, 'subsample': 0.7054906946109513, 'learning_rate': 0.08423038082424998, 'max_depth': 7, 'min_child_weight': 6, 'eval_metric': 'logloss'}. Best is trial 438 with value: 0.9117666666666666.
start listen on 10.110.42.71:51777
@tracker All of 1 nodes getting started
@tracker All nodes finishes job
start listen on 10.110.42.71:60899
@tracker All of 1 nodes getting started
@tracker All nodes finishes job
start listen on 10.110.42.71:45847
@tracker All of 1 nodes getting started
@tracker All nodes finishes job
start listen on 10.110.42.71:33059
@tracker All of 1 nodes getting started
@tracker All nodes finishes job
start listen on 10.110.42.71:42119
@tracker All of 1 nodes getting started
@tracker All nodes finishes job
Trial 466 finished with value: 0.8834166666666666 and parameters: {'tree_method': 'gpu_hist', 'lambda': 0.0004374255636878016, 'alpha': 0.00034446754991813256, 'colsample_bytree': 0.3504526059226173, 'subsample': 0.40160967596709884, 'learning_rate': 0.06969464623123217, 'max_depth': 7, 'min_child_weight': 167, 'eval_metric': 'logloss'}. Best is trial 438 with value: 0.9117666666666666.
start listen on 10.110.42.71:49423
@tracker All of 1 nodes getting started
@tracker All nodes finishes job
start listen on 10.110.42.71:48945
@tracker All of 1 nodes getting started
@tracker All nodes finishes job
start listen on 10.110.42.71:52287
@tracker All of 1 nodes getting started
@tracker All nodes finishes job
start listen on 10.110.42.71:36989
@tracker All of 1 nodes getting started
@tracker All nodes finishes job
start listen on 10.110.42.71:52555
@tracker All of 1 nodes getting started
@tracker All nodes finishes job
Trial 467 finished with value: 0.9010333333333334 and parameters: {'tree_method': 'gpu_hist', 'lambda': 0.00014510082605524336, 'alpha': 0.0002119684229114728, 'colsample_bytree': 0.3755541860590157, 'subsample': 0.7400267775651072, 'learning_rate': 0.0577843785702366, 'max_depth': 7, 'min_child_weight': 89, 'eval_metric': 'logloss'}. Best is trial 438 with value: 0.9117666666666666.
start listen on 10.110.42.71:56443
@tracker All of 1 nodes getting started
@tracker All nodes finishes job
start listen on 10.110.42.71:57041
@tracker All of 1 nodes getting started
@tracker All nodes finishes job
start listen on 10.110.42.71:39535
@tracker All of 1 nodes getting started
@tracker All nodes finishes job
start listen on 10.110.42.71:33601
@tracker All of 1 nodes getting started
@tracker All nodes finishes job
start listen on 10.110.42.71:41867
@tracker All of 1 nodes getting started
@tracker All nodes finishes job
Trial 468 finished with value: 0.908 and parameters: {'tree_method': 'gpu_hist', 'lambda': 0.0002972544320782369, 'alpha': 1.5086781995481091, 'colsample_bytree': 0.3903834050387631, 'subsample': 0.7281688753393991, 'learning_rate': 0.07898441364311132, 'max_depth': 5, 'min_child_weight': 16, 'eval_metric': 'logloss'}. Best is trial 438 with value: 0.9117666666666666.
start listen on 10.110.42.71:54769
@tracker All of 1 nodes getting started
@tracker All nodes finishes job
start listen on 10.110.42.71:52985
@tracker All of 1 nodes getting started
@tracker All nodes finishes job
start listen on 10.110.42.71:48373
@tracker All of 1 nodes getting started
@tracker All nodes finishes job
start listen on 10.110.42.71:35561
@tracker All of 1 nodes getting started
@tracker All nodes finishes job
start listen on 10.110.42.71:57047
@tracker All of 1 nodes getting started
@tracker All nodes finishes job
Trial 469 finished with value: 0.9108333333333334 and parameters: {'tree_method': 'gpu_hist', 'lambda': 0.0001794012198561814, 'alpha': 0.00043879789948491287, 'colsample_bytree': 0.4157235645263525, 'subsample': 0.7591625196371592, 'learning_rate': 0.08364868618345053, 'max_depth': 7, 'min_child_weight': 1, 'eval_metric': 'logloss'}. Best is trial 438 with value: 0.9117666666666666.
start listen on 10.110.42.71:44741
@tracker All of 1 nodes getting started
@tracker All nodes finishes job
start listen on 10.110.42.71:43847
@tracker All of 1 nodes getting started
@tracker All nodes finishes job
start listen on 10.110.42.71:54485
@tracker All of 1 nodes getting started
@tracker All nodes finishes job
start listen on 10.110.42.71:54515
@tracker All of 1 nodes getting started
@tracker All nodes finishes job
start listen on 10.110.42.71:53417
@tracker All of 1 nodes getting started
@tracker All nodes finishes job
Trial 470 finished with value: 0.90925 and parameters: {'tree_method': 'gpu_hist', 'lambda': 0.00027157505048107947, 'alpha': 0.0003214112626411588, 'colsample_bytree': 0.39582210277870306, 'subsample': 0.7440513086706136, 'learning_rate': 0.0651265367492022, 'max_depth': 7, 'min_child_weight': 11, 'eval_metric': 'logloss'}. Best is trial 438 with value: 0.9117666666666666.
start listen on 10.110.42.71:48719
@tracker All of 1 nodes getting started
@tracker All nodes finishes job
start listen on 10.110.42.71:56081
@tracker All of 1 nodes getting started
@tracker All nodes finishes job
start listen on 10.110.42.71:55809
@tracker All of 1 nodes getting started
@tracker All nodes finishes job
start listen on 10.110.42.71:46407
@tracker All of 1 nodes getting started
@tracker All nodes finishes job
start listen on 10.110.42.71:52529
@tracker All of 1 nodes getting started
@tracker All nodes finishes job
Trial 471 finished with value: 0.8961 and parameters: {'tree_method': 'gpu_hist', 'lambda': 0.00043298835831549396, 'alpha': 0.0002400588040786648, 'colsample_bytree': 0.3736345156424978, 'subsample': 0.7160944333806185, 'learning_rate': 0.09988673859194357, 'max_depth': 7, 'min_child_weight': 143, 'eval_metric': 'logloss'}. Best is trial 438 with value: 0.9117666666666666.
start listen on 10.110.42.71:59503
@tracker All of 1 nodes getting started
@tracker All nodes finishes job
start listen on 10.110.42.71:37541
@tracker All of 1 nodes getting started
@tracker All nodes finishes job
start listen on 10.110.42.71:41515
@tracker All of 1 nodes getting started
@tracker All nodes finishes job
start listen on 10.110.42.71:40367
@tracker All of 1 nodes getting started
@tracker All nodes finishes job
start listen on 10.110.42.71:40865
@tracker All of 1 nodes getting started
@tracker All nodes finishes job
Trial 472 finished with value: 0.9096333333333333 and parameters: {'tree_method': 'gpu_hist', 'lambda': 0.000144458842082201, 'alpha': 0.0001340043298217017, 'colsample_bytree': 0.36144717282854527, 'subsample': 0.7276915714796514, 'learning_rate': 0.07131637932628192, 'max_depth': 7, 'min_child_weight': 6, 'eval_metric': 'logloss'}. Best is trial 438 with value: 0.9117666666666666.
start listen on 10.110.42.71:36487
@tracker All of 1 nodes getting started
@tracker All nodes finishes job
start listen on 10.110.42.71:39809
@tracker All of 1 nodes getting started
@tracker All nodes finishes job
start listen on 10.110.42.71:33641
@tracker All of 1 nodes getting started
@tracker All nodes finishes job
start listen on 10.110.42.71:36961
@tracker All of 1 nodes getting started
@tracker All nodes finishes job
start listen on 10.110.42.71:38867
@tracker All of 1 nodes getting started
@tracker All nodes finishes job
Trial 473 finished with value: 0.9095666666666666 and parameters: {'tree_method': 'gpu_hist', 'lambda': 0.00012261979505254138, 'alpha': 0.00018247198195935136, 'colsample_bytree': 0.46030634843018414, 'subsample': 0.7934785477472046, 'learning_rate': 0.09152656478508371, 'max_depth': 11, 'min_child_weight': 6, 'eval_metric': 'logloss'}. Best is trial 438 with value: 0.9117666666666666.
start listen on 10.110.42.71:55167
@tracker All of 1 nodes getting started
@tracker All nodes finishes job
start listen on 10.110.42.71:42509
@tracker All of 1 nodes getting started
@tracker All nodes finishes job
start listen on 10.110.42.71:43683
@tracker All of 1 nodes getting started
@tracker All nodes finishes job
start listen on 10.110.42.71:39047
@tracker All of 1 nodes getting started
@tracker All nodes finishes job
start listen on 10.110.42.71:43691
@tracker All of 1 nodes getting started
@tracker All nodes finishes job
Trial 474 finished with value: 0.9073666666666667 and parameters: {'tree_method': 'gpu_hist', 'lambda': 0.00020842809005598554, 'alpha': 0.0002989594163420183, 'colsample_bytree': 0.3862959524761159, 'subsample': 0.7496392989323281, 'learning_rate': 0.07743487953878284, 'max_depth': 7, 'min_child_weight': 22, 'eval_metric': 'logloss'}. Best is trial 438 with value: 0.9117666666666666.
start listen on 10.110.42.71:48497
@tracker All of 1 nodes getting started
@tracker All nodes finishes job
start listen on 10.110.42.71:33121
@tracker All of 1 nodes getting started
@tracker All nodes finishes job
start listen on 10.110.42.71:52025
@tracker All of 1 nodes getting started
@tracker All nodes finishes job
start listen on 10.110.42.71:55335
@tracker All of 1 nodes getting started
@tracker All nodes finishes job
start listen on 10.110.42.71:43739
@tracker All of 1 nodes getting started
@tracker All nodes finishes job
Trial 475 finished with value: 0.9030166666666667 and parameters: {'tree_method': 'gpu_hist', 'lambda': 0.00033047670411267584, 'alpha': 0.000402561636117939, 'colsample_bytree': 0.4022137104771232, 'subsample': 0.7362989215224901, 'learning_rate': 0.08574358230384764, 'max_depth': 3, 'min_child_weight': 1, 'eval_metric': 'logloss'}. Best is trial 438 with value: 0.9117666666666666.
start listen on 10.110.42.71:37689
@tracker All of 1 nodes getting started
@tracker All nodes finishes job
start listen on 10.110.42.71:43633
@tracker All of 1 nodes getting started
@tracker All nodes finishes job
start listen on 10.110.42.71:60127
@tracker All of 1 nodes getting started
@tracker All nodes finishes job
start listen on 10.110.42.71:40873
@tracker All of 1 nodes getting started
@tracker All nodes finishes job
start listen on 10.110.42.71:48839
@tracker All of 1 nodes getting started
@tracker All nodes finishes job
Trial 476 finished with value: 0.90935 and parameters: {'tree_method': 'gpu_hist', 'lambda': 0.00017524511904527175, 'alpha': 0.0005641577877373108, 'colsample_bytree': 0.39380491616821334, 'subsample': 0.7137433491270743, 'learning_rate': 0.07936154754602079, 'max_depth': 7, 'min_child_weight': 12, 'eval_metric': 'logloss'}. Best is trial 438 with value: 0.9117666666666666.
start listen on 10.110.42.71:37407
@tracker All of 1 nodes getting started
@tracker All nodes finishes job
start listen on 10.110.42.71:37313
@tracker All of 1 nodes getting started
@tracker All nodes finishes job
start listen on 10.110.42.71:55879
@tracker All of 1 nodes getting started
@tracker All nodes finishes job
start listen on 10.110.42.71:47479
@tracker All of 1 nodes getting started
@tracker All nodes finishes job
start listen on 10.110.42.71:36487
@tracker All of 1 nodes getting started
@tracker All nodes finishes job
Trial 477 finished with value: 0.90855 and parameters: {'tree_method': 'gpu_hist', 'lambda': 0.00025784969990675976, 'alpha': 0.00037546090169773025, 'colsample_bytree': 0.4184621418792076, 'subsample': 0.6975564300663055, 'learning_rate': 0.09978781422157881, 'max_depth': 15, 'min_child_weight': 7, 'eval_metric': 'logloss'}. Best is trial 438 with value: 0.9117666666666666.
start listen on 10.110.42.71:60155
@tracker All of 1 nodes getting started
@tracker All nodes finishes job
start listen on 10.110.42.71:34225
@tracker All of 1 nodes getting started
@tracker All nodes finishes job
start listen on 10.110.42.71:48871
@tracker All of 1 nodes getting started
@tracker All nodes finishes job
start listen on 10.110.42.71:34063
@tracker All of 1 nodes getting started
@tracker All nodes finishes job
start listen on 10.110.42.71:51179
@tracker All of 1 nodes getting started
@tracker All nodes finishes job
Trial 478 finished with value: 0.91195 and parameters: {'tree_method': 'gpu_hist', 'lambda': 0.0001011928848469048, 'alpha': 0.00048044393876409266, 'colsample_bytree': 0.43604416174222554, 'subsample': 0.778116544909644, 'learning_rate': 0.09216829498595878, 'max_depth': 7, 'min_child_weight': 1, 'eval_metric': 'logloss'}. Best is trial 478 with value: 0.91195.
start listen on 10.110.42.71:41917
@tracker All of 1 nodes getting started
@tracker All nodes finishes job
start listen on 10.110.42.71:48805
@tracker All of 1 nodes getting started
@tracker All nodes finishes job
start listen on 10.110.42.71:52967
@tracker All of 1 nodes getting started
@tracker All nodes finishes job
start listen on 10.110.42.71:33907
@tracker All of 1 nodes getting started
@tracker All nodes finishes job
start listen on 10.110.42.71:33951
@tracker All of 1 nodes getting started
@tracker All nodes finishes job
Trial 479 finished with value: 0.9085833333333333 and parameters: {'tree_method': 'gpu_hist', 'lambda': 0.00010353368254295195, 'alpha': 0.0006751539009334818, 'colsample_bytree': 0.32339173824279116, 'subsample': 0.8117500258050312, 'learning_rate': 0.09160759817678857, 'max_depth': 7, 'min_child_weight': 17, 'eval_metric': 'logloss'}. Best is trial 478 with value: 0.91195.
start listen on 10.110.42.71:52953
@tracker All of 1 nodes getting started
@tracker All nodes finishes job
start listen on 10.110.42.71:34555
@tracker All of 1 nodes getting started
@tracker All nodes finishes job
start listen on 10.110.42.71:53715
@tracker All of 1 nodes getting started
@tracker All nodes finishes job
start listen on 10.110.42.71:59165
@tracker All of 1 nodes getting started
@tracker All nodes finishes job
start listen on 10.110.42.71:33721
@tracker All of 1 nodes getting started
@tracker All nodes finishes job
