Trial 1102 finished with value: 0.9095666666666666 and parameters: {'tree_method': 'gpu_hist', 'lambda': 0.00013069747774463653, 'alpha': 0.00019876804517328912, 'colsample_bytree': 0.37061679036985795, 'subsample': 0.7152786304506448, 'learning_rate': 0.08761300632920446, 'max_depth': 7, 'min_child_weight': 7, 'eval_metric': 'logloss'}. Best is trial 478 with value: 0.91195.

Traceback (most recent call last):
  File "/home/btunguz/.local/lib/python3.8/site-packages/distributed/utils.py", line 778, in wrapper
    return await func(*args, **kwargs)
  File "/home/btunguz/.local/lib/python3.8/site-packages/distributed/client.py", line 1211, in _reconnect
    await self._ensure_connected(timeout=timeout)
  File "/home/btunguz/.local/lib/python3.8/site-packages/distributed/client.py", line 1241, in _ensure_connected
    comm = await connect(
  File "/home/btunguz/.local/lib/python3.8/site-packages/distributed/comm/core.py", line 315, in connect
    await asyncio.sleep(backoff)
  File "/usr/lib/python3.8/asyncio/tasks.py", line 659, in sleep
    return await future
asyncio.exceptions.CancelledError

Traceback (most recent call last):
  File "/home/btunguz/.local/lib/python3.8/site-packages/distributed/utils.py", line 778, in wrapper
    return await func(*args, **kwargs)
  File "/home/btunguz/.local/lib/python3.8/site-packages/distributed/client.py", line 1400, in _handle_report
    await self._reconnect()
  File "/home/btunguz/.local/lib/python3.8/site-packages/distributed/utils.py", line 778, in wrapper
    return await func(*args, **kwargs)
  File "/home/btunguz/.local/lib/python3.8/site-packages/distributed/client.py", line 1211, in _reconnect
    await self._ensure_connected(timeout=timeout)
  File "/home/btunguz/.local/lib/python3.8/site-packages/distributed/client.py", line 1241, in _ensure_connected
    comm = await connect(
  File "/home/btunguz/.local/lib/python3.8/site-packages/distributed/comm/core.py", line 315, in connect
    await asyncio.sleep(backoff)
  File "/usr/lib/python3.8/asyncio/tasks.py", line 659, in sleep
    return await future
asyncio.exceptions.CancelledError
