Trial 816 finished with value: 0.8985 and parameters: {'tree_method': 'gpu_hist', 'lambda': 0.00023529377041583673, 'alpha': 0.00044246162828934346, 'colsample_bytree': 0.43585263594584456, 'subsample': 0.8834688572572208, 'learning_rate': 0.08322751921699605, 'max_depth': 7, 'min_child_weight': 152, 'eval_metric': 'logloss'}. Best is trial 478 with value: 0.91195.
start listen on 10.110.42.71:48809
@tracker All of 1 nodes getting started
@tracker All nodes finishes job
start listen on 10.110.42.71:45657
@tracker All of 1 nodes getting started
@tracker All nodes finishes job
start listen on 10.110.42.71:56687
@tracker All of 1 nodes getting started
@tracker All nodes finishes job
start listen on 10.110.42.71:48727
@tracker All of 1 nodes getting started
@tracker All nodes finishes job
start listen on 10.110.42.71:36217
@tracker All of 1 nodes getting started
@tracker All nodes finishes job
Trial 817 finished with value: 0.91035 and parameters: {'tree_method': 'gpu_hist', 'lambda': 0.00021279728658601827, 'alpha': 0.06331253936130352, 'colsample_bytree': 0.47029883477937906, 'subsample': 0.847401401444515, 'learning_rate': 0.08500953676416277, 'max_depth': 5, 'min_child_weight': 1, 'eval_metric': 'logloss'}. Best is trial 478 with value: 0.91195.
start listen on 10.110.42.71:32773
@tracker All of 1 nodes getting started
@tracker All nodes finishes job
start listen on 10.110.42.71:45787
@tracker All of 1 nodes getting started
@tracker All nodes finishes job
start listen on 10.110.42.71:34539
@tracker All of 1 nodes getting started
@tracker All nodes finishes job
start listen on 10.110.42.71:58595
@tracker All of 1 nodes getting started
@tracker All nodes finishes job
start listen on 10.110.42.71:58325
@tracker All of 1 nodes getting started
@tracker All nodes finishes job
Trial 818 finished with value: 0.9104833333333333 and parameters: {'tree_method': 'gpu_hist', 'lambda': 0.00030691542055014066, 'alpha': 0.0005502750730253831, 'colsample_bytree': 0.45324587023364266, 'subsample': 0.9148832659355522, 'learning_rate': 0.0783238271906759, 'max_depth': 7, 'min_child_weight': 6, 'eval_metric': 'logloss'}. Best is trial 478 with value: 0.91195.
start listen on 10.110.42.71:53531
@tracker All of 1 nodes getting started
@tracker All nodes finishes job
start listen on 10.110.42.71:48179
@tracker All of 1 nodes getting started
@tracker All nodes finishes job
start listen on 10.110.42.71:55939
@tracker All of 1 nodes getting started
@tracker All nodes finishes job
start listen on 10.110.42.71:42585
@tracker All of 1 nodes getting started
@tracker All nodes finishes job
start listen on 10.110.42.71:49737
@tracker All of 1 nodes getting started
@tracker All nodes finishes job
Trial 819 finished with value: 0.9103 and parameters: {'tree_method': 'gpu_hist', 'lambda': 0.00020367781732507693, 'alpha': 0.0008207559519698363, 'colsample_bytree': 0.44165695840661073, 'subsample': 0.8607244545446352, 'learning_rate': 0.0921416934894499, 'max_depth': 7, 'min_child_weight': 7, 'eval_metric': 'logloss'}. Best is trial 478 with value: 0.91195.
start listen on 10.110.42.71:49609
@tracker All of 1 nodes getting started
@tracker All nodes finishes job
start listen on 10.110.42.71:58001
@tracker All of 1 nodes getting started
@tracker All nodes finishes job
start listen on 10.110.42.71:48891
@tracker All of 1 nodes getting started
@tracker All nodes finishes job
start listen on 10.110.42.71:50235
@tracker All of 1 nodes getting started
@tracker All nodes finishes job
start listen on 10.110.42.71:36993
@tracker All of 1 nodes getting started
@tracker All nodes finishes job
Trial 820 finished with value: 0.9099833333333334 and parameters: {'tree_method': 'gpu_hist', 'lambda': 0.0002715670611951124, 'alpha': 0.0003917107522858361, 'colsample_bytree': 0.4587196525027881, 'subsample': 0.9338429290438116, 'learning_rate': 0.08503583367459079, 'max_depth': 7, 'min_child_weight': 15, 'eval_metric': 'logloss'}. Best is trial 478 with value: 0.91195.
start listen on 10.110.42.71:42889
@tracker All of 1 nodes getting started
@tracker All nodes finishes job
start listen on 10.110.42.71:40655
@tracker All of 1 nodes getting started
@tracker All nodes finishes job
start listen on 10.110.42.71:57723
@tracker All of 1 nodes getting started
@tracker All nodes finishes job
start listen on 10.110.42.71:39689
@tracker All of 1 nodes getting started
@tracker All nodes finishes job
start listen on 10.110.42.71:43887
@tracker All of 1 nodes getting started
@tracker All nodes finishes job
Trial 821 finished with value: 0.90805 and parameters: {'tree_method': 'gpu_hist', 'lambda': 0.00018934467373197733, 'alpha': 0.0006307207043988487, 'colsample_bytree': 0.4889881297906898, 'subsample': 0.9796185240934256, 'learning_rate': 0.09966351179184443, 'max_depth': 7, 'min_child_weight': 31, 'eval_metric': 'logloss'}. Best is trial 478 with value: 0.91195.
start listen on 10.110.42.71:39033
@tracker All of 1 nodes getting started
@tracker All nodes finishes job
start listen on 10.110.42.71:41499
@tracker All of 1 nodes getting started
@tracker All nodes finishes job
start listen on 10.110.42.71:32967
@tracker All of 1 nodes getting started
@tracker All nodes finishes job
start listen on 10.110.42.71:43825
@tracker All of 1 nodes getting started
@tracker All nodes finishes job
start listen on 10.110.42.71:50613
@tracker All of 1 nodes getting started
@tracker All nodes finishes job
Trial 822 finished with value: 0.9109833333333334 and parameters: {'tree_method': 'gpu_hist', 'lambda': 0.00017801845405136126, 'alpha': 0.00048165876403945637, 'colsample_bytree': 0.43137495687142224, 'subsample': 0.9522155658005785, 'learning_rate': 0.07047746319748528, 'max_depth': 7, 'min_child_weight': 1, 'eval_metric': 'logloss'}. Best is trial 478 with value: 0.91195.
start listen on 10.110.42.71:57993
@tracker All of 1 nodes getting started
@tracker All nodes finishes job
start listen on 10.110.42.71:46503
@tracker All of 1 nodes getting started
@tracker All nodes finishes job
start listen on 10.110.42.71:51435
@tracker All of 1 nodes getting started
@tracker All nodes finishes job
start listen on 10.110.42.71:40667
@tracker All of 1 nodes getting started
@tracker All nodes finishes job
start listen on 10.110.42.71:49541
@tracker All of 1 nodes getting started
@tracker All nodes finishes job
Trial 823 finished with value: 0.9092 and parameters: {'tree_method': 'gpu_hist', 'lambda': 0.0002514776699106028, 'alpha': 0.00037024241433859535, 'colsample_bytree': 0.5110683227091584, 'subsample': 0.7182781150294042, 'learning_rate': 0.07781835276870427, 'max_depth': 9, 'min_child_weight': 11, 'eval_metric': 'logloss'}. Best is trial 478 with value: 0.91195.
start listen on 10.110.42.71:43581
@tracker All of 1 nodes getting started
@tracker All nodes finishes job
start listen on 10.110.42.71:59597
@tracker All of 1 nodes getting started
@tracker All nodes finishes job
start listen on 10.110.42.71:52187
@tracker All of 1 nodes getting started
@tracker All nodes finishes job
start listen on 10.110.42.71:55967
@tracker All of 1 nodes getting started
@tracker All nodes finishes job
start listen on 10.110.42.71:34095
@tracker All of 1 nodes getting started
@tracker All nodes finishes job
Trial 824 finished with value: 0.90845 and parameters: {'tree_method': 'gpu_hist', 'lambda': 0.00427110742282757, 'alpha': 0.0005704890115916055, 'colsample_bytree': 0.47892233673828105, 'subsample': 0.8946934826289629, 'learning_rate': 0.09192336919860582, 'max_depth': 7, 'min_child_weight': 22, 'eval_metric': 'logloss'}. Best is trial 478 with value: 0.91195.
start listen on 10.110.42.71:40581
@tracker All of 1 nodes getting started
@tracker All nodes finishes job
start listen on 10.110.42.71:47463
@tracker All of 1 nodes getting started
@tracker All nodes finishes job
start listen on 10.110.42.71:41819
@tracker All of 1 nodes getting started
@tracker All nodes finishes job
start listen on 10.110.42.71:54401
@tracker All of 1 nodes getting started
@tracker All nodes finishes job
start listen on 10.110.42.71:48653
@tracker All of 1 nodes getting started
@tracker All nodes finishes job
Trial 825 finished with value: 0.9109666666666667 and parameters: {'tree_method': 'gpu_hist', 'lambda': 0.00015251540298034233, 'alpha': 0.00038787524313696573, 'colsample_bytree': 0.4435526812953018, 'subsample': 0.8677454001954857, 'learning_rate': 0.08462265875822159, 'max_depth': 7, 'min_child_weight': 7, 'eval_metric': 'logloss'}. Best is trial 478 with value: 0.91195.
start listen on 10.110.42.71:53603
@tracker All of 1 nodes getting started
@tracker All nodes finishes job
start listen on 10.110.42.71:42089
@tracker All of 1 nodes getting started
@tracker All nodes finishes job
start listen on 10.110.42.71:40089
@tracker All of 1 nodes getting started
@tracker All nodes finishes job
start listen on 10.110.42.71:43097
@tracker All of 1 nodes getting started
@tracker All nodes finishes job
start listen on 10.110.42.71:45835
@tracker All of 1 nodes getting started
@tracker All nodes finishes job
Trial 826 finished with value: 0.8900666666666667 and parameters: {'tree_method': 'gpu_hist', 'lambda': 0.0001275297204507858, 'alpha': 0.0007296419024072208, 'colsample_bytree': 0.4217631464119638, 'subsample': 0.7353822412603449, 'learning_rate': 0.0649553281676825, 'max_depth': 3, 'min_child_weight': 162, 'eval_metric': 'logloss'}. Best is trial 478 with value: 0.91195.
start listen on 10.110.42.71:37337
@tracker All of 1 nodes getting started
@tracker All nodes finishes job
start listen on 10.110.42.71:58429
@tracker All of 1 nodes getting started
@tracker All nodes finishes job
start listen on 10.110.42.71:49385
@tracker All of 1 nodes getting started
@tracker All nodes finishes job
start listen on 10.110.42.71:35537
@tracker All of 1 nodes getting started
@tracker All nodes finishes job
start listen on 10.110.42.71:35441
@tracker All of 1 nodes getting started
@tracker All nodes finishes job
Trial 827 finished with value: 0.9108333333333334 and parameters: {'tree_method': 'gpu_hist', 'lambda': 0.0003715841333025771, 'alpha': 0.0004654723389824219, 'colsample_bytree': 0.4665401065679598, 'subsample': 0.7097606940949476, 'learning_rate': 0.09975476760571642, 'max_depth': 7, 'min_child_weight': 1, 'eval_metric': 'logloss'}. Best is trial 478 with value: 0.91195.
start listen on 10.110.42.71:54845
@tracker All of 1 nodes getting started
@tracker All nodes finishes job
start listen on 10.110.42.71:56999
@tracker All of 1 nodes getting started
@tracker All nodes finishes job
start listen on 10.110.42.71:50825
@tracker All of 1 nodes getting started
@tracker All nodes finishes job
start listen on 10.110.42.71:44653
@tracker All of 1 nodes getting started
@tracker All nodes finishes job
start listen on 10.110.42.71:53539
@tracker All of 1 nodes getting started
@tracker All nodes finishes job
Trial 828 finished with value: 0.9094 and parameters: {'tree_method': 'gpu_hist', 'lambda': 0.00021777873215250617, 'alpha': 0.0003099958672982933, 'colsample_bytree': 0.4304687441809497, 'subsample': 0.7318609281984607, 'learning_rate': 0.08596360669797336, 'max_depth': 11, 'min_child_weight': 12, 'eval_metric': 'logloss'}. Best is trial 478 with value: 0.91195.
start listen on 10.110.42.71:33215
@tracker All of 1 nodes getting started
@tracker All nodes finishes job
start listen on 10.110.42.71:36637
@tracker All of 1 nodes getting started
@tracker All nodes finishes job
start listen on 10.110.42.71:49567
@tracker All of 1 nodes getting started
@tracker All nodes finishes job
start listen on 10.110.42.71:59181
@tracker All of 1 nodes getting started
@tracker All nodes finishes job
start listen on 10.110.42.71:58825
@tracker All of 1 nodes getting started
@tracker All nodes finishes job
Trial 829 finished with value: 0.9100166666666667 and parameters: {'tree_method': 'gpu_hist', 'lambda': 0.00018095652189376737, 'alpha': 0.0009609796318416854, 'colsample_bytree': 0.4530663720658882, 'subsample': 0.9958335830321433, 'learning_rate': 0.07646862303610082, 'max_depth': 7, 'min_child_weight': 6, 'eval_metric': 'logloss'}. Best is trial 478 with value: 0.91195.
start listen on 10.110.42.71:38647
@tracker All of 1 nodes getting started
@tracker All nodes finishes job
start listen on 10.110.42.71:47161
@tracker All of 1 nodes getting started
@tracker All nodes finishes job
start listen on 10.110.42.71:40101
@tracker All of 1 nodes getting started
@tracker All nodes finishes job
start listen on 10.110.42.71:38221
@tracker All of 1 nodes getting started
@tracker All nodes finishes job
start listen on 10.110.42.71:37575
@tracker All of 1 nodes getting started
@tracker All nodes finishes job
Trial 830 finished with value: 0.9068333333333334 and parameters: {'tree_method': 'gpu_hist', 'lambda': 0.00013163977896422398, 'alpha': 0.0005162060468913108, 'colsample_bytree': 0.4382229268637978, 'subsample': 0.8356541003497705, 'learning_rate': 0.0917167135918505, 'max_depth': 15, 'min_child_weight': 1, 'eval_metric': 'logloss'}. Best is trial 478 with value: 0.91195.
start listen on 10.110.42.71:48569
@tracker All of 1 nodes getting started
@tracker All nodes finishes job
start listen on 10.110.42.71:37083
@tracker All of 1 nodes getting started
@tracker All nodes finishes job
start listen on 10.110.42.71:55511
@tracker All of 1 nodes getting started
@tracker All nodes finishes job
start listen on 10.110.42.71:33533
@tracker All of 1 nodes getting started
@tracker All nodes finishes job
start listen on 10.110.42.71:49179
@tracker All of 1 nodes getting started
@tracker All nodes finishes job
Trial 831 finished with value: 0.8836166666666667 and parameters: {'tree_method': 'gpu_hist', 'lambda': 0.0002685911372086096, 'alpha': 0.015774877367052194, 'colsample_bytree': 0.42247146570846283, 'subsample': 0.7187209633042866, 'learning_rate': 0.005284515778850411, 'max_depth': 7, 'min_child_weight': 17, 'eval_metric': 'logloss'}. Best is trial 478 with value: 0.91195.
start listen on 10.110.42.71:57121
@tracker All of 1 nodes getting started
@tracker All nodes finishes job
start listen on 10.110.42.71:60367
@tracker All of 1 nodes getting started
@tracker All nodes finishes job
start listen on 10.110.42.71:56847
@tracker All of 1 nodes getting started
@tracker All nodes finishes job
start listen on 10.110.42.71:48213
@tracker All of 1 nodes getting started
@tracker All nodes finishes job
start listen on 10.110.42.71:33659
@tracker All of 1 nodes getting started
@tracker All nodes finishes job
Trial 832 finished with value: 0.8969833333333334 and parameters: {'tree_method': 'gpu_hist', 'lambda': 0.00015962255930996683, 'alpha': 0.00034642380878556375, 'colsample_bytree': 0.45142435749616205, 'subsample': 0.9274033610609995, 'learning_rate': 0.009784167097344918, 'max_depth': 7, 'min_child_weight': 10, 'eval_metric': 'logloss'}. Best is trial 478 with value: 0.91195.
start listen on 10.110.42.71:43493
@tracker All of 1 nodes getting started
@tracker All nodes finishes job
start listen on 10.110.42.71:45821
@tracker All of 1 nodes getting started
@tracker All nodes finishes job
start listen on 10.110.42.71:49053
@tracker All of 1 nodes getting started
@tracker All nodes finishes job
start listen on 10.110.42.71:36083
@tracker All of 1 nodes getting started
@tracker All nodes finishes job
start listen on 10.110.42.71:51899
@tracker All of 1 nodes getting started
@tracker All nodes finishes job
Trial 833 finished with value: 0.9100333333333334 and parameters: {'tree_method': 'gpu_hist', 'lambda': 0.000215711759484955, 'alpha': 0.00026750065091542887, 'colsample_bytree': 0.4759205697754533, 'subsample': 0.7447487559586656, 'learning_rate': 0.08115992469234454, 'max_depth': 7, 'min_child_weight': 7, 'eval_metric': 'logloss'}. Best is trial 478 with value: 0.91195.
start listen on 10.110.42.71:55683
@tracker All of 1 nodes getting started
@tracker All nodes finishes job
start listen on 10.110.42.71:42635
@tracker All of 1 nodes getting started
@tracker All nodes finishes job
start listen on 10.110.42.71:33405
@tracker All of 1 nodes getting started
@tracker All nodes finishes job
start listen on 10.110.42.71:53381
@tracker All of 1 nodes getting started
@tracker All nodes finishes job
start listen on 10.110.42.71:39073
@tracker All of 1 nodes getting started
@tracker All nodes finishes job
Trial 834 finished with value: 0.91095 and parameters: {'tree_method': 'gpu_hist', 'lambda': 0.000128215919518923, 'alpha': 0.0004413455133772645, 'colsample_bytree': 0.4190010438194451, 'subsample': 0.7283360583312478, 'learning_rate': 0.09988881444553528, 'max_depth': 7, 'min_child_weight': 1, 'eval_metric': 'logloss'}. Best is trial 478 with value: 0.91195.
start listen on 10.110.42.71:48197
@tracker All of 1 nodes getting started
@tracker All nodes finishes job
start listen on 10.110.42.71:59275
@tracker All of 1 nodes getting started
@tracker All nodes finishes job
start listen on 10.110.42.71:52603
@tracker All of 1 nodes getting started
@tracker All nodes finishes job
start listen on 10.110.42.71:47171
@tracker All of 1 nodes getting started
@tracker All nodes finishes job
start listen on 10.110.42.71:52487
@tracker All of 1 nodes getting started
@tracker All nodes finishes job
Trial 835 finished with value: 0.9090166666666667 and parameters: {'tree_method': 'gpu_hist', 'lambda': 0.0003525201511113684, 'alpha': 0.000739969068160135, 'colsample_bytree': 0.836536375999318, 'subsample': 0.9672298342241614, 'learning_rate': 0.08695325600929933, 'max_depth': 7, 'min_child_weight': 6, 'eval_metric': 'logloss'}. Best is trial 478 with value: 0.91195.
start listen on 10.110.42.71:53951
@tracker All of 1 nodes getting started
@tracker All nodes finishes job
start listen on 10.110.42.71:35703
@tracker All of 1 nodes getting started
@tracker All nodes finishes job
start listen on 10.110.42.71:56279
@tracker All of 1 nodes getting started
@tracker All nodes finishes job
start listen on 10.110.42.71:57741
@tracker All of 1 nodes getting started
@tracker All nodes finishes job
start listen on 10.110.42.71:52941
@tracker All of 1 nodes getting started
@tracker All nodes finishes job
Trial 836 finished with value: 0.9093333333333333 and parameters: {'tree_method': 'gpu_hist', 'lambda': 0.00017472680772055677, 'alpha': 0.0006381438512236307, 'colsample_bytree': 0.6626918959699137, 'subsample': 0.8230535552888205, 'learning_rate': 0.07111210585613097, 'max_depth': 7, 'min_child_weight': 15, 'eval_metric': 'logloss'}. Best is trial 478 with value: 0.91195.
start listen on 10.110.42.71:34087
@tracker All of 1 nodes getting started
@tracker All nodes finishes job
start listen on 10.110.42.71:46957
@tracker All of 1 nodes getting started
@tracker All nodes finishes job
start listen on 10.110.42.71:54361
@tracker All of 1 nodes getting started
@tracker All nodes finishes job
start listen on 10.110.42.71:52823
@tracker All of 1 nodes getting started
@tracker All nodes finishes job
start listen on 10.110.42.71:47601
@tracker All of 1 nodes getting started
@tracker All nodes finishes job
Trial 837 finished with value: 0.9104333333333333 and parameters: {'tree_method': 'gpu_hist', 'lambda': 0.05325778687917343, 'alpha': 0.000162378584316887, 'colsample_bytree': 0.43809717550636085, 'subsample': 0.8402031229501465, 'learning_rate': 0.09135981388258792, 'max_depth': 7, 'min_child_weight': 7, 'eval_metric': 'logloss'}. Best is trial 478 with value: 0.91195.
start listen on 10.110.42.71:39997
@tracker All of 1 nodes getting started
@tracker All nodes finishes job
start listen on 10.110.42.71:55741
@tracker All of 1 nodes getting started
@tracker All nodes finishes job
start listen on 10.110.42.71:34257
@tracker All of 1 nodes getting started
@tracker All nodes finishes job
start listen on 10.110.42.71:53091
@tracker All of 1 nodes getting started
@tracker All nodes finishes job
start listen on 10.110.42.71:41455
@tracker All of 1 nodes getting started
@tracker All nodes finishes job
Trial 838 finished with value: 0.9083 and parameters: {'tree_method': 'gpu_hist', 'lambda': 0.00010045284950323367, 'alpha': 0.00034150200036621084, 'colsample_bytree': 0.4665232961960533, 'subsample': 0.7040306090121781, 'learning_rate': 0.07774981994928883, 'max_depth': 13, 'min_child_weight': 1, 'eval_metric': 'logloss'}. Best is trial 478 with value: 0.91195.
start listen on 10.110.42.71:45509
@tracker All of 1 nodes getting started
@tracker All nodes finishes job
start listen on 10.110.42.71:41751
@tracker All of 1 nodes getting started
@tracker All nodes finishes job
start listen on 10.110.42.71:33141
@tracker All of 1 nodes getting started
@tracker All nodes finishes job
start listen on 10.110.42.71:33817
@tracker All of 1 nodes getting started
@tracker All nodes finishes job
start listen on 10.110.42.71:39701
@tracker All of 1 nodes getting started
@tracker All nodes finishes job
Trial 839 finished with value: 0.9078333333333334 and parameters: {'tree_method': 'gpu_hist', 'lambda': 0.0001423122551479612, 'alpha': 0.0004389032020715142, 'colsample_bytree': 0.3723549965992138, 'subsample': 0.7480596458429424, 'learning_rate': 0.0925616055873217, 'max_depth': 20, 'min_child_weight': 11, 'eval_metric': 'logloss'}. Best is trial 478 with value: 0.91195.
start listen on 10.110.42.71:50969
@tracker All of 1 nodes getting started
@tracker All nodes finishes job
start listen on 10.110.42.71:41377
@tracker All of 1 nodes getting started
@tracker All nodes finishes job
start listen on 10.110.42.71:40779
@tracker All of 1 nodes getting started
@tracker All nodes finishes job
start listen on 10.110.42.71:49167
@tracker All of 1 nodes getting started
@tracker All nodes finishes job
start listen on 10.110.42.71:54443
@tracker All of 1 nodes getting started
@tracker All nodes finishes job
