Start optimization.
start listen on 10.110.42.71:48871
@tracker All of 1 nodes getting started
@tracker All nodes finishes job
start listen on 10.110.42.71:36221
@tracker All of 1 nodes getting started
@tracker All nodes finishes job
start listen on 10.110.42.71:44839
@tracker All of 1 nodes getting started
@tracker All nodes finishes job
start listen on 10.110.42.71:40119
@tracker All of 1 nodes getting started
@tracker All nodes finishes job
start listen on 10.110.42.71:48997
@tracker All of 1 nodes getting started
@tracker All nodes finishes job
Trial 103 finished with value: 0.90465 and parameters: {'tree_method': 'gpu_hist', 'lambda': 0.16563282225021814, 'alpha': 0.0006503706862413237, 'colsample_bytree': 0.4517883632992026, 'subsample': 0.8459149234470305, 'learning_rate': 0.05060747228535025, 'max_depth': 11, 'min_child_weight': 53, 'eval_metric': 'logloss'}. Best is trial 46 with value: 0.91095.
start listen on 10.110.42.71:38251
@tracker All of 1 nodes getting started
@tracker All nodes finishes job
start listen on 10.110.42.71:46393
@tracker All of 1 nodes getting started
@tracker All nodes finishes job
start listen on 10.110.42.71:59313
@tracker All of 1 nodes getting started
@tracker All nodes finishes job
start listen on 10.110.42.71:55947
@tracker All of 1 nodes getting started
@tracker All nodes finishes job
start listen on 10.110.42.71:46953
@tracker All of 1 nodes getting started
@tracker All nodes finishes job
Trial 104 finished with value: 0.9105333333333333 and parameters: {'tree_method': 'gpu_hist', 'lambda': 0.0001206372341349668, 'alpha': 0.04876545768619127, 'colsample_bytree': 0.5981756376565426, 'subsample': 0.8554627445549119, 'learning_rate': 0.08580909343358743, 'max_depth': 9, 'min_child_weight': 5, 'eval_metric': 'logloss'}. Best is trial 46 with value: 0.91095.
start listen on 10.110.42.71:51357
@tracker All of 1 nodes getting started
@tracker All nodes finishes job
start listen on 10.110.42.71:60129
@tracker All of 1 nodes getting started
@tracker All nodes finishes job
start listen on 10.110.42.71:57609
@tracker All of 1 nodes getting started
@tracker All nodes finishes job
start listen on 10.110.42.71:45559
@tracker All of 1 nodes getting started
@tracker All nodes finishes job
start listen on 10.110.42.71:45713
@tracker All of 1 nodes getting started
@tracker All nodes finishes job
Trial 105 finished with value: 0.9097166666666666 and parameters: {'tree_method': 'gpu_hist', 'lambda': 0.011727370697381674, 'alpha': 0.0004901678315816696, 'colsample_bytree': 0.6008520242788944, 'subsample': 0.8272885220813756, 'learning_rate': 0.07180538599403896, 'max_depth': 9, 'min_child_weight': 6, 'eval_metric': 'logloss'}. Best is trial 46 with value: 0.91095.
start listen on 10.110.42.71:49597
@tracker All of 1 nodes getting started
@tracker All nodes finishes job
start listen on 10.110.42.71:60409
@tracker All of 1 nodes getting started
@tracker All nodes finishes job
start listen on 10.110.42.71:35563
@tracker All of 1 nodes getting started
@tracker All nodes finishes job
start listen on 10.110.42.71:34983
@tracker All of 1 nodes getting started
@tracker All nodes finishes job
start listen on 10.110.42.71:60391
@tracker All of 1 nodes getting started
@tracker All nodes finishes job
Trial 106 finished with value: 0.9092166666666667 and parameters: {'tree_method': 'gpu_hist', 'lambda': 0.00044071407298213686, 'alpha': 0.11107782562552362, 'colsample_bytree': 0.5538788541901991, 'subsample': 0.8553112952649942, 'learning_rate': 0.08739720923507423, 'max_depth': 9, 'min_child_weight': 14, 'eval_metric': 'logloss'}. Best is trial 46 with value: 0.91095.
start listen on 10.110.42.71:55767
@tracker All of 1 nodes getting started
@tracker All nodes finishes job
start listen on 10.110.42.71:38729
@tracker All of 1 nodes getting started
@tracker All nodes finishes job
start listen on 10.110.42.71:56931
@tracker All of 1 nodes getting started
@tracker All nodes finishes job
start listen on 10.110.42.71:56133
@tracker All of 1 nodes getting started
@tracker All nodes finishes job
start listen on 10.110.42.71:37557
@tracker All of 1 nodes getting started
@tracker All nodes finishes job
Trial 107 finished with value: 0.9095166666666666 and parameters: {'tree_method': 'gpu_hist', 'lambda': 2.321295995198613, 'alpha': 0.0009077926001259239, 'colsample_bytree': 0.5704598962273965, 'subsample': 0.9423932786234591, 'learning_rate': 0.08030456424061665, 'max_depth': 9, 'min_child_weight': 1, 'eval_metric': 'logloss'}. Best is trial 46 with value: 0.91095.
start listen on 10.110.42.71:51971
@tracker All of 1 nodes getting started
@tracker All nodes finishes job
start listen on 10.110.42.71:43363
@tracker All of 1 nodes getting started
@tracker All nodes finishes job
start listen on 10.110.42.71:51067
@tracker All of 1 nodes getting started
@tracker All nodes finishes job
start listen on 10.110.42.71:57667
@tracker All of 1 nodes getting started
@tracker All nodes finishes job
start listen on 10.110.42.71:41835
@tracker All of 1 nodes getting started
@tracker All nodes finishes job
Trial 108 finished with value: 0.9075166666666666 and parameters: {'tree_method': 'gpu_hist', 'lambda': 0.0008367968535668916, 'alpha': 0.00010133070509944471, 'colsample_bytree': 0.6149663790772792, 'subsample': 0.9046739282225369, 'learning_rate': 0.06318966828867753, 'max_depth': 7, 'min_child_weight': 27, 'eval_metric': 'logloss'}. Best is trial 46 with value: 0.91095.
start listen on 10.110.42.71:46517
@tracker All of 1 nodes getting started
@tracker All nodes finishes job
start listen on 10.110.42.71:58205
@tracker All of 1 nodes getting started
@tracker All nodes finishes job
start listen on 10.110.42.71:51229
@tracker All of 1 nodes getting started
@tracker All nodes finishes job
start listen on 10.110.42.71:38733
@tracker All of 1 nodes getting started
@tracker All nodes finishes job
start listen on 10.110.42.71:46707
@tracker All of 1 nodes getting started
@tracker All nodes finishes job
Trial 109 finished with value: 0.9065166666666666 and parameters: {'tree_method': 'gpu_hist', 'lambda': 0.02748118726684051, 'alpha': 0.05592563690932214, 'colsample_bytree': 0.6734456269349133, 'subsample': 0.8673516229365228, 'learning_rate': 0.09130831296793795, 'max_depth': 5, 'min_child_weight': 35, 'eval_metric': 'logloss'}. Best is trial 46 with value: 0.91095.
start listen on 10.110.42.71:51105
@tracker All of 1 nodes getting started
@tracker All nodes finishes job
start listen on 10.110.42.71:35479
@tracker All of 1 nodes getting started
@tracker All nodes finishes job
start listen on 10.110.42.71:33949
@tracker All of 1 nodes getting started
@tracker All nodes finishes job
start listen on 10.110.42.71:37913
@tracker All of 1 nodes getting started
@tracker All nodes finishes job
start listen on 10.110.42.71:44037
@tracker All of 1 nodes getting started
@tracker All nodes finishes job
Trial 110 finished with value: 0.8993833333333333 and parameters: {'tree_method': 'gpu_hist', 'lambda': 8.979575025232434, 'alpha': 0.14945607365515534, 'colsample_bytree': 0.5920123521464895, 'subsample': 0.8041796219903012, 'learning_rate': 0.06613002088537495, 'max_depth': 3, 'min_child_weight': 20, 'eval_metric': 'logloss'}. Best is trial 46 with value: 0.91095.
start listen on 10.110.42.71:34789
@tracker All of 1 nodes getting started
@tracker All nodes finishes job
start listen on 10.110.42.71:54235
@tracker All of 1 nodes getting started
@tracker All nodes finishes job
start listen on 10.110.42.71:40931
@tracker All of 1 nodes getting started
@tracker All nodes finishes job
start listen on 10.110.42.71:50809
@tracker All of 1 nodes getting started
@tracker All nodes finishes job
start listen on 10.110.42.71:51491
@tracker All of 1 nodes getting started
@tracker All nodes finishes job
Trial 111 finished with value: 0.9095666666666666 and parameters: {'tree_method': 'gpu_hist', 'lambda': 0.020879179331217343, 'alpha': 0.04180517223921213, 'colsample_bytree': 0.6335227854654466, 'subsample': 0.8820335107144693, 'learning_rate': 0.056399134067014633, 'max_depth': 9, 'min_child_weight': 12, 'eval_metric': 'logloss'}. Best is trial 46 with value: 0.91095.
start listen on 10.110.42.71:49303
@tracker All of 1 nodes getting started
@tracker All nodes finishes job
start listen on 10.110.42.71:51675
@tracker All of 1 nodes getting started
@tracker All nodes finishes job
start listen on 10.110.42.71:39385
@tracker All of 1 nodes getting started
@tracker All nodes finishes job
start listen on 10.110.42.71:34929
@tracker All of 1 nodes getting started
@tracker All nodes finishes job
start listen on 10.110.42.71:53697
@tracker All of 1 nodes getting started
@tracker All nodes finishes job
Trial 112 finished with value: 0.90945 and parameters: {'tree_method': 'gpu_hist', 'lambda': 0.00013557318490154354, 'alpha': 0.0008791583730180277, 'colsample_bytree': 0.5271199270930634, 'subsample': 0.8509228201515484, 'learning_rate': 0.07212686155783544, 'max_depth': 7, 'min_child_weight': 6, 'eval_metric': 'logloss'}. Best is trial 46 with value: 0.91095.
start listen on 10.110.42.71:58983
@tracker All of 1 nodes getting started
@tracker All nodes finishes job
start listen on 10.110.42.71:42635
@tracker All of 1 nodes getting started
@tracker All nodes finishes job
start listen on 10.110.42.71:51293
@tracker All of 1 nodes getting started
@tracker All nodes finishes job
start listen on 10.110.42.71:49731
@tracker All of 1 nodes getting started
@tracker All nodes finishes job
start listen on 10.110.42.71:35761
@tracker All of 1 nodes getting started
@tracker All nodes finishes job
Trial 113 finished with value: 0.9084333333333333 and parameters: {'tree_method': 'gpu_hist', 'lambda': 1.1388318205331633, 'alpha': 0.016705327074928226, 'colsample_bytree': 0.5006743846574465, 'subsample': 0.9188538715209833, 'learning_rate': 0.040307451541408953, 'max_depth': 9, 'min_child_weight': 1, 'eval_metric': 'logloss'}. Best is trial 46 with value: 0.91095.
start listen on 10.110.42.71:39605
@tracker All of 1 nodes getting started
@tracker All nodes finishes job
start listen on 10.110.42.71:34255
@tracker All of 1 nodes getting started
@tracker All nodes finishes job
start listen on 10.110.42.71:36469
@tracker All of 1 nodes getting started
@tracker All nodes finishes job
start listen on 10.110.42.71:48649
@tracker All of 1 nodes getting started
@tracker All nodes finishes job
start listen on 10.110.42.71:51643
@tracker All of 1 nodes getting started
@tracker All nodes finishes job
Trial 114 finished with value: 0.9092666666666667 and parameters: {'tree_method': 'gpu_hist', 'lambda': 0.36281387707606616, 'alpha': 0.00514468662521598, 'colsample_bytree': 0.6004896301866736, 'subsample': 0.8597339876399184, 'learning_rate': 0.08519026107510898, 'max_depth': 9, 'min_child_weight': 9, 'eval_metric': 'logloss'}. Best is trial 46 with value: 0.91095.
start listen on 10.110.42.71:43605
@tracker All of 1 nodes getting started
@tracker All nodes finishes job
start listen on 10.110.42.71:38255
@tracker All of 1 nodes getting started
@tracker All nodes finishes job
start listen on 10.110.42.71:47101
@tracker All of 1 nodes getting started
@tracker All nodes finishes job
start listen on 10.110.42.71:47147
@tracker All of 1 nodes getting started
@tracker All nodes finishes job
start listen on 10.110.42.71:39893
@tracker All of 1 nodes getting started
@tracker All nodes finishes job
Trial 115 finished with value: 0.9092333333333333 and parameters: {'tree_method': 'gpu_hist', 'lambda': 0.5668770648718797, 'alpha': 0.06888287245165843, 'colsample_bytree': 0.56271457538378, 'subsample': 0.8309959836153328, 'learning_rate': 0.08939218454094268, 'max_depth': 9, 'min_child_weight': 16, 'eval_metric': 'logloss'}. Best is trial 46 with value: 0.91095.
start listen on 10.110.42.71:48229
@tracker All of 1 nodes getting started
@tracker All nodes finishes job
start listen on 10.110.42.71:57307
@tracker All of 1 nodes getting started
@tracker All nodes finishes job
start listen on 10.110.42.71:57809
@tracker All of 1 nodes getting started
@tracker All nodes finishes job
start listen on 10.110.42.71:36999
@tracker All of 1 nodes getting started
@tracker All nodes finishes job
start listen on 10.110.42.71:51073
@tracker All of 1 nodes getting started
@tracker All nodes finishes job
Trial 116 finished with value: 0.9099166666666667 and parameters: {'tree_method': 'gpu_hist', 'lambda': 0.3410227876035119, 'alpha': 0.0329492559867633, 'colsample_bytree': 0.581383873705051, 'subsample': 0.847990384215652, 'learning_rate': 0.07782509515116783, 'max_depth': 9, 'min_child_weight': 7, 'eval_metric': 'logloss'}. Best is trial 46 with value: 0.91095.
start listen on 10.110.42.71:43051
@tracker All of 1 nodes getting started
@tracker All nodes finishes job
start listen on 10.110.42.71:34599
@tracker All of 1 nodes getting started
@tracker All nodes finishes job
start listen on 10.110.42.71:50453
@tracker All of 1 nodes getting started
@tracker All nodes finishes job
start listen on 10.110.42.71:45307
@tracker All of 1 nodes getting started
@tracker All nodes finishes job
start listen on 10.110.42.71:60795
@tracker All of 1 nodes getting started
@tracker All nodes finishes job
Trial 117 finished with value: 0.9082 and parameters: {'tree_method': 'gpu_hist', 'lambda': 0.29520097411268587, 'alpha': 0.02978844136173949, 'colsample_bytree': 0.5394905613755647, 'subsample': 0.7840429414928288, 'learning_rate': 0.07601838803034867, 'max_depth': 9, 'min_child_weight': 24, 'eval_metric': 'logloss'}. Best is trial 46 with value: 0.91095.
start listen on 10.110.42.71:50701
@tracker All of 1 nodes getting started
@tracker All nodes finishes job
start listen on 10.110.42.71:40377
@tracker All of 1 nodes getting started
@tracker All nodes finishes job
start listen on 10.110.42.71:51199
@tracker All of 1 nodes getting started
@tracker All nodes finishes job
start listen on 10.110.42.71:39339
@tracker All of 1 nodes getting started
@tracker All nodes finishes job
start listen on 10.110.42.71:44605
@tracker All of 1 nodes getting started
@tracker All nodes finishes job
Trial 118 finished with value: 0.9107 and parameters: {'tree_method': 'gpu_hist', 'lambda': 0.21387626901313975, 'alpha': 0.04814926293566643, 'colsample_bytree': 0.5831503586542978, 'subsample': 0.896209530269217, 'learning_rate': 0.08040278033418936, 'max_depth': 9, 'min_child_weight': 6, 'eval_metric': 'logloss'}. Best is trial 46 with value: 0.91095.
start listen on 10.110.42.71:47741
@tracker All of 1 nodes getting started
@tracker All nodes finishes job
start listen on 10.110.42.71:53595
@tracker All of 1 nodes getting started
@tracker All nodes finishes job
start listen on 10.110.42.71:50789
@tracker All of 1 nodes getting started
@tracker All nodes finishes job
start listen on 10.110.42.71:60979
@tracker All of 1 nodes getting started
@tracker All nodes finishes job
start listen on 10.110.42.71:33459
@tracker All of 1 nodes getting started
@tracker All nodes finishes job
Trial 119 finished with value: 0.90925 and parameters: {'tree_method': 'gpu_hist', 'lambda': 0.2121662955869573, 'alpha': 0.0472569353686776, 'colsample_bytree': 0.575676221451853, 'subsample': 0.8483227804074503, 'learning_rate': 0.06822222009094954, 'max_depth': 15, 'min_child_weight': 10, 'eval_metric': 'logloss'}. Best is trial 46 with value: 0.91095.
start listen on 10.110.42.71:50309
@tracker All of 1 nodes getting started
@tracker All nodes finishes job
start listen on 10.110.42.71:44111
@tracker All of 1 nodes getting started
@tracker All nodes finishes job
start listen on 10.110.42.71:39231
@tracker All of 1 nodes getting started
@tracker All nodes finishes job
start listen on 10.110.42.71:60739
@tracker All of 1 nodes getting started
@tracker All nodes finishes job
start listen on 10.110.42.71:42771
@tracker All of 1 nodes getting started
@tracker All nodes finishes job
Trial 120 finished with value: 0.9091333333333333 and parameters: {'tree_method': 'gpu_hist', 'lambda': 0.1264259575225943, 'alpha': 0.023166848799020354, 'colsample_bytree': 0.5526859885844403, 'subsample': 0.8745622947960439, 'learning_rate': 0.05971019239490493, 'max_depth': 9, 'min_child_weight': 1, 'eval_metric': 'logloss'}. Best is trial 46 with value: 0.91095.
start listen on 10.110.42.71:44403
@tracker All of 1 nodes getting started
@tracker All nodes finishes job
start listen on 10.110.42.71:44119
@tracker All of 1 nodes getting started
@tracker All nodes finishes job
start listen on 10.110.42.71:53657
@tracker All of 1 nodes getting started
@tracker All nodes finishes job
start listen on 10.110.42.71:46373
@tracker All of 1 nodes getting started
@tracker All nodes finishes job
start listen on 10.110.42.71:39449
@tracker All of 1 nodes getting started
@tracker All nodes finishes job
Trial 121 finished with value: 0.907 and parameters: {'tree_method': 'gpu_hist', 'lambda': 6.320846304240402, 'alpha': 0.10224940056991262, 'colsample_bytree': 0.5211053926242654, 'subsample': 0.822342468752919, 'learning_rate': 0.09911666237122865, 'max_depth': 7, 'min_child_weight': 30, 'eval_metric': 'logloss'}. Best is trial 46 with value: 0.91095.
start listen on 10.110.42.71:50659
@tracker All of 1 nodes getting started
@tracker All nodes finishes job
start listen on 10.110.42.71:58227
@tracker All of 1 nodes getting started
@tracker All nodes finishes job
start listen on 10.110.42.71:46103
@tracker All of 1 nodes getting started
@tracker All nodes finishes job
start listen on 10.110.42.71:54707
@tracker All of 1 nodes getting started
@tracker All nodes finishes job
start listen on 10.110.42.71:55201
@tracker All of 1 nodes getting started
@tracker All nodes finishes job
Trial 122 finished with value: 0.90955 and parameters: {'tree_method': 'gpu_hist', 'lambda': 0.07749843556819275, 'alpha': 0.03539634108918101, 'colsample_bytree': 0.6198851563270058, 'subsample': 0.612562078398259, 'learning_rate': 0.07934192172438083, 'max_depth': 9, 'min_child_weight': 7, 'eval_metric': 'logloss'}. Best is trial 46 with value: 0.91095.
start listen on 10.110.42.71:49361
@tracker All of 1 nodes getting started
@tracker All nodes finishes job
start listen on 10.110.42.71:43317
@tracker All of 1 nodes getting started
@tracker All nodes finishes job
start listen on 10.110.42.71:55909
@tracker All of 1 nodes getting started
@tracker All nodes finishes job
start listen on 10.110.42.71:39177
@tracker All of 1 nodes getting started
@tracker All nodes finishes job
start listen on 10.110.42.71:35745
@tracker All of 1 nodes getting started
@tracker All nodes finishes job
Trial 123 finished with value: 0.9081166666666667 and parameters: {'tree_method': 'gpu_hist', 'lambda': 0.10034856823566893, 'alpha': 0.08058461540990981, 'colsample_bytree': 0.5878163899083833, 'subsample': 0.8123300921235127, 'learning_rate': 0.06561546200338389, 'max_depth': 13, 'min_child_weight': 21, 'eval_metric': 'logloss'}. Best is trial 46 with value: 0.91095.
start listen on 10.110.42.71:46827
@tracker All of 1 nodes getting started
@tracker All nodes finishes job
start listen on 10.110.42.71:32989
@tracker All of 1 nodes getting started
@tracker All nodes finishes job
start listen on 10.110.42.71:40025
@tracker All of 1 nodes getting started
@tracker All nodes finishes job
start listen on 10.110.42.71:51671
@tracker All of 1 nodes getting started
@tracker All nodes finishes job
start listen on 10.110.42.71:58255
@tracker All of 1 nodes getting started
@tracker All nodes finishes job
Trial 124 finished with value: 0.9090833333333334 and parameters: {'tree_method': 'gpu_hist', 'lambda': 0.4122036428452663, 'alpha': 0.030927735849848075, 'colsample_bytree': 0.5735685629580091, 'subsample': 0.8987984118511974, 'learning_rate': 0.0826626075253532, 'max_depth': 9, 'min_child_weight': 14, 'eval_metric': 'logloss'}. Best is trial 46 with value: 0.91095.
start listen on 10.110.42.71:39789
@tracker All of 1 nodes getting started
@tracker All nodes finishes job
start listen on 10.110.42.71:34093
@tracker All of 1 nodes getting started
@tracker All nodes finishes job
start listen on 10.110.42.71:54223
@tracker All of 1 nodes getting started
@tracker All nodes finishes job
start listen on 10.110.42.71:49741
@tracker All of 1 nodes getting started
@tracker All nodes finishes job
start listen on 10.110.42.71:52449
@tracker All of 1 nodes getting started
@tracker All nodes finishes job
Trial 125 finished with value: 0.9093833333333333 and parameters: {'tree_method': 'gpu_hist', 'lambda': 0.16742573776869626, 'alpha': 0.002661417565770385, 'colsample_bytree': 0.6400346965163293, 'subsample': 0.8890791405344491, 'learning_rate': 0.09163142573539736, 'max_depth': 9, 'min_child_weight': 17, 'eval_metric': 'logloss'}. Best is trial 46 with value: 0.91095.
start listen on 10.110.42.71:51887
@tracker All of 1 nodes getting started
@tracker All nodes finishes job
start listen on 10.110.42.71:60989
@tracker All of 1 nodes getting started
@tracker All nodes finishes job
start listen on 10.110.42.71:47447
@tracker All of 1 nodes getting started
@tracker All nodes finishes job
start listen on 10.110.42.71:50043
@tracker All of 1 nodes getting started
@tracker All nodes finishes job
start listen on 10.110.42.71:44077
@tracker All of 1 nodes getting started
@tracker All nodes finishes job
