Trial 316 finished with value: 0.8441166666666666 and parameters: {'tree_method': 'gpu_hist', 'lambda': 0.0005980630286744118, 'alpha': 0.0001633027470914666, 'colsample_bytree': 0.44501972208431384, 'subsample': 0.7469764437570363, 'learning_rate': 0.0018116436881084781, 'max_depth': 7, 'min_child_weight': 102, 'eval_metric': 'logloss'}. Best is trial 237 with value: 0.91155.
start listen on 10.110.42.71:41713
@tracker All of 1 nodes getting started
@tracker All nodes finishes job
start listen on 10.110.42.71:57783
@tracker All of 1 nodes getting started
@tracker All nodes finishes job
start listen on 10.110.42.71:50417
@tracker All of 1 nodes getting started
@tracker All nodes finishes job
start listen on 10.110.42.71:51883
@tracker All of 1 nodes getting started
@tracker All nodes finishes job
start listen on 10.110.42.71:59693
@tracker All of 1 nodes getting started
@tracker All nodes finishes job
Trial 317 finished with value: 0.90195 and parameters: {'tree_method': 'gpu_hist', 'lambda': 0.0001545706457307854, 'alpha': 0.0007637630669501601, 'colsample_bytree': 0.4742848785422339, 'subsample': 0.7659163999050074, 'learning_rate': 0.08600686849760686, 'max_depth': 3, 'min_child_weight': 16, 'eval_metric': 'logloss'}. Best is trial 237 with value: 0.91155.
start listen on 10.110.42.71:60801
@tracker All of 1 nodes getting started
@tracker All nodes finishes job
start listen on 10.110.42.71:56197
@tracker All of 1 nodes getting started
@tracker All nodes finishes job
start listen on 10.110.42.71:33547
@tracker All of 1 nodes getting started
@tracker All nodes finishes job
start listen on 10.110.42.71:58265
@tracker All of 1 nodes getting started
@tracker All nodes finishes job
start listen on 10.110.42.71:59881
@tracker All of 1 nodes getting started
@tracker All nodes finishes job
Trial 318 finished with value: 0.8760833333333333 and parameters: {'tree_method': 'gpu_hist', 'lambda': 0.00029611470468236784, 'alpha': 0.0002639650257678142, 'colsample_bytree': 0.39070786473917607, 'subsample': 0.8098591343373326, 'learning_rate': 0.0026297249553157045, 'max_depth': 7, 'min_child_weight': 1, 'eval_metric': 'logloss'}. Best is trial 237 with value: 0.91155.
start listen on 10.110.42.71:44547
@tracker All of 1 nodes getting started
@tracker All nodes finishes job
start listen on 10.110.42.71:40755
@tracker All of 1 nodes getting started
@tracker All nodes finishes job
start listen on 10.110.42.71:57667
@tracker All of 1 nodes getting started
@tracker All nodes finishes job
start listen on 10.110.42.71:58295
@tracker All of 1 nodes getting started
@tracker All nodes finishes job
start listen on 10.110.42.71:37621
@tracker All of 1 nodes getting started
@tracker All nodes finishes job
Trial 319 finished with value: 0.9098333333333334 and parameters: {'tree_method': 'gpu_hist', 'lambda': 0.0004255679186685085, 'alpha': 0.0004147406293168503, 'colsample_bytree': 0.4126566072350364, 'subsample': 0.7272298703893055, 'learning_rate': 0.09951883968261785, 'max_depth': 7, 'min_child_weight': 11, 'eval_metric': 'logloss'}. Best is trial 237 with value: 0.91155.
start listen on 10.110.42.71:33327
@tracker All of 1 nodes getting started
@tracker All nodes finishes job
start listen on 10.110.42.71:56251
@tracker All of 1 nodes getting started
@tracker All nodes finishes job
start listen on 10.110.42.71:58839
@tracker All of 1 nodes getting started
@tracker All nodes finishes job
start listen on 10.110.42.71:44599
@tracker All of 1 nodes getting started
@tracker All nodes finishes job
start listen on 10.110.42.71:56551
@tracker All of 1 nodes getting started
@tracker All nodes finishes job
Trial 320 finished with value: 0.9075 and parameters: {'tree_method': 'gpu_hist', 'lambda': 0.00020793696738562442, 'alpha': 0.00031787469443706455, 'colsample_bytree': 0.45240607540032673, 'subsample': 0.7486034722961736, 'learning_rate': 0.08036011510783198, 'max_depth': 15, 'min_child_weight': 24, 'eval_metric': 'logloss'}. Best is trial 237 with value: 0.91155.
start listen on 10.110.42.71:54777
@tracker All of 1 nodes getting started
@tracker All nodes finishes job
start listen on 10.110.42.71:42621
@tracker All of 1 nodes getting started
@tracker All nodes finishes job
start listen on 10.110.42.71:36965
@tracker All of 1 nodes getting started
@tracker All nodes finishes job
start listen on 10.110.42.71:41041
@tracker All of 1 nodes getting started
@tracker All nodes finishes job
start listen on 10.110.42.71:37785
@tracker All of 1 nodes getting started
@tracker All nodes finishes job
Trial 321 finished with value: 0.9103 and parameters: {'tree_method': 'gpu_hist', 'lambda': 0.0003245751175659185, 'alpha': 0.0002129963076487646, 'colsample_bytree': 0.43026257655224837, 'subsample': 0.70117286303134, 'learning_rate': 0.09241257595202891, 'max_depth': 7, 'min_child_weight': 6, 'eval_metric': 'logloss'}. Best is trial 237 with value: 0.91155.
start listen on 10.110.42.71:45529
@tracker All of 1 nodes getting started
@tracker All nodes finishes job
start listen on 10.110.42.71:42621
@tracker All of 1 nodes getting started
@tracker All nodes finishes job
start listen on 10.110.42.71:43427
@tracker All of 1 nodes getting started
@tracker All nodes finishes job
start listen on 10.110.42.71:49707
@tracker All of 1 nodes getting started
@tracker All nodes finishes job
start listen on 10.110.42.71:58563
@tracker All of 1 nodes getting started
@tracker All nodes finishes job
Trial 322 finished with value: 0.9109666666666667 and parameters: {'tree_method': 'gpu_hist', 'lambda': 0.00012146827896924692, 'alpha': 0.0006094456373193793, 'colsample_bytree': 0.38269640507247477, 'subsample': 0.7340858496493057, 'learning_rate': 0.08579462254472499, 'max_depth': 7, 'min_child_weight': 1, 'eval_metric': 'logloss'}. Best is trial 237 with value: 0.91155.
start listen on 10.110.42.71:36211
@tracker All of 1 nodes getting started
@tracker All nodes finishes job
start listen on 10.110.42.71:43033
@tracker All of 1 nodes getting started
@tracker All nodes finishes job
start listen on 10.110.42.71:58619
@tracker All of 1 nodes getting started
@tracker All nodes finishes job
start listen on 10.110.42.71:51955
@tracker All of 1 nodes getting started
@tracker All nodes finishes job
start listen on 10.110.42.71:38873
@tracker All of 1 nodes getting started
@tracker All nodes finishes job
Trial 323 finished with value: 0.909 and parameters: {'tree_method': 'gpu_hist', 'lambda': 0.000179644871599647, 'alpha': 0.00037833341745071734, 'colsample_bytree': 0.48585696815348356, 'subsample': 0.7603258862538155, 'learning_rate': 0.07553200691044488, 'max_depth': 7, 'min_child_weight': 12, 'eval_metric': 'logloss'}. Best is trial 237 with value: 0.91155.
start listen on 10.110.42.71:53111
@tracker All of 1 nodes getting started
@tracker All nodes finishes job
start listen on 10.110.42.71:59181
@tracker All of 1 nodes getting started
@tracker All nodes finishes job
start listen on 10.110.42.71:52797
@tracker All of 1 nodes getting started
@tracker All nodes finishes job
start listen on 10.110.42.71:44421
@tracker All of 1 nodes getting started
@tracker All nodes finishes job
start listen on 10.110.42.71:49449
@tracker All of 1 nodes getting started
@tracker All nodes finishes job
Trial 324 finished with value: 0.9100333333333334 and parameters: {'tree_method': 'gpu_hist', 'lambda': 0.00024359847937752537, 'alpha': 0.00026774652130733565, 'colsample_bytree': 0.401720048038418, 'subsample': 0.7887628366236433, 'learning_rate': 0.05983158179996153, 'max_depth': 7, 'min_child_weight': 6, 'eval_metric': 'logloss'}. Best is trial 237 with value: 0.91155.
start listen on 10.110.42.71:35113
@tracker All of 1 nodes getting started
@tracker All nodes finishes job
start listen on 10.110.42.71:51863
@tracker All of 1 nodes getting started
@tracker All nodes finishes job
start listen on 10.110.42.71:33465
@tracker All of 1 nodes getting started
@tracker All nodes finishes job
start listen on 10.110.42.71:36853
@tracker All of 1 nodes getting started
@tracker All nodes finishes job
start listen on 10.110.42.71:43231
@tracker All of 1 nodes getting started
@tracker All nodes finishes job
Trial 325 finished with value: 0.9092333333333333 and parameters: {'tree_method': 'gpu_hist', 'lambda': 0.00014890044176570755, 'alpha': 0.0004525494797864504, 'colsample_bytree': 0.3631781868907608, 'subsample': 0.7773190889152999, 'learning_rate': 0.09959497054625761, 'max_depth': 7, 'min_child_weight': 17, 'eval_metric': 'logloss'}. Best is trial 237 with value: 0.91155.
start listen on 10.110.42.71:57133
@tracker All of 1 nodes getting started
@tracker All nodes finishes job
start listen on 10.110.42.71:52761
@tracker All of 1 nodes getting started
@tracker All nodes finishes job
start listen on 10.110.42.71:49945
@tracker All of 1 nodes getting started
@tracker All nodes finishes job
start listen on 10.110.42.71:38297
@tracker All of 1 nodes getting started
@tracker All nodes finishes job
start listen on 10.110.42.71:44285
@tracker All of 1 nodes getting started
@tracker All nodes finishes job
Trial 326 finished with value: 0.9103333333333333 and parameters: {'tree_method': 'gpu_hist', 'lambda': 0.00020898034815984923, 'alpha': 0.00018987185859520536, 'colsample_bytree': 0.41453482812510517, 'subsample': 0.7120402758715911, 'learning_rate': 0.08409921843876089, 'max_depth': 7, 'min_child_weight': 7, 'eval_metric': 'logloss'}. Best is trial 237 with value: 0.91155.
start listen on 10.110.42.71:50865
@tracker All of 1 nodes getting started
@tracker All nodes finishes job
start listen on 10.110.42.71:38819
@tracker All of 1 nodes getting started
@tracker All nodes finishes job
start listen on 10.110.42.71:44993
@tracker All of 1 nodes getting started
@tracker All nodes finishes job
start listen on 10.110.42.71:46737
@tracker All of 1 nodes getting started
@tracker All nodes finishes job
start listen on 10.110.42.71:41137
@tracker All of 1 nodes getting started
@tracker All nodes finishes job
Trial 327 finished with value: 0.90815 and parameters: {'tree_method': 'gpu_hist', 'lambda': 0.0002826144908897544, 'alpha': 2.123342330850359, 'colsample_bytree': 0.46038927395236423, 'subsample': 0.7258987100614877, 'learning_rate': 0.06928168209006973, 'max_depth': 7, 'min_child_weight': 1, 'eval_metric': 'logloss'}. Best is trial 237 with value: 0.91155.
start listen on 10.110.42.71:56781
@tracker All of 1 nodes getting started
@tracker All nodes finishes job
start listen on 10.110.42.71:40013
@tracker All of 1 nodes getting started
@tracker All nodes finishes job
start listen on 10.110.42.71:35311
@tracker All of 1 nodes getting started
@tracker All nodes finishes job
start listen on 10.110.42.71:42943
@tracker All of 1 nodes getting started
@tracker All nodes finishes job
start listen on 10.110.42.71:53185
@tracker All of 1 nodes getting started
@tracker All nodes finishes job
Trial 328 finished with value: 0.9097333333333333 and parameters: {'tree_method': 'gpu_hist', 'lambda': 0.0003812592805790573, 'alpha': 0.0005444363251372251, 'colsample_bytree': 0.37707349734701273, 'subsample': 0.7731235916509479, 'learning_rate': 0.09236217916639494, 'max_depth': 7, 'min_child_weight': 10, 'eval_metric': 'logloss'}. Best is trial 237 with value: 0.91155.
start listen on 10.110.42.71:46345
@tracker All of 1 nodes getting started
@tracker All nodes finishes job
start listen on 10.110.42.71:37739
@tracker All of 1 nodes getting started
@tracker All nodes finishes job
start listen on 10.110.42.71:59611
@tracker All of 1 nodes getting started
@tracker All nodes finishes job
start listen on 10.110.42.71:45285
@tracker All of 1 nodes getting started
@tracker All nodes finishes job
start listen on 10.110.42.71:57321
@tracker All of 1 nodes getting started
@tracker All nodes finishes job
Trial 329 finished with value: 0.9114 and parameters: {'tree_method': 'gpu_hist', 'lambda': 0.00012051068205051016, 'alpha': 0.0003064071241489153, 'colsample_bytree': 0.3951244602137928, 'subsample': 0.7982343490264695, 'learning_rate': 0.07949771672130054, 'max_depth': 7, 'min_child_weight': 1, 'eval_metric': 'logloss'}. Best is trial 237 with value: 0.91155.
start listen on 10.110.42.71:45417
@tracker All of 1 nodes getting started
@tracker All nodes finishes job
start listen on 10.110.42.71:57073
@tracker All of 1 nodes getting started
@tracker All nodes finishes job
start listen on 10.110.42.71:43713
@tracker All of 1 nodes getting started
@tracker All nodes finishes job
start listen on 10.110.42.71:49343
@tracker All of 1 nodes getting started
@tracker All nodes finishes job
start listen on 10.110.42.71:35215
@tracker All of 1 nodes getting started
@tracker All nodes finishes job
Trial 330 finished with value: 0.90895 and parameters: {'tree_method': 'gpu_hist', 'lambda': 0.00011566387062229312, 'alpha': 0.00034696764590951435, 'colsample_bytree': 0.3955048531693952, 'subsample': 0.8022019314951115, 'learning_rate': 0.06526578558516247, 'max_depth': 7, 'min_child_weight': 13, 'eval_metric': 'logloss'}. Best is trial 237 with value: 0.91155.
start listen on 10.110.42.71:57817
@tracker All of 1 nodes getting started
@tracker All nodes finishes job
start listen on 10.110.42.71:36659
@tracker All of 1 nodes getting started
@tracker All nodes finishes job
start listen on 10.110.42.71:57747
@tracker All of 1 nodes getting started
@tracker All nodes finishes job
start listen on 10.110.42.71:42331
@tracker All of 1 nodes getting started
@tracker All nodes finishes job
start listen on 10.110.42.71:48525
@tracker All of 1 nodes getting started
@tracker All nodes finishes job
Trial 331 finished with value: 0.8889 and parameters: {'tree_method': 'gpu_hist', 'lambda': 0.000149405577828859, 'alpha': 0.00046399885613750174, 'colsample_bytree': 0.39396073939982, 'subsample': 0.795045920107208, 'learning_rate': 0.0767902834147614, 'max_depth': 7, 'min_child_weight': 251, 'eval_metric': 'logloss'}. Best is trial 237 with value: 0.91155.
start listen on 10.110.42.71:56579
@tracker All of 1 nodes getting started
@tracker All nodes finishes job
start listen on 10.110.42.71:34093
@tracker All of 1 nodes getting started
@tracker All nodes finishes job
start listen on 10.110.42.71:46107
@tracker All of 1 nodes getting started
@tracker All nodes finishes job
start listen on 10.110.42.71:40549
@tracker All of 1 nodes getting started
@tracker All nodes finishes job
start listen on 10.110.42.71:37777
@tracker All of 1 nodes getting started
@tracker All nodes finishes job
Trial 332 finished with value: 0.9078 and parameters: {'tree_method': 'gpu_hist', 'lambda': 0.00010444824979595425, 'alpha': 0.0012695774449458454, 'colsample_bytree': 0.32207685323898844, 'subsample': 0.8137462744922479, 'learning_rate': 0.07157933708280405, 'max_depth': 20, 'min_child_weight': 6, 'eval_metric': 'logloss'}. Best is trial 237 with value: 0.91155.
start listen on 10.110.42.71:50219
@tracker All of 1 nodes getting started
@tracker All nodes finishes job
start listen on 10.110.42.71:33911
@tracker All of 1 nodes getting started
@tracker All nodes finishes job
start listen on 10.110.42.71:41391
@tracker All of 1 nodes getting started
@tracker All nodes finishes job
start listen on 10.110.42.71:56751
@tracker All of 1 nodes getting started
@tracker All nodes finishes job
start listen on 10.110.42.71:55593
@tracker All of 1 nodes getting started
@tracker All nodes finishes job
Trial 333 finished with value: 0.9085 and parameters: {'tree_method': 'gpu_hist', 'lambda': 0.0001658527763682565, 'alpha': 0.000307975410574885, 'colsample_bytree': 0.30624189474098, 'subsample': 0.7381518444089249, 'learning_rate': 0.08029508863596378, 'max_depth': 13, 'min_child_weight': 20, 'eval_metric': 'logloss'}. Best is trial 237 with value: 0.91155.
start listen on 10.110.42.71:48227
@tracker All of 1 nodes getting started
@tracker All nodes finishes job
start listen on 10.110.42.71:37623
@tracker All of 1 nodes getting started
@tracker All nodes finishes job
start listen on 10.110.42.71:47279
@tracker All of 1 nodes getting started
@tracker All nodes finishes job
start listen on 10.110.42.71:59227
@tracker All of 1 nodes getting started
@tracker All nodes finishes job
start listen on 10.110.42.71:56725
@tracker All of 1 nodes getting started
@tracker All nodes finishes job
Trial 334 finished with value: 0.9114333333333333 and parameters: {'tree_method': 'gpu_hist', 'lambda': 0.0001301937464053623, 'alpha': 0.0001453619536071315, 'colsample_bytree': 0.4083003456111005, 'subsample': 0.7211569945598773, 'learning_rate': 0.08589045788787453, 'max_depth': 7, 'min_child_weight': 1, 'eval_metric': 'logloss'}. Best is trial 237 with value: 0.91155.
start listen on 10.110.42.71:48185
@tracker All of 1 nodes getting started
@tracker All nodes finishes job
start listen on 10.110.42.71:42069
@tracker All of 1 nodes getting started
@tracker All nodes finishes job
start listen on 10.110.42.71:52087
@tracker All of 1 nodes getting started
@tracker All nodes finishes job
start listen on 10.110.42.71:33435
@tracker All of 1 nodes getting started
@tracker All nodes finishes job
start listen on 10.110.42.71:53239
@tracker All of 1 nodes getting started
@tracker All nodes finishes job
Trial 335 finished with value: 0.9099166666666667 and parameters: {'tree_method': 'gpu_hist', 'lambda': 0.00012601150370006325, 'alpha': 0.00014792676109471397, 'colsample_bytree': 0.42183617719762556, 'subsample': 0.6933517149134951, 'learning_rate': 0.086705539387569, 'max_depth': 7, 'min_child_weight': 7, 'eval_metric': 'logloss'}. Best is trial 237 with value: 0.91155.
start listen on 10.110.42.71:43417
@tracker All of 1 nodes getting started
@tracker All nodes finishes job
start listen on 10.110.42.71:57331
@tracker All of 1 nodes getting started
@tracker All nodes finishes job
start listen on 10.110.42.71:35985
@tracker All of 1 nodes getting started
@tracker All nodes finishes job
start listen on 10.110.42.71:34229
@tracker All of 1 nodes getting started
@tracker All nodes finishes job
start listen on 10.110.42.71:41083
@tracker All of 1 nodes getting started
@tracker All nodes finishes job
Trial 336 finished with value: 0.9110166666666667 and parameters: {'tree_method': 'gpu_hist', 'lambda': 0.00013025480169372852, 'alpha': 0.00011297743632023409, 'colsample_bytree': 0.40599654688982384, 'subsample': 0.7114841739527847, 'learning_rate': 0.09250118918028168, 'max_depth': 7, 'min_child_weight': 1, 'eval_metric': 'logloss'}. Best is trial 237 with value: 0.91155.
start listen on 10.110.42.71:55497
@tracker All of 1 nodes getting started
@tracker All nodes finishes job
start listen on 10.110.42.71:48333
@tracker All of 1 nodes getting started
@tracker All nodes finishes job
start listen on 10.110.42.71:33055
@tracker All of 1 nodes getting started
@tracker All nodes finishes job
start listen on 10.110.42.71:51785
@tracker All of 1 nodes getting started
@tracker All nodes finishes job
start listen on 10.110.42.71:43731
@tracker All of 1 nodes getting started
@tracker All nodes finishes job
Trial 337 finished with value: 0.9094666666666666 and parameters: {'tree_method': 'gpu_hist', 'lambda': 0.00019231125601909923, 'alpha': 0.0006675627735680187, 'colsample_bytree': 0.3555994615114254, 'subsample': 0.7516729051855603, 'learning_rate': 0.07485450097570101, 'max_depth': 7, 'min_child_weight': 13, 'eval_metric': 'logloss'}. Best is trial 237 with value: 0.91155.
start listen on 10.110.42.71:34661
@tracker All of 1 nodes getting started
@tracker All nodes finishes job
start listen on 10.110.42.71:44573
@tracker All of 1 nodes getting started
@tracker All nodes finishes job
start listen on 10.110.42.71:46475
@tracker All of 1 nodes getting started
@tracker All nodes finishes job
start listen on 10.110.42.71:46889
@tracker All of 1 nodes getting started
@tracker All nodes finishes job
start listen on 10.110.42.71:44315
@tracker All of 1 nodes getting started
@tracker All nodes finishes job
Trial 338 finished with value: 0.9079 and parameters: {'tree_method': 'gpu_hist', 'lambda': 0.00015938413592604455, 'alpha': 0.00015448530648961778, 'colsample_bytree': 0.43030789691404453, 'subsample': 0.718947289674407, 'learning_rate': 0.08393415498585685, 'max_depth': 17, 'min_child_weight': 7, 'eval_metric': 'logloss'}. Best is trial 237 with value: 0.91155.
start listen on 10.110.42.71:52773
@tracker All of 1 nodes getting started
@tracker All nodes finishes job
start listen on 10.110.42.71:34561
@tracker All of 1 nodes getting started
@tracker All nodes finishes job
start listen on 10.110.42.71:59681
@tracker All of 1 nodes getting started
@tracker All nodes finishes job
start listen on 10.110.42.71:49801
@tracker All of 1 nodes getting started
@tracker All nodes finishes job
start listen on 10.110.42.71:40641
@tracker All of 1 nodes getting started
@tracker All nodes finishes job
Trial 339 finished with value: 0.9103166666666667 and parameters: {'tree_method': 'gpu_hist', 'lambda': 0.00010156682549711412, 'alpha': 0.0008618986688446192, 'colsample_bytree': 0.38318746512193114, 'subsample': 0.7852804614013065, 'learning_rate': 0.06457148184777055, 'max_depth': 7, 'min_child_weight': 1, 'eval_metric': 'logloss'}. Best is trial 237 with value: 0.91155.
start listen on 10.110.42.71:49449
@tracker All of 1 nodes getting started
@tracker All nodes finishes job
start listen on 10.110.42.71:50893
@tracker All of 1 nodes getting started
@tracker All nodes finishes job
start listen on 10.110.42.71:45611
@tracker All of 1 nodes getting started
@tracker All nodes finishes job
start listen on 10.110.42.71:45619
@tracker All of 1 nodes getting started
@tracker All nodes finishes job
start listen on 10.110.42.71:40967
@tracker All of 1 nodes getting started
@tracker All nodes finishes job
