Trial 576 finished with value: 0.9082333333333333 and parameters: {'tree_method': 'gpu_hist', 'lambda': 0.0002737469023315287, 'alpha': 0.00017684527513917302, 'colsample_bytree': 0.37195856312520936, 'subsample': 0.7503095200438529, 'learning_rate': 0.0876718300895021, 'max_depth': 7, 'min_child_weight': 21, 'eval_metric': 'logloss'}. Best is trial 478 with value: 0.91195.
start listen on 10.110.42.71:56187
@tracker All of 1 nodes getting started
@tracker All nodes finishes job
start listen on 10.110.42.71:60805
@tracker All of 1 nodes getting started
@tracker All nodes finishes job
start listen on 10.110.42.71:44103
@tracker All of 1 nodes getting started
@tracker All nodes finishes job
start listen on 10.110.42.71:52345
@tracker All of 1 nodes getting started
@tracker All nodes finishes job
start listen on 10.110.42.71:49231
@tracker All of 1 nodes getting started
@tracker All nodes finishes job
Trial 577 finished with value: 0.9107 and parameters: {'tree_method': 'gpu_hist', 'lambda': 0.00016639105669626604, 'alpha': 0.00033346012182998495, 'colsample_bytree': 0.41057232055680914, 'subsample': 0.9866191203278898, 'learning_rate': 0.09220912311199891, 'max_depth': 7, 'min_child_weight': 6, 'eval_metric': 'logloss'}. Best is trial 478 with value: 0.91195.
start listen on 10.110.42.71:44971
@tracker All of 1 nodes getting started
@tracker All nodes finishes job
start listen on 10.110.42.71:33623
@tracker All of 1 nodes getting started
@tracker All nodes finishes job
start listen on 10.110.42.71:56951
@tracker All of 1 nodes getting started
@tracker All nodes finishes job
start listen on 10.110.42.71:44203
@tracker All of 1 nodes getting started
@tracker All nodes finishes job
start listen on 10.110.42.71:37873
@tracker All of 1 nodes getting started
@tracker All nodes finishes job
Trial 578 finished with value: 0.9091166666666667 and parameters: {'tree_method': 'gpu_hist', 'lambda': 0.0002244639494429659, 'alpha': 0.00024811447909954055, 'colsample_bytree': 0.3895814383898315, 'subsample': 0.7048488931504133, 'learning_rate': 0.09927600138117852, 'max_depth': 7, 'min_child_weight': 14, 'eval_metric': 'logloss'}. Best is trial 478 with value: 0.91195.
start listen on 10.110.42.71:40043
@tracker All of 1 nodes getting started
@tracker All nodes finishes job
start listen on 10.110.42.71:50799
@tracker All of 1 nodes getting started
@tracker All nodes finishes job
start listen on 10.110.42.71:58821
@tracker All of 1 nodes getting started
@tracker All nodes finishes job
start listen on 10.110.42.71:60983
@tracker All of 1 nodes getting started
@tracker All nodes finishes job
start listen on 10.110.42.71:48345
@tracker All of 1 nodes getting started
@tracker All nodes finishes job
Trial 579 finished with value: 0.9077166666666666 and parameters: {'tree_method': 'gpu_hist', 'lambda': 0.00018335171836457144, 'alpha': 0.00029232119957644885, 'colsample_bytree': 0.4015159005404472, 'subsample': 0.7351357929999339, 'learning_rate': 0.07771029204200106, 'max_depth': 7, 'min_child_weight': 28, 'eval_metric': 'logloss'}. Best is trial 478 with value: 0.91195.
start listen on 10.110.42.71:36661
@tracker All of 1 nodes getting started
@tracker All nodes finishes job
start listen on 10.110.42.71:40657
@tracker All of 1 nodes getting started
@tracker All nodes finishes job
start listen on 10.110.42.71:59729
@tracker All of 1 nodes getting started
@tracker All nodes finishes job
start listen on 10.110.42.71:46169
@tracker All of 1 nodes getting started
@tracker All nodes finishes job
start listen on 10.110.42.71:38685
@tracker All of 1 nodes getting started
@tracker All nodes finishes job
Trial 580 finished with value: 0.91065 and parameters: {'tree_method': 'gpu_hist', 'lambda': 0.0004009153026110025, 'alpha': 0.00010087297179217414, 'colsample_bytree': 0.36182457832718884, 'subsample': 0.7236988729878383, 'learning_rate': 0.0840786397335555, 'max_depth': 7, 'min_child_weight': 6, 'eval_metric': 'logloss'}. Best is trial 478 with value: 0.91195.
start listen on 10.110.42.71:42899
@tracker All of 1 nodes getting started
@tracker All nodes finishes job
start listen on 10.110.42.71:45339
@tracker All of 1 nodes getting started
@tracker All nodes finishes job
start listen on 10.110.42.71:44581
@tracker All of 1 nodes getting started
@tracker All nodes finishes job
start listen on 10.110.42.71:54451
@tracker All of 1 nodes getting started
@tracker All nodes finishes job
start listen on 10.110.42.71:44893
@tracker All of 1 nodes getting started
@tracker All nodes finishes job
Trial 581 finished with value: 0.9109166666666667 and parameters: {'tree_method': 'gpu_hist', 'lambda': 0.00013541564910823667, 'alpha': 0.00022162025179653407, 'colsample_bytree': 0.4117371627247821, 'subsample': 0.7456786196355679, 'learning_rate': 0.09178824122509939, 'max_depth': 7, 'min_child_weight': 1, 'eval_metric': 'logloss'}. Best is trial 478 with value: 0.91195.
start listen on 10.110.42.71:56135
@tracker All of 1 nodes getting started
@tracker All nodes finishes job
start listen on 10.110.42.71:34007
@tracker All of 1 nodes getting started
@tracker All nodes finishes job
start listen on 10.110.42.71:45265
@tracker All of 1 nodes getting started
@tracker All nodes finishes job
start listen on 10.110.42.71:37787
@tracker All of 1 nodes getting started
@tracker All nodes finishes job
start listen on 10.110.42.71:49035
@tracker All of 1 nodes getting started
@tracker All nodes finishes job
Trial 582 finished with value: 0.9091833333333333 and parameters: {'tree_method': 'gpu_hist', 'lambda': 0.0002620560770874361, 'alpha': 0.000369593799980703, 'colsample_bytree': 0.37914976569511666, 'subsample': 0.7566394707529134, 'learning_rate': 0.07683047522843216, 'max_depth': 7, 'min_child_weight': 12, 'eval_metric': 'logloss'}. Best is trial 478 with value: 0.91195.
start listen on 10.110.42.71:41109
@tracker All of 1 nodes getting started
@tracker All nodes finishes job
start listen on 10.110.42.71:56021
@tracker All of 1 nodes getting started
@tracker All nodes finishes job
start listen on 10.110.42.71:58871
@tracker All of 1 nodes getting started
@tracker All nodes finishes job
start listen on 10.110.42.71:33811
@tracker All of 1 nodes getting started
@tracker All nodes finishes job
start listen on 10.110.42.71:39625
@tracker All of 1 nodes getting started
@tracker All nodes finishes job
Trial 583 finished with value: 0.8952333333333333 and parameters: {'tree_method': 'gpu_hist', 'lambda': 0.00014671573829935005, 'alpha': 0.00013853983222140845, 'colsample_bytree': 0.4169732853510622, 'subsample': 0.8045821493848762, 'learning_rate': 0.005183265397763678, 'max_depth': 13, 'min_child_weight': 1, 'eval_metric': 'logloss'}. Best is trial 478 with value: 0.91195.
start listen on 10.110.42.71:55673
@tracker All of 1 nodes getting started
@tracker All nodes finishes job
start listen on 10.110.42.71:39601
@tracker All of 1 nodes getting started
@tracker All nodes finishes job
start listen on 10.110.42.71:52919
@tracker All of 1 nodes getting started
@tracker All nodes finishes job
start listen on 10.110.42.71:60197
@tracker All of 1 nodes getting started
@tracker All nodes finishes job
start listen on 10.110.42.71:42123
@tracker All of 1 nodes getting started
@tracker All nodes finishes job
Trial 584 finished with value: 0.9098833333333334 and parameters: {'tree_method': 'gpu_hist', 'lambda': 0.00019895519026606281, 'alpha': 0.00019581975246507526, 'colsample_bytree': 0.39178493938517583, 'subsample': 0.6808054335588728, 'learning_rate': 0.08609075909764279, 'max_depth': 7, 'min_child_weight': 7, 'eval_metric': 'logloss'}. Best is trial 478 with value: 0.91195.
start listen on 10.110.42.71:43871
@tracker All of 1 nodes getting started
@tracker All nodes finishes job
start listen on 10.110.42.71:40153
@tracker All of 1 nodes getting started
@tracker All nodes finishes job
start listen on 10.110.42.71:59501
@tracker All of 1 nodes getting started
@tracker All nodes finishes job
start listen on 10.110.42.71:55651
@tracker All of 1 nodes getting started
@tracker All nodes finishes job
start listen on 10.110.42.71:50715
@tracker All of 1 nodes getting started
@tracker All nodes finishes job
Trial 585 finished with value: 0.9074166666666666 and parameters: {'tree_method': 'gpu_hist', 'lambda': 0.0003225138824177632, 'alpha': 0.0003050295913067452, 'colsample_bytree': 0.40468037000449114, 'subsample': 0.6980683249535159, 'learning_rate': 0.09957562490790528, 'max_depth': 20, 'min_child_weight': 11, 'eval_metric': 'logloss'}. Best is trial 478 with value: 0.91195.
start listen on 10.110.42.71:55291
@tracker All of 1 nodes getting started
@tracker All nodes finishes job
start listen on 10.110.42.71:33445
@tracker All of 1 nodes getting started
@tracker All nodes finishes job
start listen on 10.110.42.71:49691
@tracker All of 1 nodes getting started
@tracker All nodes finishes job
start listen on 10.110.42.71:58771
@tracker All of 1 nodes getting started
@tracker All nodes finishes job
start listen on 10.110.42.71:35531
@tracker All of 1 nodes getting started
@tracker All nodes finishes job
Trial 586 finished with value: 0.81735 and parameters: {'tree_method': 'gpu_hist', 'lambda': 0.00014009819536888008, 'alpha': 0.0003961446118997162, 'colsample_bytree': 0.4174820964383111, 'subsample': 0.71410365077959, 'learning_rate': 0.0012994622063639113, 'max_depth': 7, 'min_child_weight': 241, 'eval_metric': 'logloss'}. Best is trial 478 with value: 0.91195.
start listen on 10.110.42.71:55553
@tracker All of 1 nodes getting started
@tracker All nodes finishes job
start listen on 10.110.42.71:38705
@tracker All of 1 nodes getting started
@tracker All nodes finishes job
start listen on 10.110.42.71:41303
@tracker All of 1 nodes getting started
@tracker All nodes finishes job
start listen on 10.110.42.71:37107
@tracker All of 1 nodes getting started
@tracker All nodes finishes job
start listen on 10.110.42.71:37241
@tracker All of 1 nodes getting started
@tracker All nodes finishes job
Trial 587 finished with value: 0.9096333333333333 and parameters: {'tree_method': 'gpu_hist', 'lambda': 0.00018268082869141056, 'alpha': 0.0002450251718138736, 'colsample_bytree': 0.3707952793255788, 'subsample': 0.7282894912744131, 'learning_rate': 0.0855342227747543, 'max_depth': 7, 'min_child_weight': 17, 'eval_metric': 'logloss'}. Best is trial 478 with value: 0.91195.
start listen on 10.110.42.71:50795
@tracker All of 1 nodes getting started
@tracker All nodes finishes job
start listen on 10.110.42.71:49485
@tracker All of 1 nodes getting started
@tracker All nodes finishes job
start listen on 10.110.42.71:55713
@tracker All of 1 nodes getting started
@tracker All nodes finishes job
start listen on 10.110.42.71:55323
@tracker All of 1 nodes getting started
@tracker All nodes finishes job
start listen on 10.110.42.71:39129
@tracker All of 1 nodes getting started
@tracker All nodes finishes job
Trial 588 finished with value: 0.9113 and parameters: {'tree_method': 'gpu_hist', 'lambda': 0.00023479639728187074, 'alpha': 0.00017926278999012124, 'colsample_bytree': 0.39345398305378776, 'subsample': 0.7360331582501046, 'learning_rate': 0.09974637089569595, 'max_depth': 7, 'min_child_weight': 1, 'eval_metric': 'logloss'}. Best is trial 478 with value: 0.91195.
start listen on 10.110.42.71:57973
@tracker All of 1 nodes getting started
@tracker All nodes finishes job
start listen on 10.110.42.71:54105
@tracker All of 1 nodes getting started
@tracker All nodes finishes job
start listen on 10.110.42.71:52283
@tracker All of 1 nodes getting started
@tracker All nodes finishes job
start listen on 10.110.42.71:42457
@tracker All of 1 nodes getting started
@tracker All nodes finishes job
start listen on 10.110.42.71:38829
@tracker All of 1 nodes getting started
@tracker All nodes finishes job
Trial 589 finished with value: 0.9084333333333333 and parameters: {'tree_method': 'gpu_hist', 'lambda': 0.00033766725553834633, 'alpha': 0.00013867490780261418, 'colsample_bytree': 0.348227754396519, 'subsample': 0.7565130640364238, 'learning_rate': 0.09342404449833187, 'max_depth': 17, 'min_child_weight': 6, 'eval_metric': 'logloss'}. Best is trial 478 with value: 0.91195.
start listen on 10.110.42.71:35855
@tracker All of 1 nodes getting started
@tracker All nodes finishes job
start listen on 10.110.42.71:54661
@tracker All of 1 nodes getting started
@tracker All nodes finishes job
start listen on 10.110.42.71:53527
@tracker All of 1 nodes getting started
@tracker All nodes finishes job
start listen on 10.110.42.71:46647
@tracker All of 1 nodes getting started
@tracker All nodes finishes job
start listen on 10.110.42.71:58899
@tracker All of 1 nodes getting started
@tracker All nodes finishes job
Trial 590 finished with value: 0.9108166666666667 and parameters: {'tree_method': 'gpu_hist', 'lambda': 0.00047508534732945473, 'alpha': 0.0001658477041158841, 'colsample_bytree': 0.3824386171532551, 'subsample': 0.7419413198134884, 'learning_rate': 0.091564359440824, 'max_depth': 7, 'min_child_weight': 1, 'eval_metric': 'logloss'}. Best is trial 478 with value: 0.91195.
start listen on 10.110.42.71:52923
@tracker All of 1 nodes getting started
@tracker All nodes finishes job
start listen on 10.110.42.71:43565
@tracker All of 1 nodes getting started
@tracker All nodes finishes job
start listen on 10.110.42.71:43759
@tracker All of 1 nodes getting started
@tracker All nodes finishes job
start listen on 10.110.42.71:52387
@tracker All of 1 nodes getting started
@tracker All nodes finishes job
start listen on 10.110.42.71:59333
@tracker All of 1 nodes getting started
@tracker All nodes finishes job
Trial 591 finished with value: 0.9097 and parameters: {'tree_method': 'gpu_hist', 'lambda': 0.06404828438000656, 'alpha': 0.00017170537673182257, 'colsample_bytree': 0.38953414156660005, 'subsample': 0.7907084716816044, 'learning_rate': 0.09989868553728636, 'max_depth': 7, 'min_child_weight': 10, 'eval_metric': 'logloss'}. Best is trial 478 with value: 0.91195.
start listen on 10.110.42.71:40779
@tracker All of 1 nodes getting started
@tracker All nodes finishes job
start listen on 10.110.42.71:37193
@tracker All of 1 nodes getting started
@tracker All nodes finishes job
start listen on 10.110.42.71:55035
@tracker All of 1 nodes getting started
@tracker All nodes finishes job
start listen on 10.110.42.71:42721
@tracker All of 1 nodes getting started
@tracker All nodes finishes job
start listen on 10.110.42.71:36117
@tracker All of 1 nodes getting started
@tracker All nodes finishes job
Trial 592 finished with value: 0.9091166666666667 and parameters: {'tree_method': 'gpu_hist', 'lambda': 0.004993220465706933, 'alpha': 0.00010244824822279854, 'colsample_bytree': 0.47912728425515366, 'subsample': 0.7664178652073453, 'learning_rate': 0.09924120707061575, 'max_depth': 7, 'min_child_weight': 18, 'eval_metric': 'logloss'}. Best is trial 478 with value: 0.91195.
start listen on 10.110.42.71:33217
@tracker All of 1 nodes getting started
@tracker All nodes finishes job
start listen on 10.110.42.71:39881
@tracker All of 1 nodes getting started
@tracker All nodes finishes job
start listen on 10.110.42.71:35149
@tracker All of 1 nodes getting started
@tracker All nodes finishes job
start listen on 10.110.42.71:41251
@tracker All of 1 nodes getting started
@tracker All nodes finishes job
start listen on 10.110.42.71:40601
@tracker All of 1 nodes getting started
@tracker All nodes finishes job
Trial 593 finished with value: 0.9098666666666667 and parameters: {'tree_method': 'gpu_hist', 'lambda': 0.00023846565945402382, 'alpha': 0.00018744422722291048, 'colsample_bytree': 0.3666360021551089, 'subsample': 0.7403275850374206, 'learning_rate': 0.08133826234796013, 'max_depth': 7, 'min_child_weight': 6, 'eval_metric': 'logloss'}. Best is trial 478 with value: 0.91195.
start listen on 10.110.42.71:39571
@tracker All of 1 nodes getting started
@tracker All nodes finishes job
start listen on 10.110.42.71:40753
@tracker All of 1 nodes getting started
@tracker All nodes finishes job
start listen on 10.110.42.71:32791
@tracker All of 1 nodes getting started
@tracker All nodes finishes job
start listen on 10.110.42.71:60131
@tracker All of 1 nodes getting started
@tracker All nodes finishes job
start listen on 10.110.42.71:38697
@tracker All of 1 nodes getting started
@tracker All nodes finishes job
Trial 594 finished with value: 0.9086333333333333 and parameters: {'tree_method': 'gpu_hist', 'lambda': 0.0002584666896294798, 'alpha': 0.00022032550987121787, 'colsample_bytree': 0.5139389759330502, 'subsample': 0.7793094469682484, 'learning_rate': 0.07345002539193675, 'max_depth': 11, 'min_child_weight': 1, 'eval_metric': 'logloss'}. Best is trial 478 with value: 0.91195.
start listen on 10.110.42.71:60435
@tracker All of 1 nodes getting started
@tracker All nodes finishes job
start listen on 10.110.42.71:49463
@tracker All of 1 nodes getting started
@tracker All nodes finishes job
start listen on 10.110.42.71:56715
@tracker All of 1 nodes getting started
@tracker All nodes finishes job
start listen on 10.110.42.71:54229
@tracker All of 1 nodes getting started
@tracker All nodes finishes job
start listen on 10.110.42.71:58501
@tracker All of 1 nodes getting started
@tracker All nodes finishes job
Trial 595 finished with value: 0.9090833333333334 and parameters: {'tree_method': 'gpu_hist', 'lambda': 0.00037072450293138557, 'alpha': 0.00012720923645778646, 'colsample_bytree': 0.3990816284252798, 'subsample': 0.7558578753789057, 'learning_rate': 0.09033416000642407, 'max_depth': 5, 'min_child_weight': 13, 'eval_metric': 'logloss'}. Best is trial 478 with value: 0.91195.
start listen on 10.110.42.71:33381
@tracker All of 1 nodes getting started
@tracker All nodes finishes job
start listen on 10.110.42.71:56045
@tracker All of 1 nodes getting started
@tracker All nodes finishes job
start listen on 10.110.42.71:51943
@tracker All of 1 nodes getting started
@tracker All nodes finishes job
start listen on 10.110.42.71:58439
@tracker All of 1 nodes getting started
@tracker All nodes finishes job
start listen on 10.110.42.71:59665
@tracker All of 1 nodes getting started
@tracker All nodes finishes job
Trial 596 finished with value: 0.9107166666666666 and parameters: {'tree_method': 'gpu_hist', 'lambda': 0.00029066320741108427, 'alpha': 0.0003628212919480236, 'colsample_bytree': 0.4229404245625021, 'subsample': 0.8021023009530363, 'learning_rate': 0.08224998997052753, 'max_depth': 7, 'min_child_weight': 7, 'eval_metric': 'logloss'}. Best is trial 478 with value: 0.91195.
start listen on 10.110.42.71:49269
@tracker All of 1 nodes getting started
@tracker All nodes finishes job
start listen on 10.110.42.71:54733
@tracker All of 1 nodes getting started
@tracker All nodes finishes job
start listen on 10.110.42.71:36937
@tracker All of 1 nodes getting started
@tracker All nodes finishes job
start listen on 10.110.42.71:34367
@tracker All of 1 nodes getting started
@tracker All nodes finishes job
start listen on 10.110.42.71:38157
@tracker All of 1 nodes getting started
@tracker All nodes finishes job
Trial 597 finished with value: 0.9104 and parameters: {'tree_method': 'gpu_hist', 'lambda': 0.00020318746250128344, 'alpha': 0.0004649992636143101, 'colsample_bytree': 0.41174648837715355, 'subsample': 0.821836857409126, 'learning_rate': 0.09114849974212855, 'max_depth': 7, 'min_child_weight': 6, 'eval_metric': 'logloss'}. Best is trial 478 with value: 0.91195.
start listen on 10.110.42.71:38321
@tracker All of 1 nodes getting started
@tracker All nodes finishes job
start listen on 10.110.42.71:52123
@tracker All of 1 nodes getting started
@tracker All nodes finishes job
start listen on 10.110.42.71:54461
@tracker All of 1 nodes getting started
@tracker All nodes finishes job
start listen on 10.110.42.71:56261
@tracker All of 1 nodes getting started
@tracker All nodes finishes job
start listen on 10.110.42.71:46593
@tracker All of 1 nodes getting started
@tracker All nodes finishes job
Trial 598 finished with value: 0.9091666666666667 and parameters: {'tree_method': 'gpu_hist', 'lambda': 0.0002105272246789264, 'alpha': 0.00029935476864293564, 'colsample_bytree': 0.4312004013162203, 'subsample': 0.7265674637303313, 'learning_rate': 0.07428006601769369, 'max_depth': 7, 'min_child_weight': 12, 'eval_metric': 'logloss'}. Best is trial 478 with value: 0.91195.
start listen on 10.110.42.71:49851
@tracker All of 1 nodes getting started
@tracker All nodes finishes job
start listen on 10.110.42.71:52283
@tracker All of 1 nodes getting started
@tracker All nodes finishes job
start listen on 10.110.42.71:56585
@tracker All of 1 nodes getting started
@tracker All nodes finishes job
start listen on 10.110.42.71:59921
@tracker All of 1 nodes getting started
@tracker All nodes finishes job
start listen on 10.110.42.71:43391
@tracker All of 1 nodes getting started
@tracker All nodes finishes job
Trial 599 finished with value: 0.90075 and parameters: {'tree_method': 'gpu_hist', 'lambda': 0.0005968577704753401, 'alpha': 0.0002513285092627161, 'colsample_bytree': 0.46500354916131603, 'subsample': 0.7740036852202187, 'learning_rate': 0.011615213159944715, 'max_depth': 7, 'min_child_weight': 1, 'eval_metric': 'logloss'}. Best is trial 478 with value: 0.91195.
start listen on 10.110.42.71:57853
@tracker All of 1 nodes getting started
@tracker All nodes finishes job
start listen on 10.110.42.71:36977
@tracker All of 1 nodes getting started
@tracker All nodes finishes job
start listen on 10.110.42.71:50731
@tracker All of 1 nodes getting started
@tracker All nodes finishes job
start listen on 10.110.42.71:44161
@tracker All of 1 nodes getting started
@tracker All nodes finishes job
start listen on 10.110.42.71:53577
@tracker All of 1 nodes getting started
@tracker All nodes finishes job
