Trial 720 finished with value: 0.9081833333333333 and parameters: {'tree_method': 'gpu_hist', 'lambda': 0.00013110771026498457, 'alpha': 0.0007950711845802248, 'colsample_bytree': 0.48166194524741546, 'subsample': 0.7259382669413833, 'learning_rate': 0.07570567820514813, 'max_depth': 5, 'min_child_weight': 15, 'eval_metric': 'logloss'}. Best is trial 478 with value: 0.91195.
start listen on 10.110.42.71:43151
@tracker All of 1 nodes getting started
@tracker All nodes finishes job
start listen on 10.110.42.71:39487
@tracker All of 1 nodes getting started
@tracker All nodes finishes job
start listen on 10.110.42.71:41151
@tracker All of 1 nodes getting started
@tracker All nodes finishes job
start listen on 10.110.42.71:58277
@tracker All of 1 nodes getting started
@tracker All nodes finishes job
start listen on 10.110.42.71:37209
@tracker All of 1 nodes getting started
@tracker All nodes finishes job
Trial 721 finished with value: 0.9107333333333333 and parameters: {'tree_method': 'gpu_hist', 'lambda': 0.00010142059087161726, 'alpha': 0.0006006691764264154, 'colsample_bytree': 0.4552885399028598, 'subsample': 0.9855594249654501, 'learning_rate': 0.08631190751760878, 'max_depth': 7, 'min_child_weight': 7, 'eval_metric': 'logloss'}. Best is trial 478 with value: 0.91195.
start listen on 10.110.42.71:45071
@tracker All of 1 nodes getting started
@tracker All nodes finishes job
start listen on 10.110.42.71:51153
@tracker All of 1 nodes getting started
@tracker All nodes finishes job
start listen on 10.110.42.71:42379
@tracker All of 1 nodes getting started
@tracker All nodes finishes job
start listen on 10.110.42.71:55795
@tracker All of 1 nodes getting started
@tracker All nodes finishes job
start listen on 10.110.42.71:51683
@tracker All of 1 nodes getting started
@tracker All nodes finishes job
Trial 722 finished with value: 0.9106666666666666 and parameters: {'tree_method': 'gpu_hist', 'lambda': 1.928583608020035, 'alpha': 0.0007058529622517438, 'colsample_bytree': 0.4614954458784176, 'subsample': 0.93208572158942, 'learning_rate': 0.07913114032656648, 'max_depth': 7, 'min_child_weight': 6, 'eval_metric': 'logloss'}. Best is trial 478 with value: 0.91195.
start listen on 10.110.42.71:57187
@tracker All of 1 nodes getting started
@tracker All nodes finishes job
start listen on 10.110.42.71:60007
@tracker All of 1 nodes getting started
@tracker All nodes finishes job
start listen on 10.110.42.71:56473
@tracker All of 1 nodes getting started
@tracker All nodes finishes job
start listen on 10.110.42.71:46575
@tracker All of 1 nodes getting started
@tracker All nodes finishes job
start listen on 10.110.42.71:34845
@tracker All of 1 nodes getting started
@tracker All nodes finishes job
Trial 723 finished with value: 0.90915 and parameters: {'tree_method': 'gpu_hist', 'lambda': 0.00014297684753331887, 'alpha': 0.0005154624233136231, 'colsample_bytree': 0.4733238888219874, 'subsample': 0.5564518731791963, 'learning_rate': 0.09049816705521711, 'max_depth': 7, 'min_child_weight': 11, 'eval_metric': 'logloss'}. Best is trial 478 with value: 0.91195.
start listen on 10.110.42.71:38205
@tracker All of 1 nodes getting started
@tracker All nodes finishes job
start listen on 10.110.42.71:59665
@tracker All of 1 nodes getting started
@tracker All nodes finishes job
start listen on 10.110.42.71:54689
@tracker All of 1 nodes getting started
@tracker All nodes finishes job
start listen on 10.110.42.71:33635
@tracker All of 1 nodes getting started
@tracker All nodes finishes job
start listen on 10.110.42.71:54355
@tracker All of 1 nodes getting started
@tracker All nodes finishes job
Trial 724 finished with value: 0.9082666666666667 and parameters: {'tree_method': 'gpu_hist', 'lambda': 0.00019744384876005844, 'alpha': 0.00034747260396869405, 'colsample_bytree': 0.44394380680198897, 'subsample': 0.676022725490745, 'learning_rate': 0.09202948370117094, 'max_depth': 7, 'min_child_weight': 21, 'eval_metric': 'logloss'}. Best is trial 478 with value: 0.91195.
start listen on 10.110.42.71:49757
@tracker All of 1 nodes getting started
@tracker All nodes finishes job
start listen on 10.110.42.71:37527
@tracker All of 1 nodes getting started
@tracker All nodes finishes job
start listen on 10.110.42.71:51211
@tracker All of 1 nodes getting started
@tracker All nodes finishes job
start listen on 10.110.42.71:43755
@tracker All of 1 nodes getting started
@tracker All nodes finishes job
start listen on 10.110.42.71:35277
@tracker All of 1 nodes getting started
@tracker All nodes finishes job
Trial 725 finished with value: 0.9034333333333333 and parameters: {'tree_method': 'gpu_hist', 'lambda': 0.00013181991786391905, 'alpha': 0.00046143389641129786, 'colsample_bytree': 0.4578614581314803, 'subsample': 0.7419303797261729, 'learning_rate': 0.08246352585474906, 'max_depth': 3, 'min_child_weight': 1, 'eval_metric': 'logloss'}. Best is trial 478 with value: 0.91195.
start listen on 10.110.42.71:37599
@tracker All of 1 nodes getting started
@tracker All nodes finishes job
start listen on 10.110.42.71:60309
@tracker All of 1 nodes getting started
@tracker All nodes finishes job
start listen on 10.110.42.71:51099
@tracker All of 1 nodes getting started
@tracker All nodes finishes job
start listen on 10.110.42.71:33131
@tracker All of 1 nodes getting started
@tracker All nodes finishes job
start listen on 10.110.42.71:36873
@tracker All of 1 nodes getting started
@tracker All nodes finishes job
Trial 726 finished with value: 0.9092666666666667 and parameters: {'tree_method': 'gpu_hist', 'lambda': 0.00017497046422641955, 'alpha': 0.0005768543632191346, 'colsample_bytree': 0.43552957753663923, 'subsample': 0.6428311650811358, 'learning_rate': 0.0926666426590225, 'max_depth': 7, 'min_child_weight': 11, 'eval_metric': 'logloss'}. Best is trial 478 with value: 0.91195.
start listen on 10.110.42.71:57001
@tracker All of 1 nodes getting started
@tracker All nodes finishes job
start listen on 10.110.42.71:56255
@tracker All of 1 nodes getting started
@tracker All nodes finishes job
start listen on 10.110.42.71:46261
@tracker All of 1 nodes getting started
@tracker All nodes finishes job
start listen on 10.110.42.71:53435
@tracker All of 1 nodes getting started
@tracker All nodes finishes job
start listen on 10.110.42.71:49131
@tracker All of 1 nodes getting started
@tracker All nodes finishes job
Trial 727 finished with value: 0.9109333333333334 and parameters: {'tree_method': 'gpu_hist', 'lambda': 0.00022127604591267144, 'alpha': 0.00030179881609448175, 'colsample_bytree': 0.4432171841059856, 'subsample': 0.7715283349684611, 'learning_rate': 0.09206887783679882, 'max_depth': 7, 'min_child_weight': 1, 'eval_metric': 'logloss'}. Best is trial 478 with value: 0.91195.
start listen on 10.110.42.71:41585
@tracker All of 1 nodes getting started
@tracker All nodes finishes job
start listen on 10.110.42.71:48159
@tracker All of 1 nodes getting started
@tracker All nodes finishes job
start listen on 10.110.42.71:43899
@tracker All of 1 nodes getting started
@tracker All nodes finishes job
start listen on 10.110.42.71:53481
@tracker All of 1 nodes getting started
@tracker All nodes finishes job
start listen on 10.110.42.71:54767
@tracker All of 1 nodes getting started
@tracker All nodes finishes job
Trial 728 finished with value: 0.9098166666666667 and parameters: {'tree_method': 'gpu_hist', 'lambda': 0.00010085734840689738, 'alpha': 0.0004530150325552164, 'colsample_bytree': 0.4771779919385052, 'subsample': 0.7346465110209892, 'learning_rate': 0.09135877809325145, 'max_depth': 7, 'min_child_weight': 7, 'eval_metric': 'logloss'}. Best is trial 478 with value: 0.91195.
start listen on 10.110.42.71:51407
@tracker All of 1 nodes getting started
@tracker All nodes finishes job
start listen on 10.110.42.71:53715
@tracker All of 1 nodes getting started
@tracker All nodes finishes job
start listen on 10.110.42.71:41647
@tracker All of 1 nodes getting started
@tracker All nodes finishes job
start listen on 10.110.42.71:60321
@tracker All of 1 nodes getting started
@tracker All nodes finishes job
start listen on 10.110.42.71:59147
@tracker All of 1 nodes getting started
@tracker All nodes finishes job
Trial 729 finished with value: 0.9084333333333333 and parameters: {'tree_method': 'gpu_hist', 'lambda': 0.0001245900821705771, 'alpha': 0.0009325237356808243, 'colsample_bytree': 0.375877719953174, 'subsample': 0.7498591006921747, 'learning_rate': 0.09979727605090719, 'max_depth': 9, 'min_child_weight': 16, 'eval_metric': 'logloss'}. Best is trial 478 with value: 0.91195.
start listen on 10.110.42.71:37713
@tracker All of 1 nodes getting started
@tracker All nodes finishes job
start listen on 10.110.42.71:37065
@tracker All of 1 nodes getting started
@tracker All nodes finishes job
start listen on 10.110.42.71:46445
@tracker All of 1 nodes getting started
@tracker All nodes finishes job
start listen on 10.110.42.71:38933
@tracker All of 1 nodes getting started
@tracker All nodes finishes job
start listen on 10.110.42.71:39401
@tracker All of 1 nodes getting started
@tracker All nodes finishes job
Trial 730 finished with value: 0.9112166666666667 and parameters: {'tree_method': 'gpu_hist', 'lambda': 0.0001590419463499238, 'alpha': 0.00042140769435335, 'colsample_bytree': 0.3839976570476483, 'subsample': 0.7011733239323699, 'learning_rate': 0.07229431350046955, 'max_depth': 7, 'min_child_weight': 1, 'eval_metric': 'logloss'}. Best is trial 478 with value: 0.91195.
start listen on 10.110.42.71:55389
@tracker All of 1 nodes getting started
@tracker All nodes finishes job
start listen on 10.110.42.71:46037
@tracker All of 1 nodes getting started
@tracker All nodes finishes job
start listen on 10.110.42.71:40761
@tracker All of 1 nodes getting started
@tracker All nodes finishes job
start listen on 10.110.42.71:49759
@tracker All of 1 nodes getting started
@tracker All nodes finishes job
start listen on 10.110.42.71:40013
@tracker All of 1 nodes getting started
@tracker All nodes finishes job
Trial 731 finished with value: 0.9064833333333333 and parameters: {'tree_method': 'gpu_hist', 'lambda': 0.00020814309017795803, 'alpha': 0.0002767631848553769, 'colsample_bytree': 0.5072511998177596, 'subsample': 0.9545516530017766, 'learning_rate': 0.08227268299648785, 'max_depth': 15, 'min_child_weight': 34, 'eval_metric': 'logloss'}. Best is trial 478 with value: 0.91195.
start listen on 10.110.42.71:45965
@tracker All of 1 nodes getting started
@tracker All nodes finishes job
start listen on 10.110.42.71:50513
@tracker All of 1 nodes getting started
@tracker All nodes finishes job
start listen on 10.110.42.71:60973
@tracker All of 1 nodes getting started
@tracker All nodes finishes job
start listen on 10.110.42.71:56297
@tracker All of 1 nodes getting started
@tracker All nodes finishes job
start listen on 10.110.42.71:56879
@tracker All of 1 nodes getting started
@tracker All nodes finishes job
Trial 732 finished with value: 0.9097333333333333 and parameters: {'tree_method': 'gpu_hist', 'lambda': 0.0001219024511043701, 'alpha': 0.0007515176229916272, 'colsample_bytree': 0.3712820762480008, 'subsample': 0.7184135833724274, 'learning_rate': 0.07470147130891555, 'max_depth': 7, 'min_child_weight': 10, 'eval_metric': 'logloss'}. Best is trial 478 with value: 0.91195.
start listen on 10.110.42.71:54155
@tracker All of 1 nodes getting started
@tracker All nodes finishes job
start listen on 10.110.42.71:58247
@tracker All of 1 nodes getting started
@tracker All nodes finishes job
start listen on 10.110.42.71:36333
@tracker All of 1 nodes getting started
@tracker All nodes finishes job
start listen on 10.110.42.71:41965
@tracker All of 1 nodes getting started
@tracker All nodes finishes job
start listen on 10.110.42.71:41363
@tracker All of 1 nodes getting started
@tracker All nodes finishes job
Trial 733 finished with value: 0.9096666666666666 and parameters: {'tree_method': 'gpu_hist', 'lambda': 0.0002431095330142818, 'alpha': 0.00037386374367838086, 'colsample_bytree': 0.9630031704037306, 'subsample': 0.7037061605610384, 'learning_rate': 0.0856935717761369, 'max_depth': 7, 'min_child_weight': 6, 'eval_metric': 'logloss'}. Best is trial 478 with value: 0.91195.
start listen on 10.110.42.71:35315
@tracker All of 1 nodes getting started
@tracker All nodes finishes job
start listen on 10.110.42.71:43823
@tracker All of 1 nodes getting started
@tracker All nodes finishes job
start listen on 10.110.42.71:53267
@tracker All of 1 nodes getting started
@tracker All nodes finishes job
start listen on 10.110.42.71:52467
@tracker All of 1 nodes getting started
@tracker All nodes finishes job
start listen on 10.110.42.71:32997
@tracker All of 1 nodes getting started
@tracker All nodes finishes job
Trial 734 finished with value: 0.9105833333333333 and parameters: {'tree_method': 'gpu_hist', 'lambda': 0.00028265716848093397, 'alpha': 0.024046248987751918, 'colsample_bytree': 0.4265865745012017, 'subsample': 0.7774434174345177, 'learning_rate': 0.09268857162010195, 'max_depth': 7, 'min_child_weight': 1, 'eval_metric': 'logloss'}. Best is trial 478 with value: 0.91195.
start listen on 10.110.42.71:33579
@tracker All of 1 nodes getting started
@tracker All nodes finishes job
start listen on 10.110.42.71:34133
@tracker All of 1 nodes getting started
@tracker All nodes finishes job
start listen on 10.110.42.71:42517
@tracker All of 1 nodes getting started
@tracker All nodes finishes job
start listen on 10.110.42.71:44521
@tracker All of 1 nodes getting started
@tracker All nodes finishes job
start listen on 10.110.42.71:52701
@tracker All of 1 nodes getting started
@tracker All nodes finishes job
Trial 735 finished with value: 0.9094 and parameters: {'tree_method': 'gpu_hist', 'lambda': 0.00017991446637099308, 'alpha': 0.00023929257836795333, 'colsample_bytree': 0.3633523593727053, 'subsample': 0.7639305854822759, 'learning_rate': 0.08462986285878046, 'max_depth': 7, 'min_child_weight': 16, 'eval_metric': 'logloss'}. Best is trial 478 with value: 0.91195.
start listen on 10.110.42.71:59221
@tracker All of 1 nodes getting started
@tracker All nodes finishes job
start listen on 10.110.42.71:33583
@tracker All of 1 nodes getting started
@tracker All nodes finishes job
start listen on 10.110.42.71:57179
@tracker All of 1 nodes getting started
@tracker All nodes finishes job
start listen on 10.110.42.71:59039
@tracker All of 1 nodes getting started
@tracker All nodes finishes job
start listen on 10.110.42.71:36801
@tracker All of 1 nodes getting started
@tracker All nodes finishes job
Trial 736 finished with value: 0.9104166666666667 and parameters: {'tree_method': 'gpu_hist', 'lambda': 0.00025970774641631816, 'alpha': 0.0003320467815520584, 'colsample_bytree': 0.4604158946640795, 'subsample': 0.7833899508701566, 'learning_rate': 0.0919355499771752, 'max_depth': 7, 'min_child_weight': 7, 'eval_metric': 'logloss'}. Best is trial 478 with value: 0.91195.
start listen on 10.110.42.71:33447
@tracker All of 1 nodes getting started
@tracker All nodes finishes job
start listen on 10.110.42.71:36877
@tracker All of 1 nodes getting started
@tracker All nodes finishes job
start listen on 10.110.42.71:55053
@tracker All of 1 nodes getting started
@tracker All nodes finishes job
start listen on 10.110.42.71:49529
@tracker All of 1 nodes getting started
@tracker All nodes finishes job
start listen on 10.110.42.71:40115
@tracker All of 1 nodes getting started
@tracker All nodes finishes job
Trial 737 finished with value: 0.9086666666666666 and parameters: {'tree_method': 'gpu_hist', 'lambda': 0.00010122352920037425, 'alpha': 0.0005495628476191453, 'colsample_bytree': 0.432659203019561, 'subsample': 0.9046418822472702, 'learning_rate': 0.08064970938360895, 'max_depth': 7, 'min_child_weight': 25, 'eval_metric': 'logloss'}. Best is trial 478 with value: 0.91195.
start listen on 10.110.42.71:60729
@tracker All of 1 nodes getting started
@tracker All nodes finishes job
start listen on 10.110.42.71:43953
@tracker All of 1 nodes getting started
@tracker All nodes finishes job
start listen on 10.110.42.71:43145
@tracker All of 1 nodes getting started
@tracker All nodes finishes job
start listen on 10.110.42.71:34785
@tracker All of 1 nodes getting started
@tracker All nodes finishes job
start listen on 10.110.42.71:38019
@tracker All of 1 nodes getting started
@tracker All nodes finishes job
Trial 738 finished with value: 0.9112 and parameters: {'tree_method': 'gpu_hist', 'lambda': 0.00020678372996427483, 'alpha': 0.0003741466020099898, 'colsample_bytree': 0.44969663582735114, 'subsample': 0.7097358360157515, 'learning_rate': 0.09899655688459058, 'max_depth': 7, 'min_child_weight': 1, 'eval_metric': 'logloss'}. Best is trial 478 with value: 0.91195.
start listen on 10.110.42.71:50309
@tracker All of 1 nodes getting started
@tracker All nodes finishes job
start listen on 10.110.42.71:51413
@tracker All of 1 nodes getting started
@tracker All nodes finishes job
start listen on 10.110.42.71:56185
@tracker All of 1 nodes getting started
@tracker All nodes finishes job
start listen on 10.110.42.71:55569
@tracker All of 1 nodes getting started
@tracker All nodes finishes job
start listen on 10.110.42.71:53761
@tracker All of 1 nodes getting started
@tracker All nodes finishes job
Trial 739 finished with value: 0.9095 and parameters: {'tree_method': 'gpu_hist', 'lambda': 0.00010088631875191994, 'alpha': 0.000656258538703613, 'colsample_bytree': 0.41403343054301056, 'subsample': 0.9677000747494124, 'learning_rate': 0.09213301705900485, 'max_depth': 7, 'min_child_weight': 12, 'eval_metric': 'logloss'}. Best is trial 478 with value: 0.91195.
start listen on 10.110.42.71:59887
@tracker All of 1 nodes getting started
@tracker All nodes finishes job
start listen on 10.110.42.71:45913
@tracker All of 1 nodes getting started
@tracker All nodes finishes job
start listen on 10.110.42.71:52789
@tracker All of 1 nodes getting started
@tracker All nodes finishes job
start listen on 10.110.42.71:53669
@tracker All of 1 nodes getting started
@tracker All nodes finishes job
start listen on 10.110.42.71:47521
@tracker All of 1 nodes getting started
@tracker All nodes finishes job
Trial 740 finished with value: 0.9102166666666667 and parameters: {'tree_method': 'gpu_hist', 'lambda': 0.0001431862170651712, 'alpha': 0.0005015100785215231, 'colsample_bytree': 0.39829357505987073, 'subsample': 0.7514183707316479, 'learning_rate': 0.06920333923259893, 'max_depth': 7, 'min_child_weight': 7, 'eval_metric': 'logloss'}. Best is trial 478 with value: 0.91195.
start listen on 10.110.42.71:59901
@tracker All of 1 nodes getting started
@tracker All nodes finishes job
start listen on 10.110.42.71:40257
@tracker All of 1 nodes getting started
@tracker All nodes finishes job
start listen on 10.110.42.71:47111
@tracker All of 1 nodes getting started
@tracker All nodes finishes job
start listen on 10.110.42.71:41599
@tracker All of 1 nodes getting started
@tracker All nodes finishes job
start listen on 10.110.42.71:37697
@tracker All of 1 nodes getting started
@tracker All nodes finishes job
Trial 741 finished with value: 0.9106833333333333 and parameters: {'tree_method': 'gpu_hist', 'lambda': 0.0001503071507171238, 'alpha': 0.00043651065524161935, 'colsample_bytree': 0.4226086712930243, 'subsample': 0.5133831288718136, 'learning_rate': 0.08380385819385491, 'max_depth': 7, 'min_child_weight': 1, 'eval_metric': 'logloss'}. Best is trial 478 with value: 0.91195.
start listen on 10.110.42.71:49275
@tracker All of 1 nodes getting started
@tracker All nodes finishes job
start listen on 10.110.42.71:60121
@tracker All of 1 nodes getting started
@tracker All nodes finishes job
start listen on 10.110.42.71:45915
@tracker All of 1 nodes getting started
@tracker All nodes finishes job
start listen on 10.110.42.71:34985
@tracker All of 1 nodes getting started
@tracker All nodes finishes job
start listen on 10.110.42.71:56681
@tracker All of 1 nodes getting started
@tracker All nodes finishes job
Trial 742 finished with value: 0.90855 and parameters: {'tree_method': 'gpu_hist', 'lambda': 0.00013889228060827487, 'alpha': 0.0010774116740078503, 'colsample_bytree': 0.3855718922426298, 'subsample': 0.7592727982420842, 'learning_rate': 0.07818251708426112, 'max_depth': 20, 'min_child_weight': 13, 'eval_metric': 'logloss'}. Best is trial 478 with value: 0.91195.
start listen on 10.110.42.71:40323
@tracker All of 1 nodes getting started
@tracker All nodes finishes job
start listen on 10.110.42.71:46709
@tracker All of 1 nodes getting started
@tracker All nodes finishes job
start listen on 10.110.42.71:42141
@tracker All of 1 nodes getting started
@tracker All nodes finishes job
start listen on 10.110.42.71:33567
@tracker All of 1 nodes getting started
@tracker All nodes finishes job
start listen on 10.110.42.71:45435
@tracker All of 1 nodes getting started
@tracker All nodes finishes job
Trial 743 finished with value: 0.9083166666666667 and parameters: {'tree_method': 'gpu_hist', 'lambda': 7.544123198483269, 'alpha': 0.00029938824981174376, 'colsample_bytree': 0.4698568362151765, 'subsample': 0.6915122934758243, 'learning_rate': 0.09967352003331116, 'max_depth': 13, 'min_child_weight': 6, 'eval_metric': 'logloss'}. Best is trial 478 with value: 0.91195.
start listen on 10.110.42.71:42143
@tracker All of 1 nodes getting started
@tracker All nodes finishes job
start listen on 10.110.42.71:49135
@tracker All of 1 nodes getting started
@tracker All nodes finishes job
start listen on 10.110.42.71:58715
@tracker All of 1 nodes getting started
@tracker All nodes finishes job
start listen on 10.110.42.71:36259
@tracker All of 1 nodes getting started
@tracker All nodes finishes job
start listen on 10.110.42.71:53539
@tracker All of 1 nodes getting started
@tracker All nodes finishes job
