Trial 840 finished with value: 0.90835 and parameters: {'tree_method': 'gpu_hist', 'lambda': 0.00024145900547266802, 'alpha': 0.00027604527628110004, 'colsample_bytree': 0.42275230911250156, 'subsample': 0.7360242734190638, 'learning_rate': 0.08495994203623546, 'max_depth': 7, 'min_child_weight': 20, 'eval_metric': 'logloss'}. Best is trial 478 with value: 0.91195.
start listen on 10.110.42.71:58733
@tracker All of 1 nodes getting started
@tracker All nodes finishes job
start listen on 10.110.42.71:56921
@tracker All of 1 nodes getting started
@tracker All nodes finishes job
start listen on 10.110.42.71:46077
@tracker All of 1 nodes getting started
@tracker All nodes finishes job
start listen on 10.110.42.71:43391
@tracker All of 1 nodes getting started
@tracker All nodes finishes job
start listen on 10.110.42.71:37531
@tracker All of 1 nodes getting started
@tracker All nodes finishes job
Trial 841 finished with value: 0.9097 and parameters: {'tree_method': 'gpu_hist', 'lambda': 0.00013159603976580422, 'alpha': 0.0001016131478505735, 'colsample_bytree': 0.3485303853326416, 'subsample': 0.7228952859227261, 'learning_rate': 0.07094446847045019, 'max_depth': 7, 'min_child_weight': 6, 'eval_metric': 'logloss'}. Best is trial 478 with value: 0.91195.
start listen on 10.110.42.71:57377
@tracker All of 1 nodes getting started
@tracker All nodes finishes job
start listen on 10.110.42.71:47051
@tracker All of 1 nodes getting started
@tracker All nodes finishes job
start listen on 10.110.42.71:53717
@tracker All of 1 nodes getting started
@tracker All nodes finishes job
start listen on 10.110.42.71:40097
@tracker All of 1 nodes getting started
@tracker All nodes finishes job
start listen on 10.110.42.71:40591
@tracker All of 1 nodes getting started
@tracker All nodes finishes job
Trial 842 finished with value: 0.9116833333333333 and parameters: {'tree_method': 'gpu_hist', 'lambda': 0.0004521524229991901, 'alpha': 0.0002197938877788646, 'colsample_bytree': 0.39796562931710167, 'subsample': 0.9041481132510926, 'learning_rate': 0.0790670196826962, 'max_depth': 7, 'min_child_weight': 1, 'eval_metric': 'logloss'}. Best is trial 478 with value: 0.91195.
start listen on 10.110.42.71:35537
@tracker All of 1 nodes getting started
@tracker All nodes finishes job
start listen on 10.110.42.71:35103
@tracker All of 1 nodes getting started
@tracker All nodes finishes job
start listen on 10.110.42.71:40749
@tracker All of 1 nodes getting started
@tracker All nodes finishes job
start listen on 10.110.42.71:50075
@tracker All of 1 nodes getting started
@tracker All nodes finishes job
start listen on 10.110.42.71:44817
@tracker All of 1 nodes getting started
@tracker All nodes finishes job
Trial 843 finished with value: 0.9098833333333334 and parameters: {'tree_method': 'gpu_hist', 'lambda': 0.0005581094492188574, 'alpha': 0.04042839238915442, 'colsample_bytree': 0.40348732385861324, 'subsample': 0.9029338734543586, 'learning_rate': 0.06194198841250372, 'max_depth': 7, 'min_child_weight': 12, 'eval_metric': 'logloss'}. Best is trial 478 with value: 0.91195.
start listen on 10.110.42.71:37665
@tracker All of 1 nodes getting started
@tracker All nodes finishes job
start listen on 10.110.42.71:43429
@tracker All of 1 nodes getting started
@tracker All nodes finishes job
start listen on 10.110.42.71:40779
@tracker All of 1 nodes getting started
@tracker All nodes finishes job
start listen on 10.110.42.71:58285
@tracker All of 1 nodes getting started
@tracker All nodes finishes job
start listen on 10.110.42.71:32863
@tracker All of 1 nodes getting started
@tracker All nodes finishes job
Trial 844 finished with value: 0.9104833333333333 and parameters: {'tree_method': 'gpu_hist', 'lambda': 0.00045468077097521884, 'alpha': 0.00014535156763593817, 'colsample_bytree': 0.38501026866125976, 'subsample': 0.9677206953970895, 'learning_rate': 0.06553305767878362, 'max_depth': 7, 'min_child_weight': 1, 'eval_metric': 'logloss'}. Best is trial 478 with value: 0.91195.
start listen on 10.110.42.71:59515
@tracker All of 1 nodes getting started
@tracker All nodes finishes job
start listen on 10.110.42.71:57695
@tracker All of 1 nodes getting started
@tracker All nodes finishes job
start listen on 10.110.42.71:46987
@tracker All of 1 nodes getting started
@tracker All nodes finishes job
start listen on 10.110.42.71:52121
@tracker All of 1 nodes getting started
@tracker All nodes finishes job
start listen on 10.110.42.71:58463
@tracker All of 1 nodes getting started
@tracker All nodes finishes job
Trial 845 finished with value: 0.9082 and parameters: {'tree_method': 'gpu_hist', 'lambda': 0.00046836381661059687, 'alpha': 0.00029761676672376527, 'colsample_bytree': 0.4347229699834323, 'subsample': 0.9822662045475714, 'learning_rate': 0.07291689765539747, 'max_depth': 17, 'min_child_weight': 7, 'eval_metric': 'logloss'}. Best is trial 478 with value: 0.91195.
start listen on 10.110.42.71:56067
@tracker All of 1 nodes getting started
@tracker All nodes finishes job
start listen on 10.110.42.71:56999
@tracker All of 1 nodes getting started
@tracker All nodes finishes job
start listen on 10.110.42.71:52061
@tracker All of 1 nodes getting started
@tracker All nodes finishes job
start listen on 10.110.42.71:53133
@tracker All of 1 nodes getting started
@tracker All nodes finishes job
start listen on 10.110.42.71:35103
@tracker All of 1 nodes getting started
@tracker All nodes finishes job
Trial 846 finished with value: 0.909 and parameters: {'tree_method': 'gpu_hist', 'lambda': 0.00033846989094141476, 'alpha': 0.00037869536982953816, 'colsample_bytree': 0.4521367718927688, 'subsample': 0.7079686499868431, 'learning_rate': 0.07475077808700167, 'max_depth': 7, 'min_child_weight': 15, 'eval_metric': 'logloss'}. Best is trial 478 with value: 0.91195.
start listen on 10.110.42.71:56943
@tracker All of 1 nodes getting started
@tracker All nodes finishes job
start listen on 10.110.42.71:44259
@tracker All of 1 nodes getting started
@tracker All nodes finishes job
start listen on 10.110.42.71:35741
@tracker All of 1 nodes getting started
@tracker All nodes finishes job
start listen on 10.110.42.71:60243
@tracker All of 1 nodes getting started
@tracker All nodes finishes job
start listen on 10.110.42.71:41607
@tracker All of 1 nodes getting started
@tracker All nodes finishes job
Trial 847 finished with value: 0.91 and parameters: {'tree_method': 'gpu_hist', 'lambda': 0.00038079530295753386, 'alpha': 0.00022962416709275903, 'colsample_bytree': 0.41188236289167035, 'subsample': 0.8764969273783307, 'learning_rate': 0.07866913449751017, 'max_depth': 7, 'min_child_weight': 7, 'eval_metric': 'logloss'}. Best is trial 478 with value: 0.91195.
start listen on 10.110.42.71:37371
@tracker All of 1 nodes getting started
@tracker All nodes finishes job
start listen on 10.110.42.71:38451
@tracker All of 1 nodes getting started
@tracker All nodes finishes job
start listen on 10.110.42.71:41433
@tracker All of 1 nodes getting started
@tracker All nodes finishes job
start listen on 10.110.42.71:51965
@tracker All of 1 nodes getting started
@tracker All nodes finishes job
start listen on 10.110.42.71:60119
@tracker All of 1 nodes getting started
@tracker All nodes finishes job
Trial 848 finished with value: 0.9059666666666667 and parameters: {'tree_method': 'gpu_hist', 'lambda': 0.0002878165099110272, 'alpha': 0.0005483501962489331, 'colsample_bytree': 0.49334023288919276, 'subsample': 0.8885561344944362, 'learning_rate': 0.0691618426701291, 'max_depth': 5, 'min_child_weight': 27, 'eval_metric': 'logloss'}. Best is trial 478 with value: 0.91195.
start listen on 10.110.42.71:51835
@tracker All of 1 nodes getting started
@tracker All nodes finishes job
start listen on 10.110.42.71:50419
@tracker All of 1 nodes getting started
@tracker All nodes finishes job
start listen on 10.110.42.71:35385
@tracker All of 1 nodes getting started
@tracker All nodes finishes job
start listen on 10.110.42.71:59343
@tracker All of 1 nodes getting started
@tracker All nodes finishes job
start listen on 10.110.42.71:53229
@tracker All of 1 nodes getting started
@tracker All nodes finishes job
Trial 849 finished with value: 0.9105666666666666 and parameters: {'tree_method': 'gpu_hist', 'lambda': 0.00040273389152266673, 'alpha': 0.00018184311208936465, 'colsample_bytree': 0.3689854207006483, 'subsample': 0.8788876793574384, 'learning_rate': 0.08115677109920773, 'max_depth': 7, 'min_child_weight': 1, 'eval_metric': 'logloss'}. Best is trial 478 with value: 0.91195.
start listen on 10.110.42.71:50155
@tracker All of 1 nodes getting started
@tracker All nodes finishes job
start listen on 10.110.42.71:54579
@tracker All of 1 nodes getting started
@tracker All nodes finishes job
start listen on 10.110.42.71:52479
@tracker All of 1 nodes getting started
@tracker All nodes finishes job
start listen on 10.110.42.71:47785
@tracker All of 1 nodes getting started
@tracker All nodes finishes job
start listen on 10.110.42.71:43871
@tracker All of 1 nodes getting started
@tracker All nodes finishes job
Trial 850 finished with value: 0.9098 and parameters: {'tree_method': 'gpu_hist', 'lambda': 0.00012806913457120788, 'alpha': 0.00033105189265689644, 'colsample_bytree': 0.42216211582667634, 'subsample': 0.9155673753092654, 'learning_rate': 0.0692343723364541, 'max_depth': 7, 'min_child_weight': 11, 'eval_metric': 'logloss'}. Best is trial 478 with value: 0.91195.
start listen on 10.110.42.71:42549
@tracker All of 1 nodes getting started
@tracker All nodes finishes job
start listen on 10.110.42.71:41865
@tracker All of 1 nodes getting started
@tracker All nodes finishes job
start listen on 10.110.42.71:41451
@tracker All of 1 nodes getting started
@tracker All nodes finishes job
start listen on 10.110.42.71:53115
@tracker All of 1 nodes getting started
@tracker All nodes finishes job
start listen on 10.110.42.71:36443
@tracker All of 1 nodes getting started
@tracker All nodes finishes job
Trial 851 finished with value: 0.9081666666666667 and parameters: {'tree_method': 'gpu_hist', 'lambda': 0.0007441362826770114, 'alpha': 0.00046941725342472, 'colsample_bytree': 0.4003341684560794, 'subsample': 0.9423083128737562, 'learning_rate': 0.07697111813547096, 'max_depth': 7, 'min_child_weight': 20, 'eval_metric': 'logloss'}. Best is trial 478 with value: 0.91195.
start listen on 10.110.42.71:45787
@tracker All of 1 nodes getting started
@tracker All nodes finishes job
start listen on 10.110.42.71:49705
@tracker All of 1 nodes getting started
@tracker All nodes finishes job
start listen on 10.110.42.71:38777
@tracker All of 1 nodes getting started
@tracker All nodes finishes job
start listen on 10.110.42.71:43841
@tracker All of 1 nodes getting started
@tracker All nodes finishes job
start listen on 10.110.42.71:43117
@tracker All of 1 nodes getting started
@tracker All nodes finishes job
Trial 852 finished with value: 0.9097666666666666 and parameters: {'tree_method': 'gpu_hist', 'lambda': 0.00016981501361152843, 'alpha': 0.0002538785941224075, 'colsample_bytree': 0.44467028800135855, 'subsample': 0.8496005310352239, 'learning_rate': 0.0828343528914852, 'max_depth': 11, 'min_child_weight': 6, 'eval_metric': 'logloss'}. Best is trial 478 with value: 0.91195.
start listen on 10.110.42.71:39809
@tracker All of 1 nodes getting started
@tracker All nodes finishes job
start listen on 10.110.42.71:34131
@tracker All of 1 nodes getting started
@tracker All nodes finishes job
start listen on 10.110.42.71:59649
@tracker All of 1 nodes getting started
@tracker All nodes finishes job
start listen on 10.110.42.71:36391
@tracker All of 1 nodes getting started
@tracker All nodes finishes job
start listen on 10.110.42.71:36587
@tracker All of 1 nodes getting started
@tracker All nodes finishes job
Trial 853 finished with value: 0.9113333333333333 and parameters: {'tree_method': 'gpu_hist', 'lambda': 0.0016695310172818673, 'alpha': 0.0001390073914776207, 'colsample_bytree': 0.38530859510863946, 'subsample': 0.9035590918974814, 'learning_rate': 0.0928632704826473, 'max_depth': 7, 'min_child_weight': 1, 'eval_metric': 'logloss'}. Best is trial 478 with value: 0.91195.
start listen on 10.110.42.71:44611
@tracker All of 1 nodes getting started
@tracker All nodes finishes job
start listen on 10.110.42.71:44065
@tracker All of 1 nodes getting started
@tracker All nodes finishes job
start listen on 10.110.42.71:41291
@tracker All of 1 nodes getting started
@tracker All nodes finishes job
start listen on 10.110.42.71:55291
@tracker All of 1 nodes getting started
@tracker All nodes finishes job
start listen on 10.110.42.71:33867
@tracker All of 1 nodes getting started
@tracker All nodes finishes job
Trial 854 finished with value: 0.9095166666666666 and parameters: {'tree_method': 'gpu_hist', 'lambda': 0.00034636062331879343, 'alpha': 0.32691828303336934, 'colsample_bytree': 0.3931617211039635, 'subsample': 0.9420662992390277, 'learning_rate': 0.09980148779709085, 'max_depth': 7, 'min_child_weight': 12, 'eval_metric': 'logloss'}. Best is trial 478 with value: 0.91195.
start listen on 10.110.42.71:37447
@tracker All of 1 nodes getting started
@tracker All nodes finishes job
start listen on 10.110.42.71:42127
@tracker All of 1 nodes getting started
@tracker All nodes finishes job
start listen on 10.110.42.71:46071
@tracker All of 1 nodes getting started
@tracker All nodes finishes job
start listen on 10.110.42.71:58795
@tracker All of 1 nodes getting started
@tracker All nodes finishes job
start listen on 10.110.42.71:55721
@tracker All of 1 nodes getting started
@tracker All nodes finishes job
Trial 855 finished with value: 0.9115166666666666 and parameters: {'tree_method': 'gpu_hist', 'lambda': 0.0005404593438097147, 'alpha': 0.0001420293066178865, 'colsample_bytree': 0.35619758995632744, 'subsample': 0.912840970810775, 'learning_rate': 0.08731159335120753, 'max_depth': 7, 'min_child_weight': 1, 'eval_metric': 'logloss'}. Best is trial 478 with value: 0.91195.
start listen on 10.110.42.71:43989
@tracker All of 1 nodes getting started
@tracker All nodes finishes job
start listen on 10.110.42.71:57643
@tracker All of 1 nodes getting started
@tracker All nodes finishes job
start listen on 10.110.42.71:51121
@tracker All of 1 nodes getting started
@tracker All nodes finishes job
start listen on 10.110.42.71:48887
@tracker All of 1 nodes getting started
@tracker All nodes finishes job
start listen on 10.110.42.71:47973
@tracker All of 1 nodes getting started
@tracker All nodes finishes job
Trial 856 finished with value: 0.8757166666666667 and parameters: {'tree_method': 'gpu_hist', 'lambda': 0.0005229044024400467, 'alpha': 0.00018068855050750569, 'colsample_bytree': 0.3638828100838821, 'subsample': 0.9119764926762528, 'learning_rate': 0.014917921271530566, 'max_depth': 3, 'min_child_weight': 7, 'eval_metric': 'logloss'}. Best is trial 478 with value: 0.91195.
start listen on 10.110.42.71:59185
@tracker All of 1 nodes getting started
@tracker All nodes finishes job
start listen on 10.110.42.71:43943
@tracker All of 1 nodes getting started
@tracker All nodes finishes job
start listen on 10.110.42.71:44783
@tracker All of 1 nodes getting started
@tracker All nodes finishes job
start listen on 10.110.42.71:54831
@tracker All of 1 nodes getting started
@tracker All nodes finishes job
start listen on 10.110.42.71:58367
@tracker All of 1 nodes getting started
@tracker All nodes finishes job
Trial 857 finished with value: 0.9087833333333334 and parameters: {'tree_method': 'gpu_hist', 'lambda': 0.0005084442803941334, 'alpha': 0.0008686869888407273, 'colsample_bytree': 0.36321492144058204, 'subsample': 0.9041130628867148, 'learning_rate': 0.05894503436372376, 'max_depth': 7, 'min_child_weight': 16, 'eval_metric': 'logloss'}. Best is trial 478 with value: 0.91195.
start listen on 10.110.42.71:50425
@tracker All of 1 nodes getting started
@tracker All nodes finishes job
start listen on 10.110.42.71:40931
@tracker All of 1 nodes getting started
@tracker All nodes finishes job
start listen on 10.110.42.71:47789
@tracker All of 1 nodes getting started
@tracker All nodes finishes job
start listen on 10.110.42.71:53037
@tracker All of 1 nodes getting started
@tracker All nodes finishes job
start listen on 10.110.42.71:46433
@tracker All of 1 nodes getting started
@tracker All nodes finishes job
Trial 858 finished with value: 0.9092 and parameters: {'tree_method': 'gpu_hist', 'lambda': 0.0008387883290634693, 'alpha': 0.01217553804403337, 'colsample_bytree': 0.3515411204458966, 'subsample': 0.9158958956898251, 'learning_rate': 0.07638255573501736, 'max_depth': 9, 'min_child_weight': 1, 'eval_metric': 'logloss'}. Best is trial 478 with value: 0.91195.
start listen on 10.110.42.71:47651
@tracker All of 1 nodes getting started
@tracker All nodes finishes job
start listen on 10.110.42.71:38393
@tracker All of 1 nodes getting started
@tracker All nodes finishes job
start listen on 10.110.42.71:59081
@tracker All of 1 nodes getting started
@tracker All nodes finishes job
start listen on 10.110.42.71:47461
@tracker All of 1 nodes getting started
@tracker All nodes finishes job
start listen on 10.110.42.71:51109
@tracker All of 1 nodes getting started
@tracker All nodes finishes job
Trial 859 finished with value: 0.9088333333333334 and parameters: {'tree_method': 'gpu_hist', 'lambda': 0.0006889501658032848, 'alpha': 0.00012004271344949928, 'colsample_bytree': 0.35896827194946324, 'subsample': 0.8698832910422232, 'learning_rate': 0.06829938035884149, 'max_depth': 15, 'min_child_weight': 7, 'eval_metric': 'logloss'}. Best is trial 478 with value: 0.91195.
start listen on 10.110.42.71:49955
@tracker All of 1 nodes getting started
@tracker All nodes finishes job
start listen on 10.110.42.71:55451
@tracker All of 1 nodes getting started
@tracker All nodes finishes job
start listen on 10.110.42.71:41833
@tracker All of 1 nodes getting started
@tracker All nodes finishes job
start listen on 10.110.42.71:36435
@tracker All of 1 nodes getting started
@tracker All nodes finishes job
start listen on 10.110.42.71:54871
@tracker All of 1 nodes getting started
@tracker All nodes finishes job
Trial 860 finished with value: 0.9024666666666666 and parameters: {'tree_method': 'gpu_hist', 'lambda': 0.0004974831923951281, 'alpha': 0.00021349738902351053, 'colsample_bytree': 0.31681819221390006, 'subsample': 0.9005884150129868, 'learning_rate': 0.08383104424666467, 'max_depth': 7, 'min_child_weight': 93, 'eval_metric': 'logloss'}. Best is trial 478 with value: 0.91195.
start listen on 10.110.42.71:33037
@tracker All of 1 nodes getting started
@tracker All nodes finishes job
start listen on 10.110.42.71:57005
@tracker All of 1 nodes getting started
@tracker All nodes finishes job
start listen on 10.110.42.71:49805
@tracker All of 1 nodes getting started
@tracker All nodes finishes job
start listen on 10.110.42.71:60669
@tracker All of 1 nodes getting started
@tracker All nodes finishes job
start listen on 10.110.42.71:33817
@tracker All of 1 nodes getting started
@tracker All nodes finishes job
Trial 861 finished with value: 0.90955 and parameters: {'tree_method': 'gpu_hist', 'lambda': 0.0005173518103467428, 'alpha': 0.0006216501822821161, 'colsample_bytree': 0.33755230498913047, 'subsample': 0.9250036741977901, 'learning_rate': 0.07419909210000407, 'max_depth': 7, 'min_child_weight': 12, 'eval_metric': 'logloss'}. Best is trial 478 with value: 0.91195.
start listen on 10.110.42.71:53341
@tracker All of 1 nodes getting started
@tracker All nodes finishes job
start listen on 10.110.42.71:36279
@tracker All of 1 nodes getting started
@tracker All nodes finishes job
start listen on 10.110.42.71:49925
@tracker All of 1 nodes getting started
@tracker All nodes finishes job
start listen on 10.110.42.71:46679
@tracker All of 1 nodes getting started
@tracker All nodes finishes job
start listen on 10.110.42.71:40537
@tracker All of 1 nodes getting started
@tracker All nodes finishes job
Trial 862 finished with value: 0.9096666666666666 and parameters: {'tree_method': 'gpu_hist', 'lambda': 0.0007368232755550223, 'alpha': 0.00019029922545755527, 'colsample_bytree': 0.3358924138017194, 'subsample': 0.9018366093488639, 'learning_rate': 0.0635765892433532, 'max_depth': 7, 'min_child_weight': 6, 'eval_metric': 'logloss'}. Best is trial 478 with value: 0.91195.
start listen on 10.110.42.71:47003
@tracker All of 1 nodes getting started
@tracker All nodes finishes job
start listen on 10.110.42.71:45287
@tracker All of 1 nodes getting started
@tracker All nodes finishes job
start listen on 10.110.42.71:38009
@tracker All of 1 nodes getting started
@tracker All nodes finishes job
start listen on 10.110.42.71:57905
@tracker All of 1 nodes getting started
@tracker All nodes finishes job
start listen on 10.110.42.71:58239
@tracker All of 1 nodes getting started
@tracker All nodes finishes job
Trial 863 finished with value: 0.9102666666666667 and parameters: {'tree_method': 'gpu_hist', 'lambda': 0.00045645535839874463, 'alpha': 0.0005114145180149553, 'colsample_bytree': 0.3437906250781467, 'subsample': 0.8919996605813033, 'learning_rate': 0.0853730982426427, 'max_depth': 7, 'min_child_weight': 12, 'eval_metric': 'logloss'}. Best is trial 478 with value: 0.91195.
start listen on 10.110.42.71:47535
@tracker All of 1 nodes getting started
@tracker All nodes finishes job
start listen on 10.110.42.71:49373
@tracker All of 1 nodes getting started
@tracker All nodes finishes job
start listen on 10.110.42.71:33219
@tracker All of 1 nodes getting started
@tracker All nodes finishes job
start listen on 10.110.42.71:53023
@tracker All of 1 nodes getting started
@tracker All nodes finishes job
start listen on 10.110.42.71:44349
@tracker All of 1 nodes getting started
@tracker All nodes finishes job
