Trial 197 finished with value: 0.8850666666666667 and parameters: {'tree_method': 'gpu_hist', 'lambda': 0.0005776688729836409, 'alpha': 0.00017556408564377833, 'colsample_bytree': 0.39931132922819196, 'subsample': 0.7436394130932147, 'learning_rate': 0.004708009015250984, 'max_depth': 7, 'min_child_weight': 1, 'eval_metric': 'logloss'}. Best is trial 184 with value: 0.9115333333333333.
start listen on 10.110.42.71:60817
@tracker All of 1 nodes getting started
@tracker All nodes finishes job
start listen on 10.110.42.71:56911
@tracker All of 1 nodes getting started
@tracker All nodes finishes job
start listen on 10.110.42.71:44739
@tracker All of 1 nodes getting started
@tracker All nodes finishes job
start listen on 10.110.42.71:59049
@tracker All of 1 nodes getting started
@tracker All nodes finishes job
start listen on 10.110.42.71:38875
@tracker All of 1 nodes getting started
@tracker All nodes finishes job
Trial 198 finished with value: 0.9090166666666667 and parameters: {'tree_method': 'gpu_hist', 'lambda': 0.00027331853295718505, 'alpha': 0.00013988303412055956, 'colsample_bytree': 0.31667660560179556, 'subsample': 0.7026137696780833, 'learning_rate': 0.07876544645382463, 'max_depth': 7, 'min_child_weight': 18, 'eval_metric': 'logloss'}. Best is trial 184 with value: 0.9115333333333333.
start listen on 10.110.42.71:34161
@tracker All of 1 nodes getting started
@tracker All nodes finishes job
start listen on 10.110.42.71:56603
@tracker All of 1 nodes getting started
@tracker All nodes finishes job
start listen on 10.110.42.71:46401
@tracker All of 1 nodes getting started
@tracker All nodes finishes job
start listen on 10.110.42.71:34501
@tracker All of 1 nodes getting started
@tracker All nodes finishes job
start listen on 10.110.42.71:33563
@tracker All of 1 nodes getting started
@tracker All nodes finishes job
Trial 199 finished with value: 0.9098166666666667 and parameters: {'tree_method': 'gpu_hist', 'lambda': 0.00010110771470999538, 'alpha': 0.00027624011322180983, 'colsample_bytree': 0.33810974809779504, 'subsample': 0.7384485262089813, 'learning_rate': 0.08819909892605449, 'max_depth': 7, 'min_child_weight': 8, 'eval_metric': 'logloss'}. Best is trial 184 with value: 0.9115333333333333.
start listen on 10.110.42.71:48113
@tracker All of 1 nodes getting started
@tracker All nodes finishes job
start listen on 10.110.42.71:35405
@tracker All of 1 nodes getting started
@tracker All nodes finishes job
start listen on 10.110.42.71:37957
@tracker All of 1 nodes getting started
@tracker All nodes finishes job
start listen on 10.110.42.71:35681
@tracker All of 1 nodes getting started
@tracker All nodes finishes job
start listen on 10.110.42.71:33349
@tracker All of 1 nodes getting started
@tracker All nodes finishes job
Trial 200 finished with value: 0.9100333333333334 and parameters: {'tree_method': 'gpu_hist', 'lambda': 0.000138537140654322, 'alpha': 0.0001945369483292903, 'colsample_bytree': 0.38212377114567686, 'subsample': 0.6711268455617535, 'learning_rate': 0.07457670704719616, 'max_depth': 7, 'min_child_weight': 9, 'eval_metric': 'logloss'}. Best is trial 184 with value: 0.9115333333333333.
start listen on 10.110.42.71:36745
@tracker All of 1 nodes getting started
@tracker All nodes finishes job
start listen on 10.110.42.71:38173
@tracker All of 1 nodes getting started
@tracker All nodes finishes job
start listen on 10.110.42.71:57469
@tracker All of 1 nodes getting started
@tracker All nodes finishes job
start listen on 10.110.42.71:51779
@tracker All of 1 nodes getting started
@tracker All nodes finishes job
start listen on 10.110.42.71:53805
@tracker All of 1 nodes getting started
@tracker All nodes finishes job
Trial 201 finished with value: 0.88945 and parameters: {'tree_method': 'gpu_hist', 'lambda': 0.0014898756065565796, 'alpha': 0.0004981411047091716, 'colsample_bytree': 0.41132981257820694, 'subsample': 0.7330999052199026, 'learning_rate': 0.0817312733394395, 'max_depth': 7, 'min_child_weight': 232, 'eval_metric': 'logloss'}. Best is trial 184 with value: 0.9115333333333333.
start listen on 10.110.42.71:39777
@tracker All of 1 nodes getting started
@tracker All nodes finishes job
start listen on 10.110.42.71:53033
@tracker All of 1 nodes getting started
@tracker All nodes finishes job
start listen on 10.110.42.71:59579
@tracker All of 1 nodes getting started
@tracker All nodes finishes job
start listen on 10.110.42.71:37991
@tracker All of 1 nodes getting started
@tracker All nodes finishes job
start listen on 10.110.42.71:56263
@tracker All of 1 nodes getting started
@tracker All nodes finishes job
Trial 202 finished with value: 0.9090833333333334 and parameters: {'tree_method': 'gpu_hist', 'lambda': 0.0007221732739885853, 'alpha': 0.00011682627598309916, 'colsample_bytree': 0.3714208968799959, 'subsample': 0.7501368988474657, 'learning_rate': 0.08902289759852122, 'max_depth': 7, 'min_child_weight': 17, 'eval_metric': 'logloss'}. Best is trial 184 with value: 0.9115333333333333.
start listen on 10.110.42.71:52095
@tracker All of 1 nodes getting started
@tracker All nodes finishes job
start listen on 10.110.42.71:57505
@tracker All of 1 nodes getting started
@tracker All nodes finishes job
start listen on 10.110.42.71:35695
@tracker All of 1 nodes getting started
@tracker All nodes finishes job
start listen on 10.110.42.71:58191
@tracker All of 1 nodes getting started
@tracker All nodes finishes job
start listen on 10.110.42.71:44945
@tracker All of 1 nodes getting started
@tracker All nodes finishes job
Trial 203 finished with value: 0.9106166666666666 and parameters: {'tree_method': 'gpu_hist', 'lambda': 0.00104123236816894, 'alpha': 0.00027587396424043174, 'colsample_bytree': 0.4247860682431566, 'subsample': 0.7142785833765388, 'learning_rate': 0.07973095781966291, 'max_depth': 7, 'min_child_weight': 1, 'eval_metric': 'logloss'}. Best is trial 184 with value: 0.9115333333333333.
start listen on 10.110.42.71:33989
@tracker All of 1 nodes getting started
@tracker All nodes finishes job
start listen on 10.110.42.71:34993
@tracker All of 1 nodes getting started
@tracker All nodes finishes job
start listen on 10.110.42.71:59143
@tracker All of 1 nodes getting started
@tracker All nodes finishes job
start listen on 10.110.42.71:45301
@tracker All of 1 nodes getting started
@tracker All nodes finishes job
start listen on 10.110.42.71:56567
@tracker All of 1 nodes getting started
@tracker All nodes finishes job
Trial 204 finished with value: 0.9108166666666667 and parameters: {'tree_method': 'gpu_hist', 'lambda': 0.0004853902495843684, 'alpha': 0.0004218373444555332, 'colsample_bytree': 0.39204923306109146, 'subsample': 0.7254496399795247, 'learning_rate': 0.09130071365599075, 'max_depth': 7, 'min_child_weight': 1, 'eval_metric': 'logloss'}. Best is trial 184 with value: 0.9115333333333333.
start listen on 10.110.42.71:45835
@tracker All of 1 nodes getting started
@tracker All nodes finishes job
start listen on 10.110.42.71:43199
@tracker All of 1 nodes getting started
@tracker All nodes finishes job
start listen on 10.110.42.71:57649
@tracker All of 1 nodes getting started
@tracker All nodes finishes job
start listen on 10.110.42.71:53615
@tracker All of 1 nodes getting started
@tracker All nodes finishes job
start listen on 10.110.42.71:60265
@tracker All of 1 nodes getting started
@tracker All nodes finishes job
Trial 205 finished with value: 0.9105333333333333 and parameters: {'tree_method': 'gpu_hist', 'lambda': 0.0002727218940393957, 'alpha': 0.00019840402561644845, 'colsample_bytree': 0.4039489909171008, 'subsample': 0.7540163714207645, 'learning_rate': 0.09965670354788071, 'max_depth': 7, 'min_child_weight': 8, 'eval_metric': 'logloss'}. Best is trial 184 with value: 0.9115333333333333.
start listen on 10.110.42.71:44905
@tracker All of 1 nodes getting started
@tracker All nodes finishes job
start listen on 10.110.42.71:42431
@tracker All of 1 nodes getting started
@tracker All nodes finishes job
start listen on 10.110.42.71:33439
@tracker All of 1 nodes getting started
@tracker All nodes finishes job
start listen on 10.110.42.71:33489
@tracker All of 1 nodes getting started
@tracker All nodes finishes job
start listen on 10.110.42.71:60109
@tracker All of 1 nodes getting started
@tracker All nodes finishes job
Trial 206 finished with value: 0.9113333333333333 and parameters: {'tree_method': 'gpu_hist', 'lambda': 0.000164164973827943, 'alpha': 0.0002997497618635855, 'colsample_bytree': 0.4291653932376275, 'subsample': 0.7749058543705699, 'learning_rate': 0.08835692212271365, 'max_depth': 7, 'min_child_weight': 1, 'eval_metric': 'logloss'}. Best is trial 184 with value: 0.9115333333333333.
start listen on 10.110.42.71:35655
@tracker All of 1 nodes getting started
@tracker All nodes finishes job
start listen on 10.110.42.71:34021
@tracker All of 1 nodes getting started
@tracker All nodes finishes job
start listen on 10.110.42.71:36409
@tracker All of 1 nodes getting started
@tracker All nodes finishes job
start listen on 10.110.42.71:53567
@tracker All of 1 nodes getting started
@tracker All nodes finishes job
start listen on 10.110.42.71:56299
@tracker All of 1 nodes getting started
@tracker All nodes finishes job
Trial 207 finished with value: 0.9101666666666667 and parameters: {'tree_method': 'gpu_hist', 'lambda': 0.0001742080488547134, 'alpha': 0.0002961492007863788, 'colsample_bytree': 0.42774363065792576, 'subsample': 0.7764320156274988, 'learning_rate': 0.08521628685934006, 'max_depth': 7, 'min_child_weight': 8, 'eval_metric': 'logloss'}. Best is trial 184 with value: 0.9115333333333333.
start listen on 10.110.42.71:37039
@tracker All of 1 nodes getting started
@tracker All nodes finishes job
start listen on 10.110.42.71:39623
@tracker All of 1 nodes getting started
@tracker All nodes finishes job
start listen on 10.110.42.71:47179
@tracker All of 1 nodes getting started
@tracker All nodes finishes job
start listen on 10.110.42.71:36653
@tracker All of 1 nodes getting started
@tracker All nodes finishes job
start listen on 10.110.42.71:38079
@tracker All of 1 nodes getting started
@tracker All nodes finishes job
Trial 208 finished with value: 0.9083666666666667 and parameters: {'tree_method': 'gpu_hist', 'lambda': 0.00012722255174436585, 'alpha': 0.00022503011726611813, 'colsample_bytree': 0.3886501418084105, 'subsample': 0.690651904075568, 'learning_rate': 0.07385094175410228, 'max_depth': 7, 'min_child_weight': 14, 'eval_metric': 'logloss'}. Best is trial 184 with value: 0.9115333333333333.
start listen on 10.110.42.71:56483
@tracker All of 1 nodes getting started
@tracker All nodes finishes job
start listen on 10.110.42.71:44657
@tracker All of 1 nodes getting started
@tracker All nodes finishes job
start listen on 10.110.42.71:60063
@tracker All of 1 nodes getting started
@tracker All nodes finishes job
start listen on 10.110.42.71:57333
@tracker All of 1 nodes getting started
@tracker All nodes finishes job
start listen on 10.110.42.71:51931
@tracker All of 1 nodes getting started
@tracker All nodes finishes job
Trial 209 finished with value: 0.91055 and parameters: {'tree_method': 'gpu_hist', 'lambda': 0.00010246117420850477, 'alpha': 0.0005090956567854137, 'colsample_bytree': 0.3619238055315017, 'subsample': 0.7094275169100733, 'learning_rate': 0.0901869627889126, 'max_depth': 7, 'min_child_weight': 1, 'eval_metric': 'logloss'}. Best is trial 184 with value: 0.9115333333333333.
start listen on 10.110.42.71:49363
@tracker All of 1 nodes getting started
@tracker All nodes finishes job
start listen on 10.110.42.71:36833
@tracker All of 1 nodes getting started
@tracker All nodes finishes job
start listen on 10.110.42.71:36603
@tracker All of 1 nodes getting started
@tracker All nodes finishes job
start listen on 10.110.42.71:46411
@tracker All of 1 nodes getting started
@tracker All nodes finishes job
start listen on 10.110.42.71:48773
@tracker All of 1 nodes getting started
@tracker All nodes finishes job
Trial 210 finished with value: 0.9102833333333333 and parameters: {'tree_method': 'gpu_hist', 'lambda': 0.00015837075431161874, 'alpha': 0.00013275148284019322, 'colsample_bytree': 0.4354568279604116, 'subsample': 0.6687416942008199, 'learning_rate': 0.08250806440576937, 'max_depth': 7, 'min_child_weight': 8, 'eval_metric': 'logloss'}. Best is trial 184 with value: 0.9115333333333333.
start listen on 10.110.42.71:42279
@tracker All of 1 nodes getting started
@tracker All nodes finishes job
start listen on 10.110.42.71:53321
@tracker All of 1 nodes getting started
@tracker All nodes finishes job
start listen on 10.110.42.71:38641
@tracker All of 1 nodes getting started
@tracker All nodes finishes job
start listen on 10.110.42.71:42173
@tracker All of 1 nodes getting started
@tracker All nodes finishes job
start listen on 10.110.42.71:44367
@tracker All of 1 nodes getting started
@tracker All nodes finishes job
Trial 211 finished with value: 0.9094666666666666 and parameters: {'tree_method': 'gpu_hist', 'lambda': 0.0002561780478146219, 'alpha': 0.0002595412088242572, 'colsample_bytree': 0.47169802389485027, 'subsample': 0.7905781390776452, 'learning_rate': 0.08911332090999426, 'max_depth': 7, 'min_child_weight': 14, 'eval_metric': 'logloss'}. Best is trial 184 with value: 0.9115333333333333.
start listen on 10.110.42.71:47457
@tracker All of 1 nodes getting started
@tracker All nodes finishes job
start listen on 10.110.42.71:49017
@tracker All of 1 nodes getting started
@tracker All nodes finishes job
start listen on 10.110.42.71:51107
@tracker All of 1 nodes getting started
@tracker All nodes finishes job
start listen on 10.110.42.71:59871
@tracker All of 1 nodes getting started
@tracker All nodes finishes job
start listen on 10.110.42.71:49383
@tracker All of 1 nodes getting started
@tracker All nodes finishes job
Trial 212 finished with value: 0.9101666666666667 and parameters: {'tree_method': 'gpu_hist', 'lambda': 0.00016493588874475198, 'alpha': 0.00019792195209728666, 'colsample_bytree': 0.40228144413550443, 'subsample': 0.7464363499814134, 'learning_rate': 0.077196605298336, 'max_depth': 7, 'min_child_weight': 7, 'eval_metric': 'logloss'}. Best is trial 184 with value: 0.9115333333333333.
start listen on 10.110.42.71:34465
@tracker All of 1 nodes getting started
@tracker All nodes finishes job
start listen on 10.110.42.71:40695
@tracker All of 1 nodes getting started
@tracker All nodes finishes job
start listen on 10.110.42.71:54997
@tracker All of 1 nodes getting started
@tracker All nodes finishes job
start listen on 10.110.42.71:59711
@tracker All of 1 nodes getting started
@tracker All nodes finishes job
start listen on 10.110.42.71:37973
@tracker All of 1 nodes getting started
@tracker All nodes finishes job
Trial 213 finished with value: 0.9097 and parameters: {'tree_method': 'gpu_hist', 'lambda': 0.00012734372253807741, 'alpha': 0.0003089013169775503, 'colsample_bytree': 0.3468383745836435, 'subsample': 0.7293511819890489, 'learning_rate': 0.09071916634760308, 'max_depth': 7, 'min_child_weight': 12, 'eval_metric': 'logloss'}. Best is trial 184 with value: 0.9115333333333333.
start listen on 10.110.42.71:40965
@tracker All of 1 nodes getting started
@tracker All nodes finishes job
start listen on 10.110.42.71:51293
@tracker All of 1 nodes getting started
@tracker All nodes finishes job
start listen on 10.110.42.71:53799
@tracker All of 1 nodes getting started
@tracker All nodes finishes job
start listen on 10.110.42.71:58671
@tracker All of 1 nodes getting started
@tracker All nodes finishes job
start listen on 10.110.42.71:44721
@tracker All of 1 nodes getting started
@tracker All nodes finishes job
Trial 214 finished with value: 0.9112166666666667 and parameters: {'tree_method': 'gpu_hist', 'lambda': 0.0003503874973420828, 'alpha': 0.00037373531297980644, 'colsample_bytree': 0.44009736767273966, 'subsample': 0.767216402020474, 'learning_rate': 0.09873284604354753, 'max_depth': 7, 'min_child_weight': 1, 'eval_metric': 'logloss'}. Best is trial 184 with value: 0.9115333333333333.
start listen on 10.110.42.71:39165
@tracker All of 1 nodes getting started
@tracker All nodes finishes job
start listen on 10.110.42.71:37489
@tracker All of 1 nodes getting started
@tracker All nodes finishes job
start listen on 10.110.42.71:48633
@tracker All of 1 nodes getting started
@tracker All nodes finishes job
start listen on 10.110.42.71:37369
@tracker All of 1 nodes getting started
@tracker All nodes finishes job
start listen on 10.110.42.71:35315
@tracker All of 1 nodes getting started
@tracker All nodes finishes job
Trial 215 finished with value: 0.9109166666666667 and parameters: {'tree_method': 'gpu_hist', 'lambda': 0.00030366669940185286, 'alpha': 0.00039507537935607834, 'colsample_bytree': 0.4243301067413956, 'subsample': 0.7758274986823556, 'learning_rate': 0.09034124419124143, 'max_depth': 7, 'min_child_weight': 1, 'eval_metric': 'logloss'}. Best is trial 184 with value: 0.9115333333333333.
start listen on 10.110.42.71:43687
@tracker All of 1 nodes getting started
@tracker All nodes finishes job
start listen on 10.110.42.71:56215
@tracker All of 1 nodes getting started
@tracker All nodes finishes job
start listen on 10.110.42.71:58841
@tracker All of 1 nodes getting started
@tracker All nodes finishes job
start listen on 10.110.42.71:35493
@tracker All of 1 nodes getting started
@tracker All nodes finishes job
start listen on 10.110.42.71:41563
@tracker All of 1 nodes getting started
@tracker All nodes finishes job
Trial 216 finished with value: 0.9103666666666667 and parameters: {'tree_method': 'gpu_hist', 'lambda': 0.0003300892544237113, 'alpha': 0.0004085436258158734, 'colsample_bytree': 0.43827306185047404, 'subsample': 0.754210279697196, 'learning_rate': 0.09973177853735599, 'max_depth': 7, 'min_child_weight': 7, 'eval_metric': 'logloss'}. Best is trial 184 with value: 0.9115333333333333.
start listen on 10.110.42.71:53941
@tracker All of 1 nodes getting started
@tracker All nodes finishes job
start listen on 10.110.42.71:39991
@tracker All of 1 nodes getting started
@tracker All nodes finishes job
start listen on 10.110.42.71:40961
@tracker All of 1 nodes getting started
@tracker All nodes finishes job
start listen on 10.110.42.71:40921
@tracker All of 1 nodes getting started
@tracker All nodes finishes job
start listen on 10.110.42.71:41373
@tracker All of 1 nodes getting started
@tracker All nodes finishes job
Trial 217 finished with value: 0.9113666666666667 and parameters: {'tree_method': 'gpu_hist', 'lambda': 0.0002447918131151192, 'alpha': 0.0005291126871902136, 'colsample_bytree': 0.46521670064100873, 'subsample': 0.7386814370729253, 'learning_rate': 0.08129238580422114, 'max_depth': 7, 'min_child_weight': 1, 'eval_metric': 'logloss'}. Best is trial 184 with value: 0.9115333333333333.
start listen on 10.110.42.71:45421
@tracker All of 1 nodes getting started
@tracker All nodes finishes job
start listen on 10.110.42.71:60631
@tracker All of 1 nodes getting started
@tracker All nodes finishes job
start listen on 10.110.42.71:42307
@tracker All of 1 nodes getting started
@tracker All nodes finishes job
start listen on 10.110.42.71:58479
@tracker All of 1 nodes getting started
@tracker All nodes finishes job
start listen on 10.110.42.71:36503
@tracker All of 1 nodes getting started
@tracker All nodes finishes job
Trial 218 finished with value: 0.91025 and parameters: {'tree_method': 'gpu_hist', 'lambda': 0.0002498388826937213, 'alpha': 0.0005092156368838648, 'colsample_bytree': 0.46376415220793765, 'subsample': 0.737238080935882, 'learning_rate': 0.08240357995084055, 'max_depth': 7, 'min_child_weight': 8, 'eval_metric': 'logloss'}. Best is trial 184 with value: 0.9115333333333333.
start listen on 10.110.42.71:38665
@tracker All of 1 nodes getting started
@tracker All nodes finishes job
start listen on 10.110.42.71:36389
@tracker All of 1 nodes getting started
@tracker All nodes finishes job
start listen on 10.110.42.71:52259
@tracker All of 1 nodes getting started
@tracker All nodes finishes job
start listen on 10.110.42.71:44609
@tracker All of 1 nodes getting started
@tracker All nodes finishes job
start listen on 10.110.42.71:48709
@tracker All of 1 nodes getting started
@tracker All nodes finishes job
Trial 219 finished with value: 0.9100333333333334 and parameters: {'tree_method': 'gpu_hist', 'lambda': 0.00037051463493702164, 'alpha': 0.0003833889807829127, 'colsample_bytree': 0.4254696136823033, 'subsample': 0.7203898315071251, 'learning_rate': 0.07235617619399498, 'max_depth': 7, 'min_child_weight': 7, 'eval_metric': 'logloss'}. Best is trial 184 with value: 0.9115333333333333.
start listen on 10.110.42.71:50901
@tracker All of 1 nodes getting started
@tracker All nodes finishes job
start listen on 10.110.42.71:37639
@tracker All of 1 nodes getting started
@tracker All nodes finishes job
start listen on 10.110.42.71:60593
@tracker All of 1 nodes getting started
@tracker All nodes finishes job
start listen on 10.110.42.71:34993
@tracker All of 1 nodes getting started
@tracker All nodes finishes job
start listen on 10.110.42.71:35453
@tracker All of 1 nodes getting started
@tracker All nodes finishes job
