Trial 528 finished with value: 0.90945 and parameters: {'tree_method': 'gpu_hist', 'lambda': 0.00010003616462350464, 'alpha': 0.000640903440054847, 'colsample_bytree': 0.42269108806065836, 'subsample': 0.7870116026660225, 'learning_rate': 0.07052366166299275, 'max_depth': 7, 'min_child_weight': 11, 'eval_metric': 'logloss'}. Best is trial 478 with value: 0.91195.
start listen on 10.110.42.71:41585
@tracker All of 1 nodes getting started
@tracker All nodes finishes job
start listen on 10.110.42.71:36983
@tracker All of 1 nodes getting started
@tracker All nodes finishes job
start listen on 10.110.42.71:34173
@tracker All of 1 nodes getting started
@tracker All nodes finishes job
start listen on 10.110.42.71:48677
@tracker All of 1 nodes getting started
@tracker All nodes finishes job
start listen on 10.110.42.71:34901
@tracker All of 1 nodes getting started
@tracker All nodes finishes job
Trial 529 finished with value: 0.9104333333333333 and parameters: {'tree_method': 'gpu_hist', 'lambda': 0.00016495230417153068, 'alpha': 0.00014319596508405785, 'colsample_bytree': 0.47163507663054566, 'subsample': 0.5963123774796221, 'learning_rate': 0.07730877188442216, 'max_depth': 7, 'min_child_weight': 7, 'eval_metric': 'logloss'}. Best is trial 478 with value: 0.91195.
start listen on 10.110.42.71:36793
@tracker All of 1 nodes getting started
@tracker All nodes finishes job
start listen on 10.110.42.71:36493
@tracker All of 1 nodes getting started
@tracker All nodes finishes job
start listen on 10.110.42.71:57573
@tracker All of 1 nodes getting started
@tracker All nodes finishes job
start listen on 10.110.42.71:59491
@tracker All of 1 nodes getting started
@tracker All nodes finishes job
start listen on 10.110.42.71:49197
@tracker All of 1 nodes getting started
@tracker All nodes finishes job
Trial 530 finished with value: 0.9062333333333333 and parameters: {'tree_method': 'gpu_hist', 'lambda': 0.000232694536837398, 'alpha': 0.000260174788156059, 'colsample_bytree': 0.4071840806175802, 'subsample': 0.6923589159539688, 'learning_rate': 0.08816123784318826, 'max_depth': 11, 'min_child_weight': 27, 'eval_metric': 'logloss'}. Best is trial 478 with value: 0.91195.
start listen on 10.110.42.71:34801
@tracker All of 1 nodes getting started
@tracker All nodes finishes job
start listen on 10.110.42.71:44257
@tracker All of 1 nodes getting started
@tracker All nodes finishes job
start listen on 10.110.42.71:47769
@tracker All of 1 nodes getting started
@tracker All nodes finishes job
start listen on 10.110.42.71:50725
@tracker All of 1 nodes getting started
@tracker All nodes finishes job
start listen on 10.110.42.71:35621
@tracker All of 1 nodes getting started
@tracker All nodes finishes job
Trial 531 finished with value: 0.9107166666666666 and parameters: {'tree_method': 'gpu_hist', 'lambda': 0.00019403856062170797, 'alpha': 0.00033324780208314724, 'colsample_bytree': 0.4408137153098812, 'subsample': 0.7194277621373468, 'learning_rate': 0.059789480383066036, 'max_depth': 7, 'min_child_weight': 1, 'eval_metric': 'logloss'}. Best is trial 478 with value: 0.91195.
start listen on 10.110.42.71:50477
@tracker All of 1 nodes getting started
@tracker All nodes finishes job
start listen on 10.110.42.71:35665
@tracker All of 1 nodes getting started
@tracker All nodes finishes job
start listen on 10.110.42.71:48149
@tracker All of 1 nodes getting started
@tracker All nodes finishes job
start listen on 10.110.42.71:40399
@tracker All of 1 nodes getting started
@tracker All nodes finishes job
start listen on 10.110.42.71:58959
@tracker All of 1 nodes getting started
@tracker All nodes finishes job
Trial 532 finished with value: 0.9084833333333333 and parameters: {'tree_method': 'gpu_hist', 'lambda': 0.0001315381220407493, 'alpha': 0.0004057745314670594, 'colsample_bytree': 0.42959442709122114, 'subsample': 0.762807250467685, 'learning_rate': 0.09150525085694136, 'max_depth': 7, 'min_child_weight': 17, 'eval_metric': 'logloss'}. Best is trial 478 with value: 0.91195.
start listen on 10.110.42.71:49691
@tracker All of 1 nodes getting started
@tracker All nodes finishes job
start listen on 10.110.42.71:33593
@tracker All of 1 nodes getting started
@tracker All nodes finishes job
start listen on 10.110.42.71:38111
@tracker All of 1 nodes getting started
@tracker All nodes finishes job
start listen on 10.110.42.71:44593
@tracker All of 1 nodes getting started
@tracker All nodes finishes job
start listen on 10.110.42.71:48491
@tracker All of 1 nodes getting started
@tracker All nodes finishes job
Trial 533 finished with value: 0.9089 and parameters: {'tree_method': 'gpu_hist', 'lambda': 0.00015238738176469142, 'alpha': 0.0002046867804424285, 'colsample_bytree': 0.4584526893838419, 'subsample': 0.7353413485139031, 'learning_rate': 0.08089292349709634, 'max_depth': 5, 'min_child_weight': 6, 'eval_metric': 'logloss'}. Best is trial 478 with value: 0.91195.
start listen on 10.110.42.71:58379
@tracker All of 1 nodes getting started
@tracker All nodes finishes job
start listen on 10.110.42.71:56339
@tracker All of 1 nodes getting started
@tracker All nodes finishes job
start listen on 10.110.42.71:48355
@tracker All of 1 nodes getting started
@tracker All nodes finishes job
start listen on 10.110.42.71:57199
@tracker All of 1 nodes getting started
@tracker All nodes finishes job
start listen on 10.110.42.71:34837
@tracker All of 1 nodes getting started
@tracker All nodes finishes job
Trial 534 finished with value: 0.90905 and parameters: {'tree_method': 'gpu_hist', 'lambda': 0.0002498441597379241, 'alpha': 0.0005041629584006483, 'colsample_bytree': 0.4000235749666194, 'subsample': 0.7070931353923974, 'learning_rate': 0.07398793930687889, 'max_depth': 7, 'min_child_weight': 11, 'eval_metric': 'logloss'}. Best is trial 478 with value: 0.91195.
start listen on 10.110.42.71:54451
@tracker All of 1 nodes getting started
@tracker All nodes finishes job
start listen on 10.110.42.71:43955
@tracker All of 1 nodes getting started
@tracker All nodes finishes job
start listen on 10.110.42.71:51241
@tracker All of 1 nodes getting started
@tracker All nodes finishes job
start listen on 10.110.42.71:54753
@tracker All of 1 nodes getting started
@tracker All nodes finishes job
start listen on 10.110.42.71:49023
@tracker All of 1 nodes getting started
@tracker All nodes finishes job
Trial 535 finished with value: 0.9110833333333334 and parameters: {'tree_method': 'gpu_hist', 'lambda': 0.00012363395976332678, 'alpha': 0.0010316567054203523, 'colsample_bytree': 0.4130163749437206, 'subsample': 0.7996622648187207, 'learning_rate': 0.08644632985858615, 'max_depth': 7, 'min_child_weight': 1, 'eval_metric': 'logloss'}. Best is trial 478 with value: 0.91195.
start listen on 10.110.42.71:37135
@tracker All of 1 nodes getting started
@tracker All nodes finishes job
start listen on 10.110.42.71:48177
@tracker All of 1 nodes getting started
@tracker All nodes finishes job
start listen on 10.110.42.71:43935
@tracker All of 1 nodes getting started
@tracker All nodes finishes job
start listen on 10.110.42.71:42715
@tracker All of 1 nodes getting started
@tracker All nodes finishes job
start listen on 10.110.42.71:54041
@tracker All of 1 nodes getting started
@tracker All nodes finishes job
Trial 536 finished with value: 0.9098666666666667 and parameters: {'tree_method': 'gpu_hist', 'lambda': 0.00017480592254241314, 'alpha': 0.00029944773099309255, 'colsample_bytree': 0.38242532151347325, 'subsample': 0.7482418274298883, 'learning_rate': 0.08942401234939013, 'max_depth': 7, 'min_child_weight': 7, 'eval_metric': 'logloss'}. Best is trial 478 with value: 0.91195.
start listen on 10.110.42.71:55673
@tracker All of 1 nodes getting started
@tracker All nodes finishes job
start listen on 10.110.42.71:42671
@tracker All of 1 nodes getting started
@tracker All nodes finishes job
start listen on 10.110.42.71:37219
@tracker All of 1 nodes getting started
@tracker All nodes finishes job
start listen on 10.110.42.71:34981
@tracker All of 1 nodes getting started
@tracker All nodes finishes job
start listen on 10.110.42.71:44595
@tracker All of 1 nodes getting started
@tracker All nodes finishes job
Trial 537 finished with value: 0.8801666666666667 and parameters: {'tree_method': 'gpu_hist', 'lambda': 0.00012225308277613567, 'alpha': 0.0007708722890549117, 'colsample_bytree': 0.4519235883415216, 'subsample': 0.7782439475750375, 'learning_rate': 0.03172263436861525, 'max_depth': 3, 'min_child_weight': 194, 'eval_metric': 'logloss'}. Best is trial 478 with value: 0.91195.
start listen on 10.110.42.71:54837
@tracker All of 1 nodes getting started
@tracker All nodes finishes job
start listen on 10.110.42.71:41935
@tracker All of 1 nodes getting started
@tracker All nodes finishes job
start listen on 10.110.42.71:48791
@tracker All of 1 nodes getting started
@tracker All nodes finishes job
start listen on 10.110.42.71:37601
@tracker All of 1 nodes getting started
@tracker All nodes finishes job
start listen on 10.110.42.71:56213
@tracker All of 1 nodes getting started
@tracker All nodes finishes job
Trial 538 finished with value: 0.9092333333333333 and parameters: {'tree_method': 'gpu_hist', 'lambda': 0.0002081581182960338, 'alpha': 0.00011356298925155163, 'colsample_bytree': 0.42839867446518276, 'subsample': 0.7615135279809773, 'learning_rate': 0.09982053501406751, 'max_depth': 7, 'min_child_weight': 11, 'eval_metric': 'logloss'}. Best is trial 478 with value: 0.91195.
start listen on 10.110.42.71:60155
@tracker All of 1 nodes getting started
@tracker All nodes finishes job
start listen on 10.110.42.71:49695
@tracker All of 1 nodes getting started
@tracker All nodes finishes job
start listen on 10.110.42.71:34599
@tracker All of 1 nodes getting started
@tracker All nodes finishes job
start listen on 10.110.42.71:46023
@tracker All of 1 nodes getting started
@tracker All nodes finishes job
start listen on 10.110.42.71:49705
@tracker All of 1 nodes getting started
@tracker All nodes finishes job
Trial 539 finished with value: 0.9111833333333333 and parameters: {'tree_method': 'gpu_hist', 'lambda': 0.00027903445011231515, 'alpha': 0.0004459759331000324, 'colsample_bytree': 0.4785614877087997, 'subsample': 0.6371947820463314, 'learning_rate': 0.08011944358435016, 'max_depth': 7, 'min_child_weight': 1, 'eval_metric': 'logloss'}. Best is trial 478 with value: 0.91195.
start listen on 10.110.42.71:32783
@tracker All of 1 nodes getting started
@tracker All nodes finishes job
start listen on 10.110.42.71:58013
@tracker All of 1 nodes getting started
@tracker All nodes finishes job
start listen on 10.110.42.71:56603
@tracker All of 1 nodes getting started
@tracker All nodes finishes job
start listen on 10.110.42.71:46585
@tracker All of 1 nodes getting started
@tracker All nodes finishes job
start listen on 10.110.42.71:52927
@tracker All of 1 nodes getting started
@tracker All nodes finishes job
Trial 540 finished with value: 0.9075833333333333 and parameters: {'tree_method': 'gpu_hist', 'lambda': 0.00014905362430841774, 'alpha': 0.00016121011564278803, 'colsample_bytree': 0.39737324094641063, 'subsample': 0.7247712618938914, 'learning_rate': 0.0684355785171429, 'max_depth': 7, 'min_child_weight': 21, 'eval_metric': 'logloss'}. Best is trial 478 with value: 0.91195.
start listen on 10.110.42.71:43143
@tracker All of 1 nodes getting started
@tracker All nodes finishes job
start listen on 10.110.42.71:56423
@tracker All of 1 nodes getting started
@tracker All nodes finishes job
start listen on 10.110.42.71:35687
@tracker All of 1 nodes getting started
@tracker All nodes finishes job
start listen on 10.110.42.71:41635
@tracker All of 1 nodes getting started
@tracker All nodes finishes job
start listen on 10.110.42.71:40569
@tracker All of 1 nodes getting started
@tracker All nodes finishes job
Trial 541 finished with value: 0.9081 and parameters: {'tree_method': 'gpu_hist', 'lambda': 0.0002056439632689084, 'alpha': 0.00023867752655022683, 'colsample_bytree': 0.41750131896583875, 'subsample': 0.7863751226778111, 'learning_rate': 0.09211107856666732, 'max_depth': 15, 'min_child_weight': 7, 'eval_metric': 'logloss'}. Best is trial 478 with value: 0.91195.
start listen on 10.110.42.71:38123
@tracker All of 1 nodes getting started
@tracker All nodes finishes job
start listen on 10.110.42.71:48693
@tracker All of 1 nodes getting started
@tracker All nodes finishes job
start listen on 10.110.42.71:53241
@tracker All of 1 nodes getting started
@tracker All nodes finishes job
start listen on 10.110.42.71:48881
@tracker All of 1 nodes getting started
@tracker All nodes finishes job
start listen on 10.110.42.71:38321
@tracker All of 1 nodes getting started
@tracker All nodes finishes job
Trial 542 finished with value: 0.9091666666666667 and parameters: {'tree_method': 'gpu_hist', 'lambda': 0.00016018045099219815, 'alpha': 0.0006157711208611336, 'colsample_bytree': 0.4407423181552673, 'subsample': 0.7422534562189654, 'learning_rate': 0.08054612320331107, 'max_depth': 7, 'min_child_weight': 15, 'eval_metric': 'logloss'}. Best is trial 478 with value: 0.91195.
start listen on 10.110.42.71:59333
@tracker All of 1 nodes getting started
@tracker All nodes finishes job
start listen on 10.110.42.71:47715
@tracker All of 1 nodes getting started
@tracker All nodes finishes job
start listen on 10.110.42.71:40917
@tracker All of 1 nodes getting started
@tracker All nodes finishes job
start listen on 10.110.42.71:38125
@tracker All of 1 nodes getting started
@tracker All nodes finishes job
start listen on 10.110.42.71:54881
@tracker All of 1 nodes getting started
@tracker All nodes finishes job
Trial 543 finished with value: 0.9103333333333333 and parameters: {'tree_method': 'gpu_hist', 'lambda': 0.00011896212106615552, 'alpha': 0.19410129333076745, 'colsample_bytree': 0.37780080462513604, 'subsample': 0.6817893372643973, 'learning_rate': 0.09261108442550595, 'max_depth': 7, 'min_child_weight': 6, 'eval_metric': 'logloss'}. Best is trial 478 with value: 0.91195.
start listen on 10.110.42.71:39091
@tracker All of 1 nodes getting started
@tracker All nodes finishes job
start listen on 10.110.42.71:43891
@tracker All of 1 nodes getting started
@tracker All nodes finishes job
start listen on 10.110.42.71:44401
@tracker All of 1 nodes getting started
@tracker All nodes finishes job
start listen on 10.110.42.71:35645
@tracker All of 1 nodes getting started
@tracker All nodes finishes job
start listen on 10.110.42.71:59859
@tracker All of 1 nodes getting started
@tracker All nodes finishes job
Trial 544 finished with value: 0.9109833333333334 and parameters: {'tree_method': 'gpu_hist', 'lambda': 0.0009163368021848439, 'alpha': 0.0003440658383276092, 'colsample_bytree': 0.40986709165802887, 'subsample': 0.7641020969803323, 'learning_rate': 0.07319869291253178, 'max_depth': 7, 'min_child_weight': 1, 'eval_metric': 'logloss'}. Best is trial 478 with value: 0.91195.
start listen on 10.110.42.71:50725
@tracker All of 1 nodes getting started
@tracker All nodes finishes job
start listen on 10.110.42.71:44057
@tracker All of 1 nodes getting started
@tracker All nodes finishes job
start listen on 10.110.42.71:39277
@tracker All of 1 nodes getting started
@tracker All nodes finishes job
start listen on 10.110.42.71:58973
@tracker All of 1 nodes getting started
@tracker All nodes finishes job
start listen on 10.110.42.71:32873
@tracker All of 1 nodes getting started
@tracker All nodes finishes job
Trial 545 finished with value: 0.9096833333333333 and parameters: {'tree_method': 'gpu_hist', 'lambda': 0.00010131118056621344, 'alpha': 0.0002863655283630983, 'colsample_bytree': 0.4651576731329659, 'subsample': 0.7084083731887968, 'learning_rate': 0.0999733373950898, 'max_depth': 7, 'min_child_weight': 13, 'eval_metric': 'logloss'}. Best is trial 478 with value: 0.91195.
start listen on 10.110.42.71:45735
@tracker All of 1 nodes getting started
@tracker All nodes finishes job
start listen on 10.110.42.71:60275
@tracker All of 1 nodes getting started
@tracker All nodes finishes job
start listen on 10.110.42.71:49559
@tracker All of 1 nodes getting started
@tracker All nodes finishes job
start listen on 10.110.42.71:43751
@tracker All of 1 nodes getting started
@tracker All nodes finishes job
start listen on 10.110.42.71:34125
@tracker All of 1 nodes getting started
@tracker All nodes finishes job
Trial 546 finished with value: 0.9103 and parameters: {'tree_method': 'gpu_hist', 'lambda': 0.0002524216053180417, 'alpha': 0.0005265219814589261, 'colsample_bytree': 0.4308289554429966, 'subsample': 0.8059491305823681, 'learning_rate': 0.08366158320927186, 'max_depth': 7, 'min_child_weight': 7, 'eval_metric': 'logloss'}. Best is trial 478 with value: 0.91195.
start listen on 10.110.42.71:50007
@tracker All of 1 nodes getting started
@tracker All nodes finishes job
start listen on 10.110.42.71:58447
@tracker All of 1 nodes getting started
@tracker All nodes finishes job
start listen on 10.110.42.71:39299
@tracker All of 1 nodes getting started
@tracker All nodes finishes job
start listen on 10.110.42.71:52215
@tracker All of 1 nodes getting started
@tracker All nodes finishes job
start listen on 10.110.42.71:57607
@tracker All of 1 nodes getting started
@tracker All nodes finishes job
Trial 547 finished with value: 0.91055 and parameters: {'tree_method': 'gpu_hist', 'lambda': 0.00018494374548595744, 'alpha': 0.0003848420983346858, 'colsample_bytree': 0.7223227480455958, 'subsample': 0.7338712846684405, 'learning_rate': 0.08499520389332811, 'max_depth': 7, 'min_child_weight': 1, 'eval_metric': 'logloss'}. Best is trial 478 with value: 0.91195.
start listen on 10.110.42.71:35029
@tracker All of 1 nodes getting started
@tracker All nodes finishes job
start listen on 10.110.42.71:56129
@tracker All of 1 nodes getting started
@tracker All nodes finishes job
start listen on 10.110.42.71:33427
@tracker All of 1 nodes getting started
@tracker All nodes finishes job
start listen on 10.110.42.71:44323
@tracker All of 1 nodes getting started
@tracker All nodes finishes job
start listen on 10.110.42.71:47093
@tracker All of 1 nodes getting started
@tracker All nodes finishes job
Trial 548 finished with value: 0.9097833333333334 and parameters: {'tree_method': 'gpu_hist', 'lambda': 0.0003564962177968485, 'alpha': 0.00020537637282741822, 'colsample_bytree': 0.39293133423792387, 'subsample': 0.7532347514332128, 'learning_rate': 0.07479802752625678, 'max_depth': 7, 'min_child_weight': 10, 'eval_metric': 'logloss'}. Best is trial 478 with value: 0.91195.
start listen on 10.110.42.71:45805
@tracker All of 1 nodes getting started
@tracker All nodes finishes job
start listen on 10.110.42.71:44757
@tracker All of 1 nodes getting started
@tracker All nodes finishes job
start listen on 10.110.42.71:42877
@tracker All of 1 nodes getting started
@tracker All nodes finishes job
start listen on 10.110.42.71:60843
@tracker All of 1 nodes getting started
@tracker All nodes finishes job
start listen on 10.110.42.71:33245
@tracker All of 1 nodes getting started
@tracker All nodes finishes job
Trial 549 finished with value: 0.9081666666666667 and parameters: {'tree_method': 'gpu_hist', 'lambda': 0.00014888702643011707, 'alpha': 0.00043888316263176455, 'colsample_bytree': 0.4191875037235952, 'subsample': 0.7167881161308489, 'learning_rate': 0.09205712059062517, 'max_depth': 7, 'min_child_weight': 18, 'eval_metric': 'logloss'}. Best is trial 478 with value: 0.91195.
start listen on 10.110.42.71:52387
@tracker All of 1 nodes getting started
@tracker All nodes finishes job
start listen on 10.110.42.71:43229
@tracker All of 1 nodes getting started
@tracker All nodes finishes job
start listen on 10.110.42.71:37789
@tracker All of 1 nodes getting started
@tracker All nodes finishes job
start listen on 10.110.42.71:56299
@tracker All of 1 nodes getting started
@tracker All nodes finishes job
start listen on 10.110.42.71:40663
@tracker All of 1 nodes getting started
@tracker All nodes finishes job
Trial 550 finished with value: 0.8949 and parameters: {'tree_method': 'gpu_hist', 'lambda': 0.00012323066394829733, 'alpha': 0.00029965025608641476, 'colsample_bytree': 0.44617204397290716, 'subsample': 0.7879728594949037, 'learning_rate': 0.048852467912948824, 'max_depth': 7, 'min_child_weight': 160, 'eval_metric': 'logloss'}. Best is trial 478 with value: 0.91195.
start listen on 10.110.42.71:48641
@tracker All of 1 nodes getting started
@tracker All nodes finishes job
start listen on 10.110.42.71:60999
@tracker All of 1 nodes getting started
@tracker All nodes finishes job
start listen on 10.110.42.71:54349
@tracker All of 1 nodes getting started
@tracker All nodes finishes job
start listen on 10.110.42.71:45073
@tracker All of 1 nodes getting started
@tracker All nodes finishes job
start listen on 10.110.42.71:35503
@tracker All of 1 nodes getting started
@tracker All nodes finishes job
Trial 551 finished with value: 0.91055 and parameters: {'tree_method': 'gpu_hist', 'lambda': 0.00018944113081554014, 'alpha': 0.0005851917229932497, 'colsample_bytree': 0.4018544681784525, 'subsample': 0.7251753737954326, 'learning_rate': 0.06825521042632901, 'max_depth': 7, 'min_child_weight': 6, 'eval_metric': 'logloss'}. Best is trial 478 with value: 0.91195.
start listen on 10.110.42.71:49509
@tracker All of 1 nodes getting started
@tracker All nodes finishes job
start listen on 10.110.42.71:50915
@tracker All of 1 nodes getting started
@tracker All nodes finishes job
start listen on 10.110.42.71:38061
@tracker All of 1 nodes getting started
@tracker All nodes finishes job
start listen on 10.110.42.71:53937
@tracker All of 1 nodes getting started
@tracker All nodes finishes job
start listen on 10.110.42.71:57545
@tracker All of 1 nodes getting started
@tracker All nodes finishes job
