Trial 504 finished with value: 0.91025 and parameters: {'tree_method': 'gpu_hist', 'lambda': 0.00010047483887951746, 'alpha': 0.00017765696241853882, 'colsample_bytree': 0.44957613685691183, 'subsample': 0.6847683470880834, 'learning_rate': 0.07954359809167046, 'max_depth': 7, 'min_child_weight': 10, 'eval_metric': 'logloss'}. Best is trial 478 with value: 0.91195.
start listen on 10.110.42.71:38029
@tracker All of 1 nodes getting started
@tracker All nodes finishes job
start listen on 10.110.42.71:53175
@tracker All of 1 nodes getting started
@tracker All nodes finishes job
start listen on 10.110.42.71:39921
@tracker All of 1 nodes getting started
@tracker All nodes finishes job
start listen on 10.110.42.71:58781
@tracker All of 1 nodes getting started
@tracker All nodes finishes job
start listen on 10.110.42.71:33909
@tracker All of 1 nodes getting started
@tracker All nodes finishes job
Trial 505 finished with value: 0.9109 and parameters: {'tree_method': 'gpu_hist', 'lambda': 0.0001598439306814072, 'alpha': 0.0004921064858348975, 'colsample_bytree': 0.4199390192251609, 'subsample': 0.77954334710813, 'learning_rate': 0.06951373960284858, 'max_depth': 7, 'min_child_weight': 1, 'eval_metric': 'logloss'}. Best is trial 478 with value: 0.91195.
start listen on 10.110.42.71:60895
@tracker All of 1 nodes getting started
@tracker All nodes finishes job
start listen on 10.110.42.71:34735
@tracker All of 1 nodes getting started
@tracker All nodes finishes job
start listen on 10.110.42.71:41561
@tracker All of 1 nodes getting started
@tracker All nodes finishes job
start listen on 10.110.42.71:41655
@tracker All of 1 nodes getting started
@tracker All nodes finishes job
start listen on 10.110.42.71:48399
@tracker All of 1 nodes getting started
@tracker All nodes finishes job
Trial 506 finished with value: 0.9100166666666667 and parameters: {'tree_method': 'gpu_hist', 'lambda': 0.00018165056305118865, 'alpha': 0.0002832062531206729, 'colsample_bytree': 0.43972093267420215, 'subsample': 0.8025377538704034, 'learning_rate': 0.08500622157299172, 'max_depth': 7, 'min_child_weight': 7, 'eval_metric': 'logloss'}. Best is trial 478 with value: 0.91195.
start listen on 10.110.42.71:47799
@tracker All of 1 nodes getting started
@tracker All nodes finishes job
start listen on 10.110.42.71:45843
@tracker All of 1 nodes getting started
@tracker All nodes finishes job
start listen on 10.110.42.71:54031
@tracker All of 1 nodes getting started
@tracker All nodes finishes job
start listen on 10.110.42.71:32981
@tracker All of 1 nodes getting started
@tracker All nodes finishes job
start listen on 10.110.42.71:41143
@tracker All of 1 nodes getting started
@tracker All nodes finishes job
Trial 507 finished with value: 0.9093833333333333 and parameters: {'tree_method': 'gpu_hist', 'lambda': 0.0001323061660205303, 'alpha': 0.0004123714767109082, 'colsample_bytree': 0.4003692096939286, 'subsample': 0.7575164062865591, 'learning_rate': 0.09202310402261281, 'max_depth': 7, 'min_child_weight': 15, 'eval_metric': 'logloss'}. Best is trial 478 with value: 0.91195.
start listen on 10.110.42.71:37901
@tracker All of 1 nodes getting started
@tracker All nodes finishes job
start listen on 10.110.42.71:35127
@tracker All of 1 nodes getting started
@tracker All nodes finishes job
start listen on 10.110.42.71:43705
@tracker All of 1 nodes getting started
@tracker All nodes finishes job
start listen on 10.110.42.71:48821
@tracker All of 1 nodes getting started
@tracker All nodes finishes job
start listen on 10.110.42.71:36591
@tracker All of 1 nodes getting started
@tracker All nodes finishes job
Trial 508 finished with value: 0.9021333333333333 and parameters: {'tree_method': 'gpu_hist', 'lambda': 0.0002098621981003036, 'alpha': 0.00012981160555264955, 'colsample_bytree': 0.6764358476402637, 'subsample': 0.7252070828543522, 'learning_rate': 0.07473032936952156, 'max_depth': 3, 'min_child_weight': 7, 'eval_metric': 'logloss'}. Best is trial 478 with value: 0.91195.
start listen on 10.110.42.71:58739
@tracker All of 1 nodes getting started
@tracker All nodes finishes job
start listen on 10.110.42.71:58647
@tracker All of 1 nodes getting started
@tracker All nodes finishes job
start listen on 10.110.42.71:35761
@tracker All of 1 nodes getting started
@tracker All nodes finishes job
start listen on 10.110.42.71:51657
@tracker All of 1 nodes getting started
@tracker All nodes finishes job
start listen on 10.110.42.71:38133
@tracker All of 1 nodes getting started
@tracker All nodes finishes job
Trial 509 finished with value: 0.9099666666666667 and parameters: {'tree_method': 'gpu_hist', 'lambda': 0.0001498138405561642, 'alpha': 0.00020637917769659339, 'colsample_bytree': 0.42705634566706907, 'subsample': 0.8151380643804096, 'learning_rate': 0.08581838420636542, 'max_depth': 7, 'min_child_weight': 6, 'eval_metric': 'logloss'}. Best is trial 478 with value: 0.91195.
start listen on 10.110.42.71:42851
@tracker All of 1 nodes getting started
@tracker All nodes finishes job
start listen on 10.110.42.71:55659
@tracker All of 1 nodes getting started
@tracker All nodes finishes job
start listen on 10.110.42.71:36289
@tracker All of 1 nodes getting started
@tracker All nodes finishes job
start listen on 10.110.42.71:48281
@tracker All of 1 nodes getting started
@tracker All nodes finishes job
start listen on 10.110.42.71:48377
@tracker All of 1 nodes getting started
@tracker All nodes finishes job
Trial 510 finished with value: 0.91095 and parameters: {'tree_method': 'gpu_hist', 'lambda': 0.00019805759209181307, 'alpha': 0.0007477728244698765, 'colsample_bytree': 0.46167027056270143, 'subsample': 0.7809772679037641, 'learning_rate': 0.09982214878625624, 'max_depth': 7, 'min_child_weight': 1, 'eval_metric': 'logloss'}. Best is trial 478 with value: 0.91195.
start listen on 10.110.42.71:36207
@tracker All of 1 nodes getting started
@tracker All nodes finishes job
start listen on 10.110.42.71:54671
@tracker All of 1 nodes getting started
@tracker All nodes finishes job
start listen on 10.110.42.71:46479
@tracker All of 1 nodes getting started
@tracker All nodes finishes job
start listen on 10.110.42.71:36017
@tracker All of 1 nodes getting started
@tracker All nodes finishes job
start listen on 10.110.42.71:43751
@tracker All of 1 nodes getting started
@tracker All nodes finishes job
Trial 511 finished with value: 0.9084333333333333 and parameters: {'tree_method': 'gpu_hist', 'lambda': 0.00012457352483396324, 'alpha': 0.0003110346751167331, 'colsample_bytree': 0.4393682369032993, 'subsample': 0.7952358411457869, 'learning_rate': 0.0792869328591413, 'max_depth': 15, 'min_child_weight': 20, 'eval_metric': 'logloss'}. Best is trial 478 with value: 0.91195.
start listen on 10.110.42.71:42811
@tracker All of 1 nodes getting started
@tracker All nodes finishes job
start listen on 10.110.42.71:45441
@tracker All of 1 nodes getting started
@tracker All nodes finishes job
start listen on 10.110.42.71:55525
@tracker All of 1 nodes getting started
@tracker All nodes finishes job
start listen on 10.110.42.71:39733
@tracker All of 1 nodes getting started
@tracker All nodes finishes job
start listen on 10.110.42.71:53907
@tracker All of 1 nodes getting started
@tracker All nodes finishes job
Trial 512 finished with value: 0.8930666666666667 and parameters: {'tree_method': 'gpu_hist', 'lambda': 0.00010085739536282791, 'alpha': 0.000368677195671244, 'colsample_bytree': 0.4108377993017446, 'subsample': 0.7004809221097471, 'learning_rate': 0.09219283842038237, 'max_depth': 7, 'min_child_weight': 177, 'eval_metric': 'logloss'}. Best is trial 478 with value: 0.91195.
start listen on 10.110.42.71:35227
@tracker All of 1 nodes getting started
@tracker All nodes finishes job
start listen on 10.110.42.71:44629
@tracker All of 1 nodes getting started
@tracker All nodes finishes job
start listen on 10.110.42.71:42045
@tracker All of 1 nodes getting started
@tracker All nodes finishes job
start listen on 10.110.42.71:37857
@tracker All of 1 nodes getting started
@tracker All nodes finishes job
start listen on 10.110.42.71:40033
@tracker All of 1 nodes getting started
@tracker All nodes finishes job
Trial 513 finished with value: 0.9090166666666667 and parameters: {'tree_method': 'gpu_hist', 'lambda': 0.00014389567812378494, 'alpha': 0.0002672911055970403, 'colsample_bytree': 0.3879384365298847, 'subsample': 0.7681242069754924, 'learning_rate': 0.0840922267529893, 'max_depth': 7, 'min_child_weight': 13, 'eval_metric': 'logloss'}. Best is trial 478 with value: 0.91195.
start listen on 10.110.42.71:40845
@tracker All of 1 nodes getting started
@tracker All nodes finishes job
start listen on 10.110.42.71:50647
@tracker All of 1 nodes getting started
@tracker All nodes finishes job
start listen on 10.110.42.71:46955
@tracker All of 1 nodes getting started
@tracker All nodes finishes job
start listen on 10.110.42.71:50997
@tracker All of 1 nodes getting started
@tracker All nodes finishes job
start listen on 10.110.42.71:56453
@tracker All of 1 nodes getting started
@tracker All nodes finishes job
Trial 514 finished with value: 0.9117 and parameters: {'tree_method': 'gpu_hist', 'lambda': 0.0001869540252138934, 'alpha': 0.0005847389875968514, 'colsample_bytree': 0.47560158248092255, 'subsample': 0.7852336550340336, 'learning_rate': 0.07275975962566926, 'max_depth': 7, 'min_child_weight': 1, 'eval_metric': 'logloss'}. Best is trial 478 with value: 0.91195.
start listen on 10.110.42.71:53583
@tracker All of 1 nodes getting started
@tracker All nodes finishes job
start listen on 10.110.42.71:52175
@tracker All of 1 nodes getting started
@tracker All nodes finishes job
start listen on 10.110.42.71:60367
@tracker All of 1 nodes getting started
@tracker All nodes finishes job
start listen on 10.110.42.71:34871
@tracker All of 1 nodes getting started
@tracker All nodes finishes job
start listen on 10.110.42.71:38113
@tracker All of 1 nodes getting started
@tracker All nodes finishes job
Trial 515 finished with value: 0.9097833333333334 and parameters: {'tree_method': 'gpu_hist', 'lambda': 0.00021894652933318883, 'alpha': 0.0006655127134668335, 'colsample_bytree': 0.4880045535562044, 'subsample': 0.7840828359347815, 'learning_rate': 0.06324799350914885, 'max_depth': 7, 'min_child_weight': 11, 'eval_metric': 'logloss'}. Best is trial 478 with value: 0.91195.
start listen on 10.110.42.71:38011
@tracker All of 1 nodes getting started
@tracker All nodes finishes job
start listen on 10.110.42.71:56043
@tracker All of 1 nodes getting started
@tracker All nodes finishes job
start listen on 10.110.42.71:51239
@tracker All of 1 nodes getting started
@tracker All nodes finishes job
start listen on 10.110.42.71:47601
@tracker All of 1 nodes getting started
@tracker All nodes finishes job
start listen on 10.110.42.71:51171
@tracker All of 1 nodes getting started
@tracker All nodes finishes job
Trial 516 finished with value: 0.91045 and parameters: {'tree_method': 'gpu_hist', 'lambda': 0.00018865107532220647, 'alpha': 0.0005612890978137698, 'colsample_bytree': 0.46709114542279345, 'subsample': 0.7909295933290853, 'learning_rate': 0.057539889359367304, 'max_depth': 7, 'min_child_weight': 7, 'eval_metric': 'logloss'}. Best is trial 478 with value: 0.91195.
start listen on 10.110.42.71:44189
@tracker All of 1 nodes getting started
@tracker All nodes finishes job
start listen on 10.110.42.71:38225
@tracker All of 1 nodes getting started
@tracker All nodes finishes job
start listen on 10.110.42.71:39937
@tracker All of 1 nodes getting started
@tracker All nodes finishes job
start listen on 10.110.42.71:57497
@tracker All of 1 nodes getting started
@tracker All nodes finishes job
start listen on 10.110.42.71:55945
@tracker All of 1 nodes getting started
@tracker All nodes finishes job
Trial 517 finished with value: 0.9106166666666666 and parameters: {'tree_method': 'gpu_hist', 'lambda': 0.00017258578393456763, 'alpha': 0.0001641919605643884, 'colsample_bytree': 0.4820303376568932, 'subsample': 0.7718336650528475, 'learning_rate': 0.0687187155068055, 'max_depth': 7, 'min_child_weight': 1, 'eval_metric': 'logloss'}. Best is trial 478 with value: 0.91195.
start listen on 10.110.42.71:53353
@tracker All of 1 nodes getting started
@tracker All nodes finishes job
start listen on 10.110.42.71:50989
@tracker All of 1 nodes getting started
@tracker All nodes finishes job
start listen on 10.110.42.71:39209
@tracker All of 1 nodes getting started
@tracker All nodes finishes job
start listen on 10.110.42.71:56047
@tracker All of 1 nodes getting started
@tracker All nodes finishes job
start listen on 10.110.42.71:35801
@tracker All of 1 nodes getting started
@tracker All nodes finishes job
Trial 518 finished with value: 0.9090666666666667 and parameters: {'tree_method': 'gpu_hist', 'lambda': 0.0002268164476336534, 'alpha': 0.00022416154144135162, 'colsample_bytree': 0.5056801659305407, 'subsample': 0.760315974475784, 'learning_rate': 0.07334218498898311, 'max_depth': 7, 'min_child_weight': 12, 'eval_metric': 'logloss'}. Best is trial 478 with value: 0.91195.
start listen on 10.110.42.71:49235
@tracker All of 1 nodes getting started
@tracker All nodes finishes job
start listen on 10.110.42.71:58399
@tracker All of 1 nodes getting started
@tracker All nodes finishes job
start listen on 10.110.42.71:60173
@tracker All of 1 nodes getting started
@tracker All nodes finishes job
start listen on 10.110.42.71:57879
@tracker All of 1 nodes getting started
@tracker All nodes finishes job
start listen on 10.110.42.71:51777
@tracker All of 1 nodes getting started
@tracker All nodes finishes job
Trial 519 finished with value: 0.9052166666666667 and parameters: {'tree_method': 'gpu_hist', 'lambda': 0.00012388346270501258, 'alpha': 0.00043859655491197095, 'colsample_bytree': 0.45250278138903005, 'subsample': 0.7836336017179907, 'learning_rate': 0.06467573985729469, 'max_depth': 7, 'min_child_weight': 48, 'eval_metric': 'logloss'}. Best is trial 478 with value: 0.91195.
start listen on 10.110.42.71:33441
@tracker All of 1 nodes getting started
@tracker All nodes finishes job
start listen on 10.110.42.71:54005
@tracker All of 1 nodes getting started
@tracker All nodes finishes job
start listen on 10.110.42.71:60761
@tracker All of 1 nodes getting started
@tracker All nodes finishes job
start listen on 10.110.42.71:55013
@tracker All of 1 nodes getting started
@tracker All nodes finishes job
start listen on 10.110.42.71:59967
@tracker All of 1 nodes getting started
@tracker All nodes finishes job
Trial 520 finished with value: 0.9104 and parameters: {'tree_method': 'gpu_hist', 'lambda': 0.0030278214836831673, 'alpha': 0.000889332248556977, 'colsample_bytree': 0.45539490553824175, 'subsample': 0.769270347743528, 'learning_rate': 0.07426585929545466, 'max_depth': 7, 'min_child_weight': 6, 'eval_metric': 'logloss'}. Best is trial 478 with value: 0.91195.
start listen on 10.110.42.71:59203
@tracker All of 1 nodes getting started
@tracker All nodes finishes job
start listen on 10.110.42.71:50877
@tracker All of 1 nodes getting started
@tracker All nodes finishes job
start listen on 10.110.42.71:39033
@tracker All of 1 nodes getting started
@tracker All nodes finishes job
start listen on 10.110.42.71:60145
@tracker All of 1 nodes getting started
@tracker All nodes finishes job
start listen on 10.110.42.71:60945
@tracker All of 1 nodes getting started
@tracker All nodes finishes job
Trial 521 finished with value: 0.9050166666666667 and parameters: {'tree_method': 'gpu_hist', 'lambda': 0.0001497484913203034, 'alpha': 0.00030917135650954114, 'colsample_bytree': 0.4672308767016715, 'subsample': 0.7540730114256692, 'learning_rate': 0.02107452810508403, 'max_depth': 13, 'min_child_weight': 1, 'eval_metric': 'logloss'}. Best is trial 478 with value: 0.91195.
start listen on 10.110.42.71:41837
@tracker All of 1 nodes getting started
@tracker All nodes finishes job
start listen on 10.110.42.71:39897
@tracker All of 1 nodes getting started
@tracker All nodes finishes job
start listen on 10.110.42.71:42483
@tracker All of 1 nodes getting started
@tracker All nodes finishes job
start listen on 10.110.42.71:57193
@tracker All of 1 nodes getting started
@tracker All nodes finishes job
start listen on 10.110.42.71:46313
@tracker All of 1 nodes getting started
@tracker All nodes finishes job
Trial 522 finished with value: 0.9095666666666666 and parameters: {'tree_method': 'gpu_hist', 'lambda': 0.00020476597494100866, 'alpha': 0.0003946084617468461, 'colsample_bytree': 0.49382100865713535, 'subsample': 0.7922328770494157, 'learning_rate': 0.07122375914786444, 'max_depth': 7, 'min_child_weight': 20, 'eval_metric': 'logloss'}. Best is trial 478 with value: 0.91195.
start listen on 10.110.42.71:48721
@tracker All of 1 nodes getting started
@tracker All nodes finishes job
start listen on 10.110.42.71:44231
@tracker All of 1 nodes getting started
@tracker All nodes finishes job
start listen on 10.110.42.71:35275
@tracker All of 1 nodes getting started
@tracker All nodes finishes job
start listen on 10.110.42.71:43569
@tracker All of 1 nodes getting started
@tracker All nodes finishes job
start listen on 10.110.42.71:45929
@tracker All of 1 nodes getting started
@tracker All nodes finishes job
Trial 523 finished with value: 0.9085 and parameters: {'tree_method': 'gpu_hist', 'lambda': 0.00010002617522982153, 'alpha': 0.0005662873618434824, 'colsample_bytree': 0.4762838056963222, 'subsample': 0.7754125692506346, 'learning_rate': 0.07836300416101133, 'max_depth': 20, 'min_child_weight': 7, 'eval_metric': 'logloss'}. Best is trial 478 with value: 0.91195.
start listen on 10.110.42.71:55871
@tracker All of 1 nodes getting started
@tracker All nodes finishes job
start listen on 10.110.42.71:54307
@tracker All of 1 nodes getting started
@tracker All nodes finishes job
start listen on 10.110.42.71:40931
@tracker All of 1 nodes getting started
@tracker All nodes finishes job
start listen on 10.110.42.71:47177
@tracker All of 1 nodes getting started
@tracker All nodes finishes job
start listen on 10.110.42.71:59605
@tracker All of 1 nodes getting started
@tracker All nodes finishes job
Trial 524 finished with value: 0.9004666666666666 and parameters: {'tree_method': 'gpu_hist', 'lambda': 0.0001338076440553017, 'alpha': 0.0002477777852077877, 'colsample_bytree': 0.4423938279764389, 'subsample': 0.7528773517166748, 'learning_rate': 0.08068996157367307, 'max_depth': 7, 'min_child_weight': 95, 'eval_metric': 'logloss'}. Best is trial 478 with value: 0.91195.
start listen on 10.110.42.71:40697
@tracker All of 1 nodes getting started
@tracker All nodes finishes job
start listen on 10.110.42.71:55613
@tracker All of 1 nodes getting started
@tracker All nodes finishes job
start listen on 10.110.42.71:55477
@tracker All of 1 nodes getting started
@tracker All nodes finishes job
start listen on 10.110.42.71:49537
@tracker All of 1 nodes getting started
@tracker All nodes finishes job
start listen on 10.110.42.71:43763
@tracker All of 1 nodes getting started
@tracker All nodes finishes job
Trial 525 finished with value: 0.90725 and parameters: {'tree_method': 'gpu_hist', 'lambda': 0.00017391029160676697, 'alpha': 0.000353389718364639, 'colsample_bytree': 0.41894208880628975, 'subsample': 0.804372300131537, 'learning_rate': 0.08571670662925553, 'max_depth': 7, 'min_child_weight': 34, 'eval_metric': 'logloss'}. Best is trial 478 with value: 0.91195.
start listen on 10.110.42.71:37803
@tracker All of 1 nodes getting started
@tracker All nodes finishes job
start listen on 10.110.42.71:59177
@tracker All of 1 nodes getting started
@tracker All nodes finishes job
start listen on 10.110.42.71:36315
@tracker All of 1 nodes getting started
@tracker All nodes finishes job
start listen on 10.110.42.71:48805
@tracker All of 1 nodes getting started
@tracker All nodes finishes job
start listen on 10.110.42.71:54533
@tracker All of 1 nodes getting started
@tracker All nodes finishes job
Trial 526 finished with value: 0.9095666666666666 and parameters: {'tree_method': 'gpu_hist', 'lambda': 0.00024227855535257362, 'alpha': 0.00046922162694606177, 'colsample_bytree': 0.45410513512159095, 'subsample': 0.7421014405430656, 'learning_rate': 0.06475611390589446, 'max_depth': 7, 'min_child_weight': 15, 'eval_metric': 'logloss'}. Best is trial 478 with value: 0.91195.
start listen on 10.110.42.71:52835
@tracker All of 1 nodes getting started
@tracker All nodes finishes job
start listen on 10.110.42.71:37821
@tracker All of 1 nodes getting started
@tracker All nodes finishes job
start listen on 10.110.42.71:52847
@tracker All of 1 nodes getting started
@tracker All nodes finishes job
start listen on 10.110.42.71:37925
@tracker All of 1 nodes getting started
@tracker All nodes finishes job
start listen on 10.110.42.71:35347
@tracker All of 1 nodes getting started
@tracker All nodes finishes job
Trial 527 finished with value: 0.9065 and parameters: {'tree_method': 'gpu_hist', 'lambda': 0.0001257351437774802, 'alpha': 0.00019229825982066084, 'colsample_bytree': 0.43784078723854225, 'subsample': 0.772467598461182, 'learning_rate': 0.09995131556287684, 'max_depth': 17, 'min_child_weight': 1, 'eval_metric': 'logloss'}. Best is trial 478 with value: 0.91195.
start listen on 10.110.42.71:41459
@tracker All of 1 nodes getting started
@tracker All nodes finishes job
start listen on 10.110.42.71:45157
@tracker All of 1 nodes getting started
@tracker All nodes finishes job
start listen on 10.110.42.71:52811
@tracker All of 1 nodes getting started
@tracker All nodes finishes job
start listen on 10.110.42.71:39303
@tracker All of 1 nodes getting started
@tracker All nodes finishes job
start listen on 10.110.42.71:46093
@tracker All of 1 nodes getting started
@tracker All nodes finishes job
