Trial 1080 finished with value: 0.9019 and parameters: {'tree_method': 'gpu_hist', 'lambda': 0.0003110098964617123, 'alpha': 0.8220532526458836, 'colsample_bytree': 0.43913827445077125, 'subsample': 0.7334604357430559, 'learning_rate': 0.08621336770775685, 'max_depth': 3, 'min_child_weight': 24, 'eval_metric': 'logloss'}. Best is trial 478 with value: 0.91195.
start listen on 10.110.42.71:42667
@tracker All of 1 nodes getting started
@tracker All nodes finishes job
start listen on 10.110.42.71:36957
@tracker All of 1 nodes getting started
@tracker All nodes finishes job
start listen on 10.110.42.71:59999
@tracker All of 1 nodes getting started
@tracker All nodes finishes job
start listen on 10.110.42.71:37397
@tracker All of 1 nodes getting started
@tracker All nodes finishes job
start listen on 10.110.42.71:35257
@tracker All of 1 nodes getting started
@tracker All nodes finishes job
Trial 1081 finished with value: 0.9107833333333333 and parameters: {'tree_method': 'gpu_hist', 'lambda': 0.023921021639989576, 'alpha': 0.0001991996500012741, 'colsample_bytree': 0.6115269461083594, 'subsample': 0.7141510148197022, 'learning_rate': 0.09310995017459621, 'max_depth': 7, 'min_child_weight': 1, 'eval_metric': 'logloss'}. Best is trial 478 with value: 0.91195.
start listen on 10.110.42.71:50407
@tracker All of 1 nodes getting started
@tracker All nodes finishes job
start listen on 10.110.42.71:40247
@tracker All of 1 nodes getting started
@tracker All nodes finishes job
start listen on 10.110.42.71:52919
@tracker All of 1 nodes getting started
@tracker All nodes finishes job
start listen on 10.110.42.71:34305
@tracker All of 1 nodes getting started
@tracker All nodes finishes job
start listen on 10.110.42.71:51151
@tracker All of 1 nodes getting started
@tracker All nodes finishes job
Trial 1082 finished with value: 0.9098166666666667 and parameters: {'tree_method': 'gpu_hist', 'lambda': 0.00021487194368115893, 'alpha': 0.00026419085577952854, 'colsample_bytree': 0.41416609666801285, 'subsample': 0.7966212803965493, 'learning_rate': 0.07582138801819657, 'max_depth': 9, 'min_child_weight': 11, 'eval_metric': 'logloss'}. Best is trial 478 with value: 0.91195.
start listen on 10.110.42.71:39425
@tracker All of 1 nodes getting started
@tracker All nodes finishes job
start listen on 10.110.42.71:58845
@tracker All of 1 nodes getting started
@tracker All nodes finishes job
start listen on 10.110.42.71:33191
@tracker All of 1 nodes getting started
@tracker All nodes finishes job
start listen on 10.110.42.71:46349
@tracker All of 1 nodes getting started
@tracker All nodes finishes job
start listen on 10.110.42.71:45645
@tracker All of 1 nodes getting started
@tracker All nodes finishes job
Trial 1083 finished with value: 0.8912166666666667 and parameters: {'tree_method': 'gpu_hist', 'lambda': 0.0001719946112712898, 'alpha': 0.0004528411210829685, 'colsample_bytree': 0.42579284634035325, 'subsample': 0.8008225493520976, 'learning_rate': 0.007975528394632725, 'max_depth': 7, 'min_child_weight': 19, 'eval_metric': 'logloss'}. Best is trial 478 with value: 0.91195.
start listen on 10.110.42.71:56945
@tracker All of 1 nodes getting started
@tracker All nodes finishes job
start listen on 10.110.42.71:44469
@tracker All of 1 nodes getting started
@tracker All nodes finishes job
start listen on 10.110.42.71:43061
@tracker All of 1 nodes getting started
@tracker All nodes finishes job
start listen on 10.110.42.71:53137
@tracker All of 1 nodes getting started
@tracker All nodes finishes job
start listen on 10.110.42.71:39773
@tracker All of 1 nodes getting started
@tracker All nodes finishes job
Trial 1084 finished with value: 0.9094166666666667 and parameters: {'tree_method': 'gpu_hist', 'lambda': 0.00048587581092273606, 'alpha': 0.00013226892574916144, 'colsample_bytree': 0.4012632126067202, 'subsample': 0.8129395061974548, 'learning_rate': 0.0691750443785372, 'max_depth': 7, 'min_child_weight': 6, 'eval_metric': 'logloss'}. Best is trial 478 with value: 0.91195.
start listen on 10.110.42.71:48603
@tracker All of 1 nodes getting started
@tracker All nodes finishes job
start listen on 10.110.42.71:59973
@tracker All of 1 nodes getting started
@tracker All nodes finishes job
start listen on 10.110.42.71:34565
@tracker All of 1 nodes getting started
@tracker All nodes finishes job
start listen on 10.110.42.71:37765
@tracker All of 1 nodes getting started
@tracker All nodes finishes job
start listen on 10.110.42.71:47107
@tracker All of 1 nodes getting started
@tracker All nodes finishes job
Trial 1085 finished with value: 0.9 and parameters: {'tree_method': 'gpu_hist', 'lambda': 0.00012328787721498725, 'alpha': 0.0016014317419936557, 'colsample_bytree': 0.3683591049081846, 'subsample': 0.7570595839906631, 'learning_rate': 0.09952362534959534, 'max_depth': 15, 'min_child_weight': 114, 'eval_metric': 'logloss'}. Best is trial 478 with value: 0.91195.
start listen on 10.110.42.71:57253
@tracker All of 1 nodes getting started
@tracker All nodes finishes job
start listen on 10.110.42.71:58177
@tracker All of 1 nodes getting started
@tracker All nodes finishes job
start listen on 10.110.42.71:45907
@tracker All of 1 nodes getting started
@tracker All nodes finishes job
start listen on 10.110.42.71:56527
@tracker All of 1 nodes getting started
@tracker All nodes finishes job
start listen on 10.110.42.71:54845
@tracker All of 1 nodes getting started
@tracker All nodes finishes job
Trial 1086 finished with value: 0.9105666666666666 and parameters: {'tree_method': 'gpu_hist', 'lambda': 0.00015404778991798425, 'alpha': 0.0003134712022474048, 'colsample_bytree': 0.4552098654352145, 'subsample': 0.7471869940265348, 'learning_rate': 0.08321286795151875, 'max_depth': 7, 'min_child_weight': 7, 'eval_metric': 'logloss'}. Best is trial 478 with value: 0.91195.
start listen on 10.110.42.71:60259
@tracker All of 1 nodes getting started
@tracker All nodes finishes job
start listen on 10.110.42.71:37145
@tracker All of 1 nodes getting started
@tracker All nodes finishes job
start listen on 10.110.42.71:36797
@tracker All of 1 nodes getting started
@tracker All nodes finishes job
start listen on 10.110.42.71:60797
@tracker All of 1 nodes getting started
@tracker All nodes finishes job
start listen on 10.110.42.71:55229
@tracker All of 1 nodes getting started
@tracker All nodes finishes job
Trial 1087 finished with value: 0.9107 and parameters: {'tree_method': 'gpu_hist', 'lambda': 0.00010000498397913296, 'alpha': 0.00015610788834782163, 'colsample_bytree': 0.3383117032103738, 'subsample': 0.765489332015983, 'learning_rate': 0.09250963463024131, 'max_depth': 7, 'min_child_weight': 1, 'eval_metric': 'logloss'}. Best is trial 478 with value: 0.91195.
start listen on 10.110.42.71:49929
@tracker All of 1 nodes getting started
@tracker All nodes finishes job
start listen on 10.110.42.71:49365
@tracker All of 1 nodes getting started
@tracker All nodes finishes job
start listen on 10.110.42.71:58507
@tracker All of 1 nodes getting started
@tracker All nodes finishes job
start listen on 10.110.42.71:48153
@tracker All of 1 nodes getting started
@tracker All nodes finishes job
start listen on 10.110.42.71:45431
@tracker All of 1 nodes getting started
@tracker All nodes finishes job
Trial 1088 finished with value: 0.9094166666666667 and parameters: {'tree_method': 'gpu_hist', 'lambda': 0.0002634553326237863, 'alpha': 0.0001999519559347048, 'colsample_bytree': 0.41197147427528574, 'subsample': 0.836132541534962, 'learning_rate': 0.07712776688921852, 'max_depth': 7, 'min_child_weight': 14, 'eval_metric': 'logloss'}. Best is trial 478 with value: 0.91195.
start listen on 10.110.42.71:50955
@tracker All of 1 nodes getting started
@tracker All nodes finishes job
start listen on 10.110.42.71:36603
@tracker All of 1 nodes getting started
@tracker All nodes finishes job
start listen on 10.110.42.71:42799
@tracker All of 1 nodes getting started
@tracker All nodes finishes job
start listen on 10.110.42.71:35675
@tracker All of 1 nodes getting started
@tracker All nodes finishes job
start listen on 10.110.42.71:51113
@tracker All of 1 nodes getting started
@tracker All nodes finishes job
Trial 1089 finished with value: 0.9100666666666667 and parameters: {'tree_method': 'gpu_hist', 'lambda': 0.010797925836456206, 'alpha': 0.00025014752159030945, 'colsample_bytree': 0.3845303850927354, 'subsample': 0.7330959017458532, 'learning_rate': 0.08516198131673325, 'max_depth': 7, 'min_child_weight': 7, 'eval_metric': 'logloss'}. Best is trial 478 with value: 0.91195.
start listen on 10.110.42.71:55225
@tracker All of 1 nodes getting started
@tracker All nodes finishes job
start listen on 10.110.42.71:49941
@tracker All of 1 nodes getting started
@tracker All nodes finishes job
start listen on 10.110.42.71:39173
@tracker All of 1 nodes getting started
@tracker All nodes finishes job
start listen on 10.110.42.71:49677
@tracker All of 1 nodes getting started
@tracker All nodes finishes job
start listen on 10.110.42.71:56445
@tracker All of 1 nodes getting started
@tracker All nodes finishes job
Trial 1090 finished with value: 0.9111666666666667 and parameters: {'tree_method': 'gpu_hist', 'lambda': 0.00018824427970443654, 'alpha': 0.00036559338935716423, 'colsample_bytree': 0.4453970354695127, 'subsample': 0.7203587116361199, 'learning_rate': 0.08665552215130787, 'max_depth': 7, 'min_child_weight': 1, 'eval_metric': 'logloss'}. Best is trial 478 with value: 0.91195.
start listen on 10.110.42.71:59519
@tracker All of 1 nodes getting started
@tracker All nodes finishes job
start listen on 10.110.42.71:44709
@tracker All of 1 nodes getting started
@tracker All nodes finishes job
start listen on 10.110.42.71:60123
@tracker All of 1 nodes getting started
@tracker All nodes finishes job
start listen on 10.110.42.71:38029
@tracker All of 1 nodes getting started
@tracker All nodes finishes job
start listen on 10.110.42.71:58731
@tracker All of 1 nodes getting started
@tracker All nodes finishes job
Trial 1091 finished with value: 0.9095166666666666 and parameters: {'tree_method': 'gpu_hist', 'lambda': 0.0001437113577107034, 'alpha': 0.00045106566980059753, 'colsample_bytree': 0.4319095193431949, 'subsample': 0.7408720974200449, 'learning_rate': 0.0936610561301433, 'max_depth': 7, 'min_child_weight': 12, 'eval_metric': 'logloss'}. Best is trial 478 with value: 0.91195.
start listen on 10.110.42.71:47165
@tracker All of 1 nodes getting started
@tracker All nodes finishes job
start listen on 10.110.42.71:51655
@tracker All of 1 nodes getting started
@tracker All nodes finishes job
start listen on 10.110.42.71:59647
@tracker All of 1 nodes getting started
@tracker All nodes finishes job
start listen on 10.110.42.71:40103
@tracker All of 1 nodes getting started
@tracker All nodes finishes job
start listen on 10.110.42.71:58437
@tracker All of 1 nodes getting started
@tracker All nodes finishes job
Trial 1092 finished with value: 0.9103 and parameters: {'tree_method': 'gpu_hist', 'lambda': 0.00022626741979944441, 'alpha': 0.00011907531036842236, 'colsample_bytree': 0.3931889515049394, 'subsample': 0.8715963920755951, 'learning_rate': 0.06286703357146468, 'max_depth': 7, 'min_child_weight': 6, 'eval_metric': 'logloss'}. Best is trial 478 with value: 0.91195.
start listen on 10.110.42.71:50655
@tracker All of 1 nodes getting started
@tracker All nodes finishes job
start listen on 10.110.42.71:32815
@tracker All of 1 nodes getting started
@tracker All nodes finishes job
start listen on 10.110.42.71:59477
@tracker All of 1 nodes getting started
@tracker All nodes finishes job
start listen on 10.110.42.71:42083
@tracker All of 1 nodes getting started
@tracker All nodes finishes job
start listen on 10.110.42.71:36643
@tracker All of 1 nodes getting started
@tracker All nodes finishes job
Trial 1093 finished with value: 0.90855 and parameters: {'tree_method': 'gpu_hist', 'lambda': 0.0002937980149915242, 'alpha': 0.0003073334891806517, 'colsample_bytree': 0.3579467862572065, 'subsample': 0.7067720816458508, 'learning_rate': 0.08276722803286346, 'max_depth': 7, 'min_child_weight': 19, 'eval_metric': 'logloss'}. Best is trial 478 with value: 0.91195.
start listen on 10.110.42.71:57629
@tracker All of 1 nodes getting started
@tracker All nodes finishes job
start listen on 10.110.42.71:50647
@tracker All of 1 nodes getting started
@tracker All nodes finishes job
start listen on 10.110.42.71:39075
@tracker All of 1 nodes getting started
@tracker All nodes finishes job
start listen on 10.110.42.71:36491
@tracker All of 1 nodes getting started
@tracker All nodes finishes job
start listen on 10.110.42.71:44329
@tracker All of 1 nodes getting started
@tracker All nodes finishes job
Trial 1094 finished with value: 0.9109666666666667 and parameters: {'tree_method': 'gpu_hist', 'lambda': 0.00375725164177739, 'alpha': 0.0002303422237826889, 'colsample_bytree': 0.37578415780817054, 'subsample': 0.8903224908367862, 'learning_rate': 0.09934045787315984, 'max_depth': 7, 'min_child_weight': 1, 'eval_metric': 'logloss'}. Best is trial 478 with value: 0.91195.
start listen on 10.110.42.71:41141
@tracker All of 1 nodes getting started
@tracker All nodes finishes job
start listen on 10.110.42.71:45231
@tracker All of 1 nodes getting started
@tracker All nodes finishes job
start listen on 10.110.42.71:41307
@tracker All of 1 nodes getting started
@tracker All nodes finishes job
start listen on 10.110.42.71:49403
@tracker All of 1 nodes getting started
@tracker All nodes finishes job
start listen on 10.110.42.71:59345
@tracker All of 1 nodes getting started
@tracker All nodes finishes job
Trial 1095 finished with value: 0.9053166666666667 and parameters: {'tree_method': 'gpu_hist', 'lambda': 0.0001827039905127344, 'alpha': 0.004418248885888749, 'colsample_bytree': 0.458948450477192, 'subsample': 0.7490353211760414, 'learning_rate': 0.08222312830713288, 'max_depth': 13, 'min_child_weight': 48, 'eval_metric': 'logloss'}. Best is trial 478 with value: 0.91195.
start listen on 10.110.42.71:49965
@tracker All of 1 nodes getting started
@tracker All nodes finishes job
start listen on 10.110.42.71:60343
@tracker All of 1 nodes getting started
@tracker All nodes finishes job
start listen on 10.110.42.71:41119
@tracker All of 1 nodes getting started
@tracker All nodes finishes job
start listen on 10.110.42.71:47295
@tracker All of 1 nodes getting started
@tracker All nodes finishes job
start listen on 10.110.42.71:60231
@tracker All of 1 nodes getting started
@tracker All nodes finishes job
Trial 1096 finished with value: 0.8765 and parameters: {'tree_method': 'gpu_hist', 'lambda': 0.0001203386609187214, 'alpha': 0.0004888603422617267, 'colsample_bytree': 0.41932074485923254, 'subsample': 0.9167535449357632, 'learning_rate': 0.003181202540055403, 'max_depth': 7, 'min_child_weight': 11, 'eval_metric': 'logloss'}. Best is trial 478 with value: 0.91195.
start listen on 10.110.42.71:52861
@tracker All of 1 nodes getting started
@tracker All nodes finishes job
start listen on 10.110.42.71:40299
@tracker All of 1 nodes getting started
@tracker All nodes finishes job
start listen on 10.110.42.71:37235
@tracker All of 1 nodes getting started
@tracker All nodes finishes job
start listen on 10.110.42.71:39443
@tracker All of 1 nodes getting started
@tracker All nodes finishes job
start listen on 10.110.42.71:60321
@tracker All of 1 nodes getting started
@tracker All nodes finishes job
Trial 1097 finished with value: 0.9096 and parameters: {'tree_method': 'gpu_hist', 'lambda': 0.0003797873040629338, 'alpha': 0.00017517317482601378, 'colsample_bytree': 0.39993865629360253, 'subsample': 0.8225382047303774, 'learning_rate': 0.07172801104035091, 'max_depth': 7, 'min_child_weight': 7, 'eval_metric': 'logloss'}. Best is trial 478 with value: 0.91195.
start listen on 10.110.42.71:60745
@tracker All of 1 nodes getting started
@tracker All nodes finishes job
start listen on 10.110.42.71:50213
@tracker All of 1 nodes getting started
@tracker All nodes finishes job
start listen on 10.110.42.71:52501
@tracker All of 1 nodes getting started
@tracker All nodes finishes job
start listen on 10.110.42.71:40235
@tracker All of 1 nodes getting started
@tracker All nodes finishes job
start listen on 10.110.42.71:50577
@tracker All of 1 nodes getting started
@tracker All nodes finishes job
Trial 1098 finished with value: 0.9005666666666666 and parameters: {'tree_method': 'gpu_hist', 'lambda': 0.00014729360950471577, 'alpha': 0.0003331643593765323, 'colsample_bytree': 0.4353458355231556, 'subsample': 0.7275894645756473, 'learning_rate': 0.09985184395601673, 'max_depth': 20, 'min_child_weight': 97, 'eval_metric': 'logloss'}. Best is trial 478 with value: 0.91195.
start listen on 10.110.42.71:35279
@tracker All of 1 nodes getting started
@tracker All nodes finishes job
start listen on 10.110.42.71:48417
@tracker All of 1 nodes getting started
@tracker All nodes finishes job
start listen on 10.110.42.71:55739
@tracker All of 1 nodes getting started
@tracker All nodes finishes job
start listen on 10.110.42.71:56469
@tracker All of 1 nodes getting started
@tracker All nodes finishes job
start listen on 10.110.42.71:60533
@tracker All of 1 nodes getting started
@tracker All nodes finishes job
Trial 1099 finished with value: 0.9106333333333333 and parameters: {'tree_method': 'gpu_hist', 'lambda': 0.00024314778148587366, 'alpha': 0.00026236848280237096, 'colsample_bytree': 0.41610113222305806, 'subsample': 0.8595824002028004, 'learning_rate': 0.07412896432853676, 'max_depth': 7, 'min_child_weight': 1, 'eval_metric': 'logloss'}. Best is trial 478 with value: 0.91195.
start listen on 10.110.42.71:37177
@tracker All of 1 nodes getting started
@tracker All nodes finishes job
start listen on 10.110.42.71:40889
@tracker All of 1 nodes getting started
@tracker All nodes finishes job
start listen on 10.110.42.71:53433
@tracker All of 1 nodes getting started
@tracker All nodes finishes job
start listen on 10.110.42.71:58425
@tracker All of 1 nodes getting started
@tracker All nodes finishes job
start listen on 10.110.42.71:51599
@tracker All of 1 nodes getting started
@tracker All nodes finishes job
Trial 1100 finished with value: 0.9080333333333334 and parameters: {'tree_method': 'gpu_hist', 'lambda': 0.00017448359982565618, 'alpha': 0.0003802252762480018, 'colsample_bytree': 0.5533212010076373, 'subsample': 0.7598258307780266, 'learning_rate': 0.09148713184186352, 'max_depth': 17, 'min_child_weight': 16, 'eval_metric': 'logloss'}. Best is trial 478 with value: 0.91195.
start listen on 10.110.42.71:46615
@tracker All of 1 nodes getting started
@tracker All nodes finishes job
start listen on 10.110.42.71:33695
@tracker All of 1 nodes getting started
@tracker All nodes finishes job
start listen on 10.110.42.71:39279
@tracker All of 1 nodes getting started
@tracker All nodes finishes job
start listen on 10.110.42.71:35069
@tracker All of 1 nodes getting started
@tracker All nodes finishes job
start listen on 10.110.42.71:60091
@tracker All of 1 nodes getting started
@tracker All nodes finishes job
Trial 1101 finished with value: 0.9071333333333333 and parameters: {'tree_method': 'gpu_hist', 'lambda': 0.0002106023148129612, 'alpha': 0.000140308621200692, 'colsample_bytree': 0.40597846768169293, 'subsample': 0.9596849457228128, 'learning_rate': 0.07828266887121602, 'max_depth': 7, 'min_child_weight': 31, 'eval_metric': 'logloss'}. Best is trial 478 with value: 0.91195.
start listen on 10.110.42.71:35221
@tracker All of 1 nodes getting started
@tracker All nodes finishes job
start listen on 10.110.42.71:38239
@tracker All of 1 nodes getting started
@tracker All nodes finishes job
start listen on 10.110.42.71:51437
@tracker All of 1 nodes getting started
@tracker All nodes finishes job
start listen on 10.110.42.71:46487
@tracker All of 1 nodes getting started
@tracker All nodes finishes job
start listen on 10.110.42.71:45841
@tracker All of 1 nodes getting started
@tracker All nodes finishes job
