Trial 696 finished with value: 0.9098166666666667 and parameters: {'tree_method': 'gpu_hist', 'lambda': 0.00010005786572755016, 'alpha': 0.00031656619643089423, 'colsample_bytree': 0.6487321315138274, 'subsample': 0.7135096287357108, 'learning_rate': 0.09201987074904303, 'max_depth': 7, 'min_child_weight': 11, 'eval_metric': 'logloss'}. Best is trial 478 with value: 0.91195.
start listen on 10.110.42.71:39581
@tracker All of 1 nodes getting started
@tracker All nodes finishes job
start listen on 10.110.42.71:39299
@tracker All of 1 nodes getting started
@tracker All nodes finishes job
start listen on 10.110.42.71:43771
@tracker All of 1 nodes getting started
@tracker All nodes finishes job
start listen on 10.110.42.71:46825
@tracker All of 1 nodes getting started
@tracker All nodes finishes job
start listen on 10.110.42.71:58847
@tracker All of 1 nodes getting started
@tracker All nodes finishes job
Trial 697 finished with value: 0.8857666666666667 and parameters: {'tree_method': 'gpu_hist', 'lambda': 0.00010083066988691288, 'alpha': 0.0004183095699483253, 'colsample_bytree': 0.43197599087626387, 'subsample': 0.7746943773173715, 'learning_rate': 0.08546771691696856, 'max_depth': 7, 'min_child_weight': 299, 'eval_metric': 'logloss'}. Best is trial 478 with value: 0.91195.
start listen on 10.110.42.71:48809
@tracker All of 1 nodes getting started
@tracker All nodes finishes job
start listen on 10.110.42.71:50473
@tracker All of 1 nodes getting started
@tracker All nodes finishes job
start listen on 10.110.42.71:60259
@tracker All of 1 nodes getting started
@tracker All nodes finishes job
start listen on 10.110.42.71:41297
@tracker All of 1 nodes getting started
@tracker All nodes finishes job
start listen on 10.110.42.71:34233
@tracker All of 1 nodes getting started
@tracker All nodes finishes job
Trial 698 finished with value: 0.8946333333333333 and parameters: {'tree_method': 'gpu_hist', 'lambda': 0.00014359464955964333, 'alpha': 0.0010491866528962188, 'colsample_bytree': 0.45451436405559026, 'subsample': 0.7296100896169786, 'learning_rate': 0.004141872979541792, 'max_depth': 15, 'min_child_weight': 6, 'eval_metric': 'logloss'}. Best is trial 478 with value: 0.91195.
start listen on 10.110.42.71:57399
@tracker All of 1 nodes getting started
@tracker All nodes finishes job
start listen on 10.110.42.71:58473
@tracker All of 1 nodes getting started
@tracker All nodes finishes job
start listen on 10.110.42.71:57221
@tracker All of 1 nodes getting started
@tracker All nodes finishes job
start listen on 10.110.42.71:37979
@tracker All of 1 nodes getting started
@tracker All nodes finishes job
start listen on 10.110.42.71:49817
@tracker All of 1 nodes getting started
@tracker All nodes finishes job
Trial 699 finished with value: 0.8876833333333334 and parameters: {'tree_method': 'gpu_hist', 'lambda': 0.0001819598608258529, 'alpha': 0.0003412553494743361, 'colsample_bytree': 0.40535444490857325, 'subsample': 0.7557459031423797, 'learning_rate': 0.07011187944124508, 'max_depth': 7, 'min_child_weight': 260, 'eval_metric': 'logloss'}. Best is trial 478 with value: 0.91195.
start listen on 10.110.42.71:60265
@tracker All of 1 nodes getting started
@tracker All nodes finishes job
start listen on 10.110.42.71:37351
@tracker All of 1 nodes getting started
@tracker All nodes finishes job
start listen on 10.110.42.71:49509
@tracker All of 1 nodes getting started
@tracker All nodes finishes job
start listen on 10.110.42.71:43181
@tracker All of 1 nodes getting started
@tracker All nodes finishes job
start listen on 10.110.42.71:39429
@tracker All of 1 nodes getting started
@tracker All nodes finishes job
Trial 700 finished with value: 0.9114833333333333 and parameters: {'tree_method': 'gpu_hist', 'lambda': 0.0001255460913787725, 'alpha': 0.000532902814710111, 'colsample_bytree': 0.373121871019642, 'subsample': 0.7441098455035655, 'learning_rate': 0.09982139700897613, 'max_depth': 7, 'min_child_weight': 1, 'eval_metric': 'logloss'}. Best is trial 478 with value: 0.91195.
start listen on 10.110.42.71:47645
@tracker All of 1 nodes getting started
@tracker All nodes finishes job
start listen on 10.110.42.71:40155
@tracker All of 1 nodes getting started
@tracker All nodes finishes job
start listen on 10.110.42.71:51077
@tracker All of 1 nodes getting started
@tracker All nodes finishes job
start listen on 10.110.42.71:60985
@tracker All of 1 nodes getting started
@tracker All nodes finishes job
start listen on 10.110.42.71:51701
@tracker All of 1 nodes getting started
@tracker All nodes finishes job
Trial 701 finished with value: 0.9084833333333333 and parameters: {'tree_method': 'gpu_hist', 'lambda': 0.0001179439145713372, 'alpha': 0.0006661985185756292, 'colsample_bytree': 0.34006475139386616, 'subsample': 0.7426923398912322, 'learning_rate': 0.09942847585409728, 'max_depth': 7, 'min_child_weight': 18, 'eval_metric': 'logloss'}. Best is trial 478 with value: 0.91195.
start listen on 10.110.42.71:52767
@tracker All of 1 nodes getting started
@tracker All nodes finishes job
start listen on 10.110.42.71:53309
@tracker All of 1 nodes getting started
@tracker All nodes finishes job
start listen on 10.110.42.71:53997
@tracker All of 1 nodes getting started
@tracker All nodes finishes job
start listen on 10.110.42.71:48255
@tracker All of 1 nodes getting started
@tracker All nodes finishes job
start listen on 10.110.42.71:54127
@tracker All of 1 nodes getting started
@tracker All nodes finishes job
Trial 702 finished with value: 0.9096166666666666 and parameters: {'tree_method': 'gpu_hist', 'lambda': 0.00013149144844777524, 'alpha': 0.08639139596617867, 'colsample_bytree': 0.3551205944278126, 'subsample': 0.7310882827386527, 'learning_rate': 0.09955346259253478, 'max_depth': 7, 'min_child_weight': 7, 'eval_metric': 'logloss'}. Best is trial 478 with value: 0.91195.
start listen on 10.110.42.71:54733
@tracker All of 1 nodes getting started
@tracker All nodes finishes job
start listen on 10.110.42.71:60601
@tracker All of 1 nodes getting started
@tracker All nodes finishes job
start listen on 10.110.42.71:35825
@tracker All of 1 nodes getting started
@tracker All nodes finishes job
start listen on 10.110.42.71:54131
@tracker All of 1 nodes getting started
@tracker All nodes finishes job
start listen on 10.110.42.71:55351
@tracker All of 1 nodes getting started
@tracker All nodes finishes job
Trial 703 finished with value: 0.91055 and parameters: {'tree_method': 'gpu_hist', 'lambda': 0.00012419476848908064, 'alpha': 0.0008107869275126948, 'colsample_bytree': 0.37118100204559, 'subsample': 0.699450088713831, 'learning_rate': 0.09999084555036686, 'max_depth': 7, 'min_child_weight': 1, 'eval_metric': 'logloss'}. Best is trial 478 with value: 0.91195.
start listen on 10.110.42.71:39173
@tracker All of 1 nodes getting started
@tracker All nodes finishes job
start listen on 10.110.42.71:38941
@tracker All of 1 nodes getting started
@tracker All nodes finishes job
start listen on 10.110.42.71:37687
@tracker All of 1 nodes getting started
@tracker All nodes finishes job
start listen on 10.110.42.71:46773
@tracker All of 1 nodes getting started
@tracker All nodes finishes job
start listen on 10.110.42.71:33151
@tracker All of 1 nodes getting started
@tracker All nodes finishes job
Trial 704 finished with value: 0.90975 and parameters: {'tree_method': 'gpu_hist', 'lambda': 0.00014450245822992378, 'alpha': 0.0005617568582048763, 'colsample_bytree': 0.3562977182955794, 'subsample': 0.7540312772686298, 'learning_rate': 0.09177315192487519, 'max_depth': 7, 'min_child_weight': 12, 'eval_metric': 'logloss'}. Best is trial 478 with value: 0.91195.
start listen on 10.110.42.71:39021
@tracker All of 1 nodes getting started
@tracker All nodes finishes job
start listen on 10.110.42.71:45223
@tracker All of 1 nodes getting started
@tracker All nodes finishes job
start listen on 10.110.42.71:48961
@tracker All of 1 nodes getting started
@tracker All nodes finishes job
start listen on 10.110.42.71:55607
@tracker All of 1 nodes getting started
@tracker All nodes finishes job
start listen on 10.110.42.71:54339
@tracker All of 1 nodes getting started
@tracker All nodes finishes job
Trial 705 finished with value: 0.9097833333333334 and parameters: {'tree_method': 'gpu_hist', 'lambda': 0.00018532859425564053, 'alpha': 0.0004895704720869773, 'colsample_bytree': 0.32781875695216395, 'subsample': 0.7157531325324595, 'learning_rate': 0.09112800757278147, 'max_depth': 7, 'min_child_weight': 7, 'eval_metric': 'logloss'}. Best is trial 478 with value: 0.91195.
start listen on 10.110.42.71:49183
@tracker All of 1 nodes getting started
@tracker All nodes finishes job
start listen on 10.110.42.71:57307
@tracker All of 1 nodes getting started
@tracker All nodes finishes job
start listen on 10.110.42.71:42561
@tracker All of 1 nodes getting started
@tracker All nodes finishes job
start listen on 10.110.42.71:42767
@tracker All of 1 nodes getting started
@tracker All nodes finishes job
start listen on 10.110.42.71:54825
@tracker All of 1 nodes getting started
@tracker All nodes finishes job
Trial 706 finished with value: 0.90465 and parameters: {'tree_method': 'gpu_hist', 'lambda': 0.00011708583984124888, 'alpha': 0.001412809832527786, 'colsample_bytree': 0.3729875850548448, 'subsample': 0.7620756166573881, 'learning_rate': 0.09218792427310238, 'max_depth': 7, 'min_child_weight': 52, 'eval_metric': 'logloss'}. Best is trial 478 with value: 0.91195.
start listen on 10.110.42.71:42799
@tracker All of 1 nodes getting started
@tracker All nodes finishes job
start listen on 10.110.42.71:56147
@tracker All of 1 nodes getting started
@tracker All nodes finishes job
start listen on 10.110.42.71:48871
@tracker All of 1 nodes getting started
@tracker All nodes finishes job
start listen on 10.110.42.71:55389
@tracker All of 1 nodes getting started
@tracker All nodes finishes job
start listen on 10.110.42.71:48331
@tracker All of 1 nodes getting started
@tracker All nodes finishes job
Trial 707 finished with value: 0.9106166666666666 and parameters: {'tree_method': 'gpu_hist', 'lambda': 0.00010293250022461784, 'alpha': 0.0007001152046101123, 'colsample_bytree': 0.3846021116856462, 'subsample': 0.7496501735536926, 'learning_rate': 0.09982048288285042, 'max_depth': 7, 'min_child_weight': 1, 'eval_metric': 'logloss'}. Best is trial 478 with value: 0.91195.
start listen on 10.110.42.71:42043
@tracker All of 1 nodes getting started
@tracker All nodes finishes job
start listen on 10.110.42.71:38631
@tracker All of 1 nodes getting started
@tracker All nodes finishes job
start listen on 10.110.42.71:59531
@tracker All of 1 nodes getting started
@tracker All nodes finishes job
start listen on 10.110.42.71:58689
@tracker All of 1 nodes getting started
@tracker All nodes finishes job
start listen on 10.110.42.71:60863
@tracker All of 1 nodes getting started
@tracker All nodes finishes job
Trial 708 finished with value: 0.90895 and parameters: {'tree_method': 'gpu_hist', 'lambda': 2.950866411312167, 'alpha': 0.0005472831881104214, 'colsample_bytree': 0.44634559700650955, 'subsample': 0.7395284286780383, 'learning_rate': 0.08542816553533672, 'max_depth': 7, 'min_child_weight': 16, 'eval_metric': 'logloss'}. Best is trial 478 with value: 0.91195.
start listen on 10.110.42.71:37565
@tracker All of 1 nodes getting started
@tracker All nodes finishes job
start listen on 10.110.42.71:40451
@tracker All of 1 nodes getting started
@tracker All nodes finishes job
start listen on 10.110.42.71:39063
@tracker All of 1 nodes getting started
@tracker All nodes finishes job
start listen on 10.110.42.71:37693
@tracker All of 1 nodes getting started
@tracker All nodes finishes job
start listen on 10.110.42.71:40415
@tracker All of 1 nodes getting started
@tracker All nodes finishes job
Trial 709 finished with value: 0.9084833333333333 and parameters: {'tree_method': 'gpu_hist', 'lambda': 0.00015249002646399457, 'alpha': 0.0004826592446044694, 'colsample_bytree': 0.34817930364885885, 'subsample': 0.7260441931152877, 'learning_rate': 0.07910401445250867, 'max_depth': 20, 'min_child_weight': 10, 'eval_metric': 'logloss'}. Best is trial 478 with value: 0.91195.
start listen on 10.110.42.71:55391
@tracker All of 1 nodes getting started
@tracker All nodes finishes job
start listen on 10.110.42.71:41273
@tracker All of 1 nodes getting started
@tracker All nodes finishes job
start listen on 10.110.42.71:33457
@tracker All of 1 nodes getting started
@tracker All nodes finishes job
start listen on 10.110.42.71:35631
@tracker All of 1 nodes getting started
@tracker All nodes finishes job
start listen on 10.110.42.71:37237
@tracker All of 1 nodes getting started
@tracker All nodes finishes job
Trial 710 finished with value: 0.91135 and parameters: {'tree_method': 'gpu_hist', 'lambda': 0.00010161320551290737, 'alpha': 0.000710088207711686, 'colsample_bytree': 0.5016460222002, 'subsample': 0.9672558318469658, 'learning_rate': 0.09991170484155901, 'max_depth': 7, 'min_child_weight': 1, 'eval_metric': 'logloss'}. Best is trial 478 with value: 0.91195.
start listen on 10.110.42.71:40653
@tracker All of 1 nodes getting started
@tracker All nodes finishes job
start listen on 10.110.42.71:36569
@tracker All of 1 nodes getting started
@tracker All nodes finishes job
start listen on 10.110.42.71:40885
@tracker All of 1 nodes getting started
@tracker All nodes finishes job
start listen on 10.110.42.71:33099
@tracker All of 1 nodes getting started
@tracker All nodes finishes job
start listen on 10.110.42.71:50471
@tracker All of 1 nodes getting started
@tracker All nodes finishes job
Trial 711 finished with value: 0.90925 and parameters: {'tree_method': 'gpu_hist', 'lambda': 0.00010275532763820651, 'alpha': 0.0011369776217242228, 'colsample_bytree': 0.49236106569221416, 'subsample': 0.6885963033242126, 'learning_rate': 0.09972138765239294, 'max_depth': 13, 'min_child_weight': 7, 'eval_metric': 'logloss'}. Best is trial 478 with value: 0.91195.
start listen on 10.110.42.71:48439
@tracker All of 1 nodes getting started
@tracker All nodes finishes job
start listen on 10.110.42.71:46535
@tracker All of 1 nodes getting started
@tracker All nodes finishes job
start listen on 10.110.42.71:51109
@tracker All of 1 nodes getting started
@tracker All nodes finishes job
start listen on 10.110.42.71:60617
@tracker All of 1 nodes getting started
@tracker All nodes finishes job
start listen on 10.110.42.71:43395
@tracker All of 1 nodes getting started
@tracker All nodes finishes job
Trial 712 finished with value: 0.9068833333333334 and parameters: {'tree_method': 'gpu_hist', 'lambda': 0.00011735357671369931, 'alpha': 0.0008598129115329391, 'colsample_bytree': 0.49829750561759806, 'subsample': 0.7121308866036532, 'learning_rate': 0.05334278375108865, 'max_depth': 7, 'min_child_weight': 21, 'eval_metric': 'logloss'}. Best is trial 478 with value: 0.91195.
start listen on 10.110.42.71:36529
@tracker All of 1 nodes getting started
@tracker All nodes finishes job
start listen on 10.110.42.71:37611
@tracker All of 1 nodes getting started
@tracker All nodes finishes job
start listen on 10.110.42.71:39473
@tracker All of 1 nodes getting started
@tracker All nodes finishes job
start listen on 10.110.42.71:58169
@tracker All of 1 nodes getting started
@tracker All nodes finishes job
start listen on 10.110.42.71:49551
@tracker All of 1 nodes getting started
@tracker All nodes finishes job
Trial 713 finished with value: 0.86705 and parameters: {'tree_method': 'gpu_hist', 'lambda': 0.00012234325160363665, 'alpha': 0.0006951091836123964, 'colsample_bytree': 0.5004304193945267, 'subsample': 0.6651841358766194, 'learning_rate': 0.0010361484091331607, 'max_depth': 7, 'min_child_weight': 1, 'eval_metric': 'logloss'}. Best is trial 478 with value: 0.91195.
start listen on 10.110.42.71:53885
@tracker All of 1 nodes getting started
@tracker All nodes finishes job
start listen on 10.110.42.71:36115
@tracker All of 1 nodes getting started
@tracker All nodes finishes job
start listen on 10.110.42.71:44779
@tracker All of 1 nodes getting started
@tracker All nodes finishes job
start listen on 10.110.42.71:43901
@tracker All of 1 nodes getting started
@tracker All nodes finishes job
start listen on 10.110.42.71:47227
@tracker All of 1 nodes getting started
@tracker All nodes finishes job
Trial 714 finished with value: 0.9088333333333334 and parameters: {'tree_method': 'gpu_hist', 'lambda': 0.00013909991411837616, 'alpha': 0.0005851158779625981, 'colsample_bytree': 0.47117844788156726, 'subsample': 0.5984301776611084, 'learning_rate': 0.09995833612957618, 'max_depth': 7, 'min_child_weight': 14, 'eval_metric': 'logloss'}. Best is trial 478 with value: 0.91195.
start listen on 10.110.42.71:56139
@tracker All of 1 nodes getting started
@tracker All nodes finishes job
start listen on 10.110.42.71:60097
@tracker All of 1 nodes getting started
@tracker All nodes finishes job
start listen on 10.110.42.71:57175
@tracker All of 1 nodes getting started
@tracker All nodes finishes job
start listen on 10.110.42.71:55005
@tracker All of 1 nodes getting started
@tracker All nodes finishes job
start listen on 10.110.42.71:42201
@tracker All of 1 nodes getting started
@tracker All nodes finishes job
Trial 715 finished with value: 0.9104166666666667 and parameters: {'tree_method': 'gpu_hist', 'lambda': 0.00016848972024621035, 'alpha': 0.0003832643728275598, 'colsample_bytree': 0.5229047880131931, 'subsample': 0.9416273894340236, 'learning_rate': 0.09177015559854132, 'max_depth': 7, 'min_child_weight': 6, 'eval_metric': 'logloss'}. Best is trial 478 with value: 0.91195.
start listen on 10.110.42.71:43383
@tracker All of 1 nodes getting started
@tracker All nodes finishes job
start listen on 10.110.42.71:55085
@tracker All of 1 nodes getting started
@tracker All nodes finishes job
start listen on 10.110.42.71:35943
@tracker All of 1 nodes getting started
@tracker All nodes finishes job
start listen on 10.110.42.71:55673
@tracker All of 1 nodes getting started
@tracker All nodes finishes job
start listen on 10.110.42.71:55005
@tracker All of 1 nodes getting started
@tracker All nodes finishes job
Trial 716 finished with value: 0.9079166666666667 and parameters: {'tree_method': 'gpu_hist', 'lambda': 0.00010224609485919279, 'alpha': 0.0009441101287652621, 'colsample_bytree': 0.4779313931633663, 'subsample': 0.96390918196894, 'learning_rate': 0.08518421577607024, 'max_depth': 17, 'min_child_weight': 11, 'eval_metric': 'logloss'}. Best is trial 478 with value: 0.91195.
start listen on 10.110.42.71:56775
@tracker All of 1 nodes getting started
@tracker All nodes finishes job
start listen on 10.110.42.71:45159
@tracker All of 1 nodes getting started
@tracker All nodes finishes job
start listen on 10.110.42.71:50889
@tracker All of 1 nodes getting started
@tracker All nodes finishes job
start listen on 10.110.42.71:49155
@tracker All of 1 nodes getting started
@tracker All nodes finishes job
start listen on 10.110.42.71:59545
@tracker All of 1 nodes getting started
@tracker All nodes finishes job
Trial 717 finished with value: 0.91095 and parameters: {'tree_method': 'gpu_hist', 'lambda': 0.00010318036364766935, 'alpha': 0.0006557648476123868, 'colsample_bytree': 0.48824397206564457, 'subsample': 0.7421519198640436, 'learning_rate': 0.0999398263111543, 'max_depth': 7, 'min_child_weight': 1, 'eval_metric': 'logloss'}. Best is trial 478 with value: 0.91195.
start listen on 10.110.42.71:60891
@tracker All of 1 nodes getting started
@tracker All nodes finishes job
start listen on 10.110.42.71:54943
@tracker All of 1 nodes getting started
@tracker All nodes finishes job
start listen on 10.110.42.71:57009
@tracker All of 1 nodes getting started
@tracker All nodes finishes job
start listen on 10.110.42.71:52671
@tracker All of 1 nodes getting started
@tracker All nodes finishes job
start listen on 10.110.42.71:33905
@tracker All of 1 nodes getting started
@tracker All nodes finishes job
Trial 718 finished with value: 0.9015666666666666 and parameters: {'tree_method': 'gpu_hist', 'lambda': 0.00016884986784853638, 'alpha': 0.0005119819621561761, 'colsample_bytree': 0.4648619281826067, 'subsample': 0.9377896560010134, 'learning_rate': 0.09271885492759373, 'max_depth': 7, 'min_child_weight': 102, 'eval_metric': 'logloss'}. Best is trial 478 with value: 0.91195.
start listen on 10.110.42.71:47261
@tracker All of 1 nodes getting started
@tracker All nodes finishes job
start listen on 10.110.42.71:42433
@tracker All of 1 nodes getting started
@tracker All nodes finishes job
start listen on 10.110.42.71:52109
@tracker All of 1 nodes getting started
@tracker All nodes finishes job
start listen on 10.110.42.71:34535
@tracker All of 1 nodes getting started
@tracker All nodes finishes job
start listen on 10.110.42.71:40499
@tracker All of 1 nodes getting started
@tracker All nodes finishes job
Trial 719 finished with value: 0.90915 and parameters: {'tree_method': 'gpu_hist', 'lambda': 0.00014710608490290522, 'alpha': 0.0004310988646157429, 'colsample_bytree': 0.5125463522920799, 'subsample': 0.6848894306610358, 'learning_rate': 0.08583699092589171, 'max_depth': 11, 'min_child_weight': 6, 'eval_metric': 'logloss'}. Best is trial 478 with value: 0.91195.
start listen on 10.110.42.71:49533
@tracker All of 1 nodes getting started
@tracker All nodes finishes job
start listen on 10.110.42.71:53231
@tracker All of 1 nodes getting started
@tracker All nodes finishes job
start listen on 10.110.42.71:54823
@tracker All of 1 nodes getting started
@tracker All nodes finishes job
start listen on 10.110.42.71:55161
@tracker All of 1 nodes getting started
@tracker All nodes finishes job
start listen on 10.110.42.71:37831
@tracker All of 1 nodes getting started
@tracker All nodes finishes job
